2021-11-17 14:59:02,105 DEBUG [115250] [] Request URI : /eccadmin_dev/Menu
2021-11-17 14:59:02,147 DEBUG [115250] [] MenuController start
2021-11-17 14:59:02,169 DEBUG [115250] [] controllers/MenuController.php: is exist
2021-11-17 14:59:02,198 DEBUG [115250] [] MenuForm: is exist
2021-11-17 14:59:02,206 DEBUG [115250] [] MenuForm: form value set 
2021-11-17 14:59:02,207 DEBUG [115250] [] ------------------------------/eccadmin_dev/Menu
2021-11-17 14:59:02,207 DEBUG [115250] [] ------------------------------login_start_check
2021-11-17 14:59:02,207 DEBUG [115250] [] indexAction start
2021-11-17 14:59:02,208 DEBUG [115250] [] admin_no is 
2021-11-17 14:59:02,208 DEBUG [115250] [] indexAction end
2021-11-17 14:59:02,208 DEBUG [115250] [] MenuController end
2021-11-17 14:59:02,208 DEBUG [115250] [] finally
2021-11-17 14:59:02,236 DEBUG [115250] [] Request URI : /eccadmin_dev/Error/disp
2021-11-17 14:59:02,237 DEBUG [115250] [] ErrorController start
2021-11-17 14:59:02,237 DEBUG [115250] [] controllers/ErrorController.php: is exist
2021-11-17 14:59:02,237 DEBUG [115250] [] ErrorForm: is exist
2021-11-17 14:59:02,237 DEBUG [115250] [] ErrorForm: form value set 
2021-11-17 14:59:02,237 DEBUG [115250] [] ------------------------------/eccadmin_dev/Error/disp
2021-11-17 14:59:02,237 DEBUG [115250] [] ------------------------------login_start_check
2021-11-17 14:59:02,238 DEBUG [115250] [] dispAction start
2021-11-17 14:59:02,315 DEBUG [115250] [] dispAction end
2021-11-17 14:59:02,315 DEBUG [115250] [] ErrorController end
2021-11-17 14:59:02,316 DEBUG [115250] [] finally
2021-11-17 14:59:03,865 DEBUG [115016] [] Request URI : /eccadmin_dev/Login
2021-11-17 14:59:03,866 DEBUG [115016] [] LoginController start
2021-11-17 14:59:03,866 DEBUG [115016] [] controllers/LoginController.php: is exist
2021-11-17 14:59:03,866 DEBUG [115016] [] LoginForm: is exist
2021-11-17 14:59:03,866 DEBUG [115016] [] LoginForm: form value set 
2021-11-17 14:59:03,866 DEBUG [115016] [] ------------------------------/eccadmin_dev/Login
2021-11-17 14:59:03,866 DEBUG [115016] [] ------------------------------login_start_check
2021-11-17 14:59:03,866 DEBUG [115016] [] indexAction start
2021-11-17 14:59:03,875 DEBUG [115016] [] indexAction end
2021-11-17 14:59:03,876 DEBUG [115016] [] LoginController end
2021-11-17 14:59:03,876 DEBUG [115016] [] finally
2021-11-17 14:59:06,925 DEBUG [115192] [] Request URI : /eccadmin_dev/Login/login
2021-11-17 14:59:06,926 DEBUG [115192] [] LoginController start
2021-11-17 14:59:06,926 DEBUG [115192] [] controllers/LoginController.php: is exist
2021-11-17 14:59:06,926 DEBUG [115192] [] LoginForm: is exist
2021-11-17 14:59:06,926 DEBUG [115192] [] LoginForm: form value set 
2021-11-17 14:59:06,927 DEBUG [115192] [] ------------------------------/eccadmin_dev/Login/login
2021-11-17 14:59:06,927 DEBUG [115192] [] ------------------------------login_start_check
2021-11-17 14:59:06,927 DEBUG [115192] [] loginAction start
2021-11-17 14:59:07,271 DEBUG [115192] [] loginAction end
2021-11-17 14:59:07,272 DEBUG [115192] [] LoginController end
2021-11-17 14:59:07,272 DEBUG [115192] [] finally
2021-11-17 14:59:07,298 DEBUG [115192] [] Request URI : /eccadmin_dev/Menu
2021-11-17 14:59:07,298 DEBUG [115192] [] MenuController start
2021-11-17 14:59:07,298 DEBUG [115192] [] controllers/MenuController.php: is exist
2021-11-17 14:59:07,298 DEBUG [115192] [] MenuForm: is exist
2021-11-17 14:59:07,299 DEBUG [115192] [] MenuForm: form value set 
2021-11-17 14:59:07,299 DEBUG [115192] [] ------------------------------/eccadmin_dev/Menu
2021-11-17 14:59:07,299 DEBUG [115192] [] ------------------------------login_start_check
2021-11-17 14:59:07,299 DEBUG [115192] [] indexAction start
2021-11-17 14:59:07,299 DEBUG [115192] [] admin_no is 1
2021-11-17 14:59:07,372 DEBUG [115192] [] indexAction end
2021-11-17 14:59:07,372 DEBUG [115192] [] MenuController end
2021-11-17 14:59:07,372 DEBUG [115192] [] finally
2021-11-17 14:59:10,704 DEBUG [115076] [] Request URI : /eccadmin_dev/ReportList
2021-11-17 14:59:10,705 DEBUG [115076] [] ReportListController start
2021-11-17 14:59:10,705 DEBUG [115076] [] controllers/ReportListController.php: is exist
2021-11-17 14:59:10,705 DEBUG [115076] [] ReportListForm: is exist
2021-11-17 14:59:10,706 DEBUG [115076] [] ReportListForm: form value set 
2021-11-17 14:59:10,706 DEBUG [115076] [] ------------------------------/eccadmin_dev/ReportList
2021-11-17 14:59:10,706 DEBUG [115076] [] indexAction start
2021-11-17 14:59:10,707 DEBUG [115076] [] admin_no is 1
2021-11-17 14:59:10,788 DEBUG [115076] [] indexAction end
2021-11-17 14:59:10,788 DEBUG [115076] [] ReportListController end
2021-11-17 14:59:10,788 DEBUG [115076] [] finally
2021-11-17 14:59:20,077 DEBUG [115248] [] Request URI : /eccadmin_dev/ReportRegist/index
2021-11-17 14:59:20,078 DEBUG [115248] [] ReportRegistController start
2021-11-17 14:59:20,078 DEBUG [115248] [] controllers/ReportRegistController.php: is exist
2021-11-17 14:59:20,079 DEBUG [115248] [] ReportRegistForm: is exist
2021-11-17 14:59:20,079 DEBUG [115248] [] ReportRegistForm: form value set 
2021-11-17 14:59:20,080 DEBUG [115248] [] ------------------------------/eccadmin_dev/ReportRegist/index
2021-11-17 14:59:20,080 DEBUG [115248] [] ------------------------------session_check_true
2021-11-17 14:59:20,080 DEBUG [115248] [] indexAction start
2021-11-17 14:59:20,080 DEBUG [115248] [] admin_no is 1
2021-11-17 14:59:20,081 DEBUG [115248] [] org_no and report no ----------- SELECT  report_test.report_no ,report.report_name report_name  ,report.show_flg show_flg  ,report.file_name file_name  ,org.org_no  ,org.org_id org_id  ,org.org_name org_name  ,org.org_name_official org_name_official  FROM  T_REPORT_TEST_INFO report_test  LEFT JOIN M_ORGANIZATION as org 	ON report_test.org_no = org.org_no  LEFT JOIN T_REPORT AS report 	ON report_test.report_no = report.report_no  WHERE org.org_no=:org_no AND report.report_no=:report_no AND report.del_flg = '0'  AND report_test.del_flg = '0'  AND org.del_flg = '0' 
2021-11-17 14:59:20,081 DEBUG [115248] []  SELECT  report_test.report_no ,report.report_name report_name  ,report.show_flg show_flg  ,report.file_name file_name  ,org.org_no  ,org.org_id org_id  ,org.org_name org_name  ,org.org_name_official org_name_official  FROM  T_REPORT_TEST_INFO report_test  LEFT JOIN M_ORGANIZATION as org 	ON report_test.org_no = org.org_no  LEFT JOIN T_REPORT AS report 	ON report_test.report_no = report.report_no  WHERE org.org_no=:org_no AND report.report_no=:report_no AND report.del_flg = '0'  AND report_test.del_flg = '0'  AND org.del_flg = '0' 
2021-11-17 14:59:20,191 DEBUG [115248] [] indexAction end
2021-11-17 14:59:20,191 DEBUG [115248] [] ReportRegistController end
2021-11-17 14:59:20,191 DEBUG [115248] [] finally
2021-11-17 15:00:25,938 DEBUG [115169] [] Request URI : /eccadmin_dev/ReportRegist/save
2021-11-17 15:00:25,938 DEBUG [115169] [] ReportRegistController start
2021-11-17 15:00:25,938 DEBUG [115169] [] controllers/ReportRegistController.php: is exist
2021-11-17 15:00:25,939 DEBUG [115169] [] ReportRegistForm: is exist
2021-11-17 15:00:25,939 DEBUG [115169] [] ReportRegistForm: form value set 
2021-11-17 15:00:25,939 DEBUG [115169] [] ------------------------------/eccadmin_dev/ReportRegist/save
2021-11-17 15:00:25,939 DEBUG [115169] [] ------------------------------session_check_true
2021-11-17 15:00:25,939 DEBUG [115169] [] saveAction start
2021-11-17 15:00:25,956 DEBUG [115169] []  UPDATE  T_REPORT  SET report_name  = :report_name  ,file_name  = :file_name  ,show_flg  = :show_flg  ,update_dt   = :update_dt  ,updater_id  = :updater_id  WHERE  org_no = :org_no  AND report_no = :report_no  AND del_flg = '0' 
2021-11-17 15:00:25,956 DEBUG [115169] []  UPDATE  T_REPORT  SET report_name  = :report_name  ,file_name  = :file_name  ,show_flg  = :show_flg  ,update_dt   = :update_dt  ,updater_id  = :updater_id  WHERE  org_no = :org_no  AND report_no = :report_no  AND del_flg = '0' 
2021-11-17 15:00:26,000 DEBUG [115169] [] saveAction end
2021-11-17 15:00:26,001 DEBUG [115169] [] ReportRegistController end
2021-11-17 15:00:26,001 DEBUG [115169] [] finally
2021-11-17 15:00:28,951 DEBUG [115169] [] Request URI : /eccadmin_dev/ReportRegist/back
2021-11-17 15:00:28,952 DEBUG [115169] [] ReportRegistController start
2021-11-17 15:00:28,952 DEBUG [115169] [] controllers/ReportRegistController.php: is exist
2021-11-17 15:00:28,952 DEBUG [115169] [] ReportRegistForm: is exist
2021-11-17 15:00:28,952 DEBUG [115169] [] ReportRegistForm: form value set 
2021-11-17 15:00:28,953 DEBUG [115169] [] ------------------------------/eccadmin_dev/ReportRegist/back
2021-11-17 15:00:28,953 DEBUG [115169] [] ------------------------------session_check_true
2021-11-17 15:00:28,953 DEBUG [115169] [] backAction start
2021-11-17 15:00:28,953 DEBUG [115169] [] admin_no is 1
2021-11-17 15:00:28,953 DEBUG [115169] [] backAction end
2021-11-17 15:00:28,953 DEBUG [115169] [] ReportRegistController end
2021-11-17 15:00:28,953 DEBUG [115169] [] finally
2021-11-17 15:00:28,980 DEBUG [115169] [] Request URI : /eccadmin_dev/ReportList/Search
2021-11-17 15:00:28,980 DEBUG [115169] [] ReportListController start
2021-11-17 15:00:28,980 DEBUG [115169] [] controllers/ReportListController.php: is exist
2021-11-17 15:00:28,981 DEBUG [115169] [] ReportListForm: is exist
2021-11-17 15:00:28,981 DEBUG [115169] [] ReportListForm: form value set 
2021-11-17 15:00:28,981 DEBUG [115169] [] ------------------------------/eccadmin_dev/ReportList/Search
2021-11-17 15:00:28,981 DEBUG [115169] [] SearchAction start
2021-11-17 15:00:28,981 DEBUG [115169] [] --------back--------
2021-11-17 15:00:28,982 DEBUG [115169] [] admin_no is 1
2021-11-17 15:00:29,047 DEBUG [115169] [] SearchAction end
2021-11-17 15:00:29,047 DEBUG [115169] [] ReportListController end
2021-11-17 15:00:29,048 DEBUG [115169] [] finally
2021-11-17 15:00:30,848 DEBUG [115169] [] Request URI : /eccadmin_dev/ReportRegist/index
2021-11-17 15:00:30,848 DEBUG [115169] [] ReportRegistController start
2021-11-17 15:00:30,848 DEBUG [115169] [] controllers/ReportRegistController.php: is exist
2021-11-17 15:00:30,849 DEBUG [115169] [] ReportRegistForm: is exist
2021-11-17 15:00:30,849 DEBUG [115169] [] ReportRegistForm: form value set 
2021-11-17 15:00:30,849 DEBUG [115169] [] ------------------------------/eccadmin_dev/ReportRegist/index
2021-11-17 15:00:30,849 DEBUG [115169] [] ------------------------------session_check_true
2021-11-17 15:00:30,849 DEBUG [115169] [] indexAction start
2021-11-17 15:00:30,850 DEBUG [115169] [] admin_no is 1
2021-11-17 15:00:30,850 DEBUG [115169] [] org_no and report no ----------- SELECT  report_test.report_no ,report.report_name report_name  ,report.show_flg show_flg  ,report.file_name file_name  ,org.org_no  ,org.org_id org_id  ,org.org_name org_name  ,org.org_name_official org_name_official  FROM  T_REPORT_TEST_INFO report_test  LEFT JOIN M_ORGANIZATION as org 	ON report_test.org_no = org.org_no  LEFT JOIN T_REPORT AS report 	ON report_test.report_no = report.report_no  WHERE org.org_no=:org_no AND report.report_no=:report_no AND report.del_flg = '0'  AND report_test.del_flg = '0'  AND org.del_flg = '0' 
2021-11-17 15:00:30,851 DEBUG [115169] []  SELECT  report_test.report_no ,report.report_name report_name  ,report.show_flg show_flg  ,report.file_name file_name  ,org.org_no  ,org.org_id org_id  ,org.org_name org_name  ,org.org_name_official org_name_official  FROM  T_REPORT_TEST_INFO report_test  LEFT JOIN M_ORGANIZATION as org 	ON report_test.org_no = org.org_no  LEFT JOIN T_REPORT AS report 	ON report_test.report_no = report.report_no  WHERE org.org_no=:org_no AND report.report_no=:report_no AND report.del_flg = '0'  AND report_test.del_flg = '0'  AND org.del_flg = '0' 
2021-11-17 15:00:30,924 DEBUG [115169] [] indexAction end
2021-11-17 15:00:30,925 DEBUG [115169] [] ReportRegistController end
2021-11-17 15:00:30,925 DEBUG [115169] [] finally
2021-11-17 15:00:33,360 DEBUG [115169] [] Request URI : /eccadmin_dev/ReportRegist/back
2021-11-17 15:00:33,361 DEBUG [115169] [] ReportRegistController start
2021-11-17 15:00:33,361 DEBUG [115169] [] controllers/ReportRegistController.php: is exist
2021-11-17 15:00:33,361 DEBUG [115169] [] ReportRegistForm: is exist
2021-11-17 15:00:33,362 DEBUG [115169] [] ReportRegistForm: form value set 
2021-11-17 15:00:33,362 DEBUG [115169] [] ------------------------------/eccadmin_dev/ReportRegist/back
2021-11-17 15:00:33,362 DEBUG [115169] [] ------------------------------session_check_true
2021-11-17 15:00:33,362 DEBUG [115169] [] backAction start
2021-11-17 15:00:33,362 DEBUG [115169] [] admin_no is 1
2021-11-17 15:00:33,362 DEBUG [115169] [] backAction end
2021-11-17 15:00:33,362 DEBUG [115169] [] ReportRegistController end
2021-11-17 15:00:33,363 DEBUG [115169] [] finally
2021-11-17 15:00:33,389 DEBUG [115169] [] Request URI : /eccadmin_dev/ReportList/Search
2021-11-17 15:00:33,390 DEBUG [115169] [] ReportListController start
2021-11-17 15:00:33,390 DEBUG [115169] [] controllers/ReportListController.php: is exist
2021-11-17 15:00:33,390 DEBUG [115169] [] ReportListForm: is exist
2021-11-17 15:00:33,390 DEBUG [115169] [] ReportListForm: form value set 
2021-11-17 15:00:33,390 DEBUG [115169] [] ------------------------------/eccadmin_dev/ReportList/Search
2021-11-17 15:00:33,391 DEBUG [115169] [] SearchAction start
2021-11-17 15:00:33,391 DEBUG [115169] [] --------back--------
2021-11-17 15:00:33,391 DEBUG [115169] [] admin_no is 1
2021-11-17 15:00:33,445 DEBUG [115169] [] SearchAction end
2021-11-17 15:00:33,445 DEBUG [115169] [] ReportListController end
2021-11-17 15:00:33,445 DEBUG [115169] [] finally
2021-11-17 15:00:35,562 DEBUG [115169] [] Request URI : /eccadmin_dev/ReportRegist/index
2021-11-17 15:00:35,563 DEBUG [115169] [] ReportRegistController start
2021-11-17 15:00:35,563 DEBUG [115169] [] controllers/ReportRegistController.php: is exist
2021-11-17 15:00:35,563 DEBUG [115169] [] ReportRegistForm: is exist
2021-11-17 15:00:35,563 DEBUG [115169] [] ReportRegistForm: form value set 
2021-11-17 15:00:35,564 DEBUG [115169] [] ------------------------------/eccadmin_dev/ReportRegist/index
2021-11-17 15:00:35,564 DEBUG [115169] [] ------------------------------session_check_true
2021-11-17 15:00:35,564 DEBUG [115169] [] indexAction start
2021-11-17 15:00:35,564 DEBUG [115169] [] admin_no is 1
2021-11-17 15:00:35,564 DEBUG [115169] [] org_no and report no ----------- SELECT  report_test.report_no ,report.report_name report_name  ,report.show_flg show_flg  ,report.file_name file_name  ,org.org_no  ,org.org_id org_id  ,org.org_name org_name  ,org.org_name_official org_name_official  FROM  T_REPORT_TEST_INFO report_test  LEFT JOIN M_ORGANIZATION as org 	ON report_test.org_no = org.org_no  LEFT JOIN T_REPORT AS report 	ON report_test.report_no = report.report_no  WHERE org.org_no=:org_no AND report.report_no=:report_no AND report.del_flg = '0'  AND report_test.del_flg = '0'  AND org.del_flg = '0' 
2021-11-17 15:00:35,565 DEBUG [115169] []  SELECT  report_test.report_no ,report.report_name report_name  ,report.show_flg show_flg  ,report.file_name file_name  ,org.org_no  ,org.org_id org_id  ,org.org_name org_name  ,org.org_name_official org_name_official  FROM  T_REPORT_TEST_INFO report_test  LEFT JOIN M_ORGANIZATION as org 	ON report_test.org_no = org.org_no  LEFT JOIN T_REPORT AS report 	ON report_test.report_no = report.report_no  WHERE org.org_no=:org_no AND report.report_no=:report_no AND report.del_flg = '0'  AND report_test.del_flg = '0'  AND org.del_flg = '0' 
2021-11-17 15:00:35,632 DEBUG [115169] [] indexAction end
2021-11-17 15:00:35,633 DEBUG [115169] [] ReportRegistController end
2021-11-17 15:00:35,633 DEBUG [115169] [] finally
2021-11-17 15:00:38,023 DEBUG [115169] [] Request URI : /eccadmin_dev/ReportRegist/back
2021-11-17 15:00:38,023 DEBUG [115169] [] ReportRegistController start
2021-11-17 15:00:38,024 DEBUG [115169] [] controllers/ReportRegistController.php: is exist
2021-11-17 15:00:38,024 DEBUG [115169] [] ReportRegistForm: is exist
2021-11-17 15:00:38,024 DEBUG [115169] [] ReportRegistForm: form value set 
2021-11-17 15:00:38,025 DEBUG [115169] [] ------------------------------/eccadmin_dev/ReportRegist/back
2021-11-17 15:00:38,025 DEBUG [115169] [] ------------------------------session_check_true
2021-11-17 15:00:38,025 DEBUG [115169] [] backAction start
2021-11-17 15:00:38,025 DEBUG [115169] [] admin_no is 1
2021-11-17 15:00:38,025 DEBUG [115169] [] backAction end
2021-11-17 15:00:38,025 DEBUG [115169] [] ReportRegistController end
2021-11-17 15:00:38,025 DEBUG [115169] [] finally
2021-11-17 15:00:38,093 DEBUG [115169] [] Request URI : /eccadmin_dev/ReportList/Search
2021-11-17 15:00:38,093 DEBUG [115169] [] ReportListController start
2021-11-17 15:00:38,093 DEBUG [115169] [] controllers/ReportListController.php: is exist
2021-11-17 15:00:38,094 DEBUG [115169] [] ReportListForm: is exist
2021-11-17 15:00:38,094 DEBUG [115169] [] ReportListForm: form value set 
2021-11-17 15:00:38,094 DEBUG [115169] [] ------------------------------/eccadmin_dev/ReportList/Search
2021-11-17 15:00:38,094 DEBUG [115169] [] SearchAction start
2021-11-17 15:00:38,095 DEBUG [115169] [] --------back--------
2021-11-17 15:00:38,095 DEBUG [115169] [] admin_no is 1
2021-11-17 15:00:38,161 DEBUG [115169] [] SearchAction end
2021-11-17 15:00:38,162 DEBUG [115169] [] ReportListController end
2021-11-17 15:00:38,162 DEBUG [115169] [] finally
2021-11-17 15:00:39,839 DEBUG [115169] [] Request URI : /eccadmin_dev/ReportRegist/index
2021-11-17 15:00:39,840 DEBUG [115169] [] ReportRegistController start
2021-11-17 15:00:39,840 DEBUG [115169] [] controllers/ReportRegistController.php: is exist
2021-11-17 15:00:39,840 DEBUG [115169] [] ReportRegistForm: is exist
2021-11-17 15:00:39,840 DEBUG [115169] [] ReportRegistForm: form value set 
2021-11-17 15:00:39,841 DEBUG [115169] [] ------------------------------/eccadmin_dev/ReportRegist/index
2021-11-17 15:00:39,841 DEBUG [115169] [] ------------------------------session_check_true
2021-11-17 15:00:39,841 DEBUG [115169] [] indexAction start
2021-11-17 15:00:39,841 DEBUG [115169] [] admin_no is 1
2021-11-17 15:00:39,842 DEBUG [115169] [] org_no and report no ----------- SELECT  report_test.report_no ,report.report_name report_name  ,report.show_flg show_flg  ,report.file_name file_name  ,org.org_no  ,org.org_id org_id  ,org.org_name org_name  ,org.org_name_official org_name_official  FROM  T_REPORT_TEST_INFO report_test  LEFT JOIN M_ORGANIZATION as org 	ON report_test.org_no = org.org_no  LEFT JOIN T_REPORT AS report 	ON report_test.report_no = report.report_no  WHERE org.org_no=:org_no AND report.report_no=:report_no AND report.del_flg = '0'  AND report_test.del_flg = '0'  AND org.del_flg = '0' 
2021-11-17 15:00:39,842 DEBUG [115169] []  SELECT  report_test.report_no ,report.report_name report_name  ,report.show_flg show_flg  ,report.file_name file_name  ,org.org_no  ,org.org_id org_id  ,org.org_name org_name  ,org.org_name_official org_name_official  FROM  T_REPORT_TEST_INFO report_test  LEFT JOIN M_ORGANIZATION as org 	ON report_test.org_no = org.org_no  LEFT JOIN T_REPORT AS report 	ON report_test.report_no = report.report_no  WHERE org.org_no=:org_no AND report.report_no=:report_no AND report.del_flg = '0'  AND report_test.del_flg = '0'  AND org.del_flg = '0' 
2021-11-17 15:00:39,909 DEBUG [115169] [] indexAction end
2021-11-17 15:00:39,909 DEBUG [115169] [] ReportRegistController end
2021-11-17 15:00:39,910 DEBUG [115169] [] finally
2021-11-17 15:00:43,023 DEBUG [115169] [] Request URI : /eccadmin_dev/ReportRegist/back
2021-11-17 15:00:43,023 DEBUG [115169] [] ReportRegistController start
2021-11-17 15:00:43,023 DEBUG [115169] [] controllers/ReportRegistController.php: is exist
2021-11-17 15:00:43,024 DEBUG [115169] [] ReportRegistForm: is exist
2021-11-17 15:00:43,024 DEBUG [115169] [] ReportRegistForm: form value set 
2021-11-17 15:00:43,025 DEBUG [115169] [] ------------------------------/eccadmin_dev/ReportRegist/back
2021-11-17 15:00:43,025 DEBUG [115169] [] ------------------------------session_check_true
2021-11-17 15:00:43,025 DEBUG [115169] [] backAction start
2021-11-17 15:00:43,025 DEBUG [115169] [] admin_no is 1
2021-11-17 15:00:43,025 DEBUG [115169] [] backAction end
2021-11-17 15:00:43,025 DEBUG [115169] [] ReportRegistController end
2021-11-17 15:00:43,025 DEBUG [115169] [] finally
2021-11-17 15:00:43,053 DEBUG [115169] [] Request URI : /eccadmin_dev/ReportList/Search
2021-11-17 15:00:43,054 DEBUG [115169] [] ReportListController start
2021-11-17 15:00:43,054 DEBUG [115169] [] controllers/ReportListController.php: is exist
2021-11-17 15:00:43,054 DEBUG [115169] [] ReportListForm: is exist
2021-11-17 15:00:43,054 DEBUG [115169] [] ReportListForm: form value set 
2021-11-17 15:00:43,055 DEBUG [115169] [] ------------------------------/eccadmin_dev/ReportList/Search
2021-11-17 15:00:43,055 DEBUG [115169] [] SearchAction start
2021-11-17 15:00:43,055 DEBUG [115169] [] --------back--------
2021-11-17 15:00:43,055 DEBUG [115169] [] admin_no is 1
2021-11-17 15:00:43,101 DEBUG [115169] [] SearchAction end
2021-11-17 15:00:43,101 DEBUG [115169] [] ReportListController end
2021-11-17 15:00:43,101 DEBUG [115169] [] finally
2021-11-17 15:00:44,483 DEBUG [115169] [] Request URI : /eccadmin_dev/ReportRegist/index
2021-11-17 15:00:44,484 DEBUG [115169] [] ReportRegistController start
2021-11-17 15:00:44,484 DEBUG [115169] [] controllers/ReportRegistController.php: is exist
2021-11-17 15:00:44,485 DEBUG [115169] [] ReportRegistForm: is exist
2021-11-17 15:00:44,485 DEBUG [115169] [] ReportRegistForm: form value set 
2021-11-17 15:00:44,485 DEBUG [115169] [] ------------------------------/eccadmin_dev/ReportRegist/index
2021-11-17 15:00:44,485 DEBUG [115169] [] ------------------------------session_check_true
2021-11-17 15:00:44,485 DEBUG [115169] [] indexAction start
2021-11-17 15:00:44,486 DEBUG [115169] [] admin_no is 1
2021-11-17 15:00:44,486 DEBUG [115169] [] org_no and report no ----------- SELECT  report_test.report_no ,report.report_name report_name  ,report.show_flg show_flg  ,report.file_name file_name  ,org.org_no  ,org.org_id org_id  ,org.org_name org_name  ,org.org_name_official org_name_official  FROM  T_REPORT_TEST_INFO report_test  LEFT JOIN M_ORGANIZATION as org 	ON report_test.org_no = org.org_no  LEFT JOIN T_REPORT AS report 	ON report_test.report_no = report.report_no  WHERE org.org_no=:org_no AND report.report_no=:report_no AND report.del_flg = '0'  AND report_test.del_flg = '0'  AND org.del_flg = '0' 
2021-11-17 15:00:44,487 DEBUG [115169] []  SELECT  report_test.report_no ,report.report_name report_name  ,report.show_flg show_flg  ,report.file_name file_name  ,org.org_no  ,org.org_id org_id  ,org.org_name org_name  ,org.org_name_official org_name_official  FROM  T_REPORT_TEST_INFO report_test  LEFT JOIN M_ORGANIZATION as org 	ON report_test.org_no = org.org_no  LEFT JOIN T_REPORT AS report 	ON report_test.report_no = report.report_no  WHERE org.org_no=:org_no AND report.report_no=:report_no AND report.del_flg = '0'  AND report_test.del_flg = '0'  AND org.del_flg = '0' 
2021-11-17 15:00:44,558 DEBUG [115169] [] indexAction end
2021-11-17 15:00:44,558 DEBUG [115169] [] ReportRegistController end
2021-11-17 15:00:44,558 DEBUG [115169] [] finally
2021-11-17 15:00:46,341 DEBUG [115169] [] Request URI : /eccadmin_dev/ReportRegist/back
2021-11-17 15:00:46,342 DEBUG [115169] [] ReportRegistController start
2021-11-17 15:00:46,342 DEBUG [115169] [] controllers/ReportRegistController.php: is exist
2021-11-17 15:00:46,342 DEBUG [115169] [] ReportRegistForm: is exist
2021-11-17 15:00:46,342 DEBUG [115169] [] ReportRegistForm: form value set 
2021-11-17 15:00:46,343 DEBUG [115169] [] ------------------------------/eccadmin_dev/ReportRegist/back
2021-11-17 15:00:46,343 DEBUG [115169] [] ------------------------------session_check_true
2021-11-17 15:00:46,343 DEBUG [115169] [] backAction start
2021-11-17 15:00:46,343 DEBUG [115169] [] admin_no is 1
2021-11-17 15:00:46,344 DEBUG [115169] [] backAction end
2021-11-17 15:00:46,344 DEBUG [115169] [] ReportRegistController end
2021-11-17 15:00:46,344 DEBUG [115169] [] finally
2021-11-17 15:00:46,370 DEBUG [115169] [] Request URI : /eccadmin_dev/ReportList/Search
2021-11-17 15:00:46,371 DEBUG [115169] [] ReportListController start
2021-11-17 15:00:46,371 DEBUG [115169] [] controllers/ReportListController.php: is exist
2021-11-17 15:00:46,371 DEBUG [115169] [] ReportListForm: is exist
2021-11-17 15:00:46,371 DEBUG [115169] [] ReportListForm: form value set 
2021-11-17 15:00:46,372 DEBUG [115169] [] ------------------------------/eccadmin_dev/ReportList/Search
2021-11-17 15:00:46,372 DEBUG [115169] [] SearchAction start
2021-11-17 15:00:46,372 DEBUG [115169] [] --------back--------
2021-11-17 15:00:46,372 DEBUG [115169] [] admin_no is 1
2021-11-17 15:00:46,820 DEBUG [115169] [] SearchAction end
2021-11-17 15:00:46,820 DEBUG [115169] [] ReportListController end
2021-11-17 15:00:46,820 DEBUG [115169] [] finally
2021-11-17 15:00:48,761 DEBUG [115169] [] Request URI : /eccadmin_dev/ReportRegist/index
2021-11-17 15:00:48,761 DEBUG [115169] [] ReportRegistController start
2021-11-17 15:00:48,761 DEBUG [115169] [] controllers/ReportRegistController.php: is exist
2021-11-17 15:00:48,761 DEBUG [115169] [] ReportRegistForm: is exist
2021-11-17 15:00:48,762 DEBUG [115169] [] ReportRegistForm: form value set 
2021-11-17 15:00:48,762 DEBUG [115169] [] ------------------------------/eccadmin_dev/ReportRegist/index
2021-11-17 15:00:48,762 DEBUG [115169] [] ------------------------------session_check_true
2021-11-17 15:00:48,762 DEBUG [115169] [] indexAction start
2021-11-17 15:00:48,762 DEBUG [115169] [] admin_no is 1
2021-11-17 15:00:48,763 DEBUG [115169] [] org_no and report no ----------- SELECT  report_test.report_no ,report.report_name report_name  ,report.show_flg show_flg  ,report.file_name file_name  ,org.org_no  ,org.org_id org_id  ,org.org_name org_name  ,org.org_name_official org_name_official  FROM  T_REPORT_TEST_INFO report_test  LEFT JOIN M_ORGANIZATION as org 	ON report_test.org_no = org.org_no  LEFT JOIN T_REPORT AS report 	ON report_test.report_no = report.report_no  WHERE org.org_no=:org_no AND report.report_no=:report_no AND report.del_flg = '0'  AND report_test.del_flg = '0'  AND org.del_flg = '0' 
2021-11-17 15:00:48,763 DEBUG [115169] []  SELECT  report_test.report_no ,report.report_name report_name  ,report.show_flg show_flg  ,report.file_name file_name  ,org.org_no  ,org.org_id org_id  ,org.org_name org_name  ,org.org_name_official org_name_official  FROM  T_REPORT_TEST_INFO report_test  LEFT JOIN M_ORGANIZATION as org 	ON report_test.org_no = org.org_no  LEFT JOIN T_REPORT AS report 	ON report_test.report_no = report.report_no  WHERE org.org_no=:org_no AND report.report_no=:report_no AND report.del_flg = '0'  AND report_test.del_flg = '0'  AND org.del_flg = '0' 
2021-11-17 15:00:48,842 DEBUG [115169] [] indexAction end
2021-11-17 15:00:48,842 DEBUG [115169] [] ReportRegistController end
2021-11-17 15:00:48,842 DEBUG [115169] [] finally
2021-11-17 15:00:51,071 DEBUG [115169] [] Request URI : /eccadmin_dev/ReportRegist/back
2021-11-17 15:00:51,071 DEBUG [115169] [] ReportRegistController start
2021-11-17 15:00:51,071 DEBUG [115169] [] controllers/ReportRegistController.php: is exist
2021-11-17 15:00:51,072 DEBUG [115169] [] ReportRegistForm: is exist
2021-11-17 15:00:51,072 DEBUG [115169] [] ReportRegistForm: form value set 
2021-11-17 15:00:51,072 DEBUG [115169] [] ------------------------------/eccadmin_dev/ReportRegist/back
2021-11-17 15:00:51,072 DEBUG [115169] [] ------------------------------session_check_true
2021-11-17 15:00:51,072 DEBUG [115169] [] backAction start
2021-11-17 15:00:51,072 DEBUG [115169] [] admin_no is 1
2021-11-17 15:00:51,072 DEBUG [115169] [] backAction end
2021-11-17 15:00:51,073 DEBUG [115169] [] ReportRegistController end
2021-11-17 15:00:51,073 DEBUG [115169] [] finally
2021-11-17 15:00:51,099 DEBUG [115169] [] Request URI : /eccadmin_dev/ReportList/Search
2021-11-17 15:00:51,099 DEBUG [115169] [] ReportListController start
2021-11-17 15:00:51,099 DEBUG [115169] [] controllers/ReportListController.php: is exist
2021-11-17 15:00:51,099 DEBUG [115169] [] ReportListForm: is exist
2021-11-17 15:00:51,099 DEBUG [115169] [] ReportListForm: form value set 
2021-11-17 15:00:51,100 DEBUG [115169] [] ------------------------------/eccadmin_dev/ReportList/Search
2021-11-17 15:00:51,100 DEBUG [115169] [] SearchAction start
2021-11-17 15:00:51,100 DEBUG [115169] [] --------back--------
2021-11-17 15:00:51,100 DEBUG [115169] [] admin_no is 1
2021-11-17 15:00:51,158 DEBUG [115169] [] SearchAction end
2021-11-17 15:00:51,158 DEBUG [115169] [] ReportListController end
2021-11-17 15:00:51,158 DEBUG [115169] [] finally
2021-11-17 15:00:52,876 DEBUG [115169] [] Request URI : /eccadmin_dev/ReportRegist/index
2021-11-17 15:00:52,876 DEBUG [115169] [] ReportRegistController start
2021-11-17 15:00:52,876 DEBUG [115169] [] controllers/ReportRegistController.php: is exist
2021-11-17 15:00:52,877 DEBUG [115169] [] ReportRegistForm: is exist
2021-11-17 15:00:52,877 DEBUG [115169] [] ReportRegistForm: form value set 
2021-11-17 15:00:52,877 DEBUG [115169] [] ------------------------------/eccadmin_dev/ReportRegist/index
2021-11-17 15:00:52,877 DEBUG [115169] [] ------------------------------session_check_true
2021-11-17 15:00:52,877 DEBUG [115169] [] indexAction start
2021-11-17 15:00:52,877 DEBUG [115169] [] admin_no is 1
2021-11-17 15:00:52,878 DEBUG [115169] [] org_no and report no ----------- SELECT  report_test.report_no ,report.report_name report_name  ,report.show_flg show_flg  ,report.file_name file_name  ,org.org_no  ,org.org_id org_id  ,org.org_name org_name  ,org.org_name_official org_name_official  FROM  T_REPORT_TEST_INFO report_test  LEFT JOIN M_ORGANIZATION as org 	ON report_test.org_no = org.org_no  LEFT JOIN T_REPORT AS report 	ON report_test.report_no = report.report_no  WHERE org.org_no=:org_no AND report.report_no=:report_no AND report.del_flg = '0'  AND report_test.del_flg = '0'  AND org.del_flg = '0' 
2021-11-17 15:00:52,878 DEBUG [115169] []  SELECT  report_test.report_no ,report.report_name report_name  ,report.show_flg show_flg  ,report.file_name file_name  ,org.org_no  ,org.org_id org_id  ,org.org_name org_name  ,org.org_name_official org_name_official  FROM  T_REPORT_TEST_INFO report_test  LEFT JOIN M_ORGANIZATION as org 	ON report_test.org_no = org.org_no  LEFT JOIN T_REPORT AS report 	ON report_test.report_no = report.report_no  WHERE org.org_no=:org_no AND report.report_no=:report_no AND report.del_flg = '0'  AND report_test.del_flg = '0'  AND org.del_flg = '0' 
2021-11-17 15:00:52,937 DEBUG [115169] [] indexAction end
2021-11-17 15:00:52,937 DEBUG [115169] [] ReportRegistController end
2021-11-17 15:00:52,937 DEBUG [115169] [] finally
2021-11-17 15:00:54,494 DEBUG [115169] [] Request URI : /eccadmin_dev/ReportRegist/back
2021-11-17 15:00:54,495 DEBUG [115169] [] ReportRegistController start
2021-11-17 15:00:54,495 DEBUG [115169] [] controllers/ReportRegistController.php: is exist
2021-11-17 15:00:54,495 DEBUG [115169] [] ReportRegistForm: is exist
2021-11-17 15:00:54,495 DEBUG [115169] [] ReportRegistForm: form value set 
2021-11-17 15:00:54,496 DEBUG [115169] [] ------------------------------/eccadmin_dev/ReportRegist/back
2021-11-17 15:00:54,496 DEBUG [115169] [] ------------------------------session_check_true
2021-11-17 15:00:54,496 DEBUG [115169] [] backAction start
2021-11-17 15:00:54,496 DEBUG [115169] [] admin_no is 1
2021-11-17 15:00:54,496 DEBUG [115169] [] backAction end
2021-11-17 15:00:54,496 DEBUG [115169] [] ReportRegistController end
2021-11-17 15:00:54,497 DEBUG [115169] [] finally
2021-11-17 15:00:54,523 DEBUG [115169] [] Request URI : /eccadmin_dev/ReportList/Search
2021-11-17 15:00:54,523 DEBUG [115169] [] ReportListController start
2021-11-17 15:00:54,523 DEBUG [115169] [] controllers/ReportListController.php: is exist
2021-11-17 15:00:54,523 DEBUG [115169] [] ReportListForm: is exist
2021-11-17 15:00:54,524 DEBUG [115169] [] ReportListForm: form value set 
2021-11-17 15:00:54,524 DEBUG [115169] [] ------------------------------/eccadmin_dev/ReportList/Search
2021-11-17 15:00:54,524 DEBUG [115169] [] SearchAction start
2021-11-17 15:00:54,524 DEBUG [115169] [] --------back--------
2021-11-17 15:00:54,524 DEBUG [115169] [] admin_no is 1
2021-11-17 15:00:54,575 DEBUG [115169] [] SearchAction end
2021-11-17 15:00:54,575 DEBUG [115169] [] ReportListController end
2021-11-17 15:00:54,575 DEBUG [115169] [] finally
2021-11-17 15:00:57,921 DEBUG [115169] [] Request URI : /eccadmin_dev/ReportRegist/index
2021-11-17 15:00:57,922 DEBUG [115169] [] ReportRegistController start
2021-11-17 15:00:57,922 DEBUG [115169] [] controllers/ReportRegistController.php: is exist
2021-11-17 15:00:57,922 DEBUG [115169] [] ReportRegistForm: is exist
2021-11-17 15:00:57,922 DEBUG [115169] [] ReportRegistForm: form value set 
2021-11-17 15:00:57,923 DEBUG [115169] [] ------------------------------/eccadmin_dev/ReportRegist/index
2021-11-17 15:00:57,923 DEBUG [115169] [] ------------------------------session_check_true
2021-11-17 15:00:57,923 DEBUG [115169] [] indexAction start
2021-11-17 15:00:57,923 DEBUG [115169] [] admin_no is 1
2021-11-17 15:00:57,924 DEBUG [115169] [] org_no and report no ----------- SELECT  report_test.report_no ,report.report_name report_name  ,report.show_flg show_flg  ,report.file_name file_name  ,org.org_no  ,org.org_id org_id  ,org.org_name org_name  ,org.org_name_official org_name_official  FROM  T_REPORT_TEST_INFO report_test  LEFT JOIN M_ORGANIZATION as org 	ON report_test.org_no = org.org_no  LEFT JOIN T_REPORT AS report 	ON report_test.report_no = report.report_no  WHERE org.org_no=:org_no AND report.report_no=:report_no AND report.del_flg = '0'  AND report_test.del_flg = '0'  AND org.del_flg = '0' 
2021-11-17 15:00:57,924 DEBUG [115169] []  SELECT  report_test.report_no ,report.report_name report_name  ,report.show_flg show_flg  ,report.file_name file_name  ,org.org_no  ,org.org_id org_id  ,org.org_name org_name  ,org.org_name_official org_name_official  FROM  T_REPORT_TEST_INFO report_test  LEFT JOIN M_ORGANIZATION as org 	ON report_test.org_no = org.org_no  LEFT JOIN T_REPORT AS report 	ON report_test.report_no = report.report_no  WHERE org.org_no=:org_no AND report.report_no=:report_no AND report.del_flg = '0'  AND report_test.del_flg = '0'  AND org.del_flg = '0' 
2021-11-17 15:00:57,964 DEBUG [115169] [] indexAction end
2021-11-17 15:00:57,964 DEBUG [115169] [] ReportRegistController end
2021-11-17 15:00:57,965 DEBUG [115169] [] finally
2021-11-17 15:01:02,256 DEBUG [115169] [] Request URI : /eccadmin_dev/ReportRegist/save
2021-11-17 15:01:02,257 DEBUG [115169] [] ReportRegistController start
2021-11-17 15:01:02,257 DEBUG [115169] [] controllers/ReportRegistController.php: is exist
2021-11-17 15:01:02,257 DEBUG [115169] [] ReportRegistForm: is exist
2021-11-17 15:01:02,257 DEBUG [115169] [] ReportRegistForm: form value set 
2021-11-17 15:01:02,257 DEBUG [115169] [] ------------------------------/eccadmin_dev/ReportRegist/save
2021-11-17 15:01:02,258 DEBUG [115169] [] ------------------------------session_check_true
2021-11-17 15:01:02,258 DEBUG [115169] [] saveAction start
2021-11-17 15:01:02,259 DEBUG [115169] []  UPDATE  T_REPORT  SET report_name  = :report_name  ,file_name  = :file_name  ,show_flg  = :show_flg  ,update_dt   = :update_dt  ,updater_id  = :updater_id  WHERE  org_no = :org_no  AND report_no = :report_no  AND del_flg = '0' 
2021-11-17 15:01:02,259 DEBUG [115169] []  UPDATE  T_REPORT  SET report_name  = :report_name  ,file_name  = :file_name  ,show_flg  = :show_flg  ,update_dt   = :update_dt  ,updater_id  = :updater_id  WHERE  org_no = :org_no  AND report_no = :report_no  AND del_flg = '0' 
2021-11-17 15:01:02,325 DEBUG [115169] [] saveAction end
2021-11-17 15:01:02,326 DEBUG [115169] [] ReportRegistController end
2021-11-17 15:01:02,326 DEBUG [115169] [] finally
2021-11-17 15:01:06,839 DEBUG [115169] [] Request URI : /eccadmin_dev/ReportRegist/back
2021-11-17 15:01:06,839 DEBUG [115169] [] ReportRegistController start
2021-11-17 15:01:06,839 DEBUG [115169] [] controllers/ReportRegistController.php: is exist
2021-11-17 15:01:06,840 DEBUG [115169] [] ReportRegistForm: is exist
2021-11-17 15:01:06,840 DEBUG [115169] [] ReportRegistForm: form value set 
2021-11-17 15:01:06,841 DEBUG [115169] [] ------------------------------/eccadmin_dev/ReportRegist/back
2021-11-17 15:01:06,841 DEBUG [115169] [] ------------------------------session_check_true
2021-11-17 15:01:06,841 DEBUG [115169] [] backAction start
2021-11-17 15:01:06,841 DEBUG [115169] [] admin_no is 1
2021-11-17 15:01:06,841 DEBUG [115169] [] backAction end
2021-11-17 15:01:06,841 DEBUG [115169] [] ReportRegistController end
2021-11-17 15:01:06,841 DEBUG [115169] [] finally
2021-11-17 15:01:06,868 DEBUG [115169] [] Request URI : /eccadmin_dev/ReportList/Search
2021-11-17 15:01:06,868 DEBUG [115169] [] ReportListController start
2021-11-17 15:01:06,869 DEBUG [115169] [] controllers/ReportListController.php: is exist
2021-11-17 15:01:06,869 DEBUG [115169] [] ReportListForm: is exist
2021-11-17 15:01:06,869 DEBUG [115169] [] ReportListForm: form value set 
2021-11-17 15:01:06,869 DEBUG [115169] [] ------------------------------/eccadmin_dev/ReportList/Search
2021-11-17 15:01:06,870 DEBUG [115169] [] SearchAction start
2021-11-17 15:01:06,870 DEBUG [115169] [] --------back--------
2021-11-17 15:01:06,870 DEBUG [115169] [] admin_no is 1
2021-11-17 15:01:06,932 DEBUG [115169] [] SearchAction end
2021-11-17 15:01:06,932 DEBUG [115169] [] ReportListController end
2021-11-17 15:01:06,932 DEBUG [115169] [] finally
2021-11-17 15:25:28,603 DEBUG [115399] [] Request URI : /eccadmin_dev/ReportRegist/index
2021-11-17 15:25:28,603 DEBUG [115399] [] ReportRegistController start
2021-11-17 15:25:28,603 DEBUG [115399] [] controllers/ReportRegistController.php: is exist
2021-11-17 15:25:28,604 DEBUG [115399] [] ReportRegistForm: is exist
2021-11-17 15:25:28,604 DEBUG [115399] [] ReportRegistForm: form value set 
2021-11-17 15:25:28,605 DEBUG [115399] [] ------------------------------/eccadmin_dev/ReportRegist/index
2021-11-17 15:25:28,605 DEBUG [115399] [] ------------------------------session_check_true
2021-11-17 15:25:28,605 DEBUG [115399] [] indexAction start
2021-11-17 15:25:28,605 DEBUG [115399] [] admin_no is 1
2021-11-17 15:25:28,605 DEBUG [115399] [] org_no and report no ----------- SELECT  report_test.report_no ,report.report_name report_name  ,report.show_flg show_flg  ,report.file_name file_name  ,org.org_no  ,org.org_id org_id  ,org.org_name org_name  ,org.org_name_official org_name_official  FROM  T_REPORT_TEST_INFO report_test  LEFT JOIN M_ORGANIZATION as org 	ON report_test.org_no = org.org_no  LEFT JOIN T_REPORT AS report 	ON report_test.report_no = report.report_no  WHERE org.org_no=:org_no AND report.report_no=:report_no AND report.del_flg = '0'  AND report_test.del_flg = '0'  AND org.del_flg = '0' 
2021-11-17 15:25:28,606 DEBUG [115399] []  SELECT  report_test.report_no ,report.report_name report_name  ,report.show_flg show_flg  ,report.file_name file_name  ,org.org_no  ,org.org_id org_id  ,org.org_name org_name  ,org.org_name_official org_name_official  FROM  T_REPORT_TEST_INFO report_test  LEFT JOIN M_ORGANIZATION as org 	ON report_test.org_no = org.org_no  LEFT JOIN T_REPORT AS report 	ON report_test.report_no = report.report_no  WHERE org.org_no=:org_no AND report.report_no=:report_no AND report.del_flg = '0'  AND report_test.del_flg = '0'  AND org.del_flg = '0' 
2021-11-17 15:25:28,671 DEBUG [115399] [] indexAction end
2021-11-17 15:25:28,672 DEBUG [115399] [] ReportRegistController end
2021-11-17 15:25:28,672 DEBUG [115399] [] finally
2021-11-17 15:25:32,784 DEBUG [115399] [] Request URI : /eccadmin_dev/ReportTestRegist/index
2021-11-17 15:25:32,785 DEBUG [115399] [] ReportTestRegistController start
2021-11-17 15:25:32,785 DEBUG [115399] [] controllers/ReportTestRegistController.php: is exist
2021-11-17 15:25:32,785 DEBUG [115399] [] ReportTestRegistForm: is exist
2021-11-17 15:25:32,785 DEBUG [115399] [] ReportTestRegistForm: form value set 
2021-11-17 15:25:32,786 DEBUG [115399] [] ------------------------------/eccadmin_dev/ReportTestRegist/index
2021-11-17 15:25:32,786 DEBUG [115399] [] ------------------------------session_check_true
2021-11-17 15:25:32,786 DEBUG [115399] [] indexAction start
2021-11-17 15:25:32,786 DEBUG [115399] [] admin_no is 1
2021-11-17 15:25:32,787 DEBUG [115399] [] 1111111111111------2
2021-11-17 15:25:32,787 DEBUG [115399] [] 1111111111111------ SELECT  distinct test_info.test_info_no test_info_no  ,test_info.test_info_name test_info_name  ,test_info.remarks remarks ,org.org_no org_no ,org.org_id org_id ,report_test.disp_no disp_no ,date_format(test_info.start_period,'%Y/%m/%d') as start_period  ,date_format(test_info.end_period,'%Y/%m/%d') as end_period  ,CASE WHEN test_info.status = 0 THEN  '非公開'  ELSE '公開' END AS status  FROM  T_TEST_INFO test_info  INNER JOIN T_REPORT as report  ON  report.org_no = test_info.org_no   LEFT JOIN T_REPORT_TEST_INFO as report_test  ON test_info.org_no = report_test.org_no  AND test_info.test_info_no = report_test.test_info_no  INNER JOIN M_ORGANIZATION as org  ON test_info.org_no = org.org_no  AND org.del_flg =  '0'  WHERE test_info.start_period <= :end_period  AND test_info.end_period >= :start_period  AND (org.org_no=:org_no )  AND test_info.del_flg = '0'  GROUP BY org.org_no, report.report_no, test_info.test_info_no, test_info.test_info_name, test_info.remarks, report_test.disp_no, start_period,end_period  ORDER BY  report_test.disp_no ASC
2021-11-17 15:25:32,790 DEBUG [115399] [] 1111111111111------SELECT org.org_no, report.report_no, report.report_name,test_info.test_info_no, test_info.test_info_name, test_info.remarks, test_info.start_period, test_info.end_period, report_test.disp_no FROM T_REPORT_TEST_INFO report_test LEFT JOIN M_ORGANIZATION AS org ON report_test.org_no = org.org_no LEFT JOIN T_REPORT AS report ON report_test.report_no = report.report_no LEFT JOIN T_TEST_INFO AS test_info ON report_test.test_info_no = test_info.test_info_no WHERE report.org_no = report_test.org_no  AND report_test.org_no = test_info.org_no  AND report.del_flg = '0'  AND test_info.del_flg = '0'  AND report_test.del_flg = '0' AND org.org_no=:org_no AND report_test.report_no=:report_no  GROUP BY org.org_no, report.report_no, test_info.test_info_no, test_info.test_info_name, test_info.remarks, report_test.disp_no, start_period,end_period ORDER BY report_test.disp_no ASC 
2021-11-17 15:25:32,865 DEBUG [115399] [] indexAction end
2021-11-17 15:25:32,865 DEBUG [115399] [] ReportTestRegistController end
2021-11-17 15:25:32,865 DEBUG [115399] [] finally
2021-11-17 15:31:38,744 DEBUG [115402] [] Request URI : /eccadmin_dev/ReportTestRegist/Search
2021-11-17 15:31:38,745 DEBUG [115402] [] ReportTestRegistController start
2021-11-17 15:31:38,745 DEBUG [115402] [] controllers/ReportTestRegistController.php: is exist
2021-11-17 15:31:38,746 DEBUG [115402] [] ReportTestRegistForm: is exist
2021-11-17 15:31:38,746 DEBUG [115402] [] ReportTestRegistForm: form value set 
2021-11-17 15:31:38,746 DEBUG [115402] [] ------------------------------/eccadmin_dev/ReportTestRegist/Search
2021-11-17 15:31:38,747 DEBUG [115402] [] ------------------------------session_check_true
2021-11-17 15:31:38,747 DEBUG [115402] [] SearchAction start
2021-11-17 15:31:38,747 DEBUG [115402] [] admin_no is 1
2021-11-17 15:31:38,747 DEBUG [115402] [] org_id
2021-11-17 15:31:38,747 DEBUG [115402] [] 1111111111111------2
2021-11-17 15:31:38,747 DEBUG [115402] [] 1111111111111------ SELECT  distinct test_info.test_info_no test_info_no  ,test_info.test_info_name test_info_name  ,test_info.remarks remarks ,org.org_no org_no ,org.org_id org_id ,report_test.disp_no disp_no ,date_format(test_info.start_period,'%Y/%m/%d') as start_period  ,date_format(test_info.end_period,'%Y/%m/%d') as end_period  ,CASE WHEN test_info.status = 0 THEN  '非公開'  ELSE '公開' END AS status  FROM  T_TEST_INFO test_info  INNER JOIN T_REPORT as report  ON  report.org_no = test_info.org_no   LEFT JOIN T_REPORT_TEST_INFO as report_test  ON test_info.org_no = report_test.org_no  AND test_info.test_info_no = report_test.test_info_no  INNER JOIN M_ORGANIZATION as org  ON test_info.org_no = org.org_no  AND org.del_flg =  '0'  WHERE test_info.start_period <= :end_period  AND test_info.end_period >= :start_period  AND (org.org_no=:org_no )  AND (test_info.test_info_name LIKE :test_info_name)  AND test_info.del_flg = '0'  GROUP BY org.org_no, report.report_no, test_info.test_info_no, test_info.test_info_name, test_info.remarks, report_test.disp_no, start_period,end_period  ORDER BY  report_test.disp_no ASC
2021-11-17 15:31:38,750 DEBUG [115402] [] 1111111111111------SELECT org.org_no, report.report_no, report.report_name,test_info.test_info_no, test_info.test_info_name, test_info.remarks, test_info.start_period, test_info.end_period, report_test.disp_no FROM T_REPORT_TEST_INFO report_test LEFT JOIN M_ORGANIZATION AS org ON report_test.org_no = org.org_no LEFT JOIN T_REPORT AS report ON report_test.report_no = report.report_no LEFT JOIN T_TEST_INFO AS test_info ON report_test.test_info_no = test_info.test_info_no WHERE report.org_no = report_test.org_no  AND report_test.org_no = test_info.org_no  AND report.del_flg = '0'  AND test_info.del_flg = '0'  AND report_test.del_flg = '0' AND org.org_no=:org_no AND report_test.report_no=:report_no  GROUP BY org.org_no, report.report_no, test_info.test_info_no, test_info.test_info_name, test_info.remarks, report_test.disp_no, start_period,end_period ORDER BY report_test.disp_no ASC 
2021-11-17 15:31:38,825 DEBUG [115402] [] SearchAction end
2021-11-17 15:31:38,825 DEBUG [115402] [] ReportTestRegistController end
2021-11-17 15:31:38,825 DEBUG [115402] [] finally
2021-11-17 15:36:44,739 DEBUG [115481] [] Request URI : /eccadmin_dev/ReportTestRegist/back
2021-11-17 15:36:44,740 DEBUG [115481] [] ReportTestRegistController start
2021-11-17 15:36:44,740 DEBUG [115481] [] controllers/ReportTestRegistController.php: is exist
2021-11-17 15:36:44,740 DEBUG [115481] [] ReportTestRegistForm: is exist
2021-11-17 15:36:44,740 DEBUG [115481] [] ReportTestRegistForm: form value set 
2021-11-17 15:36:44,741 DEBUG [115481] [] ------------------------------/eccadmin_dev/ReportTestRegist/back
2021-11-17 15:36:44,741 DEBUG [115481] [] ------------------------------session_check_true
2021-11-17 15:36:44,741 DEBUG [115481] [] backAction start
2021-11-17 15:36:44,741 DEBUG [115481] [] backAction end
2021-11-17 15:36:44,741 DEBUG [115481] [] ReportTestRegistController end
2021-11-17 15:36:44,742 DEBUG [115481] [] finally
2021-11-17 15:36:44,769 DEBUG [115481] [] Request URI : /eccadmin_dev/ReportList/Search
2021-11-17 15:36:44,770 DEBUG [115481] [] ReportListController start
2021-11-17 15:36:44,770 DEBUG [115481] [] controllers/ReportListController.php: is exist
2021-11-17 15:36:44,770 DEBUG [115481] [] ReportListForm: is exist
2021-11-17 15:36:44,770 DEBUG [115481] [] ReportListForm: form value set 
2021-11-17 15:36:44,770 DEBUG [115481] [] ------------------------------/eccadmin_dev/ReportList/Search
2021-11-17 15:36:44,771 DEBUG [115481] [] SearchAction start
2021-11-17 15:36:44,771 DEBUG [115481] [] --------back--------
2021-11-17 15:36:44,771 DEBUG [115481] [] admin_no is 1
2021-11-17 15:36:44,832 DEBUG [115481] [] SearchAction end
2021-11-17 15:36:44,832 DEBUG [115481] [] ReportListController end
2021-11-17 15:36:44,832 DEBUG [115481] [] finally
2021-11-17 15:38:05,201 DEBUG [115402] [] Request URI : /eccadmin_dev/ReportRegist/index
2021-11-17 15:38:05,201 DEBUG [115402] [] ReportRegistController start
2021-11-17 15:38:05,201 DEBUG [115402] [] controllers/ReportRegistController.php: is exist
2021-11-17 15:38:05,202 DEBUG [115402] [] ReportRegistForm: is exist
2021-11-17 15:38:05,202 DEBUG [115402] [] ReportRegistForm: form value set 
2021-11-17 15:38:05,202 DEBUG [115402] [] ------------------------------/eccadmin_dev/ReportRegist/index
2021-11-17 15:38:05,202 DEBUG [115402] [] ------------------------------session_check_true
2021-11-17 15:38:05,203 DEBUG [115402] [] indexAction start
2021-11-17 15:38:05,203 DEBUG [115402] [] admin_no is 1
2021-11-17 15:38:05,203 DEBUG [115402] [] org_no and report no ----------- SELECT  report_test.report_no ,report.report_name report_name  ,report.show_flg show_flg  ,report.file_name file_name  ,org.org_no  ,org.org_id org_id  ,org.org_name org_name  ,org.org_name_official org_name_official  FROM  T_REPORT_TEST_INFO report_test  LEFT JOIN M_ORGANIZATION as org 	ON report_test.org_no = org.org_no  LEFT JOIN T_REPORT AS report 	ON report_test.report_no = report.report_no  WHERE org.org_no=:org_no AND report.report_no=:report_no AND report.del_flg = '0'  AND report_test.del_flg = '0'  AND org.del_flg = '0' 
2021-11-17 15:38:05,203 DEBUG [115402] []  SELECT  report_test.report_no ,report.report_name report_name  ,report.show_flg show_flg  ,report.file_name file_name  ,org.org_no  ,org.org_id org_id  ,org.org_name org_name  ,org.org_name_official org_name_official  FROM  T_REPORT_TEST_INFO report_test  LEFT JOIN M_ORGANIZATION as org 	ON report_test.org_no = org.org_no  LEFT JOIN T_REPORT AS report 	ON report_test.report_no = report.report_no  WHERE org.org_no=:org_no AND report.report_no=:report_no AND report.del_flg = '0'  AND report_test.del_flg = '0'  AND org.del_flg = '0' 
2021-11-17 15:38:05,269 DEBUG [115402] [] indexAction end
2021-11-17 15:38:05,269 DEBUG [115402] [] ReportRegistController end
2021-11-17 15:38:05,269 DEBUG [115402] [] finally
2021-11-17 16:14:22,323 DEBUG [116052] [] Request URI : /eccadmin_dev/ReportTestRegist/index
2021-11-17 16:14:22,324 DEBUG [116052] [] ReportTestRegistController start
2021-11-17 16:14:22,324 DEBUG [116052] [] controllers/ReportTestRegistController.php: is exist
2021-11-17 16:14:22,325 DEBUG [116052] [] ReportTestRegistForm: is exist
2021-11-17 16:14:22,325 DEBUG [116052] [] ReportTestRegistForm: form value set 
2021-11-17 16:14:22,326 DEBUG [116052] [] ------------------------------/eccadmin_dev/ReportTestRegist/index
2021-11-17 16:14:22,326 DEBUG [116052] [] ------------------------------session_check_true
2021-11-17 16:14:22,326 DEBUG [116052] [] indexAction start
2021-11-17 16:14:22,326 DEBUG [116052] [] admin_no is 1
2021-11-17 16:14:22,327 DEBUG [116052] [] 1111111111111------1
2021-11-17 16:14:22,327 DEBUG [116052] [] 1111111111111------ SELECT  distinct test_info.test_info_no test_info_no  ,test_info.test_info_name test_info_name  ,test_info.remarks remarks ,org.org_no org_no ,org.org_id org_id ,report_test.disp_no disp_no ,date_format(test_info.start_period,'%Y/%m/%d') as start_period  ,date_format(test_info.end_period,'%Y/%m/%d') as end_period  ,CASE WHEN test_info.status = 0 THEN  '非公開'  ELSE '公開' END AS status  FROM  T_TEST_INFO test_info  INNER JOIN T_REPORT as report  ON  report.org_no = test_info.org_no   LEFT JOIN T_REPORT_TEST_INFO as report_test  ON test_info.org_no = report_test.org_no  AND test_info.test_info_no = report_test.test_info_no  INNER JOIN M_ORGANIZATION as org  ON test_info.org_no = org.org_no  AND org.del_flg =  '0'  WHERE test_info.start_period <= :end_period  AND test_info.end_period >= :start_period  AND (org.org_no=:org_no )  AND test_info.del_flg = '0'  GROUP BY org.org_no, report.report_no, test_info.test_info_no, test_info.test_info_name, test_info.remarks, report_test.disp_no, start_period,end_period  ORDER BY  report_test.disp_no ASC
2021-11-17 16:14:22,343 DEBUG [116052] [] 1111111111111------SELECT org.org_no, report.report_no, report.report_name,test_info.test_info_no, test_info.test_info_name, test_info.remarks, test_info.start_period, test_info.end_period, report_test.disp_no FROM T_REPORT_TEST_INFO report_test LEFT JOIN M_ORGANIZATION AS org ON report_test.org_no = org.org_no LEFT JOIN T_REPORT AS report ON report_test.report_no = report.report_no LEFT JOIN T_TEST_INFO AS test_info ON report_test.test_info_no = test_info.test_info_no WHERE report.org_no = report_test.org_no  AND report_test.org_no = test_info.org_no  AND report.del_flg = '0'  AND test_info.del_flg = '0'  AND report_test.del_flg = '0' AND org.org_no=:org_no AND report_test.report_no=:report_no  GROUP BY org.org_no, report.report_no, test_info.test_info_no, test_info.test_info_name, test_info.remarks, report_test.disp_no, start_period,end_period ORDER BY report_test.disp_no ASC 
2021-11-17 16:14:22,417 DEBUG [116052] [] indexAction end
2021-11-17 16:14:22,417 DEBUG [116052] [] ReportTestRegistController end
2021-11-17 16:14:22,417 DEBUG [116052] [] finally
2021-11-17 16:15:08,078 DEBUG [115984] [] Request URI : /eccadmin_dev/ReportList
2021-11-17 16:15:08,079 DEBUG [115984] [] ReportListController start
2021-11-17 16:15:08,079 DEBUG [115984] [] controllers/ReportListController.php: is exist
2021-11-17 16:15:08,080 DEBUG [115984] [] ReportListForm: is exist
2021-11-17 16:15:08,080 DEBUG [115984] [] ReportListForm: form value set 
2021-11-17 16:15:08,080 DEBUG [115984] [] ------------------------------/eccadmin_dev/ReportList
2021-11-17 16:15:08,081 DEBUG [115984] [] indexAction start
2021-11-17 16:15:08,081 DEBUG [115984] [] admin_no is 1
2021-11-17 16:15:08,141 DEBUG [115984] [] indexAction end
2021-11-17 16:15:08,141 DEBUG [115984] [] ReportListController end
2021-11-17 16:15:08,141 DEBUG [115984] [] finally
2021-11-17 16:15:10,538 DEBUG [115984] [] Request URI : /eccadmin_dev/ReportRegist
2021-11-17 16:15:10,538 DEBUG [115984] [] ReportRegistController start
2021-11-17 16:15:10,538 DEBUG [115984] [] controllers/ReportRegistController.php: is exist
2021-11-17 16:15:10,539 DEBUG [115984] [] ReportRegistForm: is exist
2021-11-17 16:15:10,539 DEBUG [115984] [] ReportRegistForm: form value set 
2021-11-17 16:15:10,540 DEBUG [115984] [] ------------------------------/eccadmin_dev/ReportRegist
2021-11-17 16:15:10,540 DEBUG [115984] [] ------------------------------session_check_true
2021-11-17 16:15:10,540 DEBUG [115984] [] indexAction start
2021-11-17 16:15:10,540 DEBUG [115984] [] admin_no is 1
2021-11-17 16:15:10,541 DEBUG [115984] [] report_no
2021-11-17 16:15:10,610 DEBUG [115984] [] indexAction end
2021-11-17 16:15:10,610 DEBUG [115984] [] ReportRegistController end
2021-11-17 16:15:10,610 DEBUG [115984] [] finally
2021-11-17 16:16:37,622 DEBUG [115988] [] Request URI : /eccadmin_dev/ReportList
2021-11-17 16:16:37,623 DEBUG [115988] [] ReportListController start
2021-11-17 16:16:37,623 DEBUG [115988] [] controllers/ReportListController.php: is exist
2021-11-17 16:16:37,623 DEBUG [115988] [] ReportListForm: is exist
2021-11-17 16:16:37,623 DEBUG [115988] [] ReportListForm: form value set 
2021-11-17 16:16:37,624 DEBUG [115988] [] ------------------------------/eccadmin_dev/ReportList
2021-11-17 16:16:37,624 DEBUG [115988] [] indexAction start
2021-11-17 16:16:37,624 DEBUG [115988] [] admin_no is 1
2021-11-17 16:16:37,687 DEBUG [115988] [] indexAction end
2021-11-17 16:16:37,687 DEBUG [115988] [] ReportListController end
2021-11-17 16:16:37,687 DEBUG [115988] [] finally
2021-11-17 16:16:41,134 DEBUG [115988] [] Request URI : /eccadmin_dev/ReportRegist/index
2021-11-17 16:16:41,134 DEBUG [115988] [] ReportRegistController start
2021-11-17 16:16:41,134 DEBUG [115988] [] controllers/ReportRegistController.php: is exist
2021-11-17 16:16:41,135 DEBUG [115988] [] ReportRegistForm: is exist
2021-11-17 16:16:41,135 DEBUG [115988] [] ReportRegistForm: form value set 
2021-11-17 16:16:41,136 DEBUG [115988] [] ------------------------------/eccadmin_dev/ReportRegist/index
2021-11-17 16:16:41,136 DEBUG [115988] [] ------------------------------session_check_true
2021-11-17 16:16:41,136 DEBUG [115988] [] indexAction start
2021-11-17 16:16:41,136 DEBUG [115988] [] admin_no is 1
2021-11-17 16:16:41,137 DEBUG [115988] [] org_no and report no ----------- SELECT  report_test.report_no ,report.report_name report_name  ,report.show_flg show_flg  ,report.file_name file_name  ,org.org_no  ,org.org_id org_id  ,org.org_name org_name  ,org.org_name_official org_name_official  FROM  T_REPORT_TEST_INFO report_test  LEFT JOIN M_ORGANIZATION as org 	ON report_test.org_no = org.org_no  LEFT JOIN T_REPORT AS report 	ON report_test.report_no = report.report_no  WHERE org.org_no=:org_no AND report.report_no=:report_no AND report.del_flg = '0'  AND report_test.del_flg = '0'  AND org.del_flg = '0' 
2021-11-17 16:16:41,137 DEBUG [115988] []  SELECT  report_test.report_no ,report.report_name report_name  ,report.show_flg show_flg  ,report.file_name file_name  ,org.org_no  ,org.org_id org_id  ,org.org_name org_name  ,org.org_name_official org_name_official  FROM  T_REPORT_TEST_INFO report_test  LEFT JOIN M_ORGANIZATION as org 	ON report_test.org_no = org.org_no  LEFT JOIN T_REPORT AS report 	ON report_test.report_no = report.report_no  WHERE org.org_no=:org_no AND report.report_no=:report_no AND report.del_flg = '0'  AND report_test.del_flg = '0'  AND org.del_flg = '0' 
2021-11-17 16:16:41,205 DEBUG [115988] [] indexAction end
2021-11-17 16:16:41,205 DEBUG [115988] [] ReportRegistController end
2021-11-17 16:16:41,206 DEBUG [115988] [] finally
2021-11-17 16:16:44,474 DEBUG [115988] [] Request URI : /eccadmin_dev/ReportTestRegist/index
2021-11-17 16:16:44,475 DEBUG [115988] [] ReportTestRegistController start
2021-11-17 16:16:44,475 DEBUG [115988] [] controllers/ReportTestRegistController.php: is exist
2021-11-17 16:16:44,475 DEBUG [115988] [] ReportTestRegistForm: is exist
2021-11-17 16:16:44,475 DEBUG [115988] [] ReportTestRegistForm: form value set 
2021-11-17 16:16:44,476 DEBUG [115988] [] ------------------------------/eccadmin_dev/ReportTestRegist/index
2021-11-17 16:16:44,476 DEBUG [115988] [] ------------------------------session_check_true
2021-11-17 16:16:44,476 DEBUG [115988] [] indexAction start
2021-11-17 16:16:44,476 DEBUG [115988] [] admin_no is 1
2021-11-17 16:16:44,477 DEBUG [115988] [] 1111111111111------2
2021-11-17 16:16:44,477 DEBUG [115988] [] 1111111111111------ SELECT  distinct test_info.test_info_no test_info_no  ,test_info.test_info_name test_info_name  ,test_info.remarks remarks ,org.org_no org_no ,org.org_id org_id ,report_test.disp_no disp_no ,date_format(test_info.start_period,'%Y/%m/%d') as start_period  ,date_format(test_info.end_period,'%Y/%m/%d') as end_period  ,CASE WHEN test_info.status = 0 THEN  '非公開'  ELSE '公開' END AS status  FROM  T_TEST_INFO test_info  INNER JOIN T_REPORT as report  ON  report.org_no = test_info.org_no   LEFT JOIN T_REPORT_TEST_INFO as report_test  ON test_info.org_no = report_test.org_no  AND test_info.test_info_no = report_test.test_info_no  INNER JOIN M_ORGANIZATION as org  ON test_info.org_no = org.org_no  AND org.del_flg =  '0'  WHERE test_info.start_period <= :end_period  AND test_info.end_period >= :start_period  AND (org.org_no=:org_no )  AND test_info.del_flg = '0'  GROUP BY org.org_no, report.report_no, test_info.test_info_no, test_info.test_info_name, test_info.remarks, report_test.disp_no, start_period,end_period  ORDER BY  report_test.disp_no ASC
2021-11-17 16:16:44,480 DEBUG [115988] [] 1111111111111------SELECT org.org_no, report.report_no, report.report_name,test_info.test_info_no, test_info.test_info_name, test_info.remarks, test_info.start_period, test_info.end_period, report_test.disp_no FROM T_REPORT_TEST_INFO report_test LEFT JOIN M_ORGANIZATION AS org ON report_test.org_no = org.org_no LEFT JOIN T_REPORT AS report ON report_test.report_no = report.report_no LEFT JOIN T_TEST_INFO AS test_info ON report_test.test_info_no = test_info.test_info_no WHERE report.org_no = report_test.org_no  AND report_test.org_no = test_info.org_no  AND report.del_flg = '0'  AND test_info.del_flg = '0'  AND report_test.del_flg = '0' AND org.org_no=:org_no AND report_test.report_no=:report_no  GROUP BY org.org_no, report.report_no, test_info.test_info_no, test_info.test_info_name, test_info.remarks, report_test.disp_no, start_period,end_period ORDER BY report_test.disp_no ASC 
2021-11-17 16:16:44,554 DEBUG [115988] [] indexAction end
2021-11-17 16:16:44,554 DEBUG [115988] [] ReportTestRegistController end
2021-11-17 16:16:44,555 DEBUG [115988] [] finally
2021-11-17 16:43:17,420 DEBUG [116217] [] Request URI : /eccadmin_dev/ReportTestRegist/save
2021-11-17 16:43:17,421 DEBUG [116217] [] ReportTestRegistController start
2021-11-17 16:43:17,421 DEBUG [116217] [] controllers/ReportTestRegistController.php: is exist
2021-11-17 16:43:17,421 DEBUG [116217] [] ReportTestRegistForm: is exist
2021-11-17 16:43:17,421 DEBUG [116217] [] ReportTestRegistForm: form value set 
2021-11-17 16:43:17,422 DEBUG [116217] [] ------------------------------/eccadmin_dev/ReportTestRegist/save
2021-11-17 16:43:17,422 DEBUG [116217] [] ------------------------------session_check_true
2021-11-17 16:43:17,422 DEBUG [116217] [] saveAction start
2021-11-17 16:43:17,422 DEBUG [116217] [] admin_no is 1
2021-11-17 16:43:17,424 DEBUG [116217] [] INSERT INTO  T_REPORT_TEST_INFO (org_no,report_no,test_info_no,disp_no,del_flg,create_dt,creater_id,update_dt,updater_id ) VALUES ( :org_no,:report_no,:test_info_no,:disp_no,:del_flg,:create_dt,:creater_id,:update_dt,:updater_id );
2021-11-17 16:43:17,425 DEBUG [116217] [] INSERT INTO  T_REPORT_TEST_INFO (org_no,report_no,test_info_no,disp_no,del_flg,create_dt,creater_id,update_dt,updater_id ) VALUES ( :org_no,:report_no,:test_info_no,:disp_no,:del_flg,:create_dt,:creater_id,:update_dt,:updater_id );
2021-11-17 16:43:17,426 DEBUG [116217] [] INSERT INTO  T_REPORT_TEST_INFO (org_no,report_no,test_info_no,disp_no,del_flg,create_dt,creater_id,update_dt,updater_id ) VALUES ( :org_no,:report_no,:test_info_no,:disp_no,:del_flg,:create_dt,:creater_id,:update_dt,:updater_id );
2021-11-17 16:43:17,427 DEBUG [116217] [] 1111111111111------2
2021-11-17 16:43:17,427 DEBUG [116217] [] 1111111111111------ SELECT  distinct test_info.test_info_no test_info_no  ,test_info.test_info_name test_info_name  ,test_info.remarks remarks ,org.org_no org_no ,org.org_id org_id ,report_test.disp_no disp_no ,date_format(test_info.start_period,'%Y/%m/%d') as start_period  ,date_format(test_info.end_period,'%Y/%m/%d') as end_period  ,CASE WHEN test_info.status = 0 THEN  '非公開'  ELSE '公開' END AS status  FROM  T_TEST_INFO test_info  INNER JOIN T_REPORT as report  ON  report.org_no = test_info.org_no   LEFT JOIN T_REPORT_TEST_INFO as report_test  ON test_info.org_no = report_test.org_no  AND test_info.test_info_no = report_test.test_info_no  INNER JOIN M_ORGANIZATION as org  ON test_info.org_no = org.org_no  AND org.del_flg =  '0'  WHERE test_info.start_period <= :end_period  AND test_info.end_period >= :start_period  AND (org.org_no=:org_no )  AND test_info.del_flg = '0'  GROUP BY org.org_no, report.report_no, test_info.test_info_no, test_info.test_info_name, test_info.remarks, report_test.disp_no, start_period,end_period  ORDER BY  report_test.disp_no ASC
2021-11-17 16:43:17,432 DEBUG [116217] [] 1111111111111------SELECT org.org_no, report.report_no, report.report_name,test_info.test_info_no, test_info.test_info_name, test_info.remarks, test_info.start_period, test_info.end_period, report_test.disp_no FROM T_REPORT_TEST_INFO report_test LEFT JOIN M_ORGANIZATION AS org ON report_test.org_no = org.org_no LEFT JOIN T_REPORT AS report ON report_test.report_no = report.report_no LEFT JOIN T_TEST_INFO AS test_info ON report_test.test_info_no = test_info.test_info_no WHERE report.org_no = report_test.org_no  AND report_test.org_no = test_info.org_no  AND report.del_flg = '0'  AND test_info.del_flg = '0'  AND report_test.del_flg = '0' AND org.org_no=:org_no AND report_test.report_no=:report_no  GROUP BY org.org_no, report.report_no, test_info.test_info_no, test_info.test_info_name, test_info.remarks, report_test.disp_no, start_period,end_period ORDER BY report_test.disp_no ASC 
2021-11-17 16:43:17,509 DEBUG [116217] [] saveAction end
2021-11-17 16:43:17,509 DEBUG [116217] [] ReportTestRegistController end
2021-11-17 16:43:17,510 DEBUG [116217] [] finally
2021-11-17 16:43:26,535 DEBUG [116257] [] Request URI : /eccadmin_dev/Login/logout
2021-11-17 16:43:26,536 DEBUG [116257] [] LoginController start
2021-11-17 16:43:26,536 DEBUG [116257] [] controllers/LoginController.php: is exist
2021-11-17 16:43:26,536 DEBUG [116257] [] LoginForm: is exist
2021-11-17 16:43:26,536 DEBUG [116257] [] LoginForm: form value set 
2021-11-17 16:43:26,537 DEBUG [116257] [] ------------------------------/eccadmin_dev/Login/logout
2021-11-17 16:43:26,537 DEBUG [116257] [] ------------------------------login_start_check
2021-11-17 16:43:26,537 DEBUG [116257] [] logoutAction start
2021-11-17 16:43:26,537 DEBUG [116257] [] logoutAction end
2021-11-17 16:43:26,537 DEBUG [116257] [] LoginController end
2021-11-17 16:43:26,537 DEBUG [116257] [] finally
2021-11-17 16:43:26,566 DEBUG [116257] [] Request URI : /eccadmin_dev/Login
2021-11-17 16:43:26,567 DEBUG [116257] [] LoginController start
2021-11-17 16:43:26,567 DEBUG [116257] [] controllers/LoginController.php: is exist
2021-11-17 16:43:26,567 DEBUG [116257] [] LoginForm: is exist
2021-11-17 16:43:26,567 DEBUG [116257] [] LoginForm: form value set 
2021-11-17 16:43:26,568 DEBUG [116257] [] ------------------------------/eccadmin_dev/Login
2021-11-17 16:43:26,568 DEBUG [116257] [] ------------------------------login_start_check
2021-11-17 16:43:26,568 DEBUG [116257] [] indexAction start
2021-11-17 16:43:26,583 DEBUG [116257] [] indexAction end
2021-11-17 16:43:26,583 DEBUG [116257] [] LoginController end
2021-11-17 16:43:26,583 DEBUG [116257] [] finally
