2021-10-07 13:27:27,509 DEBUG [180256] [] Request URI : /eccadmin_dev/TeacherRegist
2021-10-07 13:27:27,538 DEBUG [180256] [] TeacherRegistController start
2021-10-07 13:27:27,544 DEBUG [180256] [] controllers/TeacherRegistController.php: is exist
2021-10-07 13:27:27,640 DEBUG [180256] [] TeacherRegistForm: is exist
2021-10-07 13:27:27,654 DEBUG [180256] [] TeacherRegistForm: form value set 
2021-10-07 13:27:27,654 DEBUG [180256] [] ------------------------------/eccadmin_dev/TeacherRegist
2021-10-07 13:27:27,654 DEBUG [180256] [] ------------------------------session_check_true
2021-10-07 13:27:27,654 DEBUG [180256] [] indexAction start
2021-10-07 13:27:27,655 DEBUG [180256] [] admin_no is 
2021-10-07 13:27:27,655 DEBUG [180256] [] indexAction end
2021-10-07 13:27:27,655 DEBUG [180256] [] TeacherRegistController end
2021-10-07 13:27:27,655 DEBUG [180256] [] finally
2021-10-07 13:27:27,807 DEBUG [180256] [] Request URI : /eccadmin_dev/Error/disp
2021-10-07 13:27:27,808 DEBUG [180256] [] ErrorController start
2021-10-07 13:27:27,808 DEBUG [180256] [] controllers/ErrorController.php: is exist
2021-10-07 13:27:27,817 DEBUG [180256] [] ErrorForm: is exist
2021-10-07 13:27:27,832 DEBUG [180256] [] ErrorForm: form value set 
2021-10-07 13:27:27,832 DEBUG [180256] [] ------------------------------/eccadmin_dev/Error/disp
2021-10-07 13:27:27,832 DEBUG [180256] [] ------------------------------login_start_check
2021-10-07 13:27:27,832 DEBUG [180256] [] dispAction start
2021-10-07 13:27:27,879 DEBUG [180256] [] dispAction end
2021-10-07 13:27:27,879 DEBUG [180256] [] ErrorController end
2021-10-07 13:27:27,879 DEBUG [180256] [] finally
2021-10-07 13:27:35,050 DEBUG [179743] [] Request URI : /eccadmin_dev/login
2021-10-07 13:27:35,051 DEBUG [179743] [] loginController start
2021-10-07 13:27:35,051 DEBUG [179743] [] controllers/loginController.php: is not exist
2021-10-07 13:27:35,051 DEBUG [179743] [] finally
2021-10-07 13:27:35,197 DEBUG [179743] [] Request URI : /eccadmin_dev/Error/disp
2021-10-07 13:27:35,198 DEBUG [179743] [] ErrorController start
2021-10-07 13:27:35,198 DEBUG [179743] [] controllers/ErrorController.php: is exist
2021-10-07 13:27:35,198 DEBUG [179743] [] ErrorForm: is exist
2021-10-07 13:27:35,198 DEBUG [179743] [] ErrorForm: form value set 
2021-10-07 13:27:35,199 DEBUG [179743] [] ------------------------------/eccadmin_dev/Error/disp
2021-10-07 13:27:35,199 DEBUG [179743] [] ------------------------------login_start_check
2021-10-07 13:27:35,199 DEBUG [179743] [] dispAction start
2021-10-07 13:27:35,212 DEBUG [179743] [] dispAction end
2021-10-07 13:27:35,212 DEBUG [179743] [] ErrorController end
2021-10-07 13:27:35,212 DEBUG [179743] [] finally
2021-10-07 13:27:40,368 DEBUG [179711] [] Request URI : /eccadmin_dev/Login
2021-10-07 13:27:40,369 DEBUG [179711] [] LoginController start
2021-10-07 13:27:40,369 DEBUG [179711] [] controllers/LoginController.php: is exist
2021-10-07 13:27:40,369 DEBUG [179711] [] LoginForm: is exist
2021-10-07 13:27:40,369 DEBUG [179711] [] LoginForm: form value set 
2021-10-07 13:27:40,370 DEBUG [179711] [] ------------------------------/eccadmin_dev/Login
2021-10-07 13:27:40,370 DEBUG [179711] [] ------------------------------login_start_check
2021-10-07 13:27:40,370 DEBUG [179711] [] indexAction start
2021-10-07 13:27:40,385 DEBUG [179711] [] indexAction end
2021-10-07 13:27:40,385 DEBUG [179711] [] LoginController end
2021-10-07 13:27:40,386 DEBUG [179711] [] finally
