2021-12-20 15:46:49,324 DEBUG [3061] [] Request URI : /eccadmin_dev/Login
2021-12-20 15:46:49,393 DEBUG [3061] [] LoginController start
2021-12-20 15:46:49,393 DEBUG [3061] [] controllers/LoginController.php: is exist
2021-12-20 15:46:49,467 DEBUG [3061] [] LoginForm: is exist
2021-12-20 15:46:49,491 DEBUG [3061] [] LoginForm: form value set 
2021-12-20 15:46:49,491 DEBUG [3061] [] ------------------------------/eccadmin_dev/Login
2021-12-20 15:46:49,492 DEBUG [3061] [] ------------------------------login_start_check
2021-12-20 15:46:49,492 DEBUG [3061] [] indexAction start
2021-12-20 15:46:49,622 DEBUG [3061] [] indexAction end
2021-12-20 15:46:49,622 DEBUG [3061] [] LoginController end
2021-12-20 15:46:49,622 DEBUG [3061] [] finally
2021-12-20 15:46:53,349 DEBUG [3061] [] Request URI : /eccadmin_dev/Login/login
2021-12-20 15:46:53,349 DEBUG [3061] [] LoginController start
2021-12-20 15:46:53,350 DEBUG [3061] [] controllers/LoginController.php: is exist
2021-12-20 15:46:53,350 DEBUG [3061] [] LoginForm: is exist
2021-12-20 15:46:53,350 DEBUG [3061] [] LoginForm: form value set 
2021-12-20 15:46:53,351 DEBUG [3061] [] ------------------------------/eccadmin_dev/Login/login
2021-12-20 15:46:53,351 DEBUG [3061] [] ------------------------------login_start_check
2021-12-20 15:46:53,351 DEBUG [3061] [] loginAction start
2021-12-20 15:46:53,655 DEBUG [3061] [] loginAction end
2021-12-20 15:46:53,655 DEBUG [3061] [] LoginController end
2021-12-20 15:46:53,655 DEBUG [3061] [] finally
2021-12-20 15:46:53,878 DEBUG [2973] [] Request URI : /eccadmin_dev/Menu
2021-12-20 15:46:53,879 DEBUG [2973] [] MenuController start
2021-12-20 15:46:53,879 DEBUG [2973] [] controllers/MenuController.php: is exist
2021-12-20 15:46:53,960 DEBUG [2973] [] MenuForm: is exist
2021-12-20 15:46:53,966 DEBUG [2973] [] MenuForm: form value set 
2021-12-20 15:46:53,966 DEBUG [2973] [] ------------------------------/eccadmin_dev/Menu
2021-12-20 15:46:53,966 DEBUG [2973] [] ------------------------------login_start_check
2021-12-20 15:46:53,966 DEBUG [2973] [] indexAction start
2021-12-20 15:46:53,967 DEBUG [2973] [] admin_no is 1
2021-12-20 15:46:54,045 DEBUG [2973] [] indexAction end
2021-12-20 15:46:54,045 DEBUG [2973] [] MenuController end
2021-12-20 15:46:54,045 DEBUG [2973] [] finally
2021-12-20 16:24:44,820 DEBUG [3443] [] Request URI : /eccadmin_dev/Login
2021-12-20 16:24:44,820 DEBUG [3443] [] LoginController start
2021-12-20 16:24:44,821 DEBUG [3443] [] controllers/LoginController.php: is exist
2021-12-20 16:24:44,821 DEBUG [3443] [] LoginForm: is exist
2021-12-20 16:24:44,821 DEBUG [3443] [] LoginForm: form value set 
2021-12-20 16:24:44,821 DEBUG [3443] [] ------------------------------/eccadmin_dev/Login
2021-12-20 16:24:44,821 DEBUG [3443] [] ------------------------------login_start_check
2021-12-20 16:24:44,822 DEBUG [3443] [] indexAction start
2021-12-20 16:24:44,838 DEBUG [3443] [] indexAction end
2021-12-20 16:24:44,838 DEBUG [3443] [] LoginController end
2021-12-20 16:24:44,838 DEBUG [3443] [] finally
2021-12-20 16:24:49,540 DEBUG [3443] [] Request URI : /eccadmin_dev/Login/login
2021-12-20 16:24:49,540 DEBUG [3443] [] LoginController start
2021-12-20 16:24:49,541 DEBUG [3443] [] controllers/LoginController.php: is exist
2021-12-20 16:24:49,541 DEBUG [3443] [] LoginForm: is exist
2021-12-20 16:24:49,541 DEBUG [3443] [] LoginForm: form value set 
2021-12-20 16:24:49,541 DEBUG [3443] [] ------------------------------/eccadmin_dev/Login/login
2021-12-20 16:24:49,542 DEBUG [3443] [] ------------------------------login_start_check
2021-12-20 16:24:49,542 DEBUG [3443] [] loginAction start
2021-12-20 16:24:49,842 DEBUG [3443] [] loginAction end
2021-12-20 16:24:49,842 DEBUG [3443] [] LoginController end
2021-12-20 16:24:49,842 DEBUG [3443] [] finally
2021-12-20 16:24:50,049 DEBUG [3443] [] Request URI : /eccadmin_dev/Menu
2021-12-20 16:24:50,049 DEBUG [3443] [] MenuController start
2021-12-20 16:24:50,049 DEBUG [3443] [] controllers/MenuController.php: is exist
2021-12-20 16:24:50,050 DEBUG [3443] [] MenuForm: is exist
2021-12-20 16:24:50,050 DEBUG [3443] [] MenuForm: form value set 
2021-12-20 16:24:50,050 DEBUG [3443] [] ------------------------------/eccadmin_dev/Menu
2021-12-20 16:24:50,051 DEBUG [3443] [] ------------------------------login_start_check
2021-12-20 16:24:50,051 DEBUG [3443] [] indexAction start
2021-12-20 16:24:50,051 DEBUG [3443] [] admin_no is 1
2021-12-20 16:24:50,101 DEBUG [3443] [] indexAction end
2021-12-20 16:24:50,101 DEBUG [3443] [] MenuController end
2021-12-20 16:24:50,101 DEBUG [3443] [] finally
2021-12-20 16:24:54,985 DEBUG [3443] [] Request URI : /eccadmin_dev/WordBookList
2021-12-20 16:24:54,985 DEBUG [3443] [] WordBookListController start
2021-12-20 16:24:54,985 DEBUG [3443] [] controllers/WordBookListController.php: is exist
2021-12-20 16:24:55,009 DEBUG [3443] [] 1
2021-12-20 16:24:55,010 DEBUG [3443] [] 2
2021-12-20 16:24:55,011 DEBUG [3443] [] 3
2021-12-20 16:24:55,012 DEBUG [3443] [] 4
2021-12-20 16:24:55,013 DEBUG [3443] [] WordBookListForm: is exist
2021-12-20 16:24:55,013 DEBUG [3443] [] WordBookListForm: form value set 
2021-12-20 16:24:55,014 DEBUG [3443] [] ------------------------------/eccadmin_dev/WordBookList
2021-12-20 16:24:55,014 DEBUG [3443] [] indexAction start
2021-12-20 16:24:55,014 DEBUG [3443] [] admin_no is 1
2021-12-20 16:24:55,110 DEBUG [3443] [] indexAction end
2021-12-20 16:24:55,110 DEBUG [3443] [] WordBookListController end
2021-12-20 16:24:55,110 DEBUG [3443] [] finally
2021-12-20 16:33:29,269 DEBUG [3386] [] Request URI : /eccadmin_dev/WordBookList
2021-12-20 16:33:29,270 DEBUG [3386] [] WordBookListController start
2021-12-20 16:33:29,270 DEBUG [3386] [] controllers/WordBookListController.php: is exist
2021-12-20 16:33:29,270 DEBUG [3386] [] 1
2021-12-20 16:33:29,270 DEBUG [3386] [] 2
2021-12-20 16:33:29,270 DEBUG [3386] [] 3
2021-12-20 16:33:29,270 DEBUG [3386] [] 4
2021-12-20 16:33:29,270 DEBUG [3386] [] WordBookListForm: is exist
2021-12-20 16:33:29,271 DEBUG [3386] [] WordBookListForm: form value set 
2021-12-20 16:33:29,271 DEBUG [3386] [] ------------------------------/eccadmin_dev/WordBookList
2021-12-20 16:33:29,271 DEBUG [3386] [] indexAction start
2021-12-20 16:33:29,271 DEBUG [3386] [] admin_no is 1
2021-12-20 16:33:29,340 DEBUG [3386] [] indexAction end
2021-12-20 16:33:29,340 DEBUG [3386] [] WordBookListController end
2021-12-20 16:33:29,340 DEBUG [3386] [] finally
2021-12-20 16:34:45,434 DEBUG [3530] [] Request URI : /eccadmin_dev/WordBookList
2021-12-20 16:34:45,435 DEBUG [3530] [] WordBookListController start
2021-12-20 16:34:45,435 DEBUG [3530] [] controllers/WordBookListController.php: is exist
2021-12-20 16:34:45,435 DEBUG [3530] [] 1
2021-12-20 16:34:45,435 DEBUG [3530] [] 2
2021-12-20 16:34:45,435 DEBUG [3530] [] 3
2021-12-20 16:34:45,435 DEBUG [3530] [] 4
2021-12-20 16:34:45,435 DEBUG [3530] [] WordBookListForm: is exist
2021-12-20 16:34:45,436 DEBUG [3530] [] WordBookListForm: form value set 
2021-12-20 16:34:45,436 DEBUG [3530] [] ------------------------------/eccadmin_dev/WordBookList
2021-12-20 16:34:45,436 DEBUG [3530] [] indexAction start
2021-12-20 16:34:45,436 DEBUG [3530] [] admin_no is 1
2021-12-20 16:34:45,499 DEBUG [3530] [] indexAction end
2021-12-20 16:34:45,499 DEBUG [3530] [] WordBookListController end
2021-12-20 16:34:45,500 DEBUG [3530] [] finally
2021-12-20 16:35:02,996 DEBUG [3386] [] Request URI : /eccadmin_dev/WordBookList
2021-12-20 16:35:02,997 DEBUG [3386] [] WordBookListController start
2021-12-20 16:35:02,997 DEBUG [3386] [] controllers/WordBookListController.php: is exist
2021-12-20 16:35:02,997 DEBUG [3386] [] 1
2021-12-20 16:35:02,997 DEBUG [3386] [] 2
2021-12-20 16:35:02,997 DEBUG [3386] [] 3
2021-12-20 16:35:02,997 DEBUG [3386] [] 4
2021-12-20 16:35:02,998 DEBUG [3386] [] WordBookListForm: is exist
2021-12-20 16:35:02,998 DEBUG [3386] [] WordBookListForm: form value set 
2021-12-20 16:35:02,998 DEBUG [3386] [] ------------------------------/eccadmin_dev/WordBookList
2021-12-20 16:35:02,998 DEBUG [3386] [] indexAction start
2021-12-20 16:35:02,998 DEBUG [3386] [] admin_no is 1
2021-12-20 16:35:03,056 DEBUG [3386] [] indexAction end
2021-12-20 16:35:03,056 DEBUG [3386] [] WordBookListController end
2021-12-20 16:35:03,056 DEBUG [3386] [] finally
2021-12-20 16:35:52,619 DEBUG [3538] [] Request URI : /eccadmin_dev/WordBookList
2021-12-20 16:35:52,620 DEBUG [3538] [] WordBookListController start
2021-12-20 16:35:52,620 DEBUG [3538] [] controllers/WordBookListController.php: is exist
2021-12-20 16:35:52,620 DEBUG [3538] [] 1
2021-12-20 16:35:52,620 DEBUG [3538] [] 2
2021-12-20 16:35:52,620 DEBUG [3538] [] 3
2021-12-20 16:35:52,621 DEBUG [3538] [] 4
2021-12-20 16:35:52,621 DEBUG [3538] [] WordBookListForm: is exist
2021-12-20 16:35:52,621 DEBUG [3538] [] WordBookListForm: form value set 
2021-12-20 16:35:52,621 DEBUG [3538] [] ------------------------------/eccadmin_dev/WordBookList
2021-12-20 16:35:52,621 DEBUG [3538] [] indexAction start
2021-12-20 16:35:52,622 DEBUG [3538] [] admin_no is 1
2021-12-20 16:35:52,689 DEBUG [3538] [] indexAction end
2021-12-20 16:35:52,689 DEBUG [3538] [] WordBookListController end
2021-12-20 16:35:52,689 DEBUG [3538] [] finally
2021-12-20 16:35:54,325 DEBUG [3512] [] Request URI : /eccadmin_dev/WordSort/index
2021-12-20 16:35:54,325 DEBUG [3512] [] WordSortController start
2021-12-20 16:35:54,325 DEBUG [3512] [] controllers/WordSortController.php: is exist
2021-12-20 16:35:54,329 DEBUG [3512] [] WordSortForm: is exist
2021-12-20 16:35:54,329 DEBUG [3512] [] WordSortForm: form value set 
2021-12-20 16:35:54,330 DEBUG [3512] [] ------------------------------/eccadmin_dev/WordSort/index
2021-12-20 16:35:54,330 DEBUG [3512] [] ------------------------------session_check_true
2021-12-20 16:35:54,330 DEBUG [3512] [] indexAction start
2021-12-20 16:35:54,330 DEBUG [3512] [] admin_no is 1
2021-12-20 16:35:54,395 DEBUG [3512] [] indexAction end
2021-12-20 16:35:54,395 DEBUG [3512] [] WordSortController end
2021-12-20 16:35:54,396 DEBUG [3512] [] finally
2021-12-20 16:35:57,350 DEBUG [3512] [] Request URI : /eccadmin_dev/WordBookList
2021-12-20 16:35:57,351 DEBUG [3512] [] WordBookListController start
2021-12-20 16:35:57,351 DEBUG [3512] [] controllers/WordBookListController.php: is exist
2021-12-20 16:35:57,351 DEBUG [3512] [] 1
2021-12-20 16:35:57,351 DEBUG [3512] [] 2
2021-12-20 16:35:57,351 DEBUG [3512] [] 3
2021-12-20 16:35:57,351 DEBUG [3512] [] 4
2021-12-20 16:35:57,352 DEBUG [3512] [] WordBookListForm: is exist
2021-12-20 16:35:57,352 DEBUG [3512] [] WordBookListForm: form value set 
2021-12-20 16:35:57,352 DEBUG [3512] [] ------------------------------/eccadmin_dev/WordBookList
2021-12-20 16:35:57,352 DEBUG [3512] [] indexAction start
2021-12-20 16:35:57,353 DEBUG [3512] [] admin_no is 1
2021-12-20 16:35:57,420 DEBUG [3512] [] indexAction end
2021-12-20 16:35:57,420 DEBUG [3512] [] WordBookListController end
2021-12-20 16:35:57,420 DEBUG [3512] [] finally
2021-12-20 16:35:59,060 DEBUG [3512] [] Request URI : /eccadmin_dev/WordSort/index
2021-12-20 16:35:59,060 DEBUG [3512] [] WordSortController start
2021-12-20 16:35:59,060 DEBUG [3512] [] controllers/WordSortController.php: is exist
2021-12-20 16:35:59,061 DEBUG [3512] [] WordSortForm: is exist
2021-12-20 16:35:59,061 DEBUG [3512] [] WordSortForm: form value set 
2021-12-20 16:35:59,061 DEBUG [3512] [] ------------------------------/eccadmin_dev/WordSort/index
2021-12-20 16:35:59,061 DEBUG [3512] [] ------------------------------session_check_true
2021-12-20 16:35:59,061 DEBUG [3512] [] indexAction start
2021-12-20 16:35:59,062 DEBUG [3512] [] admin_no is 1
2021-12-20 16:35:59,131 DEBUG [3512] [] indexAction end
2021-12-20 16:35:59,131 DEBUG [3512] [] WordSortController end
2021-12-20 16:35:59,132 DEBUG [3512] [] finally
2021-12-20 16:36:24,674 DEBUG [3512] [] Request URI : /eccadmin_dev/WordSort/save
2021-12-20 16:36:24,675 DEBUG [3512] [] WordSortController start
2021-12-20 16:36:24,675 DEBUG [3512] [] controllers/WordSortController.php: is exist
2021-12-20 16:36:24,675 DEBUG [3512] [] WordSortForm: is exist
2021-12-20 16:36:24,676 DEBUG [3512] [] WordSortForm: form value set 
2021-12-20 16:36:24,676 DEBUG [3512] [] ------------------------------/eccadmin_dev/WordSort/save
2021-12-20 16:36:24,676 DEBUG [3512] [] ------------------------------session_check_true
2021-12-20 16:36:24,676 DEBUG [3512] [] saveAction start
2021-12-20 16:36:24,676 DEBUG [3512] [] admin_no is 1
2021-12-20 16:36:24,680 DEBUG [3512] [] INSERT INTO  T_WORDBOOK_WORD (org_no,wordbook_id,word_id,disp_no,creater_id,updater_id,del_flg,create_dt,update_dt ) VALUES ( :org_no,:wordbook_id,:word_id,:disp_no,:creater_id,:updater_id,:del_flg,:create_dt,:update_dt );
2021-12-20 16:36:24,681 DEBUG [3512] [] INSERT INTO  T_WORDBOOK_WORD (org_no,wordbook_id,word_id,disp_no,creater_id,updater_id,del_flg,create_dt,update_dt ) VALUES ( :org_no,:wordbook_id,:word_id,:disp_no,:creater_id,:updater_id,:del_flg,:create_dt,:update_dt );
2021-12-20 16:36:24,683 DEBUG [3512] [] INSERT INTO  T_WORDBOOK_WORD (org_no,wordbook_id,word_id,disp_no,creater_id,updater_id,del_flg,create_dt,update_dt ) VALUES ( :org_no,:wordbook_id,:word_id,:disp_no,:creater_id,:updater_id,:del_flg,:create_dt,:update_dt );
2021-12-20 16:36:24,684 DEBUG [3512] [] INSERT INTO  T_WORDBOOK_WORD (org_no,wordbook_id,word_id,disp_no,creater_id,updater_id,del_flg,create_dt,update_dt ) VALUES ( :org_no,:wordbook_id,:word_id,:disp_no,:creater_id,:updater_id,:del_flg,:create_dt,:update_dt );
2021-12-20 16:36:24,756 DEBUG [3512] [] saveAction end
2021-12-20 16:36:24,757 DEBUG [3512] [] WordSortController end
2021-12-20 16:36:24,757 DEBUG [3512] [] finally
2021-12-20 16:38:51,891 DEBUG [3570] [] Request URI : /eccadmin_dev/WordSort/back
2021-12-20 16:38:51,891 DEBUG [3570] [] WordSortController start
2021-12-20 16:38:51,892 DEBUG [3570] [] controllers/WordSortController.php: is exist
2021-12-20 16:38:51,892 DEBUG [3570] [] WordSortForm: is exist
2021-12-20 16:38:51,892 DEBUG [3570] [] WordSortForm: form value set 
2021-12-20 16:38:51,892 DEBUG [3570] [] ------------------------------/eccadmin_dev/WordSort/back
2021-12-20 16:38:51,893 DEBUG [3570] [] ------------------------------session_check_true
2021-12-20 16:38:51,893 DEBUG [3570] [] backAction start
2021-12-20 16:38:51,893 DEBUG [3570] [] backAction end
2021-12-20 16:38:51,893 DEBUG [3570] [] WordSortController end
2021-12-20 16:38:51,893 DEBUG [3570] [] finally
2021-12-20 16:38:52,120 DEBUG [3570] [] Request URI : /eccadmin_dev/WordBookList/Search
2021-12-20 16:38:52,120 DEBUG [3570] [] WordBookListController start
2021-12-20 16:38:52,120 DEBUG [3570] [] controllers/WordBookListController.php: is exist
2021-12-20 16:38:52,121 DEBUG [3570] [] 1
2021-12-20 16:38:52,121 DEBUG [3570] [] 2
2021-12-20 16:38:52,121 DEBUG [3570] [] 3
2021-12-20 16:38:52,121 DEBUG [3570] [] 4
2021-12-20 16:38:52,121 DEBUG [3570] [] WordBookListForm: is exist
2021-12-20 16:38:52,121 DEBUG [3570] [] WordBookListForm: form value set 
2021-12-20 16:38:52,122 DEBUG [3570] [] ------------------------------/eccadmin_dev/WordBookList/Search
2021-12-20 16:38:52,122 DEBUG [3570] [] SearchAction start
2021-12-20 16:38:52,122 DEBUG [3570] [] admin_no is 1
2021-12-20 16:38:52,188 DEBUG [3570] [] SearchAction end
2021-12-20 16:38:52,188 DEBUG [3570] [] WordBookListController end
2021-12-20 16:38:52,188 DEBUG [3570] [] finally
2021-12-20 16:39:49,394 DEBUG [3538] [] Request URI : /eccadmin_dev/Login
2021-12-20 16:39:49,394 DEBUG [3538] [] LoginController start
2021-12-20 16:39:49,395 DEBUG [3538] [] controllers/LoginController.php: is exist
2021-12-20 16:39:49,395 DEBUG [3538] [] LoginForm: is exist
2021-12-20 16:39:49,395 DEBUG [3538] [] LoginForm: form value set 
2021-12-20 16:39:49,395 DEBUG [3538] [] ------------------------------/eccadmin_dev/Login
2021-12-20 16:39:49,396 DEBUG [3538] [] ------------------------------login_start_check
2021-12-20 16:39:49,396 DEBUG [3538] [] indexAction start
2021-12-20 16:39:49,412 DEBUG [3538] [] indexAction end
2021-12-20 16:39:49,412 DEBUG [3538] [] LoginController end
2021-12-20 16:39:49,412 DEBUG [3538] [] finally
2021-12-20 16:39:57,116 DEBUG [3564] [] Request URI : /eccadmin_dev/Login/login
2021-12-20 16:39:57,117 DEBUG [3564] [] LoginController start
2021-12-20 16:39:57,117 DEBUG [3564] [] controllers/LoginController.php: is exist
2021-12-20 16:39:57,117 DEBUG [3564] [] LoginForm: is exist
2021-12-20 16:39:57,117 DEBUG [3564] [] LoginForm: form value set 
2021-12-20 16:39:57,118 DEBUG [3564] [] ------------------------------/eccadmin_dev/Login/login
2021-12-20 16:39:57,118 DEBUG [3564] [] ------------------------------login_start_check
2021-12-20 16:39:57,118 DEBUG [3564] [] loginAction start
2021-12-20 16:39:57,425 DEBUG [3564] [] loginAction end
2021-12-20 16:39:57,425 DEBUG [3564] [] LoginController end
2021-12-20 16:39:57,425 DEBUG [3564] [] finally
2021-12-20 16:39:57,654 DEBUG [3611] [] Request URI : /eccadmin_dev/Menu
2021-12-20 16:39:57,658 DEBUG [3611] [] MenuController start
2021-12-20 16:39:57,658 DEBUG [3611] [] controllers/MenuController.php: is exist
2021-12-20 16:39:57,659 DEBUG [3611] [] MenuForm: is exist
2021-12-20 16:39:57,659 DEBUG [3611] [] MenuForm: form value set 
2021-12-20 16:39:57,660 DEBUG [3611] [] ------------------------------/eccadmin_dev/Menu
2021-12-20 16:39:57,660 DEBUG [3611] [] ------------------------------login_start_check
2021-12-20 16:39:57,660 DEBUG [3611] [] indexAction start
2021-12-20 16:39:57,660 DEBUG [3611] [] admin_no is 1
2021-12-20 16:39:57,709 DEBUG [3611] [] indexAction end
2021-12-20 16:39:57,709 DEBUG [3611] [] MenuController end
2021-12-20 16:39:57,709 DEBUG [3611] [] finally
2021-12-20 16:40:39,875 DEBUG [3598] [] Request URI : /eccadmin_dev/WordBookList
2021-12-20 16:40:39,876 DEBUG [3598] [] WordBookListController start
2021-12-20 16:40:39,876 DEBUG [3598] [] controllers/WordBookListController.php: is exist
2021-12-20 16:40:39,876 DEBUG [3598] [] 1
2021-12-20 16:40:39,876 DEBUG [3598] [] 2
2021-12-20 16:40:39,876 DEBUG [3598] [] 3
2021-12-20 16:40:39,876 DEBUG [3598] [] 4
2021-12-20 16:40:39,876 DEBUG [3598] [] WordBookListForm: is exist
2021-12-20 16:40:39,876 DEBUG [3598] [] WordBookListForm: form value set 
2021-12-20 16:40:39,877 DEBUG [3598] [] ------------------------------/eccadmin_dev/WordBookList
2021-12-20 16:40:39,877 DEBUG [3598] [] indexAction start
2021-12-20 16:40:39,877 DEBUG [3598] [] admin_no is 1
2021-12-20 16:40:39,944 DEBUG [3598] [] indexAction end
2021-12-20 16:40:39,945 DEBUG [3598] [] WordBookListController end
2021-12-20 16:40:39,945 DEBUG [3598] [] finally
2021-12-20 16:41:38,676 DEBUG [3626] [] Request URI : /eccadmin_dev/WordList
2021-12-20 16:41:38,677 DEBUG [3626] [] WordListController start
2021-12-20 16:41:38,677 DEBUG [3626] [] controllers/WordListController.php: is exist
2021-12-20 16:41:38,681 DEBUG [3626] [] WordListForm: is exist
2021-12-20 16:41:38,682 DEBUG [3626] [] WordListForm: form value set 
2021-12-20 16:41:38,682 DEBUG [3626] [] ------------------------------/eccadmin_dev/WordList
2021-12-20 16:41:38,682 DEBUG [3626] [] indexAction start
2021-12-20 16:41:38,682 DEBUG [3626] [] admin_no is 1
2021-12-20 16:41:38,769 DEBUG [3626] [] indexAction end
2021-12-20 16:41:38,769 DEBUG [3626] [] WordListController end
2021-12-20 16:41:38,769 DEBUG [3626] [] finally
2021-12-20 16:42:28,681 DEBUG [3626] [] Request URI : /eccadmin_dev/WordList
2021-12-20 16:42:28,682 DEBUG [3626] [] WordListController start
2021-12-20 16:42:28,682 DEBUG [3626] [] controllers/WordListController.php: is exist
2021-12-20 16:42:28,682 DEBUG [3626] [] WordListForm: is exist
2021-12-20 16:42:28,682 DEBUG [3626] [] WordListForm: form value set 
2021-12-20 16:42:28,683 DEBUG [3626] [] ------------------------------/eccadmin_dev/WordList
2021-12-20 16:42:28,683 DEBUG [3626] [] indexAction start
2021-12-20 16:42:28,683 DEBUG [3626] [] admin_no is 1
2021-12-20 16:42:28,750 DEBUG [3626] [] indexAction end
2021-12-20 16:42:28,750 DEBUG [3626] [] WordListController end
2021-12-20 16:42:28,751 DEBUG [3626] [] finally
2021-12-20 16:43:52,933 DEBUG [3542] [] Request URI : /eccadmin_dev/WordList/Search
2021-12-20 16:43:52,934 DEBUG [3542] [] WordListController start
2021-12-20 16:43:52,934 DEBUG [3542] [] controllers/WordListController.php: is exist
2021-12-20 16:43:52,934 DEBUG [3542] [] WordListForm: is exist
2021-12-20 16:43:52,934 DEBUG [3542] [] WordListForm: form value set 
2021-12-20 16:43:52,935 DEBUG [3542] [] ------------------------------/eccadmin_dev/WordList/Search
2021-12-20 16:43:52,935 DEBUG [3542] [] SearchAction start
2021-12-20 16:43:52,935 DEBUG [3542] [] admin_no is 1
2021-12-20 16:43:52,999 DEBUG [3542] [] SearchAction end
2021-12-20 16:43:52,999 DEBUG [3542] [] WordListController end
2021-12-20 16:43:53,000 DEBUG [3542] [] finally
2021-12-20 16:43:56,112 DEBUG [3542] [] Request URI : /eccadmin_dev/WordList/Search
2021-12-20 16:43:56,113 DEBUG [3542] [] WordListController start
2021-12-20 16:43:56,113 DEBUG [3542] [] controllers/WordListController.php: is exist
2021-12-20 16:43:56,113 DEBUG [3542] [] WordListForm: is exist
2021-12-20 16:43:56,113 DEBUG [3542] [] WordListForm: form value set 
2021-12-20 16:43:56,114 DEBUG [3542] [] ------------------------------/eccadmin_dev/WordList/Search
2021-12-20 16:43:56,114 DEBUG [3542] [] SearchAction start
2021-12-20 16:43:56,114 DEBUG [3542] [] admin_no is 1
2021-12-20 16:43:56,176 DEBUG [3542] [] SearchAction end
2021-12-20 16:43:56,176 DEBUG [3542] [] WordListController end
2021-12-20 16:43:56,176 DEBUG [3542] [] finally
2021-12-20 16:44:44,537 DEBUG [3614] [] Request URI : /eccadmin_dev/WordBookList
2021-12-20 16:44:44,538 DEBUG [3614] [] WordBookListController start
2021-12-20 16:44:44,538 DEBUG [3614] [] controllers/WordBookListController.php: is exist
2021-12-20 16:44:44,538 DEBUG [3614] [] 1
2021-12-20 16:44:44,538 DEBUG [3614] [] 2
2021-12-20 16:44:44,538 DEBUG [3614] [] 3
2021-12-20 16:44:44,538 DEBUG [3614] [] 4
2021-12-20 16:44:44,538 DEBUG [3614] [] WordBookListForm: is exist
2021-12-20 16:44:44,539 DEBUG [3614] [] WordBookListForm: form value set 
2021-12-20 16:44:44,539 DEBUG [3614] [] ------------------------------/eccadmin_dev/WordBookList
2021-12-20 16:44:44,539 DEBUG [3614] [] indexAction start
2021-12-20 16:44:44,539 DEBUG [3614] [] admin_no is 1
2021-12-20 16:44:44,605 DEBUG [3614] [] indexAction end
2021-12-20 16:44:44,605 DEBUG [3614] [] WordBookListController end
2021-12-20 16:44:44,605 DEBUG [3614] [] finally
2021-12-20 16:44:47,454 DEBUG [3614] [] Request URI : /eccadmin_dev/WordBookRegist
2021-12-20 16:44:47,455 DEBUG [3614] [] WordBookRegistController start
2021-12-20 16:44:47,455 DEBUG [3614] [] controllers/WordBookRegistController.php: is exist
2021-12-20 16:44:47,458 DEBUG [3614] [] 1
2021-12-20 16:44:47,458 DEBUG [3614] [] 2
2021-12-20 16:44:47,458 DEBUG [3614] [] 3
2021-12-20 16:44:47,458 DEBUG [3614] [] 4
2021-12-20 16:44:47,458 DEBUG [3614] [] WordBookRegistForm: is exist
2021-12-20 16:44:47,459 DEBUG [3614] [] WordBookRegistForm: form value set 
2021-12-20 16:44:47,459 DEBUG [3614] [] ------------------------------/eccadmin_dev/WordBookRegist
2021-12-20 16:44:47,460 DEBUG [3614] [] ------------------------------session_check_true
2021-12-20 16:44:47,460 DEBUG [3614] [] indexAction start
2021-12-20 16:44:47,460 DEBUG [3614] [] admin_no is 1
2021-12-20 16:44:47,542 DEBUG [3614] [] indexAction end
2021-12-20 16:44:47,542 DEBUG [3614] [] WordBookRegistController end
2021-12-20 16:44:47,543 DEBUG [3614] [] finally
2021-12-20 16:44:51,577 DEBUG [3614] [] Request URI : /eccadmin_dev/WordList
2021-12-20 16:44:51,577 DEBUG [3614] [] WordListController start
2021-12-20 16:44:51,578 DEBUG [3614] [] controllers/WordListController.php: is exist
2021-12-20 16:44:51,578 DEBUG [3614] [] WordListForm: is exist
2021-12-20 16:44:51,578 DEBUG [3614] [] WordListForm: form value set 
2021-12-20 16:44:51,578 DEBUG [3614] [] ------------------------------/eccadmin_dev/WordList
2021-12-20 16:44:51,579 DEBUG [3614] [] indexAction start
2021-12-20 16:44:51,579 DEBUG [3614] [] admin_no is 1
2021-12-20 16:44:51,641 DEBUG [3614] [] indexAction end
2021-12-20 16:44:51,641 DEBUG [3614] [] WordListController end
2021-12-20 16:44:51,641 DEBUG [3614] [] finally
2021-12-20 16:44:55,080 DEBUG [3614] [] Request URI : /eccadmin_dev/WordBookRegist
2021-12-20 16:44:55,080 DEBUG [3614] [] WordBookRegistController start
2021-12-20 16:44:55,080 DEBUG [3614] [] controllers/WordBookRegistController.php: is exist
2021-12-20 16:44:55,081 DEBUG [3614] [] 1
2021-12-20 16:44:55,081 DEBUG [3614] [] 2
2021-12-20 16:44:55,081 DEBUG [3614] [] 3
2021-12-20 16:44:55,081 DEBUG [3614] [] 4
2021-12-20 16:44:55,081 DEBUG [3614] [] WordBookRegistForm: is exist
2021-12-20 16:44:55,081 DEBUG [3614] [] WordBookRegistForm: form value set 
2021-12-20 16:44:55,082 DEBUG [3614] [] ------------------------------/eccadmin_dev/WordBookRegist
2021-12-20 16:44:55,082 DEBUG [3614] [] ------------------------------session_check_true
2021-12-20 16:44:55,082 DEBUG [3614] [] indexAction start
2021-12-20 16:44:55,082 DEBUG [3614] [] admin_no is 1
2021-12-20 16:44:55,169 DEBUG [3614] [] indexAction end
2021-12-20 16:44:55,169 DEBUG [3614] [] WordBookRegistController end
2021-12-20 16:44:55,169 DEBUG [3614] [] finally
2021-12-20 16:45:15,669 DEBUG [3542] [] Request URI : /eccadmin_dev/WordList
2021-12-20 16:45:15,669 DEBUG [3542] [] WordListController start
2021-12-20 16:45:15,669 DEBUG [3542] [] controllers/WordListController.php: is exist
2021-12-20 16:45:15,670 DEBUG [3542] [] WordListForm: is exist
2021-12-20 16:45:15,670 DEBUG [3542] [] WordListForm: form value set 
2021-12-20 16:45:15,670 DEBUG [3542] [] ------------------------------/eccadmin_dev/WordList
2021-12-20 16:45:15,671 DEBUG [3542] [] indexAction start
2021-12-20 16:45:15,671 DEBUG [3542] [] admin_no is 1
2021-12-20 16:45:15,733 DEBUG [3542] [] indexAction end
2021-12-20 16:45:15,733 DEBUG [3542] [] WordListController end
2021-12-20 16:45:15,733 DEBUG [3542] [] finally
2021-12-20 16:45:19,062 DEBUG [3542] [] Request URI : /eccadmin_dev/WordRegist
2021-12-20 16:45:19,062 DEBUG [3542] [] WordRegistController start
2021-12-20 16:45:19,063 DEBUG [3542] [] controllers/WordRegistController.php: is exist
2021-12-20 16:45:19,066 DEBUG [3542] [] WordRegistForm: is exist
2021-12-20 16:45:19,066 DEBUG [3542] [] WordRegistForm: form value set 
2021-12-20 16:45:19,067 DEBUG [3542] [] ------------------------------/eccadmin_dev/WordRegist
2021-12-20 16:45:19,067 DEBUG [3542] [] ------------------------------session_check_true
2021-12-20 16:45:19,067 DEBUG [3542] [] indexAction start
2021-12-20 16:45:19,067 DEBUG [3542] [] admin_no is 1
2021-12-20 16:45:19,070 DEBUG [3542] [] word_id
2021-12-20 16:45:19,141 DEBUG [3542] [] indexAction end
2021-12-20 16:45:19,141 DEBUG [3542] [] WordRegistController end
2021-12-20 16:45:19,141 DEBUG [3542] [] finally
