2021-11-03 11:59:10,429 DEBUG [161699] [] Request URI : /eccadmin_dev/Login
2021-11-03 11:59:10,469 DEBUG [161699] [] LoginController start
2021-11-03 11:59:10,490 DEBUG [161699] [] controllers/LoginController.php: is exist
2021-11-03 11:59:10,520 DEBUG [161699] [] LoginForm: is exist
2021-11-03 11:59:10,520 DEBUG [161699] [] LoginForm: form value set 
2021-11-03 11:59:10,520 DEBUG [161699] [] ------------------------------/eccadmin_dev/Login
2021-11-03 11:59:10,521 DEBUG [161699] [] ------------------------------login_start_check
2021-11-03 11:59:10,521 DEBUG [161699] [] indexAction start
2021-11-03 11:59:10,555 DEBUG [161699] [] indexAction end
2021-11-03 11:59:10,555 DEBUG [161699] [] LoginController end
2021-11-03 11:59:10,555 DEBUG [161699] [] finally
2021-11-03 18:54:18,862 DEBUG [166596] [] Request URI : /eccadmin_dev/Login
2021-11-03 18:54:18,863 DEBUG [166596] [] LoginController start
2021-11-03 18:54:18,863 DEBUG [166596] [] controllers/LoginController.php: is exist
2021-11-03 18:54:18,863 DEBUG [166596] [] LoginForm: is exist
2021-11-03 18:54:18,863 DEBUG [166596] [] LoginForm: form value set 
2021-11-03 18:54:18,864 DEBUG [166596] [] ------------------------------/eccadmin_dev/Login
2021-11-03 18:54:18,864 DEBUG [166596] [] ------------------------------login_start_check
2021-11-03 18:54:18,864 DEBUG [166596] [] indexAction start
2021-11-03 18:54:18,880 DEBUG [166596] [] indexAction end
2021-11-03 18:54:18,880 DEBUG [166596] [] LoginController end
2021-11-03 18:54:18,880 DEBUG [166596] [] finally
