2020-11-02 16:00:19,163 DEBUG [50452] [] Request URI : /eccadmin_dev/Login
2020-11-02 16:00:19,198 DEBUG [50452] [] LoginController start
2020-11-02 16:00:19,198 DEBUG [50452] [] controllers/LoginController.php: is exist
2020-11-02 16:00:19,238 DEBUG [50452] [] LoginForm: is exist
2020-11-02 16:00:19,238 DEBUG [50452] [] LoginForm: form value set 
2020-11-02 16:00:19,239 DEBUG [50452] [] ------------------------------/eccadmin_dev/Login
2020-11-02 16:00:19,239 DEBUG [50452] [] ------------------------------login_start_check
2020-11-02 16:00:19,239 DEBUG [50452] [] indexAction start
2020-11-02 16:00:19,330 DEBUG [50452] [] indexAction end
2020-11-02 16:00:19,330 DEBUG [50452] [] LoginController end
2020-11-02 16:00:19,331 DEBUG [50452] [] finally
2020-11-02 19:53:02,899 DEBUG [53195] [] Request URI : /eccadmin_dev/Login
2020-11-02 19:53:02,899 DEBUG [53195] [] LoginController start
2020-11-02 19:53:02,899 DEBUG [53195] [] controllers/LoginController.php: is exist
2020-11-02 19:53:02,900 DEBUG [53195] [] LoginForm: is exist
2020-11-02 19:53:02,900 DEBUG [53195] [] LoginForm: form value set 
2020-11-02 19:53:02,900 DEBUG [53195] [] ------------------------------/eccadmin_dev/Login
2020-11-02 19:53:02,900 DEBUG [53195] [] ------------------------------login_start_check
2020-11-02 19:53:02,900 DEBUG [53195] [] indexAction start
2020-11-02 19:53:02,974 DEBUG [53195] [] indexAction end
2020-11-02 19:53:02,974 DEBUG [53195] [] LoginController end
2020-11-02 19:53:02,974 DEBUG [53195] [] finally
