2021-08-21 11:23:25,445 DEBUG [7437] [] Request URI : /eccadmin_dev/Menu
2021-08-21 11:23:25,470 DEBUG [7437] [] MenuController start
2021-08-21 11:23:25,470 DEBUG [7437] [] controllers/MenuController.php: is exist
2021-08-21 11:23:25,471 DEBUG [7437] [] MenuForm: is exist
2021-08-21 11:23:25,471 DEBUG [7437] [] MenuForm: form value set 
2021-08-21 11:23:25,471 DEBUG [7437] [] ------------------------------/eccadmin_dev/Menu
2021-08-21 11:23:25,471 DEBUG [7437] [] ------------------------------login_start_check
2021-08-21 11:23:25,471 DEBUG [7437] [] indexAction start
2021-08-21 11:23:25,472 DEBUG [7437] [] admin_no is 
2021-08-21 11:23:25,472 DEBUG [7437] [] indexAction end
2021-08-21 11:23:25,472 DEBUG [7437] [] MenuController end
2021-08-21 11:23:25,472 DEBUG [7437] [] finally
2021-08-21 11:23:25,498 DEBUG [7437] [] Request URI : /eccadmin_dev/Error/disp
2021-08-21 11:23:25,499 DEBUG [7437] [] ErrorController start
2021-08-21 11:23:25,499 DEBUG [7437] [] controllers/ErrorController.php: is exist
2021-08-21 11:23:25,499 DEBUG [7437] [] ErrorForm: is exist
2021-08-21 11:23:25,499 DEBUG [7437] [] ErrorForm: form value set 
2021-08-21 11:23:25,499 DEBUG [7437] [] ------------------------------/eccadmin_dev/Error/disp
2021-08-21 11:23:25,499 DEBUG [7437] [] ------------------------------login_start_check
2021-08-21 11:23:25,499 DEBUG [7437] [] dispAction start
2021-08-21 11:23:25,531 DEBUG [7437] [] dispAction end
2021-08-21 11:23:25,531 DEBUG [7437] [] ErrorController end
2021-08-21 11:23:25,531 DEBUG [7437] [] finally
2021-08-21 11:23:27,713 DEBUG [7223] [] Request URI : /eccadmin_dev/Login
2021-08-21 11:23:27,714 DEBUG [7223] [] LoginController start
2021-08-21 11:23:27,714 DEBUG [7223] [] controllers/LoginController.php: is exist
2021-08-21 11:23:27,714 DEBUG [7223] [] LoginForm: is exist
2021-08-21 11:23:27,714 DEBUG [7223] [] LoginForm: form value set 
2021-08-21 11:23:27,715 DEBUG [7223] [] ------------------------------/eccadmin_dev/Login
2021-08-21 11:23:27,715 DEBUG [7223] [] ------------------------------login_start_check
2021-08-21 11:23:27,715 DEBUG [7223] [] indexAction start
2021-08-21 11:23:27,730 DEBUG [7223] [] indexAction end
2021-08-21 11:23:27,730 DEBUG [7223] [] LoginController end
2021-08-21 11:23:27,730 DEBUG [7223] [] finally
2021-08-21 11:23:32,475 DEBUG [7437] [] Request URI : /eccadmin_dev/Login/login
2021-08-21 11:23:32,475 DEBUG [7437] [] LoginController start
2021-08-21 11:23:32,475 DEBUG [7437] [] controllers/LoginController.php: is exist
2021-08-21 11:23:32,476 DEBUG [7437] [] LoginForm: is exist
2021-08-21 11:23:32,476 DEBUG [7437] [] LoginForm: form value set 
2021-08-21 11:23:32,476 DEBUG [7437] [] ------------------------------/eccadmin_dev/Login/login
2021-08-21 11:23:32,476 DEBUG [7437] [] ------------------------------login_start_check
2021-08-21 11:23:32,476 DEBUG [7437] [] loginAction start
2021-08-21 11:23:32,776 DEBUG [7437] [] loginAction end
2021-08-21 11:23:32,776 DEBUG [7437] [] LoginController end
2021-08-21 11:23:32,776 DEBUG [7437] [] finally
2021-08-21 11:23:32,800 DEBUG [7437] [] Request URI : /eccadmin_dev/Menu
2021-08-21 11:23:32,800 DEBUG [7437] [] MenuController start
2021-08-21 11:23:32,800 DEBUG [7437] [] controllers/MenuController.php: is exist
2021-08-21 11:23:32,800 DEBUG [7437] [] MenuForm: is exist
2021-08-21 11:23:32,800 DEBUG [7437] [] MenuForm: form value set 
2021-08-21 11:23:32,801 DEBUG [7437] [] ------------------------------/eccadmin_dev/Menu
2021-08-21 11:23:32,801 DEBUG [7437] [] ------------------------------login_start_check
2021-08-21 11:23:32,801 DEBUG [7437] [] indexAction start
2021-08-21 11:23:32,801 DEBUG [7437] [] admin_no is 1
2021-08-21 11:23:32,826 DEBUG [7437] [] indexAction end
2021-08-21 11:23:32,826 DEBUG [7437] [] MenuController end
2021-08-21 11:23:32,827 DEBUG [7437] [] finally
2021-08-21 11:23:35,465 DEBUG [4591] [] Request URI : /eccadmin_dev/TestList
2021-08-21 11:23:35,466 DEBUG [4591] [] TestListController start
2021-08-21 11:23:35,466 DEBUG [4591] [] controllers/TestListController.php: is exist
2021-08-21 11:25:16,197 DEBUG [5051] [] Request URI : /eccadmin_dev/Menu
2021-08-21 11:25:16,198 DEBUG [5051] [] MenuController start
2021-08-21 11:25:16,198 DEBUG [5051] [] controllers/MenuController.php: is exist
2021-08-21 11:25:16,198 DEBUG [5051] [] MenuForm: is exist
2021-08-21 11:25:16,198 DEBUG [5051] [] MenuForm: form value set 
2021-08-21 11:25:16,199 DEBUG [5051] [] ------------------------------/eccadmin_dev/Menu
2021-08-21 11:25:16,199 DEBUG [5051] [] ------------------------------login_start_check
2021-08-21 11:25:16,199 DEBUG [5051] [] indexAction start
2021-08-21 11:25:16,199 DEBUG [5051] [] admin_no is 1
2021-08-21 11:25:16,247 DEBUG [5051] [] indexAction end
2021-08-21 11:25:16,247 DEBUG [5051] [] MenuController end
2021-08-21 11:25:16,247 DEBUG [5051] [] finally
2021-08-21 11:25:19,345 DEBUG [5051] [] Request URI : /eccadmin_dev/TestList
2021-08-21 11:25:19,346 DEBUG [5051] [] TestListController start
2021-08-21 11:25:19,346 DEBUG [5051] [] controllers/TestListController.php: is exist
2021-08-21 11:25:19,347 DEBUG [5051] [] 0
2021-08-21 11:25:19,348 DEBUG [5051] [] 1
2021-08-21 11:25:19,348 DEBUG [5051] [] 2
2021-08-21 11:25:19,348 DEBUG [5051] [] 3
2021-08-21 11:25:19,348 DEBUG [5051] [] 4
2021-08-21 11:25:19,348 DEBUG [5051] [] TestListForm: is exist
2021-08-21 11:25:19,348 DEBUG [5051] [] TestListForm: form value set 
2021-08-21 11:25:19,349 DEBUG [5051] [] ------------------------------/eccadmin_dev/TestList
2021-08-21 11:25:19,349 DEBUG [5051] [] indexAction start
2021-08-21 11:25:19,349 DEBUG [5051] [] admin_no is 1
2021-08-21 11:25:19,457 DEBUG [5051] [] indexAction end
2021-08-21 11:25:19,457 DEBUG [5051] [] TestListController end
2021-08-21 11:25:19,458 DEBUG [5051] [] finally
2021-08-21 11:25:26,102 DEBUG [5468] [] Request URI : /eccadmin_dev/TestList
2021-08-21 11:25:26,103 DEBUG [5468] [] TestListController start
2021-08-21 11:25:26,103 DEBUG [5468] [] controllers/TestListController.php: is exist
2021-08-21 11:25:26,103 DEBUG [5468] [] 0
2021-08-21 11:25:26,103 DEBUG [5468] [] 1
2021-08-21 11:25:26,103 DEBUG [5468] [] 2
2021-08-21 11:25:26,103 DEBUG [5468] [] 3
2021-08-21 11:25:26,103 DEBUG [5468] [] 4
2021-08-21 11:25:26,103 DEBUG [5468] [] TestListForm: is exist
2021-08-21 11:25:26,103 DEBUG [5468] [] TestListForm: form value set 
2021-08-21 11:25:26,104 DEBUG [5468] [] ------------------------------/eccadmin_dev/TestList
2021-08-21 11:25:26,104 DEBUG [5468] [] indexAction start
2021-08-21 11:25:26,104 DEBUG [5468] [] admin_no is 1
2021-08-21 11:25:26,180 DEBUG [5468] [] indexAction end
2021-08-21 11:25:26,180 DEBUG [5468] [] TestListController end
2021-08-21 11:25:26,180 DEBUG [5468] [] finally
2021-08-21 11:25:50,714 DEBUG [7619] [] Request URI : /eccadmin_dev/TestList
2021-08-21 11:25:50,714 DEBUG [7619] [] TestListController start
2021-08-21 11:25:50,714 DEBUG [7619] [] controllers/TestListController.php: is exist
2021-08-21 11:25:50,716 DEBUG [7619] [] 1
2021-08-21 11:25:50,716 DEBUG [7619] [] 2
2021-08-21 11:25:50,716 DEBUG [7619] [] 3
2021-08-21 11:25:50,716 DEBUG [7619] [] 4
2021-08-21 11:25:50,716 DEBUG [7619] [] TestListForm: is exist
2021-08-21 11:25:50,717 DEBUG [7619] [] TestListForm: form value set 
2021-08-21 11:25:50,717 DEBUG [7619] [] ------------------------------/eccadmin_dev/TestList
2021-08-21 11:25:50,717 DEBUG [7619] [] indexAction start
2021-08-21 11:25:50,717 DEBUG [7619] [] admin_no is 1
2021-08-21 11:25:50,796 DEBUG [7619] [] indexAction end
2021-08-21 11:25:50,796 DEBUG [7619] [] TestListController end
2021-08-21 11:25:50,796 DEBUG [7619] [] finally
2021-08-21 11:25:52,941 DEBUG [7619] [] Request URI : /eccadmin_dev/TestRegist
2021-08-21 11:25:52,941 DEBUG [7619] [] TestRegistController start
2021-08-21 11:25:52,941 DEBUG [7619] [] controllers/TestRegistController.php: is exist
2021-08-21 11:25:52,942 DEBUG [7619] [] TestRegistForm: is exist
2021-08-21 11:25:52,942 DEBUG [7619] [] TestRegistForm: form value set 
2021-08-21 11:25:52,942 DEBUG [7619] [] ------------------------------/eccadmin_dev/TestRegist
2021-08-21 11:25:52,942 DEBUG [7619] [] ------------------------------session_check_true
2021-08-21 11:25:52,943 DEBUG [7619] [] indexAction start
2021-08-21 11:25:58,955 DEBUG [7860] [] Request URI : /eccadmin_dev/Menu
2021-08-21 11:25:58,959 DEBUG [7860] [] MenuController start
2021-08-21 11:25:58,959 DEBUG [7860] [] controllers/MenuController.php: is exist
2021-08-21 11:25:58,960 DEBUG [7860] [] MenuForm: is exist
2021-08-21 11:25:58,960 DEBUG [7860] [] MenuForm: form value set 
2021-08-21 11:25:58,961 DEBUG [7860] [] ------------------------------/eccadmin_dev/Menu
2021-08-21 11:25:58,961 DEBUG [7860] [] ------------------------------login_start_check
2021-08-21 11:25:58,961 DEBUG [7860] [] indexAction start
2021-08-21 11:25:58,961 DEBUG [7860] [] admin_no is 1
2021-08-21 11:25:59,009 DEBUG [7860] [] indexAction end
2021-08-21 11:25:59,009 DEBUG [7860] [] MenuController end
2021-08-21 11:25:59,010 DEBUG [7860] [] finally
2021-08-21 11:26:01,699 DEBUG [7860] [] Request URI : /eccadmin_dev/TestList
2021-08-21 11:26:01,700 DEBUG [7860] [] TestListController start
2021-08-21 11:26:01,700 DEBUG [7860] [] controllers/TestListController.php: is exist
2021-08-21 11:26:01,700 DEBUG [7860] [] 1
2021-08-21 11:26:01,700 DEBUG [7860] [] 2
2021-08-21 11:26:01,700 DEBUG [7860] [] 3
2021-08-21 11:26:01,700 DEBUG [7860] [] 4
2021-08-21 11:26:01,700 DEBUG [7860] [] TestListForm: is exist
2021-08-21 11:26:01,700 DEBUG [7860] [] TestListForm: form value set 
2021-08-21 11:26:01,701 DEBUG [7860] [] ------------------------------/eccadmin_dev/TestList
2021-08-21 11:26:01,701 DEBUG [7860] [] indexAction start
2021-08-21 11:26:01,701 DEBUG [7860] [] admin_no is 1
2021-08-21 11:26:01,786 DEBUG [7860] [] indexAction end
2021-08-21 11:26:01,786 DEBUG [7860] [] TestListController end
2021-08-21 11:26:01,786 DEBUG [7860] [] finally
2021-08-21 11:42:42,853 DEBUG [7223] [] Request URI : /eccadmin_dev/TestRegist
2021-08-21 11:42:42,854 DEBUG [7223] [] TestRegistController start
2021-08-21 11:42:42,854 DEBUG [7223] [] controllers/TestRegistController.php: is exist
2021-08-21 11:42:42,857 DEBUG [7223] [] TestRegistForm: is exist
2021-08-21 11:42:42,857 DEBUG [7223] [] TestRegistForm: form value set 
2021-08-21 11:42:42,858 DEBUG [7223] [] ------------------------------/eccadmin_dev/TestRegist
2021-08-21 11:42:42,858 DEBUG [7223] [] ------------------------------session_check_true
2021-08-21 11:42:42,858 DEBUG [7223] [] indexAction start
2021-08-21 11:42:42,858 DEBUG [7223] [] admin_no is 1
2021-08-21 11:42:42,859 DEBUG [7223] [] test_no
2021-08-21 11:42:42,944 DEBUG [7223] [] indexAction end
2021-08-21 11:42:42,944 DEBUG [7223] [] TestRegistController end
2021-08-21 11:42:42,944 DEBUG [7223] [] finally
2021-08-21 11:42:47,207 DEBUG [7223] [] Request URI : /eccadmin_dev/QuizList
2021-08-21 11:42:47,208 DEBUG [7223] [] QuizListController start
2021-08-21 11:42:47,208 DEBUG [7223] [] controllers/QuizListController.php: is not exist
2021-08-21 11:42:47,208 DEBUG [7223] [] finally
2021-08-21 11:42:47,228 DEBUG [7223] [] Request URI : /eccadmin_dev/Error/disp
2021-08-21 11:42:47,228 DEBUG [7223] [] ErrorController start
2021-08-21 11:42:47,228 DEBUG [7223] [] controllers/ErrorController.php: is exist
2021-08-21 11:42:47,228 DEBUG [7223] [] ErrorForm: is exist
2021-08-21 11:42:47,228 DEBUG [7223] [] ErrorForm: form value set 
2021-08-21 11:42:47,229 DEBUG [7223] [] ------------------------------/eccadmin_dev/Error/disp
2021-08-21 11:42:47,229 DEBUG [7223] [] ------------------------------login_start_check
2021-08-21 11:42:47,229 DEBUG [7223] [] dispAction start
2021-08-21 11:42:47,240 DEBUG [7223] [] dispAction end
2021-08-21 11:42:47,240 DEBUG [7223] [] ErrorController end
2021-08-21 11:42:47,240 DEBUG [7223] [] finally
2021-08-21 12:19:41,188 DEBUG [8462] [] Request URI : /eccadmin_dev/Login
2021-08-21 12:19:41,189 DEBUG [8462] [] LoginController start
2021-08-21 12:19:41,189 DEBUG [8462] [] controllers/LoginController.php: is exist
2021-08-21 12:19:41,189 DEBUG [8462] [] LoginForm: is exist
2021-08-21 12:19:41,189 DEBUG [8462] [] LoginForm: form value set 
2021-08-21 12:19:41,190 DEBUG [8462] [] ------------------------------/eccadmin_dev/Login
2021-08-21 12:19:41,190 DEBUG [8462] [] ------------------------------login_start_check
2021-08-21 12:19:41,190 DEBUG [8462] [] indexAction start
2021-08-21 12:19:41,205 DEBUG [8462] [] indexAction end
2021-08-21 12:19:41,205 DEBUG [8462] [] LoginController end
2021-08-21 12:19:41,205 DEBUG [8462] [] finally
2021-08-21 12:19:46,704 DEBUG [8487] [] Request URI : /eccadmin_dev/Login/login
2021-08-21 12:19:46,705 DEBUG [8487] [] LoginController start
2021-08-21 12:19:46,705 DEBUG [8487] [] controllers/LoginController.php: is exist
2021-08-21 12:19:46,705 DEBUG [8487] [] LoginForm: is exist
2021-08-21 12:19:46,705 DEBUG [8487] [] LoginForm: form value set 
2021-08-21 12:19:46,706 DEBUG [8487] [] ------------------------------/eccadmin_dev/Login/login
2021-08-21 12:19:46,706 DEBUG [8487] [] ------------------------------login_start_check
2021-08-21 12:19:46,706 DEBUG [8487] [] loginAction start
2021-08-21 12:19:46,998 DEBUG [8487] [] loginAction end
2021-08-21 12:19:46,998 DEBUG [8487] [] LoginController end
2021-08-21 12:19:46,999 DEBUG [8487] [] finally
2021-08-21 12:19:47,015 DEBUG [8487] [] Request URI : /eccadmin_dev/Menu
2021-08-21 12:19:47,015 DEBUG [8487] [] MenuController start
2021-08-21 12:19:47,015 DEBUG [8487] [] controllers/MenuController.php: is exist
2021-08-21 12:19:47,016 DEBUG [8487] [] MenuForm: is exist
2021-08-21 12:19:47,016 DEBUG [8487] [] MenuForm: form value set 
2021-08-21 12:19:47,016 DEBUG [8487] [] ------------------------------/eccadmin_dev/Menu
2021-08-21 12:19:47,016 DEBUG [8487] [] ------------------------------login_start_check
2021-08-21 12:19:47,016 DEBUG [8487] [] indexAction start
2021-08-21 12:19:47,016 DEBUG [8487] [] admin_no is 1
2021-08-21 12:19:47,042 DEBUG [8487] [] indexAction end
2021-08-21 12:19:47,042 DEBUG [8487] [] MenuController end
2021-08-21 12:19:47,042 DEBUG [8487] [] finally
2021-08-21 12:19:49,601 DEBUG [8487] [] Request URI : /eccadmin_dev/TestList
2021-08-21 12:19:49,601 DEBUG [8487] [] TestListController start
2021-08-21 12:19:49,602 DEBUG [8487] [] controllers/TestListController.php: is exist
2021-08-21 12:19:49,602 DEBUG [8487] [] 1
2021-08-21 12:19:49,602 DEBUG [8487] [] 2
2021-08-21 12:19:49,602 DEBUG [8487] [] 3
2021-08-21 12:19:49,602 DEBUG [8487] [] 4
2021-08-21 12:19:49,602 DEBUG [8487] [] TestListForm: is exist
2021-08-21 12:19:49,602 DEBUG [8487] [] TestListForm: form value set 
2021-08-21 12:19:49,603 DEBUG [8487] [] ------------------------------/eccadmin_dev/TestList
2021-08-21 12:19:49,603 DEBUG [8487] [] indexAction start
2021-08-21 12:19:49,603 DEBUG [8487] [] admin_no is 1
2021-08-21 12:19:49,684 DEBUG [8487] [] indexAction end
2021-08-21 12:19:49,684 DEBUG [8487] [] TestListController end
2021-08-21 12:19:49,684 DEBUG [8487] [] finally
2021-08-21 12:20:01,901 DEBUG [8456] [] Request URI : /eccadmin_dev/TestList
2021-08-21 12:20:01,901 DEBUG [8456] [] TestListController start
2021-08-21 12:20:01,901 DEBUG [8456] [] controllers/TestListController.php: is exist
2021-08-21 12:20:01,902 DEBUG [8456] [] 1
2021-08-21 12:20:01,902 DEBUG [8456] [] 2
2021-08-21 12:20:01,902 DEBUG [8456] [] 3
2021-08-21 12:20:01,902 DEBUG [8456] [] 4
2021-08-21 12:20:01,902 DEBUG [8456] [] TestListForm: is exist
2021-08-21 12:20:01,902 DEBUG [8456] [] TestListForm: form value set 
2021-08-21 12:20:01,903 DEBUG [8456] [] ------------------------------/eccadmin_dev/TestList
2021-08-21 12:20:01,903 DEBUG [8456] [] indexAction start
2021-08-21 12:20:01,903 DEBUG [8456] [] admin_no is 1
2021-08-21 12:20:01,979 DEBUG [8456] [] indexAction end
2021-08-21 12:20:01,979 DEBUG [8456] [] TestListController end
2021-08-21 12:20:01,980 DEBUG [8456] [] finally
2021-08-21 12:20:03,322 DEBUG [8456] [] Request URI : /eccadmin_dev/TestList/Search
2021-08-21 12:20:03,322 DEBUG [8456] [] TestListController start
2021-08-21 12:20:03,323 DEBUG [8456] [] controllers/TestListController.php: is exist
2021-08-21 12:20:03,323 DEBUG [8456] [] 1
2021-08-21 12:20:03,323 DEBUG [8456] [] 2
2021-08-21 12:20:03,323 DEBUG [8456] [] 3
2021-08-21 12:20:03,323 DEBUG [8456] [] 4
2021-08-21 12:20:03,323 DEBUG [8456] [] TestListForm: is exist
2021-08-21 12:20:03,323 DEBUG [8456] [] TestListForm: form value set 
2021-08-21 12:20:03,324 DEBUG [8456] [] ------------------------------/eccadmin_dev/TestList/Search
2021-08-21 12:20:03,324 DEBUG [8456] [] SearchAction start
2021-08-21 12:20:03,324 DEBUG [8456] [] admin_no is 1
2021-08-21 12:20:03,400 DEBUG [8456] [] SearchAction end
2021-08-21 12:20:03,400 DEBUG [8456] [] TestListController end
2021-08-21 12:20:03,400 DEBUG [8456] [] finally
2021-08-21 12:20:05,117 DEBUG [8388] [] Request URI : /eccadmin_dev/TestRegist
2021-08-21 12:20:05,118 DEBUG [8388] [] TestRegistController start
2021-08-21 12:20:05,118 DEBUG [8388] [] controllers/TestRegistController.php: is exist
2021-08-21 12:20:05,118 DEBUG [8388] [] TestRegistForm: is exist
2021-08-21 12:20:05,118 DEBUG [8388] [] TestRegistForm: form value set 
2021-08-21 12:20:05,119 DEBUG [8388] [] ------------------------------/eccadmin_dev/TestRegist
2021-08-21 12:20:05,119 DEBUG [8388] [] ------------------------------session_check_true
2021-08-21 12:20:05,119 DEBUG [8388] [] indexAction start
2021-08-21 12:20:05,119 DEBUG [8388] [] admin_no is 1
2021-08-21 12:20:05,120 DEBUG [8388] [] test_no
2021-08-21 12:20:05,205 DEBUG [8388] [] indexAction end
2021-08-21 12:20:05,205 DEBUG [8388] [] TestRegistController end
2021-08-21 12:20:05,205 DEBUG [8388] [] finally
2021-08-21 12:20:18,222 DEBUG [8395] [] Request URI : /eccadmin_dev/TestRegist/save
2021-08-21 12:20:18,223 DEBUG [8395] [] TestRegistController start
2021-08-21 12:20:18,223 DEBUG [8395] [] controllers/TestRegistController.php: is exist
2021-08-21 12:20:18,223 DEBUG [8395] [] TestRegistForm: is exist
2021-08-21 12:20:18,223 DEBUG [8395] [] TestRegistForm: form value set 
2021-08-21 12:20:18,224 DEBUG [8395] [] ------------------------------/eccadmin_dev/TestRegist/save
2021-08-21 12:20:18,224 DEBUG [8395] [] ------------------------------session_check_true
2021-08-21 12:20:18,224 DEBUG [8395] [] saveAction start
2021-08-21 12:20:18,225 DEBUG [8395] [] test_no
2021-08-21 12:20:18,227 DEBUG [8395] [] INSERT INTO  T_TEST (test_no,test_name,test_type,test_quiz_count,description,status,start_period,end_period,create_dt,update_dt ) VALUES ( :test_no,:test_name,:test_type,:test_quiz_count,:description,:status,:start_period,:end_period,:create_dt,:update_dt );
2021-08-21 12:20:18,228 DEBUG [8395] [] rollback
2021-08-21 12:20:18,228 ERROR [8395] [] 予期しない例外が発生しました。
exception 'PDOException' with message 'SQLSTATE[HY000]: General error: 1364 Field 'org_no' doesn't have a default value' in /var/www/html/eccadmin_dev/dao/BaseDao.php:107
Stack trace:
#0 /var/www/html/eccadmin_dev/dao/BaseDao.php(107): PDOStatement->execute()
#1 /var/www/html/eccadmin_dev/dao/T_TestDao.php(226): BaseDao->insert(Object(T_TestDto))
#2 /var/www/html/eccadmin_dev/service/TestService.php(52): T_TestDao->insertData(Object(T_TestDto))
#3 /var/www/html/eccadmin_dev/controllers/TestRegistController.php(282): TestService->insertData(Object(T_TestDto))
#4 /var/www/html/eccadmin_dev/fw/Dispatcher.php(127): TestRegistController->saveAction()
#5 /var/www/html/eccadmin_dev/index.php(31): Dispatcher->dispatch()
#6 {main}
2021-08-21 12:20:18,242 DEBUG [8395] [] finally
2021-08-21 12:20:18,266 DEBUG [8395] [] Request URI : /eccadmin_dev/Error/disp
2021-08-21 12:20:18,267 DEBUG [8395] [] ErrorController start
2021-08-21 12:20:18,267 DEBUG [8395] [] controllers/ErrorController.php: is exist
2021-08-21 12:20:18,267 DEBUG [8395] [] ErrorForm: is exist
2021-08-21 12:20:18,267 DEBUG [8395] [] ErrorForm: form value set 
2021-08-21 12:20:18,267 DEBUG [8395] [] ------------------------------/eccadmin_dev/Error/disp
2021-08-21 12:20:18,267 DEBUG [8395] [] ------------------------------login_start_check
2021-08-21 12:20:18,268 DEBUG [8395] [] dispAction start
2021-08-21 12:20:18,279 DEBUG [8395] [] dispAction end
2021-08-21 12:20:18,279 DEBUG [8395] [] ErrorController end
2021-08-21 12:20:18,279 DEBUG [8395] [] finally
2021-08-21 12:20:19,900 DEBUG [8395] [] Request URI : /eccadmin_dev/Login
2021-08-21 12:20:19,901 DEBUG [8395] [] LoginController start
2021-08-21 12:20:19,901 DEBUG [8395] [] controllers/LoginController.php: is exist
2021-08-21 12:20:19,901 DEBUG [8395] [] LoginForm: is exist
2021-08-21 12:20:19,901 DEBUG [8395] [] LoginForm: form value set 
2021-08-21 12:20:19,902 DEBUG [8395] [] ------------------------------/eccadmin_dev/Login
2021-08-21 12:20:19,902 DEBUG [8395] [] ------------------------------login_start_check
2021-08-21 12:20:19,902 DEBUG [8395] [] indexAction start
2021-08-21 12:20:19,917 DEBUG [8395] [] indexAction end
2021-08-21 12:20:19,917 DEBUG [8395] [] LoginController end
2021-08-21 12:20:19,917 DEBUG [8395] [] finally
2021-08-21 12:20:22,804 DEBUG [8395] [] Request URI : /eccadmin_dev/Login/login
2021-08-21 12:20:22,804 DEBUG [8395] [] LoginController start
2021-08-21 12:20:22,804 DEBUG [8395] [] controllers/LoginController.php: is exist
2021-08-21 12:20:22,805 DEBUG [8395] [] LoginForm: is exist
2021-08-21 12:20:22,805 DEBUG [8395] [] LoginForm: form value set 
2021-08-21 12:20:22,805 DEBUG [8395] [] ------------------------------/eccadmin_dev/Login/login
2021-08-21 12:20:22,805 DEBUG [8395] [] ------------------------------login_start_check
2021-08-21 12:20:22,805 DEBUG [8395] [] loginAction start
2021-08-21 12:20:23,104 DEBUG [8395] [] loginAction end
2021-08-21 12:20:23,104 DEBUG [8395] [] LoginController end
2021-08-21 12:20:23,105 DEBUG [8395] [] finally
2021-08-21 12:20:23,127 DEBUG [8395] [] Request URI : /eccadmin_dev/Menu
2021-08-21 12:20:23,127 DEBUG [8395] [] MenuController start
2021-08-21 12:20:23,127 DEBUG [8395] [] controllers/MenuController.php: is exist
2021-08-21 12:20:23,127 DEBUG [8395] [] MenuForm: is exist
2021-08-21 12:20:23,127 DEBUG [8395] [] MenuForm: form value set 
2021-08-21 12:20:23,128 DEBUG [8395] [] ------------------------------/eccadmin_dev/Menu
2021-08-21 12:20:23,128 DEBUG [8395] [] ------------------------------login_start_check
2021-08-21 12:20:23,128 DEBUG [8395] [] indexAction start
2021-08-21 12:20:23,128 DEBUG [8395] [] admin_no is 1
2021-08-21 12:20:23,153 DEBUG [8395] [] indexAction end
2021-08-21 12:20:23,153 DEBUG [8395] [] MenuController end
2021-08-21 12:20:23,153 DEBUG [8395] [] finally
2021-08-21 12:20:27,562 DEBUG [8395] [] Request URI : /eccadmin_dev/TestList
2021-08-21 12:20:27,562 DEBUG [8395] [] TestListController start
2021-08-21 12:20:27,562 DEBUG [8395] [] controllers/TestListController.php: is exist
2021-08-21 12:20:27,562 DEBUG [8395] [] 1
2021-08-21 12:20:27,562 DEBUG [8395] [] 2
2021-08-21 12:20:27,563 DEBUG [8395] [] 3
2021-08-21 12:20:27,563 DEBUG [8395] [] 4
2021-08-21 12:20:27,563 DEBUG [8395] [] TestListForm: is exist
2021-08-21 12:20:27,563 DEBUG [8395] [] TestListForm: form value set 
2021-08-21 12:20:27,563 DEBUG [8395] [] ------------------------------/eccadmin_dev/TestList
2021-08-21 12:20:27,564 DEBUG [8395] [] indexAction start
2021-08-21 12:20:27,564 DEBUG [8395] [] admin_no is 1
2021-08-21 12:20:27,645 DEBUG [8395] [] indexAction end
2021-08-21 12:20:27,645 DEBUG [8395] [] TestListController end
2021-08-21 12:20:27,645 DEBUG [8395] [] finally
2021-08-21 12:33:24,776 DEBUG [8568] [] Request URI : /eccadmin_dev/QuizRegist
2021-08-21 12:33:24,777 DEBUG [8568] [] QuizRegistController start
2021-08-21 12:33:24,777 DEBUG [8568] [] controllers/QuizRegistController.php: is exist
2021-08-21 12:36:28,000 DEBUG [9812] [] Request URI : /eccadmin_dev/Menu
2021-08-21 12:36:28,000 DEBUG [9812] [] MenuController start
2021-08-21 12:36:28,000 DEBUG [9812] [] controllers/MenuController.php: is exist
2021-08-21 12:36:28,001 DEBUG [9812] [] MenuForm: is exist
2021-08-21 12:36:28,001 DEBUG [9812] [] MenuForm: form value set 
2021-08-21 12:36:28,001 DEBUG [9812] [] ------------------------------/eccadmin_dev/Menu
2021-08-21 12:36:28,002 DEBUG [9812] [] ------------------------------login_start_check
2021-08-21 12:36:28,002 DEBUG [9812] [] indexAction start
2021-08-21 12:36:28,002 DEBUG [9812] [] admin_no is 1
2021-08-21 12:36:28,048 DEBUG [9812] [] indexAction end
2021-08-21 12:36:28,048 DEBUG [9812] [] MenuController end
2021-08-21 12:36:28,048 DEBUG [9812] [] finally
2021-08-21 12:36:31,457 DEBUG [9812] [] Request URI : /eccadmin_dev/TestList
2021-08-21 12:36:31,457 DEBUG [9812] [] TestListController start
2021-08-21 12:36:31,457 DEBUG [9812] [] controllers/TestListController.php: is exist
2021-08-21 12:36:31,458 DEBUG [9812] [] 1
2021-08-21 12:36:31,458 DEBUG [9812] [] 2
2021-08-21 12:36:31,458 DEBUG [9812] [] 3
2021-08-21 12:36:31,458 DEBUG [9812] [] 4
2021-08-21 12:36:31,458 DEBUG [9812] [] TestListForm: is exist
2021-08-21 12:36:31,458 DEBUG [9812] [] TestListForm: form value set 
2021-08-21 12:36:31,459 DEBUG [9812] [] ------------------------------/eccadmin_dev/TestList
2021-08-21 12:36:31,459 DEBUG [9812] [] indexAction start
2021-08-21 12:36:31,459 DEBUG [9812] [] admin_no is 1
2021-08-21 12:36:31,541 DEBUG [9812] [] indexAction end
2021-08-21 12:36:31,541 DEBUG [9812] [] TestListController end
2021-08-21 12:36:31,541 DEBUG [9812] [] finally
2021-08-21 12:36:33,823 DEBUG [9812] [] Request URI : /eccadmin_dev/QuizList
2021-08-21 12:36:33,824 DEBUG [9812] [] QuizListController start
2021-08-21 12:36:33,824 DEBUG [9812] [] controllers/QuizListController.php: is exist
2021-08-21 12:40:43,378 DEBUG [8395] [] Request URI : /eccadmin_dev/Menu
2021-08-21 12:40:43,379 DEBUG [8395] [] MenuController start
2021-08-21 12:40:43,379 DEBUG [8395] [] controllers/MenuController.php: is exist
2021-08-21 12:40:43,379 DEBUG [8395] [] MenuForm: is exist
2021-08-21 12:40:43,379 DEBUG [8395] [] MenuForm: form value set 
2021-08-21 12:40:43,380 DEBUG [8395] [] ------------------------------/eccadmin_dev/Menu
2021-08-21 12:40:43,380 DEBUG [8395] [] ------------------------------login_start_check
2021-08-21 12:40:43,380 DEBUG [8395] [] indexAction start
2021-08-21 12:40:43,380 DEBUG [8395] [] admin_no is 1
2021-08-21 12:40:43,426 DEBUG [8395] [] indexAction end
2021-08-21 12:40:43,427 DEBUG [8395] [] MenuController end
2021-08-21 12:40:43,427 DEBUG [8395] [] finally
2021-08-21 12:40:46,162 DEBUG [8395] [] Request URI : /eccadmin_dev/TestList
2021-08-21 12:40:46,163 DEBUG [8395] [] TestListController start
2021-08-21 12:40:46,163 DEBUG [8395] [] controllers/TestListController.php: is exist
2021-08-21 12:40:46,163 DEBUG [8395] [] 1
2021-08-21 12:40:46,163 DEBUG [8395] [] 2
2021-08-21 12:40:46,163 DEBUG [8395] [] 3
2021-08-21 12:40:46,164 DEBUG [8395] [] 4
2021-08-21 12:40:46,164 DEBUG [8395] [] TestListForm: is exist
2021-08-21 12:40:46,164 DEBUG [8395] [] TestListForm: form value set 
2021-08-21 12:40:46,164 DEBUG [8395] [] ------------------------------/eccadmin_dev/TestList
2021-08-21 12:40:46,165 DEBUG [8395] [] indexAction start
2021-08-21 12:40:46,165 DEBUG [8395] [] admin_no is 1
2021-08-21 12:40:46,246 DEBUG [8395] [] indexAction end
2021-08-21 12:40:46,246 DEBUG [8395] [] TestListController end
2021-08-21 12:40:46,246 DEBUG [8395] [] finally
2021-08-21 12:40:48,006 DEBUG [8395] [] Request URI : /eccadmin_dev/QuizList
2021-08-21 12:40:48,006 DEBUG [8395] [] QuizListController start
2021-08-21 12:40:48,006 DEBUG [8395] [] controllers/QuizListController.php: is exist
2021-08-21 12:44:31,775 DEBUG [8455] [] Request URI : /eccadmin_dev/Menu
2021-08-21 12:44:31,776 DEBUG [8455] [] MenuController start
2021-08-21 12:44:31,776 DEBUG [8455] [] controllers/MenuController.php: is exist
2021-08-21 12:44:31,776 DEBUG [8455] [] MenuForm: is exist
2021-08-21 12:44:31,776 DEBUG [8455] [] MenuForm: form value set 
2021-08-21 12:44:31,777 DEBUG [8455] [] ------------------------------/eccadmin_dev/Menu
2021-08-21 12:44:31,777 DEBUG [8455] [] ------------------------------login_start_check
2021-08-21 12:44:31,777 DEBUG [8455] [] indexAction start
2021-08-21 12:44:31,777 DEBUG [8455] [] admin_no is 1
2021-08-21 12:44:31,825 DEBUG [8455] [] indexAction end
2021-08-21 12:44:31,825 DEBUG [8455] [] MenuController end
2021-08-21 12:44:31,825 DEBUG [8455] [] finally
2021-08-21 12:44:34,893 DEBUG [8455] [] Request URI : /eccadmin_dev/TestList
2021-08-21 12:44:34,894 DEBUG [8455] [] TestListController start
2021-08-21 12:44:34,894 DEBUG [8455] [] controllers/TestListController.php: is exist
2021-08-21 12:44:34,894 DEBUG [8455] [] 1
2021-08-21 12:44:34,894 DEBUG [8455] [] 2
2021-08-21 12:44:34,894 DEBUG [8455] [] 3
2021-08-21 12:44:34,894 DEBUG [8455] [] 4
2021-08-21 12:44:34,894 DEBUG [8455] [] TestListForm: is exist
2021-08-21 12:44:34,895 DEBUG [8455] [] TestListForm: form value set 
2021-08-21 12:44:34,895 DEBUG [8455] [] ------------------------------/eccadmin_dev/TestList
2021-08-21 12:44:34,895 DEBUG [8455] [] indexAction start
2021-08-21 12:44:34,895 DEBUG [8455] [] admin_no is 1
2021-08-21 12:44:34,977 DEBUG [8455] [] indexAction end
2021-08-21 12:44:34,977 DEBUG [8455] [] TestListController end
2021-08-21 12:44:34,977 DEBUG [8455] [] finally
2021-08-21 12:44:36,676 DEBUG [8455] [] Request URI : /eccadmin_dev/QuizList
2021-08-21 12:44:36,677 DEBUG [8455] [] QuizListController start
2021-08-21 12:44:36,677 DEBUG [8455] [] controllers/QuizListController.php: is exist
2021-08-21 12:45:04,688 DEBUG [8462] [] Request URI : /eccadmin_dev/Menu
2021-08-21 12:45:04,689 DEBUG [8462] [] MenuController start
2021-08-21 12:45:04,689 DEBUG [8462] [] controllers/MenuController.php: is exist
2021-08-21 12:45:04,689 DEBUG [8462] [] MenuForm: is exist
2021-08-21 12:45:04,689 DEBUG [8462] [] MenuForm: form value set 
2021-08-21 12:45:04,690 DEBUG [8462] [] ------------------------------/eccadmin_dev/Menu
2021-08-21 12:45:04,690 DEBUG [8462] [] ------------------------------login_start_check
2021-08-21 12:45:04,690 DEBUG [8462] [] indexAction start
2021-08-21 12:45:04,690 DEBUG [8462] [] admin_no is 1
2021-08-21 12:45:04,738 DEBUG [8462] [] indexAction end
2021-08-21 12:45:04,738 DEBUG [8462] [] MenuController end
2021-08-21 12:45:04,738 DEBUG [8462] [] finally
2021-08-21 12:45:08,203 DEBUG [8462] [] Request URI : /eccadmin_dev/TestList
2021-08-21 12:45:08,203 DEBUG [8462] [] TestListController start
2021-08-21 12:45:08,203 DEBUG [8462] [] controllers/TestListController.php: is exist
2021-08-21 12:45:08,205 DEBUG [8462] [] 1
2021-08-21 12:45:08,205 DEBUG [8462] [] 2
2021-08-21 12:45:08,205 DEBUG [8462] [] 3
2021-08-21 12:45:08,206 DEBUG [8462] [] 4
2021-08-21 12:45:08,206 DEBUG [8462] [] 5
2021-08-21 12:45:08,206 DEBUG [8462] [] 6
2021-08-21 12:45:08,206 DEBUG [8462] [] TestListForm: is exist
2021-08-21 12:45:08,206 DEBUG [8462] [] TestListForm: form value set 
2021-08-21 12:45:08,206 DEBUG [8462] [] ------------------------------/eccadmin_dev/TestList
2021-08-21 12:45:08,207 DEBUG [8462] [] indexAction start
2021-08-21 12:45:08,207 DEBUG [8462] [] admin_no is 1
2021-08-21 12:45:08,287 DEBUG [8462] [] indexAction end
2021-08-21 12:45:08,287 DEBUG [8462] [] TestListController end
2021-08-21 12:45:08,287 DEBUG [8462] [] finally
2021-08-21 12:45:26,624 DEBUG [8457] [] Request URI : /eccadmin_dev/QuizList
2021-08-21 12:45:26,624 DEBUG [8457] [] QuizListController start
2021-08-21 12:45:26,625 DEBUG [8457] [] controllers/QuizListController.php: is exist
2021-08-21 12:46:08,733 DEBUG [8388] [] Request URI : /eccadmin_dev/Menu
2021-08-21 12:46:08,734 DEBUG [8388] [] MenuController start
2021-08-21 12:46:08,734 DEBUG [8388] [] controllers/MenuController.php: is exist
2021-08-21 12:46:08,734 DEBUG [8388] [] MenuForm: is exist
2021-08-21 12:46:08,735 DEBUG [8388] [] MenuForm: form value set 
2021-08-21 12:46:08,735 DEBUG [8388] [] ------------------------------/eccadmin_dev/Menu
2021-08-21 12:46:08,735 DEBUG [8388] [] ------------------------------login_start_check
2021-08-21 12:46:08,735 DEBUG [8388] [] indexAction start
2021-08-21 12:46:08,735 DEBUG [8388] [] admin_no is 1
2021-08-21 12:46:08,785 DEBUG [8388] [] indexAction end
2021-08-21 12:46:08,785 DEBUG [8388] [] MenuController end
2021-08-21 12:46:08,785 DEBUG [8388] [] finally
2021-08-21 12:46:11,444 DEBUG [8388] [] Request URI : /eccadmin_dev/TestList
2021-08-21 12:46:11,444 DEBUG [8388] [] TestListController start
2021-08-21 12:46:11,444 DEBUG [8388] [] controllers/TestListController.php: is exist
2021-08-21 12:46:11,444 DEBUG [8388] [] 1
2021-08-21 12:46:11,444 DEBUG [8388] [] 2
2021-08-21 12:46:11,445 DEBUG [8388] [] 3
2021-08-21 12:46:11,445 DEBUG [8388] [] 4
2021-08-21 12:46:11,445 DEBUG [8388] [] 5
2021-08-21 12:46:11,445 DEBUG [8388] [] 6
2021-08-21 12:46:11,445 DEBUG [8388] [] TestListForm: is exist
2021-08-21 12:46:11,445 DEBUG [8388] [] TestListForm: form value set 
2021-08-21 12:46:11,446 DEBUG [8388] [] ------------------------------/eccadmin_dev/TestList
2021-08-21 12:46:11,446 DEBUG [8388] [] indexAction start
2021-08-21 12:46:11,446 DEBUG [8388] [] admin_no is 1
2021-08-21 12:46:11,524 DEBUG [8388] [] indexAction end
2021-08-21 12:46:11,524 DEBUG [8388] [] TestListController end
2021-08-21 12:46:11,525 DEBUG [8388] [] finally
2021-08-21 12:46:13,255 DEBUG [8388] [] Request URI : /eccadmin_dev/QuizList
2021-08-21 12:46:13,256 DEBUG [8388] [] QuizListController start
2021-08-21 12:46:13,256 DEBUG [8388] [] controllers/QuizListController.php: is exist
2021-08-21 12:51:02,938 DEBUG [8353] [] Request URI : /eccadmin_dev/Menu
2021-08-21 12:51:02,938 DEBUG [8353] [] MenuController start
2021-08-21 12:51:02,938 DEBUG [8353] [] controllers/MenuController.php: is exist
2021-08-21 12:51:02,939 DEBUG [8353] [] MenuForm: is exist
2021-08-21 12:51:02,939 DEBUG [8353] [] MenuForm: form value set 
2021-08-21 12:51:02,939 DEBUG [8353] [] ------------------------------/eccadmin_dev/Menu
2021-08-21 12:51:02,940 DEBUG [8353] [] ------------------------------login_start_check
2021-08-21 12:51:02,940 DEBUG [8353] [] indexAction start
2021-08-21 12:51:02,940 DEBUG [8353] [] admin_no is 1
2021-08-21 12:51:02,988 DEBUG [8353] [] indexAction end
2021-08-21 12:51:02,988 DEBUG [8353] [] MenuController end
2021-08-21 12:51:02,988 DEBUG [8353] [] finally
2021-08-21 12:51:05,683 DEBUG [8353] [] Request URI : /eccadmin_dev/TestList
2021-08-21 12:51:05,683 DEBUG [8353] [] TestListController start
2021-08-21 12:51:05,683 DEBUG [8353] [] controllers/TestListController.php: is exist
2021-08-21 12:51:05,684 DEBUG [8353] [] 1
2021-08-21 12:51:05,684 DEBUG [8353] [] 2
2021-08-21 12:51:05,684 DEBUG [8353] [] 3
2021-08-21 12:51:05,684 DEBUG [8353] [] 4
2021-08-21 12:51:05,684 DEBUG [8353] [] 5
2021-08-21 12:51:05,684 DEBUG [8353] [] 6
2021-08-21 12:51:05,684 DEBUG [8353] [] TestListForm: is exist
2021-08-21 12:51:05,684 DEBUG [8353] [] TestListForm: form value set 
2021-08-21 12:51:05,685 DEBUG [8353] [] ------------------------------/eccadmin_dev/TestList
2021-08-21 12:51:05,685 DEBUG [8353] [] indexAction start
2021-08-21 12:51:05,685 DEBUG [8353] [] admin_no is 1
2021-08-21 12:51:05,766 DEBUG [8353] [] indexAction end
2021-08-21 12:51:05,766 DEBUG [8353] [] TestListController end
2021-08-21 12:51:05,766 DEBUG [8353] [] finally
2021-08-21 12:51:07,643 DEBUG [8353] [] Request URI : /eccadmin_dev/QuizList
2021-08-21 12:51:07,644 DEBUG [8353] [] QuizListController start
2021-08-21 12:51:07,644 DEBUG [8353] [] controllers/QuizListController.php: is exist
2021-08-21 12:51:07,645 DEBUG [8353] [] 1
2021-08-21 12:51:07,645 DEBUG [8353] [] 1
2021-08-21 12:51:07,645 DEBUG [8353] [] 1
2021-08-21 12:51:07,645 DEBUG [8353] [] 1
2021-08-21 12:51:07,646 DEBUG [8353] [] 1
2021-08-21 12:51:07,646 DEBUG [8353] [] 1
2021-08-21 12:51:07,646 DEBUG [8353] [] 1
2021-08-21 12:51:07,646 DEBUG [8353] [] QuizListForm: is exist
2021-08-21 12:51:07,646 DEBUG [8353] [] QuizListForm: form value set 
2021-08-21 12:51:07,647 DEBUG [8353] [] ------------------------------/eccadmin_dev/QuizList
2021-08-21 12:51:07,647 DEBUG [8353] [] indexAction start
2021-08-21 12:51:07,647 DEBUG [8353] [] admin_no is 1
2021-08-21 12:51:07,718 DEBUG [8353] [] indexAction end
2021-08-21 12:51:07,718 DEBUG [8353] [] QuizListController end
2021-08-21 12:51:07,718 DEBUG [8353] [] finally
2021-08-21 12:52:32,494 DEBUG [8456] [] Request URI : /eccadmin_dev/QuizList
2021-08-21 12:52:32,495 DEBUG [8456] [] QuizListController start
2021-08-21 12:52:32,495 DEBUG [8456] [] controllers/QuizListController.php: is exist
2021-08-21 12:52:32,495 DEBUG [8456] [] 1
2021-08-21 12:52:32,495 DEBUG [8456] [] 1
2021-08-21 12:52:32,495 DEBUG [8456] [] 1
2021-08-21 12:52:32,495 DEBUG [8456] [] 1
2021-08-21 12:52:32,496 DEBUG [8456] [] 1
2021-08-21 12:52:32,496 DEBUG [8456] [] 1
2021-08-21 12:52:32,496 DEBUG [8456] [] 1
2021-08-21 12:52:32,496 DEBUG [8456] [] QuizListForm: is exist
2021-08-21 12:52:32,496 DEBUG [8456] [] QuizListForm: form value set 
2021-08-21 12:52:32,496 DEBUG [8456] [] ------------------------------/eccadmin_dev/QuizList
2021-08-21 12:52:32,497 DEBUG [8456] [] indexAction start
2021-08-21 12:52:32,497 DEBUG [8456] [] admin_no is 1
2021-08-21 12:52:32,555 DEBUG [8456] [] indexAction end
2021-08-21 12:52:32,555 DEBUG [8456] [] QuizListController end
2021-08-21 12:52:32,555 DEBUG [8456] [] finally
2021-08-21 12:54:23,554 DEBUG [8487] [] Request URI : /eccadmin_dev/QuizRegist
2021-08-21 12:54:23,554 DEBUG [8487] [] QuizRegistController start
2021-08-21 12:54:23,555 DEBUG [8487] [] controllers/QuizRegistController.php: is exist
2021-08-21 12:54:23,555 DEBUG [8487] [] QuizRegistForm: is exist
2021-08-21 12:54:23,556 DEBUG [8487] [] QuizRegistForm: form value set 
2021-08-21 12:54:23,556 DEBUG [8487] [] ------------------------------/eccadmin_dev/QuizRegist
2021-08-21 12:54:23,557 DEBUG [8487] [] ------------------------------session_check_true
2021-08-21 12:54:23,557 DEBUG [8487] [] indexAction start
2021-08-21 12:54:23,557 DEBUG [8487] [] admin_no is 1
2021-08-21 12:54:23,558 DEBUG [8487] [] quiz_no
2021-08-21 12:54:23,560 DEBUG [8487] []  SELECT  distinct name  ,type FROM M_TYPE  WHERE  del_flg = '0'   AND category = '010'   ORDER BY  type ASC 
2021-08-21 12:54:23,651 DEBUG [8487] [] indexAction end
2021-08-21 12:54:23,651 DEBUG [8487] [] QuizRegistController end
2021-08-21 12:54:23,652 DEBUG [8487] [] finally
2021-08-21 12:54:29,346 DEBUG [8457] [] Request URI : /eccadmin_dev/QuizList
2021-08-21 12:54:29,347 DEBUG [8457] [] QuizListController start
2021-08-21 12:54:29,347 DEBUG [8457] [] controllers/QuizListController.php: is exist
2021-08-21 12:54:29,347 DEBUG [8457] [] 1
2021-08-21 12:54:29,347 DEBUG [8457] [] 1
2021-08-21 12:54:29,347 DEBUG [8457] [] 1
2021-08-21 12:54:29,347 DEBUG [8457] [] 1
2021-08-21 12:54:29,347 DEBUG [8457] [] 1
2021-08-21 12:54:29,347 DEBUG [8457] [] 1
2021-08-21 12:54:29,347 DEBUG [8457] [] 1
2021-08-21 12:54:29,347 DEBUG [8457] [] QuizListForm: is exist
2021-08-21 12:54:29,348 DEBUG [8457] [] QuizListForm: form value set 
2021-08-21 12:54:29,348 DEBUG [8457] [] ------------------------------/eccadmin_dev/QuizList
2021-08-21 12:54:29,348 DEBUG [8457] [] indexAction start
2021-08-21 12:54:29,348 DEBUG [8457] [] admin_no is 1
2021-08-21 12:54:29,406 DEBUG [8457] [] indexAction end
2021-08-21 12:54:29,406 DEBUG [8457] [] QuizListController end
2021-08-21 12:54:29,407 DEBUG [8457] [] finally
2021-08-21 12:54:31,519 DEBUG [8457] [] Request URI : /eccadmin_dev/QuizRegist/index
2021-08-21 12:54:31,519 DEBUG [8457] [] QuizRegistController start
2021-08-21 12:54:31,519 DEBUG [8457] [] controllers/QuizRegistController.php: is exist
2021-08-21 12:54:31,520 DEBUG [8457] [] QuizRegistForm: is exist
2021-08-21 12:54:31,520 DEBUG [8457] [] QuizRegistForm: form value set 
2021-08-21 12:54:31,520 DEBUG [8457] [] ------------------------------/eccadmin_dev/QuizRegist/index
2021-08-21 12:54:31,520 DEBUG [8457] [] ------------------------------session_check_true
2021-08-21 12:54:31,520 DEBUG [8457] [] indexAction start
2021-08-21 12:54:31,521 DEBUG [8457] [] admin_no is 1
2021-08-21 12:54:31,521 DEBUG [8457] [] quiz_no
2021-08-21 12:54:31,528 DEBUG [8457] []  SELECT  distinct name  ,type FROM M_TYPE  WHERE  del_flg = '0'   AND category = '010'   ORDER BY  type ASC 
2021-08-21 12:54:31,617 DEBUG [8457] [] indexAction end
2021-08-21 12:54:31,618 DEBUG [8457] [] QuizRegistController end
2021-08-21 12:54:31,618 DEBUG [8457] [] finally
2021-08-21 12:54:34,282 DEBUG [8457] [] Request URI : /eccadmin_dev/ExcelList
2021-08-21 12:54:34,282 DEBUG [8457] [] ExcelListController start
2021-08-21 12:54:34,282 DEBUG [8457] [] controllers/ExcelListController.php: is not exist
2021-08-21 12:54:34,283 DEBUG [8457] [] finally
2021-08-21 12:54:34,307 DEBUG [8457] [] Request URI : /eccadmin_dev/Error/disp
2021-08-21 12:54:34,307 DEBUG [8457] [] ErrorController start
2021-08-21 12:54:34,307 DEBUG [8457] [] controllers/ErrorController.php: is exist
2021-08-21 12:54:34,308 DEBUG [8457] [] ErrorForm: is exist
2021-08-21 12:54:34,308 DEBUG [8457] [] ErrorForm: form value set 
2021-08-21 12:54:34,308 DEBUG [8457] [] ------------------------------/eccadmin_dev/Error/disp
2021-08-21 12:54:34,308 DEBUG [8457] [] ------------------------------login_start_check
2021-08-21 12:54:34,308 DEBUG [8457] [] dispAction start
2021-08-21 12:54:34,319 DEBUG [8457] [] dispAction end
2021-08-21 12:54:34,319 DEBUG [8457] [] ErrorController end
2021-08-21 12:54:34,320 DEBUG [8457] [] finally
2021-08-21 12:54:35,801 DEBUG [8457] [] Request URI : /eccadmin_dev/Login
2021-08-21 12:54:35,801 DEBUG [8457] [] LoginController start
2021-08-21 12:54:35,802 DEBUG [8457] [] controllers/LoginController.php: is exist
2021-08-21 12:54:35,802 DEBUG [8457] [] LoginForm: is exist
2021-08-21 12:54:35,802 DEBUG [8457] [] LoginForm: form value set 
2021-08-21 12:54:35,802 DEBUG [8457] [] ------------------------------/eccadmin_dev/Login
2021-08-21 12:54:35,803 DEBUG [8457] [] ------------------------------login_start_check
2021-08-21 12:54:35,803 DEBUG [8457] [] indexAction start
2021-08-21 12:54:35,817 DEBUG [8457] [] indexAction end
2021-08-21 12:54:35,818 DEBUG [8457] [] LoginController end
2021-08-21 12:54:35,818 DEBUG [8457] [] finally
2021-08-21 12:54:41,535 DEBUG [8395] [] Request URI : /eccadmin_dev/Login/login
2021-08-21 12:54:41,536 DEBUG [8395] [] LoginController start
2021-08-21 12:54:41,536 DEBUG [8395] [] controllers/LoginController.php: is exist
2021-08-21 12:54:41,536 DEBUG [8395] [] LoginForm: is exist
2021-08-21 12:54:41,536 DEBUG [8395] [] LoginForm: form value set 
2021-08-21 12:54:41,537 DEBUG [8395] [] ------------------------------/eccadmin_dev/Login/login
2021-08-21 12:54:41,537 DEBUG [8395] [] ------------------------------login_start_check
2021-08-21 12:54:41,537 DEBUG [8395] [] loginAction start
2021-08-21 12:54:41,826 DEBUG [8395] [] loginAction end
2021-08-21 12:54:41,826 DEBUG [8395] [] LoginController end
2021-08-21 12:54:41,826 DEBUG [8395] [] finally
2021-08-21 12:54:41,844 DEBUG [8395] [] Request URI : /eccadmin_dev/Menu
2021-08-21 12:54:41,844 DEBUG [8395] [] MenuController start
2021-08-21 12:54:41,844 DEBUG [8395] [] controllers/MenuController.php: is exist
2021-08-21 12:54:41,844 DEBUG [8395] [] MenuForm: is exist
2021-08-21 12:54:41,844 DEBUG [8395] [] MenuForm: form value set 
2021-08-21 12:54:41,845 DEBUG [8395] [] ------------------------------/eccadmin_dev/Menu
2021-08-21 12:54:41,845 DEBUG [8395] [] ------------------------------login_start_check
2021-08-21 12:54:41,845 DEBUG [8395] [] indexAction start
2021-08-21 12:54:41,845 DEBUG [8395] [] admin_no is 1
2021-08-21 12:54:41,870 DEBUG [8395] [] indexAction end
2021-08-21 12:54:41,870 DEBUG [8395] [] MenuController end
2021-08-21 12:54:41,871 DEBUG [8395] [] finally
2021-08-21 12:54:44,466 DEBUG [8395] [] Request URI : /eccadmin_dev/TestList
2021-08-21 12:54:44,466 DEBUG [8395] [] TestListController start
2021-08-21 12:54:44,466 DEBUG [8395] [] controllers/TestListController.php: is exist
2021-08-21 12:54:44,466 DEBUG [8395] [] 1
2021-08-21 12:54:44,466 DEBUG [8395] [] 2
2021-08-21 12:54:44,467 DEBUG [8395] [] 3
2021-08-21 12:54:44,467 DEBUG [8395] [] 4
2021-08-21 12:54:44,467 DEBUG [8395] [] 5
2021-08-21 12:54:44,467 DEBUG [8395] [] 6
2021-08-21 12:54:44,467 DEBUG [8395] [] TestListForm: is exist
2021-08-21 12:54:44,467 DEBUG [8395] [] TestListForm: form value set 
2021-08-21 12:54:44,468 DEBUG [8395] [] ------------------------------/eccadmin_dev/TestList
2021-08-21 12:54:44,468 DEBUG [8395] [] indexAction start
2021-08-21 12:54:44,468 DEBUG [8395] [] admin_no is 1
2021-08-21 12:54:44,548 DEBUG [8395] [] indexAction end
2021-08-21 12:54:44,549 DEBUG [8395] [] TestListController end
2021-08-21 12:54:44,549 DEBUG [8395] [] finally
2021-08-21 12:54:46,004 DEBUG [8395] [] Request URI : /eccadmin_dev/TestRegist
2021-08-21 12:54:46,005 DEBUG [8395] [] TestRegistController start
2021-08-21 12:54:46,005 DEBUG [8395] [] controllers/TestRegistController.php: is exist
2021-08-21 12:54:46,005 DEBUG [8395] [] TestRegistForm: is exist
2021-08-21 12:54:46,005 DEBUG [8395] [] TestRegistForm: form value set 
2021-08-21 12:54:46,006 DEBUG [8395] [] ------------------------------/eccadmin_dev/TestRegist
2021-08-21 12:54:46,006 DEBUG [8395] [] ------------------------------session_check_true
2021-08-21 12:54:46,006 DEBUG [8395] [] indexAction start
2021-08-21 12:54:46,006 DEBUG [8395] [] admin_no is 1
2021-08-21 12:54:46,007 DEBUG [8395] [] test_no
2021-08-21 12:54:46,093 DEBUG [8395] [] indexAction end
2021-08-21 12:54:46,093 DEBUG [8395] [] TestRegistController end
2021-08-21 12:54:46,093 DEBUG [8395] [] finally
2021-08-21 13:01:53,175 DEBUG [10775] [] Request URI : /eccadmin_dev/TestList
2021-08-21 13:01:53,179 DEBUG [10775] [] TestListController start
2021-08-21 13:01:53,179 DEBUG [10775] [] controllers/TestListController.php: is exist
2021-08-21 13:01:53,179 DEBUG [10775] [] 1
2021-08-21 13:01:53,179 DEBUG [10775] [] 2
2021-08-21 13:01:53,179 DEBUG [10775] [] 3
2021-08-21 13:01:53,180 DEBUG [10775] [] 4
2021-08-21 13:01:53,180 DEBUG [10775] [] 5
2021-08-21 13:01:53,180 DEBUG [10775] [] 6
2021-08-21 13:01:53,180 DEBUG [10775] [] TestListForm: is exist
2021-08-21 13:01:53,181 DEBUG [10775] [] TestListForm: form value set 
2021-08-21 13:01:53,181 DEBUG [10775] [] ------------------------------/eccadmin_dev/TestList
2021-08-21 13:01:53,181 DEBUG [10775] [] indexAction start
2021-08-21 13:01:53,182 DEBUG [10775] [] admin_no is 1
2021-08-21 13:01:53,264 DEBUG [10775] [] indexAction end
2021-08-21 13:01:53,264 DEBUG [10775] [] TestListController end
2021-08-21 13:01:53,264 DEBUG [10775] [] finally
2021-08-21 13:01:54,360 DEBUG [10775] [] Request URI : /eccadmin_dev/TestRegist
2021-08-21 13:01:54,361 DEBUG [10775] [] TestRegistController start
2021-08-21 13:01:54,361 DEBUG [10775] [] controllers/TestRegistController.php: is exist
2021-08-21 13:01:54,364 DEBUG [10775] [] TestRegistForm: is exist
2021-08-21 13:01:54,364 DEBUG [10775] [] TestRegistForm: form value set 
2021-08-21 13:01:54,364 DEBUG [10775] [] ------------------------------/eccadmin_dev/TestRegist
2021-08-21 13:01:54,365 DEBUG [10775] [] ------------------------------session_check_true
2021-08-21 13:01:54,365 DEBUG [10775] [] indexAction start
2021-08-21 13:01:54,365 DEBUG [10775] [] admin_no is 1
2021-08-21 13:01:54,366 DEBUG [10775] [] test_no
2021-08-21 13:01:54,447 DEBUG [10775] [] indexAction end
2021-08-21 13:01:54,447 DEBUG [10775] [] TestRegistController end
2021-08-21 13:01:54,447 DEBUG [10775] [] finally
2021-08-21 13:02:14,475 DEBUG [8395] [] Request URI : /eccadmin_dev/TestRegist/save
2021-08-21 13:02:14,476 DEBUG [8395] [] TestRegistController start
2021-08-21 13:02:14,476 DEBUG [8395] [] controllers/TestRegistController.php: is exist
2021-08-21 13:02:14,476 DEBUG [8395] [] TestRegistForm: is exist
2021-08-21 13:02:14,477 DEBUG [8395] [] TestRegistForm: form value set 
2021-08-21 13:02:14,477 DEBUG [8395] [] ------------------------------/eccadmin_dev/TestRegist/save
2021-08-21 13:02:14,477 DEBUG [8395] [] ------------------------------session_check_true
2021-08-21 13:02:14,477 DEBUG [8395] [] saveAction start
2021-08-21 13:02:14,479 DEBUG [8395] [] test_no
2021-08-21 13:02:14,480 DEBUG [8395] [] INSERT INTO  T_TEST (org_no,test_no,test_name,test_type,test_quiz_count,description,status,start_period,end_period,create_dt,update_dt ) VALUES ( :org_no,:test_no,:test_name,:test_type,:test_quiz_count,:description,:status,:start_period,:end_period,:create_dt,:update_dt );
2021-08-21 13:02:14,562 DEBUG [8395] [] saveAction end
2021-08-21 13:02:14,562 DEBUG [8395] [] TestRegistController end
2021-08-21 13:02:14,562 DEBUG [8395] [] finally
2021-08-21 13:09:28,737 DEBUG [8568] [] Request URI : /eccadmin_dev/QuizAssignmentCheckbox/index
2021-08-21 13:09:28,738 DEBUG [8568] [] QuizAssignmentCheckboxController start
2021-08-21 13:09:28,738 DEBUG [8568] [] controllers/QuizAssignmentCheckboxController.php: is not exist
2021-08-21 13:09:28,738 DEBUG [8568] [] finally
2021-08-21 13:09:28,764 DEBUG [8568] [] Request URI : /eccadmin_dev/Error/disp
2021-08-21 13:09:28,765 DEBUG [8568] [] ErrorController start
2021-08-21 13:09:28,765 DEBUG [8568] [] controllers/ErrorController.php: is exist
2021-08-21 13:09:28,765 DEBUG [8568] [] ErrorForm: is exist
2021-08-21 13:09:28,765 DEBUG [8568] [] ErrorForm: form value set 
2021-08-21 13:09:28,765 DEBUG [8568] [] ------------------------------/eccadmin_dev/Error/disp
2021-08-21 13:09:28,766 DEBUG [8568] [] ------------------------------login_start_check
2021-08-21 13:09:28,766 DEBUG [8568] [] dispAction start
2021-08-21 13:09:28,777 DEBUG [8568] [] dispAction end
2021-08-21 13:09:28,777 DEBUG [8568] [] ErrorController end
2021-08-21 13:09:28,777 DEBUG [8568] [] finally
2021-08-21 13:09:31,260 DEBUG [8568] [] Request URI : /eccadmin_dev/Login
2021-08-21 13:09:31,260 DEBUG [8568] [] LoginController start
2021-08-21 13:09:31,260 DEBUG [8568] [] controllers/LoginController.php: is exist
2021-08-21 13:09:31,261 DEBUG [8568] [] LoginForm: is exist
2021-08-21 13:09:31,261 DEBUG [8568] [] LoginForm: form value set 
2021-08-21 13:09:31,261 DEBUG [8568] [] ------------------------------/eccadmin_dev/Login
2021-08-21 13:09:31,261 DEBUG [8568] [] ------------------------------login_start_check
2021-08-21 13:09:31,261 DEBUG [8568] [] indexAction start
2021-08-21 13:09:31,276 DEBUG [8568] [] indexAction end
2021-08-21 13:09:31,276 DEBUG [8568] [] LoginController end
2021-08-21 13:09:31,276 DEBUG [8568] [] finally
2021-08-21 13:09:46,945 DEBUG [8455] [] Request URI : /eccadmin_dev/Login/login
2021-08-21 13:09:46,945 DEBUG [8455] [] LoginController start
2021-08-21 13:09:46,946 DEBUG [8455] [] controllers/LoginController.php: is exist
2021-08-21 13:09:46,946 DEBUG [8455] [] LoginForm: is exist
2021-08-21 13:09:46,946 DEBUG [8455] [] LoginForm: form value set 
2021-08-21 13:09:46,946 DEBUG [8455] [] ------------------------------/eccadmin_dev/Login/login
2021-08-21 13:09:46,946 DEBUG [8455] [] ------------------------------login_start_check
2021-08-21 13:09:46,947 DEBUG [8455] [] loginAction start
2021-08-21 13:09:47,249 DEBUG [8455] [] loginAction end
2021-08-21 13:09:47,249 DEBUG [8455] [] LoginController end
2021-08-21 13:09:47,250 DEBUG [8455] [] finally
2021-08-21 13:09:47,272 DEBUG [8455] [] Request URI : /eccadmin_dev/Menu
2021-08-21 13:09:47,272 DEBUG [8455] [] MenuController start
2021-08-21 13:09:47,272 DEBUG [8455] [] controllers/MenuController.php: is exist
2021-08-21 13:09:47,272 DEBUG [8455] [] MenuForm: is exist
2021-08-21 13:09:47,273 DEBUG [8455] [] MenuForm: form value set 
2021-08-21 13:09:47,273 DEBUG [8455] [] ------------------------------/eccadmin_dev/Menu
2021-08-21 13:09:47,273 DEBUG [8455] [] ------------------------------login_start_check
2021-08-21 13:09:47,273 DEBUG [8455] [] indexAction start
2021-08-21 13:09:47,273 DEBUG [8455] [] admin_no is 1
2021-08-21 13:09:47,306 DEBUG [8455] [] indexAction end
2021-08-21 13:09:47,306 DEBUG [8455] [] MenuController end
2021-08-21 13:09:47,306 DEBUG [8455] [] finally
2021-08-21 13:09:49,811 DEBUG [8455] [] Request URI : /eccadmin_dev/QuizRegist
2021-08-21 13:09:49,812 DEBUG [8455] [] QuizRegistController start
2021-08-21 13:09:49,812 DEBUG [8455] [] controllers/QuizRegistController.php: is exist
2021-08-21 13:09:49,812 DEBUG [8455] [] QuizRegistForm: is exist
2021-08-21 13:09:49,812 DEBUG [8455] [] QuizRegistForm: form value set 
2021-08-21 13:09:49,813 DEBUG [8455] [] ------------------------------/eccadmin_dev/QuizRegist
2021-08-21 13:09:49,813 DEBUG [8455] [] ------------------------------session_check_true
2021-08-21 13:09:49,813 DEBUG [8455] [] indexAction start
2021-08-21 13:09:49,813 DEBUG [8455] [] admin_no is 1
2021-08-21 13:09:49,814 DEBUG [8455] [] quiz_no
2021-08-21 13:09:49,816 DEBUG [8455] []  SELECT  distinct name  ,type FROM M_TYPE  WHERE  del_flg = '0'   AND category = '010'   ORDER BY  type ASC 
2021-08-21 13:09:49,908 DEBUG [8455] [] indexAction end
2021-08-21 13:09:49,908 DEBUG [8455] [] QuizRegistController end
2021-08-21 13:09:49,908 DEBUG [8455] [] finally
2021-08-21 13:10:09,079 DEBUG [10759] [] Request URI : /eccadmin_dev/QuizRegist/Save
2021-08-21 13:10:09,080 DEBUG [10759] [] QuizRegistController start
2021-08-21 13:10:09,080 DEBUG [10759] [] controllers/QuizRegistController.php: is exist
2021-08-21 13:10:09,080 DEBUG [10759] [] QuizRegistForm: is exist
2021-08-21 13:10:09,081 DEBUG [10759] [] QuizRegistForm: form value set 
2021-08-21 13:10:09,081 DEBUG [10759] [] ------------------------------/eccadmin_dev/QuizRegist/Save
2021-08-21 13:10:09,081 DEBUG [10759] [] ------------------------------session_check_true
2021-08-21 13:10:09,082 DEBUG [10759] [] SaveAction start
2021-08-21 13:10:09,083 DEBUG [10759] [] INSERT INTO  T_QUIZ (org_no,quiz_no,quiz_name,quiz_type,answer_time,quiz_content,correct1,incorrect1,incorrect2,incorrect3,explanation,create_dt,update_dt ) VALUES ( :org_no,:quiz_no,:quiz_name,:quiz_type,:answer_time,:quiz_content,:correct1,:incorrect1,:incorrect2,:incorrect3,:explanation,:create_dt,:update_dt );
2021-08-21 13:10:09,085 DEBUG [10759] [] SaveAction end
2021-08-21 13:10:09,085 DEBUG [10759] [] QuizRegistController end
2021-08-21 13:10:09,085 DEBUG [10759] [] finally
2021-08-21 13:10:09,103 DEBUG [10759] [] Request URI : /eccadmin_dev/QuizList/Search
2021-08-21 13:10:09,103 DEBUG [10759] [] QuizListController start
2021-08-21 13:10:09,103 DEBUG [10759] [] controllers/QuizListController.php: is exist
2021-08-21 13:10:09,103 DEBUG [10759] [] 1
2021-08-21 13:10:09,103 DEBUG [10759] [] 1
2021-08-21 13:10:09,103 DEBUG [10759] [] 1
2021-08-21 13:10:09,103 DEBUG [10759] [] 1
2021-08-21 13:10:09,104 DEBUG [10759] [] 1
2021-08-21 13:10:09,104 DEBUG [10759] [] 1
2021-08-21 13:10:09,104 DEBUG [10759] [] 1
2021-08-21 13:10:09,104 DEBUG [10759] [] QuizListForm: is exist
2021-08-21 13:10:09,104 DEBUG [10759] [] QuizListForm: form value set 
2021-08-21 13:10:09,104 DEBUG [10759] [] ------------------------------/eccadmin_dev/QuizList/Search
2021-08-21 13:10:09,104 DEBUG [10759] [] SearchAction start
2021-08-21 13:10:09,104 DEBUG [10759] [] admin_no is 1
2021-08-21 13:10:09,163 DEBUG [10759] [] SearchAction end
2021-08-21 13:10:09,163 DEBUG [10759] [] QuizListController end
2021-08-21 13:10:09,163 DEBUG [10759] [] finally
2021-08-21 13:10:13,467 DEBUG [10759] [] Request URI : /eccadmin_dev/QuizList
2021-08-21 13:10:13,468 DEBUG [10759] [] QuizListController start
2021-08-21 13:10:13,468 DEBUG [10759] [] controllers/QuizListController.php: is exist
2021-08-21 13:10:13,468 DEBUG [10759] [] 1
2021-08-21 13:10:13,468 DEBUG [10759] [] 1
2021-08-21 13:10:13,468 DEBUG [10759] [] 1
2021-08-21 13:10:13,468 DEBUG [10759] [] 1
2021-08-21 13:10:13,468 DEBUG [10759] [] 1
2021-08-21 13:10:13,468 DEBUG [10759] [] 1
2021-08-21 13:10:13,468 DEBUG [10759] [] 1
2021-08-21 13:10:13,469 DEBUG [10759] [] QuizListForm: is exist
2021-08-21 13:10:13,469 DEBUG [10759] [] QuizListForm: form value set 
2021-08-21 13:10:13,469 DEBUG [10759] [] ------------------------------/eccadmin_dev/QuizList
2021-08-21 13:10:13,469 DEBUG [10759] [] indexAction start
2021-08-21 13:10:13,469 DEBUG [10759] [] admin_no is 1
2021-08-21 13:10:13,529 DEBUG [10759] [] indexAction end
2021-08-21 13:10:13,529 DEBUG [10759] [] QuizListController end
2021-08-21 13:10:13,530 DEBUG [10759] [] finally
2021-08-21 13:10:14,959 DEBUG [10759] [] Request URI : /eccadmin_dev/QuizList/Search
2021-08-21 13:10:14,960 DEBUG [10759] [] QuizListController start
2021-08-21 13:10:14,960 DEBUG [10759] [] controllers/QuizListController.php: is exist
2021-08-21 13:10:14,960 DEBUG [10759] [] 1
2021-08-21 13:10:14,960 DEBUG [10759] [] 1
2021-08-21 13:10:14,960 DEBUG [10759] [] 1
2021-08-21 13:10:14,960 DEBUG [10759] [] 1
2021-08-21 13:10:14,960 DEBUG [10759] [] 1
2021-08-21 13:10:14,960 DEBUG [10759] [] 1
2021-08-21 13:10:14,960 DEBUG [10759] [] 1
2021-08-21 13:10:14,961 DEBUG [10759] [] QuizListForm: is exist
2021-08-21 13:10:14,961 DEBUG [10759] [] QuizListForm: form value set 
2021-08-21 13:10:14,961 DEBUG [10759] [] ------------------------------/eccadmin_dev/QuizList/Search
2021-08-21 13:10:14,961 DEBUG [10759] [] SearchAction start
2021-08-21 13:10:14,961 DEBUG [10759] [] admin_no is 1
2021-08-21 13:10:15,022 DEBUG [10759] [] SearchAction end
2021-08-21 13:10:15,022 DEBUG [10759] [] QuizListController end
2021-08-21 13:10:15,022 DEBUG [10759] [] finally
2021-08-21 13:12:00,118 DEBUG [8568] [] Request URI : /eccadmin_dev/QuizList
2021-08-21 13:12:00,119 DEBUG [8568] [] QuizListController start
2021-08-21 13:12:00,119 DEBUG [8568] [] controllers/QuizListController.php: is exist
2021-08-21 13:12:00,119 DEBUG [8568] [] 1
2021-08-21 13:12:00,119 DEBUG [8568] [] 1
2021-08-21 13:12:00,119 DEBUG [8568] [] 1
2021-08-21 13:12:00,119 DEBUG [8568] [] 1
2021-08-21 13:12:00,119 DEBUG [8568] [] 1
2021-08-21 13:12:00,119 DEBUG [8568] [] 1
2021-08-21 13:12:00,119 DEBUG [8568] [] 1
2021-08-21 13:12:00,120 DEBUG [8568] [] QuizListForm: is exist
2021-08-21 13:12:00,120 DEBUG [8568] [] QuizListForm: form value set 
2021-08-21 13:12:00,120 DEBUG [8568] [] ------------------------------/eccadmin_dev/QuizList
2021-08-21 13:12:00,120 DEBUG [8568] [] indexAction start
2021-08-21 13:12:00,121 DEBUG [8568] [] admin_no is 1
2021-08-21 13:12:00,179 DEBUG [8568] [] indexAction end
2021-08-21 13:12:00,179 DEBUG [8568] [] QuizListController end
2021-08-21 13:12:00,180 DEBUG [8568] [] finally
2021-08-21 13:16:18,789 DEBUG [8353] [] Request URI : /eccadmin_dev/QuizRegist/index
2021-08-21 13:16:18,789 DEBUG [8353] [] QuizRegistController start
2021-08-21 13:16:18,789 DEBUG [8353] [] controllers/QuizRegistController.php: is exist
2021-08-21 13:16:18,790 DEBUG [8353] [] QuizRegistForm: is exist
2021-08-21 13:16:18,790 DEBUG [8353] [] QuizRegistForm: form value set 
2021-08-21 13:16:18,790 DEBUG [8353] [] ------------------------------/eccadmin_dev/QuizRegist/index
2021-08-21 13:16:18,790 DEBUG [8353] [] ------------------------------session_check_true
2021-08-21 13:16:18,791 DEBUG [8353] [] indexAction start
2021-08-21 13:16:18,791 DEBUG [8353] [] admin_no is 1
2021-08-21 13:16:18,792 DEBUG [8353] [] quiz_no
2021-08-21 13:16:18,794 DEBUG [8353] []  SELECT  distinct name  ,type FROM M_TYPE  WHERE  del_flg = '0'   AND category = '010'   ORDER BY  type ASC 
2021-08-21 13:16:18,886 DEBUG [8353] [] indexAction end
2021-08-21 13:16:18,886 DEBUG [8353] [] QuizRegistController end
2021-08-21 13:16:18,886 DEBUG [8353] [] finally
2021-08-21 13:16:37,804 DEBUG [8457] [] Request URI : /eccadmin_dev/QuizRegist/Save
2021-08-21 13:16:37,804 DEBUG [8457] [] QuizRegistController start
2021-08-21 13:16:37,804 DEBUG [8457] [] controllers/QuizRegistController.php: is exist
2021-08-21 13:16:37,805 DEBUG [8457] [] QuizRegistForm: is exist
2021-08-21 13:16:37,805 DEBUG [8457] [] QuizRegistForm: form value set 
2021-08-21 13:16:37,805 DEBUG [8457] [] ------------------------------/eccadmin_dev/QuizRegist/Save
2021-08-21 13:16:37,806 DEBUG [8457] [] ------------------------------session_check_true
2021-08-21 13:16:37,806 DEBUG [8457] [] SaveAction start
2021-08-21 13:16:37,807 DEBUG [8457] [] INSERT INTO  T_QUIZ (org_no,quiz_no,quiz_name,quiz_type,answer_time,quiz_content,correct1,incorrect1,incorrect2,explanation,create_dt,update_dt ) VALUES ( :org_no,:quiz_no,:quiz_name,:quiz_type,:answer_time,:quiz_content,:correct1,:incorrect1,:incorrect2,:explanation,:create_dt,:update_dt );
2021-08-21 13:16:37,811 DEBUG [8457] [] SaveAction end
2021-08-21 13:16:37,811 DEBUG [8457] [] QuizRegistController end
2021-08-21 13:16:37,811 DEBUG [8457] [] finally
2021-08-21 13:16:37,831 DEBUG [8457] [] Request URI : /eccadmin_dev/QuizList/Search
2021-08-21 13:16:37,832 DEBUG [8457] [] QuizListController start
2021-08-21 13:16:37,832 DEBUG [8457] [] controllers/QuizListController.php: is exist
2021-08-21 13:16:37,832 DEBUG [8457] [] 1
2021-08-21 13:16:37,832 DEBUG [8457] [] 1
2021-08-21 13:16:37,832 DEBUG [8457] [] 1
2021-08-21 13:16:37,832 DEBUG [8457] [] 1
2021-08-21 13:16:37,832 DEBUG [8457] [] 1
2021-08-21 13:16:37,832 DEBUG [8457] [] 1
2021-08-21 13:16:37,832 DEBUG [8457] [] 1
2021-08-21 13:16:37,832 DEBUG [8457] [] QuizListForm: is exist
2021-08-21 13:16:37,832 DEBUG [8457] [] QuizListForm: form value set 
2021-08-21 13:16:37,833 DEBUG [8457] [] ------------------------------/eccadmin_dev/QuizList/Search
2021-08-21 13:16:37,833 DEBUG [8457] [] SearchAction start
2021-08-21 13:16:37,833 DEBUG [8457] [] admin_no is 1
2021-08-21 13:16:37,890 DEBUG [8457] [] SearchAction end
2021-08-21 13:16:37,890 DEBUG [8457] [] QuizListController end
2021-08-21 13:16:37,891 DEBUG [8457] [] finally
2021-08-21 13:16:40,302 DEBUG [8457] [] Request URI : /eccadmin_dev/QuizList
2021-08-21 13:16:40,302 DEBUG [8457] [] QuizListController start
2021-08-21 13:16:40,302 DEBUG [8457] [] controllers/QuizListController.php: is exist
2021-08-21 13:16:40,302 DEBUG [8457] [] 1
2021-08-21 13:16:40,302 DEBUG [8457] [] 1
2021-08-21 13:16:40,302 DEBUG [8457] [] 1
2021-08-21 13:16:40,303 DEBUG [8457] [] 1
2021-08-21 13:16:40,303 DEBUG [8457] [] 1
2021-08-21 13:16:40,303 DEBUG [8457] [] 1
2021-08-21 13:16:40,303 DEBUG [8457] [] 1
2021-08-21 13:16:40,303 DEBUG [8457] [] QuizListForm: is exist
2021-08-21 13:16:40,303 DEBUG [8457] [] QuizListForm: form value set 
2021-08-21 13:16:40,304 DEBUG [8457] [] ------------------------------/eccadmin_dev/QuizList
2021-08-21 13:16:40,304 DEBUG [8457] [] indexAction start
2021-08-21 13:16:40,304 DEBUG [8457] [] admin_no is 1
2021-08-21 13:16:40,364 DEBUG [8457] [] indexAction end
2021-08-21 13:16:40,364 DEBUG [8457] [] QuizListController end
2021-08-21 13:16:40,364 DEBUG [8457] [] finally
2021-08-21 13:16:42,273 DEBUG [8457] [] Request URI : /eccadmin_dev/QuizList/Search
2021-08-21 13:16:42,274 DEBUG [8457] [] QuizListController start
2021-08-21 13:16:42,274 DEBUG [8457] [] controllers/QuizListController.php: is exist
2021-08-21 13:16:42,274 DEBUG [8457] [] 1
2021-08-21 13:16:42,274 DEBUG [8457] [] 1
2021-08-21 13:16:42,274 DEBUG [8457] [] 1
2021-08-21 13:16:42,274 DEBUG [8457] [] 1
2021-08-21 13:16:42,275 DEBUG [8457] [] 1
2021-08-21 13:16:42,275 DEBUG [8457] [] 1
2021-08-21 13:16:42,275 DEBUG [8457] [] 1
2021-08-21 13:16:42,275 DEBUG [8457] [] QuizListForm: is exist
2021-08-21 13:16:42,275 DEBUG [8457] [] QuizListForm: form value set 
2021-08-21 13:16:42,275 DEBUG [8457] [] ------------------------------/eccadmin_dev/QuizList/Search
2021-08-21 13:16:42,276 DEBUG [8457] [] SearchAction start
2021-08-21 13:16:42,276 DEBUG [8457] [] admin_no is 1
2021-08-21 13:16:42,336 DEBUG [8457] [] SearchAction end
2021-08-21 13:16:42,336 DEBUG [8457] [] QuizListController end
2021-08-21 13:16:42,336 DEBUG [8457] [] finally
2021-08-21 13:20:25,987 DEBUG [8395] [] Request URI : /eccadmin_dev/QuizRegist
2021-08-21 13:20:25,988 DEBUG [8395] [] QuizRegistController start
2021-08-21 13:20:25,988 DEBUG [8395] [] controllers/QuizRegistController.php: is exist
2021-08-21 13:20:25,991 DEBUG [8395] [] QuizRegistForm: is exist
2021-08-21 13:20:25,991 DEBUG [8395] [] QuizRegistForm: form value set 
2021-08-21 13:20:25,991 DEBUG [8395] [] ------------------------------/eccadmin_dev/QuizRegist
2021-08-21 13:20:25,991 DEBUG [8395] [] ------------------------------session_check_true
2021-08-21 13:20:25,992 DEBUG [8395] [] indexAction start
2021-08-21 13:20:25,992 DEBUG [8395] [] admin_no is 1
2021-08-21 13:20:25,993 DEBUG [8395] [] quiz_no
2021-08-21 13:20:25,995 DEBUG [8395] []  SELECT  distinct name  ,type FROM M_TYPE  WHERE  del_flg = '0'   AND category = '010'   ORDER BY  type ASC 
2021-08-21 13:20:26,086 DEBUG [8395] [] indexAction end
2021-08-21 13:20:26,086 DEBUG [8395] [] QuizRegistController end
2021-08-21 13:20:26,086 DEBUG [8395] [] finally
2021-08-21 13:20:37,680 DEBUG [8568] [] Request URI : /eccadmin_dev/QuizRegist/Save
2021-08-21 13:20:37,681 DEBUG [8568] [] QuizRegistController start
2021-08-21 13:20:37,681 DEBUG [8568] [] controllers/QuizRegistController.php: is exist
2021-08-21 13:20:37,682 DEBUG [8568] [] QuizRegistForm: is exist
2021-08-21 13:20:37,682 DEBUG [8568] [] QuizRegistForm: form value set 
2021-08-21 13:20:37,682 DEBUG [8568] [] ------------------------------/eccadmin_dev/QuizRegist/Save
2021-08-21 13:20:37,682 DEBUG [8568] [] ------------------------------session_check_true
2021-08-21 13:20:37,683 DEBUG [8568] [] SaveAction start
2021-08-21 13:20:37,684 DEBUG [8568] [] INSERT INTO  T_QUIZ (org_no,quiz_no,quiz_name,quiz_type,answer_time,quiz_content,correct1,incorrect1,incorrect2,explanation,create_dt,update_dt ) VALUES ( :org_no,:quiz_no,:quiz_name,:quiz_type,:answer_time,:quiz_content,:correct1,:incorrect1,:incorrect2,:explanation,:create_dt,:update_dt );
2021-08-21 13:20:37,685 DEBUG [8568] [] org no is :99999
2021-08-21 13:20:37,686 DEBUG [8568] [] SaveAction end
2021-08-21 13:20:37,686 DEBUG [8568] [] QuizRegistController end
2021-08-21 13:20:37,686 DEBUG [8568] [] finally
2021-08-21 13:20:37,709 DEBUG [8568] [] Request URI : /eccadmin_dev/QuizList/Search
2021-08-21 13:20:37,709 DEBUG [8568] [] QuizListController start
2021-08-21 13:20:37,709 DEBUG [8568] [] controllers/QuizListController.php: is exist
2021-08-21 13:20:37,710 DEBUG [8568] [] QuizListForm: is exist
2021-08-21 13:20:37,711 DEBUG [8568] [] QuizListForm: form value set 
2021-08-21 13:20:37,711 DEBUG [8568] [] ------------------------------/eccadmin_dev/QuizList/Search
2021-08-21 13:20:37,711 DEBUG [8568] [] SearchAction start
2021-08-21 13:20:37,711 DEBUG [8568] [] admin_no is 1
2021-08-21 13:20:37,768 DEBUG [8568] [] SearchAction end
2021-08-21 13:20:37,768 DEBUG [8568] [] QuizListController end
2021-08-21 13:20:37,768 DEBUG [8568] [] finally
2021-08-21 13:21:59,046 DEBUG [8353] [] Request URI : /eccadmin_dev/QuizList
2021-08-21 13:21:59,046 DEBUG [8353] [] QuizListController start
2021-08-21 13:21:59,046 DEBUG [8353] [] controllers/QuizListController.php: is exist
2021-08-21 13:21:59,047 DEBUG [8353] [] QuizListForm: is exist
2021-08-21 13:21:59,047 DEBUG [8353] [] QuizListForm: form value set 
2021-08-21 13:21:59,047 DEBUG [8353] [] ------------------------------/eccadmin_dev/QuizList
2021-08-21 13:21:59,047 DEBUG [8353] [] indexAction start
2021-08-21 13:21:59,048 DEBUG [8353] [] admin_no is 1
2021-08-21 13:21:59,108 DEBUG [8353] [] indexAction end
2021-08-21 13:21:59,108 DEBUG [8353] [] QuizListController end
2021-08-21 13:21:59,108 DEBUG [8353] [] finally
2021-08-21 13:22:00,658 DEBUG [8353] [] Request URI : /eccadmin_dev/QuizList/Search
2021-08-21 13:22:00,659 DEBUG [8353] [] QuizListController start
2021-08-21 13:22:00,659 DEBUG [8353] [] controllers/QuizListController.php: is exist
2021-08-21 13:22:00,659 DEBUG [8353] [] QuizListForm: is exist
2021-08-21 13:22:00,659 DEBUG [8353] [] QuizListForm: form value set 
2021-08-21 13:22:00,660 DEBUG [8353] [] ------------------------------/eccadmin_dev/QuizList/Search
2021-08-21 13:22:00,660 DEBUG [8353] [] SearchAction start
2021-08-21 13:22:00,660 DEBUG [8353] [] admin_no is 1
2021-08-21 13:22:00,720 DEBUG [8353] [] SearchAction end
2021-08-21 13:22:00,720 DEBUG [8353] [] QuizListController end
2021-08-21 13:22:00,720 DEBUG [8353] [] finally
2021-08-21 13:22:03,560 DEBUG [8353] [] Request URI : /eccadmin_dev/QuizList/Search
2021-08-21 13:22:03,561 DEBUG [8353] [] QuizListController start
2021-08-21 13:22:03,561 DEBUG [8353] [] controllers/QuizListController.php: is exist
2021-08-21 13:22:03,561 DEBUG [8353] [] QuizListForm: is exist
2021-08-21 13:22:03,561 DEBUG [8353] [] QuizListForm: form value set 
2021-08-21 13:22:03,562 DEBUG [8353] [] ------------------------------/eccadmin_dev/QuizList/Search
2021-08-21 13:22:03,562 DEBUG [8353] [] SearchAction start
2021-08-21 13:22:03,562 DEBUG [8353] [] admin_no is 1
2021-08-21 13:22:03,622 DEBUG [8353] [] SearchAction end
2021-08-21 13:22:03,622 DEBUG [8353] [] QuizListController end
2021-08-21 13:22:03,622 DEBUG [8353] [] finally
2021-08-21 13:22:43,986 DEBUG [8457] [] Request URI : /eccadmin_dev/QuizList
2021-08-21 13:22:43,986 DEBUG [8457] [] QuizListController start
2021-08-21 13:22:43,986 DEBUG [8457] [] controllers/QuizListController.php: is exist
2021-08-21 13:22:43,987 DEBUG [8457] [] QuizListForm: is exist
2021-08-21 13:22:43,987 DEBUG [8457] [] QuizListForm: form value set 
2021-08-21 13:22:43,987 DEBUG [8457] [] ------------------------------/eccadmin_dev/QuizList
2021-08-21 13:22:43,987 DEBUG [8457] [] indexAction start
2021-08-21 13:22:43,987 DEBUG [8457] [] admin_no is 1
2021-08-21 13:22:44,044 DEBUG [8457] [] indexAction end
2021-08-21 13:22:44,044 DEBUG [8457] [] QuizListController end
2021-08-21 13:22:44,044 DEBUG [8457] [] finally
2021-08-21 14:05:07,432 DEBUG [8568] [] Request URI : /eccadmin_dev/QuizList
2021-08-21 14:05:07,432 DEBUG [8568] [] QuizListController start
2021-08-21 14:05:07,433 DEBUG [8568] [] controllers/QuizListController.php: is exist
2021-08-21 14:05:07,433 DEBUG [8568] [] QuizListForm: is exist
2021-08-21 14:05:07,433 DEBUG [8568] [] QuizListForm: form value set 
2021-08-21 14:05:07,434 DEBUG [8568] [] ------------------------------/eccadmin_dev/QuizList
2021-08-21 14:05:07,434 DEBUG [8568] [] indexAction start
2021-08-21 14:05:07,434 DEBUG [8568] [] admin_no is 
2021-08-21 14:05:07,434 DEBUG [8568] [] indexAction end
2021-08-21 14:05:07,434 DEBUG [8568] [] QuizListController end
2021-08-21 14:05:07,434 DEBUG [8568] [] finally
2021-08-21 14:05:07,457 DEBUG [8568] [] Request URI : /eccadmin_dev/Error/disp
2021-08-21 14:05:07,458 DEBUG [8568] [] ErrorController start
2021-08-21 14:05:07,458 DEBUG [8568] [] controllers/ErrorController.php: is exist
2021-08-21 14:05:07,458 DEBUG [8568] [] ErrorForm: is exist
2021-08-21 14:05:07,458 DEBUG [8568] [] ErrorForm: form value set 
2021-08-21 14:05:07,459 DEBUG [8568] [] ------------------------------/eccadmin_dev/Error/disp
2021-08-21 14:05:07,459 DEBUG [8568] [] ------------------------------login_start_check
2021-08-21 14:05:07,459 DEBUG [8568] [] dispAction start
2021-08-21 14:05:07,469 DEBUG [8568] [] dispAction end
2021-08-21 14:05:07,470 DEBUG [8568] [] ErrorController end
2021-08-21 14:05:07,470 DEBUG [8568] [] finally
2021-08-21 14:05:08,819 DEBUG [8568] [] Request URI : /eccadmin_dev/Login
2021-08-21 14:05:08,819 DEBUG [8568] [] LoginController start
2021-08-21 14:05:08,819 DEBUG [8568] [] controllers/LoginController.php: is exist
2021-08-21 14:05:08,820 DEBUG [8568] [] LoginForm: is exist
2021-08-21 14:05:08,820 DEBUG [8568] [] LoginForm: form value set 
2021-08-21 14:05:08,820 DEBUG [8568] [] ------------------------------/eccadmin_dev/Login
2021-08-21 14:05:08,820 DEBUG [8568] [] ------------------------------login_start_check
2021-08-21 14:05:08,820 DEBUG [8568] [] indexAction start
2021-08-21 14:05:08,835 DEBUG [8568] [] indexAction end
2021-08-21 14:05:08,835 DEBUG [8568] [] LoginController end
2021-08-21 14:05:08,835 DEBUG [8568] [] finally
2021-08-21 14:05:11,322 DEBUG [8568] [] Request URI : /eccadmin_dev/Login/login
2021-08-21 14:05:11,322 DEBUG [8568] [] LoginController start
2021-08-21 14:05:11,322 DEBUG [8568] [] controllers/LoginController.php: is exist
2021-08-21 14:05:11,323 DEBUG [8568] [] LoginForm: is exist
2021-08-21 14:05:11,323 DEBUG [8568] [] LoginForm: form value set 
2021-08-21 14:05:11,323 DEBUG [8568] [] ------------------------------/eccadmin_dev/Login/login
2021-08-21 14:05:11,323 DEBUG [8568] [] ------------------------------login_start_check
2021-08-21 14:05:11,323 DEBUG [8568] [] loginAction start
2021-08-21 14:05:11,622 DEBUG [8568] [] loginAction end
2021-08-21 14:05:11,622 DEBUG [8568] [] LoginController end
2021-08-21 14:05:11,622 DEBUG [8568] [] finally
2021-08-21 14:05:11,645 DEBUG [8568] [] Request URI : /eccadmin_dev/Menu
2021-08-21 14:05:11,645 DEBUG [8568] [] MenuController start
2021-08-21 14:05:11,645 DEBUG [8568] [] controllers/MenuController.php: is exist
2021-08-21 14:05:11,645 DEBUG [8568] [] MenuForm: is exist
2021-08-21 14:05:11,645 DEBUG [8568] [] MenuForm: form value set 
2021-08-21 14:05:11,646 DEBUG [8568] [] ------------------------------/eccadmin_dev/Menu
2021-08-21 14:05:11,646 DEBUG [8568] [] ------------------------------login_start_check
2021-08-21 14:05:11,646 DEBUG [8568] [] indexAction start
2021-08-21 14:05:11,646 DEBUG [8568] [] admin_no is 1
2021-08-21 14:05:11,670 DEBUG [8568] [] indexAction end
2021-08-21 14:05:11,671 DEBUG [8568] [] MenuController end
2021-08-21 14:05:11,671 DEBUG [8568] [] finally
2021-08-21 14:05:14,471 DEBUG [8568] [] Request URI : /eccadmin_dev/TestInfoList
2021-08-21 14:05:14,471 DEBUG [8568] [] TestInfoListController start
2021-08-21 14:05:14,471 DEBUG [8568] [] controllers/TestInfoListController.php: is exist
2021-08-21 14:05:14,472 DEBUG [8568] [] TestInfoListForm: is exist
2021-08-21 14:05:14,472 DEBUG [8568] [] TestInfoListForm: form value set 
2021-08-21 14:05:14,472 DEBUG [8568] [] ------------------------------/eccadmin_dev/TestInfoList
2021-08-21 14:05:14,473 DEBUG [8568] [] indexAction start
2021-08-21 14:05:14,473 DEBUG [8568] [] admin_no is 1
2021-08-21 14:05:14,474 DEBUG [8568] [] test List count:2
2021-08-21 14:05:14,557 DEBUG [8568] [] indexAction end
2021-08-21 14:05:14,557 DEBUG [8568] [] TestInfoListController end
2021-08-21 14:05:14,558 DEBUG [8568] [] finally
2021-08-21 14:05:18,255 DEBUG [8568] [] Request URI : /eccadmin_dev/QuizList
2021-08-21 14:05:18,256 DEBUG [8568] [] QuizListController start
2021-08-21 14:05:18,256 DEBUG [8568] [] controllers/QuizListController.php: is exist
2021-08-21 14:05:18,256 DEBUG [8568] [] QuizListForm: is exist
2021-08-21 14:05:18,256 DEBUG [8568] [] QuizListForm: form value set 
2021-08-21 14:05:18,257 DEBUG [8568] [] ------------------------------/eccadmin_dev/QuizList
2021-08-21 14:05:18,257 DEBUG [8568] [] indexAction start
2021-08-21 14:05:18,257 DEBUG [8568] [] admin_no is 1
2021-08-21 14:05:18,316 DEBUG [8568] [] indexAction end
2021-08-21 14:05:18,316 DEBUG [8568] [] QuizListController end
2021-08-21 14:05:18,316 DEBUG [8568] [] finally
2021-08-21 14:05:20,329 DEBUG [8568] [] Request URI : /eccadmin_dev/QuizList/Search
2021-08-21 14:05:20,329 DEBUG [8568] [] QuizListController start
2021-08-21 14:05:20,329 DEBUG [8568] [] controllers/QuizListController.php: is exist
2021-08-21 14:05:20,329 DEBUG [8568] [] QuizListForm: is exist
2021-08-21 14:05:20,330 DEBUG [8568] [] QuizListForm: form value set 
2021-08-21 14:05:20,330 DEBUG [8568] [] ------------------------------/eccadmin_dev/QuizList/Search
2021-08-21 14:05:20,330 DEBUG [8568] [] SearchAction start
2021-08-21 14:05:20,330 DEBUG [8568] [] admin_no is 1
2021-08-21 14:05:20,387 DEBUG [8568] [] SearchAction end
2021-08-21 14:05:20,387 DEBUG [8568] [] QuizListController end
2021-08-21 14:05:20,387 DEBUG [8568] [] finally
2021-08-21 14:06:28,934 DEBUG [12946] [] Request URI : /eccadmin_dev/QuizList
2021-08-21 14:06:28,937 DEBUG [12946] [] QuizListController start
2021-08-21 14:06:28,937 DEBUG [12946] [] controllers/QuizListController.php: is exist
2021-08-21 14:06:28,940 DEBUG [12946] [] QuizListForm: is exist
2021-08-21 14:06:28,940 DEBUG [12946] [] QuizListForm: form value set 
2021-08-21 14:06:28,940 DEBUG [12946] [] ------------------------------/eccadmin_dev/QuizList
2021-08-21 14:06:28,940 DEBUG [12946] [] indexAction start
2021-08-21 14:06:28,941 DEBUG [12946] [] admin_no is 1
2021-08-21 14:06:29,004 DEBUG [12946] [] indexAction end
2021-08-21 14:06:29,004 DEBUG [12946] [] QuizListController end
2021-08-21 14:06:29,004 DEBUG [12946] [] finally
2021-08-21 14:06:30,552 DEBUG [12946] [] Request URI : /eccadmin_dev/QuizList/Search
2021-08-21 14:06:30,553 DEBUG [12946] [] QuizListController start
2021-08-21 14:06:30,553 DEBUG [12946] [] controllers/QuizListController.php: is exist
2021-08-21 14:06:30,553 DEBUG [12946] [] QuizListForm: is exist
2021-08-21 14:06:30,553 DEBUG [12946] [] QuizListForm: form value set 
2021-08-21 14:06:30,554 DEBUG [12946] [] ------------------------------/eccadmin_dev/QuizList/Search
2021-08-21 14:06:30,554 DEBUG [12946] [] SearchAction start
2021-08-21 14:06:30,554 DEBUG [12946] [] admin_no is 1
2021-08-21 14:06:30,618 DEBUG [12946] [] SearchAction end
2021-08-21 14:06:30,618 DEBUG [12946] [] QuizListController end
2021-08-21 14:06:30,618 DEBUG [12946] [] finally
2021-08-21 14:06:32,145 DEBUG [12946] [] Request URI : /eccadmin_dev/QuizList/Search
2021-08-21 14:06:32,145 DEBUG [12946] [] QuizListController start
2021-08-21 14:06:32,145 DEBUG [12946] [] controllers/QuizListController.php: is exist
2021-08-21 14:06:32,146 DEBUG [12946] [] QuizListForm: is exist
2021-08-21 14:06:32,146 DEBUG [12946] [] QuizListForm: form value set 
2021-08-21 14:06:32,146 DEBUG [12946] [] ------------------------------/eccadmin_dev/QuizList/Search
2021-08-21 14:06:32,146 DEBUG [12946] [] SearchAction start
2021-08-21 14:06:32,147 DEBUG [12946] [] admin_no is 1
2021-08-21 14:06:32,209 DEBUG [12946] [] SearchAction end
2021-08-21 14:06:32,209 DEBUG [12946] [] QuizListController end
2021-08-21 14:06:32,209 DEBUG [12946] [] finally
2021-08-21 14:07:25,096 DEBUG [12849] [] Request URI : /eccadmin_dev/QuizList
2021-08-21 14:07:25,096 DEBUG [12849] [] QuizListController start
2021-08-21 14:07:25,097 DEBUG [12849] [] controllers/QuizListController.php: is exist
2021-08-21 14:07:25,098 DEBUG [12849] [] QuizListForm: is exist
2021-08-21 14:07:25,098 DEBUG [12849] [] QuizListForm: form value set 
2021-08-21 14:07:25,099 DEBUG [12849] [] ------------------------------/eccadmin_dev/QuizList
2021-08-21 14:07:25,099 DEBUG [12849] [] indexAction start
2021-08-21 14:07:25,099 DEBUG [12849] [] admin_no is 1
2021-08-21 14:07:25,156 DEBUG [12849] [] indexAction end
2021-08-21 14:07:25,157 DEBUG [12849] [] QuizListController end
2021-08-21 14:07:25,157 DEBUG [12849] [] finally
2021-08-21 14:07:26,850 DEBUG [12849] [] Request URI : /eccadmin_dev/QuizList/Search
2021-08-21 14:07:26,851 DEBUG [12849] [] QuizListController start
2021-08-21 14:07:26,851 DEBUG [12849] [] controllers/QuizListController.php: is exist
2021-08-21 14:07:26,851 DEBUG [12849] [] QuizListForm: is exist
2021-08-21 14:07:26,851 DEBUG [12849] [] QuizListForm: form value set 
2021-08-21 14:07:26,852 DEBUG [12849] [] ------------------------------/eccadmin_dev/QuizList/Search
2021-08-21 14:07:26,852 DEBUG [12849] [] SearchAction start
2021-08-21 14:07:26,852 DEBUG [12849] [] admin_no is 1
2021-08-21 14:07:26,852 DEBUG [12849] [] QuizListForm Object
(
    [org_no] => 99999
    [quiz_no] => 
    [quiz_name] => 
    [remark] => 
    [rd_status1] => 0
    [quiz_content] => 
    [name] => 
    [del_flg] => 
    [updater_id] => 
    [search_quiz_name] => 
    [search_quiz_content] => 
    [search_remark] => 
    [search_rd_status1] => 
    [search_page] => 0
    [search_page_row] => 10
    [search_page_order_column] => 1
    [search_page_order_dir] => 1
    [menuOpen] => open
    [menuStatus] => testMenu
    [uid] => d5bb115bdb746f3f0ee22a8a9bfb7a85
    [admin_kbn] => 001
    [page] => 1
)

2021-08-21 14:07:26,912 DEBUG [12849] [] SearchAction end
2021-08-21 14:07:26,912 DEBUG [12849] [] QuizListController end
2021-08-21 14:07:26,912 DEBUG [12849] [] finally
2021-08-21 14:07:28,802 DEBUG [12849] [] Request URI : /eccadmin_dev/QuizList/Search
2021-08-21 14:07:28,803 DEBUG [12849] [] QuizListController start
2021-08-21 14:07:28,803 DEBUG [12849] [] controllers/QuizListController.php: is exist
2021-08-21 14:07:28,803 DEBUG [12849] [] QuizListForm: is exist
2021-08-21 14:07:28,803 DEBUG [12849] [] QuizListForm: form value set 
2021-08-21 14:07:28,804 DEBUG [12849] [] ------------------------------/eccadmin_dev/QuizList/Search
2021-08-21 14:07:28,804 DEBUG [12849] [] SearchAction start
2021-08-21 14:07:28,804 DEBUG [12849] [] admin_no is 1
2021-08-21 14:07:28,804 DEBUG [12849] [] QuizListForm Object
(
    [org_no] => 99999
    [quiz_no] => 
    [quiz_name] => 
    [remark] => 
    [rd_status1] => 0
    [quiz_content] => 
    [name] => 
    [del_flg] => 
    [updater_id] => 
    [search_quiz_name] => 
    [search_quiz_content] => 
    [search_remark] => 
    [search_rd_status1] => 
    [search_page] => 0
    [search_page_row] => 10
    [search_page_order_column] => 1
    [search_page_order_dir] => 1
    [menuOpen] => open
    [menuStatus] => testMenu
    [uid] => effa12456515b8d296d02ecd648f4a98
    [admin_kbn] => 001
    [page] => 1
)

2021-08-21 14:07:28,864 DEBUG [12849] [] SearchAction end
2021-08-21 14:07:28,864 DEBUG [12849] [] QuizListController end
2021-08-21 14:07:28,864 DEBUG [12849] [] finally
2021-08-21 14:09:41,162 DEBUG [8487] [] Request URI : /eccadmin_dev/QuizList
2021-08-21 14:09:41,163 DEBUG [8487] [] QuizListController start
2021-08-21 14:09:41,163 DEBUG [8487] [] controllers/QuizListController.php: is exist
2021-08-21 14:09:41,164 DEBUG [8487] [] QuizListForm: is exist
2021-08-21 14:09:41,164 DEBUG [8487] [] QuizListForm: form value set 
2021-08-21 14:09:41,165 DEBUG [8487] [] ------------------------------/eccadmin_dev/QuizList
2021-08-21 14:09:41,165 DEBUG [8487] [] indexAction start
2021-08-21 14:09:41,165 DEBUG [8487] [] admin_no is 1
2021-08-21 14:09:41,221 DEBUG [8487] [] indexAction end
2021-08-21 14:09:41,221 DEBUG [8487] [] QuizListController end
2021-08-21 14:09:41,222 DEBUG [8487] [] finally
2021-08-21 14:09:42,987 DEBUG [8487] [] Request URI : /eccadmin_dev/QuizList/Search
2021-08-21 14:09:42,988 DEBUG [8487] [] QuizListController start
2021-08-21 14:09:42,988 DEBUG [8487] [] controllers/QuizListController.php: is exist
2021-08-21 14:09:42,988 DEBUG [8487] [] QuizListForm: is exist
2021-08-21 14:09:42,988 DEBUG [8487] [] QuizListForm: form value set 
2021-08-21 14:09:42,989 DEBUG [8487] [] ------------------------------/eccadmin_dev/QuizList/Search
2021-08-21 14:09:42,989 DEBUG [8487] [] SearchAction start
2021-08-21 14:09:42,989 DEBUG [8487] [] admin_no is 1
2021-08-21 14:09:42,989 DEBUG [8487] [] QuizListForm Object
(
    [org_no] => 99999
    [quiz_no] => 
    [quiz_name] => 
    [remark] => 
    [rd_status1] => 0
    [quiz_content] => 
    [name] => 
    [del_flg] => 
    [updater_id] => 
    [search_quiz_name] => 
    [search_quiz_content] => 
    [search_remark] => 
    [search_rd_status1] => 
    [search_page] => 0
    [search_page_row] => 10
    [search_page_order_column] => 1
    [search_page_order_dir] => 1
    [menuOpen] => open
    [menuStatus] => testMenu
    [uid] => 53fa2f7a75065ede46bc234155d8a74f
    [admin_kbn] => 001
    [page] => 1
)

2021-08-21 14:09:42,990 DEBUG [8487] [] Array
(
)

2021-08-21 14:09:43,049 DEBUG [8487] [] SearchAction end
2021-08-21 14:09:43,049 DEBUG [8487] [] QuizListController end
2021-08-21 14:09:43,050 DEBUG [8487] [] finally
2021-08-21 14:11:24,381 DEBUG [12849] [] Request URI : /eccadmin_dev/QuizList
2021-08-21 14:11:24,382 DEBUG [12849] [] QuizListController start
2021-08-21 14:11:24,382 DEBUG [12849] [] controllers/QuizListController.php: is exist
2021-08-21 14:11:24,382 DEBUG [12849] [] QuizListForm: is exist
2021-08-21 14:11:24,382 DEBUG [12849] [] QuizListForm: form value set 
2021-08-21 14:11:24,383 DEBUG [12849] [] ------------------------------/eccadmin_dev/QuizList
2021-08-21 14:11:24,383 DEBUG [12849] [] indexAction start
2021-08-21 14:11:24,383 DEBUG [12849] [] admin_no is 1
2021-08-21 14:11:24,440 DEBUG [12849] [] indexAction end
2021-08-21 14:11:24,440 DEBUG [12849] [] QuizListController end
2021-08-21 14:11:24,440 DEBUG [12849] [] finally
2021-08-21 14:11:29,267 DEBUG [12849] [] Request URI : /eccadmin_dev/QuizRegist/index
2021-08-21 14:11:29,268 DEBUG [12849] [] QuizRegistController start
2021-08-21 14:11:29,268 DEBUG [12849] [] controllers/QuizRegistController.php: is exist
2021-08-21 14:11:29,268 DEBUG [12849] [] QuizRegistForm: is exist
2021-08-21 14:11:29,268 DEBUG [12849] [] QuizRegistForm: form value set 
2021-08-21 14:11:29,269 DEBUG [12849] [] ------------------------------/eccadmin_dev/QuizRegist/index
2021-08-21 14:11:29,269 DEBUG [12849] [] ------------------------------session_check_true
2021-08-21 14:11:29,269 DEBUG [12849] [] indexAction start
2021-08-21 14:11:29,269 DEBUG [12849] [] admin_no is 1
2021-08-21 14:11:29,298 DEBUG [12849] []  SELECT  distinct name  ,type FROM M_TYPE  WHERE  del_flg = '0'   AND category = '010'   ORDER BY  type ASC 
2021-08-21 14:11:29,393 DEBUG [12849] [] indexAction end
2021-08-21 14:11:29,393 DEBUG [12849] [] QuizRegistController end
2021-08-21 14:11:29,393 DEBUG [12849] [] finally
2021-08-21 14:11:32,414 DEBUG [12849] [] Request URI : /eccadmin_dev/QuizRegist/back
2021-08-21 14:11:32,415 DEBUG [12849] [] QuizRegistController start
2021-08-21 14:11:32,415 DEBUG [12849] [] controllers/QuizRegistController.php: is exist
2021-08-21 14:11:32,415 DEBUG [12849] [] QuizRegistForm: is exist
2021-08-21 14:11:32,415 DEBUG [12849] [] QuizRegistForm: form value set 
2021-08-21 14:11:32,416 DEBUG [12849] [] ------------------------------/eccadmin_dev/QuizRegist/back
2021-08-21 14:11:32,416 DEBUG [12849] [] ------------------------------session_check_true
2021-08-21 14:11:32,416 DEBUG [12849] [] backAction start
2021-08-21 14:11:32,416 DEBUG [12849] [] backAction end
2021-08-21 14:11:32,416 DEBUG [12849] [] QuizRegistController end
2021-08-21 14:11:32,416 DEBUG [12849] [] finally
2021-08-21 14:11:32,435 DEBUG [12849] [] Request URI : /eccadmin_dev/QuizList/Search
2021-08-21 14:11:32,436 DEBUG [12849] [] QuizListController start
2021-08-21 14:11:32,436 DEBUG [12849] [] controllers/QuizListController.php: is exist
2021-08-21 14:11:32,436 DEBUG [12849] [] QuizListForm: is exist
2021-08-21 14:11:32,436 DEBUG [12849] [] QuizListForm: form value set 
2021-08-21 14:11:32,437 DEBUG [12849] [] ------------------------------/eccadmin_dev/QuizList/Search
2021-08-21 14:11:32,437 DEBUG [12849] [] SearchAction start
2021-08-21 14:11:32,437 DEBUG [12849] [] admin_no is 1
2021-08-21 14:11:32,437 DEBUG [12849] [] QuizListForm Object
(
    [org_no] => 99999
    [quiz_no] => 
    [quiz_name] => 
    [remark] => 
    [rd_status1] => 0
    [quiz_content] => 
    [name] => 
    [del_flg] => 
    [updater_id] => 
    [search_quiz_name] => 
    [search_quiz_content] => 
    [search_remark] => 
    [search_rd_status1] => 
    [search_page] => 0
    [search_page_row] => 10
    [search_page_order_column] => 1
    [search_page_order_dir] => 1
    [menuOpen] => open
    [menuStatus] => testMenu
    [uid] => d3d0c924ffb2d583c1929ed097d18613
    [admin_kbn] => 001
    [page] => 1
)

2021-08-21 14:11:32,438 DEBUG [12849] [] Array
(
    [0] => T_QuizDto Object
        (
            [org_no] => 
            [quiz_no] => 10191
            [quiz_name] => Grammer
            [quiz_type] => 
            [answer_time] => 
            [quiz_content] => quiz 1
            [image_name] => 
            [audio_name] => 
            [correct1] => 
            [correct2] => 
            [incorrect1] => 
            [incorrect2] => 
            [incorrect3] => 
            [hint] => 
            [explanation] => 
            [remarks] => 
            [del_flg] => 
            [create_dt] => 
            [creater_id] => 
            [update_dt] => 
            [updater_id] => 
            [name] => 4択
        )

    [1] => T_QuizDto Object
        (
            [org_no] => 
            [quiz_no] => 10193
            [quiz_name] => quiz 1
            [quiz_type] => 
            [answer_time] => 
            [quiz_content] => quiz 1
            [image_name] => 
            [audio_name] => 
            [correct1] => 
            [correct2] => 
            [incorrect1] => 
            [incorrect2] => 
            [incorrect3] => 
            [hint] => 
            [explanation] => 
            [remarks] => 
            [del_flg] => 
            [create_dt] => 
            [creater_id] => 
            [update_dt] => 
            [updater_id] => 
            [name] => 4択
        )

    [2] => T_QuizDto Object
        (
            [org_no] => 
            [quiz_no] => 10192
            [quiz_name] => quiz 2
            [quiz_type] => 
            [answer_time] => 
            [quiz_content] => quiz 2
            [image_name] => 
            [audio_name] => 
            [correct1] => 
            [correct2] => 
            [incorrect1] => 
            [incorrect2] => 
            [incorrect3] => 
            [hint] => 
            [explanation] => 
            [remarks] => 
            [del_flg] => 
            [create_dt] => 
            [creater_id] => 
            [update_dt] => 
            [updater_id] => 
            [name] => 4択
        )

)

2021-08-21 14:11:32,494 DEBUG [12849] [] SearchAction end
2021-08-21 14:11:32,494 DEBUG [12849] [] QuizListController end
2021-08-21 14:11:32,494 DEBUG [12849] [] finally
2021-08-21 14:11:34,445 DEBUG [12849] [] Request URI : /eccadmin_dev/QuizRegist
2021-08-21 14:11:34,445 DEBUG [12849] [] QuizRegistController start
2021-08-21 14:11:34,445 DEBUG [12849] [] controllers/QuizRegistController.php: is exist
2021-08-21 14:11:34,446 DEBUG [12849] [] QuizRegistForm: is exist
2021-08-21 14:11:34,446 DEBUG [12849] [] QuizRegistForm: form value set 
2021-08-21 14:11:34,446 DEBUG [12849] [] ------------------------------/eccadmin_dev/QuizRegist
2021-08-21 14:11:34,446 DEBUG [12849] [] ------------------------------session_check_true
2021-08-21 14:11:34,447 DEBUG [12849] [] indexAction start
2021-08-21 14:11:34,447 DEBUG [12849] [] admin_no is 1
2021-08-21 14:11:34,448 DEBUG [12849] [] quiz_no
2021-08-21 14:11:34,451 DEBUG [12849] []  SELECT  distinct name  ,type FROM M_TYPE  WHERE  del_flg = '0'   AND category = '010'   ORDER BY  type ASC 
2021-08-21 14:11:34,546 DEBUG [12849] [] indexAction end
2021-08-21 14:11:34,546 DEBUG [12849] [] QuizRegistController end
2021-08-21 14:11:34,546 DEBUG [12849] [] finally
