2021-10-08 13:22:32,803 DEBUG [2293] [] Request URI : /eccadmin_dev/Login
2021-10-08 13:22:32,825 DEBUG [2293] [] LoginController start
2021-10-08 13:22:32,825 DEBUG [2293] [] controllers/LoginController.php: is exist
2021-10-08 13:22:32,825 DEBUG [2293] [] LoginForm: is exist
2021-10-08 13:22:32,826 DEBUG [2293] [] LoginForm: form value set 
2021-10-08 13:22:32,826 DEBUG [2293] [] ------------------------------/eccadmin_dev/Login
2021-10-08 13:22:32,826 DEBUG [2293] [] ------------------------------login_start_check
2021-10-08 13:22:32,826 DEBUG [2293] [] indexAction start
2021-10-08 13:22:32,855 DEBUG [2293] [] indexAction end
2021-10-08 13:22:32,855 DEBUG [2293] [] LoginController end
2021-10-08 13:22:32,855 DEBUG [2293] [] finally
2021-10-08 13:22:38,245 DEBUG [2293] [] Request URI : /eccadmin_dev/Login/login
2021-10-08 13:22:38,246 DEBUG [2293] [] LoginController start
2021-10-08 13:22:38,246 DEBUG [2293] [] controllers/LoginController.php: is exist
2021-10-08 13:22:38,246 DEBUG [2293] [] LoginForm: is exist
2021-10-08 13:22:38,246 DEBUG [2293] [] LoginForm: form value set 
2021-10-08 13:22:38,247 DEBUG [2293] [] ------------------------------/eccadmin_dev/Login/login
2021-10-08 13:22:38,247 DEBUG [2293] [] ------------------------------login_start_check
2021-10-08 13:22:38,247 DEBUG [2293] [] loginAction start
2021-10-08 13:22:38,600 DEBUG [2293] [] loginAction end
2021-10-08 13:22:38,600 DEBUG [2293] [] LoginController end
2021-10-08 13:22:38,600 DEBUG [2293] [] finally
2021-10-08 13:22:38,737 DEBUG [2138] [] Request URI : /eccadmin_dev/Menu
2021-10-08 13:22:38,738 DEBUG [2138] [] MenuController start
2021-10-08 13:22:38,748 DEBUG [2138] [] controllers/MenuController.php: is exist
2021-10-08 13:22:38,852 DEBUG [2138] [] MenuForm: is exist
2021-10-08 13:22:38,858 DEBUG [2138] [] MenuForm: form value set 
2021-10-08 13:22:38,859 DEBUG [2138] [] ------------------------------/eccadmin_dev/Menu
2021-10-08 13:22:38,859 DEBUG [2138] [] ------------------------------login_start_check
2021-10-08 13:22:38,859 DEBUG [2138] [] indexAction start
2021-10-08 13:22:38,859 DEBUG [2138] [] admin_no is 1
2021-10-08 13:22:38,972 DEBUG [2138] [] indexAction end
2021-10-08 13:22:38,973 DEBUG [2138] [] MenuController end
2021-10-08 13:22:38,973 DEBUG [2138] [] finally
2021-10-08 13:22:48,284 DEBUG [2308] [] Request URI : /eccadmin_dev/ExcelStudentNoChangeList
2021-10-08 13:22:48,288 DEBUG [2308] [] ExcelStudentNoChangeListController start
2021-10-08 13:22:48,288 DEBUG [2308] [] controllers/ExcelStudentNoChangeListController.php: is exist
2021-10-08 13:22:48,420 DEBUG [2308] [] ExcelStudentNoChangeListForm: is exist
2021-10-08 13:22:48,430 DEBUG [2308] [] ExcelStudentNoChangeListForm: form value set 
2021-10-08 13:22:48,431 DEBUG [2308] [] ------------------------------/eccadmin_dev/ExcelStudentNoChangeList
2021-10-08 13:22:48,431 DEBUG [2308] [] indexAction start
2021-10-08 13:22:48,431 DEBUG [2308] [] admin_no is 1
2021-10-08 13:22:48,540 DEBUG [2308] [] indexAction end
2021-10-08 13:22:48,540 DEBUG [2308] [] ExcelStudentNoChangeListController end
2021-10-08 13:22:48,540 DEBUG [2308] [] finally
2021-10-08 13:22:53,247 DEBUG [2308] [] Request URI : /eccadmin_dev/ExcelLessonList
2021-10-08 13:22:53,247 DEBUG [2308] [] ExcelLessonListController start
2021-10-08 13:22:53,248 DEBUG [2308] [] controllers/ExcelLessonListController.php: is exist
2021-10-08 13:22:53,330 DEBUG [2308] [] ExcelLessonListForm: is exist
2021-10-08 13:22:53,331 DEBUG [2308] [] ExcelLessonListForm: form value set 
2021-10-08 13:22:53,332 DEBUG [2308] [] ------------------------------/eccadmin_dev/ExcelLessonList
2021-10-08 13:22:53,332 DEBUG [2308] [] indexAction start
2021-10-08 13:22:53,332 DEBUG [2308] [] admin_no is 1
2021-10-08 13:22:53,442 DEBUG [2308] [] indexAction end
2021-10-08 13:22:53,442 DEBUG [2308] [] ExcelLessonListController end
2021-10-08 13:22:53,442 DEBUG [2308] [] finally
2021-10-08 13:22:57,521 DEBUG [2308] [] Request URI : /eccadmin_dev/ExcelStudentList
2021-10-08 13:22:57,521 DEBUG [2308] [] ExcelStudentListController start
2021-10-08 13:22:57,521 DEBUG [2308] [] controllers/ExcelStudentListController.php: is exist
2021-10-08 13:22:57,533 DEBUG [2308] [] ExcelStudentListForm: is exist
2021-10-08 13:22:57,548 DEBUG [2308] [] ExcelStudentListForm: form value set 
2021-10-08 13:22:57,548 DEBUG [2308] [] ------------------------------/eccadmin_dev/ExcelStudentList
2021-10-08 13:22:57,549 DEBUG [2308] [] indexAction start
2021-10-08 13:22:57,549 DEBUG [2308] [] admin_no is 1
2021-10-08 13:22:57,668 DEBUG [2308] [] indexAction end
2021-10-08 13:22:57,668 DEBUG [2308] [] ExcelStudentListController end
2021-10-08 13:22:57,668 DEBUG [2308] [] finally
2021-10-08 13:23:02,434 DEBUG [2308] [] Request URI : /eccadmin_dev/ExcelLessonGroupList
2021-10-08 13:23:02,435 DEBUG [2308] [] ExcelLessonGroupListController start
2021-10-08 13:23:02,435 DEBUG [2308] [] controllers/ExcelLessonGroupListController.php: is exist
2021-10-08 13:23:02,509 DEBUG [2308] [] ExcelLessonGroupListForm: is exist
2021-10-08 13:23:02,511 DEBUG [2308] [] ExcelLessonGroupListForm: form value set 
2021-10-08 13:23:02,511 DEBUG [2308] [] ------------------------------/eccadmin_dev/ExcelLessonGroupList
2021-10-08 13:23:02,512 DEBUG [2308] [] indexAction start
2021-10-08 13:23:02,512 DEBUG [2308] [] admin_no is 1
2021-10-08 13:23:02,605 DEBUG [2308] [] indexAction end
2021-10-08 13:23:02,605 DEBUG [2308] [] ExcelLessonGroupListController end
2021-10-08 13:23:02,605 DEBUG [2308] [] finally
2021-10-08 13:24:04,597 DEBUG [2335] [] Request URI : /eccadmin_dev/ExcelStudentNoChangeList
2021-10-08 13:24:04,601 DEBUG [2335] [] ExcelStudentNoChangeListController start
2021-10-08 13:24:04,601 DEBUG [2335] [] controllers/ExcelStudentNoChangeListController.php: is exist
2021-10-08 13:24:04,602 DEBUG [2335] [] ExcelStudentNoChangeListForm: is exist
2021-10-08 13:24:04,602 DEBUG [2335] [] ExcelStudentNoChangeListForm: form value set 
2021-10-08 13:24:04,603 DEBUG [2335] [] ------------------------------/eccadmin_dev/ExcelStudentNoChangeList
2021-10-08 13:24:04,603 DEBUG [2335] [] indexAction start
2021-10-08 13:24:04,603 DEBUG [2335] [] admin_no is 1
2021-10-08 13:24:04,685 DEBUG [2335] [] indexAction end
2021-10-08 13:24:04,685 DEBUG [2335] [] ExcelStudentNoChangeListController end
2021-10-08 13:24:04,685 DEBUG [2335] [] finally
2021-10-08 13:24:08,395 DEBUG [2335] [] Request URI : /eccadmin_dev/LessonGroupStudentDataExport
2021-10-08 13:24:08,395 DEBUG [2335] [] LessonGroupStudentDataExportController start
2021-10-08 13:24:08,396 DEBUG [2335] [] controllers/LessonGroupStudentDataExportController.php: is exist
2021-10-08 13:24:08,412 DEBUG [2335] [] LessonGroupStudentDataExportForm: is exist
2021-10-08 13:24:08,421 DEBUG [2335] [] LessonGroupStudentDataExportForm: form value set 
2021-10-08 13:24:08,421 DEBUG [2335] [] ------------------------------/eccadmin_dev/LessonGroupStudentDataExport
2021-10-08 13:24:08,421 DEBUG [2335] [] ------------------------------/eccadmin_dev/LessonGroupStudentDataExport
2021-10-08 13:24:08,421 DEBUG [2335] [] indexAction start
2021-10-08 13:24:08,422 DEBUG [2335] [] admin_no is 1
2021-10-08 13:24:08,483 DEBUG [2335] [] indexAction end
2021-10-08 13:24:08,483 DEBUG [2335] [] LessonGroupStudentDataExportController end
2021-10-08 13:24:08,483 DEBUG [2335] [] finally
2021-10-08 13:24:12,629 DEBUG [2336] [] Request URI : /eccadmin_dev/StudentDataExport
2021-10-08 13:24:12,633 DEBUG [2336] [] StudentDataExportController start
2021-10-08 13:24:12,633 DEBUG [2336] [] controllers/StudentDataExportController.php: is exist
2021-10-08 13:24:12,643 DEBUG [2336] [] StudentDataExportForm: is exist
2021-10-08 13:24:12,657 DEBUG [2336] [] StudentDataExportForm: form value set 
2021-10-08 13:24:12,657 DEBUG [2336] [] ------------------------------/eccadmin_dev/StudentDataExport
2021-10-08 13:24:12,657 DEBUG [2336] [] ------------------------------/eccadmin_dev/StudentDataExport
2021-10-08 13:24:12,657 DEBUG [2336] [] indexAction start
2021-10-08 13:24:12,658 DEBUG [2336] [] admin_no is 1
2021-10-08 13:24:12,716 DEBUG [2336] [] indexAction end
2021-10-08 13:24:12,716 DEBUG [2336] [] StudentDataExportController end
2021-10-08 13:24:12,716 DEBUG [2336] [] finally
2021-10-08 13:24:16,151 DEBUG [2336] [] Request URI : /eccadmin_dev/ExcelStudentNoChangeList
2021-10-08 13:24:16,151 DEBUG [2336] [] ExcelStudentNoChangeListController start
2021-10-08 13:24:16,151 DEBUG [2336] [] controllers/ExcelStudentNoChangeListController.php: is exist
2021-10-08 13:24:16,152 DEBUG [2336] [] ExcelStudentNoChangeListForm: is exist
2021-10-08 13:24:16,152 DEBUG [2336] [] ExcelStudentNoChangeListForm: form value set 
2021-10-08 13:24:16,152 DEBUG [2336] [] ------------------------------/eccadmin_dev/ExcelStudentNoChangeList
2021-10-08 13:24:16,153 DEBUG [2336] [] indexAction start
2021-10-08 13:24:16,153 DEBUG [2336] [] admin_no is 1
2021-10-08 13:24:16,231 DEBUG [2336] [] indexAction end
2021-10-08 13:24:16,231 DEBUG [2336] [] ExcelStudentNoChangeListController end
2021-10-08 13:24:16,231 DEBUG [2336] [] finally
2021-10-08 13:24:19,518 DEBUG [2336] [] Request URI : /eccadmin_dev/ExcelGroupStudentList
2021-10-08 13:24:19,518 DEBUG [2336] [] ExcelGroupStudentListController start
2021-10-08 13:24:19,518 DEBUG [2336] [] controllers/ExcelGroupStudentListController.php: is exist
2021-10-08 13:24:19,639 DEBUG [2336] [] ExcelGroupStudentListForm: is exist
2021-10-08 13:24:19,647 DEBUG [2336] [] ExcelGroupStudentListForm: form value set 
2021-10-08 13:24:19,648 DEBUG [2336] [] ------------------------------/eccadmin_dev/ExcelGroupStudentList
2021-10-08 13:24:19,648 DEBUG [2336] [] indexAction start
2021-10-08 13:24:19,648 DEBUG [2336] [] admin_no is 1
2021-10-08 13:24:19,740 DEBUG [2336] [] indexAction end
2021-10-08 13:24:19,740 DEBUG [2336] [] ExcelGroupStudentListController end
2021-10-08 13:24:19,740 DEBUG [2336] [] finally
2021-10-08 13:41:20,895 DEBUG [2460] [] Request URI : /eccadmin_dev/Login
2021-10-08 13:41:20,896 DEBUG [2460] [] LoginController start
2021-10-08 13:41:20,896 DEBUG [2460] [] controllers/LoginController.php: is exist
2021-10-08 13:41:20,896 DEBUG [2460] [] LoginForm: is exist
2021-10-08 13:41:20,896 DEBUG [2460] [] LoginForm: form value set 
2021-10-08 13:41:20,896 DEBUG [2460] [] ------------------------------/eccadmin_dev/Login
2021-10-08 13:41:20,897 DEBUG [2460] [] ------------------------------login_start_check
2021-10-08 13:41:20,897 DEBUG [2460] [] indexAction start
2021-10-08 13:41:20,911 DEBUG [2460] [] indexAction end
2021-10-08 13:41:20,911 DEBUG [2460] [] LoginController end
2021-10-08 13:41:20,911 DEBUG [2460] [] finally
2021-10-08 13:41:21,113 DEBUG [2460] [] Request URI : /eccadmin_dev/Login
2021-10-08 13:41:21,113 DEBUG [2460] [] LoginController start
2021-10-08 13:41:21,113 DEBUG [2460] [] controllers/LoginController.php: is exist
2021-10-08 13:41:21,114 DEBUG [2460] [] LoginForm: is exist
2021-10-08 13:41:21,114 DEBUG [2460] [] LoginForm: form value set 
2021-10-08 13:41:21,114 DEBUG [2460] [] ------------------------------/eccadmin_dev/Login
2021-10-08 13:41:21,114 DEBUG [2460] [] ------------------------------login_start_check
2021-10-08 13:41:21,114 DEBUG [2460] [] indexAction start
2021-10-08 13:41:21,130 DEBUG [2460] [] indexAction end
2021-10-08 13:41:21,130 DEBUG [2460] [] LoginController end
2021-10-08 13:41:21,130 DEBUG [2460] [] finally
2021-10-08 13:41:39,266 DEBUG [2602] [] Request URI : /eccadmin_dev/Login/login
2021-10-08 13:41:39,270 DEBUG [2602] [] LoginController start
2021-10-08 13:41:39,270 DEBUG [2602] [] controllers/LoginController.php: is exist
2021-10-08 13:41:39,271 DEBUG [2602] [] LoginForm: is exist
2021-10-08 13:41:39,271 DEBUG [2602] [] LoginForm: form value set 
2021-10-08 13:41:39,271 DEBUG [2602] [] ------------------------------/eccadmin_dev/Login/login
2021-10-08 13:41:39,272 DEBUG [2602] [] ------------------------------login_start_check
2021-10-08 13:41:39,272 DEBUG [2602] [] loginAction start
2021-10-08 13:41:39,578 DEBUG [2602] [] loginAction end
2021-10-08 13:41:39,578 DEBUG [2602] [] LoginController end
2021-10-08 13:41:39,578 DEBUG [2602] [] finally
2021-10-08 13:41:39,725 DEBUG [2602] [] Request URI : /eccadmin_dev/Menu
2021-10-08 13:41:39,725 DEBUG [2602] [] MenuController start
2021-10-08 13:41:39,726 DEBUG [2602] [] controllers/MenuController.php: is exist
2021-10-08 13:41:39,726 DEBUG [2602] [] MenuForm: is exist
2021-10-08 13:41:39,726 DEBUG [2602] [] MenuForm: form value set 
2021-10-08 13:41:39,727 DEBUG [2602] [] ------------------------------/eccadmin_dev/Menu
2021-10-08 13:41:39,727 DEBUG [2602] [] ------------------------------login_start_check
2021-10-08 13:41:39,727 DEBUG [2602] [] indexAction start
2021-10-08 13:41:39,727 DEBUG [2602] [] admin_no is 1
2021-10-08 13:41:39,778 DEBUG [2602] [] indexAction end
2021-10-08 13:41:39,778 DEBUG [2602] [] MenuController end
2021-10-08 13:41:39,778 DEBUG [2602] [] finally
2021-10-08 13:41:46,729 DEBUG [2426] [] Request URI : /eccadmin_dev/CourseContractList
2021-10-08 13:41:46,730 DEBUG [2426] [] CourseContractListController start
2021-10-08 13:41:46,730 DEBUG [2426] [] controllers/CourseContractListController.php: is exist
2021-10-08 13:41:46,837 DEBUG [2426] [] CourseContractListForm: is exist
2021-10-08 13:41:46,851 DEBUG [2426] [] CourseContractListForm: form value set 
2021-10-08 13:41:46,852 DEBUG [2426] [] ------------------------------/eccadmin_dev/CourseContractList
2021-10-08 13:41:46,852 DEBUG [2426] [] indexAction start
2021-10-08 13:41:46,852 DEBUG [2426] [] admin_no is 1
2021-10-08 13:41:47,092 DEBUG [2426] [] indexAction end
2021-10-08 13:41:47,092 DEBUG [2426] [] CourseContractListController end
2021-10-08 13:41:47,092 DEBUG [2426] [] finally
