2021-01-22 10:03:02,537 DEBUG [158415] [] Request URI : /eccadmin_dev/Login/login
2021-01-22 10:03:02,592 DEBUG [158415] [] LoginController start
2021-01-22 10:03:02,597 DEBUG [158415] [] controllers/LoginController.php: is exist
2021-01-22 10:03:02,629 DEBUG [158415] [] LoginForm: is exist
2021-01-22 10:03:02,629 DEBUG [158415] [] LoginForm: form value set 
2021-01-22 10:03:02,630 DEBUG [158415] [] ------------------------------/eccadmin_dev/Login/login
2021-01-22 10:03:02,630 DEBUG [158415] [] ------------------------------login_start_check
2021-01-22 10:03:02,630 DEBUG [158415] [] loginAction start
2021-01-22 10:03:02,713 DEBUG [158415] [] loginAction end
2021-01-22 10:03:02,713 DEBUG [158415] [] LoginController end
2021-01-22 10:03:02,713 DEBUG [158415] [] finally
2021-01-22 10:03:21,140 DEBUG [158414] [] Request URI : /eccadmin_dev/Login/login
2021-01-22 10:03:21,141 DEBUG [158414] [] LoginController start
2021-01-22 10:03:21,141 DEBUG [158414] [] controllers/LoginController.php: is exist
2021-01-22 10:03:21,141 DEBUG [158414] [] LoginForm: is exist
2021-01-22 10:03:21,141 DEBUG [158414] [] LoginForm: form value set 
2021-01-22 10:03:21,142 DEBUG [158414] [] ------------------------------/eccadmin_dev/Login/login
2021-01-22 10:03:21,142 DEBUG [158414] [] ------------------------------login_start_check
2021-01-22 10:03:21,142 DEBUG [158414] [] loginAction start
2021-01-22 10:03:21,455 DEBUG [158414] [] loginAction end
2021-01-22 10:03:21,455 DEBUG [158414] [] LoginController end
2021-01-22 10:03:21,455 DEBUG [158414] [] finally
2021-01-22 10:03:32,106 DEBUG [158040] [] Request URI : /eccadmin_dev/Login/login
2021-01-22 10:03:32,107 DEBUG [158040] [] LoginController start
2021-01-22 10:03:32,107 DEBUG [158040] [] controllers/LoginController.php: is exist
2021-01-22 10:03:32,107 DEBUG [158040] [] LoginForm: is exist
2021-01-22 10:03:32,107 DEBUG [158040] [] LoginForm: form value set 
2021-01-22 10:03:32,108 DEBUG [158040] [] ------------------------------/eccadmin_dev/Login/login
2021-01-22 10:03:32,108 DEBUG [158040] [] ------------------------------login_start_check
2021-01-22 10:03:32,108 DEBUG [158040] [] loginAction start
2021-01-22 10:03:32,125 DEBUG [158040] [] loginAction end
2021-01-22 10:03:32,125 DEBUG [158040] [] LoginController end
2021-01-22 10:03:32,125 DEBUG [158040] [] finally
2021-01-22 10:03:34,916 DEBUG [158040] [] Request URI : /eccadmin_dev/Login/login
2021-01-22 10:03:34,917 DEBUG [158040] [] LoginController start
2021-01-22 10:03:34,917 DEBUG [158040] [] controllers/LoginController.php: is exist
2021-01-22 10:03:34,917 DEBUG [158040] [] LoginForm: is exist
2021-01-22 10:03:34,917 DEBUG [158040] [] LoginForm: form value set 
2021-01-22 10:03:34,917 DEBUG [158040] [] ------------------------------/eccadmin_dev/Login/login
2021-01-22 10:03:34,918 DEBUG [158040] [] ------------------------------login_start_check
2021-01-22 10:03:34,918 DEBUG [158040] [] loginAction start
2021-01-22 10:03:34,933 DEBUG [158040] [] loginAction end
2021-01-22 10:03:34,933 DEBUG [158040] [] LoginController end
2021-01-22 10:03:34,933 DEBUG [158040] [] finally
2021-01-22 10:03:38,557 DEBUG [158040] [] Request URI : /eccadmin_dev/Login/login
2021-01-22 10:03:38,558 DEBUG [158040] [] LoginController start
2021-01-22 10:03:38,558 DEBUG [158040] [] controllers/LoginController.php: is exist
2021-01-22 10:03:38,558 DEBUG [158040] [] LoginForm: is exist
2021-01-22 10:03:38,559 DEBUG [158040] [] LoginForm: form value set 
2021-01-22 10:03:38,559 DEBUG [158040] [] ------------------------------/eccadmin_dev/Login/login
2021-01-22 10:03:38,559 DEBUG [158040] [] ------------------------------login_start_check
2021-01-22 10:03:38,559 DEBUG [158040] [] loginAction start
2021-01-22 10:03:38,859 DEBUG [158040] [] loginAction end
2021-01-22 10:03:38,859 DEBUG [158040] [] LoginController end
2021-01-22 10:03:38,859 DEBUG [158040] [] finally
2021-01-22 10:03:45,662 DEBUG [159088] [] Request URI : /eccadmin_dev/Login/login
2021-01-22 10:03:45,663 DEBUG [159088] [] LoginController start
2021-01-22 10:03:45,663 DEBUG [159088] [] controllers/LoginController.php: is exist
2021-01-22 10:03:45,664 DEBUG [159088] [] LoginForm: is exist
2021-01-22 10:03:45,664 DEBUG [159088] [] LoginForm: form value set 
2021-01-22 10:03:45,664 DEBUG [159088] [] ------------------------------/eccadmin_dev/Login/login
2021-01-22 10:03:45,665 DEBUG [159088] [] ------------------------------login_start_check
2021-01-22 10:03:45,665 DEBUG [159088] [] loginAction start
2021-01-22 10:03:45,681 DEBUG [159088] [] loginAction end
2021-01-22 10:03:45,681 DEBUG [159088] [] LoginController end
2021-01-22 10:03:45,682 DEBUG [159088] [] finally
2021-01-22 10:03:50,340 DEBUG [159088] [] Request URI : /eccadmin_dev/Login/login
2021-01-22 10:03:50,341 DEBUG [159088] [] LoginController start
2021-01-22 10:03:50,341 DEBUG [159088] [] controllers/LoginController.php: is exist
2021-01-22 10:03:50,341 DEBUG [159088] [] LoginForm: is exist
2021-01-22 10:03:50,342 DEBUG [159088] [] LoginForm: form value set 
2021-01-22 10:03:50,342 DEBUG [159088] [] ------------------------------/eccadmin_dev/Login/login
2021-01-22 10:03:50,342 DEBUG [159088] [] ------------------------------login_start_check
2021-01-22 10:03:50,342 DEBUG [159088] [] loginAction start
2021-01-22 10:03:50,645 DEBUG [159088] [] loginAction end
2021-01-22 10:03:50,645 DEBUG [159088] [] LoginController end
2021-01-22 10:03:50,645 DEBUG [159088] [] finally
2021-01-22 10:03:54,461 DEBUG [159088] [] Request URI : /eccadmin_dev/Login/login
2021-01-22 10:03:54,462 DEBUG [159088] [] LoginController start
2021-01-22 10:03:54,462 DEBUG [159088] [] controllers/LoginController.php: is exist
2021-01-22 10:03:54,462 DEBUG [159088] [] LoginForm: is exist
2021-01-22 10:03:54,463 DEBUG [159088] [] LoginForm: form value set 
2021-01-22 10:03:54,463 DEBUG [159088] [] ------------------------------/eccadmin_dev/Login/login
2021-01-22 10:03:54,463 DEBUG [159088] [] ------------------------------login_start_check
2021-01-22 10:03:54,463 DEBUG [159088] [] loginAction start
2021-01-22 10:03:54,768 DEBUG [159088] [] loginAction end
2021-01-22 10:03:54,768 DEBUG [159088] [] LoginController end
2021-01-22 10:03:54,768 DEBUG [159088] [] finally
2021-01-22 10:04:08,114 DEBUG [159077] [] Request URI : /eccadmin_dev/Login/login
2021-01-22 10:04:08,114 DEBUG [159077] [] LoginController start
2021-01-22 10:04:08,114 DEBUG [159077] [] controllers/LoginController.php: is exist
2021-01-22 10:04:08,115 DEBUG [159077] [] LoginForm: is exist
2021-01-22 10:04:08,115 DEBUG [159077] [] LoginForm: form value set 
2021-01-22 10:04:08,115 DEBUG [159077] [] ------------------------------/eccadmin_dev/Login/login
2021-01-22 10:04:08,116 DEBUG [159077] [] ------------------------------login_start_check
2021-01-22 10:04:08,116 DEBUG [159077] [] loginAction start
2021-01-22 10:04:08,441 DEBUG [159077] [] loginAction end
2021-01-22 10:04:08,441 DEBUG [159077] [] LoginController end
2021-01-22 10:04:08,441 DEBUG [159077] [] finally
2021-01-22 10:04:08,503 DEBUG [159077] [] Request URI : /eccadmin_dev/Menu
2021-01-22 10:04:08,504 DEBUG [159077] [] MenuController start
2021-01-22 10:04:08,504 DEBUG [159077] [] controllers/MenuController.php: is exist
2021-01-22 10:04:08,619 DEBUG [159077] [] MenuForm: is exist
2021-01-22 10:04:08,625 DEBUG [159077] [] MenuForm: form value set 
2021-01-22 10:04:08,625 DEBUG [159077] [] ------------------------------/eccadmin_dev/Menu
2021-01-22 10:04:08,625 DEBUG [159077] [] ------------------------------login_start_check
2021-01-22 10:04:08,625 DEBUG [159077] [] indexAction start
2021-01-22 10:04:08,625 DEBUG [159077] [] admin_no is 1
2021-01-22 10:04:08,763 DEBUG [159077] [] indexAction end
2021-01-22 10:04:08,763 DEBUG [159077] [] MenuController end
2021-01-22 10:04:08,764 DEBUG [159077] [] finally
2021-01-22 10:04:11,574 DEBUG [159077] [] Request URI : /eccadmin_dev/OrganizationList
2021-01-22 10:04:11,575 DEBUG [159077] [] OrganizationListController start
2021-01-22 10:04:11,592 DEBUG [159077] [] controllers/OrganizationListController.php: is exist
2021-01-22 10:04:11,655 DEBUG [159077] [] OrganizationListForm: is exist
2021-01-22 10:04:11,664 DEBUG [159077] [] OrganizationListForm: form value set 
2021-01-22 10:04:11,665 DEBUG [159077] [] ------------------------------/eccadmin_dev/OrganizationList
2021-01-22 10:04:11,665 DEBUG [159077] [] indexAction start
2021-01-22 10:04:11,665 DEBUG [159077] [] admin_no is 1
2021-01-22 10:04:11,823 DEBUG [159077] [] indexAction end
2021-01-22 10:04:11,823 DEBUG [159077] [] OrganizationListController end
2021-01-22 10:04:11,824 DEBUG [159077] [] finally
2021-01-22 10:04:16,266 DEBUG [159078] [] Request URI : /eccadmin_dev/OrganizationList/search
2021-01-22 10:04:16,267 DEBUG [159078] [] OrganizationListController start
2021-01-22 10:04:16,267 DEBUG [159078] [] controllers/OrganizationListController.php: is exist
2021-01-22 10:04:16,267 DEBUG [159078] [] OrganizationListForm: is exist
2021-01-22 10:04:16,268 DEBUG [159078] [] OrganizationListForm: form value set 
2021-01-22 10:04:16,268 DEBUG [159078] [] ------------------------------/eccadmin_dev/OrganizationList/search
2021-01-22 10:04:16,268 DEBUG [159078] [] searchAction start
2021-01-22 10:04:16,269 DEBUG [159078] [] admin_no is 1
2021-01-22 10:04:16,362 DEBUG [159078] [] searchAction end
2021-01-22 10:04:16,362 DEBUG [159078] [] OrganizationListController end
2021-01-22 10:04:16,362 DEBUG [159078] [] finally
2021-01-22 10:04:21,240 DEBUG [159078] [] Request URI : /eccadmin_dev/OrganizationList/search
2021-01-22 10:04:21,241 DEBUG [159078] [] OrganizationListController start
2021-01-22 10:04:21,241 DEBUG [159078] [] controllers/OrganizationListController.php: is exist
2021-01-22 10:04:21,241 DEBUG [159078] [] OrganizationListForm: is exist
2021-01-22 10:04:21,242 DEBUG [159078] [] OrganizationListForm: form value set 
2021-01-22 10:04:21,242 DEBUG [159078] [] ------------------------------/eccadmin_dev/OrganizationList/search
2021-01-22 10:04:21,242 DEBUG [159078] [] searchAction start
2021-01-22 10:04:21,243 DEBUG [159078] [] admin_no is 1
2021-01-22 10:04:21,338 DEBUG [159078] [] searchAction end
2021-01-22 10:04:21,339 DEBUG [159078] [] OrganizationListController end
2021-01-22 10:04:21,339 DEBUG [159078] [] finally
2021-01-22 10:04:34,764 DEBUG [158414] [] Request URI : /eccadmin_dev/OrganizationList/search
2021-01-22 10:04:34,764 DEBUG [158414] [] OrganizationListController start
2021-01-22 10:04:34,765 DEBUG [158414] [] controllers/OrganizationListController.php: is exist
2021-01-22 10:04:34,765 DEBUG [158414] [] OrganizationListForm: is exist
2021-01-22 10:04:34,765 DEBUG [158414] [] OrganizationListForm: form value set 
2021-01-22 10:04:34,766 DEBUG [158414] [] ------------------------------/eccadmin_dev/OrganizationList/search
2021-01-22 10:04:34,766 DEBUG [158414] [] searchAction start
2021-01-22 10:04:34,766 DEBUG [158414] [] admin_no is 1
2021-01-22 10:04:34,879 DEBUG [158414] [] searchAction end
2021-01-22 10:04:34,879 DEBUG [158414] [] OrganizationListController end
2021-01-22 10:04:34,879 DEBUG [158414] [] finally
2021-01-22 10:04:39,016 DEBUG [158414] [] Request URI : /eccadmin_dev/OrganizationList/search
2021-01-22 10:04:39,016 DEBUG [158414] [] OrganizationListController start
2021-01-22 10:04:39,016 DEBUG [158414] [] controllers/OrganizationListController.php: is exist
2021-01-22 10:04:39,016 DEBUG [158414] [] OrganizationListForm: is exist
2021-01-22 10:04:39,017 DEBUG [158414] [] OrganizationListForm: form value set 
2021-01-22 10:04:39,017 DEBUG [158414] [] ------------------------------/eccadmin_dev/OrganizationList/search
2021-01-22 10:04:39,017 DEBUG [158414] [] searchAction start
2021-01-22 10:04:39,017 DEBUG [158414] [] admin_no is 1
2021-01-22 10:04:39,107 DEBUG [158414] [] searchAction end
2021-01-22 10:04:39,107 DEBUG [158414] [] OrganizationListController end
2021-01-22 10:04:39,107 DEBUG [158414] [] finally
