2021-10-25 20:25:36,277 DEBUG [71313] [] Request URI : /eccadmin_dev/Login
2021-10-25 20:25:36,287 DEBUG [71313] [] LoginController start
2021-10-25 20:25:36,287 DEBUG [71313] [] controllers/LoginController.php: is exist
2021-10-25 20:25:36,292 DEBUG [71313] [] LoginForm: is exist
2021-10-25 20:25:36,292 DEBUG [71313] [] LoginForm: form value set 
2021-10-25 20:25:36,293 DEBUG [71313] [] ------------------------------/eccadmin_dev/Login
2021-10-25 20:25:36,293 DEBUG [71313] [] ------------------------------login_start_check
2021-10-25 20:25:36,293 DEBUG [71313] [] indexAction start
2021-10-25 20:25:36,337 DEBUG [71313] [] indexAction end
2021-10-25 20:25:36,337 DEBUG [71313] [] LoginController end
2021-10-25 20:25:36,337 DEBUG [71313] [] finally
2021-10-25 20:26:44,017 DEBUG [71542] [] Request URI : /eccadmin_dev/Login
2021-10-25 20:26:44,018 DEBUG [71542] [] LoginController start
2021-10-25 20:26:44,018 DEBUG [71542] [] controllers/LoginController.php: is exist
2021-10-25 20:26:44,018 DEBUG [71542] [] LoginForm: is exist
2021-10-25 20:26:44,018 DEBUG [71542] [] LoginForm: form value set 
2021-10-25 20:26:44,019 DEBUG [71542] [] ------------------------------/eccadmin_dev/Login
2021-10-25 20:26:44,019 DEBUG [71542] [] ------------------------------login_start_check
2021-10-25 20:26:44,019 DEBUG [71542] [] indexAction start
2021-10-25 20:26:44,035 DEBUG [71542] [] indexAction end
2021-10-25 20:26:44,035 DEBUG [71542] [] LoginController end
2021-10-25 20:26:44,035 DEBUG [71542] [] finally
2021-10-25 20:26:47,957 DEBUG [71266] [] Request URI : /eccadmin_dev/Login
2021-10-25 20:26:47,957 DEBUG [71266] [] LoginController start
2021-10-25 20:26:47,957 DEBUG [71266] [] controllers/LoginController.php: is exist
2021-10-25 20:26:47,958 DEBUG [71266] [] LoginForm: is exist
2021-10-25 20:26:47,958 DEBUG [71266] [] LoginForm: form value set 
2021-10-25 20:26:47,958 DEBUG [71266] [] ------------------------------/eccadmin_dev/Login
2021-10-25 20:26:47,959 DEBUG [71266] [] ------------------------------login_start_check
2021-10-25 20:26:47,959 DEBUG [71266] [] indexAction start
2021-10-25 20:26:47,975 DEBUG [71266] [] indexAction end
2021-10-25 20:26:47,975 DEBUG [71266] [] LoginController end
2021-10-25 20:26:47,975 DEBUG [71266] [] finally
2021-10-25 20:26:48,073 DEBUG [71414] [] Request URI : /eccadmin_dev/Login
2021-10-25 20:26:48,074 DEBUG [71414] [] LoginController start
2021-10-25 20:26:48,074 DEBUG [71414] [] controllers/LoginController.php: is exist
2021-10-25 20:26:48,074 DEBUG [71414] [] LoginForm: is exist
2021-10-25 20:26:48,074 DEBUG [71414] [] LoginForm: form value set 
2021-10-25 20:26:48,075 DEBUG [71414] [] ------------------------------/eccadmin_dev/Login
2021-10-25 20:26:48,075 DEBUG [71414] [] ------------------------------login_start_check
2021-10-25 20:26:48,075 DEBUG [71414] [] indexAction start
2021-10-25 20:26:48,090 DEBUG [71414] [] indexAction end
2021-10-25 20:26:48,090 DEBUG [71414] [] LoginController end
2021-10-25 20:26:48,090 DEBUG [71414] [] finally
