2021-09-22 11:20:49,322 DEBUG [50408] [] Request URI : /eccadmin_dev/Menu
2021-09-22 11:20:49,354 DEBUG [50408] [] MenuController start
2021-09-22 11:20:49,354 DEBUG [50408] [] controllers/MenuController.php: is exist
2021-09-22 11:20:49,360 DEBUG [50408] [] MenuForm: is exist
2021-09-22 11:20:49,360 DEBUG [50408] [] MenuForm: form value set 
2021-09-22 11:20:49,361 DEBUG [50408] [] ------------------------------/eccadmin_dev/Menu
2021-09-22 11:20:49,361 DEBUG [50408] [] ------------------------------login_start_check
2021-09-22 11:20:49,361 DEBUG [50408] [] indexAction start
2021-09-22 11:20:49,361 DEBUG [50408] [] admin_no is 
2021-09-22 11:20:49,361 DEBUG [50408] [] indexAction end
2021-09-22 11:20:49,361 DEBUG [50408] [] MenuController end
2021-09-22 11:20:49,361 DEBUG [50408] [] finally
2021-09-22 11:20:49,389 DEBUG [50408] [] Request URI : /eccadmin_dev/Error/disp
2021-09-22 11:20:49,390 DEBUG [50408] [] ErrorController start
2021-09-22 11:20:49,390 DEBUG [50408] [] controllers/ErrorController.php: is exist
2021-09-22 11:20:49,390 DEBUG [50408] [] ErrorForm: is exist
2021-09-22 11:20:49,405 DEBUG [50408] [] ErrorForm: form value set 
2021-09-22 11:20:49,406 DEBUG [50408] [] ------------------------------/eccadmin_dev/Error/disp
2021-09-22 11:20:49,406 DEBUG [50408] [] ------------------------------login_start_check
2021-09-22 11:20:49,406 DEBUG [50408] [] dispAction start
2021-09-22 11:20:49,464 DEBUG [50408] [] dispAction end
2021-09-22 11:20:49,464 DEBUG [50408] [] ErrorController end
2021-09-22 11:20:49,464 DEBUG [50408] [] finally
2021-09-22 11:20:51,893 DEBUG [50408] [] Request URI : /eccadmin_dev/Login
2021-09-22 11:20:51,893 DEBUG [50408] [] LoginController start
2021-09-22 11:20:51,893 DEBUG [50408] [] controllers/LoginController.php: is exist
2021-09-22 11:20:51,894 DEBUG [50408] [] LoginForm: is exist
2021-09-22 11:20:51,895 DEBUG [50408] [] LoginForm: form value set 
2021-09-22 11:20:51,895 DEBUG [50408] [] ------------------------------/eccadmin_dev/Login
2021-09-22 11:20:51,895 DEBUG [50408] [] ------------------------------login_start_check
2021-09-22 11:20:51,895 DEBUG [50408] [] indexAction start
2021-09-22 11:20:51,902 DEBUG [50408] [] indexAction end
2021-09-22 11:20:51,902 DEBUG [50408] [] LoginController end
2021-09-22 11:20:51,902 DEBUG [50408] [] finally
2021-09-22 11:20:54,264 DEBUG [50408] [] Request URI : /eccadmin_dev/Login/login
2021-09-22 11:20:54,265 DEBUG [50408] [] LoginController start
2021-09-22 11:20:54,265 DEBUG [50408] [] controllers/LoginController.php: is exist
2021-09-22 11:20:54,265 DEBUG [50408] [] LoginForm: is exist
2021-09-22 11:20:54,265 DEBUG [50408] [] LoginForm: form value set 
2021-09-22 11:20:54,266 DEBUG [50408] [] ------------------------------/eccadmin_dev/Login/login
2021-09-22 11:20:54,266 DEBUG [50408] [] ------------------------------login_start_check
2021-09-22 11:20:54,266 DEBUG [50408] [] loginAction start
2021-09-22 11:20:54,583 DEBUG [50408] [] loginAction end
2021-09-22 11:20:54,584 DEBUG [50408] [] LoginController end
2021-09-22 11:20:54,584 DEBUG [50408] [] finally
2021-09-22 11:20:54,698 DEBUG [50408] [] Request URI : /eccadmin_dev/Menu
2021-09-22 11:20:54,698 DEBUG [50408] [] MenuController start
2021-09-22 11:20:54,698 DEBUG [50408] [] controllers/MenuController.php: is exist
2021-09-22 11:20:54,699 DEBUG [50408] [] MenuForm: is exist
2021-09-22 11:20:54,699 DEBUG [50408] [] MenuForm: form value set 
2021-09-22 11:20:54,699 DEBUG [50408] [] ------------------------------/eccadmin_dev/Menu
2021-09-22 11:20:54,699 DEBUG [50408] [] ------------------------------login_start_check
2021-09-22 11:20:54,699 DEBUG [50408] [] indexAction start
2021-09-22 11:20:54,699 DEBUG [50408] [] admin_no is 1
2021-09-22 11:20:54,761 DEBUG [50408] [] indexAction end
2021-09-22 11:20:54,761 DEBUG [50408] [] MenuController end
2021-09-22 11:20:54,761 DEBUG [50408] [] finally
2021-09-22 11:20:58,149 DEBUG [50394] [] Request URI : /eccadmin_dev/CourseContractList
2021-09-22 11:20:58,150 DEBUG [50394] [] CourseContractListController start
2021-09-22 11:20:58,150 DEBUG [50394] [] controllers/CourseContractListController.php: is exist
2021-09-22 11:20:58,360 DEBUG [50394] [] CourseContractListForm: is exist
2021-09-22 11:20:58,377 DEBUG [50394] [] CourseContractListForm: form value set 
2021-09-22 11:20:58,377 DEBUG [50394] [] ------------------------------/eccadmin_dev/CourseContractList
2021-09-22 11:20:58,377 DEBUG [50394] [] indexAction start
2021-09-22 11:20:58,377 DEBUG [50394] [] admin_no is 1
2021-09-22 11:20:58,601 DEBUG [50394] [] indexAction end
2021-09-22 11:20:58,601 DEBUG [50394] [] CourseContractListController end
2021-09-22 11:20:58,601 DEBUG [50394] [] finally
2021-09-22 11:21:00,530 DEBUG [50394] [] Request URI : /eccadmin_dev/CourseContractRegist/index
2021-09-22 11:21:00,530 DEBUG [50394] [] CourseContractRegistController start
2021-09-22 11:21:00,531 DEBUG [50394] [] controllers/CourseContractRegistController.php: is exist
2021-09-22 11:21:00,603 DEBUG [50394] [] CourseContractRegistForm: is exist
2021-09-22 11:21:00,610 DEBUG [50394] [] CourseContractRegistForm: form value set 
2021-09-22 11:21:00,610 DEBUG [50394] [] ------------------------------/eccadmin_dev/CourseContractRegist/index
2021-09-22 11:21:00,610 DEBUG [50394] [] ------------------------------session_check_true
2021-09-22 11:21:00,610 DEBUG [50394] [] indexAction start
2021-09-22 11:21:00,611 DEBUG [50394] [] admin_no is 1
2021-09-22 11:21:00,690 DEBUG [50394] [] indexAction end
2021-09-22 11:21:00,690 DEBUG [50394] [] CourseContractRegistController end
2021-09-22 11:21:00,690 DEBUG [50394] [] finally
2021-09-22 11:21:02,209 DEBUG [50394] [] Request URI : /eccadmin_dev/CourseStudentRegist/index
2021-09-22 11:21:02,210 DEBUG [50394] [] CourseStudentRegistController start
2021-09-22 11:21:02,210 DEBUG [50394] [] controllers/CourseStudentRegistController.php: is exist
2021-09-22 11:21:02,258 DEBUG [50394] [] CourseStudentRegistForm: is exist
2021-09-22 11:21:02,274 DEBUG [50394] [] CourseStudentRegistForm: form value set 
2021-09-22 11:21:02,274 DEBUG [50394] [] ------------------------------/eccadmin_dev/CourseStudentRegist/index
2021-09-22 11:21:02,274 DEBUG [50394] [] ------------------------------session_check_true
2021-09-22 11:21:02,274 DEBUG [50394] [] indexAction start
2021-09-22 11:21:02,275 DEBUG [50394] [] admin_no is 1
2021-09-22 11:21:02,389 DEBUG [50394] [] indexAction end
2021-09-22 11:21:02,390 DEBUG [50394] [] CourseStudentRegistController end
2021-09-22 11:21:02,390 DEBUG [50394] [] finally
2021-09-22 12:36:44,285 DEBUG [52073] [] Request URI : /eccadmin_dev/Login/logout
2021-09-22 12:36:44,289 DEBUG [52073] [] LoginController start
2021-09-22 12:36:44,289 DEBUG [52073] [] controllers/LoginController.php: is exist
2021-09-22 12:36:44,290 DEBUG [52073] [] LoginForm: is exist
2021-09-22 12:36:44,290 DEBUG [52073] [] LoginForm: form value set 
2021-09-22 12:36:44,291 DEBUG [52073] [] ------------------------------/eccadmin_dev/Login/logout
2021-09-22 12:36:44,291 DEBUG [52073] [] ------------------------------login_start_check
2021-09-22 12:36:44,291 DEBUG [52073] [] logoutAction start
2021-09-22 12:36:44,291 DEBUG [52073] [] logoutAction end
2021-09-22 12:36:44,291 DEBUG [52073] [] LoginController end
2021-09-22 12:36:44,292 DEBUG [52073] [] finally
2021-09-22 12:36:44,318 DEBUG [52073] [] Request URI : /eccadmin_dev/Login
2021-09-22 12:36:44,319 DEBUG [52073] [] LoginController start
2021-09-22 12:36:44,319 DEBUG [52073] [] controllers/LoginController.php: is exist
2021-09-22 12:36:44,319 DEBUG [52073] [] LoginForm: is exist
2021-09-22 12:36:44,319 DEBUG [52073] [] LoginForm: form value set 
2021-09-22 12:36:44,320 DEBUG [52073] [] ------------------------------/eccadmin_dev/Login
2021-09-22 12:36:44,320 DEBUG [52073] [] ------------------------------login_start_check
2021-09-22 12:36:44,320 DEBUG [52073] [] indexAction start
2021-09-22 12:36:44,337 DEBUG [52073] [] indexAction end
2021-09-22 12:36:44,337 DEBUG [52073] [] LoginController end
2021-09-22 12:36:44,337 DEBUG [52073] [] finally
