2021-09-10 16:44:14,345 DEBUG [143987] [] Request URI : /eccadmin_dev/Menu
2021-09-10 16:44:14,447 DEBUG [143987] [] MenuController start
2021-09-10 16:44:14,453 DEBUG [143987] [] controllers/MenuController.php: is exist
2021-09-10 16:44:14,492 DEBUG [143987] [] MenuForm: is exist
2021-09-10 16:44:14,493 DEBUG [143987] [] MenuForm: form value set 
2021-09-10 16:44:14,493 DEBUG [143987] [] ------------------------------/eccadmin_dev/Menu
2021-09-10 16:44:14,493 DEBUG [143987] [] ------------------------------login_start_check
2021-09-10 16:44:14,493 DEBUG [143987] [] indexAction start
2021-09-10 16:44:14,494 DEBUG [143987] [] admin_no is 
2021-09-10 16:44:14,494 DEBUG [143987] [] indexAction end
2021-09-10 16:44:14,494 DEBUG [143987] [] MenuController end
2021-09-10 16:44:14,494 DEBUG [143987] [] finally
2021-09-10 16:44:14,512 DEBUG [143987] [] Request URI : /eccadmin_dev/Error/disp
2021-09-10 16:44:14,513 DEBUG [143987] [] ErrorController start
2021-09-10 16:44:14,513 DEBUG [143987] [] controllers/ErrorController.php: is exist
2021-09-10 16:44:14,526 DEBUG [143987] [] ErrorForm: is exist
2021-09-10 16:44:14,527 DEBUG [143987] [] ErrorForm: form value set 
2021-09-10 16:44:14,528 DEBUG [143987] [] ------------------------------/eccadmin_dev/Error/disp
2021-09-10 16:44:14,528 DEBUG [143987] [] ------------------------------login_start_check
2021-09-10 16:44:14,528 DEBUG [143987] [] dispAction start
2021-09-10 16:44:14,680 DEBUG [143987] [] dispAction end
2021-09-10 16:44:14,680 DEBUG [143987] [] ErrorController end
2021-09-10 16:44:14,680 DEBUG [143987] [] finally
