2020-08-26 00:39:21,804 DEBUG [149119] [] Request URI : /eccadmin_dev/Login
2020-08-26 00:39:21,899 DEBUG [149119] [] LoginController start
2020-08-26 00:39:21,899 DEBUG [149119] [] controllers/LoginController.php: is exist
2020-08-26 00:39:21,899 DEBUG [149119] [] LoginForm: is exist
2020-08-26 00:39:21,900 DEBUG [149119] [] LoginForm: form value set 
2020-08-26 00:39:21,900 DEBUG [149119] [] ------------------------------/eccadmin_dev/Login
2020-08-26 00:39:21,900 DEBUG [149119] [] ------------------------------login_start_check
2020-08-26 00:39:21,900 DEBUG [149119] [] indexAction start
2020-08-26 00:39:21,944 DEBUG [149119] [] indexAction end
2020-08-26 00:39:21,944 DEBUG [149119] [] LoginController end
2020-08-26 00:39:21,944 DEBUG [149119] [] finally
2020-08-26 10:15:54,608 DEBUG [160235] [] Request URI : /eccadmin_dev/Login
2020-08-26 10:15:54,608 DEBUG [160235] [] LoginController start
2020-08-26 10:15:54,608 DEBUG [160235] [] controllers/LoginController.php: is exist
2020-08-26 10:15:54,609 DEBUG [160235] [] LoginForm: is exist
2020-08-26 10:15:54,609 DEBUG [160235] [] LoginForm: form value set 
2020-08-26 10:15:54,609 DEBUG [160235] [] ------------------------------/eccadmin_dev/Login
2020-08-26 10:15:54,609 DEBUG [160235] [] ------------------------------login_start_check
2020-08-26 10:15:54,610 DEBUG [160235] [] indexAction start
2020-08-26 10:15:54,625 DEBUG [160235] [] indexAction end
2020-08-26 10:15:54,625 DEBUG [160235] [] LoginController end
2020-08-26 10:15:54,625 DEBUG [160235] [] finally
2020-08-26 10:15:57,766 DEBUG [160235] [] Request URI : /eccadmin_dev/Login/login
2020-08-26 10:15:57,767 DEBUG [160235] [] LoginController start
2020-08-26 10:15:57,767 DEBUG [160235] [] controllers/LoginController.php: is exist
2020-08-26 10:15:57,767 DEBUG [160235] [] LoginForm: is exist
2020-08-26 10:15:57,767 DEBUG [160235] [] LoginForm: form value set 
2020-08-26 10:15:57,768 DEBUG [160235] [] ------------------------------/eccadmin_dev/Login/login
2020-08-26 10:15:57,768 DEBUG [160235] [] ------------------------------login_start_check
2020-08-26 10:15:57,768 DEBUG [160235] [] loginAction start
2020-08-26 10:15:58,064 DEBUG [160235] [] loginAction end
2020-08-26 10:15:58,064 DEBUG [160235] [] LoginController end
2020-08-26 10:15:58,064 DEBUG [160235] [] finally
2020-08-26 10:15:58,107 DEBUG [160235] [] Request URI : /eccadmin_dev/Menu
2020-08-26 10:15:58,107 DEBUG [160235] [] MenuController start
2020-08-26 10:15:58,107 DEBUG [160235] [] controllers/MenuController.php: is exist
2020-08-26 10:15:58,111 DEBUG [160235] [] MenuForm: is exist
2020-08-26 10:15:58,111 DEBUG [160235] [] MenuForm: form value set 
2020-08-26 10:15:58,111 DEBUG [160235] [] ------------------------------/eccadmin_dev/Menu
2020-08-26 10:15:58,111 DEBUG [160235] [] ------------------------------login_start_check
2020-08-26 10:15:58,111 DEBUG [160235] [] indexAction start
2020-08-26 10:15:58,112 DEBUG [160235] [] admin_no is 1
2020-08-26 10:15:58,181 DEBUG [160235] [] indexAction end
2020-08-26 10:15:58,181 DEBUG [160235] [] MenuController end
2020-08-26 10:15:58,181 DEBUG [160235] [] finally
2020-08-26 10:16:05,988 DEBUG [159896] [] Request URI : /eccadmin_dev/Login/logout
2020-08-26 10:16:05,989 DEBUG [159896] [] LoginController start
2020-08-26 10:16:05,989 DEBUG [159896] [] controllers/LoginController.php: is exist
2020-08-26 10:16:05,989 DEBUG [159896] [] LoginForm: is exist
2020-08-26 10:16:05,989 DEBUG [159896] [] LoginForm: form value set 
2020-08-26 10:16:05,990 DEBUG [159896] [] ------------------------------/eccadmin_dev/Login/logout
2020-08-26 10:16:05,990 DEBUG [159896] [] ------------------------------login_start_check
2020-08-26 10:16:05,990 DEBUG [159896] [] logoutAction start
2020-08-26 10:16:05,990 DEBUG [159896] [] logoutAction end
2020-08-26 10:16:05,990 DEBUG [159896] [] LoginController end
2020-08-26 10:16:05,990 DEBUG [159896] [] finally
2020-08-26 10:16:06,018 DEBUG [159896] [] Request URI : /eccadmin_dev/Login
2020-08-26 10:16:06,018 DEBUG [159896] [] LoginController start
2020-08-26 10:16:06,018 DEBUG [159896] [] controllers/LoginController.php: is exist
2020-08-26 10:16:06,018 DEBUG [159896] [] LoginForm: is exist
2020-08-26 10:16:06,019 DEBUG [159896] [] LoginForm: form value set 
2020-08-26 10:16:06,019 DEBUG [159896] [] ------------------------------/eccadmin_dev/Login
2020-08-26 10:16:06,019 DEBUG [159896] [] ------------------------------login_start_check
2020-08-26 10:16:06,019 DEBUG [159896] [] indexAction start
2020-08-26 10:16:06,034 DEBUG [159896] [] indexAction end
2020-08-26 10:16:06,034 DEBUG [159896] [] LoginController end
2020-08-26 10:16:06,034 DEBUG [159896] [] finally
