2021-09-24 10:57:25,837 DEBUG [98233] [] Request URI : /eccadmin_dev/Login
2021-09-24 10:57:25,853 DEBUG [98233] [] LoginController start
2021-09-24 10:57:25,853 DEBUG [98233] [] controllers/LoginController.php: is exist
2021-09-24 10:57:25,854 DEBUG [98233] [] LoginForm: is exist
2021-09-24 10:57:25,854 DEBUG [98233] [] LoginForm: form value set 
2021-09-24 10:57:25,854 DEBUG [98233] [] ------------------------------/eccadmin_dev/Login
2021-09-24 10:57:25,854 DEBUG [98233] [] ------------------------------login_start_check
2021-09-24 10:57:25,854 DEBUG [98233] [] indexAction start
2021-09-24 10:57:25,905 DEBUG [98233] [] indexAction end
2021-09-24 10:57:25,905 DEBUG [98233] [] LoginController end
2021-09-24 10:57:25,905 DEBUG [98233] [] finally
2021-09-24 10:57:32,104 DEBUG [97864] [] Request URI : /eccadmin_dev/Login/login
2021-09-24 10:57:32,104 DEBUG [97864] [] LoginController start
2021-09-24 10:57:32,105 DEBUG [97864] [] controllers/LoginController.php: is exist
2021-09-24 10:57:32,105 DEBUG [97864] [] LoginForm: is exist
2021-09-24 10:57:32,105 DEBUG [97864] [] LoginForm: form value set 
2021-09-24 10:57:32,105 DEBUG [97864] [] ------------------------------/eccadmin_dev/Login/login
2021-09-24 10:57:32,105 DEBUG [97864] [] ------------------------------login_start_check
2021-09-24 10:57:32,106 DEBUG [97864] [] loginAction start
2021-09-24 10:57:32,409 DEBUG [97864] [] loginAction end
2021-09-24 10:57:32,409 DEBUG [97864] [] LoginController end
2021-09-24 10:57:32,409 DEBUG [97864] [] finally
2021-09-24 10:57:32,556 DEBUG [97864] [] Request URI : /eccadmin_dev/Menu
2021-09-24 10:57:32,557 DEBUG [97864] [] MenuController start
2021-09-24 10:57:32,557 DEBUG [97864] [] controllers/MenuController.php: is exist
2021-09-24 10:57:32,557 DEBUG [97864] [] MenuForm: is exist
2021-09-24 10:57:32,557 DEBUG [97864] [] MenuForm: form value set 
2021-09-24 10:57:32,558 DEBUG [97864] [] ------------------------------/eccadmin_dev/Menu
2021-09-24 10:57:32,558 DEBUG [97864] [] ------------------------------login_start_check
2021-09-24 10:57:32,558 DEBUG [97864] [] indexAction start
2021-09-24 10:57:32,558 DEBUG [97864] [] admin_no is 1
2021-09-24 10:57:32,631 DEBUG [97864] [] indexAction end
2021-09-24 10:57:32,632 DEBUG [97864] [] MenuController end
2021-09-24 10:57:32,632 DEBUG [97864] [] finally
2021-09-24 10:58:04,859 DEBUG [98274] [] Request URI : /eccadmin_dev/TeacherRegist
2021-09-24 10:58:04,863 DEBUG [98274] [] TeacherRegistController start
2021-09-24 10:58:04,863 DEBUG [98274] [] controllers/TeacherRegistController.php: is exist
2021-09-24 10:58:04,952 DEBUG [98274] [] TeacherRegistForm: is exist
2021-09-24 10:58:04,961 DEBUG [98274] [] TeacherRegistForm: form value set 
2021-09-24 10:58:04,961 DEBUG [98274] [] ------------------------------/eccadmin_dev/TeacherRegist
2021-09-24 10:58:04,961 DEBUG [98274] [] ------------------------------session_check_true
2021-09-24 10:58:04,962 DEBUG [98274] [] indexAction start
2021-09-24 10:58:04,962 DEBUG [98274] [] admin_no is 1
2021-09-24 10:58:05,037 DEBUG [98274] [] indexAction end
2021-09-24 10:58:05,037 DEBUG [98274] [] TeacherRegistController end
2021-09-24 10:58:05,037 DEBUG [98274] [] finally
2021-09-24 11:05:25,538 DEBUG [98491] [] Request URI : /eccadmin_dev/OrganizationList
2021-09-24 11:05:25,539 DEBUG [98491] [] OrganizationListController start
2021-09-24 11:05:25,539 DEBUG [98491] [] controllers/OrganizationListController.php: is exist
2021-09-24 11:05:25,628 DEBUG [98491] [] OrganizationListForm: is exist
2021-09-24 11:05:25,638 DEBUG [98491] [] OrganizationListForm: form value set 
2021-09-24 11:05:25,638 DEBUG [98491] [] ------------------------------/eccadmin_dev/OrganizationList
2021-09-24 11:05:25,638 DEBUG [98491] [] indexAction start
2021-09-24 11:05:25,639 DEBUG [98491] [] admin_no is 
2021-09-24 11:05:25,639 DEBUG [98491] [] indexAction end
2021-09-24 11:05:25,639 DEBUG [98491] [] OrganizationListController end
2021-09-24 11:05:25,639 DEBUG [98491] [] finally
2021-09-24 11:05:26,087 DEBUG [98491] [] Request URI : /eccadmin_dev/Error/disp
2021-09-24 11:05:26,088 DEBUG [98491] [] ErrorController start
2021-09-24 11:05:26,088 DEBUG [98491] [] controllers/ErrorController.php: is exist
2021-09-24 11:05:26,088 DEBUG [98491] [] ErrorForm: is exist
2021-09-24 11:05:26,088 DEBUG [98491] [] ErrorForm: form value set 
2021-09-24 11:05:26,088 DEBUG [98491] [] ------------------------------/eccadmin_dev/Error/disp
2021-09-24 11:05:26,088 DEBUG [98491] [] ------------------------------login_start_check
2021-09-24 11:05:26,089 DEBUG [98491] [] dispAction start
2021-09-24 11:05:26,153 DEBUG [98491] [] dispAction end
2021-09-24 11:05:26,153 DEBUG [98491] [] ErrorController end
2021-09-24 11:05:26,153 DEBUG [98491] [] finally
2021-09-24 11:05:30,872 DEBUG [98491] [] Request URI : /eccadmin_dev/Menu
2021-09-24 11:05:30,873 DEBUG [98491] [] MenuController start
2021-09-24 11:05:30,873 DEBUG [98491] [] controllers/MenuController.php: is exist
2021-09-24 11:05:30,873 DEBUG [98491] [] MenuForm: is exist
2021-09-24 11:05:30,873 DEBUG [98491] [] MenuForm: form value set 
2021-09-24 11:05:30,874 DEBUG [98491] [] ------------------------------/eccadmin_dev/Menu
2021-09-24 11:05:30,874 DEBUG [98491] [] ------------------------------login_start_check
2021-09-24 11:05:30,874 DEBUG [98491] [] indexAction start
2021-09-24 11:05:30,874 DEBUG [98491] [] admin_no is 
2021-09-24 11:05:30,874 DEBUG [98491] [] indexAction end
2021-09-24 11:05:30,874 DEBUG [98491] [] MenuController end
2021-09-24 11:05:30,874 DEBUG [98491] [] finally
2021-09-24 11:05:31,001 DEBUG [98491] [] Request URI : /eccadmin_dev/Error/disp
2021-09-24 11:05:31,002 DEBUG [98491] [] ErrorController start
2021-09-24 11:05:31,002 DEBUG [98491] [] controllers/ErrorController.php: is exist
2021-09-24 11:05:31,002 DEBUG [98491] [] ErrorForm: is exist
2021-09-24 11:05:31,002 DEBUG [98491] [] ErrorForm: form value set 
2021-09-24 11:05:31,002 DEBUG [98491] [] ------------------------------/eccadmin_dev/Error/disp
2021-09-24 11:05:31,002 DEBUG [98491] [] ------------------------------login_start_check
2021-09-24 11:05:31,002 DEBUG [98491] [] dispAction start
2021-09-24 11:05:31,008 DEBUG [98491] [] dispAction end
2021-09-24 11:05:31,008 DEBUG [98491] [] ErrorController end
2021-09-24 11:05:31,008 DEBUG [98491] [] finally
2021-09-24 11:05:33,763 DEBUG [98491] [] Request URI : /eccadmin_dev/Login
2021-09-24 11:05:33,763 DEBUG [98491] [] LoginController start
2021-09-24 11:05:33,763 DEBUG [98491] [] controllers/LoginController.php: is exist
2021-09-24 11:05:33,763 DEBUG [98491] [] LoginForm: is exist
2021-09-24 11:05:33,764 DEBUG [98491] [] LoginForm: form value set 
2021-09-24 11:05:33,764 DEBUG [98491] [] ------------------------------/eccadmin_dev/Login
2021-09-24 11:05:33,764 DEBUG [98491] [] ------------------------------login_start_check
2021-09-24 11:05:33,764 DEBUG [98491] [] indexAction start
2021-09-24 11:05:33,776 DEBUG [98491] [] indexAction end
2021-09-24 11:05:33,776 DEBUG [98491] [] LoginController end
2021-09-24 11:05:33,777 DEBUG [98491] [] finally
2021-09-24 11:05:39,837 DEBUG [98613] [] Request URI : /eccadmin_dev/Login/login
2021-09-24 11:05:39,838 DEBUG [98613] [] LoginController start
2021-09-24 11:05:39,838 DEBUG [98613] [] controllers/LoginController.php: is exist
2021-09-24 11:05:39,839 DEBUG [98613] [] LoginForm: is exist
2021-09-24 11:05:39,839 DEBUG [98613] [] LoginForm: form value set 
2021-09-24 11:05:39,839 DEBUG [98613] [] ------------------------------/eccadmin_dev/Login/login
2021-09-24 11:05:39,839 DEBUG [98613] [] ------------------------------login_start_check
2021-09-24 11:05:39,839 DEBUG [98613] [] loginAction start
2021-09-24 11:05:40,148 DEBUG [98613] [] loginAction end
2021-09-24 11:05:40,148 DEBUG [98613] [] LoginController end
2021-09-24 11:05:40,148 DEBUG [98613] [] finally
2021-09-24 11:05:40,280 DEBUG [98558] [] Request URI : /eccadmin_dev/Menu
2021-09-24 11:05:40,281 DEBUG [98558] [] MenuController start
2021-09-24 11:05:40,281 DEBUG [98558] [] controllers/MenuController.php: is exist
2021-09-24 11:05:40,281 DEBUG [98558] [] MenuForm: is exist
2021-09-24 11:05:40,281 DEBUG [98558] [] MenuForm: form value set 
2021-09-24 11:05:40,281 DEBUG [98558] [] ------------------------------/eccadmin_dev/Menu
2021-09-24 11:05:40,281 DEBUG [98558] [] ------------------------------login_start_check
2021-09-24 11:05:40,281 DEBUG [98558] [] indexAction start
2021-09-24 11:05:40,281 DEBUG [98558] [] admin_no is 1
2021-09-24 11:05:40,307 DEBUG [98558] [] indexAction end
2021-09-24 11:05:40,308 DEBUG [98558] [] MenuController end
2021-09-24 11:05:40,308 DEBUG [98558] [] finally
2021-09-24 11:05:44,849 DEBUG [98558] [] Request URI : /eccadmin_dev/OrganizationRegist/index
2021-09-24 11:05:44,850 DEBUG [98558] [] OrganizationRegistController start
2021-09-24 11:05:44,850 DEBUG [98558] [] controllers/OrganizationRegistController.php: is exist
2021-09-24 11:05:44,908 DEBUG [98558] [] OrganizationRegistForm: is exist
2021-09-24 11:05:44,917 DEBUG [98558] [] OrganizationRegistForm: form value set 
2021-09-24 11:05:44,918 DEBUG [98558] [] ------------------------------/eccadmin_dev/OrganizationRegist/index
2021-09-24 11:05:44,918 DEBUG [98558] [] ------------------------------session_check_true
2021-09-24 11:05:44,918 DEBUG [98558] [] indexAction start
2021-09-24 11:05:44,918 DEBUG [98558] [] admin_no is 1
2021-09-24 11:05:45,024 DEBUG [98558] [] indexAction end
2021-09-24 11:05:45,024 DEBUG [98558] [] OrganizationRegistController end
2021-09-24 11:05:45,024 DEBUG [98558] [] finally
2021-09-24 11:05:54,573 DEBUG [98425] [] Request URI : /eccadmin_dev/TeacherRegist
2021-09-24 11:05:54,574 DEBUG [98425] [] TeacherRegistController start
2021-09-24 11:05:54,574 DEBUG [98425] [] controllers/TeacherRegistController.php: is exist
2021-09-24 11:05:54,575 DEBUG [98425] [] TeacherRegistForm: is exist
2021-09-24 11:05:54,575 DEBUG [98425] [] TeacherRegistForm: form value set 
2021-09-24 11:05:54,575 DEBUG [98425] [] ------------------------------/eccadmin_dev/TeacherRegist
2021-09-24 11:05:54,576 DEBUG [98425] [] ------------------------------session_check_true
2021-09-24 11:05:54,576 DEBUG [98425] [] indexAction start
2021-09-24 11:05:54,576 DEBUG [98425] [] admin_no is 1
2021-09-24 11:05:54,651 DEBUG [98425] [] indexAction end
2021-09-24 11:05:54,651 DEBUG [98425] [] TeacherRegistController end
2021-09-24 11:05:54,651 DEBUG [98425] [] finally
