2021-12-02 10:16:29,439 DEBUG [75451] [] Request URI : /eccadmin_dev/Login
2021-12-02 10:16:29,472 DEBUG [75451] [] LoginController start
2021-12-02 10:16:29,472 DEBUG [75451] [] controllers/LoginController.php: is exist
2021-12-02 10:16:29,473 DEBUG [75451] [] LoginForm: is exist
2021-12-02 10:16:29,473 DEBUG [75451] [] LoginForm: form value set 
2021-12-02 10:16:29,473 DEBUG [75451] [] ------------------------------/eccadmin_dev/Login
2021-12-02 10:16:29,473 DEBUG [75451] [] ------------------------------login_start_check
2021-12-02 10:16:29,473 DEBUG [75451] [] indexAction start
2021-12-02 10:16:29,514 DEBUG [75451] [] indexAction end
2021-12-02 10:16:29,514 DEBUG [75451] [] LoginController end
2021-12-02 10:16:29,514 DEBUG [75451] [] finally
2021-12-02 11:33:16,871 DEBUG [76241] [] Request URI : /eccadmin_dev/Login
2021-12-02 11:33:16,872 DEBUG [76241] [] LoginController start
2021-12-02 11:33:16,872 DEBUG [76241] [] controllers/LoginController.php: is exist
2021-12-02 11:33:16,872 DEBUG [76241] [] LoginForm: is exist
2021-12-02 11:33:16,872 DEBUG [76241] [] LoginForm: form value set 
2021-12-02 11:33:16,873 DEBUG [76241] [] ------------------------------/eccadmin_dev/Login
2021-12-02 11:33:16,873 DEBUG [76241] [] ------------------------------login_start_check
2021-12-02 11:33:16,873 DEBUG [76241] [] indexAction start
2021-12-02 11:33:16,889 DEBUG [76241] [] indexAction end
2021-12-02 11:33:16,889 DEBUG [76241] [] LoginController end
2021-12-02 11:33:16,889 DEBUG [76241] [] finally
