2021-02-04 18:27:54,861 DEBUG [125439] [] Request URI : /eccadmin_dev/Login
2021-02-04 18:27:54,963 DEBUG [125439] [] LoginController start
2021-02-04 18:27:54,968 DEBUG [125439] [] controllers/LoginController.php: is exist
2021-02-04 18:27:55,073 DEBUG [125439] [] LoginForm: is exist
2021-02-04 18:27:55,074 DEBUG [125439] [] LoginForm: form value set 
2021-02-04 18:27:55,075 DEBUG [125439] [] ------------------------------/eccadmin_dev/Login
2021-02-04 18:27:55,075 DEBUG [125439] [] ------------------------------login_start_check
2021-02-04 18:27:55,075 DEBUG [125439] [] indexAction start
2021-02-04 18:27:55,222 DEBUG [125439] [] indexAction end
2021-02-04 18:27:55,222 DEBUG [125439] [] LoginController end
2021-02-04 18:27:55,222 DEBUG [125439] [] finally
2021-02-04 18:27:57,951 DEBUG [125439] [] Request URI : /eccadmin_dev/Login/login
2021-02-04 18:27:57,952 DEBUG [125439] [] LoginController start
2021-02-04 18:27:57,952 DEBUG [125439] [] controllers/LoginController.php: is exist
2021-02-04 18:27:57,952 DEBUG [125439] [] LoginForm: is exist
2021-02-04 18:27:57,952 DEBUG [125439] [] LoginForm: form value set 
2021-02-04 18:27:57,953 DEBUG [125439] [] ------------------------------/eccadmin_dev/Login/login
2021-02-04 18:27:57,953 DEBUG [125439] [] ------------------------------login_start_check
2021-02-04 18:27:57,953 DEBUG [125439] [] loginAction start
2021-02-04 18:27:58,327 DEBUG [125439] [] loginAction end
2021-02-04 18:27:58,327 DEBUG [125439] [] LoginController end
2021-02-04 18:27:58,328 DEBUG [125439] [] finally
2021-02-04 18:27:58,349 DEBUG [125439] [] Request URI : /eccadmin_dev/Menu
2021-02-04 18:27:58,350 DEBUG [125439] [] MenuController start
2021-02-04 18:27:58,350 DEBUG [125439] [] controllers/MenuController.php: is exist
2021-02-04 18:27:58,422 DEBUG [125439] [] MenuForm: is exist
2021-02-04 18:27:58,428 DEBUG [125439] [] MenuForm: form value set 
2021-02-04 18:27:58,429 DEBUG [125439] [] ------------------------------/eccadmin_dev/Menu
2021-02-04 18:27:58,429 DEBUG [125439] [] ------------------------------login_start_check
2021-02-04 18:27:58,429 DEBUG [125439] [] indexAction start
2021-02-04 18:27:58,429 DEBUG [125439] [] admin_no is 1
2021-02-04 18:27:58,526 DEBUG [125439] [] indexAction end
2021-02-04 18:27:58,526 DEBUG [125439] [] MenuController end
2021-02-04 18:27:58,526 DEBUG [125439] [] finally
2021-02-04 18:28:02,422 DEBUG [128097] [] Request URI : /eccadmin_dev/QuestionList
2021-02-04 18:28:02,426 DEBUG [128097] [] QuestionListController start
2021-02-04 18:28:02,436 DEBUG [128097] [] controllers/QuestionListController.php: is exist
2021-02-04 18:28:02,543 DEBUG [128097] [] QuestionListForm: is exist
2021-02-04 18:28:02,552 DEBUG [128097] [] QuestionListForm: form value set 
2021-02-04 18:28:02,552 DEBUG [128097] [] ------------------------------/eccadmin_dev/QuestionList
2021-02-04 18:28:02,553 DEBUG [128097] [] indexAction start
2021-02-04 18:28:02,553 DEBUG [128097] [] admin_no is 1
2021-02-04 18:28:02,555 DEBUG [128097] [] QuestionListForm Object
(
    [question_no] => 
    [question_name] => 
    [qa_description] => 
    [description] => 
    [test_kbn] => 
    [course_level] => 
    [qa_pattern] => 
    [score_pattern] => 
    [audio_name] => 
    [audio_description] => 
    [prepare_time] => 
    [answer_time] => 
    [audio_yes] => 
    [yes_description] => 
    [audio_no] => 
    [no_description] => 
    [status] => 
    [sample_answer] => 
    [byosha_point] => 
    [remarks] => 
    [chk_status1] => 
    [chk_status2] => 
    [page] => 1
    [max_page] => 
    [test_kbn_list] => Array
        (
            [0] => M_typeDto Object
                (
                    [category] => 016
                    [type] => 001
                    [name] => Speaking
                    [name_kana] => 
                    [disp_no] => 1
                    [del_flg] => 0
                    [create_dt] => 
                    [creater_id] => 
                    [update_dt] => 
                    [updater_id] => 
                )

            [1] => M_typeDto Object
                (
                    [category] => 016
                    [type] => 002
                    [name] => Writing
                    [name_kana] => 
                    [disp_no] => 3
                    [del_flg] => 0
                    [create_dt] => 
                    [creater_id] => 
                    [update_dt] => 
                    [updater_id] => 
                )

        )

    [course_level_list] => Array
        (
            [0] => M_typeDto Object
                (
                    [category] => 021
                    [type] => 001
                    [name] => Level 5
                    [name_kana] => 
                    [disp_no] => 1
                    [del_flg] => 0
                    [create_dt] => 
                    [creater_id] => 
                    [update_dt] => 
                    [updater_id] => 
                )

            [1] => M_typeDto Object
                (
                    [category] => 021
                    [type] => 002
                    [name] => Level 4
                    [name_kana] => 
                    [disp_no] => 2
                    [del_flg] => 0
                    [create_dt] => 
                    [creater_id] => 
                    [update_dt] => 
                    [updater_id] => 
                )

            [2] => M_typeDto Object
                (
                    [category] => 021
                    [type] => 003
                    [name] => Level 3
                    [name_kana] => 
                    [disp_no] => 3
                    [del_flg] => 0
                    [create_dt] => 
                    [creater_id] => 
                    [update_dt] => 
                    [updater_id] => 
                )

        )

    [search_page] => 
    [search_question_name] => 
    [search_test_kbn] => 
    [search_course_level] => 
    [search_chk_status1] => 
    [search_chk_status2] => 
    [search_status] => 
    [menuOpen] => open
    [menuStatus] => settingMenu
    [uid] => 134eb07fe3f876dcc0072b263a725844
    [admin_kbn] => 001
)

2021-02-04 18:28:02,619 DEBUG [128097] [] QuestionListForm Object
(
    [question_no] => 
    [question_name] => 
    [qa_description] => 
    [description] => 
    [test_kbn] => 
    [course_level] => 
    [qa_pattern] => 
    [score_pattern] => 
    [audio_name] => 
    [audio_description] => 
    [prepare_time] => 
    [answer_time] => 
    [audio_yes] => 
    [yes_description] => 
    [audio_no] => 
    [no_description] => 
    [status] => 
    [sample_answer] => 
    [byosha_point] => 
    [remarks] => 
    [chk_status1] => 
    [chk_status2] => 
    [page] => 1
    [max_page] => 26
    [test_kbn_list] => Array
        (
            [0] => M_typeDto Object
                (
                    [category] => 016
                    [type] => 001
                    [name] => Speaking
                    [name_kana] => 
                    [disp_no] => 1
                    [del_flg] => 0
                    [create_dt] => 
                    [creater_id] => 
                    [update_dt] => 
                    [updater_id] => 
                )

            [1] => M_typeDto Object
                (
                    [category] => 016
                    [type] => 002
                    [name] => Writing
                    [name_kana] => 
                    [disp_no] => 3
                    [del_flg] => 0
                    [create_dt] => 
                    [creater_id] => 
                    [update_dt] => 
                    [updater_id] => 
                )

        )

    [course_level_list] => Array
        (
            [0] => M_typeDto Object
                (
                    [category] => 021
                    [type] => 001
                    [name] => Level 5
                    [name_kana] => 
                    [disp_no] => 1
                    [del_flg] => 0
                    [create_dt] => 
                    [creater_id] => 
                    [update_dt] => 
                    [updater_id] => 
                )

            [1] => M_typeDto Object
                (
                    [category] => 021
                    [type] => 002
                    [name] => Level 4
                    [name_kana] => 
                    [disp_no] => 2
                    [del_flg] => 0
                    [create_dt] => 
                    [creater_id] => 
                    [update_dt] => 
                    [updater_id] => 
                )

            [2] => M_typeDto Object
                (
                    [category] => 021
                    [type] => 003
                    [name] => Level 3
                    [name_kana] => 
                    [disp_no] => 3
                    [del_flg] => 0
                    [create_dt] => 
                    [creater_id] => 
                    [update_dt] => 
                    [updater_id] => 
                )

        )

    [search_page] => 
    [search_question_name] => 
    [search_test_kbn] => 
    [search_course_level] => 
    [search_chk_status1] => 
    [search_chk_status2] => 
    [search_status] => 
    [menuOpen] => open
    [menuStatus] => settingMenu
    [uid] => 134eb07fe3f876dcc0072b263a725844
    [admin_kbn] => 001
)

2021-02-04 18:28:02,800 DEBUG [128097] [] indexAction end
2021-02-04 18:28:02,800 DEBUG [128097] [] QuestionListController end
2021-02-04 18:28:02,800 DEBUG [128097] [] finally
2021-02-04 18:28:04,952 DEBUG [128096] [] Request URI : /eccadmin_dev/QuestionRegist/index
2021-02-04 18:28:04,956 DEBUG [128096] [] QuestionRegistController start
2021-02-04 18:28:04,956 DEBUG [128096] [] controllers/QuestionRegistController.php: is exist
2021-02-04 18:28:04,972 DEBUG [128096] [] QuestionRegistForm: is exist
2021-02-04 18:28:04,981 DEBUG [128096] [] QuestionRegistForm: form value set 
2021-02-04 18:28:04,981 DEBUG [128096] [] ------------------------------/eccadmin_dev/QuestionRegist/index
2021-02-04 18:28:04,981 DEBUG [128096] [] ------------------------------session_check_true
2021-02-04 18:28:04,981 DEBUG [128096] [] indexAction start
2021-02-04 18:28:04,982 DEBUG [128096] [] admin_no is 1
2021-02-04 18:28:04,987 DEBUG [128096] [] question_no
2021-02-04 18:28:05,157 DEBUG [128096] [] indexAction end
2021-02-04 18:28:05,157 DEBUG [128096] [] QuestionRegistController end
2021-02-04 18:28:05,157 DEBUG [128096] [] finally
2021-02-04 18:28:32,566 DEBUG [127227] [] Request URI : /eccadmin_dev/QuestionList
2021-02-04 18:28:32,567 DEBUG [127227] [] QuestionListController start
2021-02-04 18:28:32,567 DEBUG [127227] [] controllers/QuestionListController.php: is exist
2021-02-04 18:28:32,567 DEBUG [127227] [] QuestionListForm: is exist
2021-02-04 18:28:32,568 DEBUG [127227] [] QuestionListForm: form value set 
2021-02-04 18:28:32,568 DEBUG [127227] [] ------------------------------/eccadmin_dev/QuestionList
2021-02-04 18:28:32,568 DEBUG [127227] [] indexAction start
2021-02-04 18:28:32,569 DEBUG [127227] [] admin_no is 1
2021-02-04 18:28:32,571 DEBUG [127227] [] QuestionListForm Object
(
    [question_no] => 
    [question_name] => 
    [qa_description] => 
    [description] => 
    [test_kbn] => 
    [course_level] => 001
    [qa_pattern] => 001
    [score_pattern] => 001
    [audio_name] => 
    [audio_description] => 
    [prepare_time] => 
    [answer_time] => 
    [audio_yes] => 
    [yes_description] => 
    [audio_no] => 
    [no_description] => 
    [status] => 
    [sample_answer] => 
    [byosha_point] => 
    [remarks] => 
    [chk_status1] => 
    [chk_status2] => 
    [page] => 1
    [max_page] => 
    [test_kbn_list] => Array
        (
            [0] => M_typeDto Object
                (
                    [category] => 016
                    [type] => 001
                    [name] => Speaking
                    [name_kana] => 
                    [disp_no] => 1
                    [del_flg] => 0
                    [create_dt] => 
                    [creater_id] => 
                    [update_dt] => 
                    [updater_id] => 
                )

            [1] => M_typeDto Object
                (
                    [category] => 016
                    [type] => 002
                    [name] => Writing
                    [name_kana] => 
                    [disp_no] => 3
                    [del_flg] => 0
                    [create_dt] => 
                    [creater_id] => 
                    [update_dt] => 
                    [updater_id] => 
                )

        )

    [course_level_list] => Array
        (
            [0] => M_typeDto Object
                (
                    [category] => 021
                    [type] => 001
                    [name] => Level 5
                    [name_kana] => 
                    [disp_no] => 1
                    [del_flg] => 0
                    [create_dt] => 
                    [creater_id] => 
                    [update_dt] => 
                    [updater_id] => 
                )

            [1] => M_typeDto Object
                (
                    [category] => 021
                    [type] => 002
                    [name] => Level 4
                    [name_kana] => 
                    [disp_no] => 2
                    [del_flg] => 0
                    [create_dt] => 
                    [creater_id] => 
                    [update_dt] => 
                    [updater_id] => 
                )

            [2] => M_typeDto Object
                (
                    [category] => 021
                    [type] => 003
                    [name] => Level 3
                    [name_kana] => 
                    [disp_no] => 3
                    [del_flg] => 0
                    [create_dt] => 
                    [creater_id] => 
                    [update_dt] => 
                    [updater_id] => 
                )

        )

    [search_page] => 
    [search_question_name] => 
    [search_test_kbn] => 
    [search_course_level] => 
    [search_chk_status1] => 
    [search_chk_status2] => 
    [search_status] => 
    [menuOpen] => open
    [menuStatus] => settingMenu
    [uid] => 21e44adc139c8a61d480e17074b8fdab
    [admin_kbn] => 001
)

2021-02-04 18:28:32,599 DEBUG [127227] [] QuestionListForm Object
(
    [question_no] => 
    [question_name] => 
    [qa_description] => 
    [description] => 
    [test_kbn] => 
    [course_level] => 001
    [qa_pattern] => 001
    [score_pattern] => 001
    [audio_name] => 
    [audio_description] => 
    [prepare_time] => 
    [answer_time] => 
    [audio_yes] => 
    [yes_description] => 
    [audio_no] => 
    [no_description] => 
    [status] => 
    [sample_answer] => 
    [byosha_point] => 
    [remarks] => 
    [chk_status1] => 
    [chk_status2] => 
    [page] => 1
    [max_page] => 26
    [test_kbn_list] => Array
        (
            [0] => M_typeDto Object
                (
                    [category] => 016
                    [type] => 001
                    [name] => Speaking
                    [name_kana] => 
                    [disp_no] => 1
                    [del_flg] => 0
                    [create_dt] => 
                    [creater_id] => 
                    [update_dt] => 
                    [updater_id] => 
                )

            [1] => M_typeDto Object
                (
                    [category] => 016
                    [type] => 002
                    [name] => Writing
                    [name_kana] => 
                    [disp_no] => 3
                    [del_flg] => 0
                    [create_dt] => 
                    [creater_id] => 
                    [update_dt] => 
                    [updater_id] => 
                )

        )

    [course_level_list] => Array
        (
            [0] => M_typeDto Object
                (
                    [category] => 021
                    [type] => 001
                    [name] => Level 5
                    [name_kana] => 
                    [disp_no] => 1
                    [del_flg] => 0
                    [create_dt] => 
                    [creater_id] => 
                    [update_dt] => 
                    [updater_id] => 
                )

            [1] => M_typeDto Object
                (
                    [category] => 021
                    [type] => 002
                    [name] => Level 4
                    [name_kana] => 
                    [disp_no] => 2
                    [del_flg] => 0
                    [create_dt] => 
                    [creater_id] => 
                    [update_dt] => 
                    [updater_id] => 
                )

            [2] => M_typeDto Object
                (
                    [category] => 021
                    [type] => 003
                    [name] => Level 3
                    [name_kana] => 
                    [disp_no] => 3
                    [del_flg] => 0
                    [create_dt] => 
                    [creater_id] => 
                    [update_dt] => 
                    [updater_id] => 
                )

        )

    [search_page] => 
    [search_question_name] => 
    [search_test_kbn] => 
    [search_course_level] => 
    [search_chk_status1] => 
    [search_chk_status2] => 
    [search_status] => 
    [menuOpen] => open
    [menuStatus] => settingMenu
    [uid] => 21e44adc139c8a61d480e17074b8fdab
    [admin_kbn] => 001
)

2021-02-04 18:28:32,681 DEBUG [127227] [] indexAction end
2021-02-04 18:28:32,681 DEBUG [127227] [] QuestionListController end
2021-02-04 18:28:32,682 DEBUG [127227] [] finally
2021-02-04 18:28:35,074 DEBUG [127227] [] Request URI : /eccadmin_dev/QuestionRegist/index
2021-02-04 18:28:35,074 DEBUG [127227] [] QuestionRegistController start
2021-02-04 18:28:35,074 DEBUG [127227] [] controllers/QuestionRegistController.php: is exist
2021-02-04 18:28:35,075 DEBUG [127227] [] QuestionRegistForm: is exist
2021-02-04 18:28:35,075 DEBUG [127227] [] QuestionRegistForm: form value set 
2021-02-04 18:28:35,075 DEBUG [127227] [] ------------------------------/eccadmin_dev/QuestionRegist/index
2021-02-04 18:28:35,076 DEBUG [127227] [] ------------------------------session_check_true
2021-02-04 18:28:35,076 DEBUG [127227] [] indexAction start
2021-02-04 18:28:35,076 DEBUG [127227] [] admin_no is 1
2021-02-04 18:28:35,081 DEBUG [127227] [] question_no
2021-02-04 18:28:35,182 DEBUG [127227] [] indexAction end
2021-02-04 18:28:35,182 DEBUG [127227] [] QuestionRegistController end
2021-02-04 18:28:35,182 DEBUG [127227] [] finally
2021-02-04 18:29:02,614 DEBUG [128143] [] Request URI : /eccadmin_dev/Login/logout
2021-02-04 18:29:02,618 DEBUG [128143] [] LoginController start
2021-02-04 18:29:02,618 DEBUG [128143] [] controllers/LoginController.php: is exist
2021-02-04 18:29:02,619 DEBUG [128143] [] LoginForm: is exist
2021-02-04 18:29:02,619 DEBUG [128143] [] LoginForm: form value set 
2021-02-04 18:29:02,620 DEBUG [128143] [] ------------------------------/eccadmin_dev/Login/logout
2021-02-04 18:29:02,620 DEBUG [128143] [] ------------------------------login_start_check
2021-02-04 18:29:02,620 DEBUG [128143] [] logoutAction start
2021-02-04 18:29:02,620 DEBUG [128143] [] logoutAction end
2021-02-04 18:29:02,620 DEBUG [128143] [] LoginController end
2021-02-04 18:29:02,620 DEBUG [128143] [] finally
2021-02-04 18:29:02,643 DEBUG [128143] [] Request URI : /eccadmin_dev/Login
2021-02-04 18:29:02,643 DEBUG [128143] [] LoginController start
2021-02-04 18:29:02,643 DEBUG [128143] [] controllers/LoginController.php: is exist
2021-02-04 18:29:02,644 DEBUG [128143] [] LoginForm: is exist
2021-02-04 18:29:02,644 DEBUG [128143] [] LoginForm: form value set 
2021-02-04 18:29:02,644 DEBUG [128143] [] ------------------------------/eccadmin_dev/Login
2021-02-04 18:29:02,644 DEBUG [128143] [] ------------------------------login_start_check
2021-02-04 18:29:02,644 DEBUG [128143] [] indexAction start
2021-02-04 18:29:02,661 DEBUG [128143] [] indexAction end
2021-02-04 18:29:02,661 DEBUG [128143] [] LoginController end
2021-02-04 18:29:02,661 DEBUG [128143] [] finally
2021-02-04 18:31:21,420 DEBUG [128094] [] Request URI : /eccadmin_dev/Login
2021-02-04 18:31:21,420 DEBUG [128094] [] LoginController start
2021-02-04 18:31:21,421 DEBUG [128094] [] controllers/LoginController.php: is exist
2021-02-04 18:31:21,421 DEBUG [128094] [] LoginForm: is exist
2021-02-04 18:31:21,421 DEBUG [128094] [] LoginForm: form value set 
2021-02-04 18:31:21,421 DEBUG [128094] [] ------------------------------/eccadmin_dev/Login
2021-02-04 18:31:21,422 DEBUG [128094] [] ------------------------------login_start_check
2021-02-04 18:31:21,422 DEBUG [128094] [] indexAction start
2021-02-04 18:31:21,438 DEBUG [128094] [] indexAction end
2021-02-04 18:31:21,438 DEBUG [128094] [] LoginController end
2021-02-04 18:31:21,438 DEBUG [128094] [] finally
2021-02-04 18:31:24,433 DEBUG [128094] [] Request URI : /eccadmin_dev/Login/login
2021-02-04 18:31:24,434 DEBUG [128094] [] LoginController start
2021-02-04 18:31:24,434 DEBUG [128094] [] controllers/LoginController.php: is exist
2021-02-04 18:31:24,434 DEBUG [128094] [] LoginForm: is exist
2021-02-04 18:31:24,434 DEBUG [128094] [] LoginForm: form value set 
2021-02-04 18:31:24,435 DEBUG [128094] [] ------------------------------/eccadmin_dev/Login/login
2021-02-04 18:31:24,435 DEBUG [128094] [] ------------------------------login_start_check
2021-02-04 18:31:24,435 DEBUG [128094] [] loginAction start
2021-02-04 18:31:24,734 DEBUG [128094] [] loginAction end
2021-02-04 18:31:24,734 DEBUG [128094] [] LoginController end
2021-02-04 18:31:24,734 DEBUG [128094] [] finally
2021-02-04 18:31:24,757 DEBUG [128094] [] Request URI : /eccadmin_dev/Menu
2021-02-04 18:31:24,757 DEBUG [128094] [] MenuController start
2021-02-04 18:31:24,757 DEBUG [128094] [] controllers/MenuController.php: is exist
2021-02-04 18:31:24,758 DEBUG [128094] [] MenuForm: is exist
2021-02-04 18:31:24,758 DEBUG [128094] [] MenuForm: form value set 
2021-02-04 18:31:24,758 DEBUG [128094] [] ------------------------------/eccadmin_dev/Menu
2021-02-04 18:31:24,758 DEBUG [128094] [] ------------------------------login_start_check
2021-02-04 18:31:24,758 DEBUG [128094] [] indexAction start
2021-02-04 18:31:24,758 DEBUG [128094] [] admin_no is 1
2021-02-04 18:31:24,790 DEBUG [128094] [] indexAction end
2021-02-04 18:31:24,790 DEBUG [128094] [] MenuController end
2021-02-04 18:31:24,790 DEBUG [128094] [] finally
2021-02-04 18:31:29,351 DEBUG [128094] [] Request URI : /eccadmin_dev/AdminList
2021-02-04 18:31:29,351 DEBUG [128094] [] AdminListController start
2021-02-04 18:31:29,375 DEBUG [128094] [] controllers/AdminListController.php: is exist
2021-02-04 18:31:29,397 DEBUG [128094] [] AdminListForm: is exist
2021-02-04 18:31:29,417 DEBUG [128094] [] AdminListForm: form value set 
2021-02-04 18:31:29,417 DEBUG [128094] [] ------------------------------/eccadmin_dev/AdminList
2021-02-04 18:31:29,418 DEBUG [128094] [] indexAction start
2021-02-04 18:31:29,418 DEBUG [128094] [] admin_no is 1
2021-02-04 18:31:29,418 DEBUG [128094] [] indexAction
2021-02-04 18:31:29,419 DEBUG [128094] [] 
2021-02-04 18:31:29,517 DEBUG [128094] [] indexAction end
2021-02-04 18:31:29,517 DEBUG [128094] [] AdminListController end
2021-02-04 18:31:29,518 DEBUG [128094] [] finally
2021-02-04 18:31:29,661 DEBUG [121896] [] Request URI : /eccadmin_dev/AdminList
2021-02-04 18:31:29,661 DEBUG [121896] [] AdminListController start
2021-02-04 18:31:29,661 DEBUG [121896] [] controllers/AdminListController.php: is exist
2021-02-04 18:31:29,662 DEBUG [121896] [] AdminListForm: is exist
2021-02-04 18:31:29,662 DEBUG [121896] [] AdminListForm: form value set 
2021-02-04 18:31:29,662 DEBUG [121896] [] ------------------------------/eccadmin_dev/AdminList
2021-02-04 18:31:29,663 DEBUG [121896] [] indexAction start
2021-02-04 18:31:29,663 DEBUG [121896] [] admin_no is 1
2021-02-04 18:31:29,663 DEBUG [121896] [] indexAction
2021-02-04 18:31:29,664 DEBUG [121896] [] 
2021-02-04 18:31:29,747 DEBUG [121896] [] indexAction end
2021-02-04 18:31:29,747 DEBUG [121896] [] AdminListController end
2021-02-04 18:31:29,747 DEBUG [121896] [] finally
2021-02-04 18:31:31,356 DEBUG [121896] [] Request URI : /eccadmin_dev/QuestionList
2021-02-04 18:31:31,356 DEBUG [121896] [] QuestionListController start
2021-02-04 18:31:31,356 DEBUG [121896] [] controllers/QuestionListController.php: is exist
2021-02-04 18:31:31,356 DEBUG [121896] [] QuestionListForm: is exist
2021-02-04 18:31:31,357 DEBUG [121896] [] QuestionListForm: form value set 
2021-02-04 18:31:31,357 DEBUG [121896] [] ------------------------------/eccadmin_dev/QuestionList
2021-02-04 18:31:31,357 DEBUG [121896] [] indexAction start
2021-02-04 18:31:31,357 DEBUG [121896] [] admin_no is 1
2021-02-04 18:31:31,359 DEBUG [121896] [] QuestionListForm Object
(
    [question_no] => 
    [question_name] => 
    [qa_description] => 
    [description] => 
    [test_kbn] => 
    [course_level] => 
    [qa_pattern] => 
    [score_pattern] => 
    [audio_name] => 
    [audio_description] => 
    [prepare_time] => 
    [answer_time] => 
    [audio_yes] => 
    [yes_description] => 
    [audio_no] => 
    [no_description] => 
    [status] => 
    [sample_answer] => 
    [byosha_point] => 
    [remarks] => 
    [chk_status1] => 
    [chk_status2] => 
    [page] => 1
    [max_page] => 
    [test_kbn_list] => Array
        (
            [0] => M_typeDto Object
                (
                    [category] => 016
                    [type] => 001
                    [name] => Speaking
                    [name_kana] => 
                    [disp_no] => 1
                    [del_flg] => 0
                    [create_dt] => 
                    [creater_id] => 
                    [update_dt] => 
                    [updater_id] => 
                )

            [1] => M_typeDto Object
                (
                    [category] => 016
                    [type] => 002
                    [name] => Writing
                    [name_kana] => 
                    [disp_no] => 3
                    [del_flg] => 0
                    [create_dt] => 
                    [creater_id] => 
                    [update_dt] => 
                    [updater_id] => 
                )

        )

    [course_level_list] => Array
        (
            [0] => M_typeDto Object
                (
                    [category] => 021
                    [type] => 001
                    [name] => Level 5
                    [name_kana] => 
                    [disp_no] => 1
                    [del_flg] => 0
                    [create_dt] => 
                    [creater_id] => 
                    [update_dt] => 
                    [updater_id] => 
                )

            [1] => M_typeDto Object
                (
                    [category] => 021
                    [type] => 002
                    [name] => Level 4
                    [name_kana] => 
                    [disp_no] => 2
                    [del_flg] => 0
                    [create_dt] => 
                    [creater_id] => 
                    [update_dt] => 
                    [updater_id] => 
                )

            [2] => M_typeDto Object
                (
                    [category] => 021
                    [type] => 003
                    [name] => Level 3
                    [name_kana] => 
                    [disp_no] => 3
                    [del_flg] => 0
                    [create_dt] => 
                    [creater_id] => 
                    [update_dt] => 
                    [updater_id] => 
                )

        )

    [search_page] => 
    [search_question_name] => 
    [search_test_kbn] => 
    [search_course_level] => 
    [search_chk_status1] => 
    [search_chk_status2] => 
    [search_status] => 
    [menuOpen] => open
    [menuStatus] => settingMenu
    [uid] => 954e86705df5f3a56a0425bbf2d95930
    [admin_kbn] => 001
)

2021-02-04 18:31:31,388 DEBUG [121896] [] QuestionListForm Object
(
    [question_no] => 
    [question_name] => 
    [qa_description] => 
    [description] => 
    [test_kbn] => 
    [course_level] => 
    [qa_pattern] => 
    [score_pattern] => 
    [audio_name] => 
    [audio_description] => 
    [prepare_time] => 
    [answer_time] => 
    [audio_yes] => 
    [yes_description] => 
    [audio_no] => 
    [no_description] => 
    [status] => 
    [sample_answer] => 
    [byosha_point] => 
    [remarks] => 
    [chk_status1] => 
    [chk_status2] => 
    [page] => 1
    [max_page] => 26
    [test_kbn_list] => Array
        (
            [0] => M_typeDto Object
                (
                    [category] => 016
                    [type] => 001
                    [name] => Speaking
                    [name_kana] => 
                    [disp_no] => 1
                    [del_flg] => 0
                    [create_dt] => 
                    [creater_id] => 
                    [update_dt] => 
                    [updater_id] => 
                )

            [1] => M_typeDto Object
                (
                    [category] => 016
                    [type] => 002
                    [name] => Writing
                    [name_kana] => 
                    [disp_no] => 3
                    [del_flg] => 0
                    [create_dt] => 
                    [creater_id] => 
                    [update_dt] => 
                    [updater_id] => 
                )

        )

    [course_level_list] => Array
        (
            [0] => M_typeDto Object
                (
                    [category] => 021
                    [type] => 001
                    [name] => Level 5
                    [name_kana] => 
                    [disp_no] => 1
                    [del_flg] => 0
                    [create_dt] => 
                    [creater_id] => 
                    [update_dt] => 
                    [updater_id] => 
                )

            [1] => M_typeDto Object
                (
                    [category] => 021
                    [type] => 002
                    [name] => Level 4
                    [name_kana] => 
                    [disp_no] => 2
                    [del_flg] => 0
                    [create_dt] => 
                    [creater_id] => 
                    [update_dt] => 
                    [updater_id] => 
                )

            [2] => M_typeDto Object
                (
                    [category] => 021
                    [type] => 003
                    [name] => Level 3
                    [name_kana] => 
                    [disp_no] => 3
                    [del_flg] => 0
                    [create_dt] => 
                    [creater_id] => 
                    [update_dt] => 
                    [updater_id] => 
                )

        )

    [search_page] => 
    [search_question_name] => 
    [search_test_kbn] => 
    [search_course_level] => 
    [search_chk_status1] => 
    [search_chk_status2] => 
    [search_status] => 
    [menuOpen] => open
    [menuStatus] => settingMenu
    [uid] => 954e86705df5f3a56a0425bbf2d95930
    [admin_kbn] => 001
)

2021-02-04 18:31:31,479 DEBUG [121896] [] indexAction end
2021-02-04 18:31:31,479 DEBUG [121896] [] QuestionListController end
2021-02-04 18:31:31,479 DEBUG [121896] [] finally
2021-02-04 18:31:32,697 DEBUG [121896] [] Request URI : /eccadmin_dev/QuestionRegist/index
2021-02-04 18:31:32,697 DEBUG [121896] [] QuestionRegistController start
2021-02-04 18:31:32,697 DEBUG [121896] [] controllers/QuestionRegistController.php: is exist
2021-02-04 18:31:32,698 DEBUG [121896] [] QuestionRegistForm: is exist
2021-02-04 18:31:32,698 DEBUG [121896] [] QuestionRegistForm: form value set 
2021-02-04 18:31:32,698 DEBUG [121896] [] ------------------------------/eccadmin_dev/QuestionRegist/index
2021-02-04 18:31:32,698 DEBUG [121896] [] ------------------------------session_check_true
2021-02-04 18:31:32,699 DEBUG [121896] [] indexAction start
2021-02-04 18:31:32,699 DEBUG [121896] [] admin_no is 1
2021-02-04 18:31:32,704 DEBUG [121896] [] question_no
2021-02-04 18:31:32,802 DEBUG [121896] [] indexAction end
2021-02-04 18:31:32,802 DEBUG [121896] [] QuestionRegistController end
2021-02-04 18:31:32,802 DEBUG [121896] [] finally
2021-02-04 18:32:45,676 DEBUG [128094] [] Request URI : /eccadmin_dev/Menu
2021-02-04 18:32:45,676 DEBUG [128094] [] MenuController start
2021-02-04 18:32:45,676 DEBUG [128094] [] controllers/MenuController.php: is exist
2021-02-04 18:32:45,677 DEBUG [128094] [] MenuForm: is exist
2021-02-04 18:32:45,677 DEBUG [128094] [] MenuForm: form value set 
2021-02-04 18:32:45,677 DEBUG [128094] [] ------------------------------/eccadmin_dev/Menu
2021-02-04 18:32:45,677 DEBUG [128094] [] ------------------------------login_start_check
2021-02-04 18:32:45,677 DEBUG [128094] [] indexAction start
2021-02-04 18:32:45,678 DEBUG [128094] [] admin_no is 
2021-02-04 18:32:45,678 DEBUG [128094] [] indexAction end
2021-02-04 18:32:45,678 DEBUG [128094] [] MenuController end
2021-02-04 18:32:45,678 DEBUG [128094] [] finally
2021-02-04 18:32:45,696 DEBUG [128094] [] Request URI : /eccadmin_dev/Error/disp
2021-02-04 18:32:45,697 DEBUG [128094] [] ErrorController start
2021-02-04 18:32:45,697 DEBUG [128094] [] controllers/ErrorController.php: is exist
2021-02-04 18:32:45,720 DEBUG [128094] [] ErrorForm: is exist
2021-02-04 18:32:45,735 DEBUG [128094] [] ErrorForm: form value set 
2021-02-04 18:32:45,735 DEBUG [128094] [] ------------------------------/eccadmin_dev/Error/disp
2021-02-04 18:32:45,735 DEBUG [128094] [] ------------------------------login_start_check
2021-02-04 18:32:45,735 DEBUG [128094] [] dispAction start
2021-02-04 18:32:45,771 DEBUG [128094] [] dispAction end
2021-02-04 18:32:45,771 DEBUG [128094] [] ErrorController end
2021-02-04 18:32:45,771 DEBUG [128094] [] finally
2021-02-04 18:32:47,070 DEBUG [128096] [] Request URI : /eccadmin_dev/Login
2021-02-04 18:32:47,071 DEBUG [128096] [] LoginController start
2021-02-04 18:32:47,071 DEBUG [128096] [] controllers/LoginController.php: is exist
2021-02-04 18:32:47,071 DEBUG [128096] [] LoginForm: is exist
2021-02-04 18:32:47,072 DEBUG [128096] [] LoginForm: form value set 
2021-02-04 18:32:47,072 DEBUG [128096] [] ------------------------------/eccadmin_dev/Login
2021-02-04 18:32:47,072 DEBUG [128096] [] ------------------------------login_start_check
2021-02-04 18:32:47,072 DEBUG [128096] [] indexAction start
2021-02-04 18:32:47,088 DEBUG [128096] [] indexAction end
2021-02-04 18:32:47,088 DEBUG [128096] [] LoginController end
2021-02-04 18:32:47,088 DEBUG [128096] [] finally
2021-02-04 18:32:49,782 DEBUG [124172] [] Request URI : /eccadmin_dev/Login/login
2021-02-04 18:32:49,782 DEBUG [124172] [] LoginController start
2021-02-04 18:32:49,783 DEBUG [124172] [] controllers/LoginController.php: is exist
2021-02-04 18:32:49,783 DEBUG [124172] [] LoginForm: is exist
2021-02-04 18:32:49,783 DEBUG [124172] [] LoginForm: form value set 
2021-02-04 18:32:49,784 DEBUG [124172] [] ------------------------------/eccadmin_dev/Login/login
2021-02-04 18:32:49,784 DEBUG [124172] [] ------------------------------login_start_check
2021-02-04 18:32:49,784 DEBUG [124172] [] loginAction start
2021-02-04 18:32:50,087 DEBUG [124172] [] loginAction end
2021-02-04 18:32:50,087 DEBUG [124172] [] LoginController end
2021-02-04 18:32:50,087 DEBUG [124172] [] finally
2021-02-04 18:32:50,106 DEBUG [124172] [] Request URI : /eccadmin_dev/Menu
2021-02-04 18:32:50,106 DEBUG [124172] [] MenuController start
2021-02-04 18:32:50,107 DEBUG [124172] [] controllers/MenuController.php: is exist
2021-02-04 18:32:50,107 DEBUG [124172] [] MenuForm: is exist
2021-02-04 18:32:50,107 DEBUG [124172] [] MenuForm: form value set 
2021-02-04 18:32:50,107 DEBUG [124172] [] ------------------------------/eccadmin_dev/Menu
2021-02-04 18:32:50,108 DEBUG [124172] [] ------------------------------login_start_check
2021-02-04 18:32:50,108 DEBUG [124172] [] indexAction start
2021-02-04 18:32:50,108 DEBUG [124172] [] admin_no is 1
2021-02-04 18:32:50,154 DEBUG [124172] [] indexAction end
2021-02-04 18:32:50,155 DEBUG [124172] [] MenuController end
2021-02-04 18:32:50,155 DEBUG [124172] [] finally
2021-02-04 18:32:53,355 DEBUG [128096] [] Request URI : /eccadmin_dev/QuestionList
2021-02-04 18:32:53,356 DEBUG [128096] [] QuestionListController start
2021-02-04 18:32:53,356 DEBUG [128096] [] controllers/QuestionListController.php: is exist
2021-02-04 18:32:53,357 DEBUG [128096] [] QuestionListForm: is exist
2021-02-04 18:32:53,357 DEBUG [128096] [] QuestionListForm: form value set 
2021-02-04 18:32:53,357 DEBUG [128096] [] ------------------------------/eccadmin_dev/QuestionList
2021-02-04 18:32:53,357 DEBUG [128096] [] indexAction start
2021-02-04 18:32:53,358 DEBUG [128096] [] admin_no is 1
2021-02-04 18:32:53,360 DEBUG [128096] [] QuestionListForm Object
(
    [question_no] => 
    [question_name] => 
    [qa_description] => 
    [description] => 
    [test_kbn] => 
    [course_level] => 
    [qa_pattern] => 
    [score_pattern] => 
    [audio_name] => 
    [audio_description] => 
    [prepare_time] => 
    [answer_time] => 
    [audio_yes] => 
    [yes_description] => 
    [audio_no] => 
    [no_description] => 
    [status] => 
    [sample_answer] => 
    [byosha_point] => 
    [remarks] => 
    [chk_status1] => 
    [chk_status2] => 
    [page] => 1
    [max_page] => 
    [test_kbn_list] => Array
        (
            [0] => M_typeDto Object
                (
                    [category] => 016
                    [type] => 001
                    [name] => Speaking
                    [name_kana] => 
                    [disp_no] => 1
                    [del_flg] => 0
                    [create_dt] => 
                    [creater_id] => 
                    [update_dt] => 
                    [updater_id] => 
                )

            [1] => M_typeDto Object
                (
                    [category] => 016
                    [type] => 002
                    [name] => Writing
                    [name_kana] => 
                    [disp_no] => 3
                    [del_flg] => 0
                    [create_dt] => 
                    [creater_id] => 
                    [update_dt] => 
                    [updater_id] => 
                )

        )

    [course_level_list] => Array
        (
            [0] => M_typeDto Object
                (
                    [category] => 021
                    [type] => 001
                    [name] => Level 5
                    [name_kana] => 
                    [disp_no] => 1
                    [del_flg] => 0
                    [create_dt] => 
                    [creater_id] => 
                    [update_dt] => 
                    [updater_id] => 
                )

            [1] => M_typeDto Object
                (
                    [category] => 021
                    [type] => 002
                    [name] => Level 4
                    [name_kana] => 
                    [disp_no] => 2
                    [del_flg] => 0
                    [create_dt] => 
                    [creater_id] => 
                    [update_dt] => 
                    [updater_id] => 
                )

            [2] => M_typeDto Object
                (
                    [category] => 021
                    [type] => 003
                    [name] => Level 3
                    [name_kana] => 
                    [disp_no] => 3
                    [del_flg] => 0
                    [create_dt] => 
                    [creater_id] => 
                    [update_dt] => 
                    [updater_id] => 
                )

        )

    [search_page] => 
    [search_question_name] => 
    [search_test_kbn] => 
    [search_course_level] => 
    [search_chk_status1] => 
    [search_chk_status2] => 
    [search_status] => 
    [menuOpen] => open
    [menuStatus] => settingMenu
    [uid] => 3587564b8add75f4453313428d39a5f6
    [admin_kbn] => 001
)

2021-02-04 18:32:53,389 DEBUG [128096] [] QuestionListForm Object
(
    [question_no] => 
    [question_name] => 
    [qa_description] => 
    [description] => 
    [test_kbn] => 
    [course_level] => 
    [qa_pattern] => 
    [score_pattern] => 
    [audio_name] => 
    [audio_description] => 
    [prepare_time] => 
    [answer_time] => 
    [audio_yes] => 
    [yes_description] => 
    [audio_no] => 
    [no_description] => 
    [status] => 
    [sample_answer] => 
    [byosha_point] => 
    [remarks] => 
    [chk_status1] => 
    [chk_status2] => 
    [page] => 1
    [max_page] => 26
    [test_kbn_list] => Array
        (
            [0] => M_typeDto Object
                (
                    [category] => 016
                    [type] => 001
                    [name] => Speaking
                    [name_kana] => 
                    [disp_no] => 1
                    [del_flg] => 0
                    [create_dt] => 
                    [creater_id] => 
                    [update_dt] => 
                    [updater_id] => 
                )

            [1] => M_typeDto Object
                (
                    [category] => 016
                    [type] => 002
                    [name] => Writing
                    [name_kana] => 
                    [disp_no] => 3
                    [del_flg] => 0
                    [create_dt] => 
                    [creater_id] => 
                    [update_dt] => 
                    [updater_id] => 
                )

        )

    [course_level_list] => Array
        (
            [0] => M_typeDto Object
                (
                    [category] => 021
                    [type] => 001
                    [name] => Level 5
                    [name_kana] => 
                    [disp_no] => 1
                    [del_flg] => 0
                    [create_dt] => 
                    [creater_id] => 
                    [update_dt] => 
                    [updater_id] => 
                )

            [1] => M_typeDto Object
                (
                    [category] => 021
                    [type] => 002
                    [name] => Level 4
                    [name_kana] => 
                    [disp_no] => 2
                    [del_flg] => 0
                    [create_dt] => 
                    [creater_id] => 
                    [update_dt] => 
                    [updater_id] => 
                )

            [2] => M_typeDto Object
                (
                    [category] => 021
                    [type] => 003
                    [name] => Level 3
                    [name_kana] => 
                    [disp_no] => 3
                    [del_flg] => 0
                    [create_dt] => 
                    [creater_id] => 
                    [update_dt] => 
                    [updater_id] => 
                )

        )

    [search_page] => 
    [search_question_name] => 
    [search_test_kbn] => 
    [search_course_level] => 
    [search_chk_status1] => 
    [search_chk_status2] => 
    [search_status] => 
    [menuOpen] => open
    [menuStatus] => settingMenu
    [uid] => 3587564b8add75f4453313428d39a5f6
    [admin_kbn] => 001
)

2021-02-04 18:32:53,472 DEBUG [128096] [] indexAction end
2021-02-04 18:32:53,472 DEBUG [128096] [] QuestionListController end
2021-02-04 18:32:53,472 DEBUG [128096] [] finally
2021-02-04 18:32:54,999 DEBUG [128096] [] Request URI : /eccadmin_dev/QuestionRegist/index
2021-02-04 18:32:54,999 DEBUG [128096] [] QuestionRegistController start
2021-02-04 18:32:54,999 DEBUG [128096] [] controllers/QuestionRegistController.php: is exist
2021-02-04 18:32:55,000 DEBUG [128096] [] QuestionRegistForm: is exist
2021-02-04 18:32:55,000 DEBUG [128096] [] QuestionRegistForm: form value set 
2021-02-04 18:32:55,000 DEBUG [128096] [] ------------------------------/eccadmin_dev/QuestionRegist/index
2021-02-04 18:32:55,001 DEBUG [128096] [] ------------------------------session_check_true
2021-02-04 18:32:55,001 DEBUG [128096] [] indexAction start
2021-02-04 18:32:55,001 DEBUG [128096] [] admin_no is 1
2021-02-04 18:32:55,006 DEBUG [128096] [] question_no
2021-02-04 18:32:55,108 DEBUG [128096] [] indexAction end
2021-02-04 18:32:55,108 DEBUG [128096] [] QuestionRegistController end
2021-02-04 18:32:55,108 DEBUG [128096] [] finally
