2021-12-13 11:43:24,728 DEBUG [40032] [] Request URI : /eccadmin_dev/Login
2021-12-13 11:43:24,768 DEBUG [40032] [] LoginController start
2021-12-13 11:43:24,768 DEBUG [40032] [] controllers/LoginController.php: is exist
2021-12-13 11:43:24,774 DEBUG [40032] [] LoginForm: is exist
2021-12-13 11:43:24,775 DEBUG [40032] [] LoginForm: form value set 
2021-12-13 11:43:24,775 DEBUG [40032] [] ------------------------------/eccadmin_dev/Login
2021-12-13 11:43:24,775 DEBUG [40032] [] ------------------------------login_start_check
2021-12-13 11:43:24,775 DEBUG [40032] [] indexAction start
2021-12-13 11:43:24,897 DEBUG [40032] [] indexAction end
2021-12-13 11:43:24,897 DEBUG [40032] [] LoginController end
2021-12-13 11:43:24,897 DEBUG [40032] [] finally
2021-12-13 11:43:29,658 DEBUG [40032] [] Request URI : /eccadmin_dev/Login/login
2021-12-13 11:43:29,658 DEBUG [40032] [] LoginController start
2021-12-13 11:43:29,658 DEBUG [40032] [] controllers/LoginController.php: is exist
2021-12-13 11:43:29,659 DEBUG [40032] [] LoginForm: is exist
2021-12-13 11:43:29,659 DEBUG [40032] [] LoginForm: form value set 
2021-12-13 11:43:29,659 DEBUG [40032] [] ------------------------------/eccadmin_dev/Login/login
2021-12-13 11:43:29,659 DEBUG [40032] [] ------------------------------login_start_check
2021-12-13 11:43:29,659 DEBUG [40032] [] loginAction start
2021-12-13 11:43:29,987 DEBUG [40032] [] loginAction end
2021-12-13 11:43:29,987 DEBUG [40032] [] LoginController end
2021-12-13 11:43:29,987 DEBUG [40032] [] finally
2021-12-13 11:43:30,013 DEBUG [40032] [] Request URI : /eccadmin_dev/Menu
2021-12-13 11:43:30,013 DEBUG [40032] [] MenuController start
2021-12-13 11:43:30,013 DEBUG [40032] [] controllers/MenuController.php: is exist
2021-12-13 11:43:30,017 DEBUG [40032] [] MenuForm: is exist
2021-12-13 11:43:30,017 DEBUG [40032] [] MenuForm: form value set 
2021-12-13 11:43:30,018 DEBUG [40032] [] ------------------------------/eccadmin_dev/Menu
2021-12-13 11:43:30,018 DEBUG [40032] [] ------------------------------login_start_check
2021-12-13 11:43:30,018 DEBUG [40032] [] indexAction start
2021-12-13 11:43:30,018 DEBUG [40032] [] admin_no is 1
2021-12-13 11:43:30,115 DEBUG [40032] [] indexAction end
2021-12-13 11:43:30,115 DEBUG [40032] [] MenuController end
2021-12-13 11:43:30,115 DEBUG [40032] [] finally
2021-12-13 11:43:34,830 DEBUG [40032] [] Request URI : /eccadmin_dev/AdminList
2021-12-13 11:43:34,831 DEBUG [40032] [] AdminListController start
2021-12-13 11:43:34,831 DEBUG [40032] [] controllers/AdminListController.php: is exist
2021-12-13 11:43:34,884 DEBUG [40032] [] AdminListForm: is exist
2021-12-13 11:43:34,913 DEBUG [40032] [] AdminListForm: form value set 
2021-12-13 11:43:34,914 DEBUG [40032] [] ------------------------------/eccadmin_dev/AdminList
2021-12-13 11:43:34,914 DEBUG [40032] [] indexAction start
2021-12-13 11:43:34,914 DEBUG [40032] [] admin_no is 1
2021-12-13 11:43:34,914 DEBUG [40032] [] indexAction
2021-12-13 11:43:34,916 DEBUG [40032] [] 
2021-12-13 11:43:35,024 DEBUG [40032] [] indexAction end
2021-12-13 11:43:35,024 DEBUG [40032] [] AdminListController end
2021-12-13 11:43:35,024 DEBUG [40032] [] finally
2021-12-13 11:43:36,688 DEBUG [40024] [] Request URI : /eccadmin_dev/AdminRegist/index
2021-12-13 11:43:36,689 DEBUG [40024] [] AdminRegistController start
2021-12-13 11:43:36,689 DEBUG [40024] [] controllers/AdminRegistController.php: is exist
2021-12-13 11:43:36,702 DEBUG [40024] [] AdminRegistForm: is exist
2021-12-13 11:43:36,703 DEBUG [40024] [] AdminRegistForm: form value set 
2021-12-13 11:43:36,703 DEBUG [40024] [] ------------------------------/eccadmin_dev/AdminRegist/index
2021-12-13 11:43:36,704 DEBUG [40024] [] ------------------------------session_check_true
2021-12-13 11:43:36,704 DEBUG [40024] [] indexAction start
2021-12-13 11:43:36,704 DEBUG [40024] [] admin_no is 1
2021-12-13 11:43:36,794 DEBUG [40024] [] indexAction end
2021-12-13 11:43:36,794 DEBUG [40024] [] AdminRegistController end
2021-12-13 11:43:36,794 DEBUG [40024] [] finally
2021-12-13 11:44:08,792 DEBUG [40078] [] Request URI : /eccadmin_dev/AdminRegist/Save
2021-12-13 11:44:08,793 DEBUG [40078] [] AdminRegistController start
2021-12-13 11:44:08,793 DEBUG [40078] [] controllers/AdminRegistController.php: is exist
2021-12-13 11:44:08,794 DEBUG [40078] [] AdminRegistForm: is exist
2021-12-13 11:44:08,794 DEBUG [40078] [] AdminRegistForm: form value set 
2021-12-13 11:44:08,795 DEBUG [40078] [] ------------------------------/eccadmin_dev/AdminRegist/Save
2021-12-13 11:44:08,795 DEBUG [40078] [] ------------------------------session_check_true
2021-12-13 11:44:08,795 DEBUG [40078] [] SaveAction start
2021-12-13 11:44:08,795 DEBUG [40078] [] admin_no is 1
2021-12-13 11:44:09,091 DEBUG [40078] [] hashed password$2y$12$vGVKF9AM8sJyj99gMZCoI.U4GnA6XTlTZgcvcw3OxfWK2s3eCLdfG
2021-12-13 11:44:09,092 DEBUG [40078] [] admin_no
2021-12-13 11:44:09,095 DEBUG [40078] [] INSERT INTO  T_ADMIN (admin_no,login_id,admin_name,romaji_name,admin_kbn,password,start_period,end_period,del_flg,create_dt,creater_id,update_dt,updater_id ) VALUES ( :admin_no,:login_id,:admin_name,:romaji_name,:admin_kbn,:password,:start_period,:end_period,:del_flg,:create_dt,:creater_id,:update_dt,:updater_id );
2021-12-13 11:44:09,185 DEBUG [40078] [] SaveAction end
2021-12-13 11:44:09,185 DEBUG [40078] [] AdminRegistController end
2021-12-13 11:44:09,185 DEBUG [40078] [] finally
2021-12-13 11:44:09,254 DEBUG [39888] [] Request URI : /eccadmin_dev/AdminList
2021-12-13 11:44:09,255 DEBUG [39888] [] AdminListController start
2021-12-13 11:44:09,255 DEBUG [39888] [] controllers/AdminListController.php: is exist
2021-12-13 11:44:09,256 DEBUG [39888] [] AdminListForm: is exist
2021-12-13 11:44:09,256 DEBUG [39888] [] AdminListForm: form value set 
2021-12-13 11:44:09,256 DEBUG [39888] [] ------------------------------/eccadmin_dev/AdminList
2021-12-13 11:44:09,256 DEBUG [39888] [] indexAction start
2021-12-13 11:44:09,257 DEBUG [39888] [] admin_no is 1
2021-12-13 11:44:09,257 DEBUG [39888] [] indexAction
2021-12-13 11:44:09,258 DEBUG [39888] [] 
2021-12-13 11:44:09,341 DEBUG [39888] [] indexAction end
2021-12-13 11:44:09,341 DEBUG [39888] [] AdminListController end
2021-12-13 11:44:09,341 DEBUG [39888] [] finally
2021-12-13 11:44:13,417 DEBUG [39888] [] Request URI : /eccadmin_dev/Login/logout
2021-12-13 11:44:13,417 DEBUG [39888] [] LoginController start
2021-12-13 11:44:13,417 DEBUG [39888] [] controllers/LoginController.php: is exist
2021-12-13 11:44:13,418 DEBUG [39888] [] LoginForm: is exist
2021-12-13 11:44:13,418 DEBUG [39888] [] LoginForm: form value set 
2021-12-13 11:44:13,418 DEBUG [39888] [] ------------------------------/eccadmin_dev/Login/logout
2021-12-13 11:44:13,418 DEBUG [39888] [] ------------------------------login_start_check
2021-12-13 11:44:13,418 DEBUG [39888] [] logoutAction start
2021-12-13 11:44:13,419 DEBUG [39888] [] logoutAction end
2021-12-13 11:44:13,419 DEBUG [39888] [] LoginController end
2021-12-13 11:44:13,419 DEBUG [39888] [] finally
2021-12-13 11:44:13,448 DEBUG [39888] [] Request URI : /eccadmin_dev/Login
2021-12-13 11:44:13,448 DEBUG [39888] [] LoginController start
2021-12-13 11:44:13,449 DEBUG [39888] [] controllers/LoginController.php: is exist
2021-12-13 11:44:13,449 DEBUG [39888] [] LoginForm: is exist
2021-12-13 11:44:13,449 DEBUG [39888] [] LoginForm: form value set 
2021-12-13 11:44:13,449 DEBUG [39888] [] ------------------------------/eccadmin_dev/Login
2021-12-13 11:44:13,449 DEBUG [39888] [] ------------------------------login_start_check
2021-12-13 11:44:13,449 DEBUG [39888] [] indexAction start
2021-12-13 11:44:13,463 DEBUG [39888] [] indexAction end
2021-12-13 11:44:13,463 DEBUG [39888] [] LoginController end
2021-12-13 11:44:13,463 DEBUG [39888] [] finally
2021-12-13 11:44:17,965 DEBUG [39888] [] Request URI : /eccadmin_dev/Login/login
2021-12-13 11:44:17,966 DEBUG [39888] [] LoginController start
2021-12-13 11:44:17,966 DEBUG [39888] [] controllers/LoginController.php: is exist
2021-12-13 11:44:17,966 DEBUG [39888] [] LoginForm: is exist
2021-12-13 11:44:17,966 DEBUG [39888] [] LoginForm: form value set 
2021-12-13 11:44:17,967 DEBUG [39888] [] ------------------------------/eccadmin_dev/Login/login
2021-12-13 11:44:17,967 DEBUG [39888] [] ------------------------------login_start_check
2021-12-13 11:44:17,967 DEBUG [39888] [] loginAction start
2021-12-13 11:44:18,265 DEBUG [39888] [] loginAction end
2021-12-13 11:44:18,265 DEBUG [39888] [] LoginController end
2021-12-13 11:44:18,265 DEBUG [39888] [] finally
2021-12-13 11:44:18,312 DEBUG [39888] [] Request URI : /eccadmin_dev/Menu
2021-12-13 11:44:18,312 DEBUG [39888] [] MenuController start
2021-12-13 11:44:18,312 DEBUG [39888] [] controllers/MenuController.php: is exist
2021-12-13 11:44:18,313 DEBUG [39888] [] MenuForm: is exist
2021-12-13 11:44:18,313 DEBUG [39888] [] MenuForm: form value set 
2021-12-13 11:44:18,313 DEBUG [39888] [] ------------------------------/eccadmin_dev/Menu
2021-12-13 11:44:18,313 DEBUG [39888] [] ------------------------------login_start_check
2021-12-13 11:44:18,313 DEBUG [39888] [] indexAction start
2021-12-13 11:44:18,314 DEBUG [39888] [] admin_no is 58
2021-12-13 11:44:18,363 DEBUG [39888] [] indexAction end
2021-12-13 11:44:18,363 DEBUG [39888] [] MenuController end
2021-12-13 11:44:18,363 DEBUG [39888] [] finally
2021-12-13 11:46:25,888 DEBUG [40028] [] Request URI : /eccadmin_dev/Login
2021-12-13 11:46:25,888 DEBUG [40028] [] LoginController start
2021-12-13 11:46:25,888 DEBUG [40028] [] controllers/LoginController.php: is exist
2021-12-13 11:46:25,889 DEBUG [40028] [] LoginForm: is exist
2021-12-13 11:46:25,889 DEBUG [40028] [] LoginForm: form value set 
2021-12-13 11:46:25,889 DEBUG [40028] [] ------------------------------/eccadmin_dev/Login
2021-12-13 11:46:25,889 DEBUG [40028] [] ------------------------------login_start_check
2021-12-13 11:46:25,889 DEBUG [40028] [] indexAction start
2021-12-13 11:46:25,964 DEBUG [40028] [] indexAction end
2021-12-13 11:46:25,964 DEBUG [40028] [] LoginController end
2021-12-13 11:46:25,965 DEBUG [40028] [] finally
2021-12-13 11:46:28,342 DEBUG [40221] [] Request URI : /eccadmin_dev/Login
2021-12-13 11:46:28,346 DEBUG [40221] [] LoginController start
2021-12-13 11:46:28,346 DEBUG [40221] [] controllers/LoginController.php: is exist
2021-12-13 11:46:28,347 DEBUG [40221] [] LoginForm: is exist
2021-12-13 11:46:28,347 DEBUG [40221] [] LoginForm: form value set 
2021-12-13 11:46:28,347 DEBUG [40221] [] ------------------------------/eccadmin_dev/Login
2021-12-13 11:46:28,347 DEBUG [40221] [] ------------------------------login_start_check
2021-12-13 11:46:28,347 DEBUG [40221] [] indexAction start
2021-12-13 11:46:28,365 DEBUG [40221] [] indexAction end
2021-12-13 11:46:28,365 DEBUG [40221] [] LoginController end
2021-12-13 11:46:28,365 DEBUG [40221] [] finally
2021-12-13 12:12:38,585 DEBUG [41364] [] Request URI : /eccadmin_dev/Login
2021-12-13 12:12:38,585 DEBUG [41364] [] LoginController start
2021-12-13 12:12:38,585 DEBUG [41364] [] controllers/LoginController.php: is exist
2021-12-13 12:12:38,586 DEBUG [41364] [] LoginForm: is exist
2021-12-13 12:12:38,586 DEBUG [41364] [] LoginForm: form value set 
2021-12-13 12:12:38,586 DEBUG [41364] [] ------------------------------/eccadmin_dev/Login
2021-12-13 12:12:38,586 DEBUG [41364] [] ------------------------------login_start_check
2021-12-13 12:12:38,586 DEBUG [41364] [] indexAction start
2021-12-13 12:12:38,652 DEBUG [41364] [] indexAction end
2021-12-13 12:12:38,653 DEBUG [41364] [] LoginController end
2021-12-13 12:12:38,653 DEBUG [41364] [] finally
2021-12-13 12:12:52,738 DEBUG [40226] [] Request URI : /eccadmin_dev/Login/login
2021-12-13 12:12:52,739 DEBUG [40226] [] LoginController start
2021-12-13 12:12:52,739 DEBUG [40226] [] controllers/LoginController.php: is exist
2021-12-13 12:12:52,739 DEBUG [40226] [] LoginForm: is exist
2021-12-13 12:12:52,739 DEBUG [40226] [] LoginForm: form value set 
2021-12-13 12:12:52,740 DEBUG [40226] [] ------------------------------/eccadmin_dev/Login/login
2021-12-13 12:12:52,740 DEBUG [40226] [] ------------------------------login_start_check
2021-12-13 12:12:52,740 DEBUG [40226] [] loginAction start
2021-12-13 12:12:53,045 DEBUG [40226] [] loginAction end
2021-12-13 12:12:53,045 DEBUG [40226] [] LoginController end
2021-12-13 12:12:53,045 DEBUG [40226] [] finally
2021-12-13 12:12:53,184 DEBUG [40449] [] Request URI : /eccadmin_dev/Menu
2021-12-13 12:12:53,185 DEBUG [40449] [] MenuController start
2021-12-13 12:12:53,185 DEBUG [40449] [] controllers/MenuController.php: is exist
2021-12-13 12:12:53,185 DEBUG [40449] [] MenuForm: is exist
2021-12-13 12:12:53,185 DEBUG [40449] [] MenuForm: form value set 
2021-12-13 12:12:53,186 DEBUG [40449] [] ------------------------------/eccadmin_dev/Menu
2021-12-13 12:12:53,186 DEBUG [40449] [] ------------------------------login_start_check
2021-12-13 12:12:53,186 DEBUG [40449] [] indexAction start
2021-12-13 12:12:53,186 DEBUG [40449] [] admin_no is 58
2021-12-13 12:12:53,267 DEBUG [40449] [] indexAction end
2021-12-13 12:12:53,267 DEBUG [40449] [] MenuController end
2021-12-13 12:12:53,268 DEBUG [40449] [] finally
2021-12-13 13:19:15,453 DEBUG [44279] [] Request URI : /eccadmin_dev/Login
2021-12-13 13:19:15,454 DEBUG [44279] [] LoginController start
2021-12-13 13:19:15,454 DEBUG [44279] [] controllers/LoginController.php: is exist
2021-12-13 13:19:15,454 DEBUG [44279] [] LoginForm: is exist
2021-12-13 13:19:15,454 DEBUG [44279] [] LoginForm: form value set 
2021-12-13 13:19:15,455 DEBUG [44279] [] ------------------------------/eccadmin_dev/Login
2021-12-13 13:19:15,455 DEBUG [44279] [] ------------------------------login_start_check
2021-12-13 13:19:15,455 DEBUG [44279] [] indexAction start
2021-12-13 13:19:15,548 DEBUG [44279] [] indexAction end
2021-12-13 13:19:15,549 DEBUG [44279] [] LoginController end
2021-12-13 13:19:15,549 DEBUG [44279] [] finally
2021-12-13 15:38:19,486 DEBUG [51010] [] Request URI : /eccadmin_dev/Login
2021-12-13 15:38:19,490 DEBUG [51010] [] LoginController start
2021-12-13 15:38:19,490 DEBUG [51010] [] controllers/LoginController.php: is exist
2021-12-13 15:38:19,490 DEBUG [51010] [] LoginForm: is exist
2021-12-13 15:38:19,491 DEBUG [51010] [] LoginForm: form value set 
2021-12-13 15:38:19,491 DEBUG [51010] [] ------------------------------/eccadmin_dev/Login
2021-12-13 15:38:19,491 DEBUG [51010] [] ------------------------------login_start_check
2021-12-13 15:38:19,491 DEBUG [51010] [] indexAction start
2021-12-13 15:38:19,568 DEBUG [51010] [] indexAction end
2021-12-13 15:38:19,568 DEBUG [51010] [] LoginController end
2021-12-13 15:38:19,568 DEBUG [51010] [] finally
2021-12-13 15:38:52,348 DEBUG [51069] [] Request URI : /eccadmin_dev/Login/login
2021-12-13 15:38:52,352 DEBUG [51069] [] LoginController start
2021-12-13 15:38:52,352 DEBUG [51069] [] controllers/LoginController.php: is exist
2021-12-13 15:38:52,353 DEBUG [51069] [] LoginForm: is exist
2021-12-13 15:38:52,353 DEBUG [51069] [] LoginForm: form value set 
2021-12-13 15:38:52,354 DEBUG [51069] [] ------------------------------/eccadmin_dev/Login/login
2021-12-13 15:38:52,354 DEBUG [51069] [] ------------------------------login_start_check
2021-12-13 15:38:52,354 DEBUG [51069] [] loginAction start
2021-12-13 15:38:52,650 DEBUG [51069] [] loginAction end
2021-12-13 15:38:52,650 DEBUG [51069] [] LoginController end
2021-12-13 15:38:52,651 DEBUG [51069] [] finally
2021-12-13 15:38:54,285 DEBUG [51070] [] Request URI : /eccadmin_dev/Menu
2021-12-13 15:38:54,289 DEBUG [51070] [] MenuController start
2021-12-13 15:38:54,289 DEBUG [51070] [] controllers/MenuController.php: is exist
2021-12-13 15:38:54,290 DEBUG [51070] [] MenuForm: is exist
2021-12-13 15:38:54,290 DEBUG [51070] [] MenuForm: form value set 
2021-12-13 15:38:54,291 DEBUG [51070] [] ------------------------------/eccadmin_dev/Menu
2021-12-13 15:38:54,291 DEBUG [51070] [] ------------------------------login_start_check
2021-12-13 15:38:54,291 DEBUG [51070] [] indexAction start
2021-12-13 15:38:54,291 DEBUG [51070] [] admin_no is 58
2021-12-13 15:38:54,395 DEBUG [51070] [] indexAction end
2021-12-13 15:38:54,395 DEBUG [51070] [] MenuController end
2021-12-13 15:38:54,395 DEBUG [51070] [] finally
2021-12-13 15:39:12,263 DEBUG [50926] [] Request URI : /eccadmin_dev/OrganizationList
2021-12-13 15:39:12,264 DEBUG [50926] [] OrganizationListController start
2021-12-13 15:39:12,295 DEBUG [50926] [] controllers/OrganizationListController.php: is exist
2021-12-13 15:39:12,325 DEBUG [50926] [] OrganizationListForm: is exist
2021-12-13 15:39:12,330 DEBUG [50926] [] OrganizationListForm: form value set 
2021-12-13 15:39:12,331 DEBUG [50926] [] ------------------------------/eccadmin_dev/OrganizationList
2021-12-13 15:39:12,331 DEBUG [50926] [] indexAction start
2021-12-13 15:39:12,331 DEBUG [50926] [] admin_no is 58
2021-12-13 15:39:12,461 DEBUG [50926] [] indexAction end
2021-12-13 15:39:12,461 DEBUG [50926] [] OrganizationListController end
2021-12-13 15:39:12,461 DEBUG [50926] [] finally
2021-12-13 15:39:54,629 DEBUG [50896] [] Request URI : /eccadmin_dev/OrganizationRegist/index
2021-12-13 15:39:54,629 DEBUG [50896] [] OrganizationRegistController start
2021-12-13 15:39:54,629 DEBUG [50896] [] controllers/OrganizationRegistController.php: is exist
2021-12-13 15:39:54,633 DEBUG [50896] [] OrganizationRegistForm: is exist
2021-12-13 15:39:54,633 DEBUG [50896] [] OrganizationRegistForm: form value set 
2021-12-13 15:39:54,633 DEBUG [50896] [] ------------------------------/eccadmin_dev/OrganizationRegist/index
2021-12-13 15:39:54,634 DEBUG [50896] [] ------------------------------session_check_true
2021-12-13 15:39:54,634 DEBUG [50896] [] indexAction start
2021-12-13 15:39:54,634 DEBUG [50896] [] admin_no is 58
2021-12-13 15:39:54,726 DEBUG [50896] [] indexAction end
2021-12-13 15:39:54,726 DEBUG [50896] [] OrganizationRegistController end
2021-12-13 15:39:54,726 DEBUG [50896] [] finally
2021-12-13 15:40:02,846 DEBUG [51018] [] Request URI : /eccadmin_dev/OrganizationRegist/index
2021-12-13 15:40:02,850 DEBUG [51018] [] OrganizationRegistController start
2021-12-13 15:40:02,850 DEBUG [51018] [] controllers/OrganizationRegistController.php: is exist
2021-12-13 15:40:02,854 DEBUG [51018] [] OrganizationRegistForm: is exist
2021-12-13 15:40:02,854 DEBUG [51018] [] OrganizationRegistForm: form value set 
2021-12-13 15:40:02,855 DEBUG [51018] [] ------------------------------/eccadmin_dev/OrganizationRegist/index
2021-12-13 15:40:02,855 DEBUG [51018] [] ------------------------------session_check_true
2021-12-13 15:40:02,855 DEBUG [51018] [] indexAction start
2021-12-13 15:40:02,855 DEBUG [51018] [] admin_no is 58
2021-12-13 15:40:02,967 DEBUG [51018] [] indexAction end
2021-12-13 15:40:02,967 DEBUG [51018] [] OrganizationRegistController end
2021-12-13 15:40:02,968 DEBUG [51018] [] finally
2021-12-13 15:40:07,630 DEBUG [51018] [] Request URI : /eccadmin_dev/OrganizationList
2021-12-13 15:40:07,630 DEBUG [51018] [] OrganizationListController start
2021-12-13 15:40:07,631 DEBUG [51018] [] controllers/OrganizationListController.php: is exist
2021-12-13 15:40:07,632 DEBUG [51018] [] OrganizationListForm: is exist
2021-12-13 15:40:07,632 DEBUG [51018] [] OrganizationListForm: form value set 
2021-12-13 15:40:07,633 DEBUG [51018] [] ------------------------------/eccadmin_dev/OrganizationList
2021-12-13 15:40:07,633 DEBUG [51018] [] indexAction start
2021-12-13 15:40:07,633 DEBUG [51018] [] admin_no is 58
2021-12-13 15:40:07,722 DEBUG [51018] [] indexAction end
2021-12-13 15:40:07,723 DEBUG [51018] [] OrganizationListController end
2021-12-13 15:40:07,723 DEBUG [51018] [] finally
2021-12-13 15:40:16,053 DEBUG [51011] [] Request URI : /eccadmin_dev/OrganizationRegist/index
2021-12-13 15:40:16,054 DEBUG [51011] [] OrganizationRegistController start
2021-12-13 15:40:16,054 DEBUG [51011] [] controllers/OrganizationRegistController.php: is exist
2021-12-13 15:40:16,057 DEBUG [51011] [] OrganizationRegistForm: is exist
2021-12-13 15:40:16,057 DEBUG [51011] [] OrganizationRegistForm: form value set 
2021-12-13 15:40:16,058 DEBUG [51011] [] ------------------------------/eccadmin_dev/OrganizationRegist/index
2021-12-13 15:40:16,058 DEBUG [51011] [] ------------------------------session_check_true
2021-12-13 15:40:16,058 DEBUG [51011] [] indexAction start
2021-12-13 15:40:16,058 DEBUG [51011] [] admin_no is 58
2021-12-13 15:40:16,155 DEBUG [51011] [] indexAction end
2021-12-13 15:40:16,155 DEBUG [51011] [] OrganizationRegistController end
2021-12-13 15:40:16,155 DEBUG [51011] [] finally
2021-12-13 15:41:11,646 DEBUG [51011] [] Request URI : /eccadmin_dev/Login
2021-12-13 15:41:11,647 DEBUG [51011] [] LoginController start
2021-12-13 15:41:11,647 DEBUG [51011] [] controllers/LoginController.php: is exist
2021-12-13 15:41:11,647 DEBUG [51011] [] LoginForm: is exist
2021-12-13 15:41:11,648 DEBUG [51011] [] LoginForm: form value set 
2021-12-13 15:41:11,648 DEBUG [51011] [] ------------------------------/eccadmin_dev/Login
2021-12-13 15:41:11,648 DEBUG [51011] [] ------------------------------login_start_check
2021-12-13 15:41:11,648 DEBUG [51011] [] indexAction start
2021-12-13 15:41:11,663 DEBUG [51011] [] indexAction end
2021-12-13 15:41:11,663 DEBUG [51011] [] LoginController end
2021-12-13 15:41:11,663 DEBUG [51011] [] finally
2021-12-13 15:41:38,256 DEBUG [50895] [] Request URI : /eccadmin_dev/Login
2021-12-13 15:41:38,257 DEBUG [50895] [] LoginController start
2021-12-13 15:41:38,257 DEBUG [50895] [] controllers/LoginController.php: is exist
2021-12-13 15:41:38,257 DEBUG [50895] [] LoginForm: is exist
2021-12-13 15:41:38,257 DEBUG [50895] [] LoginForm: form value set 
2021-12-13 15:41:38,258 DEBUG [50895] [] ------------------------------/eccadmin_dev/Login
2021-12-13 15:41:38,258 DEBUG [50895] [] ------------------------------login_start_check
2021-12-13 15:41:38,258 DEBUG [50895] [] indexAction start
2021-12-13 15:41:38,273 DEBUG [50895] [] indexAction end
2021-12-13 15:41:38,274 DEBUG [50895] [] LoginController end
2021-12-13 15:41:38,274 DEBUG [50895] [] finally
2021-12-13 15:54:08,262 DEBUG [51665] [] Request URI : /eccadmin_dev/Login
2021-12-13 15:54:08,263 DEBUG [51665] [] LoginController start
2021-12-13 15:54:08,263 DEBUG [51665] [] controllers/LoginController.php: is exist
2021-12-13 15:54:08,264 DEBUG [51665] [] LoginForm: is exist
2021-12-13 15:54:08,264 DEBUG [51665] [] LoginForm: form value set 
2021-12-13 15:54:08,264 DEBUG [51665] [] ------------------------------/eccadmin_dev/Login
2021-12-13 15:54:08,264 DEBUG [51665] [] ------------------------------login_start_check
2021-12-13 15:54:08,264 DEBUG [51665] [] indexAction start
2021-12-13 15:54:08,279 DEBUG [51665] [] indexAction end
2021-12-13 15:54:08,279 DEBUG [51665] [] LoginController end
2021-12-13 15:54:08,279 DEBUG [51665] [] finally
2021-12-13 15:54:14,230 DEBUG [51727] [] Request URI : /eccadmin_dev/Login/login
2021-12-13 15:54:14,230 DEBUG [51727] [] LoginController start
2021-12-13 15:54:14,230 DEBUG [51727] [] controllers/LoginController.php: is exist
2021-12-13 15:54:14,231 DEBUG [51727] [] LoginForm: is exist
2021-12-13 15:54:14,231 DEBUG [51727] [] LoginForm: form value set 
2021-12-13 15:54:14,231 DEBUG [51727] [] ------------------------------/eccadmin_dev/Login/login
2021-12-13 15:54:14,231 DEBUG [51727] [] ------------------------------login_start_check
2021-12-13 15:54:14,231 DEBUG [51727] [] loginAction start
2021-12-13 15:54:14,528 DEBUG [51727] [] loginAction end
2021-12-13 15:54:14,528 DEBUG [51727] [] LoginController end
2021-12-13 15:54:14,529 DEBUG [51727] [] finally
2021-12-13 15:54:14,549 DEBUG [51727] [] Request URI : /eccadmin_dev/Menu
2021-12-13 15:54:14,549 DEBUG [51727] [] MenuController start
2021-12-13 15:54:14,549 DEBUG [51727] [] controllers/MenuController.php: is exist
2021-12-13 15:54:14,549 DEBUG [51727] [] MenuForm: is exist
2021-12-13 15:54:14,549 DEBUG [51727] [] MenuForm: form value set 
2021-12-13 15:54:14,550 DEBUG [51727] [] ------------------------------/eccadmin_dev/Menu
2021-12-13 15:54:14,550 DEBUG [51727] [] ------------------------------login_start_check
2021-12-13 15:54:14,550 DEBUG [51727] [] indexAction start
2021-12-13 15:54:14,550 DEBUG [51727] [] admin_no is 1
2021-12-13 15:54:14,575 DEBUG [51727] [] indexAction end
2021-12-13 15:54:14,575 DEBUG [51727] [] MenuController end
2021-12-13 15:54:14,575 DEBUG [51727] [] finally
2021-12-13 15:54:18,839 DEBUG [51727] [] Request URI : /eccadmin_dev/WordBookList
2021-12-13 15:54:18,840 DEBUG [51727] [] WordBookListController start
2021-12-13 15:54:18,840 DEBUG [51727] [] controllers/WordBookListController.php: is exist
2021-12-13 15:54:18,841 DEBUG [51727] [] 1
2021-12-13 15:54:18,841 DEBUG [51727] [] 2
2021-12-13 15:54:18,841 DEBUG [51727] [] 3
2021-12-13 15:54:18,842 DEBUG [51727] [] 4
2021-12-13 15:54:18,842 DEBUG [51727] [] WordBookListForm: is exist
2021-12-13 15:54:18,843 DEBUG [51727] [] WordBookListForm: form value set 
2021-12-13 15:54:18,843 DEBUG [51727] [] ------------------------------/eccadmin_dev/WordBookList
2021-12-13 15:54:18,843 DEBUG [51727] [] indexAction start
2021-12-13 15:54:18,843 DEBUG [51727] [] admin_no is 1
2021-12-13 15:54:18,915 DEBUG [51727] [] indexAction end
2021-12-13 15:54:18,915 DEBUG [51727] [] WordBookListController end
2021-12-13 15:54:18,916 DEBUG [51727] [] finally
2021-12-13 15:54:24,097 DEBUG [51811] [] Request URI : /eccadmin_dev/WordBookRegist/index
2021-12-13 15:54:24,101 DEBUG [51811] [] WordBookRegistController start
2021-12-13 15:54:24,101 DEBUG [51811] [] controllers/WordBookRegistController.php: is not exist
2021-12-13 15:54:24,101 DEBUG [51811] [] finally
2021-12-13 15:54:24,127 DEBUG [51811] [] Request URI : /eccadmin_dev/Error/disp
2021-12-13 15:54:24,128 DEBUG [51811] [] ErrorController start
2021-12-13 15:54:24,128 DEBUG [51811] [] controllers/ErrorController.php: is exist
2021-12-13 15:54:24,128 DEBUG [51811] [] ErrorForm: is exist
2021-12-13 15:54:24,128 DEBUG [51811] [] ErrorForm: form value set 
2021-12-13 15:54:24,129 DEBUG [51811] [] ------------------------------/eccadmin_dev/Error/disp
2021-12-13 15:54:24,129 DEBUG [51811] [] ------------------------------login_start_check
2021-12-13 15:54:24,129 DEBUG [51811] [] dispAction start
2021-12-13 15:54:24,148 DEBUG [51811] [] dispAction end
2021-12-13 15:54:24,148 DEBUG [51811] [] ErrorController end
2021-12-13 15:54:24,149 DEBUG [51811] [] finally
2021-12-13 15:54:25,510 DEBUG [51811] [] Request URI : /eccadmin_dev/Login
2021-12-13 15:54:25,511 DEBUG [51811] [] LoginController start
2021-12-13 15:54:25,511 DEBUG [51811] [] controllers/LoginController.php: is exist
2021-12-13 15:54:25,511 DEBUG [51811] [] LoginForm: is exist
2021-12-13 15:54:25,511 DEBUG [51811] [] LoginForm: form value set 
2021-12-13 15:54:25,512 DEBUG [51811] [] ------------------------------/eccadmin_dev/Login
2021-12-13 15:54:25,512 DEBUG [51811] [] ------------------------------login_start_check
2021-12-13 15:54:25,512 DEBUG [51811] [] indexAction start
2021-12-13 15:54:25,527 DEBUG [51811] [] indexAction end
2021-12-13 15:54:25,527 DEBUG [51811] [] LoginController end
2021-12-13 15:54:25,528 DEBUG [51811] [] finally
2021-12-13 15:54:31,954 DEBUG [51750] [] Request URI : /eccadmin_dev/Login/login
2021-12-13 15:54:31,955 DEBUG [51750] [] LoginController start
2021-12-13 15:54:31,955 DEBUG [51750] [] controllers/LoginController.php: is exist
2021-12-13 15:54:31,955 DEBUG [51750] [] LoginForm: is exist
2021-12-13 15:54:31,955 DEBUG [51750] [] LoginForm: form value set 
2021-12-13 15:54:31,956 DEBUG [51750] [] ------------------------------/eccadmin_dev/Login/login
2021-12-13 15:54:31,956 DEBUG [51750] [] ------------------------------login_start_check
2021-12-13 15:54:31,956 DEBUG [51750] [] loginAction start
2021-12-13 15:54:32,252 DEBUG [51750] [] loginAction end
2021-12-13 15:54:32,252 DEBUG [51750] [] LoginController end
2021-12-13 15:54:32,252 DEBUG [51750] [] finally
2021-12-13 15:54:32,277 DEBUG [51750] [] Request URI : /eccadmin_dev/Menu
2021-12-13 15:54:32,278 DEBUG [51750] [] MenuController start
2021-12-13 15:54:32,278 DEBUG [51750] [] controllers/MenuController.php: is exist
2021-12-13 15:54:32,278 DEBUG [51750] [] MenuForm: is exist
2021-12-13 15:54:32,278 DEBUG [51750] [] MenuForm: form value set 
2021-12-13 15:54:32,278 DEBUG [51750] [] ------------------------------/eccadmin_dev/Menu
2021-12-13 15:54:32,279 DEBUG [51750] [] ------------------------------login_start_check
2021-12-13 15:54:32,279 DEBUG [51750] [] indexAction start
2021-12-13 15:54:32,279 DEBUG [51750] [] admin_no is 1
2021-12-13 15:54:32,326 DEBUG [51750] [] indexAction end
2021-12-13 15:54:32,326 DEBUG [51750] [] MenuController end
2021-12-13 15:54:32,326 DEBUG [51750] [] finally
2021-12-13 15:54:35,717 DEBUG [51750] [] Request URI : /eccadmin_dev/WordBookList
2021-12-13 15:54:35,718 DEBUG [51750] [] WordBookListController start
2021-12-13 15:54:35,718 DEBUG [51750] [] controllers/WordBookListController.php: is exist
2021-12-13 15:54:35,718 DEBUG [51750] [] 1
2021-12-13 15:54:35,719 DEBUG [51750] [] 2
2021-12-13 15:54:35,719 DEBUG [51750] [] 3
2021-12-13 15:54:35,720 DEBUG [51750] [] 4
2021-12-13 15:54:35,720 DEBUG [51750] [] WordBookListForm: is exist
2021-12-13 15:54:35,720 DEBUG [51750] [] WordBookListForm: form value set 
2021-12-13 15:54:35,721 DEBUG [51750] [] ------------------------------/eccadmin_dev/WordBookList
2021-12-13 15:54:35,721 DEBUG [51750] [] indexAction start
2021-12-13 15:54:35,721 DEBUG [51750] [] admin_no is 1
2021-12-13 15:54:35,784 DEBUG [51750] [] indexAction end
2021-12-13 15:54:35,784 DEBUG [51750] [] WordBookListController end
2021-12-13 15:54:35,784 DEBUG [51750] [] finally
2021-12-13 15:54:36,517 DEBUG [51750] [] Request URI : /eccadmin_dev/WordBookRegist
2021-12-13 15:54:36,517 DEBUG [51750] [] WordBookRegistController start
2021-12-13 15:54:36,517 DEBUG [51750] [] controllers/WordBookRegistController.php: is not exist
2021-12-13 15:54:36,517 DEBUG [51750] [] finally
2021-12-13 15:54:36,539 DEBUG [51750] [] Request URI : /eccadmin_dev/Error/disp
2021-12-13 15:54:36,539 DEBUG [51750] [] ErrorController start
2021-12-13 15:54:36,539 DEBUG [51750] [] controllers/ErrorController.php: is exist
2021-12-13 15:54:36,539 DEBUG [51750] [] ErrorForm: is exist
2021-12-13 15:54:36,540 DEBUG [51750] [] ErrorForm: form value set 
2021-12-13 15:54:36,540 DEBUG [51750] [] ------------------------------/eccadmin_dev/Error/disp
2021-12-13 15:54:36,540 DEBUG [51750] [] ------------------------------login_start_check
2021-12-13 15:54:36,540 DEBUG [51750] [] dispAction start
2021-12-13 15:54:36,553 DEBUG [51750] [] dispAction end
2021-12-13 15:54:36,553 DEBUG [51750] [] ErrorController end
2021-12-13 15:54:36,553 DEBUG [51750] [] finally
2021-12-13 15:54:37,971 DEBUG [51750] [] Request URI : /eccadmin_dev/Login
2021-12-13 15:54:37,972 DEBUG [51750] [] LoginController start
2021-12-13 15:54:37,972 DEBUG [51750] [] controllers/LoginController.php: is exist
2021-12-13 15:54:37,972 DEBUG [51750] [] LoginForm: is exist
2021-12-13 15:54:37,972 DEBUG [51750] [] LoginForm: form value set 
2021-12-13 15:54:37,973 DEBUG [51750] [] ------------------------------/eccadmin_dev/Login
2021-12-13 15:54:37,973 DEBUG [51750] [] ------------------------------login_start_check
2021-12-13 15:54:37,973 DEBUG [51750] [] indexAction start
2021-12-13 15:54:37,988 DEBUG [51750] [] indexAction end
2021-12-13 15:54:37,988 DEBUG [51750] [] LoginController end
2021-12-13 15:54:37,988 DEBUG [51750] [] finally
2021-12-13 16:13:33,018 DEBUG [52176] [] Request URI : /eccadmin_dev/Login/login
2021-12-13 16:13:33,019 DEBUG [52176] [] LoginController start
2021-12-13 16:13:33,019 DEBUG [52176] [] controllers/LoginController.php: is exist
2021-12-13 16:13:33,019 DEBUG [52176] [] LoginForm: is exist
2021-12-13 16:13:33,019 DEBUG [52176] [] LoginForm: form value set 
2021-12-13 16:13:33,020 DEBUG [52176] [] ------------------------------/eccadmin_dev/Login/login
2021-12-13 16:13:33,020 DEBUG [52176] [] ------------------------------login_start_check
2021-12-13 16:13:33,020 DEBUG [52176] [] loginAction start
2021-12-13 16:13:33,317 DEBUG [52176] [] loginAction end
2021-12-13 16:13:33,317 DEBUG [52176] [] LoginController end
2021-12-13 16:13:33,317 DEBUG [52176] [] finally
2021-12-13 16:13:40,448 DEBUG [52710] [] Request URI : /eccadmin_dev/Login/login
2021-12-13 16:13:40,449 DEBUG [52710] [] LoginController start
2021-12-13 16:13:40,449 DEBUG [52710] [] controllers/LoginController.php: is exist
2021-12-13 16:13:40,449 DEBUG [52710] [] LoginForm: is exist
2021-12-13 16:13:40,449 DEBUG [52710] [] LoginForm: form value set 
2021-12-13 16:13:40,450 DEBUG [52710] [] ------------------------------/eccadmin_dev/Login/login
2021-12-13 16:13:40,450 DEBUG [52710] [] ------------------------------login_start_check
2021-12-13 16:13:40,450 DEBUG [52710] [] loginAction start
2021-12-13 16:13:40,754 DEBUG [52710] [] loginAction end
2021-12-13 16:13:40,754 DEBUG [52710] [] LoginController end
2021-12-13 16:13:40,754 DEBUG [52710] [] finally
2021-12-13 16:13:40,926 DEBUG [52622] [] Request URI : /eccadmin_dev/Menu
2021-12-13 16:13:40,926 DEBUG [52622] [] MenuController start
2021-12-13 16:13:40,926 DEBUG [52622] [] controllers/MenuController.php: is exist
2021-12-13 16:13:40,927 DEBUG [52622] [] MenuForm: is exist
2021-12-13 16:13:40,927 DEBUG [52622] [] MenuForm: form value set 
2021-12-13 16:13:40,927 DEBUG [52622] [] ------------------------------/eccadmin_dev/Menu
2021-12-13 16:13:40,927 DEBUG [52622] [] ------------------------------login_start_check
2021-12-13 16:13:40,928 DEBUG [52622] [] indexAction start
2021-12-13 16:13:40,928 DEBUG [52622] [] admin_no is 58
2021-12-13 16:13:40,977 DEBUG [52622] [] indexAction end
2021-12-13 16:13:40,978 DEBUG [52622] [] MenuController end
2021-12-13 16:13:40,978 DEBUG [52622] [] finally
2021-12-13 16:13:45,368 DEBUG [52622] [] Request URI : /eccadmin_dev/OrganizationList
2021-12-13 16:13:45,368 DEBUG [52622] [] OrganizationListController start
2021-12-13 16:13:45,369 DEBUG [52622] [] controllers/OrganizationListController.php: is exist
2021-12-13 16:13:45,370 DEBUG [52622] [] OrganizationListForm: is exist
2021-12-13 16:13:45,371 DEBUG [52622] [] OrganizationListForm: form value set 
2021-12-13 16:13:45,371 DEBUG [52622] [] ------------------------------/eccadmin_dev/OrganizationList
2021-12-13 16:13:45,371 DEBUG [52622] [] indexAction start
2021-12-13 16:13:45,372 DEBUG [52622] [] admin_no is 58
2021-12-13 16:13:45,465 DEBUG [52622] [] indexAction end
2021-12-13 16:13:45,466 DEBUG [52622] [] OrganizationListController end
2021-12-13 16:13:45,466 DEBUG [52622] [] finally
2021-12-13 16:13:55,891 DEBUG [52784] [] Request URI : /eccadmin_dev/OrganizationList/search
2021-12-13 16:13:55,895 DEBUG [52784] [] OrganizationListController start
2021-12-13 16:13:55,895 DEBUG [52784] [] controllers/OrganizationListController.php: is exist
2021-12-13 16:13:55,897 DEBUG [52784] [] OrganizationListForm: is exist
2021-12-13 16:13:55,897 DEBUG [52784] [] OrganizationListForm: form value set 
2021-12-13 16:13:55,898 DEBUG [52784] [] ------------------------------/eccadmin_dev/OrganizationList/search
2021-12-13 16:13:55,898 DEBUG [52784] [] searchAction start
2021-12-13 16:13:55,898 DEBUG [52784] [] admin_no is 58
2021-12-13 16:13:55,994 DEBUG [52784] [] searchAction end
2021-12-13 16:13:55,994 DEBUG [52784] [] OrganizationListController end
2021-12-13 16:13:55,994 DEBUG [52784] [] finally
2021-12-13 16:13:58,945 DEBUG [52784] [] Request URI : /eccadmin_dev/OrganizationList/search
2021-12-13 16:13:58,945 DEBUG [52784] [] OrganizationListController start
2021-12-13 16:13:58,946 DEBUG [52784] [] controllers/OrganizationListController.php: is exist
2021-12-13 16:13:58,947 DEBUG [52784] [] OrganizationListForm: is exist
2021-12-13 16:13:58,947 DEBUG [52784] [] OrganizationListForm: form value set 
2021-12-13 16:13:58,948 DEBUG [52784] [] ------------------------------/eccadmin_dev/OrganizationList/search
2021-12-13 16:13:58,948 DEBUG [52784] [] searchAction start
2021-12-13 16:13:58,948 DEBUG [52784] [] admin_no is 58
2021-12-13 16:13:59,035 DEBUG [52784] [] searchAction end
2021-12-13 16:13:59,035 DEBUG [52784] [] OrganizationListController end
2021-12-13 16:13:59,035 DEBUG [52784] [] finally
2021-12-13 16:14:04,955 DEBUG [52730] [] Request URI : /eccadmin_dev/OrganizationList/search
2021-12-13 16:14:04,956 DEBUG [52730] [] OrganizationListController start
2021-12-13 16:14:04,956 DEBUG [52730] [] controllers/OrganizationListController.php: is exist
2021-12-13 16:14:04,957 DEBUG [52730] [] OrganizationListForm: is exist
2021-12-13 16:14:04,958 DEBUG [52730] [] OrganizationListForm: form value set 
2021-12-13 16:14:04,958 DEBUG [52730] [] ------------------------------/eccadmin_dev/OrganizationList/search
2021-12-13 16:14:04,958 DEBUG [52730] [] searchAction start
2021-12-13 16:14:04,959 DEBUG [52730] [] admin_no is 58
2021-12-13 16:14:05,045 DEBUG [52730] [] searchAction end
2021-12-13 16:14:05,045 DEBUG [52730] [] OrganizationListController end
2021-12-13 16:14:05,045 DEBUG [52730] [] finally
2021-12-13 16:14:12,206 DEBUG [52343] [] Request URI : /eccadmin_dev/OrganizationRegist/index
2021-12-13 16:14:12,206 DEBUG [52343] [] OrganizationRegistController start
2021-12-13 16:14:12,207 DEBUG [52343] [] controllers/OrganizationRegistController.php: is exist
2021-12-13 16:14:12,209 DEBUG [52343] [] OrganizationRegistForm: is exist
2021-12-13 16:14:12,210 DEBUG [52343] [] OrganizationRegistForm: form value set 
2021-12-13 16:14:12,210 DEBUG [52343] [] ------------------------------/eccadmin_dev/OrganizationRegist/index
2021-12-13 16:14:12,210 DEBUG [52343] [] ------------------------------session_check_true
2021-12-13 16:14:12,210 DEBUG [52343] [] indexAction start
2021-12-13 16:14:12,211 DEBUG [52343] [] admin_no is 58
2021-12-13 16:14:12,304 DEBUG [52343] [] indexAction end
2021-12-13 16:14:12,305 DEBUG [52343] [] OrganizationRegistController end
2021-12-13 16:14:12,305 DEBUG [52343] [] finally
2021-12-13 16:14:22,925 DEBUG [52549] [] Request URI : /eccadmin_dev/OrganizationRegist/back
2021-12-13 16:14:22,926 DEBUG [52549] [] OrganizationRegistController start
2021-12-13 16:14:22,926 DEBUG [52549] [] controllers/OrganizationRegistController.php: is exist
2021-12-13 16:14:22,928 DEBUG [52549] [] OrganizationRegistForm: is exist
2021-12-13 16:14:22,929 DEBUG [52549] [] OrganizationRegistForm: form value set 
2021-12-13 16:14:22,929 DEBUG [52549] [] ------------------------------/eccadmin_dev/OrganizationRegist/back
2021-12-13 16:14:22,929 DEBUG [52549] [] ------------------------------session_check_true
2021-12-13 16:14:22,929 DEBUG [52549] [] backAction start
2021-12-13 16:14:22,930 DEBUG [52549] [] admin_no is 58
2021-12-13 16:14:22,930 DEBUG [52549] [] backAction end
2021-12-13 16:14:22,930 DEBUG [52549] [] OrganizationRegistController end
2021-12-13 16:14:22,930 DEBUG [52549] [] finally
2021-12-13 16:14:23,057 DEBUG [52549] [] Request URI : /eccadmin_dev/OrganizationList/search
2021-12-13 16:14:23,057 DEBUG [52549] [] OrganizationListController start
2021-12-13 16:14:23,057 DEBUG [52549] [] controllers/OrganizationListController.php: is exist
2021-12-13 16:14:23,059 DEBUG [52549] [] OrganizationListForm: is exist
2021-12-13 16:14:23,059 DEBUG [52549] [] OrganizationListForm: form value set 
2021-12-13 16:14:23,060 DEBUG [52549] [] ------------------------------/eccadmin_dev/OrganizationList/search
2021-12-13 16:14:23,060 DEBUG [52549] [] searchAction start
2021-12-13 16:14:23,060 DEBUG [52549] [] admin_no is 58
2021-12-13 16:14:23,157 DEBUG [52549] [] searchAction end
2021-12-13 16:14:23,157 DEBUG [52549] [] OrganizationListController end
2021-12-13 16:14:23,157 DEBUG [52549] [] finally
2021-12-13 16:14:27,275 DEBUG [52549] [] Request URI : /eccadmin_dev/OrganizationRegist/index
2021-12-13 16:14:27,275 DEBUG [52549] [] OrganizationRegistController start
2021-12-13 16:14:27,276 DEBUG [52549] [] controllers/OrganizationRegistController.php: is exist
2021-12-13 16:14:27,278 DEBUG [52549] [] OrganizationRegistForm: is exist
2021-12-13 16:14:27,279 DEBUG [52549] [] OrganizationRegistForm: form value set 
2021-12-13 16:14:27,279 DEBUG [52549] [] ------------------------------/eccadmin_dev/OrganizationRegist/index
2021-12-13 16:14:27,279 DEBUG [52549] [] ------------------------------session_check_true
2021-12-13 16:14:27,279 DEBUG [52549] [] indexAction start
2021-12-13 16:14:27,280 DEBUG [52549] [] admin_no is 58
2021-12-13 16:14:27,372 DEBUG [52549] [] indexAction end
2021-12-13 16:14:27,372 DEBUG [52549] [] OrganizationRegistController end
2021-12-13 16:14:27,372 DEBUG [52549] [] finally
2021-12-13 16:14:30,718 DEBUG [52549] [] Request URI : /eccadmin_dev/OrganizationRegist/back
2021-12-13 16:14:30,719 DEBUG [52549] [] OrganizationRegistController start
2021-12-13 16:14:30,719 DEBUG [52549] [] controllers/OrganizationRegistController.php: is exist
2021-12-13 16:14:30,721 DEBUG [52549] [] OrganizationRegistForm: is exist
2021-12-13 16:14:30,722 DEBUG [52549] [] OrganizationRegistForm: form value set 
2021-12-13 16:14:30,722 DEBUG [52549] [] ------------------------------/eccadmin_dev/OrganizationRegist/back
2021-12-13 16:14:30,723 DEBUG [52549] [] ------------------------------session_check_true
2021-12-13 16:14:30,723 DEBUG [52549] [] backAction start
2021-12-13 16:14:30,723 DEBUG [52549] [] admin_no is 58
2021-12-13 16:14:30,723 DEBUG [52549] [] backAction end
2021-12-13 16:14:30,723 DEBUG [52549] [] OrganizationRegistController end
2021-12-13 16:14:30,723 DEBUG [52549] [] finally
2021-12-13 16:14:31,167 DEBUG [52549] [] Request URI : /eccadmin_dev/OrganizationList/search
2021-12-13 16:14:31,168 DEBUG [52549] [] OrganizationListController start
2021-12-13 16:14:31,168 DEBUG [52549] [] controllers/OrganizationListController.php: is exist
2021-12-13 16:14:31,169 DEBUG [52549] [] OrganizationListForm: is exist
2021-12-13 16:14:31,170 DEBUG [52549] [] OrganizationListForm: form value set 
2021-12-13 16:14:31,170 DEBUG [52549] [] ------------------------------/eccadmin_dev/OrganizationList/search
2021-12-13 16:14:31,170 DEBUG [52549] [] searchAction start
2021-12-13 16:14:31,170 DEBUG [52549] [] admin_no is 58
2021-12-13 16:14:31,265 DEBUG [52549] [] searchAction end
2021-12-13 16:14:31,265 DEBUG [52549] [] OrganizationListController end
2021-12-13 16:14:31,265 DEBUG [52549] [] finally
2021-12-13 16:14:38,565 DEBUG [52574] [] Request URI : /eccadmin_dev/OrganizationList/search
2021-12-13 16:14:38,566 DEBUG [52574] [] OrganizationListController start
2021-12-13 16:14:38,566 DEBUG [52574] [] controllers/OrganizationListController.php: is exist
2021-12-13 16:14:38,568 DEBUG [52574] [] OrganizationListForm: is exist
2021-12-13 16:14:38,568 DEBUG [52574] [] OrganizationListForm: form value set 
2021-12-13 16:14:38,569 DEBUG [52574] [] ------------------------------/eccadmin_dev/OrganizationList/search
2021-12-13 16:14:38,569 DEBUG [52574] [] searchAction start
2021-12-13 16:14:38,569 DEBUG [52574] [] admin_no is 58
2021-12-13 16:14:38,666 DEBUG [52574] [] searchAction end
2021-12-13 16:14:38,666 DEBUG [52574] [] OrganizationListController end
2021-12-13 16:14:38,666 DEBUG [52574] [] finally
2021-12-13 16:14:42,568 DEBUG [52574] [] Request URI : /eccadmin_dev/OrganizationRegist/index
2021-12-13 16:14:42,568 DEBUG [52574] [] OrganizationRegistController start
2021-12-13 16:14:42,569 DEBUG [52574] [] controllers/OrganizationRegistController.php: is exist
2021-12-13 16:14:42,571 DEBUG [52574] [] OrganizationRegistForm: is exist
2021-12-13 16:14:42,572 DEBUG [52574] [] OrganizationRegistForm: form value set 
2021-12-13 16:14:42,572 DEBUG [52574] [] ------------------------------/eccadmin_dev/OrganizationRegist/index
2021-12-13 16:14:42,572 DEBUG [52574] [] ------------------------------session_check_true
2021-12-13 16:14:42,573 DEBUG [52574] [] indexAction start
2021-12-13 16:14:42,573 DEBUG [52574] [] admin_no is 58
2021-12-13 16:14:42,662 DEBUG [52574] [] indexAction end
2021-12-13 16:14:42,662 DEBUG [52574] [] OrganizationRegistController end
2021-12-13 16:14:42,662 DEBUG [52574] [] finally
2021-12-13 16:15:25,328 DEBUG [51809] [] Request URI : /eccadmin_dev/OrganizationRegist/save
2021-12-13 16:15:25,329 DEBUG [51809] [] OrganizationRegistController start
2021-12-13 16:15:25,329 DEBUG [51809] [] controllers/OrganizationRegistController.php: is exist
2021-12-13 16:15:25,332 DEBUG [51809] [] OrganizationRegistForm: is exist
2021-12-13 16:15:25,332 DEBUG [51809] [] OrganizationRegistForm: form value set 
2021-12-13 16:15:25,333 DEBUG [51809] [] ------------------------------/eccadmin_dev/OrganizationRegist/save
2021-12-13 16:15:25,333 DEBUG [51809] [] ------------------------------session_check_true
2021-12-13 16:15:25,333 DEBUG [51809] [] saveAction start
2021-12-13 16:15:25,333 DEBUG [51809] [] admin_no is 58
2021-12-13 16:15:25,425 DEBUG [51809] [] saveAction end
2021-12-13 16:15:25,425 DEBUG [51809] [] OrganizationRegistController end
2021-12-13 16:15:25,425 DEBUG [51809] [] finally
2021-12-13 16:17:38,327 DEBUG [52549] [] Request URI : /eccadmin_dev/OrganizationRegist/back
2021-12-13 16:17:38,328 DEBUG [52549] [] OrganizationRegistController start
2021-12-13 16:17:38,328 DEBUG [52549] [] controllers/OrganizationRegistController.php: is exist
2021-12-13 16:17:38,331 DEBUG [52549] [] OrganizationRegistForm: is exist
2021-12-13 16:17:38,331 DEBUG [52549] [] OrganizationRegistForm: form value set 
2021-12-13 16:17:38,332 DEBUG [52549] [] ------------------------------/eccadmin_dev/OrganizationRegist/back
2021-12-13 16:17:38,332 DEBUG [52549] [] ------------------------------session_check_false:uid=4ee80317535277b23269d057d0044539-----&-----f08ea8a0ca08b5a134673e8a2532e25f
2021-12-13 16:17:38,332 DEBUG [52549] [] backAction start
2021-12-13 16:17:38,332 DEBUG [52549] [] admin_no is 
2021-12-13 16:17:38,332 DEBUG [52549] [] backAction end
2021-12-13 16:17:38,332 DEBUG [52549] [] OrganizationRegistController end
2021-12-13 16:17:38,333 DEBUG [52549] [] finally
2021-12-13 16:17:38,795 DEBUG [52549] [] Request URI : /eccadmin_dev/Error/disp
2021-12-13 16:17:38,795 DEBUG [52549] [] ErrorController start
2021-12-13 16:17:38,796 DEBUG [52549] [] controllers/ErrorController.php: is exist
2021-12-13 16:17:38,796 DEBUG [52549] [] ErrorForm: is exist
2021-12-13 16:17:38,796 DEBUG [52549] [] ErrorForm: form value set 
2021-12-13 16:17:38,796 DEBUG [52549] [] ------------------------------/eccadmin_dev/Error/disp
2021-12-13 16:17:38,797 DEBUG [52549] [] ------------------------------login_start_check
2021-12-13 16:17:38,797 DEBUG [52549] [] dispAction start
2021-12-13 16:17:38,808 DEBUG [52549] [] dispAction end
2021-12-13 16:17:38,808 DEBUG [52549] [] ErrorController end
2021-12-13 16:17:38,808 DEBUG [52549] [] finally
2021-12-13 16:18:05,936 DEBUG [52784] [] Request URI : /eccadmin_dev/Login
2021-12-13 16:18:05,936 DEBUG [52784] [] LoginController start
2021-12-13 16:18:05,936 DEBUG [52784] [] controllers/LoginController.php: is exist
2021-12-13 16:18:05,937 DEBUG [52784] [] LoginForm: is exist
2021-12-13 16:18:05,937 DEBUG [52784] [] LoginForm: form value set 
2021-12-13 16:18:05,937 DEBUG [52784] [] ------------------------------/eccadmin_dev/Login
2021-12-13 16:18:05,937 DEBUG [52784] [] ------------------------------login_start_check
2021-12-13 16:18:05,937 DEBUG [52784] [] indexAction start
2021-12-13 16:18:05,952 DEBUG [52784] [] indexAction end
2021-12-13 16:18:05,953 DEBUG [52784] [] LoginController end
2021-12-13 16:18:05,953 DEBUG [52784] [] finally
2021-12-13 16:18:17,068 DEBUG [52913] [] Request URI : /eccadmin_dev/Login/login
2021-12-13 16:18:17,072 DEBUG [52913] [] LoginController start
2021-12-13 16:18:17,072 DEBUG [52913] [] controllers/LoginController.php: is exist
2021-12-13 16:18:17,073 DEBUG [52913] [] LoginForm: is exist
2021-12-13 16:18:17,073 DEBUG [52913] [] LoginForm: form value set 
2021-12-13 16:18:17,074 DEBUG [52913] [] ------------------------------/eccadmin_dev/Login/login
2021-12-13 16:18:17,074 DEBUG [52913] [] ------------------------------login_start_check
2021-12-13 16:18:17,074 DEBUG [52913] [] loginAction start
2021-12-13 16:18:17,386 DEBUG [52913] [] loginAction end
2021-12-13 16:18:17,386 DEBUG [52913] [] LoginController end
2021-12-13 16:18:17,386 DEBUG [52913] [] finally
2021-12-13 16:18:18,717 DEBUG [52913] [] Request URI : /eccadmin_dev/Menu
2021-12-13 16:18:18,718 DEBUG [52913] [] MenuController start
2021-12-13 16:18:18,718 DEBUG [52913] [] controllers/MenuController.php: is exist
2021-12-13 16:18:18,718 DEBUG [52913] [] MenuForm: is exist
2021-12-13 16:18:18,718 DEBUG [52913] [] MenuForm: form value set 
2021-12-13 16:18:18,719 DEBUG [52913] [] ------------------------------/eccadmin_dev/Menu
2021-12-13 16:18:18,719 DEBUG [52913] [] ------------------------------login_start_check
2021-12-13 16:18:18,719 DEBUG [52913] [] indexAction start
2021-12-13 16:18:18,719 DEBUG [52913] [] admin_no is 58
2021-12-13 16:18:18,769 DEBUG [52913] [] indexAction end
2021-12-13 16:18:18,769 DEBUG [52913] [] MenuController end
2021-12-13 16:18:18,769 DEBUG [52913] [] finally
2021-12-13 16:18:23,989 DEBUG [52919] [] Request URI : /eccadmin_dev/OrganizationList
2021-12-13 16:18:23,993 DEBUG [52919] [] OrganizationListController start
2021-12-13 16:18:23,993 DEBUG [52919] [] controllers/OrganizationListController.php: is exist
2021-12-13 16:18:23,996 DEBUG [52919] [] OrganizationListForm: is exist
2021-12-13 16:18:23,996 DEBUG [52919] [] OrganizationListForm: form value set 
2021-12-13 16:18:23,997 DEBUG [52919] [] ------------------------------/eccadmin_dev/OrganizationList
2021-12-13 16:18:23,997 DEBUG [52919] [] indexAction start
2021-12-13 16:18:23,997 DEBUG [52919] [] admin_no is 58
2021-12-13 16:18:24,096 DEBUG [52919] [] indexAction end
2021-12-13 16:18:24,096 DEBUG [52919] [] OrganizationListController end
2021-12-13 16:18:24,096 DEBUG [52919] [] finally
2021-12-13 16:18:31,018 DEBUG [52928] [] Request URI : /eccadmin_dev/OrganizationList/search
2021-12-13 16:18:31,019 DEBUG [52928] [] OrganizationListController start
2021-12-13 16:18:31,019 DEBUG [52928] [] controllers/OrganizationListController.php: is exist
2021-12-13 16:18:31,021 DEBUG [52928] [] OrganizationListForm: is exist
2021-12-13 16:18:31,021 DEBUG [52928] [] OrganizationListForm: form value set 
2021-12-13 16:18:31,022 DEBUG [52928] [] ------------------------------/eccadmin_dev/OrganizationList/search
2021-12-13 16:18:31,022 DEBUG [52928] [] searchAction start
2021-12-13 16:18:31,022 DEBUG [52928] [] admin_no is 58
2021-12-13 16:18:31,118 DEBUG [52928] [] searchAction end
2021-12-13 16:18:31,118 DEBUG [52928] [] OrganizationListController end
2021-12-13 16:18:31,118 DEBUG [52928] [] finally
2021-12-13 16:18:41,412 DEBUG [52710] [] Request URI : /eccadmin_dev/OrganizationRegist/index
2021-12-13 16:18:41,413 DEBUG [52710] [] OrganizationRegistController start
2021-12-13 16:18:41,413 DEBUG [52710] [] controllers/OrganizationRegistController.php: is exist
2021-12-13 16:18:41,416 DEBUG [52710] [] OrganizationRegistForm: is exist
2021-12-13 16:18:41,416 DEBUG [52710] [] OrganizationRegistForm: form value set 
2021-12-13 16:18:41,416 DEBUG [52710] [] ------------------------------/eccadmin_dev/OrganizationRegist/index
2021-12-13 16:18:41,417 DEBUG [52710] [] ------------------------------session_check_true
2021-12-13 16:18:41,417 DEBUG [52710] [] indexAction start
2021-12-13 16:18:41,417 DEBUG [52710] [] admin_no is 58
2021-12-13 16:18:41,508 DEBUG [52710] [] indexAction end
2021-12-13 16:18:41,508 DEBUG [52710] [] OrganizationRegistController end
2021-12-13 16:18:41,508 DEBUG [52710] [] finally
2021-12-13 17:40:59,214 DEBUG [55680] [] Request URI : /eccadmin_dev/Menu
2021-12-13 17:40:59,215 DEBUG [55680] [] MenuController start
2021-12-13 17:40:59,215 DEBUG [55680] [] controllers/MenuController.php: is exist
2021-12-13 17:40:59,215 DEBUG [55680] [] MenuForm: is exist
2021-12-13 17:40:59,215 DEBUG [55680] [] MenuForm: form value set 
2021-12-13 17:40:59,216 DEBUG [55680] [] ------------------------------/eccadmin_dev/Menu
2021-12-13 17:40:59,216 DEBUG [55680] [] ------------------------------login_start_check
2021-12-13 17:40:59,216 DEBUG [55680] [] indexAction start
2021-12-13 17:40:59,216 DEBUG [55680] [] admin_no is 
2021-12-13 17:40:59,216 DEBUG [55680] [] indexAction end
2021-12-13 17:40:59,216 DEBUG [55680] [] MenuController end
2021-12-13 17:40:59,217 DEBUG [55680] [] finally
2021-12-13 17:40:59,233 DEBUG [55680] [] Request URI : /eccadmin_dev/Error/disp
2021-12-13 17:40:59,233 DEBUG [55680] [] ErrorController start
2021-12-13 17:40:59,233 DEBUG [55680] [] controllers/ErrorController.php: is exist
2021-12-13 17:40:59,234 DEBUG [55680] [] ErrorForm: is exist
2021-12-13 17:40:59,234 DEBUG [55680] [] ErrorForm: form value set 
2021-12-13 17:40:59,234 DEBUG [55680] [] ------------------------------/eccadmin_dev/Error/disp
2021-12-13 17:40:59,234 DEBUG [55680] [] ------------------------------login_start_check
2021-12-13 17:40:59,234 DEBUG [55680] [] dispAction start
2021-12-13 17:40:59,247 DEBUG [55680] [] dispAction end
2021-12-13 17:40:59,247 DEBUG [55680] [] ErrorController end
2021-12-13 17:40:59,247 DEBUG [55680] [] finally
2021-12-13 17:41:00,533 DEBUG [55680] [] Request URI : /eccadmin_dev/Login
2021-12-13 17:41:00,533 DEBUG [55680] [] LoginController start
2021-12-13 17:41:00,533 DEBUG [55680] [] controllers/LoginController.php: is exist
2021-12-13 17:41:00,534 DEBUG [55680] [] LoginForm: is exist
2021-12-13 17:41:00,534 DEBUG [55680] [] LoginForm: form value set 
2021-12-13 17:41:00,534 DEBUG [55680] [] ------------------------------/eccadmin_dev/Login
2021-12-13 17:41:00,534 DEBUG [55680] [] ------------------------------login_start_check
2021-12-13 17:41:00,534 DEBUG [55680] [] indexAction start
2021-12-13 17:41:00,549 DEBUG [55680] [] indexAction end
2021-12-13 17:41:00,549 DEBUG [55680] [] LoginController end
2021-12-13 17:41:00,549 DEBUG [55680] [] finally
2021-12-13 17:41:08,706 DEBUG [55723] [] Request URI : /eccadmin_dev/Login/login
2021-12-13 17:41:08,710 DEBUG [55723] [] LoginController start
2021-12-13 17:41:08,710 DEBUG [55723] [] controllers/LoginController.php: is exist
2021-12-13 17:41:08,711 DEBUG [55723] [] LoginForm: is exist
2021-12-13 17:41:08,711 DEBUG [55723] [] LoginForm: form value set 
2021-12-13 17:41:08,711 DEBUG [55723] [] ------------------------------/eccadmin_dev/Login/login
2021-12-13 17:41:08,711 DEBUG [55723] [] ------------------------------login_start_check
2021-12-13 17:41:08,712 DEBUG [55723] [] loginAction start
2021-12-13 17:41:09,016 DEBUG [55723] [] loginAction end
2021-12-13 17:41:09,016 DEBUG [55723] [] LoginController end
2021-12-13 17:41:09,016 DEBUG [55723] [] finally
2021-12-13 17:41:09,039 DEBUG [55723] [] Request URI : /eccadmin_dev/Menu
2021-12-13 17:41:09,040 DEBUG [55723] [] MenuController start
2021-12-13 17:41:09,040 DEBUG [55723] [] controllers/MenuController.php: is exist
2021-12-13 17:41:09,040 DEBUG [55723] [] MenuForm: is exist
2021-12-13 17:41:09,041 DEBUG [55723] [] MenuForm: form value set 
2021-12-13 17:41:09,041 DEBUG [55723] [] ------------------------------/eccadmin_dev/Menu
2021-12-13 17:41:09,041 DEBUG [55723] [] ------------------------------login_start_check
2021-12-13 17:41:09,041 DEBUG [55723] [] indexAction start
2021-12-13 17:41:09,041 DEBUG [55723] [] admin_no is 1
2021-12-13 17:41:09,073 DEBUG [55723] [] indexAction end
2021-12-13 17:41:09,073 DEBUG [55723] [] MenuController end
2021-12-13 17:41:09,073 DEBUG [55723] [] finally
2021-12-13 18:21:12,719 DEBUG [56664] [] Request URI : /eccadmin_dev/Login
2021-12-13 18:21:12,720 DEBUG [56664] [] LoginController start
2021-12-13 18:21:12,720 DEBUG [56664] [] controllers/LoginController.php: is exist
2021-12-13 18:21:12,720 DEBUG [56664] [] LoginForm: is exist
2021-12-13 18:21:12,720 DEBUG [56664] [] LoginForm: form value set 
2021-12-13 18:21:12,721 DEBUG [56664] [] ------------------------------/eccadmin_dev/Login
2021-12-13 18:21:12,721 DEBUG [56664] [] ------------------------------login_start_check
2021-12-13 18:21:12,721 DEBUG [56664] [] indexAction start
2021-12-13 18:21:12,737 DEBUG [56664] [] indexAction end
2021-12-13 18:21:12,737 DEBUG [56664] [] LoginController end
2021-12-13 18:21:12,737 DEBUG [56664] [] finally
