2021-08-20 09:55:10,840 DEBUG [171298] [] Request URI : /eccadmin_dev/TestInfoList/Search
2021-08-20 09:55:10,874 DEBUG [171298] [] TestInfoListController start
2021-08-20 09:55:10,874 DEBUG [171298] [] controllers/TestInfoListController.php: is exist
2021-08-20 09:55:10,874 DEBUG [171298] [] TestInfoListForm: is exist
2021-08-20 09:55:10,874 DEBUG [171298] [] TestInfoListForm: form value set 
2021-08-20 09:55:10,875 DEBUG [171298] [] ------------------------------/eccadmin_dev/TestInfoList/Search
2021-08-20 09:55:10,875 DEBUG [171298] [] SearchAction start
2021-08-20 09:55:10,875 DEBUG [171298] [] admin_no is 1
2021-08-20 09:55:10,875 DEBUG [171298] [] org_id
2021-08-20 09:55:10,884 DEBUG [171298] [] test List count:0
2021-08-20 09:55:10,995 DEBUG [171298] [] SearchAction end
2021-08-20 09:55:10,995 DEBUG [171298] [] TestInfoListController end
2021-08-20 09:55:10,995 DEBUG [171298] [] finally
2021-08-20 10:08:56,641 DEBUG [152181] [] Request URI : /eccadmin_dev/TestInfoList/Search
2021-08-20 10:08:56,641 DEBUG [152181] [] TestInfoListController start
2021-08-20 10:08:56,642 DEBUG [152181] [] controllers/TestInfoListController.php: is exist
2021-08-20 10:08:56,642 DEBUG [152181] [] TestInfoListForm: is exist
2021-08-20 10:08:56,642 DEBUG [152181] [] TestInfoListForm: form value set 
2021-08-20 10:08:56,643 DEBUG [152181] [] ------------------------------/eccadmin_dev/TestInfoList/Search
2021-08-20 10:08:56,643 DEBUG [152181] [] SearchAction start
2021-08-20 10:08:56,643 DEBUG [152181] [] admin_no is 1
2021-08-20 10:08:56,643 DEBUG [152181] [] org_id
2021-08-20 10:08:56,644 DEBUG [152181] [] test List count:0
2021-08-20 10:08:56,742 DEBUG [152181] [] SearchAction end
2021-08-20 10:08:56,742 DEBUG [152181] [] TestInfoListController end
2021-08-20 10:08:56,742 DEBUG [152181] [] finally
2021-08-20 16:31:16,034 DEBUG [179911] [] Request URI : /eccadmin_dev/QuestionRegist/index
2021-08-20 16:31:16,035 DEBUG [179911] [] QuestionRegistController start
2021-08-20 16:31:16,035 DEBUG [179911] [] controllers/QuestionRegistController.php: is exist
2021-08-20 16:31:16,071 DEBUG [179911] [] QuestionRegistForm: is exist
2021-08-20 16:31:16,086 DEBUG [179911] [] QuestionRegistForm: form value set 
2021-08-20 16:31:16,086 DEBUG [179911] [] ------------------------------/eccadmin_dev/QuestionRegist/index
2021-08-20 16:31:16,086 DEBUG [179911] [] ------------------------------session_check_true
2021-08-20 16:31:16,086 DEBUG [179911] [] indexAction start
2021-08-20 16:31:16,086 DEBUG [179911] [] admin_no is 
2021-08-20 16:31:16,087 DEBUG [179911] [] indexAction end
2021-08-20 16:31:16,087 DEBUG [179911] [] QuestionRegistController end
2021-08-20 16:31:16,087 DEBUG [179911] [] finally
2021-08-20 16:31:16,147 DEBUG [179911] [] Request URI : /eccadmin_dev/Error/disp
2021-08-20 16:31:16,147 DEBUG [179911] [] ErrorController start
2021-08-20 16:31:16,147 DEBUG [179911] [] controllers/ErrorController.php: is exist
2021-08-20 16:31:16,147 DEBUG [179911] [] ErrorForm: is exist
2021-08-20 16:31:16,147 DEBUG [179911] [] ErrorForm: form value set 
2021-08-20 16:31:16,148 DEBUG [179911] [] ------------------------------/eccadmin_dev/Error/disp
2021-08-20 16:31:16,148 DEBUG [179911] [] ------------------------------login_start_check
2021-08-20 16:31:16,148 DEBUG [179911] [] dispAction start
2021-08-20 16:31:16,164 DEBUG [179911] [] dispAction end
2021-08-20 16:31:16,165 DEBUG [179911] [] ErrorController end
2021-08-20 16:31:16,165 DEBUG [179911] [] finally
2021-08-20 16:31:17,256 DEBUG [180033] [] Request URI : /eccadmin_dev/Login
2021-08-20 16:31:17,257 DEBUG [180033] [] LoginController start
2021-08-20 16:31:17,257 DEBUG [180033] [] controllers/LoginController.php: is exist
2021-08-20 16:31:17,257 DEBUG [180033] [] LoginForm: is exist
2021-08-20 16:31:17,257 DEBUG [180033] [] LoginForm: form value set 
2021-08-20 16:31:17,258 DEBUG [180033] [] ------------------------------/eccadmin_dev/Login
2021-08-20 16:31:17,258 DEBUG [180033] [] ------------------------------login_start_check
2021-08-20 16:31:17,258 DEBUG [180033] [] indexAction start
2021-08-20 16:31:17,273 DEBUG [180033] [] indexAction end
2021-08-20 16:31:17,273 DEBUG [180033] [] LoginController end
2021-08-20 16:31:17,273 DEBUG [180033] [] finally
2021-08-20 16:31:19,584 DEBUG [180032] [] Request URI : /eccadmin_dev/Login/login
2021-08-20 16:31:19,585 DEBUG [180032] [] LoginController start
2021-08-20 16:31:19,585 DEBUG [180032] [] controllers/LoginController.php: is exist
2021-08-20 16:31:19,586 DEBUG [180032] [] LoginForm: is exist
2021-08-20 16:31:19,586 DEBUG [180032] [] LoginForm: form value set 
2021-08-20 16:31:19,586 DEBUG [180032] [] ------------------------------/eccadmin_dev/Login/login
2021-08-20 16:31:19,586 DEBUG [180032] [] ------------------------------login_start_check
2021-08-20 16:31:19,586 DEBUG [180032] [] loginAction start
2021-08-20 16:31:19,886 DEBUG [180032] [] loginAction end
2021-08-20 16:31:19,886 DEBUG [180032] [] LoginController end
2021-08-20 16:31:19,886 DEBUG [180032] [] finally
2021-08-20 16:31:19,910 DEBUG [180032] [] Request URI : /eccadmin_dev/Menu
2021-08-20 16:31:19,910 DEBUG [180032] [] MenuController start
2021-08-20 16:31:19,910 DEBUG [180032] [] controllers/MenuController.php: is exist
2021-08-20 16:31:19,911 DEBUG [180032] [] MenuForm: is exist
2021-08-20 16:31:19,911 DEBUG [180032] [] MenuForm: form value set 
2021-08-20 16:31:19,911 DEBUG [180032] [] ------------------------------/eccadmin_dev/Menu
2021-08-20 16:31:19,911 DEBUG [180032] [] ------------------------------login_start_check
2021-08-20 16:31:19,911 DEBUG [180032] [] indexAction start
2021-08-20 16:31:19,911 DEBUG [180032] [] admin_no is 1
2021-08-20 16:31:19,936 DEBUG [180032] [] indexAction end
2021-08-20 16:31:19,936 DEBUG [180032] [] MenuController end
2021-08-20 16:31:19,936 DEBUG [180032] [] finally
2021-08-20 16:31:22,635 DEBUG [179064] [] Request URI : /eccadmin_dev/TestInfoList
2021-08-20 16:31:22,635 DEBUG [179064] [] TestInfoListController start
2021-08-20 16:31:22,635 DEBUG [179064] [] controllers/TestInfoListController.php: is exist
2021-08-20 16:31:22,636 DEBUG [179064] [] TestInfoListForm: is exist
2021-08-20 16:31:22,636 DEBUG [179064] [] TestInfoListForm: form value set 
2021-08-20 16:31:22,636 DEBUG [179064] [] ------------------------------/eccadmin_dev/TestInfoList
2021-08-20 16:31:22,637 DEBUG [179064] [] indexAction start
2021-08-20 16:31:22,637 DEBUG [179064] [] admin_no is 1
2021-08-20 16:31:22,638 DEBUG [179064] [] test List count:2
2021-08-20 16:31:22,721 DEBUG [179064] [] indexAction end
2021-08-20 16:31:22,721 DEBUG [179064] [] TestInfoListController end
2021-08-20 16:31:22,721 DEBUG [179064] [] finally
2021-08-20 16:31:27,563 DEBUG [180032] [] Request URI : /eccadmin_dev/TestInfoList/Search
2021-08-20 16:31:27,564 DEBUG [180032] [] TestInfoListController start
2021-08-20 16:31:27,564 DEBUG [180032] [] controllers/TestInfoListController.php: is exist
2021-08-20 16:31:27,564 DEBUG [180032] [] TestInfoListForm: is exist
2021-08-20 16:31:27,564 DEBUG [180032] [] TestInfoListForm: form value set 
2021-08-20 16:31:27,565 DEBUG [180032] [] ------------------------------/eccadmin_dev/TestInfoList/Search
2021-08-20 16:31:27,565 DEBUG [180032] [] SearchAction start
2021-08-20 16:31:27,565 DEBUG [180032] [] admin_no is 1
2021-08-20 16:31:27,565 DEBUG [180032] [] org_idgic
2021-08-20 16:31:27,567 DEBUG [180032] [] test List count:4
2021-08-20 16:31:27,648 DEBUG [180032] [] SearchAction end
2021-08-20 16:31:27,648 DEBUG [180032] [] TestInfoListController end
2021-08-20 16:31:27,648 DEBUG [180032] [] finally
2021-08-20 16:31:30,939 DEBUG [180032] [] Request URI : /eccadmin_dev/QuizInfoAssign/index
2021-08-20 16:31:30,939 DEBUG [180032] [] QuizInfoAssignController start
2021-08-20 16:31:30,939 DEBUG [180032] [] controllers/QuizInfoAssignController.php: is exist
2021-08-20 16:31:30,940 DEBUG [180032] [] QuizInfoAssignForm: is exist
2021-08-20 16:31:30,940 DEBUG [180032] [] QuizInfoAssignForm: form value set 
2021-08-20 16:31:30,940 DEBUG [180032] [] ------------------------------/eccadmin_dev/QuizInfoAssign/index
2021-08-20 16:31:30,941 DEBUG [180032] [] ------------------------------session_check_true
2021-08-20 16:31:30,941 DEBUG [180032] [] indexAction start
2021-08-20 16:31:30,941 DEBUG [180032] [] admin_no is 1
2021-08-20 16:31:30,941 DEBUG [180032] [] org :2
2021-08-20 16:31:31,017 DEBUG [180032] [] indexAction end
2021-08-20 16:31:31,017 DEBUG [180032] [] QuizInfoAssignController end
2021-08-20 16:31:31,017 DEBUG [180032] [] finally
2021-08-20 16:31:33,121 DEBUG [179924] [] Request URI : /eccadmin_dev/QuizInfoAssign/search
2021-08-20 16:31:33,122 DEBUG [179924] [] QuizInfoAssignController start
2021-08-20 16:31:33,122 DEBUG [179924] [] controllers/QuizInfoAssignController.php: is exist
2021-08-20 16:31:33,122 DEBUG [179924] [] QuizInfoAssignForm: is exist
2021-08-20 16:31:33,123 DEBUG [179924] [] QuizInfoAssignForm: form value set 
2021-08-20 16:31:33,123 DEBUG [179924] [] ------------------------------/eccadmin_dev/QuizInfoAssign/search
2021-08-20 16:31:33,123 DEBUG [179924] [] ------------------------------session_check_true
2021-08-20 16:31:33,123 DEBUG [179924] [] searchAction start
2021-08-20 16:31:33,123 DEBUG [179924] [] admin_no is 1
2021-08-20 16:31:33,125 DEBUG [179924] [] org :2
2021-08-20 16:31:33,127 DEBUG [179924] [] org :2
2021-08-20 16:31:33,200 DEBUG [179924] [] searchAction end
2021-08-20 16:31:33,200 DEBUG [179924] [] QuizInfoAssignController end
2021-08-20 16:31:33,200 DEBUG [179924] [] finally
2021-08-20 16:31:39,528 DEBUG [180251] [] Request URI : /eccadmin_dev/QuizInfoAssign/back
2021-08-20 16:31:39,533 DEBUG [180251] [] QuizInfoAssignController start
2021-08-20 16:31:39,533 DEBUG [180251] [] controllers/QuizInfoAssignController.php: is exist
2021-08-20 16:31:39,534 DEBUG [180251] [] QuizInfoAssignForm: is exist
2021-08-20 16:31:39,534 DEBUG [180251] [] QuizInfoAssignForm: form value set 
2021-08-20 16:31:39,535 DEBUG [180251] [] ------------------------------/eccadmin_dev/QuizInfoAssign/back
2021-08-20 16:31:39,535 DEBUG [180251] [] ------------------------------session_check_true
2021-08-20 16:31:39,535 DEBUG [180251] [] backAction start
2021-08-20 16:31:39,535 DEBUG [180251] [] backAction end
2021-08-20 16:31:39,535 DEBUG [180251] [] QuizInfoAssignController end
2021-08-20 16:31:39,535 DEBUG [180251] [] finally
2021-08-20 16:31:39,568 DEBUG [180251] [] Request URI : /eccadmin_dev/TestInfoList/Search
2021-08-20 16:31:39,569 DEBUG [180251] [] TestInfoListController start
2021-08-20 16:31:39,569 DEBUG [180251] [] controllers/TestInfoListController.php: is exist
2021-08-20 16:31:39,569 DEBUG [180251] [] TestInfoListForm: is exist
2021-08-20 16:31:39,570 DEBUG [180251] [] TestInfoListForm: form value set 
2021-08-20 16:31:39,570 DEBUG [180251] [] ------------------------------/eccadmin_dev/TestInfoList/Search
2021-08-20 16:31:39,570 DEBUG [180251] [] SearchAction start
2021-08-20 16:31:39,570 DEBUG [180251] [] admin_no is 1
2021-08-20 16:31:39,571 DEBUG [180251] [] org_idgic
2021-08-20 16:31:39,572 DEBUG [180251] [] test List count:4
2021-08-20 16:31:39,656 DEBUG [180251] [] SearchAction end
2021-08-20 16:31:39,656 DEBUG [180251] [] TestInfoListController end
2021-08-20 16:31:39,656 DEBUG [180251] [] finally
2021-08-20 16:31:44,052 DEBUG [180251] [] Request URI : /eccadmin_dev/TestInfoList/Search
2021-08-20 16:31:44,053 DEBUG [180251] [] TestInfoListController start
2021-08-20 16:31:44,053 DEBUG [180251] [] controllers/TestInfoListController.php: is exist
2021-08-20 16:31:44,053 DEBUG [180251] [] TestInfoListForm: is exist
2021-08-20 16:31:44,053 DEBUG [180251] [] TestInfoListForm: form value set 
2021-08-20 16:31:44,054 DEBUG [180251] [] ------------------------------/eccadmin_dev/TestInfoList/Search
2021-08-20 16:31:44,054 DEBUG [180251] [] SearchAction start
2021-08-20 16:31:44,054 DEBUG [180251] [] admin_no is 1
2021-08-20 16:31:44,054 DEBUG [180251] [] org_idecc
2021-08-20 16:31:44,058 DEBUG [180251] [] test List count:62
2021-08-20 16:31:44,154 DEBUG [180251] [] SearchAction end
2021-08-20 16:31:44,154 DEBUG [180251] [] TestInfoListController end
2021-08-20 16:31:44,154 DEBUG [180251] [] finally
2021-08-20 16:31:47,560 DEBUG [180251] [] Request URI : /eccadmin_dev/QuizInfoAssign/index
2021-08-20 16:31:47,560 DEBUG [180251] [] QuizInfoAssignController start
2021-08-20 16:31:47,560 DEBUG [180251] [] controllers/QuizInfoAssignController.php: is exist
2021-08-20 16:31:47,561 DEBUG [180251] [] QuizInfoAssignForm: is exist
2021-08-20 16:31:47,561 DEBUG [180251] [] QuizInfoAssignForm: form value set 
2021-08-20 16:31:47,561 DEBUG [180251] [] ------------------------------/eccadmin_dev/QuizInfoAssign/index
2021-08-20 16:31:47,561 DEBUG [180251] [] ------------------------------session_check_true
2021-08-20 16:31:47,562 DEBUG [180251] [] indexAction start
2021-08-20 16:31:47,562 DEBUG [180251] [] admin_no is 1
2021-08-20 16:31:47,562 DEBUG [180251] [] org :1
2021-08-20 16:31:47,639 DEBUG [180251] [] indexAction end
2021-08-20 16:31:47,639 DEBUG [180251] [] QuizInfoAssignController end
2021-08-20 16:31:47,639 DEBUG [180251] [] finally
2021-08-20 16:31:49,622 DEBUG [180251] [] Request URI : /eccadmin_dev/QuizInfoAssign/search
2021-08-20 16:31:49,622 DEBUG [180251] [] QuizInfoAssignController start
2021-08-20 16:31:49,623 DEBUG [180251] [] controllers/QuizInfoAssignController.php: is exist
2021-08-20 16:31:49,623 DEBUG [180251] [] QuizInfoAssignForm: is exist
2021-08-20 16:31:49,623 DEBUG [180251] [] QuizInfoAssignForm: form value set 
2021-08-20 16:31:49,623 DEBUG [180251] [] ------------------------------/eccadmin_dev/QuizInfoAssign/search
2021-08-20 16:31:49,624 DEBUG [180251] [] ------------------------------session_check_true
2021-08-20 16:31:49,624 DEBUG [180251] [] searchAction start
2021-08-20 16:31:49,624 DEBUG [180251] [] admin_no is 1
2021-08-20 16:31:49,630 DEBUG [180251] [] org :1
2021-08-20 16:31:49,632 DEBUG [180251] [] org :1
2021-08-20 16:31:49,710 DEBUG [180251] [] searchAction end
2021-08-20 16:31:49,710 DEBUG [180251] [] QuizInfoAssignController end
2021-08-20 16:31:49,710 DEBUG [180251] [] finally
2021-08-20 17:04:59,119 DEBUG [180880] [] Request URI : /eccadmin_dev/Menu
2021-08-20 17:04:59,120 DEBUG [180880] [] MenuController start
2021-08-20 17:04:59,120 DEBUG [180880] [] controllers/MenuController.php: is exist
2021-08-20 17:04:59,120 DEBUG [180880] [] MenuForm: is exist
2021-08-20 17:04:59,121 DEBUG [180880] [] MenuForm: form value set 
2021-08-20 17:04:59,121 DEBUG [180880] [] ------------------------------/eccadmin_dev/Menu
2021-08-20 17:04:59,121 DEBUG [180880] [] ------------------------------login_start_check
2021-08-20 17:04:59,121 DEBUG [180880] [] indexAction start
2021-08-20 17:04:59,121 DEBUG [180880] [] admin_no is 1
2021-08-20 17:04:59,170 DEBUG [180880] [] indexAction end
2021-08-20 17:04:59,170 DEBUG [180880] [] MenuController end
2021-08-20 17:04:59,170 DEBUG [180880] [] finally
2021-08-20 17:38:05,103 DEBUG [180424] [] Request URI : /eccadmin_dev/Menu
2021-08-20 17:38:05,103 DEBUG [180424] [] MenuController start
2021-08-20 17:38:05,103 DEBUG [180424] [] controllers/MenuController.php: is exist
2021-08-20 17:38:05,104 DEBUG [180424] [] MenuForm: is exist
2021-08-20 17:38:05,104 DEBUG [180424] [] MenuForm: form value set 
2021-08-20 17:38:05,104 DEBUG [180424] [] ------------------------------/eccadmin_dev/Menu
2021-08-20 17:38:05,105 DEBUG [180424] [] ------------------------------login_start_check
2021-08-20 17:38:05,105 DEBUG [180424] [] indexAction start
2021-08-20 17:38:05,105 DEBUG [180424] [] admin_no is 1
2021-08-20 17:38:05,153 DEBUG [180424] [] indexAction end
2021-08-20 17:38:05,154 DEBUG [180424] [] MenuController end
2021-08-20 17:38:05,154 DEBUG [180424] [] finally
2021-08-20 17:38:14,317 DEBUG [181461] [] Request URI : /eccadmin_dev/Login/logout
2021-08-20 17:38:14,317 DEBUG [181461] [] LoginController start
2021-08-20 17:38:14,317 DEBUG [181461] [] controllers/LoginController.php: is exist
2021-08-20 17:38:14,318 DEBUG [181461] [] LoginForm: is exist
2021-08-20 17:38:14,318 DEBUG [181461] [] LoginForm: form value set 
2021-08-20 17:38:14,318 DEBUG [181461] [] ------------------------------/eccadmin_dev/Login/logout
2021-08-20 17:38:14,318 DEBUG [181461] [] ------------------------------login_start_check
2021-08-20 17:38:14,319 DEBUG [181461] [] logoutAction start
2021-08-20 17:38:14,319 DEBUG [181461] [] logoutAction end
2021-08-20 17:38:14,319 DEBUG [181461] [] LoginController end
2021-08-20 17:38:14,319 DEBUG [181461] [] finally
2021-08-20 17:38:14,342 DEBUG [181461] [] Request URI : /eccadmin_dev/Login
2021-08-20 17:38:14,342 DEBUG [181461] [] LoginController start
2021-08-20 17:38:14,342 DEBUG [181461] [] controllers/LoginController.php: is exist
2021-08-20 17:38:14,342 DEBUG [181461] [] LoginForm: is exist
2021-08-20 17:38:14,342 DEBUG [181461] [] LoginForm: form value set 
2021-08-20 17:38:14,343 DEBUG [181461] [] ------------------------------/eccadmin_dev/Login
2021-08-20 17:38:14,343 DEBUG [181461] [] ------------------------------login_start_check
2021-08-20 17:38:14,343 DEBUG [181461] [] indexAction start
2021-08-20 17:38:14,357 DEBUG [181461] [] indexAction end
2021-08-20 17:38:14,357 DEBUG [181461] [] LoginController end
2021-08-20 17:38:14,357 DEBUG [181461] [] finally
2021-08-20 17:38:17,783 DEBUG [181461] [] Request URI : /eccadmin_dev/Login/login
2021-08-20 17:38:17,784 DEBUG [181461] [] LoginController start
2021-08-20 17:38:17,784 DEBUG [181461] [] controllers/LoginController.php: is exist
2021-08-20 17:38:17,784 DEBUG [181461] [] LoginForm: is exist
2021-08-20 17:38:17,784 DEBUG [181461] [] LoginForm: form value set 
2021-08-20 17:38:17,785 DEBUG [181461] [] ------------------------------/eccadmin_dev/Login/login
2021-08-20 17:38:17,785 DEBUG [181461] [] ------------------------------login_start_check
2021-08-20 17:38:17,785 DEBUG [181461] [] loginAction start
2021-08-20 17:38:18,085 DEBUG [181461] [] loginAction end
2021-08-20 17:38:18,085 DEBUG [181461] [] LoginController end
2021-08-20 17:38:18,085 DEBUG [181461] [] finally
2021-08-20 17:38:18,103 DEBUG [181461] [] Request URI : /eccadmin_dev/Menu
2021-08-20 17:38:18,103 DEBUG [181461] [] MenuController start
2021-08-20 17:38:18,103 DEBUG [181461] [] controllers/MenuController.php: is exist
2021-08-20 17:38:18,104 DEBUG [181461] [] MenuForm: is exist
2021-08-20 17:38:18,104 DEBUG [181461] [] MenuForm: form value set 
2021-08-20 17:38:18,104 DEBUG [181461] [] ------------------------------/eccadmin_dev/Menu
2021-08-20 17:38:18,104 DEBUG [181461] [] ------------------------------login_start_check
2021-08-20 17:38:18,104 DEBUG [181461] [] indexAction start
2021-08-20 17:38:18,104 DEBUG [181461] [] admin_no is 1
2021-08-20 17:38:18,130 DEBUG [181461] [] indexAction end
2021-08-20 17:38:18,130 DEBUG [181461] [] MenuController end
2021-08-20 17:38:18,130 DEBUG [181461] [] finally
2021-08-20 17:39:13,929 DEBUG [181550] [] Request URI : /eccadmin_dev/Login
2021-08-20 17:39:13,933 DEBUG [181550] [] LoginController start
2021-08-20 17:39:13,933 DEBUG [181550] [] controllers/LoginController.php: is exist
2021-08-20 17:39:13,934 DEBUG [181550] [] LoginForm: is exist
2021-08-20 17:39:13,934 DEBUG [181550] [] LoginForm: form value set 
2021-08-20 17:39:13,935 DEBUG [181550] [] ------------------------------/eccadmin_dev/Login
2021-08-20 17:39:13,935 DEBUG [181550] [] ------------------------------login_start_check
2021-08-20 17:39:13,935 DEBUG [181550] [] indexAction start
2021-08-20 17:39:13,952 DEBUG [181550] [] indexAction end
2021-08-20 17:39:13,952 DEBUG [181550] [] LoginController end
2021-08-20 17:39:13,952 DEBUG [181550] [] finally
2021-08-20 17:39:17,963 DEBUG [181549] [] Request URI : /eccadmin_dev/Login/login
2021-08-20 17:39:17,963 DEBUG [181549] [] LoginController start
2021-08-20 17:39:17,963 DEBUG [181549] [] controllers/LoginController.php: is exist
2021-08-20 17:39:17,964 DEBUG [181549] [] LoginForm: is exist
2021-08-20 17:39:17,964 DEBUG [181549] [] LoginForm: form value set 
2021-08-20 17:39:17,964 DEBUG [181549] [] ------------------------------/eccadmin_dev/Login/login
2021-08-20 17:39:17,964 DEBUG [181549] [] ------------------------------login_start_check
2021-08-20 17:39:17,964 DEBUG [181549] [] loginAction start
2021-08-20 17:39:18,264 DEBUG [181549] [] loginAction end
2021-08-20 17:39:18,264 DEBUG [181549] [] LoginController end
2021-08-20 17:39:18,264 DEBUG [181549] [] finally
2021-08-20 17:39:18,280 DEBUG [181549] [] Request URI : /eccadmin_dev/Menu
2021-08-20 17:39:18,280 DEBUG [181549] [] MenuController start
2021-08-20 17:39:18,280 DEBUG [181549] [] controllers/MenuController.php: is exist
2021-08-20 17:39:18,280 DEBUG [181549] [] MenuForm: is exist
2021-08-20 17:39:18,280 DEBUG [181549] [] MenuForm: form value set 
2021-08-20 17:39:18,280 DEBUG [181549] [] ------------------------------/eccadmin_dev/Menu
2021-08-20 17:39:18,281 DEBUG [181549] [] ------------------------------login_start_check
2021-08-20 17:39:18,281 DEBUG [181549] [] indexAction start
2021-08-20 17:39:18,281 DEBUG [181549] [] admin_no is 1
2021-08-20 17:39:18,306 DEBUG [181549] [] indexAction end
2021-08-20 17:39:18,306 DEBUG [181549] [] MenuController end
2021-08-20 17:39:18,306 DEBUG [181549] [] finally
2021-08-20 17:39:37,004 DEBUG [181513] [] Request URI : /eccadmin_dev/TestList
2021-08-20 17:39:37,005 DEBUG [181513] [] TestListController start
2021-08-20 17:39:37,005 DEBUG [181513] [] controllers/TestListController.php: is exist
2021-08-20 17:51:00,053 DEBUG [181830] [] Request URI : /eccadmin_dev/Menu
2021-08-20 17:51:00,057 DEBUG [181830] [] MenuController start
2021-08-20 17:51:00,057 DEBUG [181830] [] controllers/MenuController.php: is exist
2021-08-20 17:51:00,058 DEBUG [181830] [] MenuForm: is exist
2021-08-20 17:51:00,058 DEBUG [181830] [] MenuForm: form value set 
2021-08-20 17:51:00,058 DEBUG [181830] [] ------------------------------/eccadmin_dev/Menu
2021-08-20 17:51:00,058 DEBUG [181830] [] ------------------------------login_start_check
2021-08-20 17:51:00,058 DEBUG [181830] [] indexAction start
2021-08-20 17:51:00,059 DEBUG [181830] [] admin_no is 1
2021-08-20 17:51:00,103 DEBUG [181830] [] indexAction end
2021-08-20 17:51:00,103 DEBUG [181830] [] MenuController end
2021-08-20 17:51:00,104 DEBUG [181830] [] finally
2021-08-20 17:51:02,786 DEBUG [181830] [] Request URI : /eccadmin_dev/TestList
2021-08-20 17:51:02,787 DEBUG [181830] [] TestListController start
2021-08-20 17:51:02,787 DEBUG [181830] [] controllers/TestListController.php: is exist
2021-08-20 17:51:02,793 DEBUG [181830] [] TestListForm: is exist
2021-08-20 17:51:02,794 DEBUG [181830] [] TestListForm: form value set 
2021-08-20 17:51:02,794 DEBUG [181830] [] ------------------------------/eccadmin_dev/TestList
2021-08-20 17:51:02,794 DEBUG [181830] [] indexAction start
2021-08-20 17:52:18,397 DEBUG [181461] [] Request URI : /eccadmin_dev/Menu
2021-08-20 17:52:18,398 DEBUG [181461] [] MenuController start
2021-08-20 17:52:18,398 DEBUG [181461] [] controllers/MenuController.php: is exist
2021-08-20 17:52:18,398 DEBUG [181461] [] MenuForm: is exist
2021-08-20 17:52:18,398 DEBUG [181461] [] MenuForm: form value set 
2021-08-20 17:52:18,399 DEBUG [181461] [] ------------------------------/eccadmin_dev/Menu
2021-08-20 17:52:18,399 DEBUG [181461] [] ------------------------------login_start_check
2021-08-20 17:52:18,399 DEBUG [181461] [] indexAction start
2021-08-20 17:52:18,399 DEBUG [181461] [] admin_no is 1
2021-08-20 17:52:18,447 DEBUG [181461] [] indexAction end
2021-08-20 17:52:18,447 DEBUG [181461] [] MenuController end
2021-08-20 17:52:18,447 DEBUG [181461] [] finally
2021-08-20 17:52:20,987 DEBUG [181461] [] Request URI : /eccadmin_dev/TestList
2021-08-20 17:52:20,988 DEBUG [181461] [] TestListController start
2021-08-20 17:52:20,988 DEBUG [181461] [] controllers/TestListController.php: is exist
2021-08-20 17:53:06,835 DEBUG [181549] [] Request URI : /eccadmin_dev/Menu
2021-08-20 17:53:06,836 DEBUG [181549] [] MenuController start
2021-08-20 17:53:06,836 DEBUG [181549] [] controllers/MenuController.php: is exist
2021-08-20 17:53:06,836 DEBUG [181549] [] MenuForm: is exist
2021-08-20 17:53:06,836 DEBUG [181549] [] MenuForm: form value set 
2021-08-20 17:53:06,837 DEBUG [181549] [] ------------------------------/eccadmin_dev/Menu
2021-08-20 17:53:06,837 DEBUG [181549] [] ------------------------------login_start_check
2021-08-20 17:53:06,837 DEBUG [181549] [] indexAction start
2021-08-20 17:53:06,837 DEBUG [181549] [] admin_no is 1
2021-08-20 17:53:06,885 DEBUG [181549] [] indexAction end
2021-08-20 17:53:06,885 DEBUG [181549] [] MenuController end
2021-08-20 17:53:06,885 DEBUG [181549] [] finally
2021-08-20 17:53:10,152 DEBUG [181549] [] Request URI : /eccadmin_dev/TestList
2021-08-20 17:53:10,153 DEBUG [181549] [] TestListController start
2021-08-20 17:53:10,153 DEBUG [181549] [] controllers/TestListController.php: is exist
2021-08-20 18:09:34,013 DEBUG [181972] [] Request URI : /eccadmin_dev/Menu
2021-08-20 18:09:34,014 DEBUG [181972] [] MenuController start
2021-08-20 18:09:34,014 DEBUG [181972] [] controllers/MenuController.php: is exist
2021-08-20 18:09:34,014 DEBUG [181972] [] MenuForm: is exist
2021-08-20 18:09:34,014 DEBUG [181972] [] MenuForm: form value set 
2021-08-20 18:09:34,015 DEBUG [181972] [] ------------------------------/eccadmin_dev/Menu
2021-08-20 18:09:34,015 DEBUG [181972] [] ------------------------------login_start_check
2021-08-20 18:09:34,015 DEBUG [181972] [] indexAction start
2021-08-20 18:09:34,015 DEBUG [181972] [] admin_no is 1
2021-08-20 18:09:34,064 DEBUG [181972] [] indexAction end
2021-08-20 18:09:34,065 DEBUG [181972] [] MenuController end
2021-08-20 18:09:34,065 DEBUG [181972] [] finally
2021-08-20 18:12:41,360 DEBUG [182058] [] Request URI : /eccadmin_dev/TestList
2021-08-20 18:12:41,364 DEBUG [182058] [] TestListController start
2021-08-20 18:12:41,364 DEBUG [182058] [] controllers/TestListController.php: is exist
2021-08-20 18:16:55,944 DEBUG [181972] [] Request URI : /eccadmin_dev/Menu
2021-08-20 18:16:55,945 DEBUG [181972] [] MenuController start
2021-08-20 18:16:55,945 DEBUG [181972] [] controllers/MenuController.php: is exist
2021-08-20 18:16:55,945 DEBUG [181972] [] MenuForm: is exist
2021-08-20 18:16:55,945 DEBUG [181972] [] MenuForm: form value set 
2021-08-20 18:16:55,946 DEBUG [181972] [] ------------------------------/eccadmin_dev/Menu
2021-08-20 18:16:55,946 DEBUG [181972] [] ------------------------------login_start_check
2021-08-20 18:16:55,946 DEBUG [181972] [] indexAction start
2021-08-20 18:16:55,946 DEBUG [181972] [] admin_no is 1
2021-08-20 18:16:55,992 DEBUG [181972] [] indexAction end
2021-08-20 18:16:55,992 DEBUG [181972] [] MenuController end
2021-08-20 18:16:55,992 DEBUG [181972] [] finally
2021-08-20 18:16:58,535 DEBUG [181972] [] Request URI : /eccadmin_dev/TestList
2021-08-20 18:16:58,536 DEBUG [181972] [] TestListController start
2021-08-20 18:16:58,536 DEBUG [181972] [] controllers/TestListController.php: is exist
2021-08-20 18:19:44,237 DEBUG [181724] [] Request URI : /eccadmin_dev/Login
2021-08-20 18:19:44,238 DEBUG [181724] [] LoginController start
2021-08-20 18:19:44,238 DEBUG [181724] [] controllers/LoginController.php: is exist
2021-08-20 18:19:44,238 DEBUG [181724] [] LoginForm: is exist
2021-08-20 18:19:44,239 DEBUG [181724] [] LoginForm: form value set 
2021-08-20 18:19:44,239 DEBUG [181724] [] ------------------------------/eccadmin_dev/Login
2021-08-20 18:19:44,239 DEBUG [181724] [] ------------------------------login_start_check
2021-08-20 18:19:44,239 DEBUG [181724] [] indexAction start
2021-08-20 18:19:44,255 DEBUG [181724] [] indexAction end
2021-08-20 18:19:44,255 DEBUG [181724] [] LoginController end
2021-08-20 18:19:44,255 DEBUG [181724] [] finally
2021-08-20 18:19:47,911 DEBUG [181724] [] Request URI : /eccadmin_dev/Login/login
2021-08-20 18:19:47,911 DEBUG [181724] [] LoginController start
2021-08-20 18:19:47,911 DEBUG [181724] [] controllers/LoginController.php: is exist
2021-08-20 18:19:47,912 DEBUG [181724] [] LoginForm: is exist
2021-08-20 18:19:47,912 DEBUG [181724] [] LoginForm: form value set 
2021-08-20 18:19:47,912 DEBUG [181724] [] ------------------------------/eccadmin_dev/Login/login
2021-08-20 18:19:47,912 DEBUG [181724] [] ------------------------------login_start_check
2021-08-20 18:19:47,913 DEBUG [181724] [] loginAction start
2021-08-20 18:19:48,208 DEBUG [181724] [] loginAction end
2021-08-20 18:19:48,208 DEBUG [181724] [] LoginController end
2021-08-20 18:19:48,208 DEBUG [181724] [] finally
2021-08-20 18:19:48,237 DEBUG [181724] [] Request URI : /eccadmin_dev/Menu
2021-08-20 18:19:48,238 DEBUG [181724] [] MenuController start
2021-08-20 18:19:48,238 DEBUG [181724] [] controllers/MenuController.php: is exist
2021-08-20 18:19:48,238 DEBUG [181724] [] MenuForm: is exist
2021-08-20 18:19:48,238 DEBUG [181724] [] MenuForm: form value set 
2021-08-20 18:19:48,238 DEBUG [181724] [] ------------------------------/eccadmin_dev/Menu
2021-08-20 18:19:48,238 DEBUG [181724] [] ------------------------------login_start_check
2021-08-20 18:19:48,238 DEBUG [181724] [] indexAction start
2021-08-20 18:19:48,238 DEBUG [181724] [] admin_no is 1
2021-08-20 18:19:48,264 DEBUG [181724] [] indexAction end
2021-08-20 18:19:48,264 DEBUG [181724] [] MenuController end
2021-08-20 18:19:48,264 DEBUG [181724] [] finally
2021-08-20 18:19:50,654 DEBUG [181724] [] Request URI : /eccadmin_dev/TestList
2021-08-20 18:19:50,655 DEBUG [181724] [] TestListController start
2021-08-20 18:19:50,655 DEBUG [181724] [] controllers/TestListController.php: is exist
2021-08-20 18:21:58,765 DEBUG [182065] [] Request URI : /eccadmin_dev/Menu
2021-08-20 18:21:58,766 DEBUG [182065] [] MenuController start
2021-08-20 18:21:58,766 DEBUG [182065] [] controllers/MenuController.php: is exist
2021-08-20 18:21:58,766 DEBUG [182065] [] MenuForm: is exist
2021-08-20 18:21:58,766 DEBUG [182065] [] MenuForm: form value set 
2021-08-20 18:21:58,767 DEBUG [182065] [] ------------------------------/eccadmin_dev/Menu
2021-08-20 18:21:58,767 DEBUG [182065] [] ------------------------------login_start_check
2021-08-20 18:21:58,767 DEBUG [182065] [] indexAction start
2021-08-20 18:21:58,767 DEBUG [182065] [] admin_no is 1
2021-08-20 18:21:58,813 DEBUG [182065] [] indexAction end
2021-08-20 18:21:58,813 DEBUG [182065] [] MenuController end
2021-08-20 18:21:58,813 DEBUG [182065] [] finally
2021-08-20 18:22:02,764 DEBUG [182065] [] Request URI : /eccadmin_dev/TestList
2021-08-20 18:22:02,764 DEBUG [182065] [] TestListController start
2021-08-20 18:22:02,764 DEBUG [182065] [] controllers/TestListController.php: is exist
2021-08-20 18:25:18,668 DEBUG [181972] [] Request URI : /eccadmin_dev/Menu
2021-08-20 18:25:18,668 DEBUG [181972] [] MenuController start
2021-08-20 18:25:18,668 DEBUG [181972] [] controllers/MenuController.php: is exist
2021-08-20 18:25:18,669 DEBUG [181972] [] MenuForm: is exist
2021-08-20 18:25:18,669 DEBUG [181972] [] MenuForm: form value set 
2021-08-20 18:25:18,669 DEBUG [181972] [] ------------------------------/eccadmin_dev/Menu
2021-08-20 18:25:18,669 DEBUG [181972] [] ------------------------------login_start_check
2021-08-20 18:25:18,669 DEBUG [181972] [] indexAction start
2021-08-20 18:25:18,670 DEBUG [181972] [] admin_no is 1
2021-08-20 18:25:18,715 DEBUG [181972] [] indexAction end
2021-08-20 18:25:18,715 DEBUG [181972] [] MenuController end
2021-08-20 18:25:18,716 DEBUG [181972] [] finally
2021-08-20 18:25:21,219 DEBUG [181972] [] Request URI : /eccadmin_dev/TestList
2021-08-20 18:25:21,220 DEBUG [181972] [] TestListController start
2021-08-20 18:25:21,220 DEBUG [181972] [] controllers/TestListController.php: is exist
2021-08-20 18:25:55,908 DEBUG [182055] [] Request URI : /eccadmin_dev/Menu
2021-08-20 18:25:55,908 DEBUG [182055] [] MenuController start
2021-08-20 18:25:55,908 DEBUG [182055] [] controllers/MenuController.php: is exist
2021-08-20 18:25:55,909 DEBUG [182055] [] MenuForm: is exist
2021-08-20 18:25:55,909 DEBUG [182055] [] MenuForm: form value set 
2021-08-20 18:25:55,909 DEBUG [182055] [] ------------------------------/eccadmin_dev/Menu
2021-08-20 18:25:55,909 DEBUG [182055] [] ------------------------------login_start_check
2021-08-20 18:25:55,910 DEBUG [182055] [] indexAction start
2021-08-20 18:25:55,910 DEBUG [182055] [] admin_no is 1
2021-08-20 18:25:55,956 DEBUG [182055] [] indexAction end
2021-08-20 18:25:55,956 DEBUG [182055] [] MenuController end
2021-08-20 18:25:55,956 DEBUG [182055] [] finally
2021-08-20 18:25:58,500 DEBUG [182055] [] Request URI : /eccadmin_dev/TestList
2021-08-20 18:25:58,501 DEBUG [182055] [] TestListController start
2021-08-20 18:25:58,501 DEBUG [182055] [] controllers/TestListController.php: is exist
2021-08-20 18:46:57,892 DEBUG [182056] [] Request URI : /eccadmin_dev/Menu
2021-08-20 18:46:57,893 DEBUG [182056] [] MenuController start
2021-08-20 18:46:57,893 DEBUG [182056] [] controllers/MenuController.php: is exist
2021-08-20 18:46:57,893 DEBUG [182056] [] MenuForm: is exist
2021-08-20 18:46:57,893 DEBUG [182056] [] MenuForm: form value set 
2021-08-20 18:46:57,894 DEBUG [182056] [] ------------------------------/eccadmin_dev/Menu
2021-08-20 18:46:57,894 DEBUG [182056] [] ------------------------------login_start_check
2021-08-20 18:46:57,894 DEBUG [182056] [] indexAction start
2021-08-20 18:46:57,894 DEBUG [182056] [] admin_no is 1
2021-08-20 18:46:57,942 DEBUG [182056] [] indexAction end
2021-08-20 18:46:57,943 DEBUG [182056] [] MenuController end
2021-08-20 18:46:57,943 DEBUG [182056] [] finally
2021-08-20 18:47:01,544 DEBUG [182056] [] Request URI : /eccadmin_dev/TestRegist
2021-08-20 18:47:01,544 DEBUG [182056] [] TestRegistController start
2021-08-20 18:47:01,545 DEBUG [182056] [] controllers/TestRegistController.php: is exist
2021-08-20 18:47:01,548 DEBUG [182056] [] TestRegistForm: is exist
2021-08-20 18:47:01,548 DEBUG [182056] [] TestRegistForm: form value set 
2021-08-20 18:47:01,549 DEBUG [182056] [] ------------------------------/eccadmin_dev/TestRegist
2021-08-20 18:47:01,549 DEBUG [182056] [] ------------------------------session_check_true
2021-08-20 18:47:01,549 DEBUG [182056] [] indexAction start
