2022-01-11 06:10:01,613 DEBUG [69278] [] Request URI : /eccadmin_dev/Login
2022-01-11 06:10:01,648 DEBUG [69278] [] LoginController start
2022-01-11 06:10:01,648 DEBUG [69278] [] controllers/LoginController.php: is exist
2022-01-11 06:10:01,649 DEBUG [69278] [] LoginForm: is exist
2022-01-11 06:10:01,649 DEBUG [69278] [] LoginForm: form value set 
2022-01-11 06:10:01,649 DEBUG [69278] [] ------------------------------/eccadmin_dev/Login
2022-01-11 06:10:01,649 DEBUG [69278] [] ------------------------------login_start_check
2022-01-11 06:10:01,649 DEBUG [69278] [] indexAction start
2022-01-11 06:10:01,694 DEBUG [69278] [] indexAction end
2022-01-11 06:10:01,694 DEBUG [69278] [] LoginController end
2022-01-11 06:10:01,694 DEBUG [69278] [] finally
2022-01-11 19:47:04,330 DEBUG [77705] [] Request URI : /eccadmin_dev/Login
2022-01-11 19:47:04,331 DEBUG [77705] [] LoginController start
2022-01-11 19:47:04,331 DEBUG [77705] [] controllers/LoginController.php: is exist
2022-01-11 19:47:04,331 DEBUG [77705] [] LoginForm: is exist
2022-01-11 19:47:04,331 DEBUG [77705] [] LoginForm: form value set 
2022-01-11 19:47:04,332 DEBUG [77705] [] ------------------------------/eccadmin_dev/Login
2022-01-11 19:47:04,332 DEBUG [77705] [] ------------------------------login_start_check
2022-01-11 19:47:04,332 DEBUG [77705] [] indexAction start
2022-01-11 19:47:04,377 DEBUG [77705] [] indexAction end
2022-01-11 19:47:04,378 DEBUG [77705] [] LoginController end
2022-01-11 19:47:04,378 DEBUG [77705] [] finally
