2021-04-27 15:12:25,470 DEBUG [141507] [] Request URI : /eccadmin_dev/Login
2021-04-27 15:12:25,570 DEBUG [141507] [] LoginController start
2021-04-27 15:12:25,571 DEBUG [141507] [] controllers/LoginController.php: is exist
2021-04-27 15:12:25,690 DEBUG [141507] [] LoginForm: is exist
2021-04-27 15:12:25,705 DEBUG [141507] [] LoginForm: form value set 
2021-04-27 15:12:25,705 DEBUG [141507] [] ------------------------------/eccadmin_dev/Login
2021-04-27 15:12:25,705 DEBUG [141507] [] ------------------------------login_start_check
2021-04-27 15:12:25,706 DEBUG [141507] [] indexAction start
2021-04-27 15:12:25,867 DEBUG [141507] [] indexAction end
2021-04-27 15:12:25,867 DEBUG [141507] [] LoginController end
2021-04-27 15:12:25,867 DEBUG [141507] [] finally
2021-04-27 15:12:30,826 DEBUG [142581] [] Request URI : /eccadmin_dev/Login/login
2021-04-27 15:12:30,827 DEBUG [142581] [] LoginController start
2021-04-27 15:12:30,827 DEBUG [142581] [] controllers/LoginController.php: is exist
2021-04-27 15:12:30,828 DEBUG [142581] [] LoginForm: is exist
2021-04-27 15:12:30,828 DEBUG [142581] [] LoginForm: form value set 
2021-04-27 15:12:30,828 DEBUG [142581] [] ------------------------------/eccadmin_dev/Login/login
2021-04-27 15:12:30,829 DEBUG [142581] [] ------------------------------login_start_check
2021-04-27 15:12:30,829 DEBUG [142581] [] loginAction start
2021-04-27 15:12:31,167 DEBUG [142581] [] loginAction end
2021-04-27 15:12:31,167 DEBUG [142581] [] LoginController end
2021-04-27 15:12:31,167 DEBUG [142581] [] finally
2021-04-27 15:12:31,185 DEBUG [142581] [] Request URI : /eccadmin_dev/Menu
2021-04-27 15:12:31,185 DEBUG [142581] [] MenuController start
2021-04-27 15:12:31,185 DEBUG [142581] [] controllers/MenuController.php: is exist
2021-04-27 15:12:31,282 DEBUG [142581] [] MenuForm: is exist
2021-04-27 15:12:31,288 DEBUG [142581] [] MenuForm: form value set 
2021-04-27 15:12:31,288 DEBUG [142581] [] ------------------------------/eccadmin_dev/Menu
2021-04-27 15:12:31,288 DEBUG [142581] [] ------------------------------login_start_check
2021-04-27 15:12:31,288 DEBUG [142581] [] indexAction start
2021-04-27 15:12:31,288 DEBUG [142581] [] admin_no is 1
2021-04-27 15:12:31,435 DEBUG [142581] [] indexAction end
2021-04-27 15:12:31,435 DEBUG [142581] [] MenuController end
2021-04-27 15:12:31,436 DEBUG [142581] [] finally
2021-04-27 15:12:39,146 DEBUG [138561] [] Request URI : /eccadmin_dev/ExcelStudentList
2021-04-27 15:12:39,147 DEBUG [138561] [] ExcelStudentListController start
2021-04-27 15:12:39,147 DEBUG [138561] [] controllers/ExcelStudentListController.php: is exist
2021-04-27 15:12:39,359 DEBUG [138561] [] ExcelStudentListForm: is exist
2021-04-27 15:12:39,389 DEBUG [138561] [] ExcelStudentListForm: form value set 
2021-04-27 15:12:39,390 DEBUG [138561] [] ------------------------------/eccadmin_dev/ExcelStudentList
2021-04-27 15:12:39,390 DEBUG [138561] [] indexAction start
2021-04-27 15:12:39,390 DEBUG [138561] [] admin_no is 1
2021-04-27 15:12:39,498 DEBUG [138561] [] indexAction end
2021-04-27 15:12:39,498 DEBUG [138561] [] ExcelStudentListController end
2021-04-27 15:12:39,498 DEBUG [138561] [] finally
2021-04-27 15:16:56,438 DEBUG [142568] [] Request URI : /eccadmin_dev/Login/logout
2021-04-27 15:16:56,439 DEBUG [142568] [] LoginController start
2021-04-27 15:16:56,439 DEBUG [142568] [] controllers/LoginController.php: is exist
2021-04-27 15:16:56,440 DEBUG [142568] [] LoginForm: is exist
2021-04-27 15:16:56,440 DEBUG [142568] [] LoginForm: form value set 
2021-04-27 15:16:56,440 DEBUG [142568] [] ------------------------------/eccadmin_dev/Login/logout
2021-04-27 15:16:56,440 DEBUG [142568] [] ------------------------------login_start_check
2021-04-27 15:16:56,440 DEBUG [142568] [] logoutAction start
2021-04-27 15:16:56,441 DEBUG [142568] [] logoutAction end
2021-04-27 15:16:56,441 DEBUG [142568] [] LoginController end
2021-04-27 15:16:56,441 DEBUG [142568] [] finally
2021-04-27 15:16:56,466 DEBUG [142568] [] Request URI : /eccadmin_dev/Login
2021-04-27 15:16:56,466 DEBUG [142568] [] LoginController start
2021-04-27 15:16:56,466 DEBUG [142568] [] controllers/LoginController.php: is exist
2021-04-27 15:16:56,466 DEBUG [142568] [] LoginForm: is exist
2021-04-27 15:16:56,467 DEBUG [142568] [] LoginForm: form value set 
2021-04-27 15:16:56,467 DEBUG [142568] [] ------------------------------/eccadmin_dev/Login
2021-04-27 15:16:56,467 DEBUG [142568] [] ------------------------------login_start_check
2021-04-27 15:16:56,467 DEBUG [142568] [] indexAction start
2021-04-27 15:16:56,482 DEBUG [142568] [] indexAction end
2021-04-27 15:16:56,482 DEBUG [142568] [] LoginController end
2021-04-27 15:16:56,482 DEBUG [142568] [] finally
2021-04-27 17:35:56,306 DEBUG [156455] [] Request URI : /eccadmin_dev/Login
2021-04-27 17:35:56,307 DEBUG [156455] [] LoginController start
2021-04-27 17:35:56,307 DEBUG [156455] [] controllers/LoginController.php: is exist
2021-04-27 17:35:56,307 DEBUG [156455] [] LoginForm: is exist
2021-04-27 17:35:56,308 DEBUG [156455] [] LoginForm: form value set 
2021-04-27 17:35:56,308 DEBUG [156455] [] ------------------------------/eccadmin_dev/Login
2021-04-27 17:35:56,308 DEBUG [156455] [] ------------------------------login_start_check
2021-04-27 17:35:56,308 DEBUG [156455] [] indexAction start
2021-04-27 17:35:56,325 DEBUG [156455] [] indexAction end
2021-04-27 17:35:56,325 DEBUG [156455] [] LoginController end
2021-04-27 17:35:56,325 DEBUG [156455] [] finally
2021-04-27 17:35:59,852 DEBUG [156455] [] Request URI : /eccadmin_dev/Login/login
2021-04-27 17:35:59,853 DEBUG [156455] [] LoginController start
2021-04-27 17:35:59,853 DEBUG [156455] [] controllers/LoginController.php: is exist
2021-04-27 17:35:59,853 DEBUG [156455] [] LoginForm: is exist
2021-04-27 17:35:59,853 DEBUG [156455] [] LoginForm: form value set 
2021-04-27 17:35:59,854 DEBUG [156455] [] ------------------------------/eccadmin_dev/Login/login
2021-04-27 17:35:59,854 DEBUG [156455] [] ------------------------------login_start_check
2021-04-27 17:35:59,854 DEBUG [156455] [] loginAction start
2021-04-27 17:36:00,150 DEBUG [156455] [] loginAction end
2021-04-27 17:36:00,150 DEBUG [156455] [] LoginController end
2021-04-27 17:36:00,150 DEBUG [156455] [] finally
2021-04-27 17:36:00,173 DEBUG [156455] [] Request URI : /eccadmin_dev/Menu
2021-04-27 17:36:00,174 DEBUG [156455] [] MenuController start
2021-04-27 17:36:00,174 DEBUG [156455] [] controllers/MenuController.php: is exist
2021-04-27 17:36:00,174 DEBUG [156455] [] MenuForm: is exist
2021-04-27 17:36:00,174 DEBUG [156455] [] MenuForm: form value set 
2021-04-27 17:36:00,174 DEBUG [156455] [] ------------------------------/eccadmin_dev/Menu
2021-04-27 17:36:00,174 DEBUG [156455] [] ------------------------------login_start_check
2021-04-27 17:36:00,174 DEBUG [156455] [] indexAction start
2021-04-27 17:36:00,175 DEBUG [156455] [] admin_no is 1
2021-04-27 17:36:00,201 DEBUG [156455] [] indexAction end
2021-04-27 17:36:00,201 DEBUG [156455] [] MenuController end
2021-04-27 17:36:00,201 DEBUG [156455] [] finally
2021-04-27 17:36:05,631 DEBUG [156280] [] Request URI : /eccadmin_dev/ExcelStudentList
2021-04-27 17:36:05,632 DEBUG [156280] [] ExcelStudentListController start
2021-04-27 17:36:05,632 DEBUG [156280] [] controllers/ExcelStudentListController.php: is exist
2021-04-27 17:36:05,632 DEBUG [156280] [] ExcelStudentListForm: is exist
2021-04-27 17:36:05,632 DEBUG [156280] [] ExcelStudentListForm: form value set 
2021-04-27 17:36:05,633 DEBUG [156280] [] ------------------------------/eccadmin_dev/ExcelStudentList
2021-04-27 17:36:05,633 DEBUG [156280] [] indexAction start
2021-04-27 17:36:05,633 DEBUG [156280] [] admin_no is 1
2021-04-27 17:36:05,717 DEBUG [156280] [] indexAction end
2021-04-27 17:36:05,717 DEBUG [156280] [] ExcelStudentListController end
2021-04-27 17:36:05,717 DEBUG [156280] [] finally
2021-04-27 17:39:50,574 DEBUG [156980] [] Request URI : /eccadmin_dev/ExcelStudentNoChangeList
2021-04-27 17:39:50,578 DEBUG [156980] [] ExcelStudentNoChangeListController start
2021-04-27 17:39:50,578 DEBUG [156980] [] controllers/ExcelStudentNoChangeListController.php: is exist
2021-04-27 17:39:50,597 DEBUG [156980] [] ExcelStudentNoChangeListForm: is exist
2021-04-27 17:39:50,598 DEBUG [156980] [] ExcelStudentNoChangeListForm: form value set 
2021-04-27 17:39:50,599 DEBUG [156980] [] ------------------------------/eccadmin_dev/ExcelStudentNoChangeList
2021-04-27 17:39:50,599 DEBUG [156980] [] indexAction start
2021-04-27 17:39:50,599 DEBUG [156980] [] admin_no is 1
2021-04-27 17:39:50,714 DEBUG [156980] [] indexAction end
2021-04-27 17:39:50,714 DEBUG [156980] [] ExcelStudentNoChangeListController end
2021-04-27 17:39:50,714 DEBUG [156980] [] finally
2021-04-27 17:41:37,073 DEBUG [156980] [] Request URI : /eccadmin_dev/Login/logout
2021-04-27 17:41:37,074 DEBUG [156980] [] LoginController start
2021-04-27 17:41:37,074 DEBUG [156980] [] controllers/LoginController.php: is exist
2021-04-27 17:41:37,074 DEBUG [156980] [] LoginForm: is exist
2021-04-27 17:41:37,074 DEBUG [156980] [] LoginForm: form value set 
2021-04-27 17:41:37,075 DEBUG [156980] [] ------------------------------/eccadmin_dev/Login/logout
2021-04-27 17:41:37,075 DEBUG [156980] [] ------------------------------login_start_check
2021-04-27 17:41:37,075 DEBUG [156980] [] logoutAction start
2021-04-27 17:41:37,075 DEBUG [156980] [] logoutAction end
2021-04-27 17:41:37,075 DEBUG [156980] [] LoginController end
2021-04-27 17:41:37,075 DEBUG [156980] [] finally
2021-04-27 17:41:37,102 DEBUG [156980] [] Request URI : /eccadmin_dev/Login
2021-04-27 17:41:37,102 DEBUG [156980] [] LoginController start
2021-04-27 17:41:37,102 DEBUG [156980] [] controllers/LoginController.php: is exist
2021-04-27 17:41:37,103 DEBUG [156980] [] LoginForm: is exist
2021-04-27 17:41:37,103 DEBUG [156980] [] LoginForm: form value set 
2021-04-27 17:41:37,103 DEBUG [156980] [] ------------------------------/eccadmin_dev/Login
2021-04-27 17:41:37,103 DEBUG [156980] [] ------------------------------login_start_check
2021-04-27 17:41:37,103 DEBUG [156980] [] indexAction start
2021-04-27 17:41:37,117 DEBUG [156980] [] indexAction end
2021-04-27 17:41:37,117 DEBUG [156980] [] LoginController end
2021-04-27 17:41:37,118 DEBUG [156980] [] finally
2021-04-27 18:26:48,208 DEBUG [157522] [] Request URI : /eccadmin_dev/Login
2021-04-27 18:26:48,209 DEBUG [157522] [] LoginController start
2021-04-27 18:26:48,209 DEBUG [157522] [] controllers/LoginController.php: is exist
2021-04-27 18:26:48,209 DEBUG [157522] [] LoginForm: is exist
2021-04-27 18:26:48,209 DEBUG [157522] [] LoginForm: form value set 
2021-04-27 18:26:48,210 DEBUG [157522] [] ------------------------------/eccadmin_dev/Login
2021-04-27 18:26:48,210 DEBUG [157522] [] ------------------------------login_start_check
2021-04-27 18:26:48,210 DEBUG [157522] [] indexAction start
2021-04-27 18:26:48,226 DEBUG [157522] [] indexAction end
2021-04-27 18:26:48,226 DEBUG [157522] [] LoginController end
2021-04-27 18:26:48,226 DEBUG [157522] [] finally
2021-04-27 18:26:51,974 DEBUG [157522] [] Request URI : /eccadmin_dev/Login/login
2021-04-27 18:26:51,975 DEBUG [157522] [] LoginController start
2021-04-27 18:26:51,975 DEBUG [157522] [] controllers/LoginController.php: is exist
2021-04-27 18:26:51,975 DEBUG [157522] [] LoginForm: is exist
2021-04-27 18:26:51,975 DEBUG [157522] [] LoginForm: form value set 
2021-04-27 18:26:51,976 DEBUG [157522] [] ------------------------------/eccadmin_dev/Login/login
2021-04-27 18:26:51,976 DEBUG [157522] [] ------------------------------login_start_check
2021-04-27 18:26:51,976 DEBUG [157522] [] loginAction start
2021-04-27 18:26:52,269 DEBUG [157522] [] loginAction end
2021-04-27 18:26:52,269 DEBUG [157522] [] LoginController end
2021-04-27 18:26:52,269 DEBUG [157522] [] finally
2021-04-27 18:26:52,287 DEBUG [157522] [] Request URI : /eccadmin_dev/Menu
2021-04-27 18:26:52,287 DEBUG [157522] [] MenuController start
2021-04-27 18:26:52,287 DEBUG [157522] [] controllers/MenuController.php: is exist
2021-04-27 18:26:52,287 DEBUG [157522] [] MenuForm: is exist
2021-04-27 18:26:52,287 DEBUG [157522] [] MenuForm: form value set 
2021-04-27 18:26:52,288 DEBUG [157522] [] ------------------------------/eccadmin_dev/Menu
2021-04-27 18:26:52,288 DEBUG [157522] [] ------------------------------login_start_check
2021-04-27 18:26:52,288 DEBUG [157522] [] indexAction start
2021-04-27 18:26:52,288 DEBUG [157522] [] admin_no is 1
2021-04-27 18:26:52,313 DEBUG [157522] [] indexAction end
2021-04-27 18:26:52,313 DEBUG [157522] [] MenuController end
2021-04-27 18:26:52,314 DEBUG [157522] [] finally
2021-04-27 18:27:00,841 DEBUG [159069] [] Request URI : /eccadmin_dev/ExcelStudentNoChangeList
2021-04-27 18:27:00,842 DEBUG [159069] [] ExcelStudentNoChangeListController start
2021-04-27 18:27:00,842 DEBUG [159069] [] controllers/ExcelStudentNoChangeListController.php: is exist
2021-04-27 18:27:00,843 DEBUG [159069] [] ExcelStudentNoChangeListForm: is exist
2021-04-27 18:27:00,843 DEBUG [159069] [] ExcelStudentNoChangeListForm: form value set 
2021-04-27 18:27:00,843 DEBUG [159069] [] ------------------------------/eccadmin_dev/ExcelStudentNoChangeList
2021-04-27 18:27:00,843 DEBUG [159069] [] indexAction start
2021-04-27 18:27:00,844 DEBUG [159069] [] admin_no is 1
2021-04-27 18:27:00,922 DEBUG [159069] [] indexAction end
2021-04-27 18:27:00,922 DEBUG [159069] [] ExcelStudentNoChangeListController end
2021-04-27 18:27:00,922 DEBUG [159069] [] finally
2021-04-27 18:27:12,310 DEBUG [156508] [] Request URI : /eccadmin_dev/ExcelStudentNoChangeList/newExcel
2021-04-27 18:27:12,311 DEBUG [156508] [] ExcelStudentNoChangeListController start
2021-04-27 18:27:12,311 DEBUG [156508] [] controllers/ExcelStudentNoChangeListController.php: is exist
2021-04-27 18:27:12,311 DEBUG [156508] [] ExcelStudentNoChangeListForm: is exist
2021-04-27 18:27:12,312 DEBUG [156508] [] ExcelStudentNoChangeListForm: form value set 
2021-04-27 18:27:12,312 DEBUG [156508] [] ------------------------------/eccadmin_dev/ExcelStudentNoChangeList/newExcel
2021-04-27 18:27:12,312 DEBUG [156508] [] newExcelAction start
2021-04-27 18:27:12,312 DEBUG [156508] [] admin_no is 1
2021-04-27 18:34:14,380 DEBUG [160384] [] Request URI : /eccadmin_dev/ExcelStudentNoChangeList/show
2021-04-27 18:34:14,380 DEBUG [160384] [] ExcelStudentNoChangeListController start
2021-04-27 18:34:14,380 DEBUG [160384] [] controllers/ExcelStudentNoChangeListController.php: is exist
2021-04-27 18:34:14,381 DEBUG [160384] [] ExcelStudentNoChangeListForm: is exist
2021-04-27 18:34:14,381 DEBUG [160384] [] ExcelStudentNoChangeListForm: form value set 
2021-04-27 18:34:14,382 DEBUG [160384] [] ------------------------------/eccadmin_dev/ExcelStudentNoChangeList/show
2021-04-27 18:34:14,382 DEBUG [160384] [] showAction start
2021-04-27 18:34:14,382 DEBUG [160384] [] admin_no is 1
2021-04-27 18:34:14,415 DEBUG [160384] [] showAction end
2021-04-27 18:34:14,415 DEBUG [160384] [] ExcelStudentNoChangeListController end
2021-04-27 18:34:14,416 DEBUG [160384] [] finally
2021-04-27 18:34:14,442 DEBUG [160384] [] Request URI : /eccadmin_dev/ExcelStudentNoChangeList/viewExcelList
2021-04-27 18:34:14,443 DEBUG [160384] [] ExcelStudentNoChangeListController start
2021-04-27 18:34:14,443 DEBUG [160384] [] controllers/ExcelStudentNoChangeListController.php: is exist
2021-04-27 18:34:14,443 DEBUG [160384] [] ExcelStudentNoChangeListForm: is exist
2021-04-27 18:34:14,443 DEBUG [160384] [] ExcelStudentNoChangeListForm: form value set 
2021-04-27 18:34:14,444 DEBUG [160384] [] ------------------------------/eccadmin_dev/ExcelStudentNoChangeList/viewExcelList
2021-04-27 18:34:14,444 DEBUG [160384] [] viewExcelListAction start
2021-04-27 18:34:15,021 DEBUG [160384] [] viewExcelListAction end
2021-04-27 18:34:15,022 DEBUG [160384] [] ExcelStudentNoChangeListController end
2021-04-27 18:34:15,022 DEBUG [160384] [] finally
2021-04-27 18:47:09,958 DEBUG [160384] [] Request URI : /eccadmin_dev/ExcelStudentNoChangeList/show
2021-04-27 18:47:09,958 DEBUG [160384] [] ExcelStudentNoChangeListController start
2021-04-27 18:47:09,958 DEBUG [160384] [] controllers/ExcelStudentNoChangeListController.php: is exist
2021-04-27 18:47:09,959 DEBUG [160384] [] ExcelStudentNoChangeListForm: is exist
2021-04-27 18:47:09,959 DEBUG [160384] [] ExcelStudentNoChangeListForm: form value set 
2021-04-27 18:47:09,959 DEBUG [160384] [] ------------------------------/eccadmin_dev/ExcelStudentNoChangeList/show
2021-04-27 18:47:09,959 DEBUG [160384] [] showAction start
2021-04-27 18:47:09,960 DEBUG [160384] [] admin_no is 1
2021-04-27 18:47:09,960 DEBUG [160384] [] showAction end
2021-04-27 18:47:09,960 DEBUG [160384] [] ExcelStudentNoChangeListController end
2021-04-27 18:47:09,960 DEBUG [160384] [] finally
2021-04-27 18:47:09,982 DEBUG [160384] [] Request URI : /eccadmin_dev/ExcelStudentNoChangeList/viewExcelList
2021-04-27 18:47:09,982 DEBUG [160384] [] ExcelStudentNoChangeListController start
2021-04-27 18:47:09,983 DEBUG [160384] [] controllers/ExcelStudentNoChangeListController.php: is exist
2021-04-27 18:47:09,983 DEBUG [160384] [] ExcelStudentNoChangeListForm: is exist
2021-04-27 18:47:09,983 DEBUG [160384] [] ExcelStudentNoChangeListForm: form value set 
2021-04-27 18:47:09,983 DEBUG [160384] [] ------------------------------/eccadmin_dev/ExcelStudentNoChangeList/viewExcelList
2021-04-27 18:47:09,984 DEBUG [160384] [] viewExcelListAction start
2021-04-27 18:47:10,157 DEBUG [160384] [] viewExcelListAction end
2021-04-27 18:47:10,157 DEBUG [160384] [] ExcelStudentNoChangeListController end
2021-04-27 18:47:10,157 DEBUG [160384] [] finally
2021-04-27 18:47:13,066 DEBUG [160384] [] Request URI : /eccadmin_dev/ExcelStudentNoChangeList/duplicateCheckWoc
2021-04-27 18:47:13,066 DEBUG [160384] [] ExcelStudentNoChangeListController start
2021-04-27 18:47:13,066 DEBUG [160384] [] controllers/ExcelStudentNoChangeListController.php: is exist
2021-04-27 18:47:13,067 DEBUG [160384] [] ExcelStudentNoChangeListForm: is exist
2021-04-27 18:47:13,067 DEBUG [160384] [] ExcelStudentNoChangeListForm: form value set 
2021-04-27 18:47:13,067 DEBUG [160384] [] ------------------------------/eccadmin_dev/ExcelStudentNoChangeList/duplicateCheckWoc
2021-04-27 18:47:13,068 DEBUG [160384] [] ------------------------------/eccadmin_dev/ExcelStudentNoChangeList/duplicateCheckWoc
2021-04-27 18:47:13,068 DEBUG [160384] [] duplicateCheckWocAction start
2021-04-27 18:47:13,068 DEBUG [160384] [] admin_no is 1
2021-04-27 18:47:13,249 DEBUG [160384] [] duplicateCheckWocAction end
2021-04-27 18:47:13,249 DEBUG [160384] [] ExcelStudentNoChangeListController end
2021-04-27 18:47:13,249 DEBUG [160384] [] finally
2021-04-27 18:48:59,784 DEBUG [157522] [] Request URI : /eccadmin_dev/ExcelStudentNoChangeList/show
2021-04-27 18:48:59,785 DEBUG [157522] [] ExcelStudentNoChangeListController start
2021-04-27 18:48:59,785 DEBUG [157522] [] controllers/ExcelStudentNoChangeListController.php: is exist
2021-04-27 18:48:59,785 DEBUG [157522] [] ExcelStudentNoChangeListForm: is exist
2021-04-27 18:48:59,785 DEBUG [157522] [] ExcelStudentNoChangeListForm: form value set 
2021-04-27 18:48:59,786 DEBUG [157522] [] ------------------------------/eccadmin_dev/ExcelStudentNoChangeList/show
2021-04-27 18:48:59,786 DEBUG [157522] [] showAction start
2021-04-27 18:48:59,786 DEBUG [157522] [] admin_no is 1
2021-04-27 18:48:59,787 DEBUG [157522] [] showAction end
2021-04-27 18:48:59,787 DEBUG [157522] [] ExcelStudentNoChangeListController end
2021-04-27 18:48:59,787 DEBUG [157522] [] finally
2021-04-27 18:48:59,808 DEBUG [157522] [] Request URI : /eccadmin_dev/ExcelStudentNoChangeList/viewExcelList
2021-04-27 18:48:59,809 DEBUG [157522] [] ExcelStudentNoChangeListController start
2021-04-27 18:48:59,809 DEBUG [157522] [] controllers/ExcelStudentNoChangeListController.php: is exist
2021-04-27 18:48:59,809 DEBUG [157522] [] ExcelStudentNoChangeListForm: is exist
2021-04-27 18:48:59,809 DEBUG [157522] [] ExcelStudentNoChangeListForm: form value set 
2021-04-27 18:48:59,810 DEBUG [157522] [] ------------------------------/eccadmin_dev/ExcelStudentNoChangeList/viewExcelList
2021-04-27 18:48:59,810 DEBUG [157522] [] viewExcelListAction start
2021-04-27 18:48:59,979 DEBUG [157522] [] viewExcelListAction end
2021-04-27 18:48:59,979 DEBUG [157522] [] ExcelStudentNoChangeListController end
2021-04-27 18:48:59,979 DEBUG [157522] [] finally
2021-04-27 18:49:03,553 DEBUG [157522] [] Request URI : /eccadmin_dev/ExcelStudentNoChangeList/duplicateCheckWoc
2021-04-27 18:49:03,554 DEBUG [157522] [] ExcelStudentNoChangeListController start
2021-04-27 18:49:03,554 DEBUG [157522] [] controllers/ExcelStudentNoChangeListController.php: is exist
2021-04-27 18:49:03,554 DEBUG [157522] [] ExcelStudentNoChangeListForm: is exist
2021-04-27 18:49:03,555 DEBUG [157522] [] ExcelStudentNoChangeListForm: form value set 
2021-04-27 18:49:03,555 DEBUG [157522] [] ------------------------------/eccadmin_dev/ExcelStudentNoChangeList/duplicateCheckWoc
2021-04-27 18:49:03,555 DEBUG [157522] [] ------------------------------/eccadmin_dev/ExcelStudentNoChangeList/duplicateCheckWoc
2021-04-27 18:49:03,555 DEBUG [157522] [] duplicateCheckWocAction start
2021-04-27 18:49:03,555 DEBUG [157522] [] admin_no is 1
2021-04-27 18:49:03,732 DEBUG [157522] [] duplicateCheckWocAction end
2021-04-27 18:49:03,732 DEBUG [157522] [] ExcelStudentNoChangeListController end
2021-04-27 18:49:03,732 DEBUG [157522] [] finally
2021-04-27 18:55:38,925 DEBUG [154904] [] Request URI : /eccadmin_dev/ExcelStudentNoChangeList/show
2021-04-27 18:55:38,926 DEBUG [154904] [] ExcelStudentNoChangeListController start
2021-04-27 18:55:38,926 DEBUG [154904] [] controllers/ExcelStudentNoChangeListController.php: is exist
2021-04-27 18:55:38,927 DEBUG [154904] [] ExcelStudentNoChangeListForm: is exist
2021-04-27 18:55:38,927 DEBUG [154904] [] ExcelStudentNoChangeListForm: form value set 
2021-04-27 18:55:38,927 DEBUG [154904] [] ------------------------------/eccadmin_dev/ExcelStudentNoChangeList/show
2021-04-27 18:55:38,927 DEBUG [154904] [] showAction start
2021-04-27 18:55:38,928 DEBUG [154904] [] admin_no is 1
2021-04-27 18:55:38,928 DEBUG [154904] [] showAction end
2021-04-27 18:55:38,928 DEBUG [154904] [] ExcelStudentNoChangeListController end
2021-04-27 18:55:38,928 DEBUG [154904] [] finally
2021-04-27 18:55:38,954 DEBUG [154904] [] Request URI : /eccadmin_dev/ExcelStudentNoChangeList/viewExcelList
2021-04-27 18:55:38,955 DEBUG [154904] [] ExcelStudentNoChangeListController start
2021-04-27 18:55:38,955 DEBUG [154904] [] controllers/ExcelStudentNoChangeListController.php: is exist
2021-04-27 18:55:38,955 DEBUG [154904] [] ExcelStudentNoChangeListForm: is exist
2021-04-27 18:55:38,955 DEBUG [154904] [] ExcelStudentNoChangeListForm: form value set 
2021-04-27 18:55:38,956 DEBUG [154904] [] ------------------------------/eccadmin_dev/ExcelStudentNoChangeList/viewExcelList
2021-04-27 18:55:38,956 DEBUG [154904] [] viewExcelListAction start
2021-04-27 18:55:39,133 DEBUG [154904] [] viewExcelListAction end
2021-04-27 18:55:39,133 DEBUG [154904] [] ExcelStudentNoChangeListController end
2021-04-27 18:55:39,133 DEBUG [154904] [] finally
2021-04-27 18:55:41,129 DEBUG [154904] [] Request URI : /eccadmin_dev/ExcelStudentNoChangeList/duplicateCheckWoc
2021-04-27 18:55:41,129 DEBUG [154904] [] ExcelStudentNoChangeListController start
2021-04-27 18:55:41,130 DEBUG [154904] [] controllers/ExcelStudentNoChangeListController.php: is exist
2021-04-27 18:55:41,130 DEBUG [154904] [] ExcelStudentNoChangeListForm: is exist
2021-04-27 18:55:41,130 DEBUG [154904] [] ExcelStudentNoChangeListForm: form value set 
2021-04-27 18:55:41,131 DEBUG [154904] [] ------------------------------/eccadmin_dev/ExcelStudentNoChangeList/duplicateCheckWoc
2021-04-27 18:55:41,131 DEBUG [154904] [] ------------------------------/eccadmin_dev/ExcelStudentNoChangeList/duplicateCheckWoc
2021-04-27 18:55:41,131 DEBUG [154904] [] duplicateCheckWocAction start
2021-04-27 18:55:41,131 DEBUG [154904] [] admin_no is 1
2021-04-27 18:55:41,137 DEBUG [154904] [] admin_no is 1
2021-04-27 18:55:41,148 DEBUG [154904] [] duplicateCheckWocAction end
2021-04-27 18:55:41,148 DEBUG [154904] [] ExcelStudentNoChangeListController end
2021-04-27 18:55:41,148 DEBUG [154904] [] finally
2021-04-27 18:55:41,173 DEBUG [154904] [] Request URI : /eccadmin_dev/ExcelStudentNoChangeList
2021-04-27 18:55:41,173 DEBUG [154904] [] ExcelStudentNoChangeListController start
2021-04-27 18:55:41,174 DEBUG [154904] [] controllers/ExcelStudentNoChangeListController.php: is exist
2021-04-27 18:55:41,174 DEBUG [154904] [] ExcelStudentNoChangeListForm: is exist
2021-04-27 18:55:41,174 DEBUG [154904] [] ExcelStudentNoChangeListForm: form value set 
2021-04-27 18:55:41,174 DEBUG [154904] [] ------------------------------/eccadmin_dev/ExcelStudentNoChangeList
2021-04-27 18:55:41,175 DEBUG [154904] [] indexAction start
2021-04-27 18:55:41,175 DEBUG [154904] [] admin_no is 1
2021-04-27 18:55:41,253 DEBUG [154904] [] indexAction end
2021-04-27 18:55:41,253 DEBUG [154904] [] ExcelStudentNoChangeListController end
2021-04-27 18:55:41,253 DEBUG [154904] [] finally
2021-04-27 18:56:24,254 DEBUG [156285] [] Request URI : /eccadmin_dev/ExcelStudentNoChangeList/show
2021-04-27 18:56:24,255 DEBUG [156285] [] ExcelStudentNoChangeListController start
2021-04-27 18:56:24,255 DEBUG [156285] [] controllers/ExcelStudentNoChangeListController.php: is exist
2021-04-27 18:56:24,255 DEBUG [156285] [] ExcelStudentNoChangeListForm: is exist
2021-04-27 18:56:24,255 DEBUG [156285] [] ExcelStudentNoChangeListForm: form value set 
2021-04-27 18:56:24,256 DEBUG [156285] [] ------------------------------/eccadmin_dev/ExcelStudentNoChangeList/show
2021-04-27 18:56:24,256 DEBUG [156285] [] showAction start
2021-04-27 18:56:24,256 DEBUG [156285] [] admin_no is 1
2021-04-27 18:56:24,257 DEBUG [156285] [] showAction end
2021-04-27 18:56:24,257 DEBUG [156285] [] ExcelStudentNoChangeListController end
2021-04-27 18:56:24,257 DEBUG [156285] [] finally
2021-04-27 18:56:24,288 DEBUG [156285] [] Request URI : /eccadmin_dev/ExcelStudentNoChangeList/viewExcelList
2021-04-27 18:56:24,289 DEBUG [156285] [] ExcelStudentNoChangeListController start
2021-04-27 18:56:24,289 DEBUG [156285] [] controllers/ExcelStudentNoChangeListController.php: is exist
2021-04-27 18:56:24,289 DEBUG [156285] [] ExcelStudentNoChangeListForm: is exist
2021-04-27 18:56:24,289 DEBUG [156285] [] ExcelStudentNoChangeListForm: form value set 
2021-04-27 18:56:24,290 DEBUG [156285] [] ------------------------------/eccadmin_dev/ExcelStudentNoChangeList/viewExcelList
2021-04-27 18:56:24,290 DEBUG [156285] [] viewExcelListAction start
2021-04-27 18:56:24,464 DEBUG [156285] [] viewExcelListAction end
2021-04-27 18:56:24,464 DEBUG [156285] [] ExcelStudentNoChangeListController end
2021-04-27 18:56:24,465 DEBUG [156285] [] finally
2021-04-27 18:56:30,383 DEBUG [161584] [] Request URI : /eccadmin_dev/ExcelStudentNoChangeList/duplicateCheckWoc
2021-04-27 18:56:30,384 DEBUG [161584] [] ExcelStudentNoChangeListController start
2021-04-27 18:56:30,384 DEBUG [161584] [] controllers/ExcelStudentNoChangeListController.php: is exist
2021-04-27 18:56:30,385 DEBUG [161584] [] ExcelStudentNoChangeListForm: is exist
2021-04-27 18:56:30,385 DEBUG [161584] [] ExcelStudentNoChangeListForm: form value set 
2021-04-27 18:56:30,385 DEBUG [161584] [] ------------------------------/eccadmin_dev/ExcelStudentNoChangeList/duplicateCheckWoc
2021-04-27 18:56:30,385 DEBUG [161584] [] ------------------------------/eccadmin_dev/ExcelStudentNoChangeList/duplicateCheckWoc
2021-04-27 18:56:30,385 DEBUG [161584] [] duplicateCheckWocAction start
2021-04-27 18:56:30,386 DEBUG [161584] [] admin_no is 1
2021-04-27 18:56:30,391 DEBUG [161584] [] admin_no is 1
2021-04-27 18:56:30,402 DEBUG [161584] [] duplicateCheckWocAction end
2021-04-27 18:56:30,402 DEBUG [161584] [] ExcelStudentNoChangeListController end
2021-04-27 18:56:30,402 DEBUG [161584] [] finally
2021-04-27 18:56:30,420 DEBUG [161584] [] Request URI : /eccadmin_dev/ExcelStudentNoChangeList
2021-04-27 18:56:30,421 DEBUG [161584] [] ExcelStudentNoChangeListController start
2021-04-27 18:56:30,421 DEBUG [161584] [] controllers/ExcelStudentNoChangeListController.php: is exist
2021-04-27 18:56:30,421 DEBUG [161584] [] ExcelStudentNoChangeListForm: is exist
2021-04-27 18:56:30,421 DEBUG [161584] [] ExcelStudentNoChangeListForm: form value set 
2021-04-27 18:56:30,422 DEBUG [161584] [] ------------------------------/eccadmin_dev/ExcelStudentNoChangeList
2021-04-27 18:56:30,422 DEBUG [161584] [] indexAction start
2021-04-27 18:56:30,422 DEBUG [161584] [] admin_no is 1
2021-04-27 18:56:30,499 DEBUG [161584] [] indexAction end
2021-04-27 18:56:30,499 DEBUG [161584] [] ExcelStudentNoChangeListController end
2021-04-27 18:56:30,500 DEBUG [161584] [] finally
