2020-07-07 18:55:55,352 DEBUG [73488] [] Request URI : /eccadmin_dev/Login
2020-07-07 18:55:55,386 DEBUG [73488] [] LoginController start
2020-07-07 18:55:55,386 DEBUG [73488] [] controllers/LoginController.php: is exist
2020-07-07 18:55:55,386 DEBUG [73488] [] LoginForm: is exist
2020-07-07 18:55:55,386 DEBUG [73488] [] LoginForm: form value set 
2020-07-07 18:55:55,387 DEBUG [73488] [] ------------------------------/eccadmin_dev/Login
2020-07-07 18:55:55,387 DEBUG [73488] [] ------------------------------login_start_check
2020-07-07 18:55:55,387 DEBUG [73488] [] indexAction start
2020-07-07 18:55:55,420 DEBUG [73488] [] indexAction end
2020-07-07 18:55:55,420 DEBUG [73488] [] LoginController end
2020-07-07 18:55:55,420 DEBUG [73488] [] finally
2020-07-07 18:57:12,507 DEBUG [74045] [] Request URI : /eccadmin_dev/Login
2020-07-07 18:57:12,508 DEBUG [74045] [] LoginController start
2020-07-07 18:57:12,508 DEBUG [74045] [] controllers/LoginController.php: is exist
2020-07-07 18:57:12,508 DEBUG [74045] [] LoginForm: is exist
2020-07-07 18:57:12,508 DEBUG [74045] [] LoginForm: form value set 
2020-07-07 18:57:12,509 DEBUG [74045] [] ------------------------------/eccadmin_dev/Login
2020-07-07 18:57:12,509 DEBUG [74045] [] ------------------------------login_start_check
2020-07-07 18:57:12,509 DEBUG [74045] [] indexAction start
2020-07-07 18:57:12,524 DEBUG [74045] [] indexAction end
2020-07-07 18:57:12,524 DEBUG [74045] [] LoginController end
2020-07-07 18:57:12,524 DEBUG [74045] [] finally
