2021-09-23 17:55:35,004 DEBUG [80761] [] Request URI : /eccadmin_dev/Login
2021-09-23 17:55:35,026 DEBUG [80761] [] LoginController start
2021-09-23 17:55:35,026 DEBUG [80761] [] controllers/LoginController.php: is exist
2021-09-23 17:55:35,026 DEBUG [80761] [] LoginForm: is exist
2021-09-23 17:55:35,026 DEBUG [80761] [] LoginForm: form value set 
2021-09-23 17:55:35,027 DEBUG [80761] [] ------------------------------/eccadmin_dev/Login
2021-09-23 17:55:35,027 DEBUG [80761] [] ------------------------------login_start_check
2021-09-23 17:55:35,027 DEBUG [80761] [] indexAction start
2021-09-23 17:55:35,056 DEBUG [80761] [] indexAction end
2021-09-23 17:55:35,056 DEBUG [80761] [] LoginController end
2021-09-23 17:55:35,056 DEBUG [80761] [] finally
2021-09-23 17:55:45,006 DEBUG [80808] [] Request URI : /eccadmin_dev/Login/login
2021-09-23 17:55:45,007 DEBUG [80808] [] LoginController start
2021-09-23 17:55:45,007 DEBUG [80808] [] controllers/LoginController.php: is exist
2021-09-23 17:55:45,007 DEBUG [80808] [] LoginForm: is exist
2021-09-23 17:55:45,007 DEBUG [80808] [] LoginForm: form value set 
2021-09-23 17:55:45,008 DEBUG [80808] [] ------------------------------/eccadmin_dev/Login/login
2021-09-23 17:55:45,008 DEBUG [80808] [] ------------------------------login_start_check
2021-09-23 17:55:45,008 DEBUG [80808] [] loginAction start
2021-09-23 17:55:45,305 DEBUG [80808] [] loginAction end
2021-09-23 17:55:45,305 DEBUG [80808] [] LoginController end
2021-09-23 17:55:45,305 DEBUG [80808] [] finally
2021-09-23 17:55:45,454 DEBUG [80808] [] Request URI : /eccadmin_dev/Menu
2021-09-23 17:55:45,454 DEBUG [80808] [] MenuController start
2021-09-23 17:55:45,455 DEBUG [80808] [] controllers/MenuController.php: is exist
2021-09-23 17:55:45,455 DEBUG [80808] [] MenuForm: is exist
2021-09-23 17:55:45,455 DEBUG [80808] [] MenuForm: form value set 
2021-09-23 17:55:45,455 DEBUG [80808] [] ------------------------------/eccadmin_dev/Menu
2021-09-23 17:55:45,455 DEBUG [80808] [] ------------------------------login_start_check
2021-09-23 17:55:45,455 DEBUG [80808] [] indexAction start
2021-09-23 17:55:45,456 DEBUG [80808] [] admin_no is 1
2021-09-23 17:55:45,504 DEBUG [80808] [] indexAction end
2021-09-23 17:55:45,504 DEBUG [80808] [] MenuController end
2021-09-23 17:55:45,504 DEBUG [80808] [] finally
