2021-12-07 10:58:30,099 DEBUG [138196] [] Request URI : /eccadmin_dev/Login
2021-12-07 10:58:30,120 DEBUG [138196] [] LoginController start
2021-12-07 10:58:30,120 DEBUG [138196] [] controllers/LoginController.php: is exist
2021-12-07 10:58:30,123 DEBUG [138196] [] LoginForm: is exist
2021-12-07 10:58:30,123 DEBUG [138196] [] LoginForm: form value set 
2021-12-07 10:58:30,124 DEBUG [138196] [] ------------------------------/eccadmin_dev/Login
2021-12-07 10:58:30,124 DEBUG [138196] [] ------------------------------login_start_check
2021-12-07 10:58:30,124 DEBUG [138196] [] indexAction start
2021-12-07 10:58:30,211 DEBUG [138196] [] indexAction end
2021-12-07 10:58:30,211 DEBUG [138196] [] LoginController end
2021-12-07 10:58:30,212 DEBUG [138196] [] finally
2021-12-07 10:58:33,851 DEBUG [138278] [] Request URI : /eccadmin_dev/Login/login
2021-12-07 10:58:33,851 DEBUG [138278] [] LoginController start
2021-12-07 10:58:33,851 DEBUG [138278] [] controllers/LoginController.php: is exist
2021-12-07 10:58:33,854 DEBUG [138278] [] LoginForm: is exist
2021-12-07 10:58:33,855 DEBUG [138278] [] LoginForm: form value set 
2021-12-07 10:58:33,855 DEBUG [138278] [] ------------------------------/eccadmin_dev/Login/login
2021-12-07 10:58:33,855 DEBUG [138278] [] ------------------------------login_start_check
2021-12-07 10:58:33,855 DEBUG [138278] [] loginAction start
2021-12-07 10:58:34,158 DEBUG [138278] [] loginAction end
2021-12-07 10:58:34,158 DEBUG [138278] [] LoginController end
2021-12-07 10:58:34,158 DEBUG [138278] [] finally
2021-12-07 10:58:34,174 DEBUG [138278] [] Request URI : /eccadmin_dev/Menu
2021-12-07 10:58:34,174 DEBUG [138278] [] MenuController start
2021-12-07 10:58:34,174 DEBUG [138278] [] controllers/MenuController.php: is exist
2021-12-07 10:58:34,176 DEBUG [138278] [] MenuForm: is exist
2021-12-07 10:58:34,176 DEBUG [138278] [] MenuForm: form value set 
2021-12-07 10:58:34,176 DEBUG [138278] [] ------------------------------/eccadmin_dev/Menu
2021-12-07 10:58:34,177 DEBUG [138278] [] ------------------------------login_start_check
2021-12-07 10:58:34,177 DEBUG [138278] [] indexAction start
2021-12-07 10:58:34,177 DEBUG [138278] [] admin_no is 1
2021-12-07 10:58:34,250 DEBUG [138278] [] indexAction end
2021-12-07 10:58:34,250 DEBUG [138278] [] MenuController end
2021-12-07 10:58:34,250 DEBUG [138278] [] finally
2021-12-07 10:58:40,379 DEBUG [138262] [] Request URI : /eccadmin_dev/WordBookList
2021-12-07 10:58:40,380 DEBUG [138262] [] WordBookListController start
2021-12-07 10:58:40,380 DEBUG [138262] [] controllers/WordBookListController.php: is exist
2021-12-07 11:02:28,223 DEBUG [138291] [] Request URI : /eccadmin_dev/WordBookList
2021-12-07 11:02:28,224 DEBUG [138291] [] WordBookListController start
2021-12-07 11:02:28,224 DEBUG [138291] [] controllers/WordBookListController.php: is exist
2021-12-07 11:15:35,685 DEBUG [138502] [] Request URI : /eccadmin_dev/Menu
2021-12-07 11:15:35,686 DEBUG [138502] [] MenuController start
2021-12-07 11:15:35,686 DEBUG [138502] [] controllers/MenuController.php: is exist
2021-12-07 11:15:35,689 DEBUG [138502] [] MenuForm: is exist
2021-12-07 11:15:35,689 DEBUG [138502] [] MenuForm: form value set 
2021-12-07 11:15:35,690 DEBUG [138502] [] ------------------------------/eccadmin_dev/Menu
2021-12-07 11:15:35,690 DEBUG [138502] [] ------------------------------login_start_check
2021-12-07 11:15:35,690 DEBUG [138502] [] indexAction start
2021-12-07 11:15:35,690 DEBUG [138502] [] admin_no is 1
2021-12-07 11:15:35,757 DEBUG [138502] [] indexAction end
2021-12-07 11:15:35,757 DEBUG [138502] [] MenuController end
2021-12-07 11:15:35,757 DEBUG [138502] [] finally
2021-12-07 11:15:45,053 DEBUG [138518] [] Request URI : /eccadmin_dev/WordBookRegist
2021-12-07 11:15:45,054 DEBUG [138518] [] WordBookRegistController start
2021-12-07 11:15:45,054 DEBUG [138518] [] controllers/WordBookRegistController.php: is not exist
2021-12-07 11:15:45,054 DEBUG [138518] [] finally
2021-12-07 11:15:45,075 DEBUG [138518] [] Request URI : /eccadmin_dev/Error/disp
2021-12-07 11:15:45,075 DEBUG [138518] [] ErrorController start
2021-12-07 11:15:45,075 DEBUG [138518] [] controllers/ErrorController.php: is exist
2021-12-07 11:15:45,076 DEBUG [138518] [] ErrorForm: is exist
2021-12-07 11:15:45,076 DEBUG [138518] [] ErrorForm: form value set 
2021-12-07 11:15:45,077 DEBUG [138518] [] ------------------------------/eccadmin_dev/Error/disp
2021-12-07 11:15:45,077 DEBUG [138518] [] ------------------------------login_start_check
2021-12-07 11:15:45,077 DEBUG [138518] [] dispAction start
2021-12-07 11:15:45,104 DEBUG [138518] [] dispAction end
2021-12-07 11:15:45,104 DEBUG [138518] [] ErrorController end
2021-12-07 11:15:45,105 DEBUG [138518] [] finally
2021-12-07 11:15:47,271 DEBUG [138518] [] Request URI : /eccadmin_dev/Login
2021-12-07 11:15:47,271 DEBUG [138518] [] LoginController start
2021-12-07 11:15:47,272 DEBUG [138518] [] controllers/LoginController.php: is exist
2021-12-07 11:15:47,275 DEBUG [138518] [] LoginForm: is exist
2021-12-07 11:15:47,275 DEBUG [138518] [] LoginForm: form value set 
2021-12-07 11:15:47,275 DEBUG [138518] [] ------------------------------/eccadmin_dev/Login
2021-12-07 11:15:47,275 DEBUG [138518] [] ------------------------------login_start_check
2021-12-07 11:15:47,276 DEBUG [138518] [] indexAction start
2021-12-07 11:15:47,308 DEBUG [138518] [] indexAction end
2021-12-07 11:15:47,308 DEBUG [138518] [] LoginController end
2021-12-07 11:15:47,309 DEBUG [138518] [] finally
2021-12-07 11:15:53,400 DEBUG [138327] [] Request URI : /eccadmin_dev/Login/login
2021-12-07 11:15:53,401 DEBUG [138327] [] LoginController start
2021-12-07 11:15:53,401 DEBUG [138327] [] controllers/LoginController.php: is exist
2021-12-07 11:15:53,404 DEBUG [138327] [] LoginForm: is exist
2021-12-07 11:15:53,404 DEBUG [138327] [] LoginForm: form value set 
2021-12-07 11:15:53,404 DEBUG [138327] [] ------------------------------/eccadmin_dev/Login/login
2021-12-07 11:15:53,404 DEBUG [138327] [] ------------------------------login_start_check
2021-12-07 11:15:53,405 DEBUG [138327] [] loginAction start
2021-12-07 11:15:53,710 DEBUG [138327] [] loginAction end
2021-12-07 11:15:53,710 DEBUG [138327] [] LoginController end
2021-12-07 11:15:53,710 DEBUG [138327] [] finally
2021-12-07 11:15:53,728 DEBUG [138327] [] Request URI : /eccadmin_dev/Menu
2021-12-07 11:15:53,729 DEBUG [138327] [] MenuController start
2021-12-07 11:15:53,729 DEBUG [138327] [] controllers/MenuController.php: is exist
2021-12-07 11:15:53,732 DEBUG [138327] [] MenuForm: is exist
2021-12-07 11:15:53,733 DEBUG [138327] [] MenuForm: form value set 
2021-12-07 11:15:53,733 DEBUG [138327] [] ------------------------------/eccadmin_dev/Menu
2021-12-07 11:15:53,733 DEBUG [138327] [] ------------------------------login_start_check
2021-12-07 11:15:53,733 DEBUG [138327] [] indexAction start
2021-12-07 11:15:53,734 DEBUG [138327] [] admin_no is 1
2021-12-07 11:15:53,799 DEBUG [138327] [] indexAction end
2021-12-07 11:15:53,799 DEBUG [138327] [] MenuController end
2021-12-07 11:15:53,799 DEBUG [138327] [] finally
2021-12-07 11:35:55,535 DEBUG [138780] [] Request URI : /eccadmin_dev/WordList
2021-12-07 11:35:55,539 DEBUG [138780] [] WordListController start
2021-12-07 11:35:55,539 DEBUG [138780] [] controllers/WordListController.php: is exist
2021-12-07 11:35:55,542 DEBUG [138780] [] WordListForm: is exist
2021-12-07 11:35:55,543 DEBUG [138780] [] WordListForm: form value set 
2021-12-07 11:35:55,543 DEBUG [138780] [] ------------------------------/eccadmin_dev/WordList
2021-12-07 11:35:55,543 DEBUG [138780] [] indexAction start
2021-12-07 11:35:55,544 DEBUG [138780] [] admin_no is 1
2021-12-07 11:35:55,628 DEBUG [138780] [] indexAction end
2021-12-07 11:35:55,628 DEBUG [138780] [] WordListController end
2021-12-07 11:35:55,628 DEBUG [138780] [] finally
2021-12-07 11:40:27,191 DEBUG [138740] [] Request URI : /eccadmin_dev/Login/logout
2021-12-07 11:40:27,192 DEBUG [138740] [] LoginController start
2021-12-07 11:40:27,192 DEBUG [138740] [] controllers/LoginController.php: is exist
2021-12-07 11:40:27,195 DEBUG [138740] [] LoginForm: is exist
2021-12-07 11:40:27,195 DEBUG [138740] [] LoginForm: form value set 
2021-12-07 11:40:27,196 DEBUG [138740] [] ------------------------------/eccadmin_dev/Login/logout
2021-12-07 11:40:27,196 DEBUG [138740] [] ------------------------------login_start_check
2021-12-07 11:40:27,196 DEBUG [138740] [] logoutAction start
2021-12-07 11:40:27,196 DEBUG [138740] [] logoutAction end
2021-12-07 11:40:27,196 DEBUG [138740] [] LoginController end
2021-12-07 11:40:27,196 DEBUG [138740] [] finally
2021-12-07 11:40:27,220 DEBUG [138740] [] Request URI : /eccadmin_dev/Login
2021-12-07 11:40:27,221 DEBUG [138740] [] LoginController start
2021-12-07 11:40:27,221 DEBUG [138740] [] controllers/LoginController.php: is exist
2021-12-07 11:40:27,224 DEBUG [138740] [] LoginForm: is exist
2021-12-07 11:40:27,224 DEBUG [138740] [] LoginForm: form value set 
2021-12-07 11:40:27,224 DEBUG [138740] [] ------------------------------/eccadmin_dev/Login
2021-12-07 11:40:27,224 DEBUG [138740] [] ------------------------------login_start_check
2021-12-07 11:40:27,225 DEBUG [138740] [] indexAction start
2021-12-07 11:40:27,255 DEBUG [138740] [] indexAction end
2021-12-07 11:40:27,255 DEBUG [138740] [] LoginController end
2021-12-07 11:40:27,255 DEBUG [138740] [] finally
2021-12-07 13:25:03,079 DEBUG [140195] [] Request URI : /eccadmin_dev/Login
2021-12-07 13:25:03,080 DEBUG [140195] [] LoginController start
2021-12-07 13:25:03,080 DEBUG [140195] [] controllers/LoginController.php: is exist
2021-12-07 13:25:03,083 DEBUG [140195] [] LoginForm: is exist
2021-12-07 13:25:03,083 DEBUG [140195] [] LoginForm: form value set 
2021-12-07 13:25:03,083 DEBUG [140195] [] ------------------------------/eccadmin_dev/Login
2021-12-07 13:25:03,084 DEBUG [140195] [] ------------------------------login_start_check
2021-12-07 13:25:03,084 DEBUG [140195] [] indexAction start
2021-12-07 13:25:03,114 DEBUG [140195] [] indexAction end
2021-12-07 13:25:03,114 DEBUG [140195] [] LoginController end
2021-12-07 13:25:03,114 DEBUG [140195] [] finally
2021-12-07 13:25:03,709 DEBUG [140195] [] Request URI : /eccadmin_dev/Login
2021-12-07 13:25:03,710 DEBUG [140195] [] LoginController start
2021-12-07 13:25:03,710 DEBUG [140195] [] controllers/LoginController.php: is exist
2021-12-07 13:25:03,713 DEBUG [140195] [] LoginForm: is exist
2021-12-07 13:25:03,713 DEBUG [140195] [] LoginForm: form value set 
2021-12-07 13:25:03,714 DEBUG [140195] [] ------------------------------/eccadmin_dev/Login
2021-12-07 13:25:03,714 DEBUG [140195] [] ------------------------------login_start_check
2021-12-07 13:25:03,714 DEBUG [140195] [] indexAction start
2021-12-07 13:25:03,745 DEBUG [140195] [] indexAction end
2021-12-07 13:25:03,745 DEBUG [140195] [] LoginController end
2021-12-07 13:25:03,745 DEBUG [140195] [] finally
2021-12-07 13:25:07,010 DEBUG [140195] [] Request URI : /eccadmin_dev/Login/login
2021-12-07 13:25:07,011 DEBUG [140195] [] LoginController start
2021-12-07 13:25:07,011 DEBUG [140195] [] controllers/LoginController.php: is exist
2021-12-07 13:25:07,014 DEBUG [140195] [] LoginForm: is exist
2021-12-07 13:25:07,014 DEBUG [140195] [] LoginForm: form value set 
2021-12-07 13:25:07,014 DEBUG [140195] [] ------------------------------/eccadmin_dev/Login/login
2021-12-07 13:25:07,014 DEBUG [140195] [] ------------------------------login_start_check
2021-12-07 13:25:07,015 DEBUG [140195] [] loginAction start
2021-12-07 13:25:07,314 DEBUG [140195] [] loginAction end
2021-12-07 13:25:07,314 DEBUG [140195] [] LoginController end
2021-12-07 13:25:07,314 DEBUG [140195] [] finally
2021-12-07 13:25:07,332 DEBUG [140195] [] Request URI : /eccadmin_dev/Menu
2021-12-07 13:25:07,332 DEBUG [140195] [] MenuController start
2021-12-07 13:25:07,332 DEBUG [140195] [] controllers/MenuController.php: is exist
2021-12-07 13:25:07,336 DEBUG [140195] [] MenuForm: is exist
2021-12-07 13:25:07,336 DEBUG [140195] [] MenuForm: form value set 
2021-12-07 13:25:07,337 DEBUG [140195] [] ------------------------------/eccadmin_dev/Menu
2021-12-07 13:25:07,337 DEBUG [140195] [] ------------------------------login_start_check
2021-12-07 13:25:07,337 DEBUG [140195] [] indexAction start
2021-12-07 13:25:07,337 DEBUG [140195] [] admin_no is 1
2021-12-07 13:25:07,403 DEBUG [140195] [] indexAction end
2021-12-07 13:25:07,403 DEBUG [140195] [] MenuController end
2021-12-07 13:25:07,403 DEBUG [140195] [] finally
2021-12-07 13:25:11,251 DEBUG [140195] [] Request URI : /eccadmin_dev/WordBookList
2021-12-07 13:25:11,252 DEBUG [140195] [] WordBookListController start
2021-12-07 13:25:11,252 DEBUG [140195] [] controllers/WordBookListController.php: is exist
2021-12-07 13:25:18,399 DEBUG [140167] [] Request URI : /eccadmin_dev/Menu
2021-12-07 13:25:18,400 DEBUG [140167] [] MenuController start
2021-12-07 13:25:18,400 DEBUG [140167] [] controllers/MenuController.php: is exist
2021-12-07 13:25:18,404 DEBUG [140167] [] MenuForm: is exist
2021-12-07 13:25:18,404 DEBUG [140167] [] MenuForm: form value set 
2021-12-07 13:25:18,404 DEBUG [140167] [] ------------------------------/eccadmin_dev/Menu
2021-12-07 13:25:18,404 DEBUG [140167] [] ------------------------------login_start_check
2021-12-07 13:25:18,405 DEBUG [140167] [] indexAction start
2021-12-07 13:25:18,405 DEBUG [140167] [] admin_no is 1
2021-12-07 13:25:18,470 DEBUG [140167] [] indexAction end
2021-12-07 13:25:18,470 DEBUG [140167] [] MenuController end
2021-12-07 13:25:18,471 DEBUG [140167] [] finally
2021-12-07 13:25:20,912 DEBUG [140167] [] Request URI : /eccadmin_dev/ReportList
2021-12-07 13:25:20,912 DEBUG [140167] [] ReportListController start
2021-12-07 13:25:20,912 DEBUG [140167] [] controllers/ReportListController.php: is exist
2021-12-07 13:25:20,918 DEBUG [140167] [] ReportListForm: is exist
2021-12-07 13:25:20,918 DEBUG [140167] [] ReportListForm: form value set 
2021-12-07 13:25:20,919 DEBUG [140167] [] ------------------------------/eccadmin_dev/ReportList
2021-12-07 13:25:20,919 DEBUG [140167] [] indexAction start
2021-12-07 13:25:20,919 DEBUG [140167] [] admin_no is 1
2021-12-07 13:25:20,999 DEBUG [140167] [] indexAction end
2021-12-07 13:25:20,999 DEBUG [140167] [] ReportListController end
2021-12-07 13:25:20,999 DEBUG [140167] [] finally
2021-12-07 13:25:27,955 DEBUG [140126] [] Request URI : /eccadmin_dev/ReportRegist/index
2021-12-07 13:25:27,956 DEBUG [140126] [] ReportRegistController start
2021-12-07 13:25:27,956 DEBUG [140126] [] controllers/ReportRegistController.php: is exist
2021-12-07 13:25:27,963 DEBUG [140126] [] ReportRegistForm: is exist
2021-12-07 13:25:27,964 DEBUG [140126] [] ReportRegistForm: form value set 
2021-12-07 13:25:27,964 DEBUG [140126] [] ------------------------------/eccadmin_dev/ReportRegist/index
2021-12-07 13:25:27,964 DEBUG [140126] [] ------------------------------session_check_true
2021-12-07 13:25:27,964 DEBUG [140126] [] indexAction start
2021-12-07 13:25:27,964 DEBUG [140126] [] admin_no is 1
2021-12-07 13:25:28,080 DEBUG [140126] [] indexAction end
2021-12-07 13:25:28,081 DEBUG [140126] [] ReportRegistController end
2021-12-07 13:25:28,081 DEBUG [140126] [] finally
2021-12-07 13:25:30,472 DEBUG [140126] [] Request URI : /eccadmin_dev/ReportTestRegist/index
2021-12-07 13:25:30,473 DEBUG [140126] [] ReportTestRegistController start
2021-12-07 13:25:30,473 DEBUG [140126] [] controllers/ReportTestRegistController.php: is exist
2021-12-07 13:25:30,479 DEBUG [140126] [] ReportTestRegistForm: is exist
2021-12-07 13:25:30,479 DEBUG [140126] [] ReportTestRegistForm: form value set 
2021-12-07 13:25:30,480 DEBUG [140126] [] ------------------------------/eccadmin_dev/ReportTestRegist/index
2021-12-07 13:25:30,480 DEBUG [140126] [] ------------------------------session_check_true
2021-12-07 13:25:30,480 DEBUG [140126] [] indexAction start
2021-12-07 13:25:30,480 DEBUG [140126] [] admin_no is 1
2021-12-07 13:25:30,517 DEBUG [140126] [] registerTestList
2021-12-07 13:25:30,517 DEBUG [140126] [] Array
(
    [0] => 49
    [1] => 183
    [2] => 53
)

2021-12-07 13:25:30,517 DEBUG [140126] [] resultList
2021-12-07 13:25:30,517 DEBUG [140126] [] Array
(
    [0] => T_Test_InfoDto Object
        (
            [org_no] => 1
            [test_info_no] => 49
            [test_info_name] => Audio Testing 22
            [long_description] => 
            [show_flg] => 
            [test_time] => 
            [status] => 公開
            [start_period] => 2020/11/28
            [end_period] => 2999/12/31
            [remarks] => Nothing
            [del_flg] => 
            [create_dt] => 
            [creater_id] => 
            [update_dt] => 
            [updater_id] => 
            [org_id] => ecc
        )

    [1] => T_Test_InfoDto Object
        (
            [org_no] => 1
            [test_info_no] => 53
            [test_info_name] => Cherry Test of ELCT_v1.0
            [long_description] => 
            [show_flg] => 
            [test_time] => 
            [status] => 公開
            [start_period] => 2020/11/28
            [end_period] => 2999/12/31
            [remarks] => 
            [del_flg] => 
            [create_dt] => 
            [creater_id] => 
            [update_dt] => 
            [updater_id] => 
            [org_id] => ecc
        )

    [2] => T_Test_InfoDto Object
        (
            [org_no] => 1
            [test_info_no] => 183
            [test_info_name] => 2021 TOEIC Test 3
            [long_description] => 
            [show_flg] => 
            [test_time] => 
            [status] => 公開
            [start_period] => 2021/07/28
            [end_period] => 2999/12/31
            [remarks] => 
            [del_flg] => 
            [create_dt] => 
            [creater_id] => 
            [update_dt] => 
            [updater_id] => 
            [org_id] => ecc
        )

    [3] => T_Test_InfoDto Object
        (
            [org_no] => 1
            [test_info_no] => 1
            [test_info_name] => cherry 20201126
            [long_description] => 
            [show_flg] => 
            [test_time] => 
            [status] => 公開
            [start_period] => 2020/11/17
            [end_period] => 2090/11/30
            [remarks] => 
            [del_flg] => 
            [create_dt] => 
            [creater_id] => 
            [update_dt] => 
            [updater_id] => 
            [org_id] => ecc
        )

    [4] => T_Test_InfoDto Object
        (
            [org_no] => 1
            [test_info_no] => 2
            [test_info_name] => NNH Test 1
            [long_description] => 
            [show_flg] => 
            [test_time] => 
            [status] => 公開
            [start_period] => 2020/11/23
            [end_period] => 2999/12/31
            [remarks] => nothing
            [del_flg] => 
            [create_dt] => 
            [creater_id] => 
            [update_dt] => 
            [updater_id] => 
            [org_id] => ecc
        )

    [5] => T_Test_InfoDto Object
        (
            [org_no] => 1
            [test_info_no] => 4
            [test_info_name] => NNH TestInfo Testing 1804
            [long_description] => 
            [show_flg] => 
            [test_time] => 
            [status] => 公開
            [start_period] => 2020/11/23
            [end_period] => 2999/12/31
            [remarks] => nothing
            [del_flg] => 
            [create_dt] => 
            [creater_id] => 
            [update_dt] => 
            [updater_id] => 
            [org_id] => ecc
        )

    [6] => T_Test_InfoDto Object
        (
            [org_no] => 1
            [test_info_no] => 8
            [test_info_name] => Copy NNH TestInfo Testing 3
            [long_description] => 
            [show_flg] => 
            [test_time] => 
            [status] => 公開
            [start_period] => 2020/11/25
            [end_period] => 2999/12/31
            [remarks] => nothing copy
            [del_flg] => 
            [create_dt] => 
            [creater_id] => 
            [update_dt] => 
            [updater_id] => 
            [org_id] => ecc
        )

    [7] => T_Test_InfoDto Object
        (
            [org_no] => 1
            [test_info_no] => 9
            [test_info_name] => テスト登録
            [long_description] => 
            [show_flg] => 
            [test_time] => 
            [status] => 公開
            [start_period] => 2020/11/25
            [end_period] => 2999/12/31
            [remarks] => 
            [del_flg] => 
            [create_dt] => 
            [creater_id] => 
            [update_dt] => 
            [updater_id] => 
            [org_id] => ecc
        )

    [8] => T_Test_InfoDto Object
        (
            [org_no] => 1
            [test_info_no] => 21
            [test_info_name] => Copy NNH TestInfo Testing 4
            [long_description] => 
            [show_flg] => 
            [test_time] => 
            [status] => 公開
            [start_period] => 2020/11/27
            [end_period] => 2999/12/31
            [remarks] => nothing copy
            [del_flg] => 
            [create_dt] => 
            [creater_id] => 
            [update_dt] => 
            [updater_id] => 
            [org_id] => ecc
        )

    [9] => T_Test_InfoDto Object
        (
            [org_no] => 1
            [test_info_no] => 22
            [test_info_name] => 123456789012345678901234567890123456789012334567890123
            [long_description] => 
            [show_flg] => 
            [test_time] => 
            [status] => 公開
            [start_period] => 2020/11/27
            [end_period] => 2999/12/31
            [remarks] => nothing copy
            [del_flg] => 
            [create_dt] => 
            [creater_id] => 
            [update_dt] => 
            [updater_id] => 
            [org_id] => ecc
        )

    [10] => T_Test_InfoDto Object
        (
            [org_no] => 1
            [test_info_no] => 23
            [test_info_name] => 1127_1_t
            [long_description] => 
            [show_flg] => 
            [test_time] => 
            [status] => 公開
            [start_period] => 2020/11/27
            [end_period] => 2999/12/31
            [remarks] => 
            [del_flg] => 
            [create_dt] => 
            [creater_id] => 
            [update_dt] => 
            [updater_id] => 
            [org_id] => ecc
        )

    [11] => T_Test_InfoDto Object
        (
            [org_no] => 1
            [test_info_no] => 25
            [test_info_name] => 1127_2
            [long_description] => 
            [show_flg] => 
            [test_time] => 
            [status] => 公開
            [start_period] => 2020/11/27
            [end_period] => 2999/12/31
            [remarks] => 
            [del_flg] => 
            [create_dt] => 
            [creater_id] => 
            [update_dt] => 
            [updater_id] => 
            [org_id] => ecc
        )

    [12] => T_Test_InfoDto Object
        (
            [org_no] => 1
            [test_info_no] => 26
            [test_info_name] => NNH Test 2
            [long_description] => 
            [show_flg] => 
            [test_time] => 
            [status] => 公開
            [start_period] => 2020/11/27
            [end_period] => 2999/12/31
            [remarks] => nothing
            [del_flg] => 
            [create_dt] => 
            [creater_id] => 
            [update_dt] => 
            [updater_id] => 
            [org_id] => ecc
        )

    [13] => T_Test_InfoDto Object
        (
            [org_no] => 1
            [test_info_no] => 27
            [test_info_name] => NNH Test 3
            [long_description] => 
            [show_flg] => 
            [test_time] => 
            [status] => 公開
            [start_period] => 2020/11/27
            [end_period] => 2999/12/31
            [remarks] => nothing
            [del_flg] => 
            [create_dt] => 
            [creater_id] => 
            [update_dt] => 
            [updater_id] => 
            [org_id] => ecc
        )

    [14] => T_Test_InfoDto Object
        (
            [org_no] => 1
            [test_info_no] => 28
            [test_info_name] => NNH Test 4
            [long_description] => 
            [show_flg] => 
            [test_time] => 
            [status] => 公開
            [start_period] => 2020/11/27
            [end_period] => 2999/12/31
            [remarks] => nothing
            [del_flg] => 
            [create_dt] => 
            [creater_id] => 
            [update_dt] => 
            [updater_id] => 
            [org_id] => ecc
        )

    [15] => T_Test_InfoDto Object
        (
            [org_no] => 1
            [test_info_no] => 29
            [test_info_name] => Copy NNH TestInfo Testing 5
            [long_description] => 
            [show_flg] => 
            [test_time] => 
            [status] => 公開
            [start_period] => 2020/11/27
            [end_period] => 2999/12/31
            [remarks] => nothing copy
            [del_flg] => 
            [create_dt] => 
            [creater_id] => 
            [update_dt] => 
            [updater_id] => 
            [org_id] => ecc
        )

    [16] => T_Test_InfoDto Object
        (
            [org_no] => 1
            [test_info_no] => 30
            [test_info_name] => NNH Test 6
            [long_description] => 
            [show_flg] => 
            [test_time] => 
            [status] => 公開
            [start_period] => 2020/11/27
            [end_period] => 2999/12/31
            [remarks] => nothing
            [del_flg] => 
            [create_dt] => 
            [creater_id] => 
            [update_dt] => 
            [updater_id] => 
            [org_id] => ecc
        )

    [17] => T_Test_InfoDto Object
        (
            [org_no] => 1
            [test_info_no] => 32
            [test_info_name] => NNH Test 7
            [long_description] => 
            [show_flg] => 
            [test_time] => 
            [status] => 公開
            [start_period] => 2020/11/27
            [end_period] => 2999/12/31
            [remarks] => nothing
            [del_flg] => 
            [create_dt] => 
            [creater_id] => 
            [update_dt] => 
            [updater_id] => 
            [org_id] => ecc
        )

    [18] => T_Test_InfoDto Object
        (
            [org_no] => 1
            [test_info_no] => 33
            [test_info_name] => NNH Test 8
            [long_description] => 
            [show_flg] => 
            [test_time] => 
            [status] => 公開
            [start_period] => 2020/11/27
            [end_period] => 2999/12/31
            [remarks] => nothing
            [del_flg] => 
            [create_dt] => 
            [creater_id] => 
            [update_dt] => 
            [updater_id] => 
            [org_id] => ecc
        )

    [19] => T_Test_InfoDto Object
        (
            [org_no] => 1
            [test_info_no] => 34
            [test_info_name] => NNH Test 10
            [long_description] => 
            [show_flg] => 
            [test_time] => 
            [status] => 公開
            [start_period] => 2020/11/27
            [end_period] => 2999/12/31
            [remarks] => nothing
            [del_flg] => 
            [create_dt] => 
            [creater_id] => 
            [update_dt] => 
            [updater_id] => 
            [org_id] => ecc
        )

    [20] => T_Test_InfoDto Object
        (
            [org_no] => 1
            [test_info_no] => 35
            [test_info_name] => NNH Test 11
            [long_description] => 
            [show_flg] => 
            [test_time] => 
            [status] => 公開
            [start_period] => 2020/11/27
            [end_period] => 2999/12/31
            [remarks] => nothing
            [del_flg] => 
            [create_dt] => 
            [creater_id] => 
            [update_dt] => 
            [updater_id] => 
            [org_id] => ecc
        )

    [21] => T_Test_InfoDto Object
        (
            [org_no] => 1
            [test_info_no] => 36
            [test_info_name] => NNH Test 12
            [long_description] => 
            [show_flg] => 
            [test_time] => 
            [status] => 公開
            [start_period] => 2020/11/27
            [end_period] => 2999/12/31
            [remarks] => nothing
            [del_flg] => 
            [create_dt] => 
            [creater_id] => 
            [update_dt] => 
            [updater_id] => 
            [org_id] => ecc
        )

    [22] => T_Test_InfoDto Object
        (
            [org_no] => 1
            [test_info_no] => 37
            [test_info_name] => NNH Test 13
            [long_description] => 
            [show_flg] => 
            [test_time] => 
            [status] => 公開
            [start_period] => 2020/11/27
            [end_period] => 2999/12/31
            [remarks] => nothing
            [del_flg] => 
            [create_dt] => 
            [creater_id] => 
            [update_dt] => 
            [updater_id] => 
            [org_id] => ecc
        )

    [23] => T_Test_InfoDto Object
        (
            [org_no] => 1
            [test_info_no] => 38
            [test_info_name] => NNH Test 14
            [long_description] => 
            [show_flg] => 
            [test_time] => 
            [status] => 公開
            [start_period] => 2020/11/27
            [end_period] => 2999/12/31
            [remarks] => nothing
            [del_flg] => 
            [create_dt] => 
            [creater_id] => 
            [update_dt] => 
            [updater_id] => 
            [org_id] => ecc
        )

    [24] => T_Test_InfoDto Object
        (
            [org_no] => 1
            [test_info_no] => 40
            [test_info_name] => NNH Test 15
            [long_description] => 
            [show_flg] => 
            [test_time] => 
            [status] => 公開
            [start_period] => 2020/11/27
            [end_period] => 2999/12/31
            [remarks] => nothing
            [del_flg] => 
            [create_dt] => 
            [creater_id] => 
            [update_dt] => 
            [updater_id] => 
            [org_id] => ecc
        )

    [25] => T_Test_InfoDto Object
        (
            [org_no] => 1
            [test_info_no] => 41
            [test_info_name] => NNH Test 18
            [long_description] => 
            [show_flg] => 
            [test_time] => 
            [status] => 公開
            [start_period] => 2020/11/28
            [end_period] => 2999/12/31
            [remarks] => nothing
            [del_flg] => 
            [create_dt] => 
            [creater_id] => 
            [update_dt] => 
            [updater_id] => 
            [org_id] => ecc
        )

    [26] => T_Test_InfoDto Object
        (
            [org_no] => 1
            [test_info_no] => 42
            [test_info_name] => 試験名表示件数を増やしテスト1234567890
            [long_description] => 
            [show_flg] => 
            [test_time] => 
            [status] => 公開
            [start_period] => 2020/11/28
            [end_period] => 2999/12/31
            [remarks] => nothing copy
            [del_flg] => 
            [create_dt] => 
            [creater_id] => 
            [update_dt] => 
            [updater_id] => 
            [org_id] => ecc
        )

    [27] => T_Test_InfoDto Object
        (
            [org_no] => 1
            [test_info_no] => 43
            [test_info_name] => Audio Testing
            [long_description] => 
            [show_flg] => 
            [test_time] => 
            [status] => 公開
            [start_period] => 2020/11/28
            [end_period] => 2999/12/31
            [remarks] => Nothing
            [del_flg] => 
            [create_dt] => 
            [creater_id] => 
            [update_dt] => 
            [updater_id] => 
            [org_id] => ecc
        )

    [28] => T_Test_InfoDto Object
        (
            [org_no] => 1
            [test_info_no] => 44
            [test_info_name] => Audio Testing 2
            [long_description] => 
            [show_flg] => 
            [test_time] => 
            [status] => 公開
            [start_period] => 2020/11/28
            [end_period] => 2999/12/31
            [remarks] => Nothing
            [del_flg] => 
            [create_dt] => 
            [creater_id] => 
            [update_dt] => 
            [updater_id] => 
            [org_id] => ecc
        )

    [29] => T_Test_InfoDto Object
        (
            [org_no] => 1
            [test_info_no] => 46
            [test_info_name] => Audio Testing 3
            [long_description] => 
            [show_flg] => 
            [test_time] => 
            [status] => 公開
            [start_period] => 2020/11/28
            [end_period] => 2999/12/31
            [remarks] => Nothing
            [del_flg] => 
            [create_dt] => 
            [creater_id] => 
            [update_dt] => 
            [updater_id] => 
            [org_id] => ecc
        )

    [30] => T_Test_InfoDto Object
        (
            [org_no] => 1
            [test_info_no] => 47
            [test_info_name] => Audio Testing 4
            [long_description] => 
            [show_flg] => 
            [test_time] => 
            [status] => 公開
            [start_period] => 2020/11/28
            [end_period] => 2999/12/31
            [remarks] => Nothing
            [del_flg] => 
            [create_dt] => 
            [creater_id] => 
            [update_dt] => 
            [updater_id] => 
            [org_id] => ecc
        )

    [31] => T_Test_InfoDto Object
        (
            [org_no] => 1
            [test_info_no] => 48
            [test_info_name] => ELCT_v1.0
            [long_description] => 
            [show_flg] => 
            [test_time] => 
            [status] => 公開
            [start_period] => 2020/11/28
            [end_period] => 2999/12/31
            [remarks] => 
            [del_flg] => 
            [create_dt] => 
            [creater_id] => 
            [update_dt] => 
            [updater_id] => 
            [org_id] => ecc
        )

    [32] => T_Test_InfoDto Object
        (
            [org_no] => 1
            [test_info_no] => 50
            [test_info_name] => Audio Testing 23
            [long_description] => 
            [show_flg] => 
            [test_time] => 
            [status] => 公開
            [start_period] => 2020/11/28
            [end_period] => 2999/12/31
            [remarks] => Nothing
            [del_flg] => 
            [create_dt] => 
            [creater_id] => 
            [update_dt] => 
            [updater_id] => 
            [org_id] => ecc
        )

    [33] => T_Test_InfoDto Object
        (
            [org_no] => 1
            [test_info_no] => 51
            [test_info_name] => Audio Testing 24
            [long_description] => 
            [show_flg] => 
            [test_time] => 
            [status] => 公開
            [start_period] => 2020/11/28
            [end_period] => 2999/12/31
            [remarks] => Nothing
            [del_flg] => 
            [create_dt] => 
            [creater_id] => 
            [update_dt] => 
            [updater_id] => 
            [org_id] => ecc
        )

    [34] => T_Test_InfoDto Object
        (
            [org_no] => 1
            [test_info_no] => 52
            [test_info_name] => Audio Testing 25
            [long_description] => 
            [show_flg] => 
            [test_time] => 
            [status] => 公開
            [start_period] => 2020/11/28
            [end_period] => 2999/12/31
            [remarks] => Nothing
            [del_flg] => 
            [create_dt] => 
            [creater_id] => 
            [update_dt] => 
            [updater_id] => 
            [org_id] => ecc
        )

    [35] => T_Test_InfoDto Object
        (
            [org_no] => 1
            [test_info_no] => 54
            [test_info_name] => Audio Testing 28
            [long_description] => 
            [show_flg] => 
            [test_time] => 
            [status] => 公開
            [start_period] => 2020/11/28
            [end_period] => 2999/12/31
            [remarks] => Nothing
            [del_flg] => 
            [create_dt] => 
            [creater_id] => 
            [update_dt] => 
            [updater_id] => 
            [org_id] => ecc
        )

    [36] => T_Test_InfoDto Object
        (
            [org_no] => 1
            [test_info_no] => 55
            [test_info_name] => Audio Testing 29
            [long_description] => 
            [show_flg] => 
            [test_time] => 
            [status] => 公開
            [start_period] => 2020/11/28
            [end_period] => 2999/12/31
            [remarks] => Nothing
            [del_flg] => 
            [create_dt] => 
            [creater_id] => 
            [update_dt] => 
            [updater_id] => 
            [org_id] => ecc
        )

    [37] => T_Test_InfoDto Object
        (
            [org_no] => 1
            [test_info_no] => 56
            [test_info_name] => Audio Testing 30
            [long_description] => 
            [show_flg] => 
            [test_time] => 
            [status] => 公開
            [start_period] => 2020/11/28
            [end_period] => 2999/12/31
            [remarks] => Nothing
            [del_flg] => 
            [create_dt] => 
            [creater_id] => 
            [update_dt] => 
            [updater_id] => 
            [org_id] => ecc
        )

    [38] => T_Test_InfoDto Object
        (
            [org_no] => 1
            [test_info_no] => 64
            [test_info_name] => Audio 3 Testing 1
            [long_description] => 
            [show_flg] => 
            [test_time] => 
            [status] => 公開
            [start_period] => 2020/11/30
            [end_period] => 2999/12/31
            [remarks] => nothing copy
            [del_flg] => 
            [create_dt] => 
            [creater_id] => 
            [update_dt] => 
            [updater_id] => 
            [org_id] => ecc
        )

    [39] => T_Test_InfoDto Object
        (
            [org_no] => 1
            [test_info_no] => 65
            [test_info_name] => Audio Testing 31
            [long_description] => 
            [show_flg] => 
            [test_time] => 
            [status] => 公開
            [start_period] => 2020/11/30
            [end_period] => 2999/12/31
            [remarks] => Nothing
            [del_flg] => 
            [create_dt] => 
            [creater_id] => 
            [update_dt] => 
            [updater_id] => 
            [org_id] => ecc
        )

    [40] => T_Test_InfoDto Object
        (
            [org_no] => 1
            [test_info_no] => 66
            [test_info_name] => Audio Testing 32
            [long_description] => 
            [show_flg] => 
            [test_time] => 
            [status] => 公開
            [start_period] => 2020/11/30
            [end_period] => 2999/12/31
            [remarks] => Nothing
            [del_flg] => 
            [create_dt] => 
            [creater_id] => 
            [update_dt] => 
            [updater_id] => 
            [org_id] => ecc
        )

    [41] => T_Test_InfoDto Object
        (
            [org_no] => 1
            [test_info_no] => 67
            [test_info_name] => kids
            [long_description] => 
            [show_flg] => 
            [test_time] => 
            [status] => 公開
            [start_period] => 2020/11/30
            [end_period] => 2999/12/31
            [remarks] => 
            [del_flg] => 
            [create_dt] => 
            [creater_id] => 
            [update_dt] => 
            [updater_id] => 
            [org_id] => ecc
        )

    [42] => T_Test_InfoDto Object
        (
            [org_no] => 1
            [test_info_no] => 70
            [test_info_name] => Copy NNH Audio Testing
            [long_description] => 
            [show_flg] => 
            [test_time] => 
            [status] => 公開
            [start_period] => 2020/11/30
            [end_period] => 2999/12/31
            [remarks] => 
            [del_flg] => 
            [create_dt] => 
            [creater_id] => 
            [update_dt] => 
            [updater_id] => 
            [org_id] => ecc
        )

    [43] => T_Test_InfoDto Object
        (
            [org_no] => 1
            [test_info_no] => 72
            [test_info_name] => New Line Testing
            [long_description] => 
            [show_flg] => 
            [test_time] => 
            [status] => 公開
            [start_period] => 2020/11/30
            [end_period] => 2999/12/31
            [remarks] => Nothing
            [del_flg] => 
            [create_dt] => 
            [creater_id] => 
            [update_dt] => 
            [updater_id] => 
            [org_id] => ecc
        )

    [44] => T_Test_InfoDto Object
        (
            [org_no] => 1
            [test_info_no] => 73
            [test_info_name] => Cherry Test ELCT_v1.0
            [long_description] => 
            [show_flg] => 
            [test_time] => 
            [status] => 公開
            [start_period] => 2020/12/01
            [end_period] => 2999/12/31
            [remarks] => 
            [del_flg] => 
            [create_dt] => 
            [creater_id] => 
            [update_dt] => 
            [updater_id] => 
            [org_id] => ecc
        )

    [45] => T_Test_InfoDto Object
        (
            [org_no] => 1
            [test_info_no] => 78
            [test_info_name] => Cherry Test 20201209
            [long_description] => 
            [show_flg] => 
            [test_time] => 
            [status] => 公開
            [start_period] => 2020/12/09
            [end_period] => 2999/12/31
            [remarks] => 
            [del_flg] => 
            [create_dt] => 
            [creater_id] => 
            [update_dt] => 
            [updater_id] => 
            [org_id] => ecc
        )

    [46] => T_Test_InfoDto Object
        (
            [org_no] => 1
            [test_info_no] => 81
            [test_info_name] => cherry 20201209
            [long_description] => 
            [show_flg] => 
            [test_time] => 
            [status] => 公開
            [start_period] => 2020/12/09
            [end_period] => 2999/12/31
            [remarks] => 
            [del_flg] => 
            [create_dt] => 
            [creater_id] => 
            [update_dt] => 
            [updater_id] => 
            [org_id] => ecc
        )

    [47] => T_Test_InfoDto Object
        (
            [org_no] => 1
            [test_info_no] => 82
            [test_info_name] => English Quz Test by cherry
            [long_description] => 
            [show_flg] => 
            [test_time] => 
            [status] => 公開
            [start_period] => 2020/12/10
            [end_period] => 2999/12/31
            [remarks] => 
            [del_flg] => 
            [create_dt] => 
            [creater_id] => 
            [update_dt] => 
            [updater_id] => 
            [org_id] => ecc
        )

    [48] => T_Test_InfoDto Object
        (
            [org_no] => 1
            [test_info_no] => 83
            [test_info_name] => Test for only one quiz
            [long_description] => 
            [show_flg] => 
            [test_time] => 
            [status] => 公開
            [start_period] => 2020/12/21
            [end_period] => 2999/12/31
            [remarks] => 
            [del_flg] => 
            [create_dt] => 
            [creater_id] => 
            [update_dt] => 
            [updater_id] => 
            [org_id] => ecc
        )

    [49] => T_Test_InfoDto Object
        (
            [org_no] => 1
            [test_info_no] => 84
            [test_info_name] => new test 20201224
            [long_description] => 
            [show_flg] => 
            [test_time] => 
            [status] => 公開
            [start_period] => 2020/12/24
            [end_period] => 2999/12/31
            [remarks] => 
            [del_flg] => 
            [create_dt] => 
            [creater_id] => 
            [update_dt] => 
            [updater_id] => 
            [org_id] => ecc
        )

    [50] => T_Test_InfoDto Object
        (
            [org_no] => 1
            [test_info_no] => 91
            [test_info_name] => Copy NNH TestInfo Testing 1
            [long_description] => 
            [show_flg] => 
            [test_time] => 
            [status] => 公開
            [start_period] => 2021/05/12
            [end_period] => 2999/12/31
            [remarks] => nothing copy
            [del_flg] => 
            [create_dt] => 
            [creater_id] => 
            [update_dt] => 
            [updater_id] => 
            [org_id] => ecc
        )

    [51] => T_Test_InfoDto Object
        (
            [org_no] => 1
            [test_info_no] => 93
            [test_info_name] => 20210716 Test
            [long_description] => 
            [show_flg] => 
            [test_time] => 
            [status] => 公開
            [start_period] => 2021/07/16
            [end_period] => 2999/12/31
            [remarks] => 
            [del_flg] => 
            [create_dt] => 
            [creater_id] => 
            [update_dt] => 
            [updater_id] => 
            [org_id] => ecc
        )

    [52] => T_Test_InfoDto Object
        (
            [org_no] => 1
            [test_info_no] => 181
            [test_info_name] => 2021 TOEIC Test 1
            [long_description] => 
            [show_flg] => 
            [test_time] => 
            [status] => 公開
            [start_period] => 2021/07/28
            [end_period] => 2999/12/31
            [remarks] => 
            [del_flg] => 
            [create_dt] => 
            [creater_id] => 
            [update_dt] => 
            [updater_id] => 
            [org_id] => ecc
        )

    [53] => T_Test_InfoDto Object
        (
            [org_no] => 1
            [test_info_no] => 182
            [test_info_name] => 2021 TOEIC Test 2
            [long_description] => 
            [show_flg] => 
            [test_time] => 
            [status] => 公開
            [start_period] => 2021/07/28
            [end_period] => 2999/12/31
            [remarks] => 
            [del_flg] => 
            [create_dt] => 
            [creater_id] => 
            [update_dt] => 
            [updater_id] => 
            [org_id] => ecc
        )

    [54] => T_Test_InfoDto Object
        (
            [org_no] => 1
            [test_info_no] => 185
            [test_info_name] => 2021 TOEIC Test 5
            [long_description] => 
            [show_flg] => 
            [test_time] => 
            [status] => 公開
            [start_period] => 2021/07/28
            [end_period] => 2999/12/31
            [remarks] => 
            [del_flg] => 
            [create_dt] => 
            [creater_id] => 
            [update_dt] => 
            [updater_id] => 
            [org_id] => ecc
        )

    [55] => T_Test_InfoDto Object
        (
            [org_no] => 1
            [test_info_no] => 187
            [test_info_name] => 2021 TOEIC Test 7-29
            [long_description] => 
            [show_flg] => 
            [test_time] => 
            [status] => 公開
            [start_period] => 2021/07/29
            [end_period] => 2999/12/31
            [remarks] => 
            [del_flg] => 
            [create_dt] => 
            [creater_id] => 
            [update_dt] => 
            [updater_id] => 
            [org_id] => ecc
        )

    [56] => T_Test_InfoDto Object
        (
            [org_no] => 1
            [test_info_no] => 194
            [test_info_name] => 2021 TOEIC Test 7-29 No 2
            [long_description] => 
            [show_flg] => 
            [test_time] => 
            [status] => 公開
            [start_period] => 2021/07/29
            [end_period] => 2999/12/31
            [remarks] => 
            [del_flg] => 
            [create_dt] => 
            [creater_id] => 
            [update_dt] => 
            [updater_id] => 
            [org_id] => ecc
        )

    [57] => T_Test_InfoDto Object
        (
            [org_no] => 1
            [test_info_no] => 195
            [test_info_name] => 2021 TOEIC Test 7-29 No 3
            [long_description] => 
            [show_flg] => 
            [test_time] => 
            [status] => 公開
            [start_period] => 2021/07/29
            [end_period] => 2999/12/31
            [remarks] => 
            [del_flg] => 
            [create_dt] => 
            [creater_id] => 
            [update_dt] => 
            [updater_id] => 
            [org_id] => ecc
        )

    [58] => T_Test_InfoDto Object
        (
            [org_no] => 1
            [test_info_no] => 255
            [test_info_name] => Copy 8-17  ECC TOEIC Test 99999
            [long_description] => 
            [show_flg] => 
            [test_time] => 
            [status] => 公開
            [start_period] => 2021/08/17
            [end_period] => 2999/12/31
            [remarks] => 
            [del_flg] => 
            [create_dt] => 
            [creater_id] => 
            [update_dt] => 
            [updater_id] => 
            [org_id] => ecc
        )

    [59] => T_Test_InfoDto Object
        (
            [org_no] => 1
            [test_info_no] => 256
            [test_info_name] => Copy 8-17  GIC to ECC
            [long_description] => 
            [show_flg] => 
            [test_time] => 
            [status] => 公開
            [start_period] => 2021/08/17
            [end_period] => 2999/12/31
            [remarks] => 
            [del_flg] => 
            [create_dt] => 
            [creater_id] => 
            [update_dt] => 
            [updater_id] => 
            [org_id] => ecc
        )

    [60] => T_Test_InfoDto Object
        (
            [org_no] => 1
            [test_info_no] => 257
            [test_info_name] => Copy 8-17  GIC to ECC 2
            [long_description] => 
            [show_flg] => 
            [test_time] => 
            [status] => 公開
            [start_period] => 2021/08/17
            [end_period] => 2999/12/31
            [remarks] => 
            [del_flg] => 
            [create_dt] => 
            [creater_id] => 
            [update_dt] => 
            [updater_id] => 
            [org_id] => ecc
        )

    [61] => T_Test_InfoDto Object
        (
            [org_no] => 1
            [test_info_no] => 259
            [test_info_name] => Copy 8-17  GIC to ECC 3
            [long_description] => 
            [show_flg] => 
            [test_time] => 
            [status] => 公開
            [start_period] => 2021/08/17
            [end_period] => 2999/12/31
            [remarks] => 
            [del_flg] => 
            [create_dt] => 
            [creater_id] => 
            [update_dt] => 
            [updater_id] => 
            [org_id] => ecc
        )

    [62] => T_Test_InfoDto Object
        (
            [org_no] => 1
            [test_info_no] => 278
            [test_info_name] => ELCT_v1.0 Listening
            [long_description] => 
            [show_flg] => 
            [test_time] => 
            [status] => 公開
            [start_period] => 2021/11/25
            [end_period] => 2999/12/31
            [remarks] => 
            [del_flg] => 
            [create_dt] => 
            [creater_id] => 
            [update_dt] => 
            [updater_id] => 
            [org_id] => ecc
        )

    [63] => T_Test_InfoDto Object
        (
            [org_no] => 1
            [test_info_no] => 281
            [test_info_name] => ELCT_v1.0 Reading
            [long_description] => 
            [show_flg] => 
            [test_time] => 
            [status] => 公開
            [start_period] => 2021/11/26
            [end_period] => 2999/12/31
            [remarks] => 
            [del_flg] => 
            [create_dt] => 
            [creater_id] => 
            [update_dt] => 
            [updater_id] => 
            [org_id] => ecc
        )

)

2021-12-07 13:25:30,653 DEBUG [140126] [] indexAction end
2021-12-07 13:25:30,653 DEBUG [140126] [] ReportTestRegistController end
2021-12-07 13:25:30,653 DEBUG [140126] [] finally
2021-12-07 13:34:59,994 DEBUG [140304] [] Request URI : /eccadmin_dev/ReportTestRegist/back
2021-12-07 13:34:59,995 DEBUG [140304] [] ReportTestRegistController start
2021-12-07 13:34:59,995 DEBUG [140304] [] controllers/ReportTestRegistController.php: is exist
2021-12-07 13:35:00,001 DEBUG [140304] [] ReportTestRegistForm: is exist
2021-12-07 13:35:00,001 DEBUG [140304] [] ReportTestRegistForm: form value set 
2021-12-07 13:35:00,002 DEBUG [140304] [] ------------------------------/eccadmin_dev/ReportTestRegist/back
2021-12-07 13:35:00,002 DEBUG [140304] [] ------------------------------session_check_true
2021-12-07 13:35:00,002 DEBUG [140304] [] backAction start
2021-12-07 13:35:00,002 DEBUG [140304] [] backAction end
2021-12-07 13:35:00,002 DEBUG [140304] [] ReportTestRegistController end
2021-12-07 13:35:00,002 DEBUG [140304] [] finally
2021-12-07 13:35:00,066 DEBUG [140304] [] Request URI : /eccadmin_dev/ReportList/Search
2021-12-07 13:35:00,066 DEBUG [140304] [] ReportListController start
2021-12-07 13:35:00,066 DEBUG [140304] [] controllers/ReportListController.php: is exist
2021-12-07 13:35:00,072 DEBUG [140304] [] ReportListForm: is exist
2021-12-07 13:35:00,072 DEBUG [140304] [] ReportListForm: form value set 
2021-12-07 13:35:00,072 DEBUG [140304] [] ------------------------------/eccadmin_dev/ReportList/Search
2021-12-07 13:35:00,073 DEBUG [140304] [] SearchAction start
2021-12-07 13:35:00,073 DEBUG [140304] [] --------back--------
2021-12-07 13:35:00,073 DEBUG [140304] [] admin_no is 1
2021-12-07 13:35:00,153 DEBUG [140304] [] SearchAction end
2021-12-07 13:35:00,153 DEBUG [140304] [] ReportListController end
2021-12-07 13:35:00,153 DEBUG [140304] [] finally
2021-12-07 13:35:11,379 DEBUG [140309] [] Request URI : /eccadmin_dev/ReportRegist/index
2021-12-07 13:35:11,379 DEBUG [140309] [] ReportRegistController start
2021-12-07 13:35:11,380 DEBUG [140309] [] controllers/ReportRegistController.php: is exist
2021-12-07 13:35:11,387 DEBUG [140309] [] ReportRegistForm: is exist
2021-12-07 13:35:11,388 DEBUG [140309] [] ReportRegistForm: form value set 
2021-12-07 13:35:11,388 DEBUG [140309] [] ------------------------------/eccadmin_dev/ReportRegist/index
2021-12-07 13:35:11,388 DEBUG [140309] [] ------------------------------session_check_true
2021-12-07 13:35:11,388 DEBUG [140309] [] indexAction start
2021-12-07 13:35:11,389 DEBUG [140309] [] admin_no is 1
2021-12-07 13:35:11,477 DEBUG [140309] [] indexAction end
2021-12-07 13:35:11,477 DEBUG [140309] [] ReportRegistController end
2021-12-07 13:35:11,477 DEBUG [140309] [] finally
2021-12-07 13:35:13,405 DEBUG [140309] [] Request URI : /eccadmin_dev/ReportTestRegist/index
2021-12-07 13:35:13,406 DEBUG [140309] [] ReportTestRegistController start
2021-12-07 13:35:13,406 DEBUG [140309] [] controllers/ReportTestRegistController.php: is exist
2021-12-07 13:35:13,412 DEBUG [140309] [] ReportTestRegistForm: is exist
2021-12-07 13:35:13,413 DEBUG [140309] [] ReportTestRegistForm: form value set 
2021-12-07 13:35:13,413 DEBUG [140309] [] ------------------------------/eccadmin_dev/ReportTestRegist/index
2021-12-07 13:35:13,413 DEBUG [140309] [] ------------------------------session_check_true
2021-12-07 13:35:13,413 DEBUG [140309] [] indexAction start
2021-12-07 13:35:13,413 DEBUG [140309] [] admin_no is 1
2021-12-07 13:35:13,414 DEBUG [140309] [] rollback
2021-12-07 13:35:13,415 ERROR [140309] [] 予期しない例外が発生しました。
exception 'PDOException' with message 'SQLSTATE[42000]: Syntax error or access violation: 1055 Expression #1 of ORDER BY clause is not in GROUP BY clause and contains nonaggregated column 'dev.report_test.disp_no' which is not functionally dependent on columns in GROUP BY clause; this is incompatible with sql_mode=only_full_group_by' in /var/www/html/eccadmin_dev/dao/T_ReportTestAssignmentDao.php:58
Stack trace:
#0 /var/www/html/eccadmin_dev/dao/T_ReportTestAssignmentDao.php(58): PDO->prepare(' SELECT  distin...')
#1 /var/www/html/eccadmin_dev/service/ReportService.php(132): T_ReportTestAssignmentDao->getTestInfoListData(Object(ReportTestRegistForm), '0')
#2 /var/www/html/eccadmin_dev/controllers/ReportTestRegistController.php(74): ReportService->getTestInfoListData(Object(ReportTestRegistForm), '0')
#3 /var/www/html/eccadmin_dev/controllers/ReportTestRegistController.php(44): ReportTestRegistController->search()
#4 /var/www/html/eccadmin_dev/fw/Dispatcher.php(127): ReportTestRegistController->indexAction()
#5 /var/www/html/eccadmin_dev/index.php(31): Dispatcher->dispatch()
#6 {main}
2021-12-07 13:35:13,424 DEBUG [140309] [] finally
2021-12-07 13:35:13,885 DEBUG [140309] [] Request URI : /eccadmin_dev/Error/disp
2021-12-07 13:35:13,886 DEBUG [140309] [] ErrorController start
2021-12-07 13:35:13,886 DEBUG [140309] [] controllers/ErrorController.php: is exist
2021-12-07 13:35:13,887 DEBUG [140309] [] ErrorForm: is exist
2021-12-07 13:35:13,887 DEBUG [140309] [] ErrorForm: form value set 
2021-12-07 13:35:13,888 DEBUG [140309] [] ------------------------------/eccadmin_dev/Error/disp
2021-12-07 13:35:13,888 DEBUG [140309] [] ------------------------------login_start_check
2021-12-07 13:35:13,888 DEBUG [140309] [] dispAction start
2021-12-07 13:35:13,917 DEBUG [140309] [] dispAction end
2021-12-07 13:35:13,917 DEBUG [140309] [] ErrorController end
2021-12-07 13:35:13,917 DEBUG [140309] [] finally
2021-12-07 13:36:36,716 DEBUG [140255] [] Request URI : /eccadmin_dev/Login
2021-12-07 13:36:36,717 DEBUG [140255] [] LoginController start
2021-12-07 13:36:36,717 DEBUG [140255] [] controllers/LoginController.php: is exist
2021-12-07 13:36:36,720 DEBUG [140255] [] LoginForm: is exist
2021-12-07 13:36:36,720 DEBUG [140255] [] LoginForm: form value set 
2021-12-07 13:36:36,721 DEBUG [140255] [] ------------------------------/eccadmin_dev/Login
2021-12-07 13:36:36,721 DEBUG [140255] [] ------------------------------login_start_check
2021-12-07 13:36:36,721 DEBUG [140255] [] indexAction start
2021-12-07 13:36:36,754 DEBUG [140255] [] indexAction end
2021-12-07 13:36:36,754 DEBUG [140255] [] LoginController end
2021-12-07 13:36:36,754 DEBUG [140255] [] finally
2021-12-07 13:36:40,836 DEBUG [140255] [] Request URI : /eccadmin_dev/Login/login
2021-12-07 13:36:40,837 DEBUG [140255] [] LoginController start
2021-12-07 13:36:40,837 DEBUG [140255] [] controllers/LoginController.php: is exist
2021-12-07 13:36:40,840 DEBUG [140255] [] LoginForm: is exist
2021-12-07 13:36:40,840 DEBUG [140255] [] LoginForm: form value set 
2021-12-07 13:36:40,841 DEBUG [140255] [] ------------------------------/eccadmin_dev/Login/login
2021-12-07 13:36:40,841 DEBUG [140255] [] ------------------------------login_start_check
2021-12-07 13:36:40,841 DEBUG [140255] [] loginAction start
2021-12-07 13:36:41,150 DEBUG [140255] [] loginAction end
2021-12-07 13:36:41,150 DEBUG [140255] [] LoginController end
2021-12-07 13:36:41,150 DEBUG [140255] [] finally
2021-12-07 13:36:41,190 DEBUG [140255] [] Request URI : /eccadmin_dev/Menu
2021-12-07 13:36:41,190 DEBUG [140255] [] MenuController start
2021-12-07 13:36:41,191 DEBUG [140255] [] controllers/MenuController.php: is exist
2021-12-07 13:36:41,193 DEBUG [140255] [] MenuForm: is exist
2021-12-07 13:36:41,194 DEBUG [140255] [] MenuForm: form value set 
2021-12-07 13:36:41,194 DEBUG [140255] [] ------------------------------/eccadmin_dev/Menu
2021-12-07 13:36:41,194 DEBUG [140255] [] ------------------------------login_start_check
2021-12-07 13:36:41,194 DEBUG [140255] [] indexAction start
2021-12-07 13:36:41,194 DEBUG [140255] [] admin_no is 1
2021-12-07 13:36:41,251 DEBUG [140255] [] indexAction end
2021-12-07 13:36:41,252 DEBUG [140255] [] MenuController end
2021-12-07 13:36:41,252 DEBUG [140255] [] finally
2021-12-07 13:36:44,625 DEBUG [140255] [] Request URI : /eccadmin_dev/ReportList
2021-12-07 13:36:44,625 DEBUG [140255] [] ReportListController start
2021-12-07 13:36:44,625 DEBUG [140255] [] controllers/ReportListController.php: is exist
2021-12-07 13:36:44,631 DEBUG [140255] [] ReportListForm: is exist
2021-12-07 13:36:44,631 DEBUG [140255] [] ReportListForm: form value set 
2021-12-07 13:36:44,632 DEBUG [140255] [] ------------------------------/eccadmin_dev/ReportList
2021-12-07 13:36:44,632 DEBUG [140255] [] indexAction start
2021-12-07 13:36:44,632 DEBUG [140255] [] admin_no is 1
2021-12-07 13:36:44,711 DEBUG [140255] [] indexAction end
2021-12-07 13:36:44,711 DEBUG [140255] [] ReportListController end
2021-12-07 13:36:44,711 DEBUG [140255] [] finally
2021-12-07 13:36:50,736 DEBUG [140247] [] Request URI : /eccadmin_dev/ReportRegist/index
2021-12-07 13:36:50,737 DEBUG [140247] [] ReportRegistController start
2021-12-07 13:36:50,737 DEBUG [140247] [] controllers/ReportRegistController.php: is exist
2021-12-07 13:36:50,745 DEBUG [140247] [] ReportRegistForm: is exist
2021-12-07 13:36:50,745 DEBUG [140247] [] ReportRegistForm: form value set 
2021-12-07 13:36:50,746 DEBUG [140247] [] ------------------------------/eccadmin_dev/ReportRegist/index
2021-12-07 13:36:50,746 DEBUG [140247] [] ------------------------------session_check_true
2021-12-07 13:36:50,746 DEBUG [140247] [] indexAction start
2021-12-07 13:36:50,746 DEBUG [140247] [] admin_no is 1
2021-12-07 13:36:50,831 DEBUG [140247] [] indexAction end
2021-12-07 13:36:50,831 DEBUG [140247] [] ReportRegistController end
2021-12-07 13:36:50,831 DEBUG [140247] [] finally
2021-12-07 13:36:52,924 DEBUG [140247] [] Request URI : /eccadmin_dev/ReportTestRegist/index
2021-12-07 13:36:52,925 DEBUG [140247] [] ReportTestRegistController start
2021-12-07 13:36:52,925 DEBUG [140247] [] controllers/ReportTestRegistController.php: is exist
2021-12-07 13:36:52,931 DEBUG [140247] [] ReportTestRegistForm: is exist
2021-12-07 13:36:52,931 DEBUG [140247] [] ReportTestRegistForm: form value set 
2021-12-07 13:36:52,932 DEBUG [140247] [] ------------------------------/eccadmin_dev/ReportTestRegist/index
2021-12-07 13:36:52,932 DEBUG [140247] [] ------------------------------session_check_true
2021-12-07 13:36:52,932 DEBUG [140247] [] indexAction start
2021-12-07 13:36:52,932 DEBUG [140247] [] admin_no is 1
2021-12-07 13:36:52,933 DEBUG [140247] [] rollback
2021-12-07 13:36:52,933 ERROR [140247] [] 予期しない例外が発生しました。
exception 'PDOException' with message 'SQLSTATE[HY000]: General error: 3065 Expression #1 of ORDER BY clause is not in SELECT list, references column 'dev.report_test.disp_no' which is not in SELECT list; this is incompatible with DISTINCT' in /var/www/html/eccadmin_dev/dao/T_ReportTestAssignmentDao.php:58
Stack trace:
#0 /var/www/html/eccadmin_dev/dao/T_ReportTestAssignmentDao.php(58): PDO->prepare(' SELECT  distin...')
#1 /var/www/html/eccadmin_dev/service/ReportService.php(132): T_ReportTestAssignmentDao->getTestInfoListData(Object(ReportTestRegistForm), '0')
#2 /var/www/html/eccadmin_dev/controllers/ReportTestRegistController.php(74): ReportService->getTestInfoListData(Object(ReportTestRegistForm), '0')
#3 /var/www/html/eccadmin_dev/controllers/ReportTestRegistController.php(44): ReportTestRegistController->search()
#4 /var/www/html/eccadmin_dev/fw/Dispatcher.php(127): ReportTestRegistController->indexAction()
#5 /var/www/html/eccadmin_dev/index.php(31): Dispatcher->dispatch()
#6 {main}
2021-12-07 13:36:52,934 DEBUG [140247] [] finally
2021-12-07 13:36:52,970 DEBUG [140247] [] Request URI : /eccadmin_dev/Error/disp
2021-12-07 13:36:52,970 DEBUG [140247] [] ErrorController start
2021-12-07 13:36:52,970 DEBUG [140247] [] controllers/ErrorController.php: is exist
2021-12-07 13:36:52,971 DEBUG [140247] [] ErrorForm: is exist
2021-12-07 13:36:52,971 DEBUG [140247] [] ErrorForm: form value set 
2021-12-07 13:36:52,972 DEBUG [140247] [] ------------------------------/eccadmin_dev/Error/disp
2021-12-07 13:36:52,972 DEBUG [140247] [] ------------------------------login_start_check
2021-12-07 13:36:52,972 DEBUG [140247] [] dispAction start
2021-12-07 13:36:52,999 DEBUG [140247] [] dispAction end
2021-12-07 13:36:53,000 DEBUG [140247] [] ErrorController end
2021-12-07 13:36:53,000 DEBUG [140247] [] finally
2021-12-07 14:02:42,914 DEBUG [140567] [] Request URI : /eccadmin_dev/Login
2021-12-07 14:02:42,914 DEBUG [140567] [] LoginController start
2021-12-07 14:02:42,915 DEBUG [140567] [] controllers/LoginController.php: is exist
2021-12-07 14:02:42,917 DEBUG [140567] [] LoginForm: is exist
2021-12-07 14:02:42,918 DEBUG [140567] [] LoginForm: form value set 
2021-12-07 14:02:42,918 DEBUG [140567] [] ------------------------------/eccadmin_dev/Login
2021-12-07 14:02:42,918 DEBUG [140567] [] ------------------------------login_start_check
2021-12-07 14:02:42,919 DEBUG [140567] [] indexAction start
2021-12-07 14:02:42,951 DEBUG [140567] [] indexAction end
2021-12-07 14:02:42,951 DEBUG [140567] [] LoginController end
2021-12-07 14:02:42,951 DEBUG [140567] [] finally
2021-12-07 17:52:23,496 DEBUG [145129] [] Request URI : /eccadmin_dev/Login
2021-12-07 17:52:23,499 DEBUG [145129] [] LoginController start
2021-12-07 17:52:23,499 DEBUG [145129] [] controllers/LoginController.php: is exist
2021-12-07 17:52:23,502 DEBUG [145129] [] LoginForm: is exist
2021-12-07 17:52:23,503 DEBUG [145129] [] LoginForm: form value set 
2021-12-07 17:52:23,503 DEBUG [145129] [] ------------------------------/eccadmin_dev/Login
2021-12-07 17:52:23,503 DEBUG [145129] [] ------------------------------login_start_check
2021-12-07 17:52:23,503 DEBUG [145129] [] indexAction start
2021-12-07 17:52:23,569 DEBUG [145129] [] indexAction end
2021-12-07 17:52:23,570 DEBUG [145129] [] LoginController end
2021-12-07 17:52:23,570 DEBUG [145129] [] finally
2021-12-07 17:52:24,574 DEBUG [145129] [] Request URI : /eccadmin_dev/Login
2021-12-07 17:52:24,575 DEBUG [145129] [] LoginController start
2021-12-07 17:52:24,575 DEBUG [145129] [] controllers/LoginController.php: is exist
2021-12-07 17:52:24,578 DEBUG [145129] [] LoginForm: is exist
2021-12-07 17:52:24,578 DEBUG [145129] [] LoginForm: form value set 
2021-12-07 17:52:24,578 DEBUG [145129] [] ------------------------------/eccadmin_dev/Login
2021-12-07 17:52:24,578 DEBUG [145129] [] ------------------------------login_start_check
2021-12-07 17:52:24,579 DEBUG [145129] [] indexAction start
2021-12-07 17:52:24,610 DEBUG [145129] [] indexAction end
2021-12-07 17:52:24,610 DEBUG [145129] [] LoginController end
2021-12-07 17:52:24,610 DEBUG [145129] [] finally
2021-12-07 17:52:34,006 DEBUG [145065] [] Request URI : /eccadmin_dev/Login/login
2021-12-07 17:52:34,007 DEBUG [145065] [] LoginController start
2021-12-07 17:52:34,007 DEBUG [145065] [] controllers/LoginController.php: is exist
2021-12-07 17:52:34,010 DEBUG [145065] [] LoginForm: is exist
2021-12-07 17:52:34,010 DEBUG [145065] [] LoginForm: form value set 
2021-12-07 17:52:34,010 DEBUG [145065] [] ------------------------------/eccadmin_dev/Login/login
2021-12-07 17:52:34,011 DEBUG [145065] [] ------------------------------login_start_check
2021-12-07 17:52:34,011 DEBUG [145065] [] loginAction start
2021-12-07 17:52:34,322 DEBUG [145065] [] loginAction end
2021-12-07 17:52:34,323 DEBUG [145065] [] LoginController end
2021-12-07 17:52:34,323 DEBUG [145065] [] finally
2021-12-07 17:52:34,343 DEBUG [145065] [] Request URI : /eccadmin_dev/Menu
2021-12-07 17:52:34,344 DEBUG [145065] [] MenuController start
2021-12-07 17:52:34,344 DEBUG [145065] [] controllers/MenuController.php: is exist
2021-12-07 17:52:34,348 DEBUG [145065] [] MenuForm: is exist
2021-12-07 17:52:34,348 DEBUG [145065] [] MenuForm: form value set 
2021-12-07 17:52:34,348 DEBUG [145065] [] ------------------------------/eccadmin_dev/Menu
2021-12-07 17:52:34,348 DEBUG [145065] [] ------------------------------login_start_check
2021-12-07 17:52:34,348 DEBUG [145065] [] indexAction start
2021-12-07 17:52:34,348 DEBUG [145065] [] admin_no is 1
2021-12-07 17:52:34,406 DEBUG [145065] [] indexAction end
2021-12-07 17:52:34,406 DEBUG [145065] [] MenuController end
2021-12-07 17:52:34,406 DEBUG [145065] [] finally
2021-12-07 17:52:37,676 DEBUG [145065] [] Request URI : /eccadmin_dev/WordBookList
2021-12-07 17:52:37,677 DEBUG [145065] [] WordBookListController start
2021-12-07 17:52:37,677 DEBUG [145065] [] controllers/WordBookListController.php: is exist
2021-12-07 18:09:33,920 DEBUG [145278] [] Request URI : /eccadmin_dev/Menu
2021-12-07 18:09:33,920 DEBUG [145278] [] MenuController start
2021-12-07 18:09:33,920 DEBUG [145278] [] controllers/MenuController.php: is exist
2021-12-07 18:09:33,924 DEBUG [145278] [] MenuForm: is exist
2021-12-07 18:09:33,924 DEBUG [145278] [] MenuForm: form value set 
2021-12-07 18:09:33,925 DEBUG [145278] [] ------------------------------/eccadmin_dev/Menu
2021-12-07 18:09:33,925 DEBUG [145278] [] ------------------------------login_start_check
2021-12-07 18:09:33,925 DEBUG [145278] [] indexAction start
2021-12-07 18:09:33,925 DEBUG [145278] [] admin_no is 1
2021-12-07 18:09:33,990 DEBUG [145278] [] indexAction end
2021-12-07 18:09:33,991 DEBUG [145278] [] MenuController end
2021-12-07 18:09:33,991 DEBUG [145278] [] finally
2021-12-07 18:09:39,665 DEBUG [145180] [] Request URI : /eccadmin_dev/WordBookList
2021-12-07 18:09:39,666 DEBUG [145180] [] WordBookListController start
2021-12-07 18:09:39,666 DEBUG [145180] [] controllers/WordBookListController.php: is exist
2021-12-07 18:09:39,668 DEBUG [145180] [] 1
2021-12-07 18:09:39,669 DEBUG [145180] [] 2
2021-12-07 18:09:39,669 DEBUG [145180] [] 3
