2021-11-07 00:00:40,907 DEBUG [4763] [] Request URI : /eccadmin_dev/Login
2021-11-07 00:00:40,931 DEBUG [4763] [] LoginController start
2021-11-07 00:00:40,931 DEBUG [4763] [] controllers/LoginController.php: is exist
2021-11-07 00:00:40,932 DEBUG [4763] [] LoginForm: is exist
2021-11-07 00:00:40,932 DEBUG [4763] [] LoginForm: form value set 
2021-11-07 00:00:40,932 DEBUG [4763] [] ------------------------------/eccadmin_dev/Login
2021-11-07 00:00:40,932 DEBUG [4763] [] ------------------------------login_start_check
2021-11-07 00:00:40,932 DEBUG [4763] [] indexAction start
2021-11-07 00:00:40,970 DEBUG [4763] [] indexAction end
2021-11-07 00:00:40,970 DEBUG [4763] [] LoginController end
2021-11-07 00:00:40,970 DEBUG [4763] [] finally
2021-11-07 00:56:56,444 DEBUG [3590] [] Request URI : /eccadmin_dev/Error/disp
2021-11-07 00:56:56,445 DEBUG [3590] [] ErrorController start
2021-11-07 00:56:56,452 DEBUG [3590] [] controllers/ErrorController.php: is exist
2021-11-07 00:56:56,459 DEBUG [3590] [] ErrorForm: is exist
2021-11-07 00:56:56,481 DEBUG [3590] [] ErrorForm: form value set 
2021-11-07 00:56:56,482 DEBUG [3590] [] ------------------------------/eccadmin_dev/Error/disp
2021-11-07 00:56:56,482 DEBUG [3590] [] ------------------------------login_start_check
2021-11-07 00:56:56,482 DEBUG [3590] [] dispAction start
2021-11-07 00:56:56,600 DEBUG [3590] [] dispAction end
2021-11-07 00:56:56,600 DEBUG [3590] [] ErrorController end
2021-11-07 00:56:56,600 DEBUG [3590] [] finally
