2020-08-21 10:11:07,721 DEBUG [18543] [] Request URI : /eccadmin_dev/Login
2020-08-21 10:11:07,754 DEBUG [18543] [] LoginController start
2020-08-21 10:11:07,754 DEBUG [18543] [] controllers/LoginController.php: is exist
2020-08-21 10:11:07,754 DEBUG [18543] [] LoginForm: is exist
2020-08-21 10:11:07,754 DEBUG [18543] [] LoginForm: form value set 
2020-08-21 10:11:07,755 DEBUG [18543] [] ------------------------------/eccadmin_dev/Login
2020-08-21 10:11:07,755 DEBUG [18543] [] ------------------------------login_start_check
2020-08-21 10:11:07,755 DEBUG [18543] [] indexAction start
2020-08-21 10:11:07,792 DEBUG [18543] [] indexAction end
2020-08-21 10:11:07,792 DEBUG [18543] [] LoginController end
2020-08-21 10:11:07,793 DEBUG [18543] [] finally
2020-08-21 10:11:15,617 DEBUG [18147] [] Request URI : /eccadmin_dev/Login/login
2020-08-21 10:11:15,617 DEBUG [18147] [] LoginController start
2020-08-21 10:11:15,617 DEBUG [18147] [] controllers/LoginController.php: is exist
2020-08-21 10:11:15,618 DEBUG [18147] [] LoginForm: is exist
2020-08-21 10:11:15,618 DEBUG [18147] [] LoginForm: form value set 
2020-08-21 10:11:15,618 DEBUG [18147] [] ------------------------------/eccadmin_dev/Login/login
2020-08-21 10:11:15,618 DEBUG [18147] [] ------------------------------login_start_check
2020-08-21 10:11:15,619 DEBUG [18147] [] loginAction start
2020-08-21 10:11:15,942 DEBUG [18147] [] loginAction end
2020-08-21 10:11:15,942 DEBUG [18147] [] LoginController end
2020-08-21 10:11:15,942 DEBUG [18147] [] finally
2020-08-21 10:11:16,095 DEBUG [18147] [] Request URI : /eccadmin_dev/Menu
2020-08-21 10:11:16,095 DEBUG [18147] [] MenuController start
2020-08-21 10:11:16,095 DEBUG [18147] [] controllers/MenuController.php: is exist
2020-08-21 10:11:16,096 DEBUG [18147] [] MenuForm: is exist
2020-08-21 10:11:16,096 DEBUG [18147] [] MenuForm: form value set 
2020-08-21 10:11:16,096 DEBUG [18147] [] ------------------------------/eccadmin_dev/Menu
2020-08-21 10:11:16,096 DEBUG [18147] [] ------------------------------login_start_check
2020-08-21 10:11:16,097 DEBUG [18147] [] indexAction start
2020-08-21 10:11:16,097 DEBUG [18147] [] admin_no is 1
2020-08-21 10:11:16,164 DEBUG [18147] [] indexAction end
2020-08-21 10:11:16,164 DEBUG [18147] [] MenuController end
2020-08-21 10:11:16,164 DEBUG [18147] [] finally
2020-08-21 12:57:21,408 DEBUG [20371] [] Request URI : /eccadmin_dev/Menu
2020-08-21 12:57:21,409 DEBUG [20371] [] MenuController start
2020-08-21 12:57:21,409 DEBUG [20371] [] controllers/MenuController.php: is exist
2020-08-21 12:57:21,410 DEBUG [20371] [] MenuForm: is exist
2020-08-21 12:57:21,410 DEBUG [20371] [] MenuForm: form value set 
2020-08-21 12:57:21,410 DEBUG [20371] [] ------------------------------/eccadmin_dev/Menu
2020-08-21 12:57:21,410 DEBUG [20371] [] ------------------------------login_start_check
2020-08-21 12:57:21,410 DEBUG [20371] [] indexAction start
2020-08-21 12:57:21,411 DEBUG [20371] [] admin_no is 
2020-08-21 12:57:21,411 DEBUG [20371] [] indexAction end
2020-08-21 12:57:21,411 DEBUG [20371] [] MenuController end
2020-08-21 12:57:21,411 DEBUG [20371] [] finally
2020-08-21 12:57:21,625 DEBUG [20371] [] Request URI : /eccadmin_dev/Error/disp
2020-08-21 12:57:21,626 DEBUG [20371] [] ErrorController start
2020-08-21 12:57:21,634 DEBUG [20371] [] controllers/ErrorController.php: is exist
2020-08-21 12:57:21,635 DEBUG [20371] [] ErrorForm: is exist
2020-08-21 12:57:21,648 DEBUG [20371] [] ErrorForm: form value set 
2020-08-21 12:57:21,649 DEBUG [20371] [] ------------------------------/eccadmin_dev/Error/disp
2020-08-21 12:57:21,649 DEBUG [20371] [] ------------------------------login_start_check
2020-08-21 12:57:21,649 DEBUG [20371] [] dispAction start
2020-08-21 12:57:21,661 DEBUG [20371] [] dispAction end
2020-08-21 12:57:21,661 DEBUG [20371] [] ErrorController end
2020-08-21 12:57:21,661 DEBUG [20371] [] finally
