2020-06-22 10:36:38,555 DEBUG [120696] [] Request URI : /eccadmin_dev/Login
2020-06-22 10:36:38,584 DEBUG [120696] [] LoginController start
2020-06-22 10:36:38,585 DEBUG [120696] [] controllers/LoginController.php: is exist
2020-06-22 10:36:38,589 DEBUG [120696] [] LoginForm: is exist
2020-06-22 10:36:38,590 DEBUG [120696] [] LoginForm: form value set 
2020-06-22 10:36:38,590 DEBUG [120696] [] ------------------------------/eccadmin_dev/Login
2020-06-22 10:36:38,591 DEBUG [120696] [] ------------------------------login_start_check
2020-06-22 10:36:38,591 DEBUG [120696] [] indexAction start
2020-06-22 10:36:38,658 DEBUG [120696] [] indexAction end
2020-06-22 10:36:38,659 DEBUG [120696] [] LoginController end
2020-06-22 10:36:38,659 DEBUG [120696] [] finally
2020-06-22 13:10:27,301 DEBUG [124834] [] Request URI : /eccadmin_dev/Login
2020-06-22 13:10:27,301 DEBUG [124834] [] LoginController start
2020-06-22 13:10:27,301 DEBUG [124834] [] controllers/LoginController.php: is exist
2020-06-22 13:10:27,302 DEBUG [124834] [] LoginForm: is exist
2020-06-22 13:10:27,302 DEBUG [124834] [] LoginForm: form value set 
2020-06-22 13:10:27,302 DEBUG [124834] [] ------------------------------/eccadmin_dev/Login
2020-06-22 13:10:27,303 DEBUG [124834] [] ------------------------------login_start_check
2020-06-22 13:10:27,303 DEBUG [124834] [] indexAction start
2020-06-22 13:10:27,318 DEBUG [124834] [] indexAction end
2020-06-22 13:10:27,318 DEBUG [124834] [] LoginController end
2020-06-22 13:10:27,319 DEBUG [124834] [] finally
2020-06-22 17:23:11,020 DEBUG [129148] [] Request URI : /eccadmin_dev/Login
2020-06-22 17:23:11,020 DEBUG [129148] [] LoginController start
2020-06-22 17:23:11,020 DEBUG [129148] [] controllers/LoginController.php: is exist
2020-06-22 17:23:11,021 DEBUG [129148] [] LoginForm: is exist
2020-06-22 17:23:11,021 DEBUG [129148] [] LoginForm: form value set 
2020-06-22 17:23:11,021 DEBUG [129148] [] ------------------------------/eccadmin_dev/Login
2020-06-22 17:23:11,021 DEBUG [129148] [] ------------------------------login_start_check
2020-06-22 17:23:11,021 DEBUG [129148] [] indexAction start
2020-06-22 17:23:11,037 DEBUG [129148] [] indexAction end
2020-06-22 17:23:11,037 DEBUG [129148] [] LoginController end
2020-06-22 17:23:11,037 DEBUG [129148] [] finally
2020-06-22 17:23:21,880 DEBUG [129149] [] Request URI : /eccadmin_dev/Login/login
2020-06-22 17:23:21,881 DEBUG [129149] [] LoginController start
2020-06-22 17:23:21,881 DEBUG [129149] [] controllers/LoginController.php: is exist
2020-06-22 17:23:21,881 DEBUG [129149] [] LoginForm: is exist
2020-06-22 17:23:21,881 DEBUG [129149] [] LoginForm: form value set 
2020-06-22 17:23:21,882 DEBUG [129149] [] ------------------------------/eccadmin_dev/Login/login
2020-06-22 17:23:21,882 DEBUG [129149] [] ------------------------------login_start_check
2020-06-22 17:23:21,882 DEBUG [129149] [] loginAction start
2020-06-22 17:23:22,179 DEBUG [129149] [] loginAction end
2020-06-22 17:23:22,179 DEBUG [129149] [] LoginController end
2020-06-22 17:23:22,179 DEBUG [129149] [] finally
2020-06-22 17:23:23,587 DEBUG [129149] [] Request URI : /eccadmin_dev/Login/login
2020-06-22 17:23:23,588 DEBUG [129149] [] LoginController start
2020-06-22 17:23:23,588 DEBUG [129149] [] controllers/LoginController.php: is exist
2020-06-22 17:23:23,588 DEBUG [129149] [] LoginForm: is exist
2020-06-22 17:23:23,588 DEBUG [129149] [] LoginForm: form value set 
2020-06-22 17:23:23,588 DEBUG [129149] [] ------------------------------/eccadmin_dev/Login/login
2020-06-22 17:23:23,589 DEBUG [129149] [] ------------------------------login_start_check
2020-06-22 17:23:23,589 DEBUG [129149] [] loginAction start
2020-06-22 17:23:23,888 DEBUG [129149] [] loginAction end
2020-06-22 17:23:23,888 DEBUG [129149] [] LoginController end
2020-06-22 17:23:23,888 DEBUG [129149] [] finally
2020-06-22 17:23:40,069 DEBUG [129104] [] Request URI : /eccadmin_dev/Login/login
2020-06-22 17:23:40,070 DEBUG [129104] [] LoginController start
2020-06-22 17:23:40,070 DEBUG [129104] [] controllers/LoginController.php: is exist
2020-06-22 17:23:40,071 DEBUG [129104] [] LoginForm: is exist
2020-06-22 17:23:40,071 DEBUG [129104] [] LoginForm: form value set 
2020-06-22 17:23:40,071 DEBUG [129104] [] ------------------------------/eccadmin_dev/Login/login
2020-06-22 17:23:40,071 DEBUG [129104] [] ------------------------------login_start_check
2020-06-22 17:23:40,071 DEBUG [129104] [] loginAction start
2020-06-22 17:23:40,372 DEBUG [129104] [] loginAction end
2020-06-22 17:23:40,372 DEBUG [129104] [] LoginController end
2020-06-22 17:23:40,372 DEBUG [129104] [] finally
2020-06-22 18:07:03,658 DEBUG [129614] [] Request URI : /eccadmin_dev/Login
2020-06-22 18:07:03,659 DEBUG [129614] [] LoginController start
2020-06-22 18:07:03,659 DEBUG [129614] [] controllers/LoginController.php: is exist
2020-06-22 18:07:03,659 DEBUG [129614] [] LoginForm: is exist
2020-06-22 18:07:03,660 DEBUG [129614] [] LoginForm: form value set 
2020-06-22 18:07:03,660 DEBUG [129614] [] ------------------------------/eccadmin_dev/Login
2020-06-22 18:07:03,660 DEBUG [129614] [] ------------------------------login_start_check
2020-06-22 18:07:03,660 DEBUG [129614] [] indexAction start
2020-06-22 18:07:03,676 DEBUG [129614] [] indexAction end
2020-06-22 18:07:03,676 DEBUG [129614] [] LoginController end
2020-06-22 18:07:03,676 DEBUG [129614] [] finally
2020-06-22 18:07:10,595 DEBUG [129444] [] Request URI : /eccadmin_dev/Login/login
2020-06-22 18:07:10,595 DEBUG [129444] [] LoginController start
2020-06-22 18:07:10,596 DEBUG [129444] [] controllers/LoginController.php: is exist
2020-06-22 18:07:10,596 DEBUG [129444] [] LoginForm: is exist
2020-06-22 18:07:10,596 DEBUG [129444] [] LoginForm: form value set 
2020-06-22 18:07:10,597 DEBUG [129444] [] ------------------------------/eccadmin_dev/Login/login
2020-06-22 18:07:10,597 DEBUG [129444] [] ------------------------------login_start_check
2020-06-22 18:07:10,597 DEBUG [129444] [] loginAction start
2020-06-22 18:07:10,614 DEBUG [129444] [] loginAction end
2020-06-22 18:07:10,614 DEBUG [129444] [] LoginController end
2020-06-22 18:07:10,614 DEBUG [129444] [] finally
2020-06-22 18:07:23,610 DEBUG [129711] [] Request URI : /eccadmin_dev/Login/login
2020-06-22 18:07:23,611 DEBUG [129711] [] LoginController start
2020-06-22 18:07:23,611 DEBUG [129711] [] controllers/LoginController.php: is exist
2020-06-22 18:07:23,612 DEBUG [129711] [] LoginForm: is exist
2020-06-22 18:07:23,612 DEBUG [129711] [] LoginForm: form value set 
2020-06-22 18:07:23,613 DEBUG [129711] [] ------------------------------/eccadmin_dev/Login/login
2020-06-22 18:07:23,613 DEBUG [129711] [] ------------------------------login_start_check
2020-06-22 18:07:23,613 DEBUG [129711] [] loginAction start
2020-06-22 18:07:23,927 DEBUG [129711] [] loginAction end
2020-06-22 18:07:23,927 DEBUG [129711] [] LoginController end
2020-06-22 18:07:23,927 DEBUG [129711] [] finally
2020-06-22 18:08:17,284 DEBUG [129445] [] Request URI : /eccadmin_dev/Login/login
2020-06-22 18:08:17,285 DEBUG [129445] [] LoginController start
2020-06-22 18:08:17,285 DEBUG [129445] [] controllers/LoginController.php: is exist
2020-06-22 18:08:17,285 DEBUG [129445] [] LoginForm: is exist
2020-06-22 18:08:17,286 DEBUG [129445] [] LoginForm: form value set 
2020-06-22 18:08:17,286 DEBUG [129445] [] ------------------------------/eccadmin_dev/Login/login
2020-06-22 18:08:17,286 DEBUG [129445] [] ------------------------------login_start_check
2020-06-22 18:08:17,286 DEBUG [129445] [] loginAction start
2020-06-22 18:08:17,630 DEBUG [129445] [] loginAction end
2020-06-22 18:08:17,631 DEBUG [129445] [] LoginController end
2020-06-22 18:08:17,631 DEBUG [129445] [] finally
2020-06-22 18:08:17,788 DEBUG [129711] [] Request URI : /eccadmin_dev/Menu
2020-06-22 18:08:17,789 DEBUG [129711] [] MenuController start
2020-06-22 18:08:17,815 DEBUG [129711] [] controllers/MenuController.php: is exist
2020-06-22 18:08:17,937 DEBUG [129711] [] MenuForm: is exist
2020-06-22 18:08:17,943 DEBUG [129711] [] MenuForm: form value set 
2020-06-22 18:08:17,943 DEBUG [129711] [] ------------------------------/eccadmin_dev/Menu
2020-06-22 18:08:17,944 DEBUG [129711] [] ------------------------------login_start_check
2020-06-22 18:08:17,944 DEBUG [129711] [] indexAction start
2020-06-22 18:08:17,944 DEBUG [129711] [] admin_no is 1
2020-06-22 18:08:18,057 DEBUG [129711] [] indexAction end
2020-06-22 18:08:18,058 DEBUG [129711] [] MenuController end
2020-06-22 18:08:18,058 DEBUG [129711] [] finally
2020-06-22 18:09:06,042 DEBUG [129771] [] Request URI : /eccadmin_dev/TeacherRegist
2020-06-22 18:09:06,046 DEBUG [129771] [] TeacherRegistController start
2020-06-22 18:09:06,067 DEBUG [129771] [] controllers/TeacherRegistController.php: is exist
2020-06-22 18:09:06,163 DEBUG [129771] [] TeacherRegistForm: is exist
2020-06-22 18:09:06,168 DEBUG [129771] [] TeacherRegistForm: form value set 
2020-06-22 18:09:06,169 DEBUG [129771] [] ------------------------------/eccadmin_dev/TeacherRegist
2020-06-22 18:09:06,169 DEBUG [129771] [] ------------------------------session_check_true
2020-06-22 18:09:06,169 DEBUG [129771] [] indexAction start
2020-06-22 18:09:06,169 DEBUG [129771] [] admin_no is 1
2020-06-22 18:09:06,278 DEBUG [129771] [] indexAction end
2020-06-22 18:09:06,278 DEBUG [129771] [] TeacherRegistController end
2020-06-22 18:09:06,278 DEBUG [129771] [] finally
2020-06-22 18:09:14,564 DEBUG [129614] [] Request URI : /eccadmin_dev/AdminList
2020-06-22 18:09:14,564 DEBUG [129614] [] AdminListController start
2020-06-22 18:09:14,564 DEBUG [129614] [] controllers/AdminListController.php: is exist
2020-06-22 18:09:14,586 DEBUG [129614] [] AdminListForm: is exist
2020-06-22 18:09:14,605 DEBUG [129614] [] AdminListForm: form value set 
2020-06-22 18:09:14,606 DEBUG [129614] [] ------------------------------/eccadmin_dev/AdminList
2020-06-22 18:09:14,606 DEBUG [129614] [] indexAction start
2020-06-22 18:09:14,606 DEBUG [129614] [] admin_no is 1
2020-06-22 18:09:14,606 DEBUG [129614] [] indexAction
2020-06-22 18:09:14,608 DEBUG [129614] [] 
2020-06-22 18:09:14,743 DEBUG [129614] [] indexAction end
2020-06-22 18:09:14,743 DEBUG [129614] [] AdminListController end
2020-06-22 18:09:14,743 DEBUG [129614] [] finally
2020-06-22 18:09:23,349 DEBUG [129443] [] Request URI : /eccadmin_dev/AdminRegist/index
2020-06-22 18:09:23,349 DEBUG [129443] [] AdminRegistController start
2020-06-22 18:09:23,350 DEBUG [129443] [] controllers/AdminRegistController.php: is exist
2020-06-22 18:09:23,382 DEBUG [129443] [] AdminRegistForm: is exist
2020-06-22 18:09:23,392 DEBUG [129443] [] AdminRegistForm: form value set 
2020-06-22 18:09:23,392 DEBUG [129443] [] ------------------------------/eccadmin_dev/AdminRegist/index
2020-06-22 18:09:23,392 DEBUG [129443] [] ------------------------------session_check_true
2020-06-22 18:09:23,392 DEBUG [129443] [] indexAction start
2020-06-22 18:09:23,392 DEBUG [129443] [] admin_no is 1
2020-06-22 18:09:23,488 DEBUG [129443] [] indexAction end
2020-06-22 18:09:23,488 DEBUG [129443] [] AdminRegistController end
2020-06-22 18:09:23,488 DEBUG [129443] [] finally
2020-06-22 18:09:51,813 DEBUG [129614] [] Request URI : /eccadmin_dev/AdminRegist/back
2020-06-22 18:09:51,814 DEBUG [129614] [] AdminRegistController start
2020-06-22 18:09:51,814 DEBUG [129614] [] controllers/AdminRegistController.php: is exist
2020-06-22 18:09:51,814 DEBUG [129614] [] AdminRegistForm: is exist
2020-06-22 18:09:51,815 DEBUG [129614] [] AdminRegistForm: form value set 
2020-06-22 18:09:51,815 DEBUG [129614] [] ------------------------------/eccadmin_dev/AdminRegist/back
2020-06-22 18:09:51,815 DEBUG [129614] [] ------------------------------session_check_true
2020-06-22 18:09:51,815 DEBUG [129614] [] backAction start
2020-06-22 18:09:51,815 DEBUG [129614] [] backAction end
2020-06-22 18:09:51,815 DEBUG [129614] [] AdminRegistController end
2020-06-22 18:09:51,816 DEBUG [129614] [] finally
2020-06-22 18:09:51,969 DEBUG [129614] [] Request URI : /eccadmin_dev/AdminList/search
2020-06-22 18:09:51,969 DEBUG [129614] [] AdminListController start
2020-06-22 18:09:51,969 DEBUG [129614] [] controllers/AdminListController.php: is exist
2020-06-22 18:09:51,970 DEBUG [129614] [] AdminListForm: is exist
2020-06-22 18:09:51,970 DEBUG [129614] [] AdminListForm: form value set 
2020-06-22 18:09:51,970 DEBUG [129614] [] ------------------------------/eccadmin_dev/AdminList/search
2020-06-22 18:09:51,970 DEBUG [129614] [] searchAction start
2020-06-22 18:09:51,971 DEBUG [129614] [] admin_no is 1
2020-06-22 18:09:51,972 DEBUG [129614] [] 
2020-06-22 18:09:52,053 DEBUG [129614] [] searchAction end
2020-06-22 18:09:52,053 DEBUG [129614] [] AdminListController end
2020-06-22 18:09:52,054 DEBUG [129614] [] finally
2020-06-22 18:09:56,057 DEBUG [129614] [] Request URI : /eccadmin_dev/AdminRegist/index
2020-06-22 18:09:56,057 DEBUG [129614] [] AdminRegistController start
2020-06-22 18:09:56,058 DEBUG [129614] [] controllers/AdminRegistController.php: is exist
2020-06-22 18:09:56,058 DEBUG [129614] [] AdminRegistForm: is exist
2020-06-22 18:09:56,058 DEBUG [129614] [] AdminRegistForm: form value set 
2020-06-22 18:09:56,058 DEBUG [129614] [] ------------------------------/eccadmin_dev/AdminRegist/index
2020-06-22 18:09:56,059 DEBUG [129614] [] ------------------------------session_check_true
2020-06-22 18:09:56,059 DEBUG [129614] [] indexAction start
2020-06-22 18:09:56,059 DEBUG [129614] [] admin_no is 1
2020-06-22 18:09:56,135 DEBUG [129614] [] indexAction end
2020-06-22 18:09:56,135 DEBUG [129614] [] AdminRegistController end
2020-06-22 18:09:56,135 DEBUG [129614] [] finally
2020-06-22 18:12:40,131 DEBUG [129148] [] Request URI : /eccadmin_dev/Login/logout
2020-06-22 18:12:40,132 DEBUG [129148] [] LoginController start
2020-06-22 18:12:40,132 DEBUG [129148] [] controllers/LoginController.php: is exist
2020-06-22 18:12:40,132 DEBUG [129148] [] LoginForm: is exist
2020-06-22 18:12:40,132 DEBUG [129148] [] LoginForm: form value set 
2020-06-22 18:12:40,133 DEBUG [129148] [] ------------------------------/eccadmin_dev/Login/logout
2020-06-22 18:12:40,133 DEBUG [129148] [] ------------------------------login_start_check
2020-06-22 18:12:40,133 DEBUG [129148] [] logoutAction start
2020-06-22 18:12:40,133 DEBUG [129148] [] logoutAction end
2020-06-22 18:12:40,133 DEBUG [129148] [] LoginController end
2020-06-22 18:12:40,133 DEBUG [129148] [] finally
2020-06-22 18:12:40,293 DEBUG [129148] [] Request URI : /eccadmin_dev/Login
2020-06-22 18:12:40,293 DEBUG [129148] [] LoginController start
2020-06-22 18:12:40,293 DEBUG [129148] [] controllers/LoginController.php: is exist
2020-06-22 18:12:40,293 DEBUG [129148] [] LoginForm: is exist
2020-06-22 18:12:40,293 DEBUG [129148] [] LoginForm: form value set 
2020-06-22 18:12:40,294 DEBUG [129148] [] ------------------------------/eccadmin_dev/Login
2020-06-22 18:12:40,294 DEBUG [129148] [] ------------------------------login_start_check
2020-06-22 18:12:40,294 DEBUG [129148] [] indexAction start
2020-06-22 18:12:40,309 DEBUG [129148] [] indexAction end
2020-06-22 18:12:40,309 DEBUG [129148] [] LoginController end
2020-06-22 18:12:40,309 DEBUG [129148] [] finally
