2020-07-09 12:20:53,350 DEBUG [113922] [] Request URI : /eccadmin_dev/Login
2020-07-09 12:20:53,363 DEBUG [113922] [] LoginController start
2020-07-09 12:20:53,363 DEBUG [113922] [] controllers/LoginController.php: is exist
2020-07-09 12:20:53,363 DEBUG [113922] [] LoginForm: is exist
2020-07-09 12:20:53,363 DEBUG [113922] [] LoginForm: form value set 
2020-07-09 12:20:53,364 DEBUG [113922] [] ------------------------------/eccadmin_dev/Login
2020-07-09 12:20:53,364 DEBUG [113922] [] ------------------------------login_start_check
2020-07-09 12:20:53,364 DEBUG [113922] [] indexAction start
2020-07-09 12:20:53,391 DEBUG [113922] [] indexAction end
2020-07-09 12:20:53,391 DEBUG [113922] [] LoginController end
2020-07-09 12:20:53,392 DEBUG [113922] [] finally
2020-07-09 12:25:38,563 DEBUG [114408] [] Request URI : /eccadmin_dev/Login
2020-07-09 12:25:38,564 DEBUG [114408] [] LoginController start
2020-07-09 12:25:38,564 DEBUG [114408] [] controllers/LoginController.php: is exist
2020-07-09 12:25:38,565 DEBUG [114408] [] LoginForm: is exist
2020-07-09 12:25:38,565 DEBUG [114408] [] LoginForm: form value set 
2020-07-09 12:25:38,566 DEBUG [114408] [] ------------------------------/eccadmin_dev/Login
2020-07-09 12:25:38,566 DEBUG [114408] [] ------------------------------login_start_check
2020-07-09 12:25:38,566 DEBUG [114408] [] indexAction start
2020-07-09 12:25:38,583 DEBUG [114408] [] indexAction end
2020-07-09 12:25:38,583 DEBUG [114408] [] LoginController end
2020-07-09 12:25:38,583 DEBUG [114408] [] finally
