2022-01-06 10:24:08,179 DEBUG [8507] [] Request URI : /eccadmin_dev/Login
2022-01-06 10:24:08,213 DEBUG [8507] [] LoginController start
2022-01-06 10:24:08,213 DEBUG [8507] [] controllers/LoginController.php: is exist
2022-01-06 10:24:08,216 DEBUG [8507] [] LoginForm: is exist
2022-01-06 10:24:08,216 DEBUG [8507] [] LoginForm: form value set 
2022-01-06 10:24:08,217 DEBUG [8507] [] ------------------------------/eccadmin_dev/Login
2022-01-06 10:24:08,217 DEBUG [8507] [] ------------------------------login_start_check
2022-01-06 10:24:08,217 DEBUG [8507] [] indexAction start
2022-01-06 10:24:08,288 DEBUG [8507] [] indexAction end
2022-01-06 10:24:08,289 DEBUG [8507] [] LoginController end
2022-01-06 10:24:08,289 DEBUG [8507] [] finally
2022-01-06 10:24:14,125 DEBUG [8475] [] Request URI : /eccadmin_dev/Login/login
2022-01-06 10:24:14,130 DEBUG [8475] [] LoginController start
2022-01-06 10:24:14,130 DEBUG [8475] [] controllers/LoginController.php: is exist
2022-01-06 10:24:14,133 DEBUG [8475] [] LoginForm: is exist
2022-01-06 10:24:14,133 DEBUG [8475] [] LoginForm: form value set 
2022-01-06 10:24:14,134 DEBUG [8475] [] ------------------------------/eccadmin_dev/Login/login
2022-01-06 10:24:14,134 DEBUG [8475] [] ------------------------------login_start_check
2022-01-06 10:24:14,134 DEBUG [8475] [] loginAction start
2022-01-06 10:24:14,430 DEBUG [8475] [] loginAction end
2022-01-06 10:24:14,430 DEBUG [8475] [] LoginController end
2022-01-06 10:24:14,430 DEBUG [8475] [] finally
2022-01-06 10:24:14,462 DEBUG [8475] [] Request URI : /eccadmin_dev/Menu
2022-01-06 10:24:14,466 DEBUG [8475] [] MenuController start
2022-01-06 10:24:14,466 DEBUG [8475] [] controllers/MenuController.php: is exist
2022-01-06 10:24:14,468 DEBUG [8475] [] MenuForm: is exist
2022-01-06 10:24:14,468 DEBUG [8475] [] MenuForm: form value set 
2022-01-06 10:24:14,469 DEBUG [8475] [] ------------------------------/eccadmin_dev/Menu
2022-01-06 10:24:14,469 DEBUG [8475] [] ------------------------------login_start_check
2022-01-06 10:24:14,469 DEBUG [8475] [] indexAction start
2022-01-06 10:24:14,469 DEBUG [8475] [] admin_no is 1
2022-01-06 10:24:14,548 DEBUG [8475] [] indexAction end
2022-01-06 10:24:14,548 DEBUG [8475] [] MenuController end
2022-01-06 10:24:14,549 DEBUG [8475] [] finally
2022-01-06 10:24:29,846 DEBUG [8303] [] Request URI : /eccadmin_dev/OrganizationList
2022-01-06 10:24:29,851 DEBUG [8303] [] OrganizationListController start
2022-01-06 10:24:29,852 DEBUG [8303] [] controllers/OrganizationListController.php: is exist
2022-01-06 10:24:29,855 DEBUG [8303] [] OrganizationListForm: is exist
2022-01-06 10:24:29,855 DEBUG [8303] [] OrganizationListForm: form value set 
2022-01-06 10:24:29,855 DEBUG [8303] [] ------------------------------/eccadmin_dev/OrganizationList
2022-01-06 10:24:29,856 DEBUG [8303] [] indexAction start
2022-01-06 10:24:29,856 DEBUG [8303] [] admin_no is 1
2022-01-06 10:24:29,978 DEBUG [8303] [] indexAction end
2022-01-06 10:24:29,978 DEBUG [8303] [] OrganizationListController end
2022-01-06 10:24:29,978 DEBUG [8303] [] finally
2022-01-06 10:24:33,737 DEBUG [8474] [] Request URI : /eccadmin_dev/OrganizationRegist/index
2022-01-06 10:24:33,743 DEBUG [8474] [] OrganizationRegistController start
2022-01-06 10:24:33,743 DEBUG [8474] [] controllers/OrganizationRegistController.php: is exist
2022-01-06 10:24:33,747 DEBUG [8474] [] OrganizationRegistForm: is exist
2022-01-06 10:24:33,747 DEBUG [8474] [] OrganizationRegistForm: form value set 
2022-01-06 10:24:33,748 DEBUG [8474] [] ------------------------------/eccadmin_dev/OrganizationRegist/index
2022-01-06 10:24:33,748 DEBUG [8474] [] ------------------------------session_check_true
2022-01-06 10:24:33,748 DEBUG [8474] [] indexAction start
2022-01-06 10:24:33,748 DEBUG [8474] [] admin_no is 1
2022-01-06 10:24:33,850 DEBUG [8474] [] indexAction end
2022-01-06 10:24:33,850 DEBUG [8474] [] OrganizationRegistController end
2022-01-06 10:24:33,850 DEBUG [8474] [] finally
2022-01-06 10:24:36,764 DEBUG [8303] [] Request URI : /eccadmin_dev/OrganizationRegist/save
2022-01-06 10:24:36,769 DEBUG [8303] [] OrganizationRegistController start
2022-01-06 10:24:36,769 DEBUG [8303] [] controllers/OrganizationRegistController.php: is exist
2022-01-06 10:24:36,774 DEBUG [8303] [] OrganizationRegistForm: is exist
2022-01-06 10:24:36,774 DEBUG [8303] [] OrganizationRegistForm: form value set 
2022-01-06 10:24:36,775 DEBUG [8303] [] ------------------------------/eccadmin_dev/OrganizationRegist/save
2022-01-06 10:24:36,775 DEBUG [8303] [] ------------------------------session_check_true
2022-01-06 10:24:36,775 DEBUG [8303] [] saveAction start
2022-01-06 10:24:36,775 DEBUG [8303] [] admin_no is 1
2022-01-06 10:24:36,879 DEBUG [8303] [] saveAction end
2022-01-06 10:24:36,879 DEBUG [8303] [] OrganizationRegistController end
2022-01-06 10:24:36,880 DEBUG [8303] [] finally
2022-01-06 10:25:01,670 DEBUG [8323] [] Request URI : /eccadmin_dev/OrganizationRegist/save
2022-01-06 10:25:01,675 DEBUG [8323] [] OrganizationRegistController start
2022-01-06 10:25:01,676 DEBUG [8323] [] controllers/OrganizationRegistController.php: is exist
2022-01-06 10:25:01,680 DEBUG [8323] [] OrganizationRegistForm: is exist
2022-01-06 10:25:01,680 DEBUG [8323] [] OrganizationRegistForm: form value set 
2022-01-06 10:25:01,681 DEBUG [8323] [] ------------------------------/eccadmin_dev/OrganizationRegist/save
2022-01-06 10:25:01,681 DEBUG [8323] [] ------------------------------session_check_false:uid=caa77629b0445a2bbbce076d2a659ea4-----&-----193e48cd1ee233ebcaf3fbc5f2a1167b
2022-01-06 10:25:01,681 DEBUG [8323] [] saveAction start
2022-01-06 10:25:01,681 DEBUG [8323] [] admin_no is 1
2022-01-06 10:25:01,791 DEBUG [8323] [] saveAction end
2022-01-06 10:25:01,791 DEBUG [8323] [] OrganizationRegistController end
2022-01-06 10:25:01,791 DEBUG [8323] [] finally
2022-01-06 10:25:01,933 DEBUG [8489] [] Request URI : /eccadmin_dev/Error/disp
2022-01-06 10:25:01,939 DEBUG [8489] [] ErrorController start
2022-01-06 10:25:01,939 DEBUG [8489] [] controllers/ErrorController.php: is exist
2022-01-06 10:25:01,940 DEBUG [8489] [] ErrorForm: is exist
2022-01-06 10:25:01,940 DEBUG [8489] [] ErrorForm: form value set 
2022-01-06 10:25:01,941 DEBUG [8489] [] ------------------------------/eccadmin_dev/Error/disp
2022-01-06 10:25:01,941 DEBUG [8489] [] ------------------------------login_start_check
2022-01-06 10:25:01,941 DEBUG [8489] [] dispAction start
2022-01-06 10:25:01,969 DEBUG [8489] [] dispAction end
2022-01-06 10:25:01,969 DEBUG [8489] [] ErrorController end
2022-01-06 10:25:01,969 DEBUG [8489] [] finally
2022-01-06 10:25:03,333 DEBUG [8489] [] Request URI : /eccadmin_dev/Login
2022-01-06 10:25:03,339 DEBUG [8489] [] LoginController start
2022-01-06 10:25:03,339 DEBUG [8489] [] controllers/LoginController.php: is exist
2022-01-06 10:25:03,342 DEBUG [8489] [] LoginForm: is exist
2022-01-06 10:25:03,342 DEBUG [8489] [] LoginForm: form value set 
2022-01-06 10:25:03,343 DEBUG [8489] [] ------------------------------/eccadmin_dev/Login
2022-01-06 10:25:03,343 DEBUG [8489] [] ------------------------------login_start_check
2022-01-06 10:25:03,343 DEBUG [8489] [] indexAction start
2022-01-06 10:25:03,376 DEBUG [8489] [] indexAction end
2022-01-06 10:25:03,376 DEBUG [8489] [] LoginController end
2022-01-06 10:25:03,376 DEBUG [8489] [] finally
2022-01-06 10:25:07,407 DEBUG [8489] [] Request URI : /eccadmin_dev/Login/login
2022-01-06 10:25:07,414 DEBUG [8489] [] LoginController start
2022-01-06 10:25:07,414 DEBUG [8489] [] controllers/LoginController.php: is exist
2022-01-06 10:25:07,417 DEBUG [8489] [] LoginForm: is exist
2022-01-06 10:25:07,417 DEBUG [8489] [] LoginForm: form value set 
2022-01-06 10:25:07,418 DEBUG [8489] [] ------------------------------/eccadmin_dev/Login/login
2022-01-06 10:25:07,418 DEBUG [8489] [] ------------------------------login_start_check
2022-01-06 10:25:07,418 DEBUG [8489] [] loginAction start
2022-01-06 10:25:07,719 DEBUG [8489] [] loginAction end
2022-01-06 10:25:07,719 DEBUG [8489] [] LoginController end
2022-01-06 10:25:07,720 DEBUG [8489] [] finally
2022-01-06 10:25:07,744 DEBUG [8489] [] Request URI : /eccadmin_dev/Menu
2022-01-06 10:25:07,747 DEBUG [8489] [] MenuController start
2022-01-06 10:25:07,748 DEBUG [8489] [] controllers/MenuController.php: is exist
2022-01-06 10:25:07,750 DEBUG [8489] [] MenuForm: is exist
2022-01-06 10:25:07,750 DEBUG [8489] [] MenuForm: form value set 
2022-01-06 10:25:07,750 DEBUG [8489] [] ------------------------------/eccadmin_dev/Menu
2022-01-06 10:25:07,750 DEBUG [8489] [] ------------------------------login_start_check
2022-01-06 10:25:07,750 DEBUG [8489] [] indexAction start
2022-01-06 10:25:07,751 DEBUG [8489] [] admin_no is 1
2022-01-06 10:25:07,788 DEBUG [8489] [] indexAction end
2022-01-06 10:25:07,788 DEBUG [8489] [] MenuController end
2022-01-06 10:25:07,788 DEBUG [8489] [] finally
2022-01-06 10:25:09,943 DEBUG [8489] [] Request URI : /eccadmin_dev/OrganizationList
2022-01-06 10:25:09,948 DEBUG [8489] [] OrganizationListController start
2022-01-06 10:25:09,949 DEBUG [8489] [] controllers/OrganizationListController.php: is exist
2022-01-06 10:25:09,952 DEBUG [8489] [] OrganizationListForm: is exist
2022-01-06 10:25:09,952 DEBUG [8489] [] OrganizationListForm: form value set 
2022-01-06 10:25:09,953 DEBUG [8489] [] ------------------------------/eccadmin_dev/OrganizationList
2022-01-06 10:25:09,953 DEBUG [8489] [] indexAction start
2022-01-06 10:25:09,953 DEBUG [8489] [] admin_no is 1
2022-01-06 10:25:10,055 DEBUG [8489] [] indexAction end
2022-01-06 10:25:10,055 DEBUG [8489] [] OrganizationListController end
2022-01-06 10:25:10,055 DEBUG [8489] [] finally
2022-01-06 10:25:11,109 DEBUG [8489] [] Request URI : /eccadmin_dev/OrganizationRegist/index
2022-01-06 10:25:11,115 DEBUG [8489] [] OrganizationRegistController start
2022-01-06 10:25:11,115 DEBUG [8489] [] controllers/OrganizationRegistController.php: is exist
2022-01-06 10:25:11,119 DEBUG [8489] [] OrganizationRegistForm: is exist
2022-01-06 10:25:11,119 DEBUG [8489] [] OrganizationRegistForm: form value set 
2022-01-06 10:25:11,120 DEBUG [8489] [] ------------------------------/eccadmin_dev/OrganizationRegist/index
2022-01-06 10:25:11,120 DEBUG [8489] [] ------------------------------session_check_true
2022-01-06 10:25:11,120 DEBUG [8489] [] indexAction start
2022-01-06 10:25:11,120 DEBUG [8489] [] admin_no is 1
2022-01-06 10:25:11,224 DEBUG [8489] [] indexAction end
2022-01-06 10:25:11,224 DEBUG [8489] [] OrganizationRegistController end
2022-01-06 10:25:11,224 DEBUG [8489] [] finally
2022-01-06 10:25:24,361 DEBUG [8475] [] Request URI : /eccadmin_dev/OrganizationRegist/save
2022-01-06 10:25:24,366 DEBUG [8475] [] OrganizationRegistController start
2022-01-06 10:25:24,367 DEBUG [8475] [] controllers/OrganizationRegistController.php: is exist
2022-01-06 10:25:24,371 DEBUG [8475] [] OrganizationRegistForm: is exist
2022-01-06 10:25:24,371 DEBUG [8475] [] OrganizationRegistForm: form value set 
2022-01-06 10:25:24,372 DEBUG [8475] [] ------------------------------/eccadmin_dev/OrganizationRegist/save
2022-01-06 10:25:24,372 DEBUG [8475] [] ------------------------------session_check_true
2022-01-06 10:25:24,372 DEBUG [8475] [] saveAction start
2022-01-06 10:25:24,372 DEBUG [8475] [] admin_no is 1
2022-01-06 10:25:24,491 DEBUG [8475] [] saveAction end
2022-01-06 10:25:24,492 DEBUG [8475] [] OrganizationRegistController end
2022-01-06 10:25:24,492 DEBUG [8475] [] finally
2022-01-06 18:53:12,649 DEBUG [14527] [] Request URI : /eccadmin_dev/Login
2022-01-06 18:53:12,654 DEBUG [14527] [] LoginController start
2022-01-06 18:53:12,655 DEBUG [14527] [] controllers/LoginController.php: is exist
2022-01-06 18:53:12,658 DEBUG [14527] [] LoginForm: is exist
2022-01-06 18:53:12,658 DEBUG [14527] [] LoginForm: form value set 
2022-01-06 18:53:12,658 DEBUG [14527] [] ------------------------------/eccadmin_dev/Login
2022-01-06 18:53:12,658 DEBUG [14527] [] ------------------------------login_start_check
2022-01-06 18:53:12,659 DEBUG [14527] [] indexAction start
2022-01-06 18:53:12,717 DEBUG [14527] [] indexAction end
2022-01-06 18:53:12,717 DEBUG [14527] [] LoginController end
2022-01-06 18:53:12,718 DEBUG [14527] [] finally
2022-01-06 18:53:12,748 DEBUG [14632] [] Request URI : /eccadmin_dev/Login
2022-01-06 18:53:12,753 DEBUG [14632] [] LoginController start
2022-01-06 18:53:12,753 DEBUG [14632] [] controllers/LoginController.php: is exist
2022-01-06 18:53:12,756 DEBUG [14632] [] LoginForm: is exist
2022-01-06 18:53:12,756 DEBUG [14632] [] LoginForm: form value set 
2022-01-06 18:53:12,757 DEBUG [14632] [] ------------------------------/eccadmin_dev/Login
2022-01-06 18:53:12,757 DEBUG [14632] [] ------------------------------login_start_check
2022-01-06 18:53:12,757 DEBUG [14632] [] indexAction start
2022-01-06 18:53:12,786 DEBUG [14632] [] indexAction end
2022-01-06 18:53:12,786 DEBUG [14632] [] LoginController end
2022-01-06 18:53:12,786 DEBUG [14632] [] finally
2022-01-06 18:53:17,346 DEBUG [14527] [] Request URI : /eccadmin_dev/Login/login
2022-01-06 18:53:17,351 DEBUG [14527] [] LoginController start
2022-01-06 18:53:17,352 DEBUG [14527] [] controllers/LoginController.php: is exist
2022-01-06 18:53:17,354 DEBUG [14527] [] LoginForm: is exist
2022-01-06 18:53:17,355 DEBUG [14527] [] LoginForm: form value set 
2022-01-06 18:53:17,355 DEBUG [14527] [] ------------------------------/eccadmin_dev/Login/login
2022-01-06 18:53:17,355 DEBUG [14527] [] ------------------------------login_start_check
2022-01-06 18:53:17,355 DEBUG [14527] [] loginAction start
2022-01-06 18:53:17,654 DEBUG [14527] [] loginAction end
2022-01-06 18:53:17,654 DEBUG [14527] [] LoginController end
2022-01-06 18:53:17,655 DEBUG [14527] [] finally
2022-01-06 18:53:17,682 DEBUG [14527] [] Request URI : /eccadmin_dev/Menu
2022-01-06 18:53:17,684 DEBUG [14527] [] MenuController start
2022-01-06 18:53:17,685 DEBUG [14527] [] controllers/MenuController.php: is exist
2022-01-06 18:53:17,686 DEBUG [14527] [] MenuForm: is exist
2022-01-06 18:53:17,686 DEBUG [14527] [] MenuForm: form value set 
2022-01-06 18:53:17,686 DEBUG [14527] [] ------------------------------/eccadmin_dev/Menu
2022-01-06 18:53:17,686 DEBUG [14527] [] ------------------------------login_start_check
2022-01-06 18:53:17,687 DEBUG [14527] [] indexAction start
2022-01-06 18:53:17,687 DEBUG [14527] [] admin_no is 1
2022-01-06 18:53:17,723 DEBUG [14527] [] indexAction end
2022-01-06 18:53:17,723 DEBUG [14527] [] MenuController end
2022-01-06 18:53:17,723 DEBUG [14527] [] finally
2022-01-06 18:53:20,701 DEBUG [14358] [] Request URI : /eccadmin_dev/WordList
2022-01-06 18:53:20,707 DEBUG [14358] [] WordListController start
2022-01-06 18:53:20,707 DEBUG [14358] [] controllers/WordListController.php: is exist
2022-01-06 18:53:20,710 DEBUG [14358] [] WordListForm: is exist
2022-01-06 18:53:20,710 DEBUG [14358] [] WordListForm: form value set 
2022-01-06 18:53:20,710 DEBUG [14358] [] ------------------------------/eccadmin_dev/WordList
2022-01-06 18:53:20,711 DEBUG [14358] [] indexAction start
2022-01-06 18:53:20,711 DEBUG [14358] [] admin_no is 1
2022-01-06 18:53:20,822 DEBUG [14358] [] indexAction end
2022-01-06 18:53:20,822 DEBUG [14358] [] WordListController end
2022-01-06 18:53:20,822 DEBUG [14358] [] finally
2022-01-06 18:53:53,224 DEBUG [14634] [] Request URI : /eccadmin_dev/WordList
2022-01-06 18:53:53,229 DEBUG [14634] [] WordListController start
2022-01-06 18:53:53,229 DEBUG [14634] [] controllers/WordListController.php: is exist
2022-01-06 18:53:53,232 DEBUG [14634] [] WordListForm: is exist
2022-01-06 18:53:53,232 DEBUG [14634] [] WordListForm: form value set 
2022-01-06 18:53:53,233 DEBUG [14634] [] ------------------------------/eccadmin_dev/WordList
2022-01-06 18:53:53,233 DEBUG [14634] [] indexAction start
2022-01-06 18:53:53,233 DEBUG [14634] [] admin_no is 1
2022-01-06 18:53:53,309 DEBUG [14634] [] indexAction end
2022-01-06 18:53:53,309 DEBUG [14634] [] WordListController end
2022-01-06 18:53:53,310 DEBUG [14634] [] finally
2022-01-06 18:54:12,213 DEBUG [14358] [] Request URI : /eccadmin_dev/WordList/Search
2022-01-06 18:54:12,218 DEBUG [14358] [] WordListController start
2022-01-06 18:54:12,218 DEBUG [14358] [] controllers/WordListController.php: is exist
2022-01-06 18:54:12,221 DEBUG [14358] [] WordListForm: is exist
2022-01-06 18:54:12,221 DEBUG [14358] [] WordListForm: form value set 
2022-01-06 18:54:12,222 DEBUG [14358] [] ------------------------------/eccadmin_dev/WordList/Search
2022-01-06 18:54:12,222 DEBUG [14358] [] SearchAction start
2022-01-06 18:54:12,222 DEBUG [14358] [] admin_no is 1
2022-01-06 18:54:12,303 DEBUG [14358] [] SearchAction end
2022-01-06 18:54:12,303 DEBUG [14358] [] WordListController end
2022-01-06 18:54:12,303 DEBUG [14358] [] finally
2022-01-06 19:00:23,881 DEBUG [14666] [] Request URI : /eccadmin_dev/WordRegist
2022-01-06 19:00:23,889 DEBUG [14666] [] WordRegistController start
2022-01-06 19:00:23,889 DEBUG [14666] [] controllers/WordRegistController.php: is exist
2022-01-06 19:00:23,893 DEBUG [14666] [] WordRegistForm: is exist
2022-01-06 19:00:23,893 DEBUG [14666] [] WordRegistForm: form value set 
2022-01-06 19:00:23,894 DEBUG [14666] [] ------------------------------/eccadmin_dev/WordRegist
2022-01-06 19:00:23,894 DEBUG [14666] [] ------------------------------session_check_true
2022-01-06 19:00:23,894 DEBUG [14666] [] indexAction start
2022-01-06 19:00:23,894 DEBUG [14666] [] admin_no is 1
2022-01-06 19:00:23,897 DEBUG [14666] [] word_id
2022-01-06 19:00:23,980 DEBUG [14666] [] indexAction end
2022-01-06 19:00:23,980 DEBUG [14666] [] WordRegistController end
2022-01-06 19:00:23,980 DEBUG [14666] [] finally
2022-01-06 19:00:41,415 DEBUG [14375] [] Request URI : /eccadmin_dev/WordRegist/Save
2022-01-06 19:00:41,420 DEBUG [14375] [] WordRegistController start
2022-01-06 19:00:41,420 DEBUG [14375] [] controllers/WordRegistController.php: is exist
2022-01-06 19:00:41,424 DEBUG [14375] [] WordRegistForm: is exist
2022-01-06 19:00:41,424 DEBUG [14375] [] WordRegistForm: form value set 
2022-01-06 19:00:41,425 DEBUG [14375] [] ------------------------------/eccadmin_dev/WordRegist/Save
2022-01-06 19:00:41,425 DEBUG [14375] [] ------------------------------session_check_true
2022-01-06 19:00:41,425 DEBUG [14375] [] SaveAction start
2022-01-06 19:00:41,425 DEBUG [14375] [] admin_no is 1
2022-01-06 19:00:41,428 DEBUG [14375] [] INSERT INTO  T_WORD (org_no,word_id,word_system_kbn,word,translation,word_lang_type,trans_lang_type,del_flg,create_dt,creater_id,update_dt,updater_id ) VALUES ( :org_no,:word_id,:word_system_kbn,:word,:translation,:word_lang_type,:trans_lang_type,:del_flg,:create_dt,:creater_id,:update_dt,:updater_id );
2022-01-06 19:00:41,512 DEBUG [14375] [] SaveAction end
2022-01-06 19:00:41,512 DEBUG [14375] [] WordRegistController end
2022-01-06 19:00:41,513 DEBUG [14375] [] finally
2022-01-06 19:00:43,255 DEBUG [14375] [] Request URI : /eccadmin_dev/WordRegist/back
2022-01-06 19:00:43,261 DEBUG [14375] [] WordRegistController start
2022-01-06 19:00:43,261 DEBUG [14375] [] controllers/WordRegistController.php: is exist
2022-01-06 19:00:43,264 DEBUG [14375] [] WordRegistForm: is exist
2022-01-06 19:00:43,265 DEBUG [14375] [] WordRegistForm: form value set 
2022-01-06 19:00:43,265 DEBUG [14375] [] ------------------------------/eccadmin_dev/WordRegist/back
2022-01-06 19:00:43,265 DEBUG [14375] [] ------------------------------session_check_true
2022-01-06 19:00:43,265 DEBUG [14375] [] backAction start
2022-01-06 19:00:43,266 DEBUG [14375] [] backAction end
2022-01-06 19:00:43,266 DEBUG [14375] [] WordRegistController end
2022-01-06 19:00:43,266 DEBUG [14375] [] finally
2022-01-06 19:00:43,300 DEBUG [14375] [] Request URI : /eccadmin_dev/WordList/Search
2022-01-06 19:00:43,304 DEBUG [14375] [] WordListController start
2022-01-06 19:00:43,304 DEBUG [14375] [] controllers/WordListController.php: is exist
2022-01-06 19:00:43,306 DEBUG [14375] [] WordListForm: is exist
2022-01-06 19:00:43,307 DEBUG [14375] [] WordListForm: form value set 
2022-01-06 19:00:43,307 DEBUG [14375] [] ------------------------------/eccadmin_dev/WordList/Search
2022-01-06 19:00:43,307 DEBUG [14375] [] SearchAction start
2022-01-06 19:00:43,307 DEBUG [14375] [] admin_no is 1
2022-01-06 19:00:43,380 DEBUG [14375] [] SearchAction end
2022-01-06 19:00:43,380 DEBUG [14375] [] WordListController end
2022-01-06 19:00:43,380 DEBUG [14375] [] finally
2022-01-06 19:01:00,983 DEBUG [14644] [] Request URI : /eccadmin_dev/WordList/Search
2022-01-06 19:01:00,988 DEBUG [14644] [] WordListController start
2022-01-06 19:01:00,989 DEBUG [14644] [] controllers/WordListController.php: is exist
2022-01-06 19:01:00,991 DEBUG [14644] [] WordListForm: is exist
2022-01-06 19:01:00,992 DEBUG [14644] [] WordListForm: form value set 
2022-01-06 19:01:00,992 DEBUG [14644] [] ------------------------------/eccadmin_dev/WordList/Search
2022-01-06 19:01:00,992 DEBUG [14644] [] SearchAction start
2022-01-06 19:01:00,993 DEBUG [14644] [] admin_no is 1
2022-01-06 19:01:01,071 DEBUG [14644] [] SearchAction end
2022-01-06 19:01:01,071 DEBUG [14644] [] WordListController end
2022-01-06 19:01:01,072 DEBUG [14644] [] finally
2022-01-06 19:01:12,673 DEBUG [14733] [] Request URI : /eccadmin_dev/Login/logout
2022-01-06 19:01:12,682 DEBUG [14733] [] LoginController start
2022-01-06 19:01:12,682 DEBUG [14733] [] controllers/LoginController.php: is exist
2022-01-06 19:01:12,685 DEBUG [14733] [] LoginForm: is exist
2022-01-06 19:01:12,685 DEBUG [14733] [] LoginForm: form value set 
2022-01-06 19:01:12,686 DEBUG [14733] [] ------------------------------/eccadmin_dev/Login/logout
2022-01-06 19:01:12,686 DEBUG [14733] [] ------------------------------login_start_check
2022-01-06 19:01:12,686 DEBUG [14733] [] logoutAction start
2022-01-06 19:01:12,686 DEBUG [14733] [] logoutAction end
2022-01-06 19:01:12,686 DEBUG [14733] [] LoginController end
2022-01-06 19:01:12,686 DEBUG [14733] [] finally
2022-01-06 19:01:12,725 DEBUG [14733] [] Request URI : /eccadmin_dev/Login
2022-01-06 19:01:12,731 DEBUG [14733] [] LoginController start
2022-01-06 19:01:12,731 DEBUG [14733] [] controllers/LoginController.php: is exist
2022-01-06 19:01:12,734 DEBUG [14733] [] LoginForm: is exist
2022-01-06 19:01:12,734 DEBUG [14733] [] LoginForm: form value set 
2022-01-06 19:01:12,734 DEBUG [14733] [] ------------------------------/eccadmin_dev/Login
2022-01-06 19:01:12,734 DEBUG [14733] [] ------------------------------login_start_check
2022-01-06 19:01:12,735 DEBUG [14733] [] indexAction start
2022-01-06 19:01:12,766 DEBUG [14733] [] indexAction end
2022-01-06 19:01:12,766 DEBUG [14733] [] LoginController end
2022-01-06 19:01:12,766 DEBUG [14733] [] finally
