2021-12-16 17:12:48,032 DEBUG [125212] [] Request URI : /eccadmin_dev/Login
2021-12-16 17:12:48,047 DEBUG [125212] [] LoginController start
2021-12-16 17:12:48,047 DEBUG [125212] [] controllers/LoginController.php: is exist
2021-12-16 17:12:48,047 DEBUG [125212] [] LoginForm: is exist
2021-12-16 17:12:48,047 DEBUG [125212] [] LoginForm: form value set 
2021-12-16 17:12:48,048 DEBUG [125212] [] ------------------------------/eccadmin_dev/Login
2021-12-16 17:12:48,048 DEBUG [125212] [] ------------------------------login_start_check
2021-12-16 17:12:48,048 DEBUG [125212] [] indexAction start
2021-12-16 17:12:48,094 DEBUG [125212] [] indexAction end
2021-12-16 17:12:48,094 DEBUG [125212] [] LoginController end
2021-12-16 17:12:48,094 DEBUG [125212] [] finally
2021-12-16 17:12:48,708 DEBUG [125212] [] Request URI : /eccadmin_dev/Login
2021-12-16 17:12:48,708 DEBUG [125212] [] LoginController start
2021-12-16 17:12:48,708 DEBUG [125212] [] controllers/LoginController.php: is exist
2021-12-16 17:12:48,709 DEBUG [125212] [] LoginForm: is exist
2021-12-16 17:12:48,709 DEBUG [125212] [] LoginForm: form value set 
2021-12-16 17:12:48,709 DEBUG [125212] [] ------------------------------/eccadmin_dev/Login
2021-12-16 17:12:48,709 DEBUG [125212] [] ------------------------------login_start_check
2021-12-16 17:12:48,709 DEBUG [125212] [] indexAction start
2021-12-16 17:12:48,724 DEBUG [125212] [] indexAction end
2021-12-16 17:12:48,724 DEBUG [125212] [] LoginController end
2021-12-16 17:12:48,725 DEBUG [125212] [] finally
2021-12-16 17:13:22,884 DEBUG [125062] [] Request URI : /eccadmin_dev/Login/login
2021-12-16 17:13:22,885 DEBUG [125062] [] LoginController start
2021-12-16 17:13:22,885 DEBUG [125062] [] controllers/LoginController.php: is exist
2021-12-16 17:13:22,885 DEBUG [125062] [] LoginForm: is exist
2021-12-16 17:13:22,885 DEBUG [125062] [] LoginForm: form value set 
2021-12-16 17:13:22,886 DEBUG [125062] [] ------------------------------/eccadmin_dev/Login/login
2021-12-16 17:13:22,886 DEBUG [125062] [] ------------------------------login_start_check
2021-12-16 17:13:22,886 DEBUG [125062] [] loginAction start
2021-12-16 17:13:23,182 DEBUG [125062] [] loginAction end
2021-12-16 17:13:23,182 DEBUG [125062] [] LoginController end
2021-12-16 17:13:23,182 DEBUG [125062] [] finally
2021-12-16 17:13:23,214 DEBUG [125062] [] Request URI : /eccadmin_dev/Menu
2021-12-16 17:13:23,214 DEBUG [125062] [] MenuController start
2021-12-16 17:13:23,214 DEBUG [125062] [] controllers/MenuController.php: is exist
2021-12-16 17:13:23,214 DEBUG [125062] [] MenuForm: is exist
2021-12-16 17:13:23,214 DEBUG [125062] [] MenuForm: form value set 
2021-12-16 17:13:23,215 DEBUG [125062] [] ------------------------------/eccadmin_dev/Menu
2021-12-16 17:13:23,215 DEBUG [125062] [] ------------------------------login_start_check
2021-12-16 17:13:23,215 DEBUG [125062] [] indexAction start
2021-12-16 17:13:23,215 DEBUG [125062] [] admin_no is 1
2021-12-16 17:13:23,307 DEBUG [125062] [] indexAction end
2021-12-16 17:13:23,307 DEBUG [125062] [] MenuController end
2021-12-16 17:13:23,308 DEBUG [125062] [] finally
2021-12-16 17:21:28,186 DEBUG [126386] [] Request URI : /eccadmin_dev/Login/logout
2021-12-16 17:21:28,186 DEBUG [126386] [] LoginController start
2021-12-16 17:21:28,187 DEBUG [126386] [] controllers/LoginController.php: is exist
2021-12-16 17:21:28,187 DEBUG [126386] [] LoginForm: is exist
2021-12-16 17:21:28,187 DEBUG [126386] [] LoginForm: form value set 
2021-12-16 17:21:28,187 DEBUG [126386] [] ------------------------------/eccadmin_dev/Login/logout
2021-12-16 17:21:28,188 DEBUG [126386] [] ------------------------------login_start_check
2021-12-16 17:21:28,188 DEBUG [126386] [] logoutAction start
2021-12-16 17:21:28,188 DEBUG [126386] [] logoutAction end
2021-12-16 17:21:28,188 DEBUG [126386] [] LoginController end
2021-12-16 17:21:28,188 DEBUG [126386] [] finally
2021-12-16 17:21:28,219 DEBUG [126386] [] Request URI : /eccadmin_dev/Login
2021-12-16 17:21:28,219 DEBUG [126386] [] LoginController start
2021-12-16 17:21:28,219 DEBUG [126386] [] controllers/LoginController.php: is exist
2021-12-16 17:21:28,219 DEBUG [126386] [] LoginForm: is exist
2021-12-16 17:21:28,220 DEBUG [126386] [] LoginForm: form value set 
2021-12-16 17:21:28,220 DEBUG [126386] [] ------------------------------/eccadmin_dev/Login
2021-12-16 17:21:28,220 DEBUG [126386] [] ------------------------------login_start_check
2021-12-16 17:21:28,220 DEBUG [126386] [] indexAction start
2021-12-16 17:21:28,236 DEBUG [126386] [] indexAction end
2021-12-16 17:21:28,236 DEBUG [126386] [] LoginController end
2021-12-16 17:21:28,236 DEBUG [126386] [] finally
2021-12-16 17:41:05,234 DEBUG [127188] [] Request URI : /eccadmin_dev/Login/login
2021-12-16 17:41:05,235 DEBUG [127188] [] LoginController start
2021-12-16 17:41:05,235 DEBUG [127188] [] controllers/LoginController.php: is exist
2021-12-16 17:41:05,235 DEBUG [127188] [] LoginForm: is exist
2021-12-16 17:41:05,235 DEBUG [127188] [] LoginForm: form value set 
2021-12-16 17:41:05,236 DEBUG [127188] [] ------------------------------/eccadmin_dev/Login/login
2021-12-16 17:41:05,236 DEBUG [127188] [] ------------------------------login_start_check
2021-12-16 17:41:05,236 DEBUG [127188] [] loginAction start
2021-12-16 17:41:05,327 DEBUG [127188] [] loginAction end
2021-12-16 17:41:05,327 DEBUG [127188] [] LoginController end
2021-12-16 17:41:05,327 DEBUG [127188] [] finally
2021-12-16 17:41:07,227 DEBUG [127188] [] Request URI : /eccadmin_dev/Login/login
2021-12-16 17:41:07,227 DEBUG [127188] [] LoginController start
2021-12-16 17:41:07,228 DEBUG [127188] [] controllers/LoginController.php: is exist
2021-12-16 17:41:07,228 DEBUG [127188] [] LoginForm: is exist
2021-12-16 17:41:07,228 DEBUG [127188] [] LoginForm: form value set 
2021-12-16 17:41:07,228 DEBUG [127188] [] ------------------------------/eccadmin_dev/Login/login
2021-12-16 17:41:07,228 DEBUG [127188] [] ------------------------------login_start_check
2021-12-16 17:41:07,228 DEBUG [127188] [] loginAction start
2021-12-16 17:41:07,550 DEBUG [127188] [] loginAction end
2021-12-16 17:41:07,550 DEBUG [127188] [] LoginController end
2021-12-16 17:41:07,550 DEBUG [127188] [] finally
2021-12-16 17:41:07,570 DEBUG [127188] [] Request URI : /eccadmin_dev/Menu
2021-12-16 17:41:07,570 DEBUG [127188] [] MenuController start
2021-12-16 17:41:07,570 DEBUG [127188] [] controllers/MenuController.php: is exist
2021-12-16 17:41:07,571 DEBUG [127188] [] MenuForm: is exist
2021-12-16 17:41:07,571 DEBUG [127188] [] MenuForm: form value set 
2021-12-16 17:41:07,571 DEBUG [127188] [] ------------------------------/eccadmin_dev/Menu
2021-12-16 17:41:07,571 DEBUG [127188] [] ------------------------------login_start_check
2021-12-16 17:41:07,571 DEBUG [127188] [] indexAction start
2021-12-16 17:41:07,571 DEBUG [127188] [] admin_no is 1
2021-12-16 17:41:07,608 DEBUG [127188] [] indexAction end
2021-12-16 17:41:07,608 DEBUG [127188] [] MenuController end
2021-12-16 17:41:07,608 DEBUG [127188] [] finally
2021-12-16 17:41:11,758 DEBUG [127188] [] Request URI : /eccadmin_dev/WordBookList
2021-12-16 17:41:11,758 DEBUG [127188] [] WordBookListController start
2021-12-16 17:41:11,775 DEBUG [127188] [] controllers/WordBookListController.php: is exist
2021-12-16 17:41:11,776 DEBUG [127188] [] 1
2021-12-16 17:41:11,799 DEBUG [127188] [] 2
2021-12-16 17:41:11,800 DEBUG [127188] [] 3
2021-12-16 17:41:11,800 DEBUG [127188] [] 4
2021-12-16 17:41:11,801 DEBUG [127188] [] WordBookListForm: is exist
2021-12-16 17:41:11,813 DEBUG [127188] [] WordBookListForm: form value set 
2021-12-16 17:41:11,813 DEBUG [127188] [] ------------------------------/eccadmin_dev/WordBookList
2021-12-16 17:41:11,813 DEBUG [127188] [] indexAction start
2021-12-16 17:41:11,814 DEBUG [127188] [] admin_no is 1
2021-12-16 17:41:11,908 DEBUG [127188] [] indexAction end
2021-12-16 17:41:11,908 DEBUG [127188] [] WordBookListController end
2021-12-16 17:41:11,908 DEBUG [127188] [] finally
2021-12-16 17:41:14,334 DEBUG [127183] [] Request URI : /eccadmin_dev/WordList
2021-12-16 17:41:14,335 DEBUG [127183] [] WordListController start
2021-12-16 17:41:14,335 DEBUG [127183] [] controllers/WordListController.php: is exist
2021-12-16 17:41:14,336 DEBUG [127183] [] WordListForm: is exist
2021-12-16 17:41:14,337 DEBUG [127183] [] WordListForm: form value set 
2021-12-16 17:41:14,337 DEBUG [127183] [] ------------------------------/eccadmin_dev/WordList
2021-12-16 17:41:14,338 DEBUG [127183] [] indexAction start
2021-12-16 17:41:14,338 DEBUG [127183] [] admin_no is 1
2021-12-16 17:41:14,402 DEBUG [127183] [] indexAction end
2021-12-16 17:41:14,403 DEBUG [127183] [] WordListController end
2021-12-16 17:41:14,403 DEBUG [127183] [] finally
2021-12-16 17:41:15,966 DEBUG [127183] [] Request URI : /eccadmin_dev/WordList
2021-12-16 17:41:15,966 DEBUG [127183] [] WordListController start
2021-12-16 17:41:15,966 DEBUG [127183] [] controllers/WordListController.php: is exist
2021-12-16 17:41:15,968 DEBUG [127183] [] WordListForm: is exist
2021-12-16 17:41:15,968 DEBUG [127183] [] WordListForm: form value set 
2021-12-16 17:41:15,969 DEBUG [127183] [] ------------------------------/eccadmin_dev/WordList
2021-12-16 17:41:15,969 DEBUG [127183] [] indexAction start
2021-12-16 17:41:15,969 DEBUG [127183] [] admin_no is 1
2021-12-16 17:41:16,030 DEBUG [127183] [] indexAction end
2021-12-16 17:41:16,030 DEBUG [127183] [] WordListController end
2021-12-16 17:41:16,030 DEBUG [127183] [] finally
2021-12-16 17:41:24,806 DEBUG [127458] [] Request URI : /eccadmin_dev/WordList/Search
2021-12-16 17:41:24,807 DEBUG [127458] [] WordListController start
2021-12-16 17:41:24,807 DEBUG [127458] [] controllers/WordListController.php: is exist
2021-12-16 17:41:24,809 DEBUG [127458] [] WordListForm: is exist
2021-12-16 17:41:24,809 DEBUG [127458] [] WordListForm: form value set 
2021-12-16 17:41:24,810 DEBUG [127458] [] ------------------------------/eccadmin_dev/WordList/Search
2021-12-16 17:41:24,810 DEBUG [127458] [] SearchAction start
2021-12-16 17:41:24,810 DEBUG [127458] [] admin_no is 1
2021-12-16 17:41:24,869 DEBUG [127458] [] SearchAction end
2021-12-16 17:41:24,869 DEBUG [127458] [] WordListController end
2021-12-16 17:41:24,869 DEBUG [127458] [] finally
2021-12-16 17:41:31,737 DEBUG [127469] [] Request URI : /eccadmin_dev/WordList/Search
2021-12-16 17:41:31,738 DEBUG [127469] [] WordListController start
2021-12-16 17:41:31,738 DEBUG [127469] [] controllers/WordListController.php: is exist
2021-12-16 17:41:31,740 DEBUG [127469] [] WordListForm: is exist
2021-12-16 17:41:31,740 DEBUG [127469] [] WordListForm: form value set 
2021-12-16 17:41:31,741 DEBUG [127469] [] ------------------------------/eccadmin_dev/WordList/Search
2021-12-16 17:41:31,741 DEBUG [127469] [] SearchAction start
2021-12-16 17:41:31,741 DEBUG [127469] [] admin_no is 1
2021-12-16 17:41:31,801 DEBUG [127469] [] SearchAction end
2021-12-16 17:41:31,801 DEBUG [127469] [] WordListController end
2021-12-16 17:41:31,801 DEBUG [127469] [] finally
2021-12-16 17:41:39,219 DEBUG [127187] [] Request URI : /eccadmin_dev/WordList/Search
2021-12-16 17:41:39,219 DEBUG [127187] [] WordListController start
2021-12-16 17:41:39,219 DEBUG [127187] [] controllers/WordListController.php: is exist
2021-12-16 17:41:39,221 DEBUG [127187] [] WordListForm: is exist
2021-12-16 17:41:39,221 DEBUG [127187] [] WordListForm: form value set 
2021-12-16 17:41:39,222 DEBUG [127187] [] ------------------------------/eccadmin_dev/WordList/Search
2021-12-16 17:41:39,222 DEBUG [127187] [] SearchAction start
2021-12-16 17:41:39,222 DEBUG [127187] [] admin_no is 1
2021-12-16 17:41:39,285 DEBUG [127187] [] SearchAction end
2021-12-16 17:41:39,285 DEBUG [127187] [] WordListController end
2021-12-16 17:41:39,286 DEBUG [127187] [] finally
2021-12-16 17:41:41,658 DEBUG [127187] [] Request URI : /eccadmin_dev/WordRegist
2021-12-16 17:41:41,659 DEBUG [127187] [] WordRegistController start
2021-12-16 17:41:41,659 DEBUG [127187] [] controllers/WordRegistController.php: is exist
2021-12-16 17:41:41,661 DEBUG [127187] [] WordRegistForm: is exist
2021-12-16 17:41:41,662 DEBUG [127187] [] WordRegistForm: form value set 
2021-12-16 17:41:41,662 DEBUG [127187] [] ------------------------------/eccadmin_dev/WordRegist
2021-12-16 17:41:41,662 DEBUG [127187] [] ------------------------------session_check_true
2021-12-16 17:41:41,662 DEBUG [127187] [] indexAction start
2021-12-16 17:41:41,662 DEBUG [127187] [] admin_no is 1
2021-12-16 17:41:41,665 DEBUG [127187] [] word_id
2021-12-16 17:41:41,738 DEBUG [127187] [] indexAction end
2021-12-16 17:41:41,738 DEBUG [127187] [] WordRegistController end
2021-12-16 17:41:41,738 DEBUG [127187] [] finally
2021-12-16 17:44:25,709 DEBUG [125062] [] Request URI : /eccadmin_dev/WordRegist/back
2021-12-16 17:44:25,710 DEBUG [125062] [] WordRegistController start
2021-12-16 17:44:25,710 DEBUG [125062] [] controllers/WordRegistController.php: is exist
2021-12-16 17:44:25,712 DEBUG [125062] [] WordRegistForm: is exist
2021-12-16 17:44:25,712 DEBUG [125062] [] WordRegistForm: form value set 
2021-12-16 17:44:25,713 DEBUG [125062] [] ------------------------------/eccadmin_dev/WordRegist/back
2021-12-16 17:44:25,713 DEBUG [125062] [] ------------------------------session_check_true
2021-12-16 17:44:25,713 DEBUG [125062] [] backAction start
2021-12-16 17:44:25,713 DEBUG [125062] [] backAction end
2021-12-16 17:44:25,713 DEBUG [125062] [] WordRegistController end
2021-12-16 17:44:25,713 DEBUG [125062] [] finally
2021-12-16 17:44:25,776 DEBUG [125062] [] Request URI : /eccadmin_dev/WordList/Search
2021-12-16 17:44:25,776 DEBUG [125062] [] WordListController start
2021-12-16 17:44:25,776 DEBUG [125062] [] controllers/WordListController.php: is exist
2021-12-16 17:44:25,777 DEBUG [125062] [] WordListForm: is exist
2021-12-16 17:44:25,778 DEBUG [125062] [] WordListForm: form value set 
2021-12-16 17:44:25,778 DEBUG [125062] [] ------------------------------/eccadmin_dev/WordList/Search
2021-12-16 17:44:25,778 DEBUG [125062] [] SearchAction start
2021-12-16 17:44:25,779 DEBUG [125062] [] admin_no is 1
2021-12-16 17:44:25,837 DEBUG [125062] [] SearchAction end
2021-12-16 17:44:25,837 DEBUG [125062] [] WordListController end
2021-12-16 17:44:25,837 DEBUG [125062] [] finally
2021-12-16 17:44:33,735 DEBUG [127228] [] Request URI : /eccadmin_dev/WordList/Search
2021-12-16 17:44:33,736 DEBUG [127228] [] WordListController start
2021-12-16 17:44:33,736 DEBUG [127228] [] controllers/WordListController.php: is exist
2021-12-16 17:44:33,738 DEBUG [127228] [] WordListForm: is exist
2021-12-16 17:44:33,738 DEBUG [127228] [] WordListForm: form value set 
2021-12-16 17:44:33,739 DEBUG [127228] [] ------------------------------/eccadmin_dev/WordList/Search
2021-12-16 17:44:33,739 DEBUG [127228] [] SearchAction start
2021-12-16 17:44:33,739 DEBUG [127228] [] admin_no is 1
2021-12-16 17:44:33,800 DEBUG [127228] [] SearchAction end
2021-12-16 17:44:33,800 DEBUG [127228] [] WordListController end
2021-12-16 17:44:33,801 DEBUG [127228] [] finally
2021-12-16 17:45:58,607 DEBUG [127783] [] Request URI : /eccadmin_dev/Login
2021-12-16 17:45:58,611 DEBUG [127783] [] LoginController start
2021-12-16 17:45:58,611 DEBUG [127783] [] controllers/LoginController.php: is exist
2021-12-16 17:45:58,612 DEBUG [127783] [] LoginForm: is exist
2021-12-16 17:45:58,612 DEBUG [127783] [] LoginForm: form value set 
2021-12-16 17:45:58,613 DEBUG [127783] [] ------------------------------/eccadmin_dev/Login
2021-12-16 17:45:58,613 DEBUG [127783] [] ------------------------------login_start_check
2021-12-16 17:45:58,613 DEBUG [127783] [] indexAction start
2021-12-16 17:45:58,630 DEBUG [127783] [] indexAction end
2021-12-16 17:45:58,630 DEBUG [127783] [] LoginController end
2021-12-16 17:45:58,630 DEBUG [127783] [] finally
2021-12-16 17:45:59,721 DEBUG [127783] [] Request URI : /eccadmin_dev/Login
2021-12-16 17:45:59,722 DEBUG [127783] [] LoginController start
2021-12-16 17:45:59,722 DEBUG [127783] [] controllers/LoginController.php: is exist
2021-12-16 17:45:59,722 DEBUG [127783] [] LoginForm: is exist
2021-12-16 17:45:59,722 DEBUG [127783] [] LoginForm: form value set 
2021-12-16 17:45:59,723 DEBUG [127783] [] ------------------------------/eccadmin_dev/Login
2021-12-16 17:45:59,723 DEBUG [127783] [] ------------------------------login_start_check
2021-12-16 17:45:59,723 DEBUG [127783] [] indexAction start
2021-12-16 17:45:59,738 DEBUG [127783] [] indexAction end
2021-12-16 17:45:59,738 DEBUG [127783] [] LoginController end
2021-12-16 17:45:59,738 DEBUG [127783] [] finally
2021-12-16 17:46:02,524 DEBUG [127783] [] Request URI : /eccadmin_dev/Login/login
2021-12-16 17:46:02,525 DEBUG [127783] [] LoginController start
2021-12-16 17:46:02,525 DEBUG [127783] [] controllers/LoginController.php: is exist
2021-12-16 17:46:02,525 DEBUG [127783] [] LoginForm: is exist
2021-12-16 17:46:02,525 DEBUG [127783] [] LoginForm: form value set 
2021-12-16 17:46:02,526 DEBUG [127783] [] ------------------------------/eccadmin_dev/Login/login
2021-12-16 17:46:02,526 DEBUG [127783] [] ------------------------------login_start_check
2021-12-16 17:46:02,526 DEBUG [127783] [] loginAction start
2021-12-16 17:46:02,828 DEBUG [127783] [] loginAction end
2021-12-16 17:46:02,828 DEBUG [127783] [] LoginController end
2021-12-16 17:46:02,828 DEBUG [127783] [] finally
2021-12-16 17:46:02,851 DEBUG [127783] [] Request URI : /eccadmin_dev/Menu
2021-12-16 17:46:02,852 DEBUG [127783] [] MenuController start
2021-12-16 17:46:02,852 DEBUG [127783] [] controllers/MenuController.php: is exist
2021-12-16 17:46:02,852 DEBUG [127783] [] MenuForm: is exist
2021-12-16 17:46:02,852 DEBUG [127783] [] MenuForm: form value set 
2021-12-16 17:46:02,853 DEBUG [127783] [] ------------------------------/eccadmin_dev/Menu
2021-12-16 17:46:02,853 DEBUG [127783] [] ------------------------------login_start_check
2021-12-16 17:46:02,853 DEBUG [127783] [] indexAction start
2021-12-16 17:46:02,853 DEBUG [127783] [] admin_no is 1
2021-12-16 17:46:02,903 DEBUG [127783] [] indexAction end
2021-12-16 17:46:02,903 DEBUG [127783] [] MenuController end
2021-12-16 17:46:02,903 DEBUG [127783] [] finally
2021-12-16 17:53:03,230 DEBUG [127940] [] Request URI : /eccadmin_dev/Menu
2021-12-16 17:53:03,231 DEBUG [127940] [] MenuController start
2021-12-16 17:53:03,231 DEBUG [127940] [] controllers/MenuController.php: is exist
2021-12-16 17:53:03,231 DEBUG [127940] [] MenuForm: is exist
2021-12-16 17:53:03,232 DEBUG [127940] [] MenuForm: form value set 
2021-12-16 17:53:03,232 DEBUG [127940] [] ------------------------------/eccadmin_dev/Menu
2021-12-16 17:53:03,232 DEBUG [127940] [] ------------------------------login_start_check
2021-12-16 17:53:03,232 DEBUG [127940] [] indexAction start
2021-12-16 17:53:03,232 DEBUG [127940] [] admin_no is 1
2021-12-16 17:53:03,281 DEBUG [127940] [] indexAction end
2021-12-16 17:53:03,281 DEBUG [127940] [] MenuController end
2021-12-16 17:53:03,281 DEBUG [127940] [] finally
2021-12-16 17:59:12,138 DEBUG [127228] [] Request URI : /eccadmin_dev/Menu
2021-12-16 17:59:12,138 DEBUG [127228] [] MenuController start
2021-12-16 17:59:12,139 DEBUG [127228] [] controllers/MenuController.php: is exist
2021-12-16 17:59:12,139 DEBUG [127228] [] MenuForm: is exist
2021-12-16 17:59:12,139 DEBUG [127228] [] MenuForm: form value set 
2021-12-16 17:59:12,139 DEBUG [127228] [] ------------------------------/eccadmin_dev/Menu
2021-12-16 17:59:12,140 DEBUG [127228] [] ------------------------------login_start_check
2021-12-16 17:59:12,140 DEBUG [127228] [] indexAction start
2021-12-16 17:59:12,140 DEBUG [127228] [] admin_no is 1
2021-12-16 17:59:12,189 DEBUG [127228] [] indexAction end
2021-12-16 17:59:12,189 DEBUG [127228] [] MenuController end
2021-12-16 17:59:12,189 DEBUG [127228] [] finally
2021-12-16 17:59:16,300 DEBUG [127228] [] Request URI : /eccadmin_dev/Login/logout
2021-12-16 17:59:16,300 DEBUG [127228] [] LoginController start
2021-12-16 17:59:16,300 DEBUG [127228] [] controllers/LoginController.php: is exist
2021-12-16 17:59:16,301 DEBUG [127228] [] LoginForm: is exist
2021-12-16 17:59:16,301 DEBUG [127228] [] LoginForm: form value set 
2021-12-16 17:59:16,301 DEBUG [127228] [] ------------------------------/eccadmin_dev/Login/logout
2021-12-16 17:59:16,301 DEBUG [127228] [] ------------------------------login_start_check
2021-12-16 17:59:16,302 DEBUG [127228] [] logoutAction start
2021-12-16 17:59:16,302 DEBUG [127228] [] logoutAction end
2021-12-16 17:59:16,302 DEBUG [127228] [] LoginController end
2021-12-16 17:59:16,302 DEBUG [127228] [] finally
2021-12-16 17:59:16,343 DEBUG [127228] [] Request URI : /eccadmin_dev/Login
2021-12-16 17:59:16,344 DEBUG [127228] [] LoginController start
2021-12-16 17:59:16,344 DEBUG [127228] [] controllers/LoginController.php: is exist
2021-12-16 17:59:16,344 DEBUG [127228] [] LoginForm: is exist
2021-12-16 17:59:16,344 DEBUG [127228] [] LoginForm: form value set 
2021-12-16 17:59:16,344 DEBUG [127228] [] ------------------------------/eccadmin_dev/Login
2021-12-16 17:59:16,345 DEBUG [127228] [] ------------------------------login_start_check
2021-12-16 17:59:16,345 DEBUG [127228] [] indexAction start
2021-12-16 17:59:16,360 DEBUG [127228] [] indexAction end
2021-12-16 17:59:16,360 DEBUG [127228] [] LoginController end
2021-12-16 17:59:16,360 DEBUG [127228] [] finally
2021-12-16 17:59:34,729 DEBUG [128298] [] Request URI : /eccadmin_dev/Login
2021-12-16 17:59:34,733 DEBUG [128298] [] LoginController start
2021-12-16 17:59:34,733 DEBUG [128298] [] controllers/LoginController.php: is exist
2021-12-16 17:59:34,734 DEBUG [128298] [] LoginForm: is exist
2021-12-16 17:59:34,734 DEBUG [128298] [] LoginForm: form value set 
2021-12-16 17:59:34,734 DEBUG [128298] [] ------------------------------/eccadmin_dev/Login
2021-12-16 17:59:34,735 DEBUG [128298] [] ------------------------------login_start_check
2021-12-16 17:59:34,735 DEBUG [128298] [] indexAction start
2021-12-16 17:59:34,751 DEBUG [128298] [] indexAction end
2021-12-16 17:59:34,752 DEBUG [128298] [] LoginController end
2021-12-16 17:59:34,752 DEBUG [128298] [] finally
2021-12-16 17:59:37,760 DEBUG [127956] [] Request URI : /eccadmin_dev/Login/login
2021-12-16 17:59:37,760 DEBUG [127956] [] LoginController start
2021-12-16 17:59:37,760 DEBUG [127956] [] controllers/LoginController.php: is exist
2021-12-16 17:59:37,761 DEBUG [127956] [] LoginForm: is exist
2021-12-16 17:59:37,761 DEBUG [127956] [] LoginForm: form value set 
2021-12-16 17:59:37,761 DEBUG [127956] [] ------------------------------/eccadmin_dev/Login/login
2021-12-16 17:59:37,761 DEBUG [127956] [] ------------------------------login_start_check
2021-12-16 17:59:37,762 DEBUG [127956] [] loginAction start
2021-12-16 17:59:38,065 DEBUG [127956] [] loginAction end
2021-12-16 17:59:38,065 DEBUG [127956] [] LoginController end
2021-12-16 17:59:38,066 DEBUG [127956] [] finally
2021-12-16 17:59:38,088 DEBUG [127956] [] Request URI : /eccadmin_dev/Menu
2021-12-16 17:59:38,088 DEBUG [127956] [] MenuController start
2021-12-16 17:59:38,088 DEBUG [127956] [] controllers/MenuController.php: is exist
2021-12-16 17:59:38,089 DEBUG [127956] [] MenuForm: is exist
2021-12-16 17:59:38,089 DEBUG [127956] [] MenuForm: form value set 
2021-12-16 17:59:38,089 DEBUG [127956] [] ------------------------------/eccadmin_dev/Menu
2021-12-16 17:59:38,089 DEBUG [127956] [] ------------------------------login_start_check
2021-12-16 17:59:38,089 DEBUG [127956] [] indexAction start
2021-12-16 17:59:38,089 DEBUG [127956] [] admin_no is 1
2021-12-16 17:59:38,116 DEBUG [127956] [] indexAction end
2021-12-16 17:59:38,116 DEBUG [127956] [] MenuController end
2021-12-16 17:59:38,116 DEBUG [127956] [] finally
2021-12-16 17:59:41,287 DEBUG [128298] [] Request URI : /eccadmin_dev/WordBookList
2021-12-16 17:59:41,288 DEBUG [128298] [] WordBookListController start
2021-12-16 17:59:41,288 DEBUG [128298] [] controllers/WordBookListController.php: is exist
2021-12-16 17:59:41,289 DEBUG [128298] [] 1
2021-12-16 17:59:41,289 DEBUG [128298] [] 2
2021-12-16 17:59:41,290 DEBUG [128298] [] 3
2021-12-16 17:59:41,290 DEBUG [128298] [] 4
2021-12-16 17:59:41,291 DEBUG [128298] [] WordBookListForm: is exist
2021-12-16 17:59:41,291 DEBUG [128298] [] WordBookListForm: form value set 
2021-12-16 17:59:41,291 DEBUG [128298] [] ------------------------------/eccadmin_dev/WordBookList
2021-12-16 17:59:41,291 DEBUG [128298] [] indexAction start
2021-12-16 17:59:41,292 DEBUG [128298] [] admin_no is 1
2021-12-16 17:59:41,353 DEBUG [128298] [] indexAction end
2021-12-16 17:59:41,353 DEBUG [128298] [] WordBookListController end
2021-12-16 17:59:41,353 DEBUG [128298] [] finally
2021-12-16 18:01:18,948 DEBUG [128507] [] Request URI : /eccadmin_dev/WordBookList
2021-12-16 18:01:18,948 DEBUG [128507] [] WordBookListController start
2021-12-16 18:01:18,948 DEBUG [128507] [] controllers/WordBookListController.php: is exist
2021-12-16 18:01:18,949 DEBUG [128507] [] 1
2021-12-16 18:01:18,950 DEBUG [128507] [] 2
2021-12-16 18:01:18,950 DEBUG [128507] [] 3
2021-12-16 18:01:18,951 DEBUG [128507] [] 4
2021-12-16 18:01:18,951 DEBUG [128507] [] WordBookListForm: is exist
2021-12-16 18:01:18,951 DEBUG [128507] [] WordBookListForm: form value set 
2021-12-16 18:01:18,951 DEBUG [128507] [] ------------------------------/eccadmin_dev/WordBookList
2021-12-16 18:01:18,952 DEBUG [128507] [] indexAction start
2021-12-16 18:01:18,952 DEBUG [128507] [] admin_no is 1
2021-12-16 18:01:19,015 DEBUG [128507] [] indexAction end
2021-12-16 18:01:19,015 DEBUG [128507] [] WordBookListController end
2021-12-16 18:01:19,015 DEBUG [128507] [] finally
2021-12-16 18:05:31,090 DEBUG [127956] [] Request URI : /eccadmin_dev/WordBookRegist/index
2021-12-16 18:05:31,091 DEBUG [127956] [] WordBookRegistController start
2021-12-16 18:05:31,091 DEBUG [127956] [] controllers/WordBookRegistController.php: is exist
2021-12-16 18:05:31,092 DEBUG [127956] [] 1
2021-12-16 18:05:31,093 DEBUG [127956] [] 2
2021-12-16 18:05:31,093 DEBUG [127956] [] 3
2021-12-16 18:05:31,094 DEBUG [127956] [] 4
2021-12-16 18:05:31,094 DEBUG [127956] [] WordBookRegistForm: is exist
2021-12-16 18:05:31,094 DEBUG [127956] [] WordBookRegistForm: form value set 
2021-12-16 18:05:31,095 DEBUG [127956] [] ------------------------------/eccadmin_dev/WordBookRegist/index
2021-12-16 18:05:31,095 DEBUG [127956] [] ------------------------------session_check_true
2021-12-16 18:05:31,095 DEBUG [127956] [] indexAction start
2021-12-16 18:05:31,095 DEBUG [127956] [] admin_no is 1
2021-12-16 18:05:31,097 DEBUG [127956] []  SELECT wb.org_no, wb.wordbook_id, wb.word_system_kbn, wb.tag, wb.name, wb.word_lang_type,  wb.trans_lang_type, wb.status,wb.disp_no,wb.del_flg, wb.create_dt,wb.creater_id, wb.update_dt,wb.updater_id,  org.org_name,org.org_id , org.org_name_official, wbw.word_id FROM T_WORDBOOK wb Inner Join M_ORGANIZATION org  ON wb.org_no=org.org_no  AND org.org_no=:org_no Left Join T_WORDBOOK_WORD  wbw  ON wb.org_no=wbw.org_no  AND wb.wordbook_id=wbw.wordbook_id WHERE wb.wordbook_id=:id AND wb.del_flg = '0'  AND org.del_flg = '0' 
2021-12-16 18:05:31,174 DEBUG [127956] [] indexAction end
2021-12-16 18:05:31,174 DEBUG [127956] [] WordBookRegistController end
2021-12-16 18:05:31,174 DEBUG [127956] [] finally
2021-12-16 18:05:37,136 DEBUG [127945] [] Request URI : /eccadmin_dev/WordBookRegist/Save
2021-12-16 18:05:37,137 DEBUG [127945] [] WordBookRegistController start
2021-12-16 18:05:37,137 DEBUG [127945] [] controllers/WordBookRegistController.php: is exist
2021-12-16 18:05:37,138 DEBUG [127945] [] 1
2021-12-16 18:05:37,139 DEBUG [127945] [] 2
2021-12-16 18:05:37,139 DEBUG [127945] [] 3
2021-12-16 18:05:37,140 DEBUG [127945] [] 4
2021-12-16 18:05:37,140 DEBUG [127945] [] WordBookRegistForm: is exist
2021-12-16 18:05:37,140 DEBUG [127945] [] WordBookRegistForm: form value set 
2021-12-16 18:05:37,140 DEBUG [127945] [] ------------------------------/eccadmin_dev/WordBookRegist/Save
2021-12-16 18:05:37,141 DEBUG [127945] [] ------------------------------session_check_true
2021-12-16 18:05:37,141 DEBUG [127945] [] SaveAction start
2021-12-16 18:05:37,141 DEBUG [127945] [] admin_no is 1
2021-12-16 18:05:37,221 DEBUG [127945] [] SaveAction end
2021-12-16 18:05:37,221 DEBUG [127945] [] WordBookRegistController end
2021-12-16 18:05:37,221 DEBUG [127945] [] finally
2021-12-16 18:39:08,529 DEBUG [130283] [] Request URI : /eccadmin_dev/WordBookList
2021-12-16 18:39:08,530 DEBUG [130283] [] WordBookListController start
2021-12-16 18:39:08,530 DEBUG [130283] [] controllers/WordBookListController.php: is exist
2021-12-16 18:39:08,531 DEBUG [130283] [] 1
2021-12-16 18:39:08,531 DEBUG [130283] [] 2
2021-12-16 18:39:08,531 DEBUG [130283] [] 3
2021-12-16 18:39:08,532 DEBUG [130283] [] 4
2021-12-16 18:39:08,532 DEBUG [130283] [] WordBookListForm: is exist
2021-12-16 18:39:08,533 DEBUG [130283] [] WordBookListForm: form value set 
2021-12-16 18:39:08,533 DEBUG [130283] [] ------------------------------/eccadmin_dev/WordBookList
2021-12-16 18:39:08,533 DEBUG [130283] [] indexAction start
2021-12-16 18:39:08,533 DEBUG [130283] [] admin_no is 1
2021-12-16 18:39:08,706 DEBUG [130283] [] indexAction end
2021-12-16 18:39:08,706 DEBUG [130283] [] WordBookListController end
2021-12-16 18:39:08,706 DEBUG [130283] [] finally
2021-12-16 18:39:15,710 DEBUG [129841] [] Request URI : /eccadmin_dev/WordBookRegist/index
2021-12-16 18:39:15,711 DEBUG [129841] [] WordBookRegistController start
2021-12-16 18:39:15,711 DEBUG [129841] [] controllers/WordBookRegistController.php: is exist
2021-12-16 18:39:15,712 DEBUG [129841] [] 1
2021-12-16 18:39:15,713 DEBUG [129841] [] 2
2021-12-16 18:39:15,713 DEBUG [129841] [] 3
2021-12-16 18:39:15,713 DEBUG [129841] [] 4
2021-12-16 18:39:15,714 DEBUG [129841] [] WordBookRegistForm: is exist
2021-12-16 18:39:15,714 DEBUG [129841] [] WordBookRegistForm: form value set 
2021-12-16 18:39:15,714 DEBUG [129841] [] ------------------------------/eccadmin_dev/WordBookRegist/index
2021-12-16 18:39:15,714 DEBUG [129841] [] ------------------------------session_check_true
2021-12-16 18:39:15,715 DEBUG [129841] [] indexAction start
2021-12-16 18:39:15,715 DEBUG [129841] [] admin_no is 1
2021-12-16 18:39:15,717 DEBUG [129841] []  SELECT wb.org_no, wb.wordbook_id, wb.word_system_kbn, wb.tag, wb.name, wb.word_lang_type,  wb.trans_lang_type, wb.status,wb.disp_no,wb.del_flg, wb.create_dt,wb.creater_id, wb.update_dt,wb.updater_id,  org.org_name,org.org_id , org.org_name_official, wbw.word_id FROM T_WORDBOOK wb Inner Join M_ORGANIZATION org  ON wb.org_no=org.org_no  AND org.org_no=:org_no Left Join T_WORDBOOK_WORD  wbw  ON wb.org_no=wbw.org_no  AND wb.wordbook_id=wbw.wordbook_id WHERE wb.wordbook_id=:id AND wb.del_flg = '0'  AND org.del_flg = '0' 
2021-12-16 18:39:15,793 DEBUG [129841] [] indexAction end
2021-12-16 18:39:15,793 DEBUG [129841] [] WordBookRegistController end
2021-12-16 18:39:15,793 DEBUG [129841] [] finally
2021-12-16 18:39:27,782 DEBUG [129746] [] Request URI : /eccadmin_dev/WordBookRegist/Save
2021-12-16 18:39:27,783 DEBUG [129746] [] WordBookRegistController start
2021-12-16 18:39:27,783 DEBUG [129746] [] controllers/WordBookRegistController.php: is exist
2021-12-16 18:39:27,784 DEBUG [129746] [] 1
2021-12-16 18:39:27,785 DEBUG [129746] [] 2
2021-12-16 18:39:27,785 DEBUG [129746] [] 3
2021-12-16 18:39:27,786 DEBUG [129746] [] 4
2021-12-16 18:39:27,786 DEBUG [129746] [] WordBookRegistForm: is exist
2021-12-16 18:39:27,786 DEBUG [129746] [] WordBookRegistForm: form value set 
2021-12-16 18:39:27,786 DEBUG [129746] [] ------------------------------/eccadmin_dev/WordBookRegist/Save
2021-12-16 18:39:27,787 DEBUG [129746] [] ------------------------------session_check_true
2021-12-16 18:39:27,787 DEBUG [129746] [] SaveAction start
2021-12-16 18:39:27,787 DEBUG [129746] [] admin_no is 1
2021-12-16 18:39:27,790 DEBUG [129746] [] wordbook_id
2021-12-16 18:39:27,792 DEBUG [129746] [] INSERT INTO  T_WORDBOOK (org_no,wordbook_id,word_system_kbn,tag,name,word_lang_type,trans_lang_type,status,disp_no,del_flg,create_dt,creater_id,updater_id ) VALUES ( :org_no,:wordbook_id,:word_system_kbn,:tag,:name,:word_lang_type,:trans_lang_type,:status,:disp_no,:del_flg,:create_dt,:creater_id,:updater_id );
2021-12-16 18:39:27,870 DEBUG [129746] [] SaveAction end
2021-12-16 18:39:27,870 DEBUG [129746] [] WordBookRegistController end
2021-12-16 18:39:27,870 DEBUG [129746] [] finally
2021-12-16 18:39:44,089 DEBUG [129847] [] Request URI : /eccadmin_dev/WordBookRegist/back
2021-12-16 18:39:44,090 DEBUG [129847] [] WordBookRegistController start
2021-12-16 18:39:44,090 DEBUG [129847] [] controllers/WordBookRegistController.php: is exist
2021-12-16 18:39:44,092 DEBUG [129847] [] 1
2021-12-16 18:39:44,092 DEBUG [129847] [] 2
2021-12-16 18:39:44,092 DEBUG [129847] [] 3
2021-12-16 18:39:44,093 DEBUG [129847] [] 4
2021-12-16 18:39:44,093 DEBUG [129847] [] WordBookRegistForm: is exist
2021-12-16 18:39:44,093 DEBUG [129847] [] WordBookRegistForm: form value set 
2021-12-16 18:39:44,094 DEBUG [129847] [] ------------------------------/eccadmin_dev/WordBookRegist/back
2021-12-16 18:39:44,094 DEBUG [129847] [] ------------------------------session_check_true
2021-12-16 18:39:44,094 DEBUG [129847] [] backAction start
2021-12-16 18:39:44,094 DEBUG [129847] [] backAction end
2021-12-16 18:39:44,094 DEBUG [129847] [] WordBookRegistController end
2021-12-16 18:39:44,094 DEBUG [129847] [] finally
2021-12-16 18:39:44,131 DEBUG [129847] [] Request URI : /eccadmin_dev/WordBookList/Search
2021-12-16 18:39:44,132 DEBUG [129847] [] WordBookListController start
2021-12-16 18:39:44,132 DEBUG [129847] [] controllers/WordBookListController.php: is exist
2021-12-16 18:39:44,132 DEBUG [129847] [] 1
2021-12-16 18:39:44,133 DEBUG [129847] [] 2
2021-12-16 18:39:44,133 DEBUG [129847] [] 3
2021-12-16 18:39:44,134 DEBUG [129847] [] 4
2021-12-16 18:39:44,134 DEBUG [129847] [] WordBookListForm: is exist
2021-12-16 18:39:44,134 DEBUG [129847] [] WordBookListForm: form value set 
2021-12-16 18:39:44,134 DEBUG [129847] [] ------------------------------/eccadmin_dev/WordBookList/Search
2021-12-16 18:39:44,135 DEBUG [129847] [] SearchAction start
2021-12-16 18:39:44,135 DEBUG [129847] [] admin_no is 1
2021-12-16 18:39:44,196 DEBUG [129847] [] SearchAction end
2021-12-16 18:39:44,196 DEBUG [129847] [] WordBookListController end
2021-12-16 18:39:44,197 DEBUG [129847] [] finally
2021-12-16 18:39:50,074 DEBUG [130283] [] Request URI : /eccadmin_dev/WordBookRegist/index
2021-12-16 18:39:50,075 DEBUG [130283] [] WordBookRegistController start
2021-12-16 18:39:50,075 DEBUG [130283] [] controllers/WordBookRegistController.php: is exist
2021-12-16 18:39:50,077 DEBUG [130283] [] 1
2021-12-16 18:39:50,077 DEBUG [130283] [] 2
2021-12-16 18:39:50,077 DEBUG [130283] [] 3
2021-12-16 18:39:50,078 DEBUG [130283] [] 4
2021-12-16 18:39:50,078 DEBUG [130283] [] WordBookRegistForm: is exist
2021-12-16 18:39:50,078 DEBUG [130283] [] WordBookRegistForm: form value set 
2021-12-16 18:39:50,079 DEBUG [130283] [] ------------------------------/eccadmin_dev/WordBookRegist/index
2021-12-16 18:39:50,079 DEBUG [130283] [] ------------------------------session_check_true
2021-12-16 18:39:50,079 DEBUG [130283] [] indexAction start
2021-12-16 18:39:50,079 DEBUG [130283] [] admin_no is 1
2021-12-16 18:39:50,082 DEBUG [130283] []  SELECT wb.org_no, wb.wordbook_id, wb.word_system_kbn, wb.tag, wb.name, wb.word_lang_type,  wb.trans_lang_type, wb.status,wb.disp_no,wb.del_flg, wb.create_dt,wb.creater_id, wb.update_dt,wb.updater_id,  org.org_name,org.org_id , org.org_name_official, wbw.word_id FROM T_WORDBOOK wb Inner Join M_ORGANIZATION org  ON wb.org_no=org.org_no  AND org.org_no=:org_no Left Join T_WORDBOOK_WORD  wbw  ON wb.org_no=wbw.org_no  AND wb.wordbook_id=wbw.wordbook_id WHERE wb.wordbook_id=:id AND wb.del_flg = '0'  AND org.del_flg = '0' 
2021-12-16 18:39:50,162 DEBUG [130283] [] indexAction end
2021-12-16 18:39:50,162 DEBUG [130283] [] WordBookRegistController end
2021-12-16 18:39:50,162 DEBUG [130283] [] finally
2021-12-16 18:39:56,875 DEBUG [129847] [] Request URI : /eccadmin_dev/WordBookRegist/Save
2021-12-16 18:39:56,875 DEBUG [129847] [] WordBookRegistController start
2021-12-16 18:39:56,875 DEBUG [129847] [] controllers/WordBookRegistController.php: is exist
2021-12-16 18:39:56,877 DEBUG [129847] [] 1
2021-12-16 18:39:56,877 DEBUG [129847] [] 2
2021-12-16 18:39:56,877 DEBUG [129847] [] 3
2021-12-16 18:39:56,878 DEBUG [129847] [] 4
2021-12-16 18:39:56,878 DEBUG [129847] [] WordBookRegistForm: is exist
2021-12-16 18:39:56,878 DEBUG [129847] [] WordBookRegistForm: form value set 
2021-12-16 18:39:56,879 DEBUG [129847] [] ------------------------------/eccadmin_dev/WordBookRegist/Save
2021-12-16 18:39:56,879 DEBUG [129847] [] ------------------------------session_check_true
2021-12-16 18:39:56,879 DEBUG [129847] [] SaveAction start
2021-12-16 18:39:56,879 DEBUG [129847] [] admin_no is 1
2021-12-16 18:39:56,960 DEBUG [129847] [] SaveAction end
2021-12-16 18:39:56,960 DEBUG [129847] [] WordBookRegistController end
2021-12-16 18:39:56,960 DEBUG [129847] [] finally
2021-12-16 18:40:16,488 DEBUG [127956] [] Request URI : /eccadmin_dev/WordBookRegist/Save
2021-12-16 18:40:16,488 DEBUG [127956] [] WordBookRegistController start
2021-12-16 18:40:16,489 DEBUG [127956] [] controllers/WordBookRegistController.php: is exist
2021-12-16 18:40:16,490 DEBUG [127956] [] 1
2021-12-16 18:40:16,490 DEBUG [127956] [] 2
2021-12-16 18:40:16,490 DEBUG [127956] [] 3
2021-12-16 18:40:16,491 DEBUG [127956] [] 4
2021-12-16 18:40:16,491 DEBUG [127956] [] WordBookRegistForm: is exist
2021-12-16 18:40:16,492 DEBUG [127956] [] WordBookRegistForm: form value set 
2021-12-16 18:40:16,492 DEBUG [127956] [] ------------------------------/eccadmin_dev/WordBookRegist/Save
2021-12-16 18:40:16,492 DEBUG [127956] [] ------------------------------session_check_true
2021-12-16 18:40:16,492 DEBUG [127956] [] SaveAction start
2021-12-16 18:40:16,492 DEBUG [127956] [] admin_no is 1
2021-12-16 18:40:16,495 DEBUG [127956] [] wordbook_id
2021-12-16 18:40:16,497 DEBUG [127956] [] INSERT INTO  T_WORDBOOK (org_no,wordbook_id,word_system_kbn,tag,name,trans_lang_type,status,disp_no,del_flg,create_dt,creater_id,updater_id ) VALUES ( :org_no,:wordbook_id,:word_system_kbn,:tag,:name,:trans_lang_type,:status,:disp_no,:del_flg,:create_dt,:creater_id,:updater_id );
2021-12-16 18:40:16,498 DEBUG [127956] [] rollback
2021-12-16 18:40:16,498 ERROR [127956] [] 予期しない例外が発生しました。
exception 'PDOException' with message 'SQLSTATE[HY000]: General error: 1364 Field 'word_lang_type' doesn't have a default value' in /var/www/html/eccadmin_dev/dao/BaseDao.php:107
Stack trace:
#0 /var/www/html/eccadmin_dev/dao/BaseDao.php(107): PDOStatement->execute()
#1 /var/www/html/eccadmin_dev/dao/T_WordBookDao.php(24): BaseDao->insert(Object(T_WordBookDto))
#2 /var/www/html/eccadmin_dev/service/WordBookService.php(21): T_WordBookDao->insertData(Object(T_WordBookDto))
#3 /var/www/html/eccadmin_dev/controllers/WordBookRegistController.php(187): WordBookService->insertData(Object(T_WordBookDto))
#4 /var/www/html/eccadmin_dev/fw/Dispatcher.php(127): WordBookRegistController->saveAction()
#5 /var/www/html/eccadmin_dev/index.php(31): Dispatcher->dispatch()
#6 {main}
2021-12-16 18:40:16,498 DEBUG [127956] [] finally
2021-12-16 18:40:16,519 DEBUG [127956] [] Request URI : /eccadmin_dev/Error/disp
2021-12-16 18:40:16,519 DEBUG [127956] [] ErrorController start
2021-12-16 18:40:16,519 DEBUG [127956] [] controllers/ErrorController.php: is exist
2021-12-16 18:40:16,520 DEBUG [127956] [] ErrorForm: is exist
2021-12-16 18:40:16,520 DEBUG [127956] [] ErrorForm: form value set 
2021-12-16 18:40:16,520 DEBUG [127956] [] ------------------------------/eccadmin_dev/Error/disp
2021-12-16 18:40:16,520 DEBUG [127956] [] ------------------------------login_start_check
2021-12-16 18:40:16,520 DEBUG [127956] [] dispAction start
2021-12-16 18:40:16,530 DEBUG [127956] [] dispAction end
2021-12-16 18:40:16,530 DEBUG [127956] [] ErrorController end
2021-12-16 18:40:16,530 DEBUG [127956] [] finally
2021-12-16 18:44:51,499 DEBUG [130535] [] Request URI : /eccadmin_dev/Login
2021-12-16 18:44:51,500 DEBUG [130535] [] LoginController start
2021-12-16 18:44:51,501 DEBUG [130535] [] controllers/LoginController.php: is exist
2021-12-16 18:44:51,501 DEBUG [130535] [] LoginForm: is exist
2021-12-16 18:44:51,501 DEBUG [130535] [] LoginForm: form value set 
2021-12-16 18:44:51,502 DEBUG [130535] [] ------------------------------/eccadmin_dev/Login
2021-12-16 18:44:51,502 DEBUG [130535] [] ------------------------------login_start_check
2021-12-16 18:44:51,502 DEBUG [130535] [] indexAction start
2021-12-16 18:44:51,520 DEBUG [130535] [] indexAction end
2021-12-16 18:44:51,520 DEBUG [130535] [] LoginController end
2021-12-16 18:44:51,520 DEBUG [130535] [] finally
2021-12-16 18:45:00,982 DEBUG [130107] [] Request URI : /eccadmin_dev/Login/login
2021-12-16 18:45:00,982 DEBUG [130107] [] LoginController start
2021-12-16 18:45:00,983 DEBUG [130107] [] controllers/LoginController.php: is exist
2021-12-16 18:45:00,983 DEBUG [130107] [] LoginForm: is exist
2021-12-16 18:45:00,983 DEBUG [130107] [] LoginForm: form value set 
2021-12-16 18:45:00,984 DEBUG [130107] [] ------------------------------/eccadmin_dev/Login/login
2021-12-16 18:45:00,984 DEBUG [130107] [] ------------------------------login_start_check
2021-12-16 18:45:00,984 DEBUG [130107] [] loginAction start
2021-12-16 18:45:01,283 DEBUG [130107] [] loginAction end
2021-12-16 18:45:01,283 DEBUG [130107] [] LoginController end
2021-12-16 18:45:01,283 DEBUG [130107] [] finally
2021-12-16 18:45:01,504 DEBUG [130107] [] Request URI : /eccadmin_dev/Menu
2021-12-16 18:45:01,504 DEBUG [130107] [] MenuController start
2021-12-16 18:45:01,504 DEBUG [130107] [] controllers/MenuController.php: is exist
2021-12-16 18:45:01,505 DEBUG [130107] [] MenuForm: is exist
2021-12-16 18:45:01,505 DEBUG [130107] [] MenuForm: form value set 
2021-12-16 18:45:01,505 DEBUG [130107] [] ------------------------------/eccadmin_dev/Menu
2021-12-16 18:45:01,505 DEBUG [130107] [] ------------------------------login_start_check
2021-12-16 18:45:01,505 DEBUG [130107] [] indexAction start
2021-12-16 18:45:01,506 DEBUG [130107] [] admin_no is 1
2021-12-16 18:45:01,555 DEBUG [130107] [] indexAction end
2021-12-16 18:45:01,555 DEBUG [130107] [] MenuController end
2021-12-16 18:45:01,555 DEBUG [130107] [] finally
2021-12-16 18:45:04,984 DEBUG [130107] [] Request URI : /eccadmin_dev/WordBookList
2021-12-16 18:45:04,984 DEBUG [130107] [] WordBookListController start
2021-12-16 18:45:04,984 DEBUG [130107] [] controllers/WordBookListController.php: is exist
2021-12-16 18:45:04,985 DEBUG [130107] [] 1
2021-12-16 18:45:04,986 DEBUG [130107] [] 2
2021-12-16 18:45:04,986 DEBUG [130107] [] 3
2021-12-16 18:45:04,987 DEBUG [130107] [] 4
2021-12-16 18:45:04,987 DEBUG [130107] [] WordBookListForm: is exist
2021-12-16 18:45:04,987 DEBUG [130107] [] WordBookListForm: form value set 
2021-12-16 18:45:04,988 DEBUG [130107] [] ------------------------------/eccadmin_dev/WordBookList
2021-12-16 18:45:04,988 DEBUG [130107] [] indexAction start
2021-12-16 18:45:04,988 DEBUG [130107] [] admin_no is 1
2021-12-16 18:45:05,052 DEBUG [130107] [] indexAction end
2021-12-16 18:45:05,053 DEBUG [130107] [] WordBookListController end
2021-12-16 18:45:05,053 DEBUG [130107] [] finally
2021-12-16 18:45:07,706 DEBUG [130107] [] Request URI : /eccadmin_dev/WordBookRegist/index
2021-12-16 18:45:07,707 DEBUG [130107] [] WordBookRegistController start
2021-12-16 18:45:07,707 DEBUG [130107] [] controllers/WordBookRegistController.php: is exist
2021-12-16 18:45:07,709 DEBUG [130107] [] 1
2021-12-16 18:45:07,709 DEBUG [130107] [] 2
2021-12-16 18:45:07,709 DEBUG [130107] [] 3
2021-12-16 18:45:07,710 DEBUG [130107] [] 4
2021-12-16 18:45:07,710 DEBUG [130107] [] WordBookRegistForm: is exist
2021-12-16 18:45:07,710 DEBUG [130107] [] WordBookRegistForm: form value set 
2021-12-16 18:45:07,711 DEBUG [130107] [] ------------------------------/eccadmin_dev/WordBookRegist/index
2021-12-16 18:45:07,711 DEBUG [130107] [] ------------------------------session_check_true
2021-12-16 18:45:07,711 DEBUG [130107] [] indexAction start
2021-12-16 18:45:07,711 DEBUG [130107] [] admin_no is 1
2021-12-16 18:45:07,713 DEBUG [130107] []  SELECT wb.org_no, wb.wordbook_id, wb.word_system_kbn, wb.tag, wb.name, wb.word_lang_type,  wb.trans_lang_type, wb.status,wb.disp_no,wb.del_flg, wb.create_dt,wb.creater_id, wb.update_dt,wb.updater_id,  org.org_name,org.org_id , org.org_name_official, wbw.word_id FROM T_WORDBOOK wb Inner Join M_ORGANIZATION org  ON wb.org_no=org.org_no  AND org.org_no=:org_no Left Join T_WORDBOOK_WORD  wbw  ON wb.org_no=wbw.org_no  AND wb.wordbook_id=wbw.wordbook_id WHERE wb.wordbook_id=:id AND wb.del_flg = '0'  AND org.del_flg = '0' 
2021-12-16 18:45:07,794 DEBUG [130107] [] indexAction end
2021-12-16 18:45:07,794 DEBUG [130107] [] WordBookRegistController end
2021-12-16 18:45:07,794 DEBUG [130107] [] finally
2021-12-16 18:45:12,297 DEBUG [130107] [] Request URI : /eccadmin_dev/WordBookRegist/Save
2021-12-16 18:45:12,297 DEBUG [130107] [] WordBookRegistController start
2021-12-16 18:45:12,298 DEBUG [130107] [] controllers/WordBookRegistController.php: is exist
2021-12-16 18:45:12,299 DEBUG [130107] [] 1
2021-12-16 18:45:12,300 DEBUG [130107] [] 2
2021-12-16 18:45:12,300 DEBUG [130107] [] 3
2021-12-16 18:45:12,300 DEBUG [130107] [] 4
2021-12-16 18:45:12,301 DEBUG [130107] [] WordBookRegistForm: is exist
2021-12-16 18:45:12,301 DEBUG [130107] [] WordBookRegistForm: form value set 
2021-12-16 18:45:12,301 DEBUG [130107] [] ------------------------------/eccadmin_dev/WordBookRegist/Save
2021-12-16 18:45:12,301 DEBUG [130107] [] ------------------------------session_check_true
2021-12-16 18:45:12,302 DEBUG [130107] [] SaveAction start
2021-12-16 18:45:12,302 DEBUG [130107] [] admin_no is 1
2021-12-16 18:45:12,384 DEBUG [130107] [] SaveAction end
2021-12-16 18:45:12,384 DEBUG [130107] [] WordBookRegistController end
2021-12-16 18:45:12,384 DEBUG [130107] [] finally
2021-12-16 18:54:05,102 DEBUG [130592] [] Request URI : /eccadmin_dev/QuizInfoList
2021-12-16 18:54:05,103 DEBUG [130592] [] QuizInfoListController start
2021-12-16 18:54:05,103 DEBUG [130592] [] controllers/QuizInfoListController.php: is exist
2021-12-16 18:54:05,129 DEBUG [130592] [] QuizInfoListForm: is exist
2021-12-16 18:54:05,129 DEBUG [130592] [] QuizInfoListForm: form value set 
2021-12-16 18:54:05,130 DEBUG [130592] [] ------------------------------/eccadmin_dev/QuizInfoList
2021-12-16 18:54:05,130 DEBUG [130592] [] indexAction start
2021-12-16 18:54:05,130 DEBUG [130592] [] admin_no is 1
2021-12-16 18:54:05,130 DEBUG [130592] [] 
2021-12-16 18:54:05,199 DEBUG [130592] [] indexAction end
2021-12-16 18:54:05,199 DEBUG [130592] [] QuizInfoListController end
2021-12-16 18:54:05,199 DEBUG [130592] [] finally
2021-12-16 18:56:59,494 DEBUG [130592] [] Request URI : /eccadmin_dev/WordBookList
2021-12-16 18:56:59,494 DEBUG [130592] [] WordBookListController start
2021-12-16 18:56:59,494 DEBUG [130592] [] controllers/WordBookListController.php: is exist
2021-12-16 18:56:59,495 DEBUG [130592] [] 1
2021-12-16 18:56:59,496 DEBUG [130592] [] 2
2021-12-16 18:56:59,496 DEBUG [130592] [] 3
2021-12-16 18:56:59,496 DEBUG [130592] [] 4
2021-12-16 18:56:59,497 DEBUG [130592] [] WordBookListForm: is exist
2021-12-16 18:56:59,497 DEBUG [130592] [] WordBookListForm: form value set 
2021-12-16 18:56:59,497 DEBUG [130592] [] ------------------------------/eccadmin_dev/WordBookList
2021-12-16 18:56:59,498 DEBUG [130592] [] indexAction start
2021-12-16 18:56:59,498 DEBUG [130592] [] admin_no is 1
2021-12-16 18:56:59,562 DEBUG [130592] [] indexAction end
2021-12-16 18:56:59,562 DEBUG [130592] [] WordBookListController end
2021-12-16 18:56:59,562 DEBUG [130592] [] finally
2021-12-16 18:57:01,586 DEBUG [130592] [] Request URI : /eccadmin_dev/WordBookRegist/index
2021-12-16 18:57:01,587 DEBUG [130592] [] WordBookRegistController start
2021-12-16 18:57:01,587 DEBUG [130592] [] controllers/WordBookRegistController.php: is exist
2021-12-16 18:57:01,588 DEBUG [130592] [] 1
2021-12-16 18:57:01,589 DEBUG [130592] [] 2
2021-12-16 18:57:01,589 DEBUG [130592] [] 3
2021-12-16 18:57:01,590 DEBUG [130592] [] 4
2021-12-16 18:57:01,590 DEBUG [130592] [] WordBookRegistForm: is exist
2021-12-16 18:57:01,590 DEBUG [130592] [] WordBookRegistForm: form value set 
2021-12-16 18:57:01,591 DEBUG [130592] [] ------------------------------/eccadmin_dev/WordBookRegist/index
2021-12-16 18:57:01,591 DEBUG [130592] [] ------------------------------session_check_true
2021-12-16 18:57:01,591 DEBUG [130592] [] indexAction start
2021-12-16 18:57:01,591 DEBUG [130592] [] admin_no is 1
2021-12-16 18:57:01,594 DEBUG [130592] []  SELECT wb.org_no, wb.wordbook_id, wb.word_system_kbn, wb.tag, wb.name, wb.word_lang_type,  wb.trans_lang_type, wb.status,wb.disp_no,wb.del_flg, wb.create_dt,wb.creater_id, wb.update_dt,wb.updater_id,  org.org_name,org.org_id , org.org_name_official, wbw.word_id FROM T_WORDBOOK wb Inner Join M_ORGANIZATION org  ON wb.org_no=org.org_no  AND org.org_no=:org_no Left Join T_WORDBOOK_WORD  wbw  ON wb.org_no=wbw.org_no  AND wb.wordbook_id=wbw.wordbook_id WHERE wb.wordbook_id=:id AND wb.del_flg = '0'  AND org.del_flg = '0' 
2021-12-16 18:57:01,674 DEBUG [130592] [] indexAction end
2021-12-16 18:57:01,674 DEBUG [130592] [] WordBookRegistController end
2021-12-16 18:57:01,674 DEBUG [130592] [] finally
2021-12-16 18:57:04,730 DEBUG [130592] [] Request URI : /eccadmin_dev/WordBookRegist/Save
2021-12-16 18:57:04,731 DEBUG [130592] [] WordBookRegistController start
2021-12-16 18:57:04,731 DEBUG [130592] [] controllers/WordBookRegistController.php: is exist
2021-12-16 18:57:04,732 DEBUG [130592] [] 1
2021-12-16 18:57:04,733 DEBUG [130592] [] 2
2021-12-16 18:57:04,733 DEBUG [130592] [] 3
2021-12-16 18:57:04,734 DEBUG [130592] [] 4
2021-12-16 18:57:04,734 DEBUG [130592] [] WordBookRegistForm: is exist
2021-12-16 18:57:04,734 DEBUG [130592] [] WordBookRegistForm: form value set 
2021-12-16 18:57:04,734 DEBUG [130592] [] ------------------------------/eccadmin_dev/WordBookRegist/Save
2021-12-16 18:57:04,735 DEBUG [130592] [] ------------------------------session_check_true
2021-12-16 18:57:04,735 DEBUG [130592] [] SaveAction start
2021-12-16 18:57:04,735 DEBUG [130592] [] admin_no is 1
2021-12-16 18:57:04,737 DEBUG [130592] []  SELECT wb.org_no, wb.wordbook_id, wb.word_system_kbn, wb.tag, wb.name, wb.word_lang_type,  wb.trans_lang_type, wb.status,wb.disp_no,wb.del_flg, wb.create_dt,wb.creater_id, wb.update_dt,wb.updater_id,  org.org_name,org.org_id , org.org_name_official, wbw.word_id FROM T_WORDBOOK wb Inner Join M_ORGANIZATION org  ON wb.org_no=org.org_no  AND org.org_no=:org_no Left Join T_WORDBOOK_WORD  wbw  ON wb.org_no=wbw.org_no  AND wb.wordbook_id=wbw.wordbook_id WHERE wb.wordbook_id=:id AND wb.del_flg = '0'  AND org.del_flg = '0' 
2021-12-16 18:57:04,816 DEBUG [130592] [] SaveAction end
2021-12-16 18:57:04,816 DEBUG [130592] [] WordBookRegistController end
2021-12-16 18:57:04,816 DEBUG [130592] [] finally
2021-12-16 18:57:50,224 DEBUG [131426] [] Request URI : /eccadmin_dev/WordBookList
2021-12-16 18:57:50,228 DEBUG [131426] [] WordBookListController start
2021-12-16 18:57:50,228 DEBUG [131426] [] controllers/WordBookListController.php: is exist
2021-12-16 18:57:50,229 DEBUG [131426] [] 1
2021-12-16 18:57:50,230 DEBUG [131426] [] 2
2021-12-16 18:57:50,230 DEBUG [131426] [] 3
2021-12-16 18:57:50,231 DEBUG [131426] [] 4
2021-12-16 18:57:50,231 DEBUG [131426] [] WordBookListForm: is exist
2021-12-16 18:57:50,231 DEBUG [131426] [] WordBookListForm: form value set 
2021-12-16 18:57:50,232 DEBUG [131426] [] ------------------------------/eccadmin_dev/WordBookList
2021-12-16 18:57:50,232 DEBUG [131426] [] indexAction start
2021-12-16 18:57:50,232 DEBUG [131426] [] admin_no is 1
2021-12-16 18:57:50,294 DEBUG [131426] [] indexAction end
2021-12-16 18:57:50,294 DEBUG [131426] [] WordBookListController end
2021-12-16 18:57:50,294 DEBUG [131426] [] finally
2021-12-16 18:57:51,910 DEBUG [131426] [] Request URI : /eccadmin_dev/WordBookRegist/index
2021-12-16 18:57:51,910 DEBUG [131426] [] WordBookRegistController start
2021-12-16 18:57:51,911 DEBUG [131426] [] controllers/WordBookRegistController.php: is exist
2021-12-16 18:57:51,912 DEBUG [131426] [] 1
2021-12-16 18:57:51,912 DEBUG [131426] [] 2
2021-12-16 18:57:51,913 DEBUG [131426] [] 3
2021-12-16 18:57:51,913 DEBUG [131426] [] 4
2021-12-16 18:57:51,913 DEBUG [131426] [] WordBookRegistForm: is exist
2021-12-16 18:57:51,914 DEBUG [131426] [] WordBookRegistForm: form value set 
2021-12-16 18:57:51,914 DEBUG [131426] [] ------------------------------/eccadmin_dev/WordBookRegist/index
2021-12-16 18:57:51,914 DEBUG [131426] [] ------------------------------session_check_true
2021-12-16 18:57:51,914 DEBUG [131426] [] indexAction start
2021-12-16 18:57:51,915 DEBUG [131426] [] admin_no is 1
2021-12-16 18:57:51,917 DEBUG [131426] []  SELECT wb.org_no, wb.wordbook_id, wb.word_system_kbn, wb.tag, wb.name, wb.word_lang_type,  wb.trans_lang_type, wb.status,wb.disp_no,wb.del_flg, wb.create_dt,wb.creater_id, wb.update_dt,wb.updater_id,  org.org_name,org.org_id , org.org_name_official, wbw.word_id FROM T_WORDBOOK wb Inner Join M_ORGANIZATION org  ON wb.org_no=org.org_no  AND org.org_no=:org_no Left Join T_WORDBOOK_WORD  wbw  ON wb.org_no=wbw.org_no  AND wb.wordbook_id=wbw.wordbook_id WHERE wb.wordbook_id=:id AND wb.del_flg = '0'  AND org.del_flg = '0' 
2021-12-16 18:57:51,996 DEBUG [131426] [] indexAction end
2021-12-16 18:57:51,996 DEBUG [131426] [] WordBookRegistController end
2021-12-16 18:57:51,996 DEBUG [131426] [] finally
2021-12-16 18:57:55,148 DEBUG [131426] [] Request URI : /eccadmin_dev/WordBookRegist/Save
2021-12-16 18:57:55,149 DEBUG [131426] [] WordBookRegistController start
2021-12-16 18:57:55,149 DEBUG [131426] [] controllers/WordBookRegistController.php: is exist
2021-12-16 18:57:55,150 DEBUG [131426] [] 1
2021-12-16 18:57:55,151 DEBUG [131426] [] 2
2021-12-16 18:57:55,151 DEBUG [131426] [] 3
2021-12-16 18:57:55,152 DEBUG [131426] [] 4
2021-12-16 18:57:55,152 DEBUG [131426] [] WordBookRegistForm: is exist
2021-12-16 18:57:55,152 DEBUG [131426] [] WordBookRegistForm: form value set 
2021-12-16 18:57:55,153 DEBUG [131426] [] ------------------------------/eccadmin_dev/WordBookRegist/Save
2021-12-16 18:57:55,153 DEBUG [131426] [] ------------------------------session_check_true
2021-12-16 18:57:55,153 DEBUG [131426] [] SaveAction start
2021-12-16 18:57:55,153 DEBUG [131426] [] admin_no is 1
2021-12-16 18:57:55,156 DEBUG [131426] []  SELECT wb.org_no, wb.wordbook_id, wb.word_system_kbn, wb.tag, wb.name, wb.word_lang_type,  wb.trans_lang_type, wb.status,wb.disp_no,wb.del_flg, wb.create_dt,wb.creater_id, wb.update_dt,wb.updater_id,  org.org_name,org.org_id , org.org_name_official, wbw.word_id FROM T_WORDBOOK wb Inner Join M_ORGANIZATION org  ON wb.org_no=org.org_no  AND org.org_no=:org_no Left Join T_WORDBOOK_WORD  wbw  ON wb.org_no=wbw.org_no  AND wb.wordbook_id=wbw.wordbook_id WHERE wb.wordbook_id=:id AND wb.del_flg = '0'  AND org.del_flg = '0' 
2021-12-16 18:57:55,234 DEBUG [131426] [] SaveAction end
2021-12-16 18:57:55,235 DEBUG [131426] [] WordBookRegistController end
2021-12-16 18:57:55,235 DEBUG [131426] [] finally
2021-12-16 18:59:19,119 DEBUG [131524] [] Request URI : /eccadmin_dev/WordBookList
2021-12-16 18:59:19,123 DEBUG [131524] [] WordBookListController start
2021-12-16 18:59:19,123 DEBUG [131524] [] controllers/WordBookListController.php: is exist
2021-12-16 18:59:19,124 DEBUG [131524] [] 1
2021-12-16 18:59:19,125 DEBUG [131524] [] 2
2021-12-16 18:59:19,125 DEBUG [131524] [] 3
2021-12-16 18:59:19,126 DEBUG [131524] [] 4
2021-12-16 18:59:19,126 DEBUG [131524] [] WordBookListForm: is exist
2021-12-16 18:59:19,126 DEBUG [131524] [] WordBookListForm: form value set 
2021-12-16 18:59:19,127 DEBUG [131524] [] ------------------------------/eccadmin_dev/WordBookList
2021-12-16 18:59:19,127 DEBUG [131524] [] indexAction start
2021-12-16 18:59:19,127 DEBUG [131524] [] admin_no is 1
2021-12-16 18:59:19,188 DEBUG [131524] [] indexAction end
2021-12-16 18:59:19,188 DEBUG [131524] [] WordBookListController end
2021-12-16 18:59:19,189 DEBUG [131524] [] finally
2021-12-16 18:59:21,194 DEBUG [131524] [] Request URI : /eccadmin_dev/WordBookRegist/index
2021-12-16 18:59:21,195 DEBUG [131524] [] WordBookRegistController start
2021-12-16 18:59:21,195 DEBUG [131524] [] controllers/WordBookRegistController.php: is exist
2021-12-16 18:59:21,197 DEBUG [131524] [] 1
2021-12-16 18:59:21,197 DEBUG [131524] [] 2
2021-12-16 18:59:21,197 DEBUG [131524] [] 3
2021-12-16 18:59:21,198 DEBUG [131524] [] 4
2021-12-16 18:59:21,198 DEBUG [131524] [] WordBookRegistForm: is exist
2021-12-16 18:59:21,198 DEBUG [131524] [] WordBookRegistForm: form value set 
2021-12-16 18:59:21,199 DEBUG [131524] [] ------------------------------/eccadmin_dev/WordBookRegist/index
2021-12-16 18:59:21,199 DEBUG [131524] [] ------------------------------session_check_true
2021-12-16 18:59:21,199 DEBUG [131524] [] indexAction start
2021-12-16 18:59:21,199 DEBUG [131524] [] admin_no is 1
2021-12-16 18:59:21,202 DEBUG [131524] []  SELECT wb.org_no, wb.wordbook_id, wb.word_system_kbn, wb.tag, wb.name, wb.word_lang_type,  wb.trans_lang_type, wb.status,wb.disp_no,wb.del_flg, wb.create_dt,wb.creater_id, wb.update_dt,wb.updater_id,  org.org_name,org.org_id , org.org_name_official, wbw.word_id FROM T_WORDBOOK wb Inner Join M_ORGANIZATION org  ON wb.org_no=org.org_no  AND org.org_no=:org_no Left Join T_WORDBOOK_WORD  wbw  ON wb.org_no=wbw.org_no  AND wb.wordbook_id=wbw.wordbook_id WHERE wb.wordbook_id=:id AND wb.del_flg = '0'  AND org.del_flg = '0' 
2021-12-16 18:59:21,282 DEBUG [131524] [] indexAction end
2021-12-16 18:59:21,283 DEBUG [131524] [] WordBookRegistController end
2021-12-16 18:59:21,283 DEBUG [131524] [] finally
2021-12-16 18:59:24,402 DEBUG [131524] [] Request URI : /eccadmin_dev/WordBookRegist/Save
2021-12-16 18:59:24,403 DEBUG [131524] [] WordBookRegistController start
2021-12-16 18:59:24,403 DEBUG [131524] [] controllers/WordBookRegistController.php: is exist
2021-12-16 18:59:24,405 DEBUG [131524] [] 1
2021-12-16 18:59:24,405 DEBUG [131524] [] 2
2021-12-16 18:59:24,405 DEBUG [131524] [] 3
2021-12-16 18:59:24,406 DEBUG [131524] [] 4
2021-12-16 18:59:24,406 DEBUG [131524] [] WordBookRegistForm: is exist
2021-12-16 18:59:24,406 DEBUG [131524] [] WordBookRegistForm: form value set 
2021-12-16 18:59:24,407 DEBUG [131524] [] ------------------------------/eccadmin_dev/WordBookRegist/Save
2021-12-16 18:59:24,407 DEBUG [131524] [] ------------------------------session_check_true
2021-12-16 18:59:24,407 DEBUG [131524] [] SaveAction start
2021-12-16 18:59:24,407 DEBUG [131524] [] admin_no is 1
2021-12-16 18:59:24,410 DEBUG [131524] []  SELECT wb.org_no, wb.wordbook_id, wb.word_system_kbn, wb.tag, wb.name, wb.word_lang_type,  wb.trans_lang_type, wb.status,wb.disp_no,wb.del_flg, wb.create_dt,wb.creater_id, wb.update_dt,wb.updater_id,  org.org_name,org.org_id , org.org_name_official, wbw.word_id FROM T_WORDBOOK wb Inner Join M_ORGANIZATION org  ON wb.org_no=org.org_no  AND org.org_no=:org_no Left Join T_WORDBOOK_WORD  wbw  ON wb.org_no=wbw.org_no  AND wb.wordbook_id=wbw.wordbook_id WHERE wb.wordbook_id=:id AND wb.del_flg = '0'  AND org.del_flg = '0' 
2021-12-16 18:59:24,490 DEBUG [131524] [] SaveAction end
2021-12-16 18:59:24,491 DEBUG [131524] [] WordBookRegistController end
2021-12-16 18:59:24,491 DEBUG [131524] [] finally
2021-12-16 19:03:48,496 DEBUG [130945] [] Request URI : /eccadmin_dev/WordBookList
2021-12-16 19:03:48,497 DEBUG [130945] [] WordBookListController start
2021-12-16 19:03:48,497 DEBUG [130945] [] controllers/WordBookListController.php: is exist
2021-12-16 19:03:48,498 DEBUG [130945] [] 1
2021-12-16 19:03:48,498 DEBUG [130945] [] 2
2021-12-16 19:03:48,498 DEBUG [130945] [] 3
2021-12-16 19:03:48,499 DEBUG [130945] [] 4
2021-12-16 19:03:48,499 DEBUG [130945] [] WordBookListForm: is exist
2021-12-16 19:03:48,499 DEBUG [130945] [] WordBookListForm: form value set 
2021-12-16 19:03:48,500 DEBUG [130945] [] ------------------------------/eccadmin_dev/WordBookList
2021-12-16 19:03:48,500 DEBUG [130945] [] indexAction start
2021-12-16 19:03:48,500 DEBUG [130945] [] admin_no is 1
2021-12-16 19:03:48,563 DEBUG [130945] [] indexAction end
2021-12-16 19:03:48,563 DEBUG [130945] [] WordBookListController end
2021-12-16 19:03:48,563 DEBUG [130945] [] finally
2021-12-16 19:03:50,643 DEBUG [130945] [] Request URI : /eccadmin_dev/WordBookRegist/index
2021-12-16 19:03:50,644 DEBUG [130945] [] WordBookRegistController start
2021-12-16 19:03:50,644 DEBUG [130945] [] controllers/WordBookRegistController.php: is exist
2021-12-16 19:03:50,645 DEBUG [130945] [] 1
2021-12-16 19:03:50,646 DEBUG [130945] [] 2
2021-12-16 19:03:50,646 DEBUG [130945] [] 3
2021-12-16 19:03:50,647 DEBUG [130945] [] 4
2021-12-16 19:03:50,647 DEBUG [130945] [] WordBookRegistForm: is exist
2021-12-16 19:03:50,647 DEBUG [130945] [] WordBookRegistForm: form value set 
2021-12-16 19:03:50,647 DEBUG [130945] [] ------------------------------/eccadmin_dev/WordBookRegist/index
2021-12-16 19:03:50,648 DEBUG [130945] [] ------------------------------session_check_true
2021-12-16 19:03:50,648 DEBUG [130945] [] indexAction start
2021-12-16 19:03:50,648 DEBUG [130945] [] admin_no is 1
2021-12-16 19:04:28,601 DEBUG [129746] [] Request URI : /eccadmin_dev/Menu
2021-12-16 19:04:28,602 DEBUG [129746] [] MenuController start
2021-12-16 19:04:28,602 DEBUG [129746] [] controllers/MenuController.php: is exist
2021-12-16 19:04:28,603 DEBUG [129746] [] MenuForm: is exist
2021-12-16 19:04:28,603 DEBUG [129746] [] MenuForm: form value set 
2021-12-16 19:04:28,603 DEBUG [129746] [] ------------------------------/eccadmin_dev/Menu
2021-12-16 19:04:28,603 DEBUG [129746] [] ------------------------------login_start_check
2021-12-16 19:04:28,603 DEBUG [129746] [] indexAction start
2021-12-16 19:04:28,604 DEBUG [129746] [] admin_no is 1
2021-12-16 19:04:28,653 DEBUG [129746] [] indexAction end
2021-12-16 19:04:28,653 DEBUG [129746] [] MenuController end
2021-12-16 19:04:28,653 DEBUG [129746] [] finally
2021-12-16 19:04:32,374 DEBUG [129746] [] Request URI : /eccadmin_dev/WordBookList
2021-12-16 19:04:32,375 DEBUG [129746] [] WordBookListController start
2021-12-16 19:04:32,375 DEBUG [129746] [] controllers/WordBookListController.php: is exist
2021-12-16 19:04:32,376 DEBUG [129746] [] 1
2021-12-16 19:04:32,376 DEBUG [129746] [] 2
2021-12-16 19:04:32,376 DEBUG [129746] [] 3
2021-12-16 19:04:32,377 DEBUG [129746] [] 4
2021-12-16 19:04:32,377 DEBUG [129746] [] WordBookListForm: is exist
2021-12-16 19:04:32,377 DEBUG [129746] [] WordBookListForm: form value set 
2021-12-16 19:04:32,378 DEBUG [129746] [] ------------------------------/eccadmin_dev/WordBookList
2021-12-16 19:04:32,378 DEBUG [129746] [] indexAction start
2021-12-16 19:04:32,378 DEBUG [129746] [] admin_no is 1
2021-12-16 19:04:32,442 DEBUG [129746] [] indexAction end
2021-12-16 19:04:32,442 DEBUG [129746] [] WordBookListController end
2021-12-16 19:04:32,443 DEBUG [129746] [] finally
2021-12-16 19:04:34,192 DEBUG [129746] [] Request URI : /eccadmin_dev/WordBookRegist/index
2021-12-16 19:04:34,192 DEBUG [129746] [] WordBookRegistController start
2021-12-16 19:04:34,192 DEBUG [129746] [] controllers/WordBookRegistController.php: is exist
2021-12-16 19:04:34,194 DEBUG [129746] [] 1
2021-12-16 19:04:34,194 DEBUG [129746] [] 2
2021-12-16 19:04:34,194 DEBUG [129746] [] 3
2021-12-16 19:04:34,195 DEBUG [129746] [] 4
2021-12-16 19:04:34,195 DEBUG [129746] [] WordBookRegistForm: is exist
2021-12-16 19:04:34,195 DEBUG [129746] [] WordBookRegistForm: form value set 
2021-12-16 19:04:34,196 DEBUG [129746] [] ------------------------------/eccadmin_dev/WordBookRegist/index
2021-12-16 19:04:34,196 DEBUG [129746] [] ------------------------------session_check_true
2021-12-16 19:04:34,196 DEBUG [129746] [] indexAction start
2021-12-16 19:04:34,196 DEBUG [129746] [] admin_no is 1
2021-12-16 19:04:34,199 DEBUG [129746] []  SELECT wb.org_no, wb.wordbook_id, wb.word_system_kbn, wb.tag, wb.name, wb.word_lang_type,  wb.trans_lang_type, wb.status,wb.disp_no,wb.del_flg, wb.create_dt,wb.creater_id, wb.update_dt,wb.updater_id,  org.org_name,org.org_id , org.org_name_official, wbw.word_id FROM T_WORDBOOK wb Inner Join M_ORGANIZATION org  ON wb.org_no=org.org_no  AND org.org_no=:org_no Left Join T_WORDBOOK_WORD  wbw  ON wb.org_no=wbw.org_no  AND wb.wordbook_id=wbw.wordbook_id WHERE wb.wordbook_id=:id AND wb.del_flg = '0'  AND org.del_flg = '0' 
2021-12-16 19:04:34,280 DEBUG [129746] [] indexAction end
2021-12-16 19:04:34,280 DEBUG [129746] [] WordBookRegistController end
2021-12-16 19:04:34,280 DEBUG [129746] [] finally
2021-12-16 19:04:38,597 DEBUG [129746] [] Request URI : /eccadmin_dev/WordBookRegist/Save
2021-12-16 19:04:38,598 DEBUG [129746] [] WordBookRegistController start
2021-12-16 19:04:38,598 DEBUG [129746] [] controllers/WordBookRegistController.php: is exist
2021-12-16 19:04:38,599 DEBUG [129746] [] 1
2021-12-16 19:04:38,600 DEBUG [129746] [] 2
2021-12-16 19:04:38,600 DEBUG [129746] [] 3
2021-12-16 19:04:38,601 DEBUG [129746] [] 4
2021-12-16 19:04:38,601 DEBUG [129746] [] WordBookRegistForm: is exist
2021-12-16 19:04:38,601 DEBUG [129746] [] WordBookRegistForm: form value set 
2021-12-16 19:04:38,602 DEBUG [129746] [] ------------------------------/eccadmin_dev/WordBookRegist/Save
2021-12-16 19:04:38,602 DEBUG [129746] [] ------------------------------session_check_true
2021-12-16 19:04:38,602 DEBUG [129746] [] SaveAction start
2021-12-16 19:04:38,602 DEBUG [129746] [] admin_no is 1
2021-12-16 19:04:38,605 DEBUG [129746] []  SELECT wb.org_no, wb.wordbook_id, wb.word_system_kbn, wb.tag, wb.name, wb.word_lang_type,  wb.trans_lang_type, wb.status,wb.disp_no,wb.del_flg, wb.create_dt,wb.creater_id, wb.update_dt,wb.updater_id,  org.org_name,org.org_id , org.org_name_official, wbw.word_id FROM T_WORDBOOK wb Inner Join M_ORGANIZATION org  ON wb.org_no=org.org_no  AND org.org_no=:org_no Left Join T_WORDBOOK_WORD  wbw  ON wb.org_no=wbw.org_no  AND wb.wordbook_id=wbw.wordbook_id WHERE wb.wordbook_id=:id AND wb.del_flg = '0'  AND org.del_flg = '0' 
2021-12-16 19:04:38,686 DEBUG [129746] [] SaveAction end
2021-12-16 19:04:38,686 DEBUG [129746] [] WordBookRegistController end
2021-12-16 19:04:38,687 DEBUG [129746] [] finally
