2021-08-31 18:21:20,104 DEBUG [91281] [] Request URI : /eccadmin_dev/QuizList
2021-08-31 18:21:20,105 DEBUG [91281] [] QuizListController start
2021-08-31 18:21:20,105 DEBUG [91281] [] controllers/QuizListController.php: is exist
2021-08-31 18:21:20,107 DEBUG [91281] [] QuizListForm: is exist
2021-08-31 18:21:20,107 DEBUG [91281] [] QuizListForm: form value set 
2021-08-31 18:21:20,108 DEBUG [91281] [] ------------------------------/eccadmin_dev/QuizList
2021-08-31 18:21:20,108 DEBUG [91281] [] indexAction start
2021-08-31 18:21:20,108 DEBUG [91281] [] admin_no is 1
2021-08-31 18:21:20,169 DEBUG [91281] [] indexAction end
2021-08-31 18:21:20,169 DEBUG [91281] [] QuizListController end
2021-08-31 18:21:20,170 DEBUG [91281] [] finally
2021-08-31 18:21:20,256 DEBUG [91281] [] Request URI : /eccadmin_dev/null
2021-08-31 18:21:20,256 DEBUG [91281] [] nullController start
2021-08-31 18:21:20,257 DEBUG [91281] [] controllers/nullController.php: is not exist
2021-08-31 18:21:20,257 DEBUG [91281] [] finally
2021-08-31 18:21:20,350 DEBUG [91281] [] Request URI : /eccadmin_dev/Error/disp
2021-08-31 18:21:20,351 DEBUG [91281] [] ErrorController start
2021-08-31 18:21:20,351 DEBUG [91281] [] controllers/ErrorController.php: is exist
2021-08-31 18:21:20,351 DEBUG [91281] [] ErrorForm: is exist
2021-08-31 18:21:20,351 DEBUG [91281] [] ErrorForm: form value set 
2021-08-31 18:21:20,352 DEBUG [91281] [] ------------------------------/eccadmin_dev/Error/disp
2021-08-31 18:21:20,352 DEBUG [91281] [] ------------------------------login_start_check
2021-08-31 18:21:20,352 DEBUG [91281] [] dispAction start
2021-08-31 18:21:20,363 DEBUG [91281] [] dispAction end
2021-08-31 18:21:20,363 DEBUG [91281] [] ErrorController end
2021-08-31 18:21:20,363 DEBUG [91281] [] finally
2021-08-31 18:21:23,767 DEBUG [91281] [] Request URI : /eccadmin_dev/QuizList/Search
2021-08-31 18:21:23,768 DEBUG [91281] [] QuizListController start
2021-08-31 18:21:23,768 DEBUG [91281] [] controllers/QuizListController.php: is exist
2021-08-31 18:21:23,768 DEBUG [91281] [] QuizListForm: is exist
2021-08-31 18:21:23,768 DEBUG [91281] [] QuizListForm: form value set 
2021-08-31 18:21:23,769 DEBUG [91281] [] ------------------------------/eccadmin_dev/QuizList/Search
2021-08-31 18:21:23,769 DEBUG [91281] [] SearchAction start
2021-08-31 18:21:23,769 DEBUG [91281] [] admin_no is 1
2021-08-31 18:21:23,769 DEBUG [91281] [] org id : 99999
2021-08-31 18:21:23,829 DEBUG [91281] [] SearchAction end
2021-08-31 18:21:23,829 DEBUG [91281] [] QuizListController end
2021-08-31 18:21:23,829 DEBUG [91281] [] finally
2021-08-31 18:21:23,955 DEBUG [91281] [] Request URI : /eccadmin_dev/QuizList/null
2021-08-31 18:21:23,955 DEBUG [91281] [] QuizListController start
2021-08-31 18:21:23,955 DEBUG [91281] [] controllers/QuizListController.php: is exist
2021-08-31 18:21:23,955 DEBUG [91281] [] QuizListForm: is exist
2021-08-31 18:21:23,956 DEBUG [91281] [] QuizListForm: form value set 
2021-08-31 18:21:23,956 DEBUG [91281] [] ------------------------------/eccadmin_dev/QuizList/null
2021-08-31 18:21:23,956 DEBUG [91281] [] nullAction start
2021-08-31 18:21:23,956 DEBUG [91281] [] rollback
2021-08-31 18:21:23,956 DEBUG [91281] [] finally
2021-08-31 18:21:24,043 DEBUG [91281] [] Request URI : /eccadmin_dev/Error/disp
2021-08-31 18:21:24,044 DEBUG [91281] [] ErrorController start
2021-08-31 18:21:24,044 DEBUG [91281] [] controllers/ErrorController.php: is exist
2021-08-31 18:21:24,044 DEBUG [91281] [] ErrorForm: is exist
2021-08-31 18:21:24,044 DEBUG [91281] [] ErrorForm: form value set 
2021-08-31 18:21:24,044 DEBUG [91281] [] ------------------------------/eccadmin_dev/Error/disp
2021-08-31 18:21:24,045 DEBUG [91281] [] ------------------------------login_start_check
2021-08-31 18:21:24,045 DEBUG [91281] [] dispAction start
2021-08-31 18:21:24,056 DEBUG [91281] [] dispAction end
2021-08-31 18:21:24,056 DEBUG [91281] [] ErrorController end
2021-08-31 18:21:24,056 DEBUG [91281] [] finally
2021-08-31 18:24:43,129 DEBUG [91281] [] Request URI : /eccadmin_dev/QuizList
2021-08-31 18:24:43,130 DEBUG [91281] [] QuizListController start
2021-08-31 18:24:43,130 DEBUG [91281] [] controllers/QuizListController.php: is exist
2021-08-31 18:24:43,131 DEBUG [91281] [] QuizListForm: is exist
2021-08-31 18:24:43,132 DEBUG [91281] [] QuizListForm: form value set 
2021-08-31 18:24:43,132 DEBUG [91281] [] ------------------------------/eccadmin_dev/QuizList
2021-08-31 18:24:43,132 DEBUG [91281] [] indexAction start
2021-08-31 18:24:43,132 DEBUG [91281] [] admin_no is 1
2021-08-31 18:24:43,194 DEBUG [91281] [] indexAction end
2021-08-31 18:24:43,194 DEBUG [91281] [] QuizListController end
2021-08-31 18:24:43,195 DEBUG [91281] [] finally
2021-08-31 18:24:43,310 DEBUG [91281] [] Request URI : /eccadmin_dev/null
2021-08-31 18:24:43,310 DEBUG [91281] [] nullController start
2021-08-31 18:24:43,310 DEBUG [91281] [] controllers/nullController.php: is not exist
2021-08-31 18:24:43,311 DEBUG [91281] [] finally
2021-08-31 18:24:43,460 DEBUG [91281] [] Request URI : /eccadmin_dev/Error/disp
2021-08-31 18:24:43,460 DEBUG [91281] [] ErrorController start
2021-08-31 18:24:43,460 DEBUG [91281] [] controllers/ErrorController.php: is exist
2021-08-31 18:24:43,460 DEBUG [91281] [] ErrorForm: is exist
2021-08-31 18:24:43,461 DEBUG [91281] [] ErrorForm: form value set 
2021-08-31 18:24:43,461 DEBUG [91281] [] ------------------------------/eccadmin_dev/Error/disp
2021-08-31 18:24:43,461 DEBUG [91281] [] ------------------------------login_start_check
2021-08-31 18:24:43,461 DEBUG [91281] [] dispAction start
2021-08-31 18:24:43,472 DEBUG [91281] [] dispAction end
2021-08-31 18:24:43,472 DEBUG [91281] [] ErrorController end
2021-08-31 18:24:43,473 DEBUG [91281] [] finally
2021-08-31 18:24:46,207 DEBUG [91281] [] Request URI : /eccadmin_dev/QuizList/Search
2021-08-31 18:24:46,208 DEBUG [91281] [] QuizListController start
2021-08-31 18:24:46,208 DEBUG [91281] [] controllers/QuizListController.php: is exist
2021-08-31 18:24:46,208 DEBUG [91281] [] QuizListForm: is exist
2021-08-31 18:24:46,208 DEBUG [91281] [] QuizListForm: form value set 
2021-08-31 18:24:46,209 DEBUG [91281] [] ------------------------------/eccadmin_dev/QuizList/Search
2021-08-31 18:24:46,209 DEBUG [91281] [] SearchAction start
2021-08-31 18:24:46,209 DEBUG [91281] [] admin_no is 1
2021-08-31 18:24:46,209 DEBUG [91281] [] org id : 99999
2021-08-31 18:24:46,271 DEBUG [91281] [] SearchAction end
2021-08-31 18:24:46,271 DEBUG [91281] [] QuizListController end
2021-08-31 18:24:46,271 DEBUG [91281] [] finally
2021-08-31 18:24:46,373 DEBUG [91281] [] Request URI : /eccadmin_dev/QuizList/null
2021-08-31 18:24:46,374 DEBUG [91281] [] QuizListController start
2021-08-31 18:24:46,374 DEBUG [91281] [] controllers/QuizListController.php: is exist
2021-08-31 18:24:46,374 DEBUG [91281] [] QuizListForm: is exist
2021-08-31 18:24:46,374 DEBUG [91281] [] QuizListForm: form value set 
2021-08-31 18:24:46,374 DEBUG [91281] [] ------------------------------/eccadmin_dev/QuizList/null
2021-08-31 18:24:46,374 DEBUG [91281] [] nullAction start
2021-08-31 18:24:46,374 DEBUG [91281] [] rollback
2021-08-31 18:24:46,374 DEBUG [91281] [] finally
2021-08-31 18:24:46,458 DEBUG [91281] [] Request URI : /eccadmin_dev/Error/disp
2021-08-31 18:24:46,458 DEBUG [91281] [] ErrorController start
2021-08-31 18:24:46,458 DEBUG [91281] [] controllers/ErrorController.php: is exist
2021-08-31 18:24:46,459 DEBUG [91281] [] ErrorForm: is exist
2021-08-31 18:24:46,459 DEBUG [91281] [] ErrorForm: form value set 
2021-08-31 18:24:46,459 DEBUG [91281] [] ------------------------------/eccadmin_dev/Error/disp
2021-08-31 18:24:46,459 DEBUG [91281] [] ------------------------------login_start_check
2021-08-31 18:24:46,459 DEBUG [91281] [] dispAction start
2021-08-31 18:24:46,471 DEBUG [91281] [] dispAction end
2021-08-31 18:24:46,471 DEBUG [91281] [] ErrorController end
2021-08-31 18:24:46,471 DEBUG [91281] [] finally
2021-08-31 18:26:28,315 DEBUG [91460] [] Request URI : /eccadmin_dev/QuizList
2021-08-31 18:26:28,316 DEBUG [91460] [] QuizListController start
2021-08-31 18:26:28,316 DEBUG [91460] [] controllers/QuizListController.php: is exist
2021-08-31 18:26:28,317 DEBUG [91460] [] QuizListForm: is exist
2021-08-31 18:26:28,318 DEBUG [91460] [] QuizListForm: form value set 
2021-08-31 18:26:28,318 DEBUG [91460] [] ------------------------------/eccadmin_dev/QuizList
2021-08-31 18:26:28,318 DEBUG [91460] [] indexAction start
2021-08-31 18:26:28,318 DEBUG [91460] [] admin_no is 1
2021-08-31 18:26:28,376 DEBUG [91460] [] indexAction end
2021-08-31 18:26:28,376 DEBUG [91460] [] QuizListController end
2021-08-31 18:26:28,377 DEBUG [91460] [] finally
2021-08-31 18:26:28,498 DEBUG [91460] [] Request URI : /eccadmin_dev/null
2021-08-31 18:26:28,499 DEBUG [91460] [] nullController start
2021-08-31 18:26:28,499 DEBUG [91460] [] controllers/nullController.php: is not exist
2021-08-31 18:26:28,499 DEBUG [91460] [] finally
2021-08-31 18:26:28,639 DEBUG [91460] [] Request URI : /eccadmin_dev/Error/disp
2021-08-31 18:26:28,640 DEBUG [91460] [] ErrorController start
2021-08-31 18:26:28,640 DEBUG [91460] [] controllers/ErrorController.php: is exist
2021-08-31 18:26:28,640 DEBUG [91460] [] ErrorForm: is exist
2021-08-31 18:26:28,640 DEBUG [91460] [] ErrorForm: form value set 
2021-08-31 18:26:28,641 DEBUG [91460] [] ------------------------------/eccadmin_dev/Error/disp
2021-08-31 18:26:28,641 DEBUG [91460] [] ------------------------------login_start_check
2021-08-31 18:26:28,641 DEBUG [91460] [] dispAction start
2021-08-31 18:26:28,652 DEBUG [91460] [] dispAction end
2021-08-31 18:26:28,652 DEBUG [91460] [] ErrorController end
2021-08-31 18:26:28,653 DEBUG [91460] [] finally
2021-08-31 18:26:32,707 DEBUG [91460] [] Request URI : /eccadmin_dev/QuizList/Search
2021-08-31 18:26:32,708 DEBUG [91460] [] QuizListController start
2021-08-31 18:26:32,708 DEBUG [91460] [] controllers/QuizListController.php: is exist
2021-08-31 18:26:32,708 DEBUG [91460] [] QuizListForm: is exist
2021-08-31 18:26:32,708 DEBUG [91460] [] QuizListForm: form value set 
2021-08-31 18:26:32,709 DEBUG [91460] [] ------------------------------/eccadmin_dev/QuizList/Search
2021-08-31 18:26:32,709 DEBUG [91460] [] SearchAction start
2021-08-31 18:26:32,709 DEBUG [91460] [] admin_no is 1
2021-08-31 18:26:32,709 DEBUG [91460] [] org id : 99999
2021-08-31 18:26:32,771 DEBUG [91460] [] SearchAction end
2021-08-31 18:26:32,771 DEBUG [91460] [] QuizListController end
2021-08-31 18:26:32,771 DEBUG [91460] [] finally
2021-08-31 18:26:32,872 DEBUG [91460] [] Request URI : /eccadmin_dev/QuizList/null
2021-08-31 18:26:32,872 DEBUG [91460] [] QuizListController start
2021-08-31 18:26:32,872 DEBUG [91460] [] controllers/QuizListController.php: is exist
2021-08-31 18:26:32,873 DEBUG [91460] [] QuizListForm: is exist
2021-08-31 18:26:32,873 DEBUG [91460] [] QuizListForm: form value set 
2021-08-31 18:26:32,873 DEBUG [91460] [] ------------------------------/eccadmin_dev/QuizList/null
2021-08-31 18:26:32,873 DEBUG [91460] [] nullAction start
2021-08-31 18:26:32,874 DEBUG [91460] [] rollback
2021-08-31 18:26:32,874 DEBUG [91460] [] finally
2021-08-31 18:26:32,955 DEBUG [91460] [] Request URI : /eccadmin_dev/Error/disp
2021-08-31 18:26:32,955 DEBUG [91460] [] ErrorController start
2021-08-31 18:26:32,956 DEBUG [91460] [] controllers/ErrorController.php: is exist
2021-08-31 18:26:32,956 DEBUG [91460] [] ErrorForm: is exist
2021-08-31 18:26:32,956 DEBUG [91460] [] ErrorForm: form value set 
2021-08-31 18:26:32,956 DEBUG [91460] [] ------------------------------/eccadmin_dev/Error/disp
2021-08-31 18:26:32,956 DEBUG [91460] [] ------------------------------login_start_check
2021-08-31 18:26:32,956 DEBUG [91460] [] dispAction start
2021-08-31 18:26:32,968 DEBUG [91460] [] dispAction end
2021-08-31 18:26:32,968 DEBUG [91460] [] ErrorController end
2021-08-31 18:26:32,968 DEBUG [91460] [] finally
2021-08-31 18:26:35,376 DEBUG [91460] [] Request URI : /eccadmin_dev/QuizList
2021-08-31 18:26:35,377 DEBUG [91460] [] QuizListController start
2021-08-31 18:26:35,377 DEBUG [91460] [] controllers/QuizListController.php: is exist
2021-08-31 18:26:35,377 DEBUG [91460] [] QuizListForm: is exist
2021-08-31 18:26:35,377 DEBUG [91460] [] QuizListForm: form value set 
2021-08-31 18:26:35,378 DEBUG [91460] [] ------------------------------/eccadmin_dev/QuizList
2021-08-31 18:26:35,378 DEBUG [91460] [] indexAction start
2021-08-31 18:26:35,378 DEBUG [91460] [] admin_no is 1
2021-08-31 18:26:35,440 DEBUG [91460] [] indexAction end
2021-08-31 18:26:35,440 DEBUG [91460] [] QuizListController end
2021-08-31 18:26:35,440 DEBUG [91460] [] finally
2021-08-31 18:26:35,536 DEBUG [91460] [] Request URI : /eccadmin_dev/null
2021-08-31 18:26:35,537 DEBUG [91460] [] nullController start
2021-08-31 18:26:35,537 DEBUG [91460] [] controllers/nullController.php: is not exist
2021-08-31 18:26:35,537 DEBUG [91460] [] finally
2021-08-31 18:26:35,641 DEBUG [91460] [] Request URI : /eccadmin_dev/Error/disp
2021-08-31 18:26:35,641 DEBUG [91460] [] ErrorController start
2021-08-31 18:26:35,641 DEBUG [91460] [] controllers/ErrorController.php: is exist
2021-08-31 18:26:35,642 DEBUG [91460] [] ErrorForm: is exist
2021-08-31 18:26:35,642 DEBUG [91460] [] ErrorForm: form value set 
2021-08-31 18:26:35,642 DEBUG [91460] [] ------------------------------/eccadmin_dev/Error/disp
2021-08-31 18:26:35,642 DEBUG [91460] [] ------------------------------login_start_check
2021-08-31 18:26:35,642 DEBUG [91460] [] dispAction start
2021-08-31 18:26:35,654 DEBUG [91460] [] dispAction end
2021-08-31 18:26:35,654 DEBUG [91460] [] ErrorController end
2021-08-31 18:26:35,654 DEBUG [91460] [] finally
2021-08-31 18:26:50,401 DEBUG [91490] [] Request URI : /eccadmin_dev/TestList
2021-08-31 18:26:50,401 DEBUG [91490] [] TestListController start
2021-08-31 18:26:50,401 DEBUG [91490] [] controllers/TestListController.php: is exist
2021-08-31 18:26:50,402 DEBUG [91490] [] TestListForm: is exist
2021-08-31 18:26:50,402 DEBUG [91490] [] TestListForm: form value set 
2021-08-31 18:26:50,402 DEBUG [91490] [] ------------------------------/eccadmin_dev/TestList
2021-08-31 18:26:50,403 DEBUG [91490] [] indexAction start
2021-08-31 18:26:50,403 DEBUG [91490] [] admin_no is 1
2021-08-31 18:26:50,403 DEBUG [91490] [] TestListForm Object
(
    [org_no] => 
    [test_no] => 
    [test_name] => 
    [start_period] => 2021/07/31
    [end_period] => 2021/10/01
    [remark] => 
    [del_flg] => 
    [create_dt] => 
    [creater_id] => 
    [update_dt] => 
    [updater_id] => 
    [count] => 
    [page] => 
    [rd_status1] => 
    [rd_status2] => 
    [chk_status1] => 
    [chk_status2] => 
    [quiz_count] => 
    [status] => 
    [rdstatus] => 
    [back_flg] => 
    [search_page] => 0
    [search_start_period] => 
    [search_end_period] => 
    [search_test_name] => 
    [search_remark] => 
    [search_rd_status1] => 
    [search_rd_status2] => 
    [search_rdstatus] => 
    [search_chk_status1] => 
    [search_chk_status2] => 
    [search_status] => 
    [search_org_id] => 99999
    [search_page_row] => 10
    [search_page_order_column] => 1
    [search_page_order_dir] => 1
    [menuOpen] => open
    [menuStatus] => testMenu
    [uid] => 0cc5bda923edaf0296611380a6a71c44
    [admin_kbn] => 001
    [remarks] => 
)

2021-08-31 18:26:50,404 DEBUG [91490] []  SELECT  distinct test.test_no test_no  ,test.org_no org_no  ,org.org_id org_id  ,test.test_name test_name  ,mtype.name test_type_name  ,test.remarks remark ,test.test_quiz_count quiz_count ,date_format(test.start_period,'%Y/%m/%d') as start_period  ,date_format(test.end_period,'%Y/%m/%d') as end_period  ,CASE WHEN test.status = 0 THEN  '非公開'  ELSE '公開' END AS status  FROM  T_TEST test  LEFT JOIN T_TEST_QUIZ as test_quiz  ON test.org_no = test_quiz.org_no  AND test.test_no = test_quiz.test_no  INNER JOIN M_TYPE mtype ON test.test_type = mtype.type  AND mtype.category = :mcategory  INNER JOIN M_ORGANIZATION as org  ON test.org_no = org.org_no  AND org.del_flg =  '0'  WHERE test.start_period <= :end_period  AND test.end_period >= :start_period  AND org.org_id LIKE :org_id  AND test.del_flg = '0'  ORDER BY  test_name ASC ,remark ASC
2021-08-31 18:26:50,405 DEBUG [91490] [] count of list :4
2021-08-31 18:26:50,488 DEBUG [91490] [] indexAction end
2021-08-31 18:26:50,488 DEBUG [91490] [] TestListController end
2021-08-31 18:26:50,488 DEBUG [91490] [] finally
2021-08-31 18:26:52,188 DEBUG [91490] [] Request URI : /eccadmin_dev/QuizList
2021-08-31 18:26:52,189 DEBUG [91490] [] QuizListController start
2021-08-31 18:26:52,189 DEBUG [91490] [] controllers/QuizListController.php: is exist
2021-08-31 18:26:52,189 DEBUG [91490] [] QuizListForm: is exist
2021-08-31 18:26:52,189 DEBUG [91490] [] QuizListForm: form value set 
2021-08-31 18:26:52,190 DEBUG [91490] [] ------------------------------/eccadmin_dev/QuizList
2021-08-31 18:26:52,190 DEBUG [91490] [] indexAction start
2021-08-31 18:26:52,190 DEBUG [91490] [] admin_no is 1
2021-08-31 18:26:52,251 DEBUG [91490] [] indexAction end
2021-08-31 18:26:52,251 DEBUG [91490] [] QuizListController end
2021-08-31 18:26:52,252 DEBUG [91490] [] finally
2021-08-31 18:26:52,348 DEBUG [91490] [] Request URI : /eccadmin_dev/null
2021-08-31 18:26:52,348 DEBUG [91490] [] nullController start
2021-08-31 18:26:52,348 DEBUG [91490] [] controllers/nullController.php: is not exist
2021-08-31 18:26:52,348 DEBUG [91490] [] finally
2021-08-31 18:26:52,446 DEBUG [91490] [] Request URI : /eccadmin_dev/Error/disp
2021-08-31 18:26:52,446 DEBUG [91490] [] ErrorController start
2021-08-31 18:26:52,447 DEBUG [91490] [] controllers/ErrorController.php: is exist
2021-08-31 18:26:52,447 DEBUG [91490] [] ErrorForm: is exist
2021-08-31 18:26:52,447 DEBUG [91490] [] ErrorForm: form value set 
2021-08-31 18:26:52,447 DEBUG [91490] [] ------------------------------/eccadmin_dev/Error/disp
2021-08-31 18:26:52,447 DEBUG [91490] [] ------------------------------login_start_check
2021-08-31 18:26:52,447 DEBUG [91490] [] dispAction start
2021-08-31 18:26:52,459 DEBUG [91490] [] dispAction end
2021-08-31 18:26:52,459 DEBUG [91490] [] ErrorController end
2021-08-31 18:26:52,459 DEBUG [91490] [] finally
2021-08-31 18:26:55,244 DEBUG [91490] [] Request URI : /eccadmin_dev/QuizList/Search
2021-08-31 18:26:55,245 DEBUG [91490] [] QuizListController start
2021-08-31 18:26:55,245 DEBUG [91490] [] controllers/QuizListController.php: is exist
2021-08-31 18:26:55,245 DEBUG [91490] [] QuizListForm: is exist
2021-08-31 18:26:55,245 DEBUG [91490] [] QuizListForm: form value set 
2021-08-31 18:26:55,246 DEBUG [91490] [] ------------------------------/eccadmin_dev/QuizList/Search
2021-08-31 18:26:55,246 DEBUG [91490] [] SearchAction start
2021-08-31 18:26:55,246 DEBUG [91490] [] admin_no is 1
2021-08-31 18:26:55,246 DEBUG [91490] [] org id : 99999
2021-08-31 18:26:55,308 DEBUG [91490] [] SearchAction end
2021-08-31 18:26:55,308 DEBUG [91490] [] QuizListController end
2021-08-31 18:26:55,308 DEBUG [91490] [] finally
2021-08-31 18:26:55,400 DEBUG [91490] [] Request URI : /eccadmin_dev/QuizList/null
2021-08-31 18:26:55,401 DEBUG [91490] [] QuizListController start
2021-08-31 18:26:55,401 DEBUG [91490] [] controllers/QuizListController.php: is exist
2021-08-31 18:26:55,401 DEBUG [91490] [] QuizListForm: is exist
2021-08-31 18:26:55,401 DEBUG [91490] [] QuizListForm: form value set 
2021-08-31 18:26:55,402 DEBUG [91490] [] ------------------------------/eccadmin_dev/QuizList/null
2021-08-31 18:26:55,402 DEBUG [91490] [] nullAction start
2021-08-31 18:26:55,402 DEBUG [91490] [] rollback
2021-08-31 18:26:55,402 DEBUG [91490] [] finally
2021-08-31 18:26:55,488 DEBUG [91490] [] Request URI : /eccadmin_dev/Error/disp
2021-08-31 18:26:55,489 DEBUG [91490] [] ErrorController start
2021-08-31 18:26:55,489 DEBUG [91490] [] controllers/ErrorController.php: is exist
2021-08-31 18:26:55,489 DEBUG [91490] [] ErrorForm: is exist
2021-08-31 18:26:55,489 DEBUG [91490] [] ErrorForm: form value set 
2021-08-31 18:26:55,490 DEBUG [91490] [] ------------------------------/eccadmin_dev/Error/disp
2021-08-31 18:26:55,490 DEBUG [91490] [] ------------------------------login_start_check
2021-08-31 18:26:55,490 DEBUG [91490] [] dispAction start
2021-08-31 18:26:55,501 DEBUG [91490] [] dispAction end
2021-08-31 18:26:55,501 DEBUG [91490] [] ErrorController end
2021-08-31 18:26:55,501 DEBUG [91490] [] finally
2021-08-31 18:29:09,976 DEBUG [91172] [] Request URI : /eccadmin_dev/QuizList
2021-08-31 18:29:09,976 DEBUG [91172] [] QuizListController start
2021-08-31 18:29:09,976 DEBUG [91172] [] controllers/QuizListController.php: is exist
2021-08-31 18:29:09,977 DEBUG [91172] [] QuizListForm: is exist
2021-08-31 18:29:09,977 DEBUG [91172] [] QuizListForm: form value set 
2021-08-31 18:29:09,977 DEBUG [91172] [] ------------------------------/eccadmin_dev/QuizList
2021-08-31 18:29:09,977 DEBUG [91172] [] indexAction start
2021-08-31 18:29:09,978 DEBUG [91172] [] admin_no is 1
2021-08-31 18:29:10,036 DEBUG [91172] [] indexAction end
2021-08-31 18:29:10,036 DEBUG [91172] [] QuizListController end
2021-08-31 18:29:10,036 DEBUG [91172] [] finally
2021-08-31 18:29:10,152 DEBUG [91172] [] Request URI : /eccadmin_dev/null
2021-08-31 18:29:10,153 DEBUG [91172] [] nullController start
2021-08-31 18:29:10,153 DEBUG [91172] [] controllers/nullController.php: is not exist
2021-08-31 18:29:10,153 DEBUG [91172] [] finally
2021-08-31 18:29:10,331 DEBUG [91172] [] Request URI : /eccadmin_dev/Error/disp
2021-08-31 18:29:10,331 DEBUG [91172] [] ErrorController start
2021-08-31 18:29:10,331 DEBUG [91172] [] controllers/ErrorController.php: is exist
2021-08-31 18:29:10,331 DEBUG [91172] [] ErrorForm: is exist
2021-08-31 18:29:10,332 DEBUG [91172] [] ErrorForm: form value set 
2021-08-31 18:29:10,332 DEBUG [91172] [] ------------------------------/eccadmin_dev/Error/disp
2021-08-31 18:29:10,332 DEBUG [91172] [] ------------------------------login_start_check
2021-08-31 18:29:10,332 DEBUG [91172] [] dispAction start
2021-08-31 18:29:10,343 DEBUG [91172] [] dispAction end
2021-08-31 18:29:10,343 DEBUG [91172] [] ErrorController end
2021-08-31 18:29:10,344 DEBUG [91172] [] finally
2021-08-31 18:29:13,534 DEBUG [91172] [] Request URI : /eccadmin_dev/QuizList/Search
2021-08-31 18:29:13,535 DEBUG [91172] [] QuizListController start
2021-08-31 18:29:13,535 DEBUG [91172] [] controllers/QuizListController.php: is exist
2021-08-31 18:29:13,535 DEBUG [91172] [] QuizListForm: is exist
2021-08-31 18:29:13,535 DEBUG [91172] [] QuizListForm: form value set 
2021-08-31 18:29:13,536 DEBUG [91172] [] ------------------------------/eccadmin_dev/QuizList/Search
2021-08-31 18:29:13,536 DEBUG [91172] [] SearchAction start
2021-08-31 18:29:13,536 DEBUG [91172] [] admin_no is 1
2021-08-31 18:29:13,536 DEBUG [91172] [] org id : 99999
2021-08-31 18:29:13,598 DEBUG [91172] [] SearchAction end
2021-08-31 18:29:13,598 DEBUG [91172] [] QuizListController end
2021-08-31 18:29:13,598 DEBUG [91172] [] finally
2021-08-31 18:29:13,686 DEBUG [91172] [] Request URI : /eccadmin_dev/QuizList/null
2021-08-31 18:29:13,687 DEBUG [91172] [] QuizListController start
2021-08-31 18:29:13,687 DEBUG [91172] [] controllers/QuizListController.php: is exist
2021-08-31 18:29:13,687 DEBUG [91172] [] QuizListForm: is exist
2021-08-31 18:29:13,687 DEBUG [91172] [] QuizListForm: form value set 
2021-08-31 18:29:13,688 DEBUG [91172] [] ------------------------------/eccadmin_dev/QuizList/null
2021-08-31 18:29:13,688 DEBUG [91172] [] nullAction start
2021-08-31 18:29:13,688 DEBUG [91172] [] rollback
2021-08-31 18:29:13,688 DEBUG [91172] [] finally
2021-08-31 18:29:13,786 DEBUG [91172] [] Request URI : /eccadmin_dev/Error/disp
2021-08-31 18:29:13,787 DEBUG [91172] [] ErrorController start
2021-08-31 18:29:13,787 DEBUG [91172] [] controllers/ErrorController.php: is exist
2021-08-31 18:29:13,787 DEBUG [91172] [] ErrorForm: is exist
2021-08-31 18:29:13,787 DEBUG [91172] [] ErrorForm: form value set 
2021-08-31 18:29:13,787 DEBUG [91172] [] ------------------------------/eccadmin_dev/Error/disp
2021-08-31 18:29:13,787 DEBUG [91172] [] ------------------------------login_start_check
2021-08-31 18:29:13,788 DEBUG [91172] [] dispAction start
2021-08-31 18:29:13,799 DEBUG [91172] [] dispAction end
2021-08-31 18:29:13,799 DEBUG [91172] [] ErrorController end
2021-08-31 18:29:13,799 DEBUG [91172] [] finally
2021-08-31 18:30:24,596 DEBUG [91200] [] Request URI : /eccadmin_dev/QuizList
2021-08-31 18:30:24,596 DEBUG [91200] [] QuizListController start
2021-08-31 18:30:24,597 DEBUG [91200] [] controllers/QuizListController.php: is exist
2021-08-31 18:30:24,598 DEBUG [91200] [] QuizListForm: is exist
2021-08-31 18:30:24,598 DEBUG [91200] [] QuizListForm: form value set 
2021-08-31 18:30:24,599 DEBUG [91200] [] ------------------------------/eccadmin_dev/QuizList
2021-08-31 18:30:24,599 DEBUG [91200] [] indexAction start
2021-08-31 18:30:24,599 DEBUG [91200] [] admin_no is 1
2021-08-31 18:30:24,660 DEBUG [91200] [] indexAction end
2021-08-31 18:30:24,660 DEBUG [91200] [] QuizListController end
2021-08-31 18:30:24,660 DEBUG [91200] [] finally
2021-08-31 18:30:24,756 DEBUG [91200] [] Request URI : /eccadmin_dev/null
2021-08-31 18:30:24,757 DEBUG [91200] [] nullController start
2021-08-31 18:30:24,757 DEBUG [91200] [] controllers/nullController.php: is not exist
2021-08-31 18:30:24,757 DEBUG [91200] [] finally
2021-08-31 18:30:24,867 DEBUG [91200] [] Request URI : /eccadmin_dev/Error/disp
2021-08-31 18:30:24,867 DEBUG [91200] [] ErrorController start
2021-08-31 18:30:24,867 DEBUG [91200] [] controllers/ErrorController.php: is exist
2021-08-31 18:30:24,867 DEBUG [91200] [] ErrorForm: is exist
2021-08-31 18:30:24,867 DEBUG [91200] [] ErrorForm: form value set 
2021-08-31 18:30:24,868 DEBUG [91200] [] ------------------------------/eccadmin_dev/Error/disp
2021-08-31 18:30:24,868 DEBUG [91200] [] ------------------------------login_start_check
2021-08-31 18:30:24,868 DEBUG [91200] [] dispAction start
2021-08-31 18:30:24,879 DEBUG [91200] [] dispAction end
2021-08-31 18:30:24,879 DEBUG [91200] [] ErrorController end
2021-08-31 18:30:24,879 DEBUG [91200] [] finally
2021-08-31 18:30:27,670 DEBUG [91200] [] Request URI : /eccadmin_dev/QuizList/Search
2021-08-31 18:30:27,670 DEBUG [91200] [] QuizListController start
2021-08-31 18:30:27,671 DEBUG [91200] [] controllers/QuizListController.php: is exist
2021-08-31 18:30:27,671 DEBUG [91200] [] QuizListForm: is exist
2021-08-31 18:30:27,671 DEBUG [91200] [] QuizListForm: form value set 
2021-08-31 18:30:27,671 DEBUG [91200] [] ------------------------------/eccadmin_dev/QuizList/Search
2021-08-31 18:30:27,672 DEBUG [91200] [] SearchAction start
2021-08-31 18:30:27,672 DEBUG [91200] [] admin_no is 1
2021-08-31 18:30:27,672 DEBUG [91200] [] org id : 99999
2021-08-31 18:30:27,730 DEBUG [91200] [] SearchAction end
2021-08-31 18:30:27,730 DEBUG [91200] [] QuizListController end
2021-08-31 18:30:27,731 DEBUG [91200] [] finally
2021-08-31 18:30:27,820 DEBUG [91200] [] Request URI : /eccadmin_dev/QuizList/null
2021-08-31 18:30:27,820 DEBUG [91200] [] QuizListController start
2021-08-31 18:30:27,820 DEBUG [91200] [] controllers/QuizListController.php: is exist
2021-08-31 18:30:27,821 DEBUG [91200] [] QuizListForm: is exist
2021-08-31 18:30:27,821 DEBUG [91200] [] QuizListForm: form value set 
2021-08-31 18:30:27,821 DEBUG [91200] [] ------------------------------/eccadmin_dev/QuizList/null
2021-08-31 18:30:27,821 DEBUG [91200] [] nullAction start
2021-08-31 18:30:27,822 DEBUG [91200] [] rollback
2021-08-31 18:30:27,822 DEBUG [91200] [] finally
2021-08-31 18:30:27,921 DEBUG [91200] [] Request URI : /eccadmin_dev/Error/disp
2021-08-31 18:30:27,922 DEBUG [91200] [] ErrorController start
2021-08-31 18:30:27,922 DEBUG [91200] [] controllers/ErrorController.php: is exist
2021-08-31 18:30:27,922 DEBUG [91200] [] ErrorForm: is exist
2021-08-31 18:30:27,922 DEBUG [91200] [] ErrorForm: form value set 
2021-08-31 18:30:27,923 DEBUG [91200] [] ------------------------------/eccadmin_dev/Error/disp
2021-08-31 18:30:27,923 DEBUG [91200] [] ------------------------------login_start_check
2021-08-31 18:30:27,923 DEBUG [91200] [] dispAction start
2021-08-31 18:30:27,934 DEBUG [91200] [] dispAction end
2021-08-31 18:30:27,934 DEBUG [91200] [] ErrorController end
2021-08-31 18:30:27,934 DEBUG [91200] [] finally
2021-08-31 18:37:22,720 DEBUG [91460] [] Request URI : /eccadmin_dev/QuizList
2021-08-31 18:37:22,721 DEBUG [91460] [] QuizListController start
2021-08-31 18:37:22,721 DEBUG [91460] [] controllers/QuizListController.php: is exist
2021-08-31 18:37:22,722 DEBUG [91460] [] QuizListForm: is exist
2021-08-31 18:37:22,723 DEBUG [91460] [] QuizListForm: form value set 
2021-08-31 18:37:22,723 DEBUG [91460] [] ------------------------------/eccadmin_dev/QuizList
2021-08-31 18:37:22,723 DEBUG [91460] [] indexAction start
2021-08-31 18:37:22,724 DEBUG [91460] [] admin_no is 1
2021-08-31 18:37:22,784 DEBUG [91460] [] indexAction end
2021-08-31 18:37:22,785 DEBUG [91460] [] QuizListController end
2021-08-31 18:37:22,785 DEBUG [91460] [] finally
2021-08-31 18:37:22,891 DEBUG [91460] [] Request URI : /eccadmin_dev/null
2021-08-31 18:37:22,891 DEBUG [91460] [] nullController start
2021-08-31 18:37:22,891 DEBUG [91460] [] controllers/nullController.php: is not exist
2021-08-31 18:37:22,891 DEBUG [91460] [] finally
2021-08-31 18:37:23,013 DEBUG [91460] [] Request URI : /eccadmin_dev/Error/disp
2021-08-31 18:37:23,013 DEBUG [91460] [] ErrorController start
2021-08-31 18:37:23,014 DEBUG [91460] [] controllers/ErrorController.php: is exist
2021-08-31 18:37:23,014 DEBUG [91460] [] ErrorForm: is exist
2021-08-31 18:37:23,014 DEBUG [91460] [] ErrorForm: form value set 
2021-08-31 18:37:23,014 DEBUG [91460] [] ------------------------------/eccadmin_dev/Error/disp
2021-08-31 18:37:23,014 DEBUG [91460] [] ------------------------------login_start_check
2021-08-31 18:37:23,014 DEBUG [91460] [] dispAction start
2021-08-31 18:37:23,025 DEBUG [91460] [] dispAction end
2021-08-31 18:37:23,025 DEBUG [91460] [] ErrorController end
2021-08-31 18:37:23,025 DEBUG [91460] [] finally
2021-08-31 18:37:27,603 DEBUG [91460] [] Request URI : /eccadmin_dev/QuizList/Search
2021-08-31 18:37:27,604 DEBUG [91460] [] QuizListController start
2021-08-31 18:37:27,604 DEBUG [91460] [] controllers/QuizListController.php: is exist
2021-08-31 18:37:27,604 DEBUG [91460] [] QuizListForm: is exist
2021-08-31 18:37:27,604 DEBUG [91460] [] QuizListForm: form value set 
2021-08-31 18:37:27,605 DEBUG [91460] [] ------------------------------/eccadmin_dev/QuizList/Search
2021-08-31 18:37:27,605 DEBUG [91460] [] SearchAction start
2021-08-31 18:37:27,605 DEBUG [91460] [] admin_no is 1
2021-08-31 18:37:27,605 DEBUG [91460] [] org id : ecc
2021-08-31 18:37:28,674 DEBUG [91460] [] SearchAction end
2021-08-31 18:37:28,674 DEBUG [91460] [] QuizListController end
2021-08-31 18:37:28,674 DEBUG [91460] [] finally
2021-08-31 18:37:54,952 DEBUG [91281] [] Request URI : /eccadmin_dev/QuizRegist/index
2021-08-31 18:37:54,953 DEBUG [91281] [] QuizRegistController start
2021-08-31 18:37:54,953 DEBUG [91281] [] controllers/QuizRegistController.php: is exist
2021-08-31 18:37:54,953 DEBUG [91281] [] QuizRegistForm: is exist
2021-08-31 18:37:54,953 DEBUG [91281] [] QuizRegistForm: form value set 
2021-08-31 18:37:54,954 DEBUG [91281] [] ------------------------------/eccadmin_dev/QuizRegist/index
2021-08-31 18:37:54,954 DEBUG [91281] [] ------------------------------login_start_check
2021-08-31 18:37:54,954 DEBUG [91281] [] indexAction start
2021-08-31 18:37:54,954 DEBUG [91281] [] admin_no is 1
2021-08-31 18:37:54,956 DEBUG [91281] []  SELECT  distinct name  ,type FROM M_TYPE  WHERE  del_flg = '0'   AND category = '010'   ORDER BY  type ASC 
2021-08-31 18:37:55,049 DEBUG [91281] [] indexAction end
2021-08-31 18:37:55,049 DEBUG [91281] [] QuizRegistController end
2021-08-31 18:37:55,049 DEBUG [91281] [] finally
2021-08-31 18:37:57,711 DEBUG [91281] [] Request URI : /eccadmin_dev/QuizRegist/back
2021-08-31 18:37:57,711 DEBUG [91281] [] QuizRegistController start
2021-08-31 18:37:57,712 DEBUG [91281] [] controllers/QuizRegistController.php: is exist
2021-08-31 18:37:57,712 DEBUG [91281] [] QuizRegistForm: is exist
2021-08-31 18:37:57,712 DEBUG [91281] [] QuizRegistForm: form value set 
2021-08-31 18:37:57,712 DEBUG [91281] [] ------------------------------/eccadmin_dev/QuizRegist/back
2021-08-31 18:37:57,713 DEBUG [91281] [] ------------------------------login_start_check
2021-08-31 18:37:57,713 DEBUG [91281] [] backAction start
2021-08-31 18:37:57,713 DEBUG [91281] [] backAction end
2021-08-31 18:37:57,713 DEBUG [91281] [] QuizRegistController end
2021-08-31 18:37:57,713 DEBUG [91281] [] finally
2021-08-31 18:37:57,739 DEBUG [91281] [] Request URI : /eccadmin_dev/QuizList/Search
2021-08-31 18:37:57,739 DEBUG [91281] [] QuizListController start
2021-08-31 18:37:57,739 DEBUG [91281] [] controllers/QuizListController.php: is exist
2021-08-31 18:37:57,740 DEBUG [91281] [] QuizListForm: is exist
2021-08-31 18:37:57,740 DEBUG [91281] [] QuizListForm: form value set 
2021-08-31 18:37:57,740 DEBUG [91281] [] ------------------------------/eccadmin_dev/QuizList/Search
2021-08-31 18:37:57,740 DEBUG [91281] [] SearchAction start
2021-08-31 18:37:57,741 DEBUG [91281] [] admin_no is 1
2021-08-31 18:37:57,741 DEBUG [91281] [] org id : ecc
2021-08-31 18:38:00,330 DEBUG [91281] [] SearchAction end
2021-08-31 18:38:00,330 DEBUG [91281] [] QuizListController end
2021-08-31 18:38:00,331 DEBUG [91281] [] finally
2021-08-31 18:48:58,563 DEBUG [91418] [] Request URI : /eccadmin_dev/QuizList
2021-08-31 18:48:58,563 DEBUG [91418] [] QuizListController start
2021-08-31 18:48:58,564 DEBUG [91418] [] controllers/QuizListController.php: is exist
2021-08-31 18:48:58,565 DEBUG [91418] [] QuizListForm: is exist
2021-08-31 18:48:58,565 DEBUG [91418] [] QuizListForm: form value set 
2021-08-31 18:48:58,566 DEBUG [91418] [] ------------------------------/eccadmin_dev/QuizList
2021-08-31 18:48:58,566 DEBUG [91418] [] indexAction start
2021-08-31 18:48:58,566 DEBUG [91418] [] admin_no is 1
2021-08-31 18:48:58,627 DEBUG [91418] [] indexAction end
2021-08-31 18:48:58,627 DEBUG [91418] [] QuizListController end
2021-08-31 18:48:58,627 DEBUG [91418] [] finally
2021-08-31 18:48:58,710 DEBUG [91418] [] Request URI : /eccadmin_dev/null
2021-08-31 18:48:58,711 DEBUG [91418] [] nullController start
2021-08-31 18:48:58,711 DEBUG [91418] [] controllers/nullController.php: is not exist
2021-08-31 18:48:58,711 DEBUG [91418] [] finally
2021-08-31 18:48:58,975 DEBUG [91418] [] Request URI : /eccadmin_dev/Error/disp
2021-08-31 18:48:58,975 DEBUG [91418] [] ErrorController start
2021-08-31 18:48:58,976 DEBUG [91418] [] controllers/ErrorController.php: is exist
2021-08-31 18:48:58,976 DEBUG [91418] [] ErrorForm: is exist
2021-08-31 18:48:58,976 DEBUG [91418] [] ErrorForm: form value set 
2021-08-31 18:48:58,976 DEBUG [91418] [] ------------------------------/eccadmin_dev/Error/disp
2021-08-31 18:48:58,976 DEBUG [91418] [] ------------------------------login_start_check
2021-08-31 18:48:58,977 DEBUG [91418] [] dispAction start
2021-08-31 18:48:58,988 DEBUG [91418] [] dispAction end
2021-08-31 18:48:58,988 DEBUG [91418] [] ErrorController end
2021-08-31 18:48:58,988 DEBUG [91418] [] finally
2021-08-31 18:49:04,317 DEBUG [90543] [] Request URI : /eccadmin_dev/QuizList/Search
2021-08-31 18:49:04,318 DEBUG [90543] [] QuizListController start
2021-08-31 18:49:04,318 DEBUG [90543] [] controllers/QuizListController.php: is exist
2021-08-31 18:49:04,318 DEBUG [90543] [] QuizListForm: is exist
2021-08-31 18:49:04,318 DEBUG [90543] [] QuizListForm: form value set 
2021-08-31 18:49:04,319 DEBUG [90543] [] ------------------------------/eccadmin_dev/QuizList/Search
2021-08-31 18:49:04,319 DEBUG [90543] [] SearchAction start
2021-08-31 18:49:04,319 DEBUG [90543] [] admin_no is 1
2021-08-31 18:49:04,319 DEBUG [90543] [] org id : gic
2021-08-31 18:49:04,405 DEBUG [90543] [] SearchAction end
2021-08-31 18:49:04,405 DEBUG [90543] [] QuizListController end
2021-08-31 18:49:04,405 DEBUG [90543] [] finally
2021-08-31 18:49:08,624 DEBUG [91462] [] Request URI : /eccadmin_dev/QuizRegist/index
2021-08-31 18:49:08,625 DEBUG [91462] [] QuizRegistController start
2021-08-31 18:49:08,625 DEBUG [91462] [] controllers/QuizRegistController.php: is exist
2021-08-31 18:49:08,628 DEBUG [91462] [] QuizRegistForm: is exist
2021-08-31 18:49:08,628 DEBUG [91462] [] QuizRegistForm: form value set 
2021-08-31 18:49:08,629 DEBUG [91462] [] ------------------------------/eccadmin_dev/QuizRegist/index
2021-08-31 18:49:08,629 DEBUG [91462] [] ------------------------------login_start_check
2021-08-31 18:49:08,629 DEBUG [91462] [] indexAction start
2021-08-31 18:49:08,629 DEBUG [91462] [] admin_no is 1
2021-08-31 18:49:08,631 DEBUG [91462] []  SELECT  distinct name  ,type FROM M_TYPE  WHERE  del_flg = '0'   AND category = '010'   ORDER BY  type ASC 
2021-08-31 18:49:08,719 DEBUG [91462] [] indexAction end
2021-08-31 18:49:08,719 DEBUG [91462] [] QuizRegistController end
2021-08-31 18:49:08,720 DEBUG [91462] [] finally
2021-08-31 18:49:12,637 DEBUG [91462] [] Request URI : /eccadmin_dev/QuizRegist/back
2021-08-31 18:49:12,637 DEBUG [91462] [] QuizRegistController start
2021-08-31 18:49:12,637 DEBUG [91462] [] controllers/QuizRegistController.php: is exist
2021-08-31 18:49:12,638 DEBUG [91462] [] QuizRegistForm: is exist
2021-08-31 18:49:12,638 DEBUG [91462] [] QuizRegistForm: form value set 
2021-08-31 18:49:12,638 DEBUG [91462] [] ------------------------------/eccadmin_dev/QuizRegist/back
2021-08-31 18:49:12,638 DEBUG [91462] [] ------------------------------login_start_check
2021-08-31 18:49:12,638 DEBUG [91462] [] backAction start
2021-08-31 18:49:12,639 DEBUG [91462] [] backAction end
2021-08-31 18:49:12,639 DEBUG [91462] [] QuizRegistController end
2021-08-31 18:49:12,639 DEBUG [91462] [] finally
2021-08-31 18:49:12,661 DEBUG [91462] [] Request URI : /eccadmin_dev/QuizList/Search
2021-08-31 18:49:12,662 DEBUG [91462] [] QuizListController start
2021-08-31 18:49:12,662 DEBUG [91462] [] controllers/QuizListController.php: is exist
2021-08-31 18:49:12,662 DEBUG [91462] [] QuizListForm: is exist
2021-08-31 18:49:12,662 DEBUG [91462] [] QuizListForm: form value set 
2021-08-31 18:49:12,663 DEBUG [91462] [] ------------------------------/eccadmin_dev/QuizList/Search
2021-08-31 18:49:12,663 DEBUG [91462] [] SearchAction start
2021-08-31 18:49:12,663 DEBUG [91462] [] admin_no is 1
2021-08-31 18:49:12,663 DEBUG [91462] [] org id : gic
2021-08-31 18:49:12,740 DEBUG [91462] [] SearchAction end
2021-08-31 18:49:12,740 DEBUG [91462] [] QuizListController end
2021-08-31 18:49:12,740 DEBUG [91462] [] finally
2021-08-31 18:49:17,763 DEBUG [91188] [] Request URI : /eccadmin_dev/QuizRegist/index
2021-08-31 18:49:17,764 DEBUG [91188] [] QuizRegistController start
2021-08-31 18:49:17,764 DEBUG [91188] [] controllers/QuizRegistController.php: is exist
2021-08-31 18:49:17,764 DEBUG [91188] [] QuizRegistForm: is exist
2021-08-31 18:49:17,764 DEBUG [91188] [] QuizRegistForm: form value set 
2021-08-31 18:49:17,765 DEBUG [91188] [] ------------------------------/eccadmin_dev/QuizRegist/index
2021-08-31 18:49:17,765 DEBUG [91188] [] ------------------------------login_start_check
2021-08-31 18:49:17,765 DEBUG [91188] [] indexAction start
2021-08-31 18:49:17,765 DEBUG [91188] [] admin_no is 1
2021-08-31 18:49:17,767 DEBUG [91188] []  SELECT  distinct name  ,type FROM M_TYPE  WHERE  del_flg = '0'   AND category = '010'   ORDER BY  type ASC 
2021-08-31 18:49:17,857 DEBUG [91188] [] indexAction end
2021-08-31 18:49:17,857 DEBUG [91188] [] QuizRegistController end
2021-08-31 18:49:17,857 DEBUG [91188] [] finally
2021-08-31 18:49:20,797 DEBUG [91188] [] Request URI : /eccadmin_dev/QuizRegist/back
2021-08-31 18:49:20,797 DEBUG [91188] [] QuizRegistController start
2021-08-31 18:49:20,798 DEBUG [91188] [] controllers/QuizRegistController.php: is exist
2021-08-31 18:49:20,798 DEBUG [91188] [] QuizRegistForm: is exist
2021-08-31 18:49:20,798 DEBUG [91188] [] QuizRegistForm: form value set 
2021-08-31 18:49:20,799 DEBUG [91188] [] ------------------------------/eccadmin_dev/QuizRegist/back
2021-08-31 18:49:20,799 DEBUG [91188] [] ------------------------------login_start_check
2021-08-31 18:49:20,799 DEBUG [91188] [] backAction start
2021-08-31 18:49:20,799 DEBUG [91188] [] backAction end
2021-08-31 18:49:20,799 DEBUG [91188] [] QuizRegistController end
2021-08-31 18:49:20,799 DEBUG [91188] [] finally
2021-08-31 18:49:20,818 DEBUG [91188] [] Request URI : /eccadmin_dev/QuizList/Search
2021-08-31 18:49:20,819 DEBUG [91188] [] QuizListController start
2021-08-31 18:49:20,819 DEBUG [91188] [] controllers/QuizListController.php: is exist
2021-08-31 18:49:20,819 DEBUG [91188] [] QuizListForm: is exist
2021-08-31 18:49:20,819 DEBUG [91188] [] QuizListForm: form value set 
2021-08-31 18:49:20,820 DEBUG [91188] [] ------------------------------/eccadmin_dev/QuizList/Search
2021-08-31 18:49:20,820 DEBUG [91188] [] SearchAction start
2021-08-31 18:49:20,820 DEBUG [91188] [] admin_no is 1
2021-08-31 18:49:20,820 DEBUG [91188] [] org id : gic
2021-08-31 18:49:20,901 DEBUG [91188] [] SearchAction end
2021-08-31 18:49:20,901 DEBUG [91188] [] QuizListController end
2021-08-31 18:49:20,901 DEBUG [91188] [] finally
2021-08-31 18:55:26,781 DEBUG [91460] [] Request URI : /eccadmin_dev/QuizRegist/index
2021-08-31 18:55:26,781 DEBUG [91460] [] QuizRegistController start
2021-08-31 18:55:26,782 DEBUG [91460] [] controllers/QuizRegistController.php: is exist
2021-08-31 18:55:26,782 DEBUG [91460] [] QuizRegistForm: is exist
2021-08-31 18:55:26,782 DEBUG [91460] [] QuizRegistForm: form value set 
2021-08-31 18:55:26,783 DEBUG [91460] [] ------------------------------/eccadmin_dev/QuizRegist/index
2021-08-31 18:55:26,783 DEBUG [91460] [] ------------------------------login_start_check
2021-08-31 18:55:26,783 DEBUG [91460] [] indexAction start
2021-08-31 18:55:26,783 DEBUG [91460] [] admin_no is 1
2021-08-31 18:55:26,785 DEBUG [91460] []  SELECT  distinct name  ,type FROM M_TYPE  WHERE  del_flg = '0'   AND category = '010'   ORDER BY  type ASC 
2021-08-31 18:55:26,870 DEBUG [91460] [] indexAction end
2021-08-31 18:55:26,870 DEBUG [91460] [] QuizRegistController end
2021-08-31 18:55:26,871 DEBUG [91460] [] finally
2021-08-31 18:55:47,112 DEBUG [92088] [] Request URI : /eccadmin_dev/QuizList
2021-08-31 18:55:47,113 DEBUG [92088] [] QuizListController start
2021-08-31 18:55:47,113 DEBUG [92088] [] controllers/QuizListController.php: is exist
2021-08-31 18:55:47,114 DEBUG [92088] [] QuizListForm: is exist
2021-08-31 18:55:47,114 DEBUG [92088] [] QuizListForm: form value set 
2021-08-31 18:55:47,115 DEBUG [92088] [] ------------------------------/eccadmin_dev/QuizList
2021-08-31 18:55:47,115 DEBUG [92088] [] indexAction start
2021-08-31 18:55:47,115 DEBUG [92088] [] admin_no is 1
2021-08-31 18:55:47,177 DEBUG [92088] [] indexAction end
2021-08-31 18:55:47,177 DEBUG [92088] [] QuizListController end
2021-08-31 18:55:47,177 DEBUG [92088] [] finally
2021-08-31 18:55:47,512 DEBUG [92088] [] Request URI : /eccadmin_dev/null
2021-08-31 18:55:47,512 DEBUG [92088] [] nullController start
2021-08-31 18:55:47,513 DEBUG [92088] [] controllers/nullController.php: is not exist
2021-08-31 18:55:47,513 DEBUG [92088] [] finally
2021-08-31 18:55:47,580 DEBUG [92088] [] Request URI : /eccadmin_dev/Error/disp
2021-08-31 18:55:47,580 DEBUG [92088] [] ErrorController start
2021-08-31 18:55:47,580 DEBUG [92088] [] controllers/ErrorController.php: is exist
2021-08-31 18:55:47,581 DEBUG [92088] [] ErrorForm: is exist
2021-08-31 18:55:47,581 DEBUG [92088] [] ErrorForm: form value set 
2021-08-31 18:55:47,581 DEBUG [92088] [] ------------------------------/eccadmin_dev/Error/disp
2021-08-31 18:55:47,581 DEBUG [92088] [] ------------------------------login_start_check
2021-08-31 18:55:47,581 DEBUG [92088] [] dispAction start
2021-08-31 18:55:47,593 DEBUG [92088] [] dispAction end
2021-08-31 18:55:47,594 DEBUG [92088] [] ErrorController end
2021-08-31 18:55:47,594 DEBUG [92088] [] finally
2021-08-31 18:55:52,091 DEBUG [92088] [] Request URI : /eccadmin_dev/QuizRegist/index
2021-08-31 18:55:52,092 DEBUG [92088] [] QuizRegistController start
2021-08-31 18:55:52,092 DEBUG [92088] [] controllers/QuizRegistController.php: is exist
2021-08-31 18:55:52,093 DEBUG [92088] [] QuizRegistForm: is exist
2021-08-31 18:55:52,093 DEBUG [92088] [] QuizRegistForm: form value set 
2021-08-31 18:55:52,093 DEBUG [92088] [] ------------------------------/eccadmin_dev/QuizRegist/index
2021-08-31 18:55:52,094 DEBUG [92088] [] ------------------------------login_start_check
2021-08-31 18:55:52,094 DEBUG [92088] [] indexAction start
2021-08-31 18:55:52,094 DEBUG [92088] [] admin_no is 1
2021-08-31 18:55:52,095 DEBUG [92088] []  SELECT  distinct name  ,type FROM M_TYPE  WHERE  del_flg = '0'   AND category = '010'   ORDER BY  type ASC 
2021-08-31 18:55:52,185 DEBUG [92088] [] indexAction end
2021-08-31 18:55:52,186 DEBUG [92088] [] QuizRegistController end
2021-08-31 18:55:52,186 DEBUG [92088] [] finally
2021-08-31 18:55:52,548 DEBUG [92088] [] Request URI : /eccadmin_dev/QuizRegist/null
2021-08-31 18:55:52,549 DEBUG [92088] [] QuizRegistController start
2021-08-31 18:55:52,549 DEBUG [92088] [] controllers/QuizRegistController.php: is exist
2021-08-31 18:55:52,549 DEBUG [92088] [] QuizRegistForm: is exist
2021-08-31 18:55:52,549 DEBUG [92088] [] QuizRegistForm: form value set 
2021-08-31 18:55:52,550 DEBUG [92088] [] ------------------------------/eccadmin_dev/QuizRegist/null
2021-08-31 18:55:52,550 DEBUG [92088] [] ------------------------------login_start_check
2021-08-31 18:55:52,550 DEBUG [92088] [] nullAction start
2021-08-31 18:55:52,550 DEBUG [92088] [] rollback
2021-08-31 18:55:52,550 DEBUG [92088] [] finally
2021-08-31 18:55:52,578 DEBUG [92088] [] Request URI : /eccadmin_dev/Error/disp
2021-08-31 18:55:52,579 DEBUG [92088] [] ErrorController start
2021-08-31 18:55:52,579 DEBUG [92088] [] controllers/ErrorController.php: is exist
2021-08-31 18:55:52,579 DEBUG [92088] [] ErrorForm: is exist
2021-08-31 18:55:52,579 DEBUG [92088] [] ErrorForm: form value set 
2021-08-31 18:55:52,580 DEBUG [92088] [] ------------------------------/eccadmin_dev/Error/disp
2021-08-31 18:55:52,580 DEBUG [92088] [] ------------------------------login_start_check
2021-08-31 18:55:52,580 DEBUG [92088] [] dispAction start
2021-08-31 18:55:52,591 DEBUG [92088] [] dispAction end
2021-08-31 18:55:52,591 DEBUG [92088] [] ErrorController end
2021-08-31 18:55:52,591 DEBUG [92088] [] finally
2021-08-31 18:56:12,621 DEBUG [91281] [] Request URI : /eccadmin_dev/QuizRegist/null
2021-08-31 18:56:12,621 DEBUG [91281] [] QuizRegistController start
2021-08-31 18:56:12,621 DEBUG [91281] [] controllers/QuizRegistController.php: is exist
2021-08-31 18:56:12,622 DEBUG [91281] [] QuizRegistForm: is exist
2021-08-31 18:56:12,622 DEBUG [91281] [] QuizRegistForm: form value set 
2021-08-31 18:56:12,622 DEBUG [91281] [] ------------------------------/eccadmin_dev/QuizRegist/null
2021-08-31 18:56:12,622 DEBUG [91281] [] ------------------------------login_start_check
2021-08-31 18:56:12,622 DEBUG [91281] [] nullAction start
2021-08-31 18:56:12,623 DEBUG [91281] [] rollback
2021-08-31 18:56:12,623 DEBUG [91281] [] finally
2021-08-31 18:56:12,645 DEBUG [91281] [] Request URI : /eccadmin_dev/Error/disp
2021-08-31 18:56:12,645 DEBUG [91281] [] ErrorController start
2021-08-31 18:56:12,645 DEBUG [91281] [] controllers/ErrorController.php: is exist
2021-08-31 18:56:12,645 DEBUG [91281] [] ErrorForm: is exist
2021-08-31 18:56:12,645 DEBUG [91281] [] ErrorForm: form value set 
2021-08-31 18:56:12,646 DEBUG [91281] [] ------------------------------/eccadmin_dev/Error/disp
2021-08-31 18:56:12,646 DEBUG [91281] [] ------------------------------login_start_check
2021-08-31 18:56:12,646 DEBUG [91281] [] dispAction start
2021-08-31 18:56:12,656 DEBUG [91281] [] dispAction end
2021-08-31 18:56:12,656 DEBUG [91281] [] ErrorController end
2021-08-31 18:56:12,657 DEBUG [91281] [] finally
2021-08-31 19:00:31,221 DEBUG [91200] [] Request URI : /eccadmin_dev/Login
2021-08-31 19:00:31,221 DEBUG [91200] [] LoginController start
2021-08-31 19:00:31,221 DEBUG [91200] [] controllers/LoginController.php: is exist
2021-08-31 19:00:31,222 DEBUG [91200] [] LoginForm: is exist
2021-08-31 19:00:31,222 DEBUG [91200] [] LoginForm: form value set 
2021-08-31 19:00:31,222 DEBUG [91200] [] ------------------------------/eccadmin_dev/Login
2021-08-31 19:00:31,222 DEBUG [91200] [] ------------------------------login_start_check
2021-08-31 19:00:31,222 DEBUG [91200] [] indexAction start
2021-08-31 19:00:31,237 DEBUG [91200] [] indexAction end
2021-08-31 19:00:31,237 DEBUG [91200] [] LoginController end
2021-08-31 19:00:31,237 DEBUG [91200] [] finally
2021-08-31 19:00:34,145 DEBUG [91200] [] Request URI : /eccadmin_dev/Login/login
2021-08-31 19:00:34,146 DEBUG [91200] [] LoginController start
2021-08-31 19:00:34,146 DEBUG [91200] [] controllers/LoginController.php: is exist
2021-08-31 19:00:34,146 DEBUG [91200] [] LoginForm: is exist
2021-08-31 19:00:34,146 DEBUG [91200] [] LoginForm: form value set 
2021-08-31 19:00:34,147 DEBUG [91200] [] ------------------------------/eccadmin_dev/Login/login
2021-08-31 19:00:34,147 DEBUG [91200] [] ------------------------------login_start_check
2021-08-31 19:00:34,147 DEBUG [91200] [] loginAction start
2021-08-31 19:00:34,442 DEBUG [91200] [] loginAction end
2021-08-31 19:00:34,442 DEBUG [91200] [] LoginController end
2021-08-31 19:00:34,443 DEBUG [91200] [] finally
2021-08-31 19:00:34,466 DEBUG [91200] [] Request URI : /eccadmin_dev/Menu
2021-08-31 19:00:34,466 DEBUG [91200] [] MenuController start
2021-08-31 19:00:34,466 DEBUG [91200] [] controllers/MenuController.php: is exist
2021-08-31 19:00:34,466 DEBUG [91200] [] MenuForm: is exist
2021-08-31 19:00:34,466 DEBUG [91200] [] MenuForm: form value set 
2021-08-31 19:00:34,466 DEBUG [91200] [] ------------------------------/eccadmin_dev/Menu
2021-08-31 19:00:34,466 DEBUG [91200] [] ------------------------------login_start_check
2021-08-31 19:00:34,467 DEBUG [91200] [] indexAction start
2021-08-31 19:00:34,467 DEBUG [91200] [] admin_no is 1
2021-08-31 19:00:34,491 DEBUG [91200] [] indexAction end
2021-08-31 19:00:34,491 DEBUG [91200] [] MenuController end
2021-08-31 19:00:34,492 DEBUG [91200] [] finally
2021-08-31 19:00:37,164 DEBUG [91200] [] Request URI : /eccadmin_dev/QuizList
2021-08-31 19:00:37,164 DEBUG [91200] [] QuizListController start
2021-08-31 19:00:37,165 DEBUG [91200] [] controllers/QuizListController.php: is exist
2021-08-31 19:00:37,165 DEBUG [91200] [] QuizListForm: is exist
2021-08-31 19:00:37,165 DEBUG [91200] [] QuizListForm: form value set 
2021-08-31 19:00:37,165 DEBUG [91200] [] ------------------------------/eccadmin_dev/QuizList
2021-08-31 19:00:37,166 DEBUG [91200] [] indexAction start
2021-08-31 19:00:37,166 DEBUG [91200] [] admin_no is 1
2021-08-31 19:00:37,227 DEBUG [91200] [] indexAction end
2021-08-31 19:00:37,227 DEBUG [91200] [] QuizListController end
2021-08-31 19:00:37,228 DEBUG [91200] [] finally
2021-08-31 19:00:37,417 DEBUG [91200] [] Request URI : /eccadmin_dev/null
2021-08-31 19:00:37,417 DEBUG [91200] [] nullController start
2021-08-31 19:00:37,417 DEBUG [91200] [] controllers/nullController.php: is not exist
2021-08-31 19:00:37,417 DEBUG [91200] [] finally
2021-08-31 19:00:37,439 DEBUG [91200] [] Request URI : /eccadmin_dev/Error/disp
2021-08-31 19:00:37,439 DEBUG [91200] [] ErrorController start
2021-08-31 19:00:37,439 DEBUG [91200] [] controllers/ErrorController.php: is exist
2021-08-31 19:00:37,439 DEBUG [91200] [] ErrorForm: is exist
2021-08-31 19:00:37,439 DEBUG [91200] [] ErrorForm: form value set 
2021-08-31 19:00:37,440 DEBUG [91200] [] ------------------------------/eccadmin_dev/Error/disp
2021-08-31 19:00:37,440 DEBUG [91200] [] ------------------------------login_start_check
2021-08-31 19:00:37,440 DEBUG [91200] [] dispAction start
2021-08-31 19:00:37,450 DEBUG [91200] [] dispAction end
2021-08-31 19:00:37,450 DEBUG [91200] [] ErrorController end
2021-08-31 19:00:37,450 DEBUG [91200] [] finally
2021-08-31 19:00:38,030 DEBUG [91200] [] Request URI : /eccadmin_dev/null
2021-08-31 19:00:38,031 DEBUG [91200] [] nullController start
2021-08-31 19:00:38,031 DEBUG [91200] [] controllers/nullController.php: is not exist
2021-08-31 19:00:38,031 DEBUG [91200] [] finally
2021-08-31 19:00:38,084 DEBUG [91200] [] Request URI : /eccadmin_dev/Error/disp
2021-08-31 19:00:38,084 DEBUG [91200] [] ErrorController start
2021-08-31 19:00:38,084 DEBUG [91200] [] controllers/ErrorController.php: is exist
2021-08-31 19:00:38,084 DEBUG [91200] [] ErrorForm: is exist
2021-08-31 19:00:38,084 DEBUG [91200] [] ErrorForm: form value set 
2021-08-31 19:00:38,085 DEBUG [91200] [] ------------------------------/eccadmin_dev/Error/disp
2021-08-31 19:00:38,085 DEBUG [91200] [] ------------------------------login_start_check
2021-08-31 19:00:38,085 DEBUG [91200] [] dispAction start
2021-08-31 19:00:38,095 DEBUG [91200] [] dispAction end
2021-08-31 19:00:38,095 DEBUG [91200] [] ErrorController end
2021-08-31 19:00:38,096 DEBUG [91200] [] finally
2021-08-31 19:00:39,116 DEBUG [91200] [] Request URI : /eccadmin_dev/QuizRegist/index
2021-08-31 19:00:39,116 DEBUG [91200] [] QuizRegistController start
2021-08-31 19:00:39,116 DEBUG [91200] [] controllers/QuizRegistController.php: is exist
2021-08-31 19:00:39,116 DEBUG [91200] [] QuizRegistForm: is exist
2021-08-31 19:00:39,117 DEBUG [91200] [] QuizRegistForm: form value set 
2021-08-31 19:00:39,117 DEBUG [91200] [] ------------------------------/eccadmin_dev/QuizRegist/index
2021-08-31 19:00:39,117 DEBUG [91200] [] ------------------------------login_start_check
2021-08-31 19:00:39,117 DEBUG [91200] [] indexAction start
2021-08-31 19:00:39,118 DEBUG [91200] [] admin_no is 1
2021-08-31 19:00:39,118 DEBUG [91200] [] quiz_no
2021-08-31 19:00:39,120 DEBUG [91200] []  SELECT  distinct name  ,type FROM M_TYPE  WHERE  del_flg = '0'   AND category = '010'   ORDER BY  type ASC 
2021-08-31 19:00:39,218 DEBUG [91200] [] indexAction end
2021-08-31 19:00:39,218 DEBUG [91200] [] QuizRegistController end
2021-08-31 19:00:39,219 DEBUG [91200] [] finally
2021-08-31 19:00:40,890 DEBUG [91200] [] Request URI : /eccadmin_dev/QuizRegist/back
2021-08-31 19:00:40,890 DEBUG [91200] [] QuizRegistController start
2021-08-31 19:00:40,890 DEBUG [91200] [] controllers/QuizRegistController.php: is exist
2021-08-31 19:00:40,891 DEBUG [91200] [] QuizRegistForm: is exist
2021-08-31 19:00:40,891 DEBUG [91200] [] QuizRegistForm: form value set 
2021-08-31 19:00:40,891 DEBUG [91200] [] ------------------------------/eccadmin_dev/QuizRegist/back
2021-08-31 19:00:40,891 DEBUG [91200] [] ------------------------------login_start_check
2021-08-31 19:00:40,892 DEBUG [91200] [] backAction start
2021-08-31 19:00:40,892 DEBUG [91200] [] backAction end
2021-08-31 19:00:40,892 DEBUG [91200] [] QuizRegistController end
2021-08-31 19:00:40,892 DEBUG [91200] [] finally
2021-08-31 19:00:40,918 DEBUG [91200] [] Request URI : /eccadmin_dev/QuizList/Search
2021-08-31 19:00:40,918 DEBUG [91200] [] QuizListController start
2021-08-31 19:00:40,918 DEBUG [91200] [] controllers/QuizListController.php: is exist
2021-08-31 19:00:40,919 DEBUG [91200] [] QuizListForm: is exist
2021-08-31 19:00:40,919 DEBUG [91200] [] QuizListForm: form value set 
2021-08-31 19:00:40,919 DEBUG [91200] [] ------------------------------/eccadmin_dev/QuizList/Search
2021-08-31 19:00:40,919 DEBUG [91200] [] SearchAction start
2021-08-31 19:00:40,920 DEBUG [91200] [] admin_no is 1
2021-08-31 19:00:40,920 DEBUG [91200] [] org id : 99999
2021-08-31 19:00:40,978 DEBUG [91200] [] SearchAction end
2021-08-31 19:00:40,978 DEBUG [91200] [] QuizListController end
2021-08-31 19:00:40,979 DEBUG [91200] [] finally
2021-08-31 19:00:41,191 DEBUG [91200] [] Request URI : /eccadmin_dev/QuizList/null
2021-08-31 19:00:41,191 DEBUG [91200] [] QuizListController start
2021-08-31 19:00:41,192 DEBUG [91200] [] controllers/QuizListController.php: is exist
2021-08-31 19:00:41,192 DEBUG [91200] [] QuizListForm: is exist
2021-08-31 19:00:41,192 DEBUG [91200] [] QuizListForm: form value set 
2021-08-31 19:00:41,192 DEBUG [91200] [] ------------------------------/eccadmin_dev/QuizList/null
2021-08-31 19:00:41,193 DEBUG [91200] [] nullAction start
2021-08-31 19:00:41,193 DEBUG [91200] [] rollback
2021-08-31 19:00:41,193 DEBUG [91200] [] finally
2021-08-31 19:00:41,258 DEBUG [91200] [] Request URI : /eccadmin_dev/Error/disp
2021-08-31 19:00:41,259 DEBUG [91200] [] ErrorController start
2021-08-31 19:00:41,259 DEBUG [91200] [] controllers/ErrorController.php: is exist
2021-08-31 19:00:41,259 DEBUG [91200] [] ErrorForm: is exist
2021-08-31 19:00:41,259 DEBUG [91200] [] ErrorForm: form value set 
2021-08-31 19:00:41,260 DEBUG [91200] [] ------------------------------/eccadmin_dev/Error/disp
2021-08-31 19:00:41,260 DEBUG [91200] [] ------------------------------login_start_check
2021-08-31 19:00:41,260 DEBUG [91200] [] dispAction start
2021-08-31 19:00:41,271 DEBUG [91200] [] dispAction end
2021-08-31 19:00:41,271 DEBUG [91200] [] ErrorController end
2021-08-31 19:00:41,271 DEBUG [91200] [] finally
2021-08-31 19:00:43,784 DEBUG [91200] [] Request URI : /eccadmin_dev/QuizRegist/index
2021-08-31 19:00:43,784 DEBUG [91200] [] QuizRegistController start
2021-08-31 19:00:43,784 DEBUG [91200] [] controllers/QuizRegistController.php: is exist
2021-08-31 19:00:43,785 DEBUG [91200] [] QuizRegistForm: is exist
2021-08-31 19:00:43,785 DEBUG [91200] [] QuizRegistForm: form value set 
2021-08-31 19:00:43,785 DEBUG [91200] [] ------------------------------/eccadmin_dev/QuizRegist/index
2021-08-31 19:00:43,785 DEBUG [91200] [] ------------------------------login_start_check
2021-08-31 19:00:43,785 DEBUG [91200] [] indexAction start
2021-08-31 19:00:43,786 DEBUG [91200] [] admin_no is 1
2021-08-31 19:00:43,787 DEBUG [91200] []  SELECT  distinct name  ,type FROM M_TYPE  WHERE  del_flg = '0'   AND category = '010'   ORDER BY  type ASC 
2021-08-31 19:00:43,880 DEBUG [91200] [] indexAction end
2021-08-31 19:00:43,880 DEBUG [91200] [] QuizRegistController end
2021-08-31 19:00:43,880 DEBUG [91200] [] finally
2021-08-31 19:00:44,166 DEBUG [91200] [] Request URI : /eccadmin_dev/QuizRegist/null
2021-08-31 19:00:44,166 DEBUG [91200] [] QuizRegistController start
2021-08-31 19:00:44,166 DEBUG [91200] [] controllers/QuizRegistController.php: is exist
2021-08-31 19:00:44,166 DEBUG [91200] [] QuizRegistForm: is exist
2021-08-31 19:00:44,167 DEBUG [91200] [] QuizRegistForm: form value set 
2021-08-31 19:00:44,167 DEBUG [91200] [] ------------------------------/eccadmin_dev/QuizRegist/null
2021-08-31 19:00:44,167 DEBUG [91200] [] ------------------------------login_start_check
2021-08-31 19:00:44,167 DEBUG [91200] [] nullAction start
2021-08-31 19:00:44,167 DEBUG [91200] [] rollback
2021-08-31 19:00:44,168 DEBUG [91200] [] finally
2021-08-31 19:00:44,196 DEBUG [91200] [] Request URI : /eccadmin_dev/Error/disp
2021-08-31 19:00:44,197 DEBUG [91200] [] ErrorController start
2021-08-31 19:00:44,197 DEBUG [91200] [] controllers/ErrorController.php: is exist
2021-08-31 19:00:44,197 DEBUG [91200] [] ErrorForm: is exist
2021-08-31 19:00:44,197 DEBUG [91200] [] ErrorForm: form value set 
2021-08-31 19:00:44,197 DEBUG [91200] [] ------------------------------/eccadmin_dev/Error/disp
2021-08-31 19:00:44,197 DEBUG [91200] [] ------------------------------login_start_check
2021-08-31 19:00:44,198 DEBUG [91200] [] dispAction start
2021-08-31 19:00:44,208 DEBUG [91200] [] dispAction end
2021-08-31 19:00:44,208 DEBUG [91200] [] ErrorController end
2021-08-31 19:00:44,208 DEBUG [91200] [] finally
2021-08-31 19:01:08,697 DEBUG [91418] [] Request URI : /eccadmin_dev/QuizRegist/null
2021-08-31 19:01:08,698 DEBUG [91418] [] QuizRegistController start
2021-08-31 19:01:08,698 DEBUG [91418] [] controllers/QuizRegistController.php: is exist
2021-08-31 19:01:08,698 DEBUG [91418] [] QuizRegistForm: is exist
2021-08-31 19:01:08,699 DEBUG [91418] [] QuizRegistForm: form value set 
2021-08-31 19:01:08,699 DEBUG [91418] [] ------------------------------/eccadmin_dev/QuizRegist/null
2021-08-31 19:01:08,699 DEBUG [91418] [] ------------------------------login_start_check
2021-08-31 19:01:08,699 DEBUG [91418] [] nullAction start
2021-08-31 19:01:08,699 DEBUG [91418] [] rollback
2021-08-31 19:01:08,699 DEBUG [91418] [] finally
2021-08-31 19:01:08,716 DEBUG [91418] [] Request URI : /eccadmin_dev/Error/disp
2021-08-31 19:01:08,717 DEBUG [91418] [] ErrorController start
2021-08-31 19:01:08,717 DEBUG [91418] [] controllers/ErrorController.php: is exist
2021-08-31 19:01:08,717 DEBUG [91418] [] ErrorForm: is exist
2021-08-31 19:01:08,717 DEBUG [91418] [] ErrorForm: form value set 
2021-08-31 19:01:08,717 DEBUG [91418] [] ------------------------------/eccadmin_dev/Error/disp
2021-08-31 19:01:08,718 DEBUG [91418] [] ------------------------------login_start_check
2021-08-31 19:01:08,718 DEBUG [91418] [] dispAction start
2021-08-31 19:01:08,729 DEBUG [91418] [] dispAction end
2021-08-31 19:01:08,729 DEBUG [91418] [] ErrorController end
2021-08-31 19:01:08,729 DEBUG [91418] [] finally
2021-08-31 19:01:17,292 DEBUG [91281] [] Request URI : /eccadmin_dev/QuizRegist/null
2021-08-31 19:01:17,293 DEBUG [91281] [] QuizRegistController start
2021-08-31 19:01:17,293 DEBUG [91281] [] controllers/QuizRegistController.php: is exist
2021-08-31 19:01:17,293 DEBUG [91281] [] QuizRegistForm: is exist
2021-08-31 19:01:17,293 DEBUG [91281] [] QuizRegistForm: form value set 
2021-08-31 19:01:17,294 DEBUG [91281] [] ------------------------------/eccadmin_dev/QuizRegist/null
2021-08-31 19:01:17,294 DEBUG [91281] [] ------------------------------login_start_check
2021-08-31 19:01:17,294 DEBUG [91281] [] nullAction start
2021-08-31 19:01:17,294 DEBUG [91281] [] rollback
2021-08-31 19:01:17,294 DEBUG [91281] [] finally
2021-08-31 19:01:17,337 DEBUG [91281] [] Request URI : /eccadmin_dev/Error/disp
2021-08-31 19:01:17,337 DEBUG [91281] [] ErrorController start
2021-08-31 19:01:17,337 DEBUG [91281] [] controllers/ErrorController.php: is exist
2021-08-31 19:01:17,337 DEBUG [91281] [] ErrorForm: is exist
2021-08-31 19:01:17,337 DEBUG [91281] [] ErrorForm: form value set 
2021-08-31 19:01:17,338 DEBUG [91281] [] ------------------------------/eccadmin_dev/Error/disp
2021-08-31 19:01:17,338 DEBUG [91281] [] ------------------------------login_start_check
2021-08-31 19:01:17,338 DEBUG [91281] [] dispAction start
2021-08-31 19:01:17,349 DEBUG [91281] [] dispAction end
2021-08-31 19:01:17,349 DEBUG [91281] [] ErrorController end
2021-08-31 19:01:17,349 DEBUG [91281] [] finally
2021-08-31 19:02:34,971 DEBUG [91462] [] Request URI : /eccadmin_dev/Menu
2021-08-31 19:02:34,972 DEBUG [91462] [] MenuController start
2021-08-31 19:02:34,972 DEBUG [91462] [] controllers/MenuController.php: is exist
2021-08-31 19:02:34,972 DEBUG [91462] [] MenuForm: is exist
2021-08-31 19:02:34,972 DEBUG [91462] [] MenuForm: form value set 
2021-08-31 19:02:34,973 DEBUG [91462] [] ------------------------------/eccadmin_dev/Menu
2021-08-31 19:02:34,973 DEBUG [91462] [] ------------------------------login_start_check
2021-08-31 19:02:34,973 DEBUG [91462] [] indexAction start
2021-08-31 19:02:34,973 DEBUG [91462] [] admin_no is 
2021-08-31 19:02:34,973 DEBUG [91462] [] indexAction end
2021-08-31 19:02:34,974 DEBUG [91462] [] MenuController end
2021-08-31 19:02:34,974 DEBUG [91462] [] finally
2021-08-31 19:02:34,992 DEBUG [91462] [] Request URI : /eccadmin_dev/Error/disp
2021-08-31 19:02:34,993 DEBUG [91462] [] ErrorController start
2021-08-31 19:02:34,993 DEBUG [91462] [] controllers/ErrorController.php: is exist
2021-08-31 19:02:34,993 DEBUG [91462] [] ErrorForm: is exist
2021-08-31 19:02:34,993 DEBUG [91462] [] ErrorForm: form value set 
2021-08-31 19:02:34,994 DEBUG [91462] [] ------------------------------/eccadmin_dev/Error/disp
2021-08-31 19:02:34,994 DEBUG [91462] [] ------------------------------login_start_check
2021-08-31 19:02:34,994 DEBUG [91462] [] dispAction start
2021-08-31 19:02:35,005 DEBUG [91462] [] dispAction end
2021-08-31 19:02:35,005 DEBUG [91462] [] ErrorController end
2021-08-31 19:02:35,005 DEBUG [91462] [] finally
2021-08-31 19:02:36,183 DEBUG [91188] [] Request URI : /eccadmin_dev/Login
2021-08-31 19:02:36,184 DEBUG [91188] [] LoginController start
2021-08-31 19:02:36,184 DEBUG [91188] [] controllers/LoginController.php: is exist
2021-08-31 19:02:36,184 DEBUG [91188] [] LoginForm: is exist
2021-08-31 19:02:36,184 DEBUG [91188] [] LoginForm: form value set 
2021-08-31 19:02:36,185 DEBUG [91188] [] ------------------------------/eccadmin_dev/Login
2021-08-31 19:02:36,185 DEBUG [91188] [] ------------------------------login_start_check
2021-08-31 19:02:36,185 DEBUG [91188] [] indexAction start
2021-08-31 19:02:36,199 DEBUG [91188] [] indexAction end
2021-08-31 19:02:36,200 DEBUG [91188] [] LoginController end
2021-08-31 19:02:36,200 DEBUG [91188] [] finally
2021-08-31 19:02:38,528 DEBUG [90543] [] Request URI : /eccadmin_dev/Login/login
2021-08-31 19:02:38,529 DEBUG [90543] [] LoginController start
2021-08-31 19:02:38,529 DEBUG [90543] [] controllers/LoginController.php: is exist
2021-08-31 19:02:38,529 DEBUG [90543] [] LoginForm: is exist
2021-08-31 19:02:38,529 DEBUG [90543] [] LoginForm: form value set 
2021-08-31 19:02:38,530 DEBUG [90543] [] ------------------------------/eccadmin_dev/Login/login
2021-08-31 19:02:38,530 DEBUG [90543] [] ------------------------------login_start_check
2021-08-31 19:02:38,530 DEBUG [90543] [] loginAction start
2021-08-31 19:02:38,838 DEBUG [90543] [] loginAction end
2021-08-31 19:02:38,839 DEBUG [90543] [] LoginController end
2021-08-31 19:02:38,839 DEBUG [90543] [] finally
2021-08-31 19:02:38,857 DEBUG [90543] [] Request URI : /eccadmin_dev/Menu
2021-08-31 19:02:38,857 DEBUG [90543] [] MenuController start
2021-08-31 19:02:38,857 DEBUG [90543] [] controllers/MenuController.php: is exist
2021-08-31 19:02:38,857 DEBUG [90543] [] MenuForm: is exist
2021-08-31 19:02:38,857 DEBUG [90543] [] MenuForm: form value set 
2021-08-31 19:02:38,858 DEBUG [90543] [] ------------------------------/eccadmin_dev/Menu
2021-08-31 19:02:38,858 DEBUG [90543] [] ------------------------------login_start_check
2021-08-31 19:02:38,858 DEBUG [90543] [] indexAction start
2021-08-31 19:02:38,858 DEBUG [90543] [] admin_no is 1
2021-08-31 19:02:38,883 DEBUG [90543] [] indexAction end
2021-08-31 19:02:38,883 DEBUG [90543] [] MenuController end
2021-08-31 19:02:38,884 DEBUG [90543] [] finally
2021-08-31 19:02:42,322 DEBUG [91462] [] Request URI : /eccadmin_dev/QuizList
2021-08-31 19:02:42,323 DEBUG [91462] [] QuizListController start
2021-08-31 19:02:42,323 DEBUG [91462] [] controllers/QuizListController.php: is exist
2021-08-31 19:02:42,323 DEBUG [91462] [] QuizListForm: is exist
2021-08-31 19:02:42,323 DEBUG [91462] [] QuizListForm: form value set 
2021-08-31 19:02:42,324 DEBUG [91462] [] ------------------------------/eccadmin_dev/QuizList
2021-08-31 19:02:42,324 DEBUG [91462] [] indexAction start
2021-08-31 19:02:42,324 DEBUG [91462] [] admin_no is 1
2021-08-31 19:02:42,388 DEBUG [91462] [] indexAction end
2021-08-31 19:02:42,388 DEBUG [91462] [] QuizListController end
2021-08-31 19:02:42,388 DEBUG [91462] [] finally
2021-08-31 19:02:42,541 DEBUG [90543] [] Request URI : /eccadmin_dev/null
2021-08-31 19:02:42,542 DEBUG [90543] [] nullController start
2021-08-31 19:02:42,542 DEBUG [90543] [] controllers/nullController.php: is not exist
2021-08-31 19:02:42,542 DEBUG [90543] [] finally
2021-08-31 19:02:42,560 DEBUG [90543] [] Request URI : /eccadmin_dev/Error/disp
2021-08-31 19:02:42,560 DEBUG [90543] [] ErrorController start
2021-08-31 19:02:42,560 DEBUG [90543] [] controllers/ErrorController.php: is exist
2021-08-31 19:02:42,561 DEBUG [90543] [] ErrorForm: is exist
2021-08-31 19:02:42,561 DEBUG [90543] [] ErrorForm: form value set 
2021-08-31 19:02:42,561 DEBUG [90543] [] ------------------------------/eccadmin_dev/Error/disp
2021-08-31 19:02:42,561 DEBUG [90543] [] ------------------------------login_start_check
2021-08-31 19:02:42,561 DEBUG [90543] [] dispAction start
2021-08-31 19:02:42,571 DEBUG [90543] [] dispAction end
2021-08-31 19:02:42,571 DEBUG [90543] [] ErrorController end
2021-08-31 19:02:42,571 DEBUG [90543] [] finally
2021-08-31 19:02:43,155 DEBUG [91460] [] Request URI : /eccadmin_dev/null
2021-08-31 19:02:43,156 DEBUG [91460] [] nullController start
2021-08-31 19:02:43,156 DEBUG [91460] [] controllers/nullController.php: is not exist
2021-08-31 19:02:43,156 DEBUG [91460] [] finally
2021-08-31 19:02:43,231 DEBUG [91460] [] Request URI : /eccadmin_dev/Error/disp
2021-08-31 19:02:43,231 DEBUG [91460] [] ErrorController start
2021-08-31 19:02:43,232 DEBUG [91460] [] controllers/ErrorController.php: is exist
2021-08-31 19:02:43,232 DEBUG [91460] [] ErrorForm: is exist
2021-08-31 19:02:43,232 DEBUG [91460] [] ErrorForm: form value set 
2021-08-31 19:02:43,232 DEBUG [91460] [] ------------------------------/eccadmin_dev/Error/disp
2021-08-31 19:02:43,232 DEBUG [91460] [] ------------------------------login_start_check
2021-08-31 19:02:43,232 DEBUG [91460] [] dispAction start
2021-08-31 19:02:43,244 DEBUG [91460] [] dispAction end
2021-08-31 19:02:43,244 DEBUG [91460] [] ErrorController end
2021-08-31 19:02:43,244 DEBUG [91460] [] finally
2021-08-31 19:02:45,843 DEBUG [91460] [] Request URI : /eccadmin_dev/QuizRegist/index
2021-08-31 19:02:45,844 DEBUG [91460] [] QuizRegistController start
2021-08-31 19:02:45,844 DEBUG [91460] [] controllers/QuizRegistController.php: is exist
2021-08-31 19:02:45,844 DEBUG [91460] [] QuizRegistForm: is exist
2021-08-31 19:02:45,844 DEBUG [91460] [] QuizRegistForm: form value set 
2021-08-31 19:02:45,845 DEBUG [91460] [] ------------------------------/eccadmin_dev/QuizRegist/index
2021-08-31 19:02:45,845 DEBUG [91460] [] ------------------------------login_start_check
2021-08-31 19:02:45,845 DEBUG [91460] [] indexAction start
2021-08-31 19:02:45,845 DEBUG [91460] [] admin_no is 1
2021-08-31 19:02:45,847 DEBUG [91460] []  SELECT  distinct name  ,type FROM M_TYPE  WHERE  del_flg = '0'   AND category = '010'   ORDER BY  type ASC 
2021-08-31 19:02:45,943 DEBUG [91460] [] indexAction end
2021-08-31 19:02:45,943 DEBUG [91460] [] QuizRegistController end
2021-08-31 19:02:45,943 DEBUG [91460] [] finally
2021-08-31 19:02:46,552 DEBUG [91460] [] Request URI : /eccadmin_dev/QuizRegist/null
2021-08-31 19:02:46,553 DEBUG [91460] [] QuizRegistController start
2021-08-31 19:02:46,553 DEBUG [91460] [] controllers/QuizRegistController.php: is exist
2021-08-31 19:02:46,553 DEBUG [91460] [] QuizRegistForm: is exist
2021-08-31 19:02:46,553 DEBUG [91460] [] QuizRegistForm: form value set 
2021-08-31 19:02:46,553 DEBUG [91460] [] ------------------------------/eccadmin_dev/QuizRegist/null
2021-08-31 19:02:46,554 DEBUG [91460] [] ------------------------------login_start_check
2021-08-31 19:02:46,554 DEBUG [91460] [] nullAction start
2021-08-31 19:02:46,554 DEBUG [91460] [] rollback
2021-08-31 19:02:46,554 DEBUG [91460] [] finally
2021-08-31 19:02:46,617 DEBUG [91460] [] Request URI : /eccadmin_dev/Error/disp
2021-08-31 19:02:46,617 DEBUG [91460] [] ErrorController start
2021-08-31 19:02:46,617 DEBUG [91460] [] controllers/ErrorController.php: is exist
2021-08-31 19:02:46,618 DEBUG [91460] [] ErrorForm: is exist
2021-08-31 19:02:46,618 DEBUG [91460] [] ErrorForm: form value set 
2021-08-31 19:02:46,618 DEBUG [91460] [] ------------------------------/eccadmin_dev/Error/disp
2021-08-31 19:02:46,618 DEBUG [91460] [] ------------------------------login_start_check
2021-08-31 19:02:46,618 DEBUG [91460] [] dispAction start
2021-08-31 19:02:46,629 DEBUG [91460] [] dispAction end
2021-08-31 19:02:46,629 DEBUG [91460] [] ErrorController end
2021-08-31 19:02:46,629 DEBUG [91460] [] finally
2021-08-31 19:03:58,614 DEBUG [90543] [] Request URI : /eccadmin_dev/TestRegist
2021-08-31 19:03:58,615 DEBUG [90543] [] TestRegistController start
2021-08-31 19:03:58,615 DEBUG [90543] [] controllers/TestRegistController.php: is exist
2021-08-31 19:03:58,615 DEBUG [90543] [] TestRegistForm: is exist
2021-08-31 19:03:58,616 DEBUG [90543] [] TestRegistForm: form value set 
2021-08-31 19:03:58,616 DEBUG [90543] [] ------------------------------/eccadmin_dev/TestRegist
2021-08-31 19:03:58,616 DEBUG [90543] [] ------------------------------session_check_false:uid=6b79d5616563aabd03f9455415a97448-----&-----6d30810c0ffce0b0700e051e1bb9be76
2021-08-31 19:03:58,616 DEBUG [90543] [] indexAction start
2021-08-31 19:03:58,617 DEBUG [90543] [] admin_no is 1
2021-08-31 19:03:58,617 DEBUG [90543] [] org_no : 
2021-08-31 19:03:58,617 DEBUG [90543] [] test_no
2021-08-31 19:03:58,703 DEBUG [90543] [] indexAction end
2021-08-31 19:03:58,703 DEBUG [90543] [] TestRegistController end
2021-08-31 19:03:58,703 DEBUG [90543] [] finally
2021-08-31 19:03:58,757 DEBUG [91188] [] Request URI : /eccadmin_dev/Error/disp
2021-08-31 19:03:58,757 DEBUG [91188] [] ErrorController start
2021-08-31 19:03:58,757 DEBUG [91188] [] controllers/ErrorController.php: is exist
2021-08-31 19:03:58,757 DEBUG [91188] [] ErrorForm: is exist
2021-08-31 19:03:58,757 DEBUG [91188] [] ErrorForm: form value set 
2021-08-31 19:03:58,758 DEBUG [91188] [] ------------------------------/eccadmin_dev/Error/disp
2021-08-31 19:03:58,758 DEBUG [91188] [] ------------------------------login_start_check
2021-08-31 19:03:58,758 DEBUG [91188] [] dispAction start
2021-08-31 19:03:58,767 DEBUG [91188] [] dispAction end
2021-08-31 19:03:58,767 DEBUG [91188] [] ErrorController end
2021-08-31 19:03:58,767 DEBUG [91188] [] finally
2021-08-31 19:04:00,085 DEBUG [91188] [] Request URI : /eccadmin_dev/Login
2021-08-31 19:04:00,086 DEBUG [91188] [] LoginController start
2021-08-31 19:04:00,086 DEBUG [91188] [] controllers/LoginController.php: is exist
2021-08-31 19:04:00,086 DEBUG [91188] [] LoginForm: is exist
2021-08-31 19:04:00,086 DEBUG [91188] [] LoginForm: form value set 
2021-08-31 19:04:00,086 DEBUG [91188] [] ------------------------------/eccadmin_dev/Login
2021-08-31 19:04:00,086 DEBUG [91188] [] ------------------------------login_start_check
2021-08-31 19:04:00,087 DEBUG [91188] [] indexAction start
2021-08-31 19:04:00,101 DEBUG [91188] [] indexAction end
2021-08-31 19:04:00,101 DEBUG [91188] [] LoginController end
2021-08-31 19:04:00,101 DEBUG [91188] [] finally
2021-08-31 19:04:12,711 DEBUG [91462] [] Request URI : /eccadmin_dev/Login/login
2021-08-31 19:04:12,711 DEBUG [91462] [] LoginController start
2021-08-31 19:04:12,711 DEBUG [91462] [] controllers/LoginController.php: is exist
2021-08-31 19:04:12,712 DEBUG [91462] [] LoginForm: is exist
2021-08-31 19:04:12,712 DEBUG [91462] [] LoginForm: form value set 
2021-08-31 19:04:12,712 DEBUG [91462] [] ------------------------------/eccadmin_dev/Login/login
2021-08-31 19:04:12,712 DEBUG [91462] [] ------------------------------login_start_check
2021-08-31 19:04:12,713 DEBUG [91462] [] loginAction start
2021-08-31 19:04:13,012 DEBUG [91462] [] loginAction end
2021-08-31 19:04:13,012 DEBUG [91462] [] LoginController end
2021-08-31 19:04:13,012 DEBUG [91462] [] finally
2021-08-31 19:04:13,034 DEBUG [91462] [] Request URI : /eccadmin_dev/Menu
2021-08-31 19:04:13,035 DEBUG [91462] [] MenuController start
2021-08-31 19:04:13,035 DEBUG [91462] [] controllers/MenuController.php: is exist
2021-08-31 19:04:13,035 DEBUG [91462] [] MenuForm: is exist
2021-08-31 19:04:13,035 DEBUG [91462] [] MenuForm: form value set 
2021-08-31 19:04:13,035 DEBUG [91462] [] ------------------------------/eccadmin_dev/Menu
2021-08-31 19:04:13,035 DEBUG [91462] [] ------------------------------login_start_check
2021-08-31 19:04:13,035 DEBUG [91462] [] indexAction start
2021-08-31 19:04:13,035 DEBUG [91462] [] admin_no is 1
2021-08-31 19:04:13,060 DEBUG [91462] [] indexAction end
2021-08-31 19:04:13,060 DEBUG [91462] [] MenuController end
2021-08-31 19:04:13,060 DEBUG [91462] [] finally
2021-08-31 19:04:38,544 DEBUG [91200] [] Request URI : /eccadmin_dev/QuizList
2021-08-31 19:04:38,545 DEBUG [91200] [] QuizListController start
2021-08-31 19:04:38,545 DEBUG [91200] [] controllers/QuizListController.php: is exist
2021-08-31 19:04:38,545 DEBUG [91200] [] QuizListForm: is exist
2021-08-31 19:04:38,545 DEBUG [91200] [] QuizListForm: form value set 
2021-08-31 19:04:38,546 DEBUG [91200] [] ------------------------------/eccadmin_dev/QuizList
2021-08-31 19:04:38,546 DEBUG [91200] [] indexAction start
2021-08-31 19:04:38,546 DEBUG [91200] [] admin_no is 1
2021-08-31 19:04:38,608 DEBUG [91200] [] indexAction end
2021-08-31 19:04:38,608 DEBUG [91200] [] QuizListController end
2021-08-31 19:04:38,608 DEBUG [91200] [] finally
2021-08-31 19:04:38,802 DEBUG [91200] [] Request URI : /eccadmin_dev/null
2021-08-31 19:04:38,802 DEBUG [91200] [] nullController start
2021-08-31 19:04:38,802 DEBUG [91200] [] controllers/nullController.php: is not exist
2021-08-31 19:04:38,802 DEBUG [91200] [] finally
2021-08-31 19:04:38,965 DEBUG [91200] [] Request URI : /eccadmin_dev/Error/disp
2021-08-31 19:04:38,966 DEBUG [91200] [] ErrorController start
2021-08-31 19:04:38,966 DEBUG [91200] [] controllers/ErrorController.php: is exist
2021-08-31 19:04:38,966 DEBUG [91200] [] ErrorForm: is exist
2021-08-31 19:04:38,966 DEBUG [91200] [] ErrorForm: form value set 
2021-08-31 19:04:38,967 DEBUG [91200] [] ------------------------------/eccadmin_dev/Error/disp
2021-08-31 19:04:38,967 DEBUG [91200] [] ------------------------------login_start_check
2021-08-31 19:04:38,967 DEBUG [91200] [] dispAction start
2021-08-31 19:04:38,978 DEBUG [91200] [] dispAction end
2021-08-31 19:04:38,978 DEBUG [91200] [] ErrorController end
2021-08-31 19:04:38,978 DEBUG [91200] [] finally
2021-08-31 19:04:42,117 DEBUG [91200] [] Request URI : /eccadmin_dev/QuizRegist/index
2021-08-31 19:04:42,117 DEBUG [91200] [] QuizRegistController start
2021-08-31 19:04:42,118 DEBUG [91200] [] controllers/QuizRegistController.php: is exist
2021-08-31 19:04:42,118 DEBUG [91200] [] QuizRegistForm: is exist
2021-08-31 19:04:42,118 DEBUG [91200] [] QuizRegistForm: form value set 
2021-08-31 19:04:42,119 DEBUG [91200] [] ------------------------------/eccadmin_dev/QuizRegist/index
2021-08-31 19:04:42,119 DEBUG [91200] [] ------------------------------login_start_check
2021-08-31 19:04:42,119 DEBUG [91200] [] indexAction start
2021-08-31 19:04:42,119 DEBUG [91200] [] admin_no is 1
2021-08-31 19:04:42,120 DEBUG [91200] []  SELECT  distinct name  ,type FROM M_TYPE  WHERE  del_flg = '0'   AND category = '010'   ORDER BY  type ASC 
2021-08-31 19:04:42,213 DEBUG [91200] [] indexAction end
2021-08-31 19:04:42,214 DEBUG [91200] [] QuizRegistController end
2021-08-31 19:04:42,214 DEBUG [91200] [] finally
2021-08-31 19:04:42,658 DEBUG [91200] [] Request URI : /eccadmin_dev/QuizRegist/null
2021-08-31 19:04:42,658 DEBUG [91200] [] QuizRegistController start
2021-08-31 19:04:42,658 DEBUG [91200] [] controllers/QuizRegistController.php: is exist
2021-08-31 19:04:42,658 DEBUG [91200] [] QuizRegistForm: is exist
2021-08-31 19:04:42,659 DEBUG [91200] [] QuizRegistForm: form value set 
2021-08-31 19:04:42,659 DEBUG [91200] [] ------------------------------/eccadmin_dev/QuizRegist/null
2021-08-31 19:04:42,659 DEBUG [91200] [] ------------------------------login_start_check
2021-08-31 19:04:42,659 DEBUG [91200] [] nullAction start
2021-08-31 19:04:42,659 DEBUG [91200] [] rollback
2021-08-31 19:04:42,660 DEBUG [91200] [] finally
2021-08-31 19:04:42,710 DEBUG [91200] [] Request URI : /eccadmin_dev/Error/disp
2021-08-31 19:04:42,711 DEBUG [91200] [] ErrorController start
2021-08-31 19:04:42,711 DEBUG [91200] [] controllers/ErrorController.php: is exist
2021-08-31 19:04:42,711 DEBUG [91200] [] ErrorForm: is exist
2021-08-31 19:04:42,711 DEBUG [91200] [] ErrorForm: form value set 
2021-08-31 19:04:42,712 DEBUG [91200] [] ------------------------------/eccadmin_dev/Error/disp
2021-08-31 19:04:42,712 DEBUG [91200] [] ------------------------------login_start_check
2021-08-31 19:04:42,712 DEBUG [91200] [] dispAction start
2021-08-31 19:04:42,722 DEBUG [91200] [] dispAction end
2021-08-31 19:04:42,722 DEBUG [91200] [] ErrorController end
2021-08-31 19:04:42,723 DEBUG [91200] [] finally
2021-08-31 19:04:47,809 DEBUG [91172] [] Request URI : /eccadmin_dev/TestRegist
2021-08-31 19:04:47,809 DEBUG [91172] [] TestRegistController start
2021-08-31 19:04:47,809 DEBUG [91172] [] controllers/TestRegistController.php: is exist
2021-08-31 19:04:47,810 DEBUG [91172] [] TestRegistForm: is exist
2021-08-31 19:04:47,810 DEBUG [91172] [] TestRegistForm: form value set 
2021-08-31 19:04:47,810 DEBUG [91172] [] ------------------------------/eccadmin_dev/TestRegist
2021-08-31 19:04:47,811 DEBUG [91172] [] ------------------------------session_check_false:uid=5180ea819bb85db9d6316bda73322907-----&-----4c64bc9ea386359544733291e2e7f289
2021-08-31 19:04:47,811 DEBUG [91172] [] indexAction start
2021-08-31 19:04:47,811 DEBUG [91172] [] admin_no is 1
2021-08-31 19:04:47,811 DEBUG [91172] [] org_no : 
2021-08-31 19:04:47,812 DEBUG [91172] [] test_no
2021-08-31 19:04:47,896 DEBUG [91172] [] indexAction end
2021-08-31 19:04:47,896 DEBUG [91172] [] TestRegistController end
2021-08-31 19:04:47,896 DEBUG [91172] [] finally
2021-08-31 19:04:47,942 DEBUG [91418] [] Request URI : /eccadmin_dev/Error/disp
2021-08-31 19:04:47,943 DEBUG [91418] [] ErrorController start
2021-08-31 19:04:47,943 DEBUG [91418] [] controllers/ErrorController.php: is exist
2021-08-31 19:04:47,943 DEBUG [91418] [] ErrorForm: is exist
2021-08-31 19:04:47,943 DEBUG [91418] [] ErrorForm: form value set 
2021-08-31 19:04:47,944 DEBUG [91418] [] ------------------------------/eccadmin_dev/Error/disp
2021-08-31 19:04:47,944 DEBUG [91418] [] ------------------------------login_start_check
2021-08-31 19:04:47,944 DEBUG [91418] [] dispAction start
2021-08-31 19:04:47,954 DEBUG [91418] [] dispAction end
2021-08-31 19:04:47,954 DEBUG [91418] [] ErrorController end
2021-08-31 19:04:47,955 DEBUG [91418] [] finally
