2020-08-15 21:29:18,147 DEBUG [62442] [] Request URI : /eccadmin_dev/Login
2020-08-15 21:29:18,169 DEBUG [62442] [] LoginController start
2020-08-15 21:29:18,169 DEBUG [62442] [] controllers/LoginController.php: is exist
2020-08-15 21:29:18,170 DEBUG [62442] [] LoginForm: is exist
2020-08-15 21:29:18,170 DEBUG [62442] [] LoginForm: form value set 
2020-08-15 21:29:18,170 DEBUG [62442] [] ------------------------------/eccadmin_dev/Login
2020-08-15 21:29:18,170 DEBUG [62442] [] ------------------------------login_start_check
2020-08-15 21:29:18,171 DEBUG [62442] [] indexAction start
2020-08-15 21:29:18,203 DEBUG [62442] [] indexAction end
2020-08-15 21:29:18,203 DEBUG [62442] [] LoginController end
2020-08-15 21:29:18,204 DEBUG [62442] [] finally
2020-08-15 21:30:49,825 DEBUG [52549] [] Request URI : /eccadmin_dev/Login
2020-08-15 21:30:49,826 DEBUG [52549] [] LoginController start
2020-08-15 21:30:49,826 DEBUG [52549] [] controllers/LoginController.php: is exist
2020-08-15 21:30:49,826 DEBUG [52549] [] LoginForm: is exist
2020-08-15 21:30:49,826 DEBUG [52549] [] LoginForm: form value set 
2020-08-15 21:30:49,827 DEBUG [52549] [] ------------------------------/eccadmin_dev/Login
2020-08-15 21:30:49,827 DEBUG [52549] [] ------------------------------login_start_check
2020-08-15 21:30:49,827 DEBUG [52549] [] indexAction start
2020-08-15 21:30:49,841 DEBUG [52549] [] indexAction end
2020-08-15 21:30:49,841 DEBUG [52549] [] LoginController end
2020-08-15 21:30:49,841 DEBUG [52549] [] finally
