2020-08-17 13:22:10,583 DEBUG [104212] [] Request URI : /eccadmin_dev/Login
2020-08-17 13:22:10,616 DEBUG [104212] [] LoginController start
2020-08-17 13:22:10,616 DEBUG [104212] [] controllers/LoginController.php: is exist
2020-08-17 13:22:10,621 DEBUG [104212] [] LoginForm: is exist
2020-08-17 13:22:10,622 DEBUG [104212] [] LoginForm: form value set 
2020-08-17 13:22:10,622 DEBUG [104212] [] ------------------------------/eccadmin_dev/Login
2020-08-17 13:22:10,622 DEBUG [104212] [] ------------------------------login_start_check
2020-08-17 13:22:10,622 DEBUG [104212] [] indexAction start
2020-08-17 13:22:10,722 DEBUG [104212] [] indexAction end
2020-08-17 13:22:10,722 DEBUG [104212] [] LoginController end
2020-08-17 13:22:10,722 DEBUG [104212] [] finally
2020-08-17 21:49:52,149 DEBUG [109527] [] Request URI : /eccadmin_dev/Login
2020-08-17 21:49:52,150 DEBUG [109527] [] LoginController start
2020-08-17 21:49:52,150 DEBUG [109527] [] controllers/LoginController.php: is exist
2020-08-17 21:49:52,150 DEBUG [109527] [] LoginForm: is exist
2020-08-17 21:49:52,150 DEBUG [109527] [] LoginForm: form value set 
2020-08-17 21:49:52,151 DEBUG [109527] [] ------------------------------/eccadmin_dev/Login
2020-08-17 21:49:52,151 DEBUG [109527] [] ------------------------------login_start_check
2020-08-17 21:49:52,151 DEBUG [109527] [] indexAction start
2020-08-17 21:49:52,167 DEBUG [109527] [] indexAction end
2020-08-17 21:49:52,168 DEBUG [109527] [] LoginController end
2020-08-17 21:49:52,168 DEBUG [109527] [] finally
