2020-09-25 16:47:27,696 DEBUG [190744] [] Request URI : /eccadmin_dev/Login
2020-09-25 16:47:27,714 DEBUG [190744] [] LoginController start
2020-09-25 16:47:27,714 DEBUG [190744] [] controllers/LoginController.php: is exist
2020-09-25 16:47:27,714 DEBUG [190744] [] LoginForm: is exist
2020-09-25 16:47:27,714 DEBUG [190744] [] LoginForm: form value set 
2020-09-25 16:47:27,715 DEBUG [190744] [] ------------------------------/eccadmin_dev/Login
2020-09-25 16:47:27,715 DEBUG [190744] [] ------------------------------login_start_check
2020-09-25 16:47:27,715 DEBUG [190744] [] indexAction start
2020-09-25 16:47:27,749 DEBUG [190744] [] indexAction end
2020-09-25 16:47:27,749 DEBUG [190744] [] LoginController end
2020-09-25 16:47:27,749 DEBUG [190744] [] finally
2020-09-25 16:47:37,512 DEBUG [191380] [] Request URI : /eccadmin_dev/Login/login
2020-09-25 16:47:37,513 DEBUG [191380] [] LoginController start
2020-09-25 16:47:37,513 DEBUG [191380] [] controllers/LoginController.php: is exist
2020-09-25 16:47:37,513 DEBUG [191380] [] LoginForm: is exist
2020-09-25 16:47:37,513 DEBUG [191380] [] LoginForm: form value set 
2020-09-25 16:47:37,514 DEBUG [191380] [] ------------------------------/eccadmin_dev/Login/login
2020-09-25 16:47:37,514 DEBUG [191380] [] ------------------------------login_start_check
2020-09-25 16:47:37,514 DEBUG [191380] [] loginAction start
2020-09-25 16:47:37,815 DEBUG [191380] [] loginAction end
2020-09-25 16:47:37,815 DEBUG [191380] [] LoginController end
2020-09-25 16:47:37,816 DEBUG [191380] [] finally
2020-09-25 16:47:40,715 DEBUG [191380] [] Request URI : /eccadmin_dev/Login/login
2020-09-25 16:47:40,716 DEBUG [191380] [] LoginController start
2020-09-25 16:47:40,716 DEBUG [191380] [] controllers/LoginController.php: is exist
2020-09-25 16:47:40,716 DEBUG [191380] [] LoginForm: is exist
2020-09-25 16:47:40,717 DEBUG [191380] [] LoginForm: form value set 
2020-09-25 16:47:40,717 DEBUG [191380] [] ------------------------------/eccadmin_dev/Login/login
2020-09-25 16:47:40,717 DEBUG [191380] [] ------------------------------login_start_check
2020-09-25 16:47:40,717 DEBUG [191380] [] loginAction start
2020-09-25 16:47:41,017 DEBUG [191380] [] loginAction end
2020-09-25 16:47:41,017 DEBUG [191380] [] LoginController end
2020-09-25 16:47:41,017 DEBUG [191380] [] finally
2020-09-25 16:48:02,767 DEBUG [190930] [] Request URI : /eccadmin_dev/Login/login
2020-09-25 16:48:02,768 DEBUG [190930] [] LoginController start
2020-09-25 16:48:02,768 DEBUG [190930] [] controllers/LoginController.php: is exist
2020-09-25 16:48:02,768 DEBUG [190930] [] LoginForm: is exist
2020-09-25 16:48:02,768 DEBUG [190930] [] LoginForm: form value set 
2020-09-25 16:48:02,769 DEBUG [190930] [] ------------------------------/eccadmin_dev/Login/login
2020-09-25 16:48:02,769 DEBUG [190930] [] ------------------------------login_start_check
2020-09-25 16:48:02,769 DEBUG [190930] [] loginAction start
2020-09-25 16:48:03,080 DEBUG [190930] [] loginAction end
2020-09-25 16:48:03,081 DEBUG [190930] [] LoginController end
2020-09-25 16:48:03,081 DEBUG [190930] [] finally
2020-09-25 16:48:46,306 DEBUG [190744] [] Request URI : /eccadmin_dev/Login
2020-09-25 16:48:46,307 DEBUG [190744] [] LoginController start
2020-09-25 16:48:46,307 DEBUG [190744] [] controllers/LoginController.php: is exist
2020-09-25 16:48:46,307 DEBUG [190744] [] LoginForm: is exist
2020-09-25 16:48:46,307 DEBUG [190744] [] LoginForm: form value set 
2020-09-25 16:48:46,308 DEBUG [190744] [] ------------------------------/eccadmin_dev/Login
2020-09-25 16:48:46,308 DEBUG [190744] [] ------------------------------login_start_check
2020-09-25 16:48:46,308 DEBUG [190744] [] indexAction start
2020-09-25 16:48:46,323 DEBUG [190744] [] indexAction end
2020-09-25 16:48:46,323 DEBUG [190744] [] LoginController end
2020-09-25 16:48:46,324 DEBUG [190744] [] finally
2020-09-25 16:48:51,129 DEBUG [190744] [] Request URI : /eccadmin_dev/Login/login
2020-09-25 16:48:51,130 DEBUG [190744] [] LoginController start
2020-09-25 16:48:51,130 DEBUG [190744] [] controllers/LoginController.php: is exist
2020-09-25 16:48:51,130 DEBUG [190744] [] LoginForm: is exist
2020-09-25 16:48:51,130 DEBUG [190744] [] LoginForm: form value set 
2020-09-25 16:48:51,131 DEBUG [190744] [] ------------------------------/eccadmin_dev/Login/login
2020-09-25 16:48:51,131 DEBUG [190744] [] ------------------------------login_start_check
2020-09-25 16:48:51,131 DEBUG [190744] [] loginAction start
2020-09-25 16:48:51,435 DEBUG [190744] [] loginAction end
2020-09-25 16:48:51,435 DEBUG [190744] [] LoginController end
2020-09-25 16:48:51,435 DEBUG [190744] [] finally
2020-09-25 16:48:57,182 DEBUG [190933] [] Request URI : /eccadmin_dev/Login/login
2020-09-25 16:48:57,183 DEBUG [190933] [] LoginController start
2020-09-25 16:48:57,183 DEBUG [190933] [] controllers/LoginController.php: is exist
2020-09-25 16:48:57,183 DEBUG [190933] [] LoginForm: is exist
2020-09-25 16:48:57,183 DEBUG [190933] [] LoginForm: form value set 
2020-09-25 16:48:57,184 DEBUG [190933] [] ------------------------------/eccadmin_dev/Login/login
2020-09-25 16:48:57,184 DEBUG [190933] [] ------------------------------login_start_check
2020-09-25 16:48:57,184 DEBUG [190933] [] loginAction start
2020-09-25 16:48:57,475 DEBUG [190933] [] loginAction end
2020-09-25 16:48:57,475 DEBUG [190933] [] LoginController end
2020-09-25 16:48:57,475 DEBUG [190933] [] finally
2020-09-25 16:49:05,656 DEBUG [191380] [] Request URI : /eccadmin_dev/Login/login
2020-09-25 16:49:05,657 DEBUG [191380] [] LoginController start
2020-09-25 16:49:05,657 DEBUG [191380] [] controllers/LoginController.php: is exist
2020-09-25 16:49:05,657 DEBUG [191380] [] LoginForm: is exist
2020-09-25 16:49:05,657 DEBUG [191380] [] LoginForm: form value set 
2020-09-25 16:49:05,658 DEBUG [191380] [] ------------------------------/eccadmin_dev/Login/login
2020-09-25 16:49:05,658 DEBUG [191380] [] ------------------------------login_start_check
2020-09-25 16:49:05,658 DEBUG [191380] [] loginAction start
2020-09-25 16:49:05,961 DEBUG [191380] [] loginAction end
2020-09-25 16:49:05,961 DEBUG [191380] [] LoginController end
2020-09-25 16:49:05,961 DEBUG [191380] [] finally
2020-09-25 16:49:09,095 DEBUG [191380] [] Request URI : /eccadmin_dev/Login/login
2020-09-25 16:49:09,096 DEBUG [191380] [] LoginController start
2020-09-25 16:49:09,096 DEBUG [191380] [] controllers/LoginController.php: is exist
2020-09-25 16:49:09,096 DEBUG [191380] [] LoginForm: is exist
2020-09-25 16:49:09,096 DEBUG [191380] [] LoginForm: form value set 
2020-09-25 16:49:09,097 DEBUG [191380] [] ------------------------------/eccadmin_dev/Login/login
2020-09-25 16:49:09,097 DEBUG [191380] [] ------------------------------login_start_check
2020-09-25 16:49:09,097 DEBUG [191380] [] loginAction start
2020-09-25 16:49:09,396 DEBUG [191380] [] loginAction end
2020-09-25 16:49:09,396 DEBUG [191380] [] LoginController end
2020-09-25 16:49:09,396 DEBUG [191380] [] finally
2020-09-25 16:49:13,135 DEBUG [191380] [] Request URI : /eccadmin_dev/Login/login
2020-09-25 16:49:13,136 DEBUG [191380] [] LoginController start
2020-09-25 16:49:13,136 DEBUG [191380] [] controllers/LoginController.php: is exist
2020-09-25 16:49:13,136 DEBUG [191380] [] LoginForm: is exist
2020-09-25 16:49:13,136 DEBUG [191380] [] LoginForm: form value set 
2020-09-25 16:49:13,137 DEBUG [191380] [] ------------------------------/eccadmin_dev/Login/login
2020-09-25 16:49:13,137 DEBUG [191380] [] ------------------------------login_start_check
2020-09-25 16:49:13,137 DEBUG [191380] [] loginAction start
2020-09-25 16:49:13,437 DEBUG [191380] [] loginAction end
2020-09-25 16:49:13,437 DEBUG [191380] [] LoginController end
2020-09-25 16:49:13,438 DEBUG [191380] [] finally
2020-09-25 16:49:18,786 DEBUG [190930] [] Request URI : /eccadmin_dev/Login/login
2020-09-25 16:49:18,787 DEBUG [190930] [] LoginController start
2020-09-25 16:49:18,787 DEBUG [190930] [] controllers/LoginController.php: is exist
2020-09-25 16:49:18,787 DEBUG [190930] [] LoginForm: is exist
2020-09-25 16:49:18,787 DEBUG [190930] [] LoginForm: form value set 
2020-09-25 16:49:18,788 DEBUG [190930] [] ------------------------------/eccadmin_dev/Login/login
2020-09-25 16:49:18,788 DEBUG [190930] [] ------------------------------login_start_check
2020-09-25 16:49:18,788 DEBUG [190930] [] loginAction start
2020-09-25 16:49:19,087 DEBUG [190930] [] loginAction end
2020-09-25 16:49:19,087 DEBUG [190930] [] LoginController end
2020-09-25 16:49:19,088 DEBUG [190930] [] finally
2020-09-25 16:49:36,401 DEBUG [190617] [] Request URI : /eccadmin_dev/Login/login
2020-09-25 16:49:36,402 DEBUG [190617] [] LoginController start
2020-09-25 16:49:36,402 DEBUG [190617] [] controllers/LoginController.php: is exist
2020-09-25 16:49:36,402 DEBUG [190617] [] LoginForm: is exist
2020-09-25 16:49:36,402 DEBUG [190617] [] LoginForm: form value set 
2020-09-25 16:49:36,403 DEBUG [190617] [] ------------------------------/eccadmin_dev/Login/login
2020-09-25 16:49:36,403 DEBUG [190617] [] ------------------------------login_start_check
2020-09-25 16:49:36,403 DEBUG [190617] [] loginAction start
2020-09-25 16:49:36,419 DEBUG [190617] [] loginAction end
2020-09-25 16:49:36,419 DEBUG [190617] [] LoginController end
2020-09-25 16:49:36,419 DEBUG [190617] [] finally
2020-09-25 16:49:39,561 DEBUG [190617] [] Request URI : /eccadmin_dev/Login/login
2020-09-25 16:49:39,561 DEBUG [190617] [] LoginController start
2020-09-25 16:49:39,562 DEBUG [190617] [] controllers/LoginController.php: is exist
2020-09-25 16:49:39,562 DEBUG [190617] [] LoginForm: is exist
2020-09-25 16:49:39,562 DEBUG [190617] [] LoginForm: form value set 
2020-09-25 16:49:39,562 DEBUG [190617] [] ------------------------------/eccadmin_dev/Login/login
2020-09-25 16:49:39,562 DEBUG [190617] [] ------------------------------login_start_check
2020-09-25 16:49:39,563 DEBUG [190617] [] loginAction start
2020-09-25 16:49:39,579 DEBUG [190617] [] loginAction end
2020-09-25 16:49:39,579 DEBUG [190617] [] LoginController end
2020-09-25 16:49:39,579 DEBUG [190617] [] finally
2020-09-25 16:49:48,561 DEBUG [190127] [] Request URI : /eccadmin_dev/Login/login
2020-09-25 16:49:48,561 DEBUG [190127] [] LoginController start
2020-09-25 16:49:48,561 DEBUG [190127] [] controllers/LoginController.php: is exist
2020-09-25 16:49:48,562 DEBUG [190127] [] LoginForm: is exist
2020-09-25 16:49:48,562 DEBUG [190127] [] LoginForm: form value set 
2020-09-25 16:49:48,562 DEBUG [190127] [] ------------------------------/eccadmin_dev/Login/login
2020-09-25 16:49:48,562 DEBUG [190127] [] ------------------------------login_start_check
2020-09-25 16:49:48,563 DEBUG [190127] [] loginAction start
2020-09-25 16:49:48,578 DEBUG [190127] [] loginAction end
2020-09-25 16:49:48,578 DEBUG [190127] [] LoginController end
2020-09-25 16:49:48,579 DEBUG [190127] [] finally
2020-09-25 16:50:39,979 DEBUG [191455] [] Request URI : /eccadmin_dev/Login
2020-09-25 16:50:39,983 DEBUG [191455] [] LoginController start
2020-09-25 16:50:39,983 DEBUG [191455] [] controllers/LoginController.php: is exist
2020-09-25 16:50:39,983 DEBUG [191455] [] LoginForm: is exist
2020-09-25 16:50:39,984 DEBUG [191455] [] LoginForm: form value set 
2020-09-25 16:50:39,984 DEBUG [191455] [] ------------------------------/eccadmin_dev/Login
2020-09-25 16:50:39,984 DEBUG [191455] [] ------------------------------login_start_check
2020-09-25 16:50:39,984 DEBUG [191455] [] indexAction start
2020-09-25 16:50:40,000 DEBUG [191455] [] indexAction end
2020-09-25 16:50:40,000 DEBUG [191455] [] LoginController end
2020-09-25 16:50:40,000 DEBUG [191455] [] finally
2020-09-25 16:50:46,588 DEBUG [191456] [] Request URI : /eccadmin_dev/Login/login
2020-09-25 16:50:46,592 DEBUG [191456] [] LoginController start
2020-09-25 16:50:46,593 DEBUG [191456] [] controllers/LoginController.php: is exist
2020-09-25 16:50:46,593 DEBUG [191456] [] LoginForm: is exist
2020-09-25 16:50:46,593 DEBUG [191456] [] LoginForm: form value set 
2020-09-25 16:50:46,594 DEBUG [191456] [] ------------------------------/eccadmin_dev/Login/login
2020-09-25 16:50:46,594 DEBUG [191456] [] ------------------------------login_start_check
2020-09-25 16:50:46,594 DEBUG [191456] [] loginAction start
2020-09-25 16:50:46,896 DEBUG [191456] [] loginAction end
2020-09-25 16:50:46,896 DEBUG [191456] [] LoginController end
2020-09-25 16:50:46,896 DEBUG [191456] [] finally
2020-09-25 16:50:53,106 DEBUG [191380] [] Request URI : /eccadmin_dev/Login/login
2020-09-25 16:50:53,107 DEBUG [191380] [] LoginController start
2020-09-25 16:50:53,107 DEBUG [191380] [] controllers/LoginController.php: is exist
2020-09-25 16:50:53,107 DEBUG [191380] [] LoginForm: is exist
2020-09-25 16:50:53,107 DEBUG [191380] [] LoginForm: form value set 
2020-09-25 16:50:53,108 DEBUG [191380] [] ------------------------------/eccadmin_dev/Login/login
2020-09-25 16:50:53,108 DEBUG [191380] [] ------------------------------login_start_check
2020-09-25 16:50:53,108 DEBUG [191380] [] loginAction start
2020-09-25 16:50:53,407 DEBUG [191380] [] loginAction end
2020-09-25 16:50:53,407 DEBUG [191380] [] LoginController end
2020-09-25 16:50:53,407 DEBUG [191380] [] finally
