2021-05-08 15:42:57,012 DEBUG [171215] [] Request URI : /eccadmin_dev/Menu
2021-05-08 15:42:57,038 DEBUG [171215] [] MenuController start
2021-05-08 15:42:57,038 DEBUG [171215] [] controllers/MenuController.php: is exist
2021-05-08 15:42:57,038 DEBUG [171215] [] MenuForm: is exist
2021-05-08 15:42:57,039 DEBUG [171215] [] MenuForm: form value set 
2021-05-08 15:42:57,039 DEBUG [171215] [] ------------------------------/eccadmin_dev/Menu
2021-05-08 15:42:57,039 DEBUG [171215] [] ------------------------------login_start_check
2021-05-08 15:42:57,039 DEBUG [171215] [] indexAction start
2021-05-08 15:42:57,039 DEBUG [171215] [] admin_no is 
2021-05-08 15:42:57,040 DEBUG [171215] [] indexAction end
2021-05-08 15:42:57,040 DEBUG [171215] [] MenuController end
2021-05-08 15:42:57,040 DEBUG [171215] [] finally
2021-05-08 15:42:57,057 DEBUG [171215] [] Request URI : /eccadmin_dev/Error/disp
2021-05-08 15:42:57,058 DEBUG [171215] [] ErrorController start
2021-05-08 15:42:57,058 DEBUG [171215] [] controllers/ErrorController.php: is exist
2021-05-08 15:42:57,058 DEBUG [171215] [] ErrorForm: is exist
2021-05-08 15:42:57,058 DEBUG [171215] [] ErrorForm: form value set 
2021-05-08 15:42:57,059 DEBUG [171215] [] ------------------------------/eccadmin_dev/Error/disp
2021-05-08 15:42:57,059 DEBUG [171215] [] ------------------------------login_start_check
2021-05-08 15:42:57,059 DEBUG [171215] [] dispAction start
2021-05-08 15:42:57,094 DEBUG [171215] [] dispAction end
2021-05-08 15:42:57,094 DEBUG [171215] [] ErrorController end
2021-05-08 15:42:57,094 DEBUG [171215] [] finally
2021-05-08 15:42:58,366 DEBUG [173348] [] Request URI : /eccadmin_dev/Login
2021-05-08 15:42:58,366 DEBUG [173348] [] LoginController start
2021-05-08 15:42:58,367 DEBUG [173348] [] controllers/LoginController.php: is exist
2021-05-08 15:42:58,367 DEBUG [173348] [] LoginForm: is exist
2021-05-08 15:42:58,367 DEBUG [173348] [] LoginForm: form value set 
2021-05-08 15:42:58,367 DEBUG [173348] [] ------------------------------/eccadmin_dev/Login
2021-05-08 15:42:58,368 DEBUG [173348] [] ------------------------------login_start_check
2021-05-08 15:42:58,368 DEBUG [173348] [] indexAction start
2021-05-08 15:42:58,384 DEBUG [173348] [] indexAction end
2021-05-08 15:42:58,384 DEBUG [173348] [] LoginController end
2021-05-08 15:42:58,384 DEBUG [173348] [] finally
2021-05-08 15:43:06,128 DEBUG [165483] [] Request URI : /eccadmin_dev/Login/login
2021-05-08 15:43:06,129 DEBUG [165483] [] LoginController start
2021-05-08 15:43:06,129 DEBUG [165483] [] controllers/LoginController.php: is exist
2021-05-08 15:43:06,130 DEBUG [165483] [] LoginForm: is exist
2021-05-08 15:43:06,130 DEBUG [165483] [] LoginForm: form value set 
2021-05-08 15:43:06,130 DEBUG [165483] [] ------------------------------/eccadmin_dev/Login/login
2021-05-08 15:43:06,130 DEBUG [165483] [] ------------------------------login_start_check
2021-05-08 15:43:06,130 DEBUG [165483] [] loginAction start
2021-05-08 15:43:06,431 DEBUG [165483] [] loginAction end
2021-05-08 15:43:06,431 DEBUG [165483] [] LoginController end
2021-05-08 15:43:06,431 DEBUG [165483] [] finally
2021-05-08 15:43:06,453 DEBUG [165483] [] Request URI : /eccadmin_dev/Menu
2021-05-08 15:43:06,453 DEBUG [165483] [] MenuController start
2021-05-08 15:43:06,454 DEBUG [165483] [] controllers/MenuController.php: is exist
2021-05-08 15:43:06,454 DEBUG [165483] [] MenuForm: is exist
2021-05-08 15:43:06,454 DEBUG [165483] [] MenuForm: form value set 
2021-05-08 15:43:06,454 DEBUG [165483] [] ------------------------------/eccadmin_dev/Menu
2021-05-08 15:43:06,454 DEBUG [165483] [] ------------------------------login_start_check
2021-05-08 15:43:06,454 DEBUG [165483] [] indexAction start
2021-05-08 15:43:06,454 DEBUG [165483] [] admin_no is 1
2021-05-08 15:43:06,503 DEBUG [165483] [] indexAction end
2021-05-08 15:43:06,503 DEBUG [165483] [] MenuController end
2021-05-08 15:43:06,503 DEBUG [165483] [] finally
2021-05-08 15:56:15,092 DEBUG [173348] [] Request URI : /eccadmin_dev/ExcelSubjectAreaList
2021-05-08 15:56:15,093 DEBUG [173348] [] ExcelSubjectAreaListController start
2021-05-08 15:56:15,093 DEBUG [173348] [] controllers/ExcelSubjectAreaListController.php: is exist
2021-05-08 15:56:15,093 DEBUG [173348] [] ExcelSubjectAreaListForm: is exist
2021-05-08 15:56:15,094 DEBUG [173348] [] ExcelSubjectAreaListForm: form value set 
2021-05-08 15:56:15,094 DEBUG [173348] [] ------------------------------/eccadmin_dev/ExcelSubjectAreaList
2021-05-08 15:56:15,094 DEBUG [173348] [] indexAction start
2021-05-08 15:56:15,094 DEBUG [173348] [] admin_no is 1
2021-05-08 15:56:15,190 DEBUG [173348] [] indexAction end
2021-05-08 15:56:15,190 DEBUG [173348] [] ExcelSubjectAreaListController end
2021-05-08 15:56:15,190 DEBUG [173348] [] finally
2021-05-08 16:16:12,675 DEBUG [174835] [] Request URI : /eccadmin_dev/ExcelLessonList
2021-05-08 16:16:12,676 DEBUG [174835] [] ExcelLessonListController start
2021-05-08 16:16:12,676 DEBUG [174835] [] controllers/ExcelLessonListController.php: is exist
2021-05-08 16:16:12,677 DEBUG [174835] [] ExcelLessonListForm: is exist
2021-05-08 16:16:12,677 DEBUG [174835] [] ExcelLessonListForm: form value set 
2021-05-08 16:16:12,677 DEBUG [174835] [] ------------------------------/eccadmin_dev/ExcelLessonList
2021-05-08 16:16:12,677 DEBUG [174835] [] indexAction start
2021-05-08 16:16:12,678 DEBUG [174835] [] admin_no is 1
2021-05-08 16:16:12,779 DEBUG [174835] [] indexAction end
2021-05-08 16:16:12,779 DEBUG [174835] [] ExcelLessonListController end
2021-05-08 16:16:12,779 DEBUG [174835] [] finally
2021-05-08 16:46:25,114 DEBUG [173635] [] Request URI : /eccadmin_dev/ExcelLessonList
2021-05-08 16:46:25,115 DEBUG [173635] [] ExcelLessonListController start
2021-05-08 16:46:25,115 DEBUG [173635] [] controllers/ExcelLessonListController.php: is exist
2021-05-08 16:46:25,118 DEBUG [173635] [] ExcelLessonListForm: is exist
2021-05-08 16:46:25,118 DEBUG [173635] [] ExcelLessonListForm: form value set 
2021-05-08 16:46:25,119 DEBUG [173635] [] ------------------------------/eccadmin_dev/ExcelLessonList
2021-05-08 16:46:25,119 DEBUG [173635] [] indexAction start
2021-05-08 16:46:25,119 DEBUG [173635] [] admin_no is 1
2021-05-08 16:46:25,207 DEBUG [173635] [] indexAction end
2021-05-08 16:46:25,207 DEBUG [173635] [] ExcelLessonListController end
2021-05-08 16:46:25,207 DEBUG [173635] [] finally
2021-05-08 16:49:27,358 DEBUG [177813] [] Request URI : /eccadmin_dev/ExcelLessonList/show
2021-05-08 16:49:27,359 DEBUG [177813] [] ExcelLessonListController start
2021-05-08 16:49:27,359 DEBUG [177813] [] controllers/ExcelLessonListController.php: is exist
2021-05-08 16:49:27,359 DEBUG [177813] [] ExcelLessonListForm: is exist
2021-05-08 16:49:27,359 DEBUG [177813] [] ExcelLessonListForm: form value set 
2021-05-08 16:49:27,360 DEBUG [177813] [] ------------------------------/eccadmin_dev/ExcelLessonList/show
2021-05-08 16:49:27,360 DEBUG [177813] [] showAction start
2021-05-08 16:49:27,360 DEBUG [177813] [] admin_no is 1
2021-05-08 16:49:27,383 DEBUG [177813] [] showAction end
2021-05-08 16:49:27,383 DEBUG [177813] [] ExcelLessonListController end
2021-05-08 16:49:27,383 DEBUG [177813] [] finally
2021-05-08 16:49:27,424 DEBUG [177813] [] Request URI : /eccadmin_dev/ExcelLessonList/viewExcelList
2021-05-08 16:49:27,425 DEBUG [177813] [] ExcelLessonListController start
2021-05-08 16:49:27,425 DEBUG [177813] [] controllers/ExcelLessonListController.php: is exist
2021-05-08 16:49:27,425 DEBUG [177813] [] ExcelLessonListForm: is exist
2021-05-08 16:49:27,425 DEBUG [177813] [] ExcelLessonListForm: form value set 
2021-05-08 16:49:27,426 DEBUG [177813] [] ------------------------------/eccadmin_dev/ExcelLessonList/viewExcelList
2021-05-08 16:49:27,426 DEBUG [177813] [] viewExcelListAction start
2021-05-08 16:49:27,426 DEBUG [177813] [] admin_no is 1
2021-05-08 16:49:27,591 DEBUG [177813] [] viewExcelListAction end
2021-05-08 16:49:27,591 DEBUG [177813] [] ExcelLessonListController end
2021-05-08 16:49:27,591 DEBUG [177813] [] finally
2021-05-08 16:49:29,958 DEBUG [177813] [] Request URI : /eccadmin_dev/ExcelLessonList/duplicateCheckWoc
2021-05-08 16:49:29,959 DEBUG [177813] [] ExcelLessonListController start
2021-05-08 16:49:29,959 DEBUG [177813] [] controllers/ExcelLessonListController.php: is exist
2021-05-08 16:49:29,959 DEBUG [177813] [] ExcelLessonListForm: is exist
2021-05-08 16:49:29,960 DEBUG [177813] [] ExcelLessonListForm: form value set 
2021-05-08 16:49:29,960 DEBUG [177813] [] ------------------------------/eccadmin_dev/ExcelLessonList/duplicateCheckWoc
2021-05-08 16:49:29,960 DEBUG [177813] [] ------------------------------/eccadmin_dev/ExcelLessonList/duplicateCheckWoc
2021-05-08 16:49:29,960 DEBUG [177813] [] duplicateCheckWocAction start
2021-05-08 16:49:29,960 DEBUG [177813] [] admin_no is 1
2021-05-08 16:49:29,968 DEBUG [177813] [] admin_no is 1
2021-05-08 16:49:29,969 DEBUG [177813] [] lesson_no
2021-05-08 16:49:29,972 DEBUG [177813] [] lesson_no
2021-05-08 16:49:29,974 DEBUG [177813] [] INSERT INTO  M_LESSON (org_no,lesson_no,lesson_name,lesson_name_kana,subject_no,attendance_flg,lesson_count,status,start_period,end_period,remarks,del_flg,create_dt,creater_id,update_dt,updater_id ) VALUES ( :org_no,:lesson_no,:lesson_name,:lesson_name_kana,:subject_no,:attendance_flg,:lesson_count,:status,:start_period,:end_period,:remarks,:del_flg,:create_dt,:creater_id,:update_dt,:updater_id );
2021-05-08 16:49:29,975 DEBUG [177813] [] duplicateCheckWocAction end
2021-05-08 16:49:29,975 DEBUG [177813] [] ExcelLessonListController end
2021-05-08 16:49:29,975 ERROR [177813] [] 予期しない例外が発生しました。
exception 'PDOException' with message 'There is no active transaction' in /var/www/html/eccadmin_dev/fw/Dispatcher.php:131
Stack trace:
#0 /var/www/html/eccadmin_dev/fw/Dispatcher.php(131): PDO->commit()
#1 /var/www/html/eccadmin_dev/index.php(31): Dispatcher->dispatch()
#2 {main}
2021-05-08 16:49:29,976 DEBUG [177813] [] finally
2021-05-08 16:49:30,005 DEBUG [177813] [] Request URI : /eccadmin_dev/Error/disp
2021-05-08 16:49:30,005 DEBUG [177813] [] ErrorController start
2021-05-08 16:49:30,005 DEBUG [177813] [] controllers/ErrorController.php: is exist
2021-05-08 16:49:30,005 DEBUG [177813] [] ErrorForm: is exist
2021-05-08 16:49:30,005 DEBUG [177813] [] ErrorForm: form value set 
2021-05-08 16:49:30,006 DEBUG [177813] [] ------------------------------/eccadmin_dev/Error/disp
2021-05-08 16:49:30,006 DEBUG [177813] [] ------------------------------login_start_check
2021-05-08 16:49:30,006 DEBUG [177813] [] dispAction start
2021-05-08 16:49:30,018 DEBUG [177813] [] dispAction end
2021-05-08 16:49:30,018 DEBUG [177813] [] ErrorController end
2021-05-08 16:49:30,018 DEBUG [177813] [] finally
2021-05-08 16:53:59,120 DEBUG [172075] [] Request URI : /eccadmin_dev/Login
2021-05-08 16:53:59,121 DEBUG [172075] [] LoginController start
2021-05-08 16:53:59,121 DEBUG [172075] [] controllers/LoginController.php: is exist
2021-05-08 16:53:59,121 DEBUG [172075] [] LoginForm: is exist
2021-05-08 16:53:59,121 DEBUG [172075] [] LoginForm: form value set 
2021-05-08 16:53:59,122 DEBUG [172075] [] ------------------------------/eccadmin_dev/Login
2021-05-08 16:53:59,122 DEBUG [172075] [] ------------------------------login_start_check
2021-05-08 16:53:59,122 DEBUG [172075] [] indexAction start
2021-05-08 16:53:59,137 DEBUG [172075] [] indexAction end
2021-05-08 16:53:59,137 DEBUG [172075] [] LoginController end
2021-05-08 16:53:59,137 DEBUG [172075] [] finally
2021-05-08 16:54:02,679 DEBUG [172075] [] Request URI : /eccadmin_dev/Login/login
2021-05-08 16:54:02,680 DEBUG [172075] [] LoginController start
2021-05-08 16:54:02,680 DEBUG [172075] [] controllers/LoginController.php: is exist
2021-05-08 16:54:02,680 DEBUG [172075] [] LoginForm: is exist
2021-05-08 16:54:02,680 DEBUG [172075] [] LoginForm: form value set 
2021-05-08 16:54:02,681 DEBUG [172075] [] ------------------------------/eccadmin_dev/Login/login
2021-05-08 16:54:02,681 DEBUG [172075] [] ------------------------------login_start_check
2021-05-08 16:54:02,681 DEBUG [172075] [] loginAction start
2021-05-08 16:54:02,697 DEBUG [172075] [] loginAction end
2021-05-08 16:54:02,697 DEBUG [172075] [] LoginController end
2021-05-08 16:54:02,697 DEBUG [172075] [] finally
2021-05-08 16:54:05,945 DEBUG [172075] [] Request URI : /eccadmin_dev/Login/login
2021-05-08 16:54:05,946 DEBUG [172075] [] LoginController start
2021-05-08 16:54:05,946 DEBUG [172075] [] controllers/LoginController.php: is exist
2021-05-08 16:54:05,946 DEBUG [172075] [] LoginForm: is exist
2021-05-08 16:54:05,946 DEBUG [172075] [] LoginForm: form value set 
2021-05-08 16:54:05,947 DEBUG [172075] [] ------------------------------/eccadmin_dev/Login/login
2021-05-08 16:54:05,947 DEBUG [172075] [] ------------------------------login_start_check
2021-05-08 16:54:05,947 DEBUG [172075] [] loginAction start
2021-05-08 16:54:06,251 DEBUG [172075] [] loginAction end
2021-05-08 16:54:06,251 DEBUG [172075] [] LoginController end
2021-05-08 16:54:06,251 DEBUG [172075] [] finally
2021-05-08 16:54:06,276 DEBUG [172075] [] Request URI : /eccadmin_dev/Menu
2021-05-08 16:54:06,276 DEBUG [172075] [] MenuController start
2021-05-08 16:54:06,276 DEBUG [172075] [] controllers/MenuController.php: is exist
2021-05-08 16:54:06,277 DEBUG [172075] [] MenuForm: is exist
2021-05-08 16:54:06,277 DEBUG [172075] [] MenuForm: form value set 
2021-05-08 16:54:06,277 DEBUG [172075] [] ------------------------------/eccadmin_dev/Menu
2021-05-08 16:54:06,277 DEBUG [172075] [] ------------------------------login_start_check
2021-05-08 16:54:06,277 DEBUG [172075] [] indexAction start
2021-05-08 16:54:06,277 DEBUG [172075] [] admin_no is 1
2021-05-08 16:54:06,301 DEBUG [172075] [] indexAction end
2021-05-08 16:54:06,301 DEBUG [172075] [] MenuController end
2021-05-08 16:54:06,301 DEBUG [172075] [] finally
2021-05-08 16:54:08,938 DEBUG [172075] [] Request URI : /eccadmin_dev/ExcelLessonList
2021-05-08 16:54:08,939 DEBUG [172075] [] ExcelLessonListController start
2021-05-08 16:54:08,939 DEBUG [172075] [] controllers/ExcelLessonListController.php: is exist
2021-05-08 16:54:08,939 DEBUG [172075] [] ExcelLessonListForm: is exist
2021-05-08 16:54:08,940 DEBUG [172075] [] ExcelLessonListForm: form value set 
2021-05-08 16:54:08,940 DEBUG [172075] [] ------------------------------/eccadmin_dev/ExcelLessonList
2021-05-08 16:54:08,940 DEBUG [172075] [] indexAction start
2021-05-08 16:54:08,940 DEBUG [172075] [] admin_no is 1
2021-05-08 16:54:09,027 DEBUG [172075] [] indexAction end
2021-05-08 16:54:09,027 DEBUG [172075] [] ExcelLessonListController end
2021-05-08 16:54:09,028 DEBUG [172075] [] finally
2021-05-08 16:54:17,288 DEBUG [170738] [] Request URI : /eccadmin_dev/ExcelLessonList/show
2021-05-08 16:54:17,288 DEBUG [170738] [] ExcelLessonListController start
2021-05-08 16:54:17,289 DEBUG [170738] [] controllers/ExcelLessonListController.php: is exist
2021-05-08 16:54:17,289 DEBUG [170738] [] ExcelLessonListForm: is exist
2021-05-08 16:54:17,289 DEBUG [170738] [] ExcelLessonListForm: form value set 
2021-05-08 16:54:17,290 DEBUG [170738] [] ------------------------------/eccadmin_dev/ExcelLessonList/show
2021-05-08 16:54:17,290 DEBUG [170738] [] showAction start
2021-05-08 16:54:17,290 DEBUG [170738] [] admin_no is 1
2021-05-08 16:54:17,291 DEBUG [170738] [] showAction end
2021-05-08 16:54:17,291 DEBUG [170738] [] ExcelLessonListController end
2021-05-08 16:54:17,291 DEBUG [170738] [] finally
2021-05-08 16:54:17,319 DEBUG [170738] [] Request URI : /eccadmin_dev/ExcelLessonList/viewExcelList
2021-05-08 16:54:17,319 DEBUG [170738] [] ExcelLessonListController start
2021-05-08 16:54:17,319 DEBUG [170738] [] controllers/ExcelLessonListController.php: is exist
2021-05-08 16:54:17,320 DEBUG [170738] [] ExcelLessonListForm: is exist
2021-05-08 16:54:17,320 DEBUG [170738] [] ExcelLessonListForm: form value set 
2021-05-08 16:54:17,320 DEBUG [170738] [] ------------------------------/eccadmin_dev/ExcelLessonList/viewExcelList
2021-05-08 16:54:17,320 DEBUG [170738] [] viewExcelListAction start
2021-05-08 16:54:17,321 DEBUG [170738] [] admin_no is 1
2021-05-08 16:54:17,477 DEBUG [170738] [] viewExcelListAction end
2021-05-08 16:54:17,477 DEBUG [170738] [] ExcelLessonListController end
2021-05-08 16:54:17,477 DEBUG [170738] [] finally
2021-05-08 16:54:28,232 DEBUG [174835] [] Request URI : /eccadmin_dev/ExcelLessonList/duplicateCheckWoc
2021-05-08 16:54:28,233 DEBUG [174835] [] ExcelLessonListController start
2021-05-08 16:54:28,233 DEBUG [174835] [] controllers/ExcelLessonListController.php: is exist
2021-05-08 16:54:28,233 DEBUG [174835] [] ExcelLessonListForm: is exist
2021-05-08 16:54:28,233 DEBUG [174835] [] ExcelLessonListForm: form value set 
2021-05-08 16:54:28,234 DEBUG [174835] [] ------------------------------/eccadmin_dev/ExcelLessonList/duplicateCheckWoc
2021-05-08 16:54:28,234 DEBUG [174835] [] ------------------------------/eccadmin_dev/ExcelLessonList/duplicateCheckWoc
2021-05-08 16:54:28,234 DEBUG [174835] [] duplicateCheckWocAction start
2021-05-08 16:54:28,234 DEBUG [174835] [] admin_no is 1
2021-05-08 16:54:28,242 DEBUG [174835] [] admin_no is 1
2021-05-08 16:54:28,242 DEBUG [174835] [] lesson_no
2021-05-08 16:54:28,246 DEBUG [174835] [] lesson_no
2021-05-08 16:54:28,247 DEBUG [174835] [] INSERT INTO  M_LESSON (org_no,lesson_no,lesson_name,lesson_name_kana,subject_no,attendance_flg,lesson_count,status,start_period,end_period,remarks,del_flg,create_dt,creater_id,update_dt,updater_id ) VALUES ( :org_no,:lesson_no,:lesson_name,:lesson_name_kana,:subject_no,:attendance_flg,:lesson_count,:status,:start_period,:end_period,:remarks,:del_flg,:create_dt,:creater_id,:update_dt,:updater_id );
2021-05-08 16:54:28,248 DEBUG [174835] [] duplicateCheckWocAction end
2021-05-08 16:54:28,248 DEBUG [174835] [] ExcelLessonListController end
2021-05-08 16:54:28,249 ERROR [174835] [] 予期しない例外が発生しました。
exception 'PDOException' with message 'There is no active transaction' in /var/www/html/eccadmin_dev/fw/Dispatcher.php:131
Stack trace:
#0 /var/www/html/eccadmin_dev/fw/Dispatcher.php(131): PDO->commit()
#1 /var/www/html/eccadmin_dev/index.php(31): Dispatcher->dispatch()
#2 {main}
2021-05-08 16:54:28,249 DEBUG [174835] [] finally
2021-05-08 16:54:28,268 DEBUG [174835] [] Request URI : /eccadmin_dev/Error/disp
2021-05-08 16:54:28,268 DEBUG [174835] [] ErrorController start
2021-05-08 16:54:28,268 DEBUG [174835] [] controllers/ErrorController.php: is exist
2021-05-08 16:54:28,268 DEBUG [174835] [] ErrorForm: is exist
2021-05-08 16:54:28,269 DEBUG [174835] [] ErrorForm: form value set 
2021-05-08 16:54:28,269 DEBUG [174835] [] ------------------------------/eccadmin_dev/Error/disp
2021-05-08 16:54:28,269 DEBUG [174835] [] ------------------------------login_start_check
2021-05-08 16:54:28,269 DEBUG [174835] [] dispAction start
2021-05-08 16:54:28,280 DEBUG [174835] [] dispAction end
2021-05-08 16:54:28,280 DEBUG [174835] [] ErrorController end
2021-05-08 16:54:28,280 DEBUG [174835] [] finally
2021-05-08 16:56:31,860 DEBUG [174057] [] Request URI : /eccadmin_dev/Login
2021-05-08 16:56:31,861 DEBUG [174057] [] LoginController start
2021-05-08 16:56:31,861 DEBUG [174057] [] controllers/LoginController.php: is exist
2021-05-08 16:56:31,861 DEBUG [174057] [] LoginForm: is exist
2021-05-08 16:56:31,861 DEBUG [174057] [] LoginForm: form value set 
2021-05-08 16:56:31,862 DEBUG [174057] [] ------------------------------/eccadmin_dev/Login
2021-05-08 16:56:31,862 DEBUG [174057] [] ------------------------------login_start_check
2021-05-08 16:56:31,862 DEBUG [174057] [] indexAction start
2021-05-08 16:56:31,877 DEBUG [174057] [] indexAction end
2021-05-08 16:56:31,878 DEBUG [174057] [] LoginController end
2021-05-08 16:56:31,878 DEBUG [174057] [] finally
2021-05-08 16:56:47,251 DEBUG [173348] [] Request URI : /eccadmin_dev/Login/login
2021-05-08 16:56:47,252 DEBUG [173348] [] LoginController start
2021-05-08 16:56:47,252 DEBUG [173348] [] controllers/LoginController.php: is exist
2021-05-08 16:56:47,252 DEBUG [173348] [] LoginForm: is exist
2021-05-08 16:56:47,252 DEBUG [173348] [] LoginForm: form value set 
2021-05-08 16:56:47,253 DEBUG [173348] [] ------------------------------/eccadmin_dev/Login/login
2021-05-08 16:56:47,253 DEBUG [173348] [] ------------------------------login_start_check
2021-05-08 16:56:47,253 DEBUG [173348] [] loginAction start
2021-05-08 16:56:47,550 DEBUG [173348] [] loginAction end
2021-05-08 16:56:47,550 DEBUG [173348] [] LoginController end
2021-05-08 16:56:47,550 DEBUG [173348] [] finally
2021-05-08 16:56:47,573 DEBUG [173348] [] Request URI : /eccadmin_dev/Menu
2021-05-08 16:56:47,574 DEBUG [173348] [] MenuController start
2021-05-08 16:56:47,574 DEBUG [173348] [] controllers/MenuController.php: is exist
2021-05-08 16:56:47,574 DEBUG [173348] [] MenuForm: is exist
2021-05-08 16:56:47,575 DEBUG [173348] [] MenuForm: form value set 
2021-05-08 16:56:47,575 DEBUG [173348] [] ------------------------------/eccadmin_dev/Menu
2021-05-08 16:56:47,575 DEBUG [173348] [] ------------------------------login_start_check
2021-05-08 16:56:47,575 DEBUG [173348] [] indexAction start
2021-05-08 16:56:47,575 DEBUG [173348] [] admin_no is 1
2021-05-08 16:56:47,600 DEBUG [173348] [] indexAction end
2021-05-08 16:56:47,600 DEBUG [173348] [] MenuController end
2021-05-08 16:56:47,600 DEBUG [173348] [] finally
2021-05-08 16:56:50,389 DEBUG [173348] [] Request URI : /eccadmin_dev/ExcelLessonList
2021-05-08 16:56:50,390 DEBUG [173348] [] ExcelLessonListController start
2021-05-08 16:56:50,390 DEBUG [173348] [] controllers/ExcelLessonListController.php: is exist
2021-05-08 16:56:50,393 DEBUG [173348] [] ExcelLessonListForm: is exist
2021-05-08 16:56:50,393 DEBUG [173348] [] ExcelLessonListForm: form value set 
2021-05-08 16:56:50,393 DEBUG [173348] [] ------------------------------/eccadmin_dev/ExcelLessonList
2021-05-08 16:56:50,394 DEBUG [173348] [] indexAction start
2021-05-08 16:56:50,394 DEBUG [173348] [] admin_no is 1
2021-05-08 16:56:50,483 DEBUG [173348] [] indexAction end
2021-05-08 16:56:50,483 DEBUG [173348] [] ExcelLessonListController end
2021-05-08 16:56:50,483 DEBUG [173348] [] finally
2021-05-08 16:56:58,513 DEBUG [170738] [] Request URI : /eccadmin_dev/ExcelLessonList/show
2021-05-08 16:56:58,513 DEBUG [170738] [] ExcelLessonListController start
2021-05-08 16:56:58,514 DEBUG [170738] [] controllers/ExcelLessonListController.php: is exist
2021-05-08 16:56:58,514 DEBUG [170738] [] ExcelLessonListForm: is exist
2021-05-08 16:56:58,514 DEBUG [170738] [] ExcelLessonListForm: form value set 
2021-05-08 16:56:58,515 DEBUG [170738] [] ------------------------------/eccadmin_dev/ExcelLessonList/show
2021-05-08 16:56:58,515 DEBUG [170738] [] showAction start
2021-05-08 16:56:58,515 DEBUG [170738] [] admin_no is 1
2021-05-08 16:56:58,516 DEBUG [170738] [] showAction end
2021-05-08 16:56:58,516 DEBUG [170738] [] ExcelLessonListController end
2021-05-08 16:56:58,516 DEBUG [170738] [] finally
2021-05-08 16:56:58,539 DEBUG [170738] [] Request URI : /eccadmin_dev/ExcelLessonList/viewExcelList
2021-05-08 16:56:58,540 DEBUG [170738] [] ExcelLessonListController start
2021-05-08 16:56:58,540 DEBUG [170738] [] controllers/ExcelLessonListController.php: is exist
2021-05-08 16:56:58,540 DEBUG [170738] [] ExcelLessonListForm: is exist
2021-05-08 16:56:58,540 DEBUG [170738] [] ExcelLessonListForm: form value set 
2021-05-08 16:56:58,541 DEBUG [170738] [] ------------------------------/eccadmin_dev/ExcelLessonList/viewExcelList
2021-05-08 16:56:58,541 DEBUG [170738] [] viewExcelListAction start
2021-05-08 16:56:58,541 DEBUG [170738] [] admin_no is 1
2021-05-08 16:56:58,696 DEBUG [170738] [] viewExcelListAction end
2021-05-08 16:56:58,696 DEBUG [170738] [] ExcelLessonListController end
2021-05-08 16:56:58,697 DEBUG [170738] [] finally
2021-05-08 16:57:00,583 DEBUG [170738] [] Request URI : /eccadmin_dev/ExcelLessonList/duplicateCheckWoc
2021-05-08 16:57:00,583 DEBUG [170738] [] ExcelLessonListController start
2021-05-08 16:57:00,583 DEBUG [170738] [] controllers/ExcelLessonListController.php: is exist
2021-05-08 16:57:00,584 DEBUG [170738] [] ExcelLessonListForm: is exist
2021-05-08 16:57:00,584 DEBUG [170738] [] ExcelLessonListForm: form value set 
2021-05-08 16:57:00,584 DEBUG [170738] [] ------------------------------/eccadmin_dev/ExcelLessonList/duplicateCheckWoc
2021-05-08 16:57:00,584 DEBUG [170738] [] ------------------------------/eccadmin_dev/ExcelLessonList/duplicateCheckWoc
2021-05-08 16:57:00,585 DEBUG [170738] [] duplicateCheckWocAction start
2021-05-08 16:57:00,585 DEBUG [170738] [] admin_no is 1
2021-05-08 16:57:00,593 DEBUG [170738] [] admin_no is 1
2021-05-08 16:57:00,594 DEBUG [170738] [] lesson_no
2021-05-08 16:57:00,596 DEBUG [170738] [] INSERT INTO  M_LESSON (org_no,lesson_no,lesson_name,lesson_name_kana,subject_no,attendance_flg,lesson_count,status,start_period,end_period,remarks,del_flg,create_dt,creater_id,update_dt,updater_id ) VALUES ( :org_no,:lesson_no,:lesson_name,:lesson_name_kana,:subject_no,:attendance_flg,:lesson_count,:status,:start_period,:end_period,:remarks,:del_flg,:create_dt,:creater_id,:update_dt,:updater_id );
2021-05-08 16:57:00,598 DEBUG [170738] [] lesson_no
2021-05-08 16:57:00,600 DEBUG [170738] [] INSERT INTO  M_LESSON (org_no,lesson_no,lesson_name,lesson_name_kana,subject_no,attendance_flg,lesson_count,status,start_period,end_period,remarks,del_flg,create_dt,creater_id,update_dt,updater_id ) VALUES ( :org_no,:lesson_no,:lesson_name,:lesson_name_kana,:subject_no,:attendance_flg,:lesson_count,:status,:start_period,:end_period,:remarks,:del_flg,:create_dt,:creater_id,:update_dt,:updater_id );
2021-05-08 16:57:00,600 DEBUG [170738] [] duplicateCheckWocAction end
2021-05-08 16:57:00,601 DEBUG [170738] [] ExcelLessonListController end
2021-05-08 16:57:00,601 DEBUG [170738] [] finally
2021-05-08 16:57:00,624 DEBUG [170738] [] Request URI : /eccadmin_dev/ExcelLessonList
2021-05-08 16:57:00,624 DEBUG [170738] [] ExcelLessonListController start
2021-05-08 16:57:00,624 DEBUG [170738] [] controllers/ExcelLessonListController.php: is exist
2021-05-08 16:57:00,625 DEBUG [170738] [] ExcelLessonListForm: is exist
2021-05-08 16:57:00,625 DEBUG [170738] [] ExcelLessonListForm: form value set 
2021-05-08 16:57:00,625 DEBUG [170738] [] ------------------------------/eccadmin_dev/ExcelLessonList
2021-05-08 16:57:00,625 DEBUG [170738] [] indexAction start
2021-05-08 16:57:00,625 DEBUG [170738] [] admin_no is 1
2021-05-08 16:57:00,699 DEBUG [170738] [] indexAction end
2021-05-08 16:57:00,699 DEBUG [170738] [] ExcelLessonListController end
2021-05-08 16:57:00,699 DEBUG [170738] [] finally
2021-05-08 17:08:57,622 DEBUG [170738] [] Request URI : /eccadmin_dev/ExcelLessonList/show
2021-05-08 17:08:57,623 DEBUG [170738] [] ExcelLessonListController start
2021-05-08 17:08:57,623 DEBUG [170738] [] controllers/ExcelLessonListController.php: is exist
2021-05-08 17:08:57,623 DEBUG [170738] [] ExcelLessonListForm: is exist
2021-05-08 17:08:57,623 DEBUG [170738] [] ExcelLessonListForm: form value set 
2021-05-08 17:08:57,624 DEBUG [170738] [] ------------------------------/eccadmin_dev/ExcelLessonList/show
2021-05-08 17:08:57,624 DEBUG [170738] [] showAction start
2021-05-08 17:08:57,624 DEBUG [170738] [] admin_no is 1
2021-05-08 17:08:57,625 DEBUG [170738] [] showAction end
2021-05-08 17:08:57,625 DEBUG [170738] [] ExcelLessonListController end
2021-05-08 17:08:57,625 DEBUG [170738] [] finally
2021-05-08 17:08:57,650 DEBUG [170738] [] Request URI : /eccadmin_dev/ExcelLessonList/viewExcelList
2021-05-08 17:08:57,650 DEBUG [170738] [] ExcelLessonListController start
2021-05-08 17:08:57,650 DEBUG [170738] [] controllers/ExcelLessonListController.php: is exist
2021-05-08 17:08:57,651 DEBUG [170738] [] ExcelLessonListForm: is exist
2021-05-08 17:08:57,651 DEBUG [170738] [] ExcelLessonListForm: form value set 
2021-05-08 17:08:57,651 DEBUG [170738] [] ------------------------------/eccadmin_dev/ExcelLessonList/viewExcelList
2021-05-08 17:08:57,651 DEBUG [170738] [] viewExcelListAction start
2021-05-08 17:08:57,651 DEBUG [170738] [] admin_no is 1
2021-05-08 17:08:57,809 DEBUG [170738] [] viewExcelListAction end
2021-05-08 17:08:57,809 DEBUG [170738] [] ExcelLessonListController end
2021-05-08 17:08:57,809 DEBUG [170738] [] finally
2021-05-08 17:09:01,132 DEBUG [170738] [] Request URI : /eccadmin_dev/ExcelLessonList/duplicateCheckWoc
2021-05-08 17:09:01,133 DEBUG [170738] [] ExcelLessonListController start
2021-05-08 17:09:01,133 DEBUG [170738] [] controllers/ExcelLessonListController.php: is exist
2021-05-08 17:09:01,134 DEBUG [170738] [] ExcelLessonListForm: is exist
2021-05-08 17:09:01,134 DEBUG [170738] [] ExcelLessonListForm: form value set 
2021-05-08 17:09:01,134 DEBUG [170738] [] ------------------------------/eccadmin_dev/ExcelLessonList/duplicateCheckWoc
2021-05-08 17:09:01,134 DEBUG [170738] [] ------------------------------/eccadmin_dev/ExcelLessonList/duplicateCheckWoc
2021-05-08 17:09:01,134 DEBUG [170738] [] duplicateCheckWocAction start
2021-05-08 17:09:01,135 DEBUG [170738] [] admin_no is 1
2021-05-08 17:09:01,304 DEBUG [170738] [] duplicateCheckWocAction end
2021-05-08 17:09:01,304 DEBUG [170738] [] ExcelLessonListController end
2021-05-08 17:09:01,305 DEBUG [170738] [] finally
2021-05-08 17:11:04,469 DEBUG [174057] [] Request URI : /eccadmin_dev/ExcelLessonList/show
2021-05-08 17:11:04,470 DEBUG [174057] [] ExcelLessonListController start
2021-05-08 17:11:04,470 DEBUG [174057] [] controllers/ExcelLessonListController.php: is exist
2021-05-08 17:11:04,471 DEBUG [174057] [] ExcelLessonListForm: is exist
2021-05-08 17:11:04,471 DEBUG [174057] [] ExcelLessonListForm: form value set 
2021-05-08 17:11:04,471 DEBUG [174057] [] ------------------------------/eccadmin_dev/ExcelLessonList/show
2021-05-08 17:11:04,471 DEBUG [174057] [] showAction start
2021-05-08 17:11:04,472 DEBUG [174057] [] admin_no is 1
2021-05-08 17:11:04,472 DEBUG [174057] [] showAction end
2021-05-08 17:11:04,472 DEBUG [174057] [] ExcelLessonListController end
2021-05-08 17:11:04,472 DEBUG [174057] [] finally
2021-05-08 17:11:04,490 DEBUG [174057] [] Request URI : /eccadmin_dev/ExcelLessonList/viewExcelList
2021-05-08 17:11:04,491 DEBUG [174057] [] ExcelLessonListController start
2021-05-08 17:11:04,491 DEBUG [174057] [] controllers/ExcelLessonListController.php: is exist
2021-05-08 17:11:04,491 DEBUG [174057] [] ExcelLessonListForm: is exist
2021-05-08 17:11:04,491 DEBUG [174057] [] ExcelLessonListForm: form value set 
2021-05-08 17:11:04,492 DEBUG [174057] [] ------------------------------/eccadmin_dev/ExcelLessonList/viewExcelList
2021-05-08 17:11:04,492 DEBUG [174057] [] viewExcelListAction start
2021-05-08 17:11:04,492 DEBUG [174057] [] admin_no is 1
2021-05-08 17:11:04,651 DEBUG [174057] [] viewExcelListAction end
2021-05-08 17:11:04,651 DEBUG [174057] [] ExcelLessonListController end
2021-05-08 17:11:04,651 DEBUG [174057] [] finally
2021-05-08 17:11:11,558 DEBUG [173348] [] Request URI : /eccadmin_dev/ExcelLessonList/duplicateCheckWoc
2021-05-08 17:11:11,559 DEBUG [173348] [] ExcelLessonListController start
2021-05-08 17:11:11,559 DEBUG [173348] [] controllers/ExcelLessonListController.php: is exist
2021-05-08 17:11:11,559 DEBUG [173348] [] ExcelLessonListForm: is exist
2021-05-08 17:11:11,560 DEBUG [173348] [] ExcelLessonListForm: form value set 
2021-05-08 17:11:11,560 DEBUG [173348] [] ------------------------------/eccadmin_dev/ExcelLessonList/duplicateCheckWoc
2021-05-08 17:11:11,560 DEBUG [173348] [] ------------------------------/eccadmin_dev/ExcelLessonList/duplicateCheckWoc
2021-05-08 17:11:11,560 DEBUG [173348] [] duplicateCheckWocAction start
2021-05-08 17:11:11,561 DEBUG [173348] [] admin_no is 1
2021-05-08 17:11:11,730 DEBUG [173348] [] duplicateCheckWocAction end
2021-05-08 17:11:11,730 DEBUG [173348] [] ExcelLessonListController end
2021-05-08 17:11:11,731 DEBUG [173348] [] finally
2021-05-08 17:12:35,391 DEBUG [174057] [] Request URI : /eccadmin_dev/ExcelLessonList/show
2021-05-08 17:12:35,392 DEBUG [174057] [] ExcelLessonListController start
2021-05-08 17:12:35,392 DEBUG [174057] [] controllers/ExcelLessonListController.php: is exist
2021-05-08 17:12:35,392 DEBUG [174057] [] ExcelLessonListForm: is exist
2021-05-08 17:12:35,393 DEBUG [174057] [] ExcelLessonListForm: form value set 
2021-05-08 17:12:35,393 DEBUG [174057] [] ------------------------------/eccadmin_dev/ExcelLessonList/show
2021-05-08 17:12:35,393 DEBUG [174057] [] showAction start
2021-05-08 17:12:35,393 DEBUG [174057] [] admin_no is 1
2021-05-08 17:12:35,394 DEBUG [174057] [] showAction end
2021-05-08 17:12:35,394 DEBUG [174057] [] ExcelLessonListController end
2021-05-08 17:12:35,394 DEBUG [174057] [] finally
2021-05-08 17:12:35,413 DEBUG [174057] [] Request URI : /eccadmin_dev/ExcelLessonList/viewExcelList
2021-05-08 17:12:35,414 DEBUG [174057] [] ExcelLessonListController start
2021-05-08 17:12:35,414 DEBUG [174057] [] controllers/ExcelLessonListController.php: is exist
2021-05-08 17:12:35,414 DEBUG [174057] [] ExcelLessonListForm: is exist
2021-05-08 17:12:35,414 DEBUG [174057] [] ExcelLessonListForm: form value set 
2021-05-08 17:12:35,415 DEBUG [174057] [] ------------------------------/eccadmin_dev/ExcelLessonList/viewExcelList
2021-05-08 17:12:35,415 DEBUG [174057] [] viewExcelListAction start
2021-05-08 17:12:35,415 DEBUG [174057] [] admin_no is 1
2021-05-08 17:12:35,572 DEBUG [174057] [] viewExcelListAction end
2021-05-08 17:12:35,572 DEBUG [174057] [] ExcelLessonListController end
2021-05-08 17:12:35,572 DEBUG [174057] [] finally
2021-05-08 17:13:05,088 DEBUG [173635] [] Request URI : /eccadmin_dev/ExcelLessonList/show
2021-05-08 17:13:05,089 DEBUG [173635] [] ExcelLessonListController start
2021-05-08 17:13:05,089 DEBUG [173635] [] controllers/ExcelLessonListController.php: is exist
2021-05-08 17:13:05,089 DEBUG [173635] [] ExcelLessonListForm: is exist
2021-05-08 17:13:05,089 DEBUG [173635] [] ExcelLessonListForm: form value set 
2021-05-08 17:13:05,090 DEBUG [173635] [] ------------------------------/eccadmin_dev/ExcelLessonList/show
2021-05-08 17:13:05,090 DEBUG [173635] [] showAction start
2021-05-08 17:13:05,090 DEBUG [173635] [] admin_no is 1
2021-05-08 17:13:05,091 DEBUG [173635] [] showAction end
2021-05-08 17:13:05,091 DEBUG [173635] [] ExcelLessonListController end
2021-05-08 17:13:05,091 DEBUG [173635] [] finally
2021-05-08 17:13:05,108 DEBUG [173635] [] Request URI : /eccadmin_dev/ExcelLessonList/viewExcelList
2021-05-08 17:13:05,109 DEBUG [173635] [] ExcelLessonListController start
2021-05-08 17:13:05,109 DEBUG [173635] [] controllers/ExcelLessonListController.php: is exist
2021-05-08 17:13:05,109 DEBUG [173635] [] ExcelLessonListForm: is exist
2021-05-08 17:13:05,109 DEBUG [173635] [] ExcelLessonListForm: form value set 
2021-05-08 17:13:05,109 DEBUG [173635] [] ------------------------------/eccadmin_dev/ExcelLessonList/viewExcelList
2021-05-08 17:13:05,109 DEBUG [173635] [] viewExcelListAction start
2021-05-08 17:13:05,110 DEBUG [173635] [] admin_no is 1
2021-05-08 17:13:05,254 DEBUG [173635] [] viewExcelListAction end
2021-05-08 17:13:05,254 DEBUG [173635] [] ExcelLessonListController end
2021-05-08 17:13:05,254 DEBUG [173635] [] finally
2021-05-08 17:40:11,131 DEBUG [180923] [] Request URI : /eccadmin_dev/ExcelSubjectAreaList
2021-05-08 17:40:11,134 DEBUG [180923] [] ExcelSubjectAreaListController start
2021-05-08 17:40:11,135 DEBUG [180923] [] controllers/ExcelSubjectAreaListController.php: is exist
2021-05-08 17:40:11,136 DEBUG [180923] [] ExcelSubjectAreaListForm: is exist
2021-05-08 17:40:11,136 DEBUG [180923] [] ExcelSubjectAreaListForm: form value set 
2021-05-08 17:40:11,137 DEBUG [180923] [] ------------------------------/eccadmin_dev/ExcelSubjectAreaList
2021-05-08 17:40:11,137 DEBUG [180923] [] indexAction start
2021-05-08 17:40:11,137 DEBUG [180923] [] admin_no is 1
2021-05-08 17:40:11,212 DEBUG [180923] [] indexAction end
2021-05-08 17:40:11,212 DEBUG [180923] [] ExcelSubjectAreaListController end
2021-05-08 17:40:11,212 DEBUG [180923] [] finally
2021-05-08 18:01:51,044 DEBUG [173635] [] Request URI : /eccadmin_dev/ExcelSubjectAreaList
2021-05-08 18:01:51,045 DEBUG [173635] [] ExcelSubjectAreaListController start
2021-05-08 18:01:51,045 DEBUG [173635] [] controllers/ExcelSubjectAreaListController.php: is exist
2021-05-08 18:01:51,048 DEBUG [173635] [] ExcelSubjectAreaListForm: is exist
2021-05-08 18:01:51,048 DEBUG [173635] [] ExcelSubjectAreaListForm: form value set 
2021-05-08 18:01:51,048 DEBUG [173635] [] ------------------------------/eccadmin_dev/ExcelSubjectAreaList
2021-05-08 18:01:51,048 DEBUG [173635] [] indexAction start
2021-05-08 18:01:51,049 DEBUG [173635] [] admin_no is 1
2021-05-08 18:01:51,124 DEBUG [173635] [] indexAction end
2021-05-08 18:01:51,124 DEBUG [173635] [] ExcelSubjectAreaListController end
2021-05-08 18:01:51,125 DEBUG [173635] [] finally
2021-05-08 18:06:21,040 DEBUG [183188] [] Request URI : /eccadmin_dev/ExcelSubjectAreaList
2021-05-08 18:06:21,044 DEBUG [183188] [] ExcelSubjectAreaListController start
2021-05-08 18:06:21,044 DEBUG [183188] [] controllers/ExcelSubjectAreaListController.php: is exist
2021-05-08 18:06:21,046 DEBUG [183188] [] ExcelSubjectAreaListForm: is exist
2021-05-08 18:06:21,046 DEBUG [183188] [] ExcelSubjectAreaListForm: form value set 
2021-05-08 18:06:21,046 DEBUG [183188] [] ------------------------------/eccadmin_dev/ExcelSubjectAreaList
2021-05-08 18:06:21,047 DEBUG [183188] [] indexAction start
2021-05-08 18:06:21,047 DEBUG [183188] [] admin_no is 1
2021-05-08 18:06:21,125 DEBUG [183188] [] indexAction end
2021-05-08 18:06:21,125 DEBUG [183188] [] ExcelSubjectAreaListController end
2021-05-08 18:06:21,125 DEBUG [183188] [] finally
2021-05-08 18:06:23,169 DEBUG [183188] [] Request URI : /eccadmin_dev/ExcelSubjectAreaList/newExcel
2021-05-08 18:06:23,170 DEBUG [183188] [] ExcelSubjectAreaListController start
2021-05-08 18:06:23,170 DEBUG [183188] [] controllers/ExcelSubjectAreaListController.php: is exist
2021-05-08 18:06:23,170 DEBUG [183188] [] ExcelSubjectAreaListForm: is exist
2021-05-08 18:06:23,171 DEBUG [183188] [] ExcelSubjectAreaListForm: form value set 
2021-05-08 18:06:23,171 DEBUG [183188] [] ------------------------------/eccadmin_dev/ExcelSubjectAreaList/newExcel
2021-05-08 18:06:23,171 DEBUG [183188] [] newExcelAction start
2021-05-08 18:06:23,171 DEBUG [183188] [] admin_no is 1
2021-05-08 18:08:09,908 DEBUG [174057] [] Request URI : /eccadmin_dev/ExcelSubjectAreaList/show
2021-05-08 18:08:09,908 DEBUG [174057] [] ExcelSubjectAreaListController start
2021-05-08 18:08:09,909 DEBUG [174057] [] controllers/ExcelSubjectAreaListController.php: is exist
2021-05-08 18:08:09,909 DEBUG [174057] [] ExcelSubjectAreaListForm: is exist
2021-05-08 18:08:09,909 DEBUG [174057] [] ExcelSubjectAreaListForm: form value set 
2021-05-08 18:08:09,910 DEBUG [174057] [] ------------------------------/eccadmin_dev/ExcelSubjectAreaList/show
2021-05-08 18:08:09,910 DEBUG [174057] [] showAction start
2021-05-08 18:08:09,910 DEBUG [174057] [] admin_no is 1
2021-05-08 18:08:09,935 DEBUG [174057] [] showAction end
2021-05-08 18:08:09,935 DEBUG [174057] [] ExcelSubjectAreaListController end
2021-05-08 18:08:09,935 DEBUG [174057] [] finally
2021-05-08 18:08:10,904 DEBUG [174057] [] Request URI : /eccadmin_dev/ExcelSubjectAreaList/viewExcelList
2021-05-08 18:08:10,905 DEBUG [174057] [] ExcelSubjectAreaListController start
2021-05-08 18:08:10,905 DEBUG [174057] [] controllers/ExcelSubjectAreaListController.php: is exist
2021-05-08 18:08:10,905 DEBUG [174057] [] ExcelSubjectAreaListForm: is exist
2021-05-08 18:08:10,905 DEBUG [174057] [] ExcelSubjectAreaListForm: form value set 
2021-05-08 18:08:10,906 DEBUG [174057] [] ------------------------------/eccadmin_dev/ExcelSubjectAreaList/viewExcelList
2021-05-08 18:08:10,906 DEBUG [174057] [] viewExcelListAction start
2021-05-08 18:08:11,023 DEBUG [174057] [] viewExcelListAction end
2021-05-08 18:08:11,023 DEBUG [174057] [] ExcelSubjectAreaListController end
2021-05-08 18:08:11,023 DEBUG [174057] [] finally
2021-05-08 18:08:14,939 DEBUG [174057] [] Request URI : /eccadmin_dev/ExcelSubjectAreaList/isValid
2021-05-08 18:08:14,940 DEBUG [174057] [] ExcelSubjectAreaListController start
2021-05-08 18:08:14,940 DEBUG [174057] [] controllers/ExcelSubjectAreaListController.php: is exist
2021-05-08 18:08:14,940 DEBUG [174057] [] ExcelSubjectAreaListForm: is exist
2021-05-08 18:08:14,940 DEBUG [174057] [] ExcelSubjectAreaListForm: form value set 
2021-05-08 18:08:14,941 DEBUG [174057] [] ------------------------------/eccadmin_dev/ExcelSubjectAreaList/isValid
2021-05-08 18:08:14,941 DEBUG [174057] [] isValidAction start
2021-05-08 18:08:14,941 DEBUG [174057] [] admin_no is 1
2021-05-08 18:08:14,942 DEBUG [174057] [] admin_no is 1
2021-05-08 18:08:14,945 DEBUG [174057] [] subject_area_no
2021-05-08 18:08:14,948 DEBUG [174057] [] subject_area_no
2021-05-08 18:08:14,950 DEBUG [174057] [] subject_area_no
2021-05-08 18:08:14,952 DEBUG [174057] [] isValidAction end
2021-05-08 18:08:14,952 DEBUG [174057] [] ExcelSubjectAreaListController end
2021-05-08 18:08:14,952 ERROR [174057] [] 予期しない例外が発生しました。
exception 'PDOException' with message 'There is no active transaction' in /var/www/html/eccadmin_dev/fw/Dispatcher.php:131
Stack trace:
#0 /var/www/html/eccadmin_dev/fw/Dispatcher.php(131): PDO->commit()
#1 /var/www/html/eccadmin_dev/index.php(31): Dispatcher->dispatch()
#2 {main}
2021-05-08 18:08:14,952 DEBUG [174057] [] finally
2021-05-08 18:08:15,001 DEBUG [174057] [] Request URI : /eccadmin_dev/Error/disp
2021-05-08 18:08:15,002 DEBUG [174057] [] ErrorController start
2021-05-08 18:08:15,002 DEBUG [174057] [] controllers/ErrorController.php: is exist
2021-05-08 18:08:15,002 DEBUG [174057] [] ErrorForm: is exist
2021-05-08 18:08:15,002 DEBUG [174057] [] ErrorForm: form value set 
2021-05-08 18:08:15,002 DEBUG [174057] [] ------------------------------/eccadmin_dev/Error/disp
2021-05-08 18:08:15,002 DEBUG [174057] [] ------------------------------login_start_check
2021-05-08 18:08:15,003 DEBUG [174057] [] dispAction start
2021-05-08 18:08:15,014 DEBUG [174057] [] dispAction end
2021-05-08 18:08:15,014 DEBUG [174057] [] ErrorController end
2021-05-08 18:08:15,015 DEBUG [174057] [] finally
2021-05-08 18:14:43,172 DEBUG [177717] [] Request URI : /eccadmin_dev/Login
2021-05-08 18:14:43,173 DEBUG [177717] [] LoginController start
2021-05-08 18:14:43,173 DEBUG [177717] [] controllers/LoginController.php: is exist
2021-05-08 18:14:43,173 DEBUG [177717] [] LoginForm: is exist
2021-05-08 18:14:43,173 DEBUG [177717] [] LoginForm: form value set 
2021-05-08 18:14:43,174 DEBUG [177717] [] ------------------------------/eccadmin_dev/Login
2021-05-08 18:14:43,174 DEBUG [177717] [] ------------------------------login_start_check
2021-05-08 18:14:43,174 DEBUG [177717] [] indexAction start
2021-05-08 18:14:43,190 DEBUG [177717] [] indexAction end
2021-05-08 18:14:43,190 DEBUG [177717] [] LoginController end
2021-05-08 18:14:43,190 DEBUG [177717] [] finally
2021-05-08 18:14:45,848 DEBUG [177717] [] Request URI : /eccadmin_dev/Login/login
2021-05-08 18:14:45,849 DEBUG [177717] [] LoginController start
2021-05-08 18:14:45,849 DEBUG [177717] [] controllers/LoginController.php: is exist
2021-05-08 18:14:45,849 DEBUG [177717] [] LoginForm: is exist
2021-05-08 18:14:45,849 DEBUG [177717] [] LoginForm: form value set 
2021-05-08 18:14:45,849 DEBUG [177717] [] ------------------------------/eccadmin_dev/Login/login
2021-05-08 18:14:45,850 DEBUG [177717] [] ------------------------------login_start_check
2021-05-08 18:14:45,850 DEBUG [177717] [] loginAction start
2021-05-08 18:14:46,150 DEBUG [177717] [] loginAction end
2021-05-08 18:14:46,150 DEBUG [177717] [] LoginController end
2021-05-08 18:14:46,150 DEBUG [177717] [] finally
2021-05-08 18:14:46,203 DEBUG [177717] [] Request URI : /eccadmin_dev/Menu
2021-05-08 18:14:46,203 DEBUG [177717] [] MenuController start
2021-05-08 18:14:46,204 DEBUG [177717] [] controllers/MenuController.php: is exist
2021-05-08 18:14:46,204 DEBUG [177717] [] MenuForm: is exist
2021-05-08 18:14:46,204 DEBUG [177717] [] MenuForm: form value set 
2021-05-08 18:14:46,204 DEBUG [177717] [] ------------------------------/eccadmin_dev/Menu
2021-05-08 18:14:46,204 DEBUG [177717] [] ------------------------------login_start_check
2021-05-08 18:14:46,205 DEBUG [177717] [] indexAction start
2021-05-08 18:14:46,205 DEBUG [177717] [] admin_no is 1
2021-05-08 18:14:46,249 DEBUG [177717] [] indexAction end
2021-05-08 18:14:46,249 DEBUG [177717] [] MenuController end
2021-05-08 18:14:46,249 DEBUG [177717] [] finally
2021-05-08 18:14:48,751 DEBUG [177717] [] Request URI : /eccadmin_dev/ExcelSubjectAreaList
2021-05-08 18:14:48,751 DEBUG [177717] [] ExcelSubjectAreaListController start
2021-05-08 18:14:48,752 DEBUG [177717] [] controllers/ExcelSubjectAreaListController.php: is exist
2021-05-08 18:14:48,753 DEBUG [177717] [] ExcelSubjectAreaListForm: is exist
2021-05-08 18:14:48,753 DEBUG [177717] [] ExcelSubjectAreaListForm: form value set 
2021-05-08 18:14:48,754 DEBUG [177717] [] ------------------------------/eccadmin_dev/ExcelSubjectAreaList
2021-05-08 18:14:48,754 DEBUG [177717] [] indexAction start
2021-05-08 18:14:48,754 DEBUG [177717] [] admin_no is 1
2021-05-08 18:14:48,834 DEBUG [177717] [] indexAction end
2021-05-08 18:14:48,834 DEBUG [177717] [] ExcelSubjectAreaListController end
2021-05-08 18:14:48,834 DEBUG [177717] [] finally
2021-05-08 18:15:04,867 DEBUG [180923] [] Request URI : /eccadmin_dev/ExcelSubjectAreaList/show
2021-05-08 18:15:04,868 DEBUG [180923] [] ExcelSubjectAreaListController start
2021-05-08 18:15:04,868 DEBUG [180923] [] controllers/ExcelSubjectAreaListController.php: is exist
2021-05-08 18:15:04,868 DEBUG [180923] [] ExcelSubjectAreaListForm: is exist
2021-05-08 18:15:04,869 DEBUG [180923] [] ExcelSubjectAreaListForm: form value set 
2021-05-08 18:15:04,869 DEBUG [180923] [] ------------------------------/eccadmin_dev/ExcelSubjectAreaList/show
2021-05-08 18:15:04,869 DEBUG [180923] [] showAction start
2021-05-08 18:15:04,869 DEBUG [180923] [] admin_no is 1
2021-05-08 18:15:04,870 DEBUG [180923] [] showAction end
2021-05-08 18:15:04,870 DEBUG [180923] [] ExcelSubjectAreaListController end
2021-05-08 18:15:04,870 DEBUG [180923] [] finally
2021-05-08 18:15:04,911 DEBUG [180923] [] Request URI : /eccadmin_dev/ExcelSubjectAreaList/viewExcelList
2021-05-08 18:15:04,912 DEBUG [180923] [] ExcelSubjectAreaListController start
2021-05-08 18:15:04,912 DEBUG [180923] [] controllers/ExcelSubjectAreaListController.php: is exist
2021-05-08 18:15:04,912 DEBUG [180923] [] ExcelSubjectAreaListForm: is exist
2021-05-08 18:15:04,912 DEBUG [180923] [] ExcelSubjectAreaListForm: form value set 
2021-05-08 18:15:04,913 DEBUG [180923] [] ------------------------------/eccadmin_dev/ExcelSubjectAreaList/viewExcelList
2021-05-08 18:15:04,913 DEBUG [180923] [] viewExcelListAction start
2021-05-08 18:15:05,035 DEBUG [180923] [] viewExcelListAction end
2021-05-08 18:15:05,035 DEBUG [180923] [] ExcelSubjectAreaListController end
2021-05-08 18:15:05,035 DEBUG [180923] [] finally
2021-05-08 18:15:09,086 DEBUG [180923] [] Request URI : /eccadmin_dev/ExcelSubjectAreaList/isValid
2021-05-08 18:15:09,087 DEBUG [180923] [] ExcelSubjectAreaListController start
2021-05-08 18:15:09,087 DEBUG [180923] [] controllers/ExcelSubjectAreaListController.php: is exist
2021-05-08 18:15:09,087 DEBUG [180923] [] ExcelSubjectAreaListForm: is exist
2021-05-08 18:15:09,087 DEBUG [180923] [] ExcelSubjectAreaListForm: form value set 
2021-05-08 18:15:09,088 DEBUG [180923] [] ------------------------------/eccadmin_dev/ExcelSubjectAreaList/isValid
2021-05-08 18:15:09,088 DEBUG [180923] [] isValidAction start
2021-05-08 18:15:09,088 DEBUG [180923] [] admin_no is 1
2021-05-08 18:15:09,089 DEBUG [180923] [] admin_no is 1
2021-05-08 18:15:09,092 DEBUG [180923] [] subject_area_no
2021-05-08 18:15:09,095 DEBUG [180923] [] subject_area_no
2021-05-08 18:15:09,098 DEBUG [180923] [] subject_area_no
2021-05-08 18:15:09,099 DEBUG [180923] [] isValidAction end
2021-05-08 18:15:09,099 DEBUG [180923] [] ExcelSubjectAreaListController end
2021-05-08 18:15:09,100 ERROR [180923] [] 予期しない例外が発生しました。
exception 'PDOException' with message 'There is no active transaction' in /var/www/html/eccadmin_dev/fw/Dispatcher.php:131
Stack trace:
#0 /var/www/html/eccadmin_dev/fw/Dispatcher.php(131): PDO->commit()
#1 /var/www/html/eccadmin_dev/index.php(31): Dispatcher->dispatch()
#2 {main}
2021-05-08 18:15:09,100 DEBUG [180923] [] finally
2021-05-08 18:15:09,151 DEBUG [180923] [] Request URI : /eccadmin_dev/Error/disp
2021-05-08 18:15:09,152 DEBUG [180923] [] ErrorController start
2021-05-08 18:15:09,152 DEBUG [180923] [] controllers/ErrorController.php: is exist
2021-05-08 18:15:09,152 DEBUG [180923] [] ErrorForm: is exist
2021-05-08 18:15:09,152 DEBUG [180923] [] ErrorForm: form value set 
2021-05-08 18:15:09,153 DEBUG [180923] [] ------------------------------/eccadmin_dev/Error/disp
2021-05-08 18:15:09,153 DEBUG [180923] [] ------------------------------login_start_check
2021-05-08 18:15:09,153 DEBUG [180923] [] dispAction start
2021-05-08 18:15:09,164 DEBUG [180923] [] dispAction end
2021-05-08 18:15:09,165 DEBUG [180923] [] ErrorController end
2021-05-08 18:15:09,165 DEBUG [180923] [] finally
2021-05-08 18:16:32,786 DEBUG [166892] [] Request URI : /eccadmin_dev/Login
2021-05-08 18:16:32,787 DEBUG [166892] [] LoginController start
2021-05-08 18:16:32,787 DEBUG [166892] [] controllers/LoginController.php: is exist
2021-05-08 18:16:32,789 DEBUG [166892] [] LoginForm: is exist
2021-05-08 18:16:32,789 DEBUG [166892] [] LoginForm: form value set 
2021-05-08 18:16:32,790 DEBUG [166892] [] ------------------------------/eccadmin_dev/Login
2021-05-08 18:16:32,790 DEBUG [166892] [] ------------------------------login_start_check
2021-05-08 18:16:32,790 DEBUG [166892] [] indexAction start
2021-05-08 18:16:32,805 DEBUG [166892] [] indexAction end
2021-05-08 18:16:32,805 DEBUG [166892] [] LoginController end
2021-05-08 18:16:32,805 DEBUG [166892] [] finally
2021-05-08 18:23:01,511 DEBUG [180923] [] Request URI : /eccadmin_dev/Login/login
2021-05-08 18:23:01,511 DEBUG [180923] [] LoginController start
2021-05-08 18:23:01,512 DEBUG [180923] [] controllers/LoginController.php: is exist
2021-05-08 18:23:01,512 DEBUG [180923] [] LoginForm: is exist
2021-05-08 18:23:01,512 DEBUG [180923] [] LoginForm: form value set 
2021-05-08 18:23:01,512 DEBUG [180923] [] ------------------------------/eccadmin_dev/Login/login
2021-05-08 18:23:01,512 DEBUG [180923] [] ------------------------------login_start_check
2021-05-08 18:23:01,513 DEBUG [180923] [] loginAction start
2021-05-08 18:23:01,800 DEBUG [180923] [] loginAction end
2021-05-08 18:23:01,800 DEBUG [180923] [] LoginController end
2021-05-08 18:23:01,800 DEBUG [180923] [] finally
2021-05-08 18:23:01,832 DEBUG [180923] [] Request URI : /eccadmin_dev/Menu
2021-05-08 18:23:01,832 DEBUG [180923] [] MenuController start
2021-05-08 18:23:01,832 DEBUG [180923] [] controllers/MenuController.php: is exist
2021-05-08 18:23:01,832 DEBUG [180923] [] MenuForm: is exist
2021-05-08 18:23:01,832 DEBUG [180923] [] MenuForm: form value set 
2021-05-08 18:23:01,833 DEBUG [180923] [] ------------------------------/eccadmin_dev/Menu
2021-05-08 18:23:01,833 DEBUG [180923] [] ------------------------------login_start_check
2021-05-08 18:23:01,833 DEBUG [180923] [] indexAction start
2021-05-08 18:23:01,833 DEBUG [180923] [] admin_no is 1
2021-05-08 18:23:01,870 DEBUG [180923] [] indexAction end
2021-05-08 18:23:01,871 DEBUG [180923] [] MenuController end
2021-05-08 18:23:01,871 DEBUG [180923] [] finally
2021-05-08 18:23:04,304 DEBUG [180923] [] Request URI : /eccadmin_dev/ExcelSubjectAreaList
2021-05-08 18:23:04,305 DEBUG [180923] [] ExcelSubjectAreaListController start
2021-05-08 18:23:04,305 DEBUG [180923] [] controllers/ExcelSubjectAreaListController.php: is exist
2021-05-08 18:23:04,305 DEBUG [180923] [] ExcelSubjectAreaListForm: is exist
2021-05-08 18:23:04,305 DEBUG [180923] [] ExcelSubjectAreaListForm: form value set 
2021-05-08 18:23:04,306 DEBUG [180923] [] ------------------------------/eccadmin_dev/ExcelSubjectAreaList
2021-05-08 18:23:04,306 DEBUG [180923] [] indexAction start
2021-05-08 18:23:04,306 DEBUG [180923] [] admin_no is 1
2021-05-08 18:23:04,385 DEBUG [180923] [] indexAction end
2021-05-08 18:23:04,385 DEBUG [180923] [] ExcelSubjectAreaListController end
2021-05-08 18:23:04,385 DEBUG [180923] [] finally
2021-05-08 18:24:58,076 DEBUG [180917] [] Request URI : /eccadmin_dev/ExcelSubjectAreaList/show
2021-05-08 18:24:58,077 DEBUG [180917] [] ExcelSubjectAreaListController start
2021-05-08 18:24:58,077 DEBUG [180917] [] controllers/ExcelSubjectAreaListController.php: is exist
2021-05-08 18:24:58,077 DEBUG [180917] [] ExcelSubjectAreaListForm: is exist
2021-05-08 18:24:58,078 DEBUG [180917] [] ExcelSubjectAreaListForm: form value set 
2021-05-08 18:24:58,078 DEBUG [180917] [] ------------------------------/eccadmin_dev/ExcelSubjectAreaList/show
2021-05-08 18:24:58,078 DEBUG [180917] [] showAction start
2021-05-08 18:24:58,079 DEBUG [180917] [] admin_no is 1
2021-05-08 18:24:58,079 DEBUG [180917] [] showAction end
2021-05-08 18:24:58,079 DEBUG [180917] [] ExcelSubjectAreaListController end
2021-05-08 18:24:58,079 DEBUG [180917] [] finally
2021-05-08 18:24:58,103 DEBUG [180917] [] Request URI : /eccadmin_dev/ExcelSubjectAreaList/viewExcelList
2021-05-08 18:24:58,104 DEBUG [180917] [] ExcelSubjectAreaListController start
2021-05-08 18:24:58,104 DEBUG [180917] [] controllers/ExcelSubjectAreaListController.php: is exist
2021-05-08 18:24:58,104 DEBUG [180917] [] ExcelSubjectAreaListForm: is exist
2021-05-08 18:24:58,104 DEBUG [180917] [] ExcelSubjectAreaListForm: form value set 
2021-05-08 18:24:58,105 DEBUG [180917] [] ------------------------------/eccadmin_dev/ExcelSubjectAreaList/viewExcelList
2021-05-08 18:24:58,105 DEBUG [180917] [] viewExcelListAction start
2021-05-08 18:24:58,225 DEBUG [180917] [] viewExcelListAction end
2021-05-08 18:24:58,225 DEBUG [180917] [] ExcelSubjectAreaListController end
2021-05-08 18:24:58,225 DEBUG [180917] [] finally
2021-05-08 18:25:00,181 DEBUG [180917] [] Request URI : /eccadmin_dev/ExcelSubjectAreaList/isValid
2021-05-08 18:25:00,182 DEBUG [180917] [] ExcelSubjectAreaListController start
2021-05-08 18:25:00,182 DEBUG [180917] [] controllers/ExcelSubjectAreaListController.php: is exist
2021-05-08 18:25:00,182 DEBUG [180917] [] ExcelSubjectAreaListForm: is exist
2021-05-08 18:25:00,182 DEBUG [180917] [] ExcelSubjectAreaListForm: form value set 
2021-05-08 18:25:00,183 DEBUG [180917] [] ------------------------------/eccadmin_dev/ExcelSubjectAreaList/isValid
2021-05-08 18:25:00,183 DEBUG [180917] [] isValidAction start
2021-05-08 18:25:00,183 DEBUG [180917] [] admin_no is 1
2021-05-08 18:25:00,184 DEBUG [180917] [] admin_no is 1
2021-05-08 18:25:00,187 DEBUG [180917] [] subject_area_no
2021-05-08 18:25:00,189 DEBUG [180917] [] subject_area_no
2021-05-08 18:25:00,191 DEBUG [180917] [] subject_area_no
2021-05-08 18:25:00,193 DEBUG [180917] [] isValidAction end
2021-05-08 18:25:00,193 DEBUG [180917] [] ExcelSubjectAreaListController end
2021-05-08 18:25:00,198 DEBUG [180917] [] finally
2021-05-08 18:25:00,216 DEBUG [180917] [] Request URI : /eccadmin_dev/ExcelSubjectAreaList
2021-05-08 18:25:00,217 DEBUG [180917] [] ExcelSubjectAreaListController start
2021-05-08 18:25:00,217 DEBUG [180917] [] controllers/ExcelSubjectAreaListController.php: is exist
2021-05-08 18:25:00,217 DEBUG [180917] [] ExcelSubjectAreaListForm: is exist
2021-05-08 18:25:00,217 DEBUG [180917] [] ExcelSubjectAreaListForm: form value set 
2021-05-08 18:25:00,217 DEBUG [180917] [] ------------------------------/eccadmin_dev/ExcelSubjectAreaList
2021-05-08 18:25:00,218 DEBUG [180917] [] indexAction start
2021-05-08 18:25:00,218 DEBUG [180917] [] admin_no is 1
2021-05-08 18:25:00,293 DEBUG [180917] [] indexAction end
2021-05-08 18:25:00,293 DEBUG [180917] [] ExcelSubjectAreaListController end
2021-05-08 18:25:00,293 DEBUG [180917] [] finally
2021-05-08 18:26:52,897 DEBUG [183188] [] Request URI : /eccadmin_dev/ExcelSubjectList
2021-05-08 18:26:52,898 DEBUG [183188] [] ExcelSubjectListController start
2021-05-08 18:26:52,898 DEBUG [183188] [] controllers/ExcelSubjectListController.php: is exist
2021-05-08 18:26:52,899 DEBUG [183188] [] ExcelSubjectListForm: is exist
2021-05-08 18:26:52,899 DEBUG [183188] [] ExcelSubjectListForm: form value set 
2021-05-08 18:26:52,899 DEBUG [183188] [] ------------------------------/eccadmin_dev/ExcelSubjectList
2021-05-08 18:26:52,899 DEBUG [183188] [] indexAction start
2021-05-08 18:26:52,900 DEBUG [183188] [] admin_no is 1
2021-05-08 18:26:52,978 DEBUG [183188] [] indexAction end
2021-05-08 18:26:52,978 DEBUG [183188] [] ExcelSubjectListController end
2021-05-08 18:26:52,978 DEBUG [183188] [] finally
2021-05-08 18:29:00,948 DEBUG [174057] [] Request URI : /eccadmin_dev/ExcelSubjectList
2021-05-08 18:29:00,949 DEBUG [174057] [] ExcelSubjectListController start
2021-05-08 18:29:00,949 DEBUG [174057] [] controllers/ExcelSubjectListController.php: is exist
2021-05-08 18:29:00,951 DEBUG [174057] [] ExcelSubjectListForm: is exist
2021-05-08 18:29:00,951 DEBUG [174057] [] ExcelSubjectListForm: form value set 
2021-05-08 18:29:00,951 DEBUG [174057] [] ------------------------------/eccadmin_dev/ExcelSubjectList
2021-05-08 18:29:00,951 DEBUG [174057] [] indexAction start
2021-05-08 18:29:00,952 DEBUG [174057] [] admin_no is 1
2021-05-08 18:29:01,025 DEBUG [174057] [] indexAction end
2021-05-08 18:29:01,025 DEBUG [174057] [] ExcelSubjectListController end
2021-05-08 18:29:01,025 DEBUG [174057] [] finally
2021-05-08 18:29:02,345 DEBUG [174057] [] Request URI : /eccadmin_dev/ExcelSubjectList/newExcelWoc
2021-05-08 18:29:02,345 DEBUG [174057] [] ExcelSubjectListController start
2021-05-08 18:29:02,345 DEBUG [174057] [] controllers/ExcelSubjectListController.php: is exist
2021-05-08 18:29:02,346 DEBUG [174057] [] ExcelSubjectListForm: is exist
2021-05-08 18:29:02,346 DEBUG [174057] [] ExcelSubjectListForm: form value set 
2021-05-08 18:29:02,346 DEBUG [174057] [] ------------------------------/eccadmin_dev/ExcelSubjectList/newExcelWoc
2021-05-08 18:29:02,346 DEBUG [174057] [] ------------------------------/eccadmin_dev/ExcelSubjectList/newExcelWoc
2021-05-08 18:29:02,347 DEBUG [174057] [] newExcelWocAction start
2021-05-08 18:29:02,347 DEBUG [174057] [] admin_no is 1
2021-05-08 18:30:55,170 DEBUG [182859] [] Request URI : /eccadmin_dev/ExcelLessonManagerList
2021-05-08 18:30:55,170 DEBUG [182859] [] ExcelLessonManagerListController start
2021-05-08 18:30:55,171 DEBUG [182859] [] controllers/ExcelLessonManagerListController.php: is exist
2021-05-08 18:30:55,171 DEBUG [182859] [] ExcelLessonManagerListForm: is exist
2021-05-08 18:30:55,171 DEBUG [182859] [] ExcelLessonManagerListForm: form value set 
2021-05-08 18:30:55,172 DEBUG [182859] [] ------------------------------/eccadmin_dev/ExcelLessonManagerList
2021-05-08 18:30:55,172 DEBUG [182859] [] indexAction start
2021-05-08 18:30:55,172 DEBUG [182859] [] admin_no is 1
2021-05-08 18:30:55,297 DEBUG [182859] [] indexAction end
2021-05-08 18:30:55,297 DEBUG [182859] [] ExcelLessonManagerListController end
2021-05-08 18:30:55,297 DEBUG [182859] [] finally
2021-05-08 18:30:57,175 DEBUG [182859] [] Request URI : /eccadmin_dev/ExcelSubjectList
2021-05-08 18:30:57,176 DEBUG [182859] [] ExcelSubjectListController start
2021-05-08 18:30:57,176 DEBUG [182859] [] controllers/ExcelSubjectListController.php: is exist
2021-05-08 18:30:57,176 DEBUG [182859] [] ExcelSubjectListForm: is exist
2021-05-08 18:30:57,177 DEBUG [182859] [] ExcelSubjectListForm: form value set 
2021-05-08 18:30:57,177 DEBUG [182859] [] ------------------------------/eccadmin_dev/ExcelSubjectList
2021-05-08 18:30:57,177 DEBUG [182859] [] indexAction start
2021-05-08 18:30:57,177 DEBUG [182859] [] admin_no is 1
2021-05-08 18:30:57,254 DEBUG [182859] [] indexAction end
2021-05-08 18:30:57,254 DEBUG [182859] [] ExcelSubjectListController end
2021-05-08 18:30:57,254 DEBUG [182859] [] finally
2021-05-08 18:31:11,044 DEBUG [173635] [] Request URI : /eccadmin_dev/ExcelSubjectList/show
2021-05-08 18:31:11,044 DEBUG [173635] [] ExcelSubjectListController start
2021-05-08 18:31:11,044 DEBUG [173635] [] controllers/ExcelSubjectListController.php: is exist
2021-05-08 18:31:11,045 DEBUG [173635] [] ExcelSubjectListForm: is exist
2021-05-08 18:31:11,045 DEBUG [173635] [] ExcelSubjectListForm: form value set 
2021-05-08 18:31:11,045 DEBUG [173635] [] ------------------------------/eccadmin_dev/ExcelSubjectList/show
2021-05-08 18:31:11,046 DEBUG [173635] [] showAction start
2021-05-08 18:31:11,046 DEBUG [173635] [] admin_no is 1
2021-05-08 18:31:11,076 DEBUG [173635] [] showAction end
2021-05-08 18:31:11,076 DEBUG [173635] [] ExcelSubjectListController end
2021-05-08 18:31:11,076 DEBUG [173635] [] finally
2021-05-08 18:31:11,096 DEBUG [173635] [] Request URI : /eccadmin_dev/ExcelSubjectList/viewExcelList
2021-05-08 18:31:11,096 DEBUG [173635] [] ExcelSubjectListController start
2021-05-08 18:31:11,096 DEBUG [173635] [] controllers/ExcelSubjectListController.php: is exist
2021-05-08 18:31:11,097 DEBUG [173635] [] ExcelSubjectListForm: is exist
2021-05-08 18:31:11,097 DEBUG [173635] [] ExcelSubjectListForm: form value set 
2021-05-08 18:31:11,097 DEBUG [173635] [] ------------------------------/eccadmin_dev/ExcelSubjectList/viewExcelList
2021-05-08 18:31:11,097 DEBUG [173635] [] viewExcelListAction start
2021-05-08 18:31:11,097 DEBUG [173635] [] admin_no is 1
2021-05-08 18:31:11,219 DEBUG [173635] [] viewExcelListAction end
2021-05-08 18:31:11,219 DEBUG [173635] [] ExcelSubjectListController end
2021-05-08 18:31:11,219 DEBUG [173635] [] finally
2021-05-08 18:31:18,077 DEBUG [166892] [] Request URI : /eccadmin_dev/ExcelSubjectList/duplicateCheckWoc
2021-05-08 18:31:18,078 DEBUG [166892] [] ExcelSubjectListController start
2021-05-08 18:31:18,078 DEBUG [166892] [] controllers/ExcelSubjectListController.php: is exist
2021-05-08 18:31:18,078 DEBUG [166892] [] ExcelSubjectListForm: is exist
2021-05-08 18:31:18,079 DEBUG [166892] [] ExcelSubjectListForm: form value set 
2021-05-08 18:31:18,079 DEBUG [166892] [] ------------------------------/eccadmin_dev/ExcelSubjectList/duplicateCheckWoc
2021-05-08 18:31:18,079 DEBUG [166892] [] ------------------------------/eccadmin_dev/ExcelSubjectList/duplicateCheckWoc
2021-05-08 18:31:18,079 DEBUG [166892] [] duplicateCheckWocAction start
2021-05-08 18:31:18,080 DEBUG [166892] [] admin_no is 1
2021-05-08 18:31:18,209 DEBUG [166892] [] duplicateCheckWocAction end
2021-05-08 18:31:18,209 DEBUG [166892] [] ExcelSubjectListController end
2021-05-08 18:31:18,209 DEBUG [166892] [] finally
2021-05-08 18:33:32,852 DEBUG [182859] [] Request URI : /eccadmin_dev/ExcelSubjectList/show
2021-05-08 18:33:32,852 DEBUG [182859] [] ExcelSubjectListController start
2021-05-08 18:33:32,852 DEBUG [182859] [] controllers/ExcelSubjectListController.php: is exist
2021-05-08 18:33:32,853 DEBUG [182859] [] ExcelSubjectListForm: is exist
2021-05-08 18:33:32,853 DEBUG [182859] [] ExcelSubjectListForm: form value set 
2021-05-08 18:33:32,853 DEBUG [182859] [] ------------------------------/eccadmin_dev/ExcelSubjectList/show
2021-05-08 18:33:32,854 DEBUG [182859] [] showAction start
2021-05-08 18:33:32,854 DEBUG [182859] [] admin_no is 1
2021-05-08 18:33:32,876 DEBUG [182859] [] showAction end
2021-05-08 18:33:32,876 DEBUG [182859] [] ExcelSubjectListController end
2021-05-08 18:33:32,876 DEBUG [182859] [] finally
2021-05-08 18:33:32,926 DEBUG [182859] [] Request URI : /eccadmin_dev/ExcelSubjectList/viewExcelList
2021-05-08 18:33:32,926 DEBUG [182859] [] ExcelSubjectListController start
2021-05-08 18:33:32,926 DEBUG [182859] [] controllers/ExcelSubjectListController.php: is exist
2021-05-08 18:33:32,927 DEBUG [182859] [] ExcelSubjectListForm: is exist
2021-05-08 18:33:32,927 DEBUG [182859] [] ExcelSubjectListForm: form value set 
2021-05-08 18:33:32,927 DEBUG [182859] [] ------------------------------/eccadmin_dev/ExcelSubjectList/viewExcelList
2021-05-08 18:33:32,927 DEBUG [182859] [] viewExcelListAction start
2021-05-08 18:33:32,928 DEBUG [182859] [] admin_no is 1
2021-05-08 18:33:33,046 DEBUG [182859] [] viewExcelListAction end
2021-05-08 18:33:33,046 DEBUG [182859] [] ExcelSubjectListController end
2021-05-08 18:33:33,047 DEBUG [182859] [] finally
2021-05-08 18:33:35,180 DEBUG [182859] [] Request URI : /eccadmin_dev/ExcelSubjectList/duplicateCheckWoc
2021-05-08 18:33:35,181 DEBUG [182859] [] ExcelSubjectListController start
2021-05-08 18:33:35,181 DEBUG [182859] [] controllers/ExcelSubjectListController.php: is exist
2021-05-08 18:33:35,181 DEBUG [182859] [] ExcelSubjectListForm: is exist
2021-05-08 18:33:35,182 DEBUG [182859] [] ExcelSubjectListForm: form value set 
2021-05-08 18:33:35,182 DEBUG [182859] [] ------------------------------/eccadmin_dev/ExcelSubjectList/duplicateCheckWoc
2021-05-08 18:33:35,182 DEBUG [182859] [] ------------------------------/eccadmin_dev/ExcelSubjectList/duplicateCheckWoc
2021-05-08 18:33:35,182 DEBUG [182859] [] duplicateCheckWocAction start
2021-05-08 18:33:35,183 DEBUG [182859] [] admin_no is 1
2021-05-08 18:33:35,312 DEBUG [182859] [] duplicateCheckWocAction end
2021-05-08 18:33:35,312 DEBUG [182859] [] ExcelSubjectListController end
2021-05-08 18:33:35,312 DEBUG [182859] [] finally
2021-05-08 18:53:00,035 DEBUG [166892] [] Request URI : /eccadmin_dev/ExcelSubjectList
2021-05-08 18:53:00,035 DEBUG [166892] [] ExcelSubjectListController start
2021-05-08 18:53:00,035 DEBUG [166892] [] controllers/ExcelSubjectListController.php: is exist
2021-05-08 18:53:00,037 DEBUG [166892] [] ExcelSubjectListForm: is exist
2021-05-08 18:53:00,037 DEBUG [166892] [] ExcelSubjectListForm: form value set 
2021-05-08 18:53:00,037 DEBUG [166892] [] ------------------------------/eccadmin_dev/ExcelSubjectList
2021-05-08 18:53:00,037 DEBUG [166892] [] indexAction start
2021-05-08 18:53:00,038 DEBUG [166892] [] admin_no is 1
2021-05-08 18:53:00,115 DEBUG [166892] [] indexAction end
2021-05-08 18:53:00,115 DEBUG [166892] [] ExcelSubjectListController end
2021-05-08 18:53:00,116 DEBUG [166892] [] finally
2021-05-08 18:53:12,724 DEBUG [180923] [] Request URI : /eccadmin_dev/ExcelSubjectList/show
2021-05-08 18:53:12,725 DEBUG [180923] [] ExcelSubjectListController start
2021-05-08 18:53:12,725 DEBUG [180923] [] controllers/ExcelSubjectListController.php: is exist
2021-05-08 18:53:12,725 DEBUG [180923] [] ExcelSubjectListForm: is exist
2021-05-08 18:53:12,726 DEBUG [180923] [] ExcelSubjectListForm: form value set 
2021-05-08 18:53:12,726 DEBUG [180923] [] ------------------------------/eccadmin_dev/ExcelSubjectList/show
2021-05-08 18:53:12,726 DEBUG [180923] [] showAction start
2021-05-08 18:53:12,726 DEBUG [180923] [] admin_no is 1
2021-05-08 18:53:12,727 DEBUG [180923] [] showAction end
2021-05-08 18:53:12,727 DEBUG [180923] [] ExcelSubjectListController end
2021-05-08 18:53:12,727 DEBUG [180923] [] finally
2021-05-08 18:53:12,750 DEBUG [180923] [] Request URI : /eccadmin_dev/ExcelSubjectList/viewExcelList
2021-05-08 18:53:12,751 DEBUG [180923] [] ExcelSubjectListController start
2021-05-08 18:53:12,751 DEBUG [180923] [] controllers/ExcelSubjectListController.php: is exist
2021-05-08 18:53:12,751 DEBUG [180923] [] ExcelSubjectListForm: is exist
2021-05-08 18:53:12,751 DEBUG [180923] [] ExcelSubjectListForm: form value set 
2021-05-08 18:53:12,752 DEBUG [180923] [] ------------------------------/eccadmin_dev/ExcelSubjectList/viewExcelList
2021-05-08 18:53:12,752 DEBUG [180923] [] viewExcelListAction start
2021-05-08 18:53:12,752 DEBUG [180923] [] admin_no is 1
2021-05-08 18:53:12,870 DEBUG [180923] [] viewExcelListAction end
2021-05-08 18:53:12,870 DEBUG [180923] [] ExcelSubjectListController end
2021-05-08 18:53:12,871 DEBUG [180923] [] finally
2021-05-08 18:53:15,257 DEBUG [180923] [] Request URI : /eccadmin_dev/ExcelSubjectList/duplicateCheckWoc
2021-05-08 18:53:15,258 DEBUG [180923] [] ExcelSubjectListController start
2021-05-08 18:53:15,258 DEBUG [180923] [] controllers/ExcelSubjectListController.php: is exist
2021-05-08 18:53:15,258 DEBUG [180923] [] ExcelSubjectListForm: is exist
2021-05-08 18:53:15,258 DEBUG [180923] [] ExcelSubjectListForm: form value set 
2021-05-08 18:53:15,259 DEBUG [180923] [] ------------------------------/eccadmin_dev/ExcelSubjectList/duplicateCheckWoc
2021-05-08 18:53:15,259 DEBUG [180923] [] ------------------------------/eccadmin_dev/ExcelSubjectList/duplicateCheckWoc
2021-05-08 18:53:15,259 DEBUG [180923] [] duplicateCheckWocAction start
2021-05-08 18:53:15,259 DEBUG [180923] [] admin_no is 1
2021-05-08 18:53:15,385 DEBUG [180923] [] duplicateCheckWocAction end
2021-05-08 18:53:15,385 DEBUG [180923] [] ExcelSubjectListController end
2021-05-08 18:53:15,385 DEBUG [180923] [] finally
2021-05-08 18:53:35,479 DEBUG [184915] [] Request URI : /eccadmin_dev/ExcelSubjectList
2021-05-08 18:53:35,480 DEBUG [184915] [] ExcelSubjectListController start
2021-05-08 18:53:35,480 DEBUG [184915] [] controllers/ExcelSubjectListController.php: is exist
2021-05-08 18:53:35,481 DEBUG [184915] [] ExcelSubjectListForm: is exist
2021-05-08 18:53:35,481 DEBUG [184915] [] ExcelSubjectListForm: form value set 
2021-05-08 18:53:35,482 DEBUG [184915] [] ------------------------------/eccadmin_dev/ExcelSubjectList
2021-05-08 18:53:35,482 DEBUG [184915] [] indexAction start
2021-05-08 18:53:35,482 DEBUG [184915] [] admin_no is 1
2021-05-08 18:53:35,563 DEBUG [184915] [] indexAction end
2021-05-08 18:53:35,563 DEBUG [184915] [] ExcelSubjectListController end
2021-05-08 18:53:35,563 DEBUG [184915] [] finally
2021-05-08 18:53:44,096 DEBUG [183188] [] Request URI : /eccadmin_dev/ExcelSubjectList/show
2021-05-08 18:53:44,097 DEBUG [183188] [] ExcelSubjectListController start
2021-05-08 18:53:44,097 DEBUG [183188] [] controllers/ExcelSubjectListController.php: is exist
2021-05-08 18:53:44,097 DEBUG [183188] [] ExcelSubjectListForm: is exist
2021-05-08 18:53:44,098 DEBUG [183188] [] ExcelSubjectListForm: form value set 
2021-05-08 18:53:44,098 DEBUG [183188] [] ------------------------------/eccadmin_dev/ExcelSubjectList/show
2021-05-08 18:53:44,098 DEBUG [183188] [] showAction start
2021-05-08 18:53:44,098 DEBUG [183188] [] admin_no is 1
2021-05-08 18:53:44,099 DEBUG [183188] [] showAction end
2021-05-08 18:53:44,099 DEBUG [183188] [] ExcelSubjectListController end
2021-05-08 18:53:44,099 DEBUG [183188] [] finally
2021-05-08 18:53:44,123 DEBUG [183188] [] Request URI : /eccadmin_dev/ExcelSubjectList/viewExcelList
2021-05-08 18:53:44,123 DEBUG [183188] [] ExcelSubjectListController start
2021-05-08 18:53:44,123 DEBUG [183188] [] controllers/ExcelSubjectListController.php: is exist
2021-05-08 18:53:44,123 DEBUG [183188] [] ExcelSubjectListForm: is exist
2021-05-08 18:53:44,124 DEBUG [183188] [] ExcelSubjectListForm: form value set 
2021-05-08 18:53:44,124 DEBUG [183188] [] ------------------------------/eccadmin_dev/ExcelSubjectList/viewExcelList
2021-05-08 18:53:44,124 DEBUG [183188] [] viewExcelListAction start
2021-05-08 18:53:44,124 DEBUG [183188] [] admin_no is 1
2021-05-08 18:53:44,238 DEBUG [183188] [] viewExcelListAction end
2021-05-08 18:53:44,238 DEBUG [183188] [] ExcelSubjectListController end
2021-05-08 18:53:44,239 DEBUG [183188] [] finally
2021-05-08 18:53:46,037 DEBUG [183188] [] Request URI : /eccadmin_dev/ExcelSubjectList/duplicateCheckWoc
2021-05-08 18:53:46,037 DEBUG [183188] [] ExcelSubjectListController start
2021-05-08 18:53:46,038 DEBUG [183188] [] controllers/ExcelSubjectListController.php: is exist
2021-05-08 18:53:46,038 DEBUG [183188] [] ExcelSubjectListForm: is exist
2021-05-08 18:53:46,038 DEBUG [183188] [] ExcelSubjectListForm: form value set 
2021-05-08 18:53:46,038 DEBUG [183188] [] ------------------------------/eccadmin_dev/ExcelSubjectList/duplicateCheckWoc
2021-05-08 18:53:46,039 DEBUG [183188] [] ------------------------------/eccadmin_dev/ExcelSubjectList/duplicateCheckWoc
2021-05-08 18:53:46,039 DEBUG [183188] [] duplicateCheckWocAction start
2021-05-08 18:53:46,039 DEBUG [183188] [] admin_no is 1
2021-05-08 18:53:46,047 DEBUG [183188] [] admin_no is 1
2021-05-08 18:53:46,048 DEBUG [183188] [] subject_no
2021-05-08 18:53:46,050 DEBUG [183188] [] subject_no
2021-05-08 18:53:46,052 DEBUG [183188] [] subject_no
2021-05-08 18:53:46,054 DEBUG [183188] [] subject_no
2021-05-08 18:53:46,056 DEBUG [183188] [] duplicateCheckWocAction end
2021-05-08 18:53:46,056 DEBUG [183188] [] ExcelSubjectListController end
2021-05-08 18:53:46,062 DEBUG [183188] [] finally
2021-05-08 18:53:46,085 DEBUG [183188] [] Request URI : /eccadmin_dev/ExcelSubjectList
2021-05-08 18:53:46,086 DEBUG [183188] [] ExcelSubjectListController start
2021-05-08 18:53:46,086 DEBUG [183188] [] controllers/ExcelSubjectListController.php: is exist
2021-05-08 18:53:46,086 DEBUG [183188] [] ExcelSubjectListForm: is exist
2021-05-08 18:53:46,086 DEBUG [183188] [] ExcelSubjectListForm: form value set 
2021-05-08 18:53:46,086 DEBUG [183188] [] ------------------------------/eccadmin_dev/ExcelSubjectList
2021-05-08 18:53:46,087 DEBUG [183188] [] indexAction start
2021-05-08 18:53:46,087 DEBUG [183188] [] admin_no is 1
2021-05-08 18:53:46,164 DEBUG [183188] [] indexAction end
2021-05-08 18:53:46,164 DEBUG [183188] [] ExcelSubjectListController end
2021-05-08 18:53:46,164 DEBUG [183188] [] finally
2021-05-08 18:55:05,313 DEBUG [174057] [] Request URI : /eccadmin_dev/ExcelSubjectList/show
2021-05-08 18:55:05,314 DEBUG [174057] [] ExcelSubjectListController start
2021-05-08 18:55:05,314 DEBUG [174057] [] controllers/ExcelSubjectListController.php: is exist
2021-05-08 18:55:05,315 DEBUG [174057] [] ExcelSubjectListForm: is exist
2021-05-08 18:55:05,315 DEBUG [174057] [] ExcelSubjectListForm: form value set 
2021-05-08 18:55:05,315 DEBUG [174057] [] ------------------------------/eccadmin_dev/ExcelSubjectList/show
2021-05-08 18:55:05,316 DEBUG [174057] [] showAction start
2021-05-08 18:55:05,316 DEBUG [174057] [] admin_no is 1
2021-05-08 18:55:05,316 DEBUG [174057] [] showAction end
2021-05-08 18:55:05,316 DEBUG [174057] [] ExcelSubjectListController end
2021-05-08 18:55:05,316 DEBUG [174057] [] finally
2021-05-08 18:55:05,336 DEBUG [174057] [] Request URI : /eccadmin_dev/ExcelSubjectList/viewExcelList
2021-05-08 18:55:05,337 DEBUG [174057] [] ExcelSubjectListController start
2021-05-08 18:55:05,337 DEBUG [174057] [] controllers/ExcelSubjectListController.php: is exist
2021-05-08 18:55:05,337 DEBUG [174057] [] ExcelSubjectListForm: is exist
2021-05-08 18:55:05,337 DEBUG [174057] [] ExcelSubjectListForm: form value set 
2021-05-08 18:55:05,338 DEBUG [174057] [] ------------------------------/eccadmin_dev/ExcelSubjectList/viewExcelList
2021-05-08 18:55:05,338 DEBUG [174057] [] viewExcelListAction start
2021-05-08 18:55:05,338 DEBUG [174057] [] admin_no is 1
2021-05-08 18:55:05,454 DEBUG [174057] [] viewExcelListAction end
2021-05-08 18:55:05,454 DEBUG [174057] [] ExcelSubjectListController end
2021-05-08 18:55:05,455 DEBUG [174057] [] finally
2021-05-08 18:55:08,030 DEBUG [174057] [] Request URI : /eccadmin_dev/ExcelSubjectList/duplicateCheckWoc
2021-05-08 18:55:08,031 DEBUG [174057] [] ExcelSubjectListController start
2021-05-08 18:55:08,031 DEBUG [174057] [] controllers/ExcelSubjectListController.php: is exist
2021-05-08 18:55:08,031 DEBUG [174057] [] ExcelSubjectListForm: is exist
2021-05-08 18:55:08,032 DEBUG [174057] [] ExcelSubjectListForm: form value set 
2021-05-08 18:55:08,032 DEBUG [174057] [] ------------------------------/eccadmin_dev/ExcelSubjectList/duplicateCheckWoc
2021-05-08 18:55:08,032 DEBUG [174057] [] ------------------------------/eccadmin_dev/ExcelSubjectList/duplicateCheckWoc
2021-05-08 18:55:08,032 DEBUG [174057] [] duplicateCheckWocAction start
2021-05-08 18:55:08,033 DEBUG [174057] [] admin_no is 1
2021-05-08 18:55:08,040 DEBUG [174057] [] admin_no is 1
2021-05-08 18:55:08,041 DEBUG [174057] [] subject_no
2021-05-08 18:55:08,043 DEBUG [174057] [] subject_no
2021-05-08 18:55:08,049 DEBUG [174057] [] subject_no
2021-05-08 18:55:08,051 DEBUG [174057] [] subject_no
2021-05-08 18:55:08,054 DEBUG [174057] [] duplicateCheckWocAction end
2021-05-08 18:55:08,054 DEBUG [174057] [] ExcelSubjectListController end
2021-05-08 18:55:08,054 DEBUG [174057] [] finally
2021-05-08 18:55:08,072 DEBUG [174057] [] Request URI : /eccadmin_dev/ExcelSubjectList
2021-05-08 18:55:08,073 DEBUG [174057] [] ExcelSubjectListController start
2021-05-08 18:55:08,073 DEBUG [174057] [] controllers/ExcelSubjectListController.php: is exist
2021-05-08 18:55:08,073 DEBUG [174057] [] ExcelSubjectListForm: is exist
2021-05-08 18:55:08,073 DEBUG [174057] [] ExcelSubjectListForm: form value set 
2021-05-08 18:55:08,074 DEBUG [174057] [] ------------------------------/eccadmin_dev/ExcelSubjectList
2021-05-08 18:55:08,074 DEBUG [174057] [] indexAction start
2021-05-08 18:55:08,074 DEBUG [174057] [] admin_no is 1
2021-05-08 18:55:08,150 DEBUG [174057] [] indexAction end
2021-05-08 18:55:08,150 DEBUG [174057] [] ExcelSubjectListController end
2021-05-08 18:55:08,150 DEBUG [174057] [] finally
