2021-02-05 17:15:23,984 DEBUG [23017] [] Request URI : /eccadmin_dev/Login
2021-02-05 17:15:24,004 DEBUG [23017] [] LoginController start
2021-02-05 17:15:24,004 DEBUG [23017] [] controllers/LoginController.php: is exist
2021-02-05 17:15:24,004 DEBUG [23017] [] LoginForm: is exist
2021-02-05 17:15:24,005 DEBUG [23017] [] LoginForm: form value set 
2021-02-05 17:15:24,005 DEBUG [23017] [] ------------------------------/eccadmin_dev/Login
2021-02-05 17:15:24,005 DEBUG [23017] [] ------------------------------login_start_check
2021-02-05 17:15:24,005 DEBUG [23017] [] indexAction start
2021-02-05 17:15:24,054 DEBUG [23017] [] indexAction end
2021-02-05 17:15:24,054 DEBUG [23017] [] LoginController end
2021-02-05 17:15:24,054 DEBUG [23017] [] finally
2021-02-05 17:15:26,944 DEBUG [17280] [] Request URI : /eccadmin_dev/Login/login
2021-02-05 17:15:26,945 DEBUG [17280] [] LoginController start
2021-02-05 17:15:26,945 DEBUG [17280] [] controllers/LoginController.php: is exist
2021-02-05 17:15:26,945 DEBUG [17280] [] LoginForm: is exist
2021-02-05 17:15:26,946 DEBUG [17280] [] LoginForm: form value set 
2021-02-05 17:15:26,946 DEBUG [17280] [] ------------------------------/eccadmin_dev/Login/login
2021-02-05 17:15:26,946 DEBUG [17280] [] ------------------------------login_start_check
2021-02-05 17:15:26,946 DEBUG [17280] [] loginAction start
2021-02-05 17:15:27,252 DEBUG [17280] [] loginAction end
2021-02-05 17:15:27,252 DEBUG [17280] [] LoginController end
2021-02-05 17:15:27,252 DEBUG [17280] [] finally
2021-02-05 17:15:27,283 DEBUG [17280] [] Request URI : /eccadmin_dev/Menu
2021-02-05 17:15:27,284 DEBUG [17280] [] MenuController start
2021-02-05 17:15:27,284 DEBUG [17280] [] controllers/MenuController.php: is exist
2021-02-05 17:15:27,284 DEBUG [17280] [] MenuForm: is exist
2021-02-05 17:15:27,284 DEBUG [17280] [] MenuForm: form value set 
2021-02-05 17:15:27,285 DEBUG [17280] [] ------------------------------/eccadmin_dev/Menu
2021-02-05 17:15:27,285 DEBUG [17280] [] ------------------------------login_start_check
2021-02-05 17:15:27,285 DEBUG [17280] [] indexAction start
2021-02-05 17:15:27,285 DEBUG [17280] [] admin_no is 1
2021-02-05 17:15:27,332 DEBUG [17280] [] indexAction end
2021-02-05 17:15:27,332 DEBUG [17280] [] MenuController end
2021-02-05 17:15:27,332 DEBUG [17280] [] finally
2021-02-05 17:17:12,617 DEBUG [17281] [] Request URI : /eccadmin_dev/CourseContractList
2021-02-05 17:17:12,617 DEBUG [17281] [] CourseContractListController start
2021-02-05 17:17:12,634 DEBUG [17281] [] controllers/CourseContractListController.php: is exist
2021-02-05 17:17:12,703 DEBUG [17281] [] CourseContractListForm: is exist
2021-02-05 17:17:12,707 DEBUG [17281] [] CourseContractListForm: form value set 
2021-02-05 17:17:12,708 DEBUG [17281] [] ------------------------------/eccadmin_dev/CourseContractList
2021-02-05 17:17:12,708 DEBUG [17281] [] indexAction start
2021-02-05 17:17:12,708 DEBUG [17281] [] admin_no is 1
2021-02-05 17:17:12,865 DEBUG [17281] [] indexAction end
2021-02-05 17:17:12,865 DEBUG [17281] [] CourseContractListController end
2021-02-05 17:17:12,865 DEBUG [17281] [] finally
2021-02-05 17:17:16,588 DEBUG [17208] [] Request URI : /eccadmin_dev/CourseContractRegist/index
2021-02-05 17:17:16,589 DEBUG [17208] [] CourseContractRegistController start
2021-02-05 17:17:16,590 DEBUG [17208] [] controllers/CourseContractRegistController.php: is exist
2021-02-05 17:17:16,667 DEBUG [17208] [] CourseContractRegistForm: is exist
2021-02-05 17:17:16,671 DEBUG [17208] [] CourseContractRegistForm: form value set 
2021-02-05 17:17:16,671 DEBUG [17208] [] ------------------------------/eccadmin_dev/CourseContractRegist/index
2021-02-05 17:17:16,671 DEBUG [17208] [] ------------------------------session_check_true
2021-02-05 17:17:16,672 DEBUG [17208] [] indexAction start
2021-02-05 17:17:16,672 DEBUG [17208] [] admin_no is 1
2021-02-05 17:17:16,759 DEBUG [17208] [] indexAction end
2021-02-05 17:17:16,759 DEBUG [17208] [] CourseContractRegistController end
2021-02-05 17:17:16,759 DEBUG [17208] [] finally
2021-02-05 17:17:21,562 DEBUG [17280] [] Request URI : /eccadmin_dev/CourseStudentRegist/index
2021-02-05 17:17:21,563 DEBUG [17280] [] CourseStudentRegistController start
2021-02-05 17:17:21,591 DEBUG [17280] [] controllers/CourseStudentRegistController.php: is exist
2021-02-05 17:17:21,653 DEBUG [17280] [] CourseStudentRegistForm: is exist
2021-02-05 17:17:21,660 DEBUG [17280] [] CourseStudentRegistForm: form value set 
2021-02-05 17:17:21,660 DEBUG [17280] [] ------------------------------/eccadmin_dev/CourseStudentRegist/index
2021-02-05 17:17:21,660 DEBUG [17280] [] ------------------------------session_check_true
2021-02-05 17:17:21,660 DEBUG [17280] [] indexAction start
2021-02-05 17:17:21,660 DEBUG [17280] [] admin_no is 1
2021-02-05 17:17:21,764 DEBUG [17280] [] indexAction end
2021-02-05 17:17:21,765 DEBUG [17280] [] CourseStudentRegistController end
2021-02-05 17:17:21,765 DEBUG [17280] [] finally
2021-02-05 17:17:25,313 DEBUG [17280] [] Request URI : /eccadmin_dev/CourseContractRegist/index
2021-02-05 17:17:25,314 DEBUG [17280] [] CourseContractRegistController start
2021-02-05 17:17:25,314 DEBUG [17280] [] controllers/CourseContractRegistController.php: is exist
2021-02-05 17:17:25,314 DEBUG [17280] [] CourseContractRegistForm: is exist
2021-02-05 17:17:25,314 DEBUG [17280] [] CourseContractRegistForm: form value set 
2021-02-05 17:17:25,315 DEBUG [17280] [] ------------------------------/eccadmin_dev/CourseContractRegist/index
2021-02-05 17:17:25,315 DEBUG [17280] [] ------------------------------session_check_true
2021-02-05 17:17:25,315 DEBUG [17280] [] indexAction start
2021-02-05 17:17:25,315 DEBUG [17280] [] admin_no is 1
2021-02-05 17:17:25,408 DEBUG [17280] [] indexAction end
2021-02-05 17:17:25,408 DEBUG [17280] [] CourseContractRegistController end
2021-02-05 17:17:25,408 DEBUG [17280] [] finally
2021-02-05 17:17:27,857 DEBUG [17280] [] Request URI : /eccadmin_dev/CourseStudentRegist/index
2021-02-05 17:17:27,858 DEBUG [17280] [] CourseStudentRegistController start
2021-02-05 17:17:27,858 DEBUG [17280] [] controllers/CourseStudentRegistController.php: is exist
2021-02-05 17:17:27,858 DEBUG [17280] [] CourseStudentRegistForm: is exist
2021-02-05 17:17:27,858 DEBUG [17280] [] CourseStudentRegistForm: form value set 
2021-02-05 17:17:27,859 DEBUG [17280] [] ------------------------------/eccadmin_dev/CourseStudentRegist/index
2021-02-05 17:17:27,859 DEBUG [17280] [] ------------------------------session_check_true
2021-02-05 17:17:27,859 DEBUG [17280] [] indexAction start
2021-02-05 17:17:27,859 DEBUG [17280] [] admin_no is 1
2021-02-05 17:17:27,934 DEBUG [17280] [] indexAction end
2021-02-05 17:17:27,934 DEBUG [17280] [] CourseStudentRegistController end
2021-02-05 17:17:27,934 DEBUG [17280] [] finally
2021-02-05 17:17:32,089 DEBUG [17280] [] Request URI : /eccadmin_dev/CourseContractRegist/index
2021-02-05 17:17:32,090 DEBUG [17280] [] CourseContractRegistController start
2021-02-05 17:17:32,090 DEBUG [17280] [] controllers/CourseContractRegistController.php: is exist
2021-02-05 17:17:32,090 DEBUG [17280] [] CourseContractRegistForm: is exist
2021-02-05 17:17:32,090 DEBUG [17280] [] CourseContractRegistForm: form value set 
2021-02-05 17:17:32,091 DEBUG [17280] [] ------------------------------/eccadmin_dev/CourseContractRegist/index
2021-02-05 17:17:32,091 DEBUG [17280] [] ------------------------------session_check_true
2021-02-05 17:17:32,091 DEBUG [17280] [] indexAction start
2021-02-05 17:17:32,091 DEBUG [17280] [] admin_no is 1
2021-02-05 17:17:32,158 DEBUG [17280] [] indexAction end
2021-02-05 17:17:32,158 DEBUG [17280] [] CourseContractRegistController end
2021-02-05 17:17:32,159 DEBUG [17280] [] finally
2021-02-05 17:17:35,175 DEBUG [17280] [] Request URI : /eccadmin_dev/CourseContractConfirmList
2021-02-05 17:17:35,176 DEBUG [17280] [] CourseContractConfirmListController start
2021-02-05 17:17:35,176 DEBUG [17280] [] controllers/CourseContractConfirmListController.php: is exist
2021-02-05 17:17:35,198 DEBUG [17280] [] CourseContractConfirmListForm: is exist
2021-02-05 17:17:35,210 DEBUG [17280] [] CourseContractConfirmListForm: form value set 
2021-02-05 17:17:35,210 DEBUG [17280] [] ------------------------------/eccadmin_dev/CourseContractConfirmList
2021-02-05 17:17:35,210 DEBUG [17280] [] indexAction start
2021-02-05 17:17:35,210 DEBUG [17280] [] admin_no is 1
2021-02-05 17:17:35,313 DEBUG [17280] [] indexAction end
2021-02-05 17:17:35,313 DEBUG [17280] [] CourseContractConfirmListController end
2021-02-05 17:17:35,313 DEBUG [17280] [] finally
2021-02-05 17:17:36,877 DEBUG [17280] [] Request URI : /eccadmin_dev/CourseContractConfirmList/Search
2021-02-05 17:17:36,878 DEBUG [17280] [] CourseContractConfirmListController start
2021-02-05 17:17:36,878 DEBUG [17280] [] controllers/CourseContractConfirmListController.php: is exist
2021-02-05 17:17:36,878 DEBUG [17280] [] CourseContractConfirmListForm: is exist
2021-02-05 17:17:36,878 DEBUG [17280] [] CourseContractConfirmListForm: form value set 
2021-02-05 17:17:36,879 DEBUG [17280] [] ------------------------------/eccadmin_dev/CourseContractConfirmList/Search
2021-02-05 17:17:36,879 DEBUG [17280] [] SearchAction start
2021-02-05 17:17:36,879 DEBUG [17280] [] admin_no is 1
2021-02-05 17:17:36,893 DEBUG [17280] [] CourseContractConfirmList　Query
2021-02-05 17:17:36,893 DEBUG [17280] []  SELECT   o.org_no    ,o.org_id  ,o.org_name  ,o.org_name_official  ,c.course_id  ,c.course_name  ,date_format(co.start_period,'%Y/%m/%d') AS  co_start_period ,date_format(co.end_period,'%Y/%m/%d') AS  co_end_period ,co.remarks  ,co.offer_no  ,d.course_detail_no  ,d.course_detail_name  ,s.student_no  ,s.student_name  ,s.login_id  ,date_format(cds.start_period,'%Y/%m/%d') AS cds_start_period  ,date_format(cds.end_period,'%Y/%m/%d') AS cds_end_period  ,date_format(answer.answer_dt,'%Y/%m/%d') AS a_answer_dt  ,date_format(r.update_dt,'%Y/%m/%d') AS u_update_dt  ,teacher.display_name AS display_name  ,teacher.login_id AS teacher_code ,teacher.name AS teacher_name ,teacher.school_kbn AS teacher_school   ,CONCAT(if (student_mark.result_marks IS NULL,'-', student_mark.result_marks ),'/',total_mark.marks) AS result  FROM M_ORGANIZATION o  INNER JOIN T_COURSE_ORG as co  ON co.org_no = o.org_no  AND co.del_flg = '0'  AND o.del_flg = '0'  INNER JOIN T_COURSE as c  ON c.course_id = co.course_id  AND c.del_flg = '0'  INNER JOIN T_COURSE_DETAIL as cd  ON cd.course_id = c.course_id  AND cd.del_flg = '0'  INNER JOIN T_DETAIL as d  ON d.course_detail_no = cd.course_detail_no  AND c.course_level = d.course_level  AND c.test_kbn = d.test_kbn  AND d.del_flg = '0'  LEFT JOIN T_COURSE_DETAIL_STUDENT as cds  ON cds.offer_no = co.offer_no  AND cds.course_id = c.course_id  AND cds.course_detail_no = cd.course_detail_no  AND cds.del_flg = '0'  LEFT JOIN T_STUDENT as s  ON s.org_no = co.org_no  AND s.student_no = cds.student_no  AND s.del_flg = '0'  LEFT JOIN T_4SKILL_RESULT as r  ON r.offer_no = co.offer_no  AND r.course_id = c.course_id  AND r.course_detail_no = cd.course_detail_no  AND r.student_no = cds.student_no  AND r.del_flg = '0'  LEFT JOIN ( SELECT teacher_no,  del_flg, display_name, login_id, name, CASE WHEN school_kbn = '001' THEN 'Philippines'  WHEN school_kbn = '002' THEN 'Japan' ELSE NULL END AS school_kbn  FROM T_TEACHER) teacher  ON r.updater_id = teacher.teacher_no  AND teacher.del_flg = '0'  LEFT JOIN (  SELECT offer_no  	,course_id course_id  	,course_detail_no course_detail_no  	,student_no  	,MIN(answer_dt) answer_dt  	FROM T_4SKILL_ANSWER  	WHERE del_flg = '0'   	GROUP BY offer_no,course_id,course_detail_no,student_no ) answer  ON c.course_id = answer.course_id  AND cd.course_detail_no = answer.course_detail_no  AND co.offer_no = answer.offer_no  AND s.student_no = answer.student_no  LEFT JOIN (  	SELECT a.offer_no ,a.student_no,a.course_id,a.course_detail_no,SUM(a.marks) as result_marks  	FROM (  		SELECT skill_answer.offer_no  		,skill_answer.student_no  		,skill_answer.course_id  		,skill_answer.course_detail_no  		,skill_result_detail.rule_no  		,skill_result_detail.sub_rule_no  		,skill_result_detail.rule_detail_no  		,mark_detail.marks  		FROM T_4SKILL_ANSWER skill_answer  		LEFT JOIN T_4SKILL_RESULT skill_result  		ON skill_answer.offer_no = skill_result.offer_no  		AND skill_answer.student_no = skill_result.student_no  		AND skill_answer.course_id = skill_result.course_id  		AND skill_answer.course_detail_no = skill_result.course_detail_no  		INNER JOIN T_4SKILL_RESULT_DETAIL skill_result_detail  		ON skill_result.result_no = skill_result_detail.result_no  		INNER JOIN M_MARK_DETAIL mark_detail  		ON skill_result_detail.rule_no = mark_detail.rule_no  		AND skill_result_detail.sub_rule_no = mark_detail.sub_rule_no  		AND skill_result_detail.rule_detail_no = mark_detail.rule_detail_no  		AND skill_answer.del_flg = '0'  		AND skill_result.del_flg = '0'  		GROUP BY skill_answer.offer_no ,skill_answer.student_no ,skill_answer.course_id,mark_detail.marks  		,skill_answer.course_detail_no ,skill_result_detail.rule_no  		,skill_result_detail.sub_rule_no ,skill_result_detail.rule_detail_no  	) as a  	GROUP BY a.offer_no  ,a.student_no  ,a.course_id  ,a.course_detail_no  ) as student_mark  ON s.student_no = student_mark.student_no  AND co.offer_no = student_mark.offer_no  AND co.course_id = student_mark.course_id  AND cd.course_detail_no = student_mark.course_detail_no  LEFT JOIN  (  	SELECT mark_rule.course_level  	, mark_rule.test_kbn  	, course.course_id  	, course_detail.course_detail_no  	, SUM(mark_detail.max_marks) marks  	FROM T_COURSE course  	INNER JOIN T_COURSE_DETAIL course_detail  	ON course.course_id = course_detail.course_id  	AND course.del_flg = '0'  	AND course_detail.del_flg = '0'  	INNER JOIN T_COURSE_DETAIL_QUESTION course_detail_qa  	ON course_detail.course_detail_no = course_detail_qa.course_detail_no  	AND course_detail_qa.del_flg = '0'  	INNER JOIN T_QUESTION ques  	ON course_detail_qa.question_no = ques.question_no  	AND ques.del_flg = '0'  	INNER JOIN  M_MARK_RULE mark_rule  	ON ques.score_pattern = mark_rule.score_pattern  	AND course.course_level = mark_rule.course_level  	AND course.test_kbn = mark_rule.test_kbn  	INNER JOIN  (  		SELECT  rule_no  			,SUM(max_marks) AS max_marks  			FROM (  				SELECT rule_no  				,sub_rule_no  				,MAX(marks) AS max_marks  				FROM M_MARK_DETAIL  				WHERE del_flg = '0'  				GROUP BY rule_no,sub_rule_no) AS max  			GROUP BY rule_no  		) mark_detail  	ON mark_rule.rule_no = mark_detail.rule_no  	GROUP BY mark_rule.course_level      ,mark_rule.test_kbn, course.course_id, course_detail.course_detail_no  ) as total_mark  ON c.course_id = total_mark.course_id  AND cd.course_detail_no = total_mark.course_detail_no  AND c.course_level =  total_mark.course_level  AND c.test_kbn =  total_mark.test_kbn  WHERE  '1' = '1'  AND co.end_period >= :start_period  AND co.start_period <= :end_period  GROUP BY o.org_no,o.org_id,o.org_name,o.org_name_official,c.course_id,c.course_name,co_start_period,co_end_period,co.remarks,co.offer_no, d.course_detail_no, d.course_detail_name,s.student_no,s.student_name,s.login_id,cds_start_period,cds_end_period,a_answer_dt,u_update_dt,display_name,teacher.login_id,teacher_name,teacher.school_kbn ORDER BY o.org_no,co.offer_no, c.course_id, cd.disp_no, cds.course_detail_no,s.login_id
2021-02-05 17:17:37,201 DEBUG [17280] [] CourseContractConfirmList　Query
2021-02-05 17:17:37,201 DEBUG [17280] []  SELECT   o.org_no    ,o.org_id  ,o.org_name  ,o.org_name_official  ,c.course_id  ,c.course_name  ,date_format(co.start_period,'%Y/%m/%d') AS  co_start_period ,date_format(co.end_period,'%Y/%m/%d') AS  co_end_period ,co.remarks  ,co.offer_no  ,d.course_detail_no  ,d.course_detail_name  ,s.student_no  ,s.student_name  ,s.login_id  ,date_format(cds.start_period,'%Y/%m/%d') AS cds_start_period  ,date_format(cds.end_period,'%Y/%m/%d') AS cds_end_period  ,date_format(answer.answer_dt,'%Y/%m/%d') AS a_answer_dt  ,date_format(r.update_dt,'%Y/%m/%d') AS u_update_dt  ,teacher.display_name AS display_name  ,teacher.login_id AS teacher_code ,teacher.name AS teacher_name ,teacher.school_kbn AS teacher_school   ,CONCAT(if (student_mark.result_marks IS NULL,'-', student_mark.result_marks ),'/',total_mark.marks) AS result  FROM M_ORGANIZATION o  INNER JOIN T_COURSE_ORG as co  ON co.org_no = o.org_no  AND co.del_flg = '0'  AND o.del_flg = '0'  INNER JOIN T_COURSE as c  ON c.course_id = co.course_id  AND c.del_flg = '0'  INNER JOIN T_COURSE_DETAIL as cd  ON cd.course_id = c.course_id  AND cd.del_flg = '0'  INNER JOIN T_DETAIL as d  ON d.course_detail_no = cd.course_detail_no  AND c.course_level = d.course_level  AND c.test_kbn = d.test_kbn  AND d.del_flg = '0'  LEFT JOIN T_COURSE_DETAIL_STUDENT as cds  ON cds.offer_no = co.offer_no  AND cds.course_id = c.course_id  AND cds.course_detail_no = cd.course_detail_no  AND cds.del_flg = '0'  LEFT JOIN T_STUDENT as s  ON s.org_no = co.org_no  AND s.student_no = cds.student_no  AND s.del_flg = '0'  LEFT JOIN T_4SKILL_RESULT as r  ON r.offer_no = co.offer_no  AND r.course_id = c.course_id  AND r.course_detail_no = cd.course_detail_no  AND r.student_no = cds.student_no  AND r.del_flg = '0'  LEFT JOIN ( SELECT teacher_no,  del_flg, display_name, login_id, name, CASE WHEN school_kbn = '001' THEN 'Philippines'  WHEN school_kbn = '002' THEN 'Japan' ELSE NULL END AS school_kbn  FROM T_TEACHER) teacher  ON r.updater_id = teacher.teacher_no  AND teacher.del_flg = '0'  LEFT JOIN (  SELECT offer_no  	,course_id course_id  	,course_detail_no course_detail_no  	,student_no  	,MIN(answer_dt) answer_dt  	FROM T_4SKILL_ANSWER  	WHERE del_flg = '0'   	GROUP BY offer_no,course_id,course_detail_no,student_no ) answer  ON c.course_id = answer.course_id  AND cd.course_detail_no = answer.course_detail_no  AND co.offer_no = answer.offer_no  AND s.student_no = answer.student_no  LEFT JOIN (  	SELECT a.offer_no ,a.student_no,a.course_id,a.course_detail_no,SUM(a.marks) as result_marks  	FROM (  		SELECT skill_answer.offer_no  		,skill_answer.student_no  		,skill_answer.course_id  		,skill_answer.course_detail_no  		,skill_result_detail.rule_no  		,skill_result_detail.sub_rule_no  		,skill_result_detail.rule_detail_no  		,mark_detail.marks  		FROM T_4SKILL_ANSWER skill_answer  		LEFT JOIN T_4SKILL_RESULT skill_result  		ON skill_answer.offer_no = skill_result.offer_no  		AND skill_answer.student_no = skill_result.student_no  		AND skill_answer.course_id = skill_result.course_id  		AND skill_answer.course_detail_no = skill_result.course_detail_no  		INNER JOIN T_4SKILL_RESULT_DETAIL skill_result_detail  		ON skill_result.result_no = skill_result_detail.result_no  		INNER JOIN M_MARK_DETAIL mark_detail  		ON skill_result_detail.rule_no = mark_detail.rule_no  		AND skill_result_detail.sub_rule_no = mark_detail.sub_rule_no  		AND skill_result_detail.rule_detail_no = mark_detail.rule_detail_no  		AND skill_answer.del_flg = '0'  		AND skill_result.del_flg = '0'  		GROUP BY skill_answer.offer_no ,skill_answer.student_no ,skill_answer.course_id,mark_detail.marks  		,skill_answer.course_detail_no ,skill_result_detail.rule_no  		,skill_result_detail.sub_rule_no ,skill_result_detail.rule_detail_no  	) as a  	GROUP BY a.offer_no  ,a.student_no  ,a.course_id  ,a.course_detail_no  ) as student_mark  ON s.student_no = student_mark.student_no  AND co.offer_no = student_mark.offer_no  AND co.course_id = student_mark.course_id  AND cd.course_detail_no = student_mark.course_detail_no  LEFT JOIN  (  	SELECT mark_rule.course_level  	, mark_rule.test_kbn  	, course.course_id  	, course_detail.course_detail_no  	, SUM(mark_detail.max_marks) marks  	FROM T_COURSE course  	INNER JOIN T_COURSE_DETAIL course_detail  	ON course.course_id = course_detail.course_id  	AND course.del_flg = '0'  	AND course_detail.del_flg = '0'  	INNER JOIN T_COURSE_DETAIL_QUESTION course_detail_qa  	ON course_detail.course_detail_no = course_detail_qa.course_detail_no  	AND course_detail_qa.del_flg = '0'  	INNER JOIN T_QUESTION ques  	ON course_detail_qa.question_no = ques.question_no  	AND ques.del_flg = '0'  	INNER JOIN  M_MARK_RULE mark_rule  	ON ques.score_pattern = mark_rule.score_pattern  	AND course.course_level = mark_rule.course_level  	AND course.test_kbn = mark_rule.test_kbn  	INNER JOIN  (  		SELECT  rule_no  			,SUM(max_marks) AS max_marks  			FROM (  				SELECT rule_no  				,sub_rule_no  				,MAX(marks) AS max_marks  				FROM M_MARK_DETAIL  				WHERE del_flg = '0'  				GROUP BY rule_no,sub_rule_no) AS max  			GROUP BY rule_no  		) mark_detail  	ON mark_rule.rule_no = mark_detail.rule_no  	GROUP BY mark_rule.course_level      ,mark_rule.test_kbn, course.course_id, course_detail.course_detail_no  ) as total_mark  ON c.course_id = total_mark.course_id  AND cd.course_detail_no = total_mark.course_detail_no  AND c.course_level =  total_mark.course_level  AND c.test_kbn =  total_mark.test_kbn  WHERE  '1' = '1'  AND co.end_period >= :start_period  AND co.start_period <= :end_period  GROUP BY o.org_no,o.org_id,o.org_name,o.org_name_official,c.course_id,c.course_name,co_start_period,co_end_period,co.remarks,co.offer_no, d.course_detail_no, d.course_detail_name,s.student_no,s.student_name,s.login_id,cds_start_period,cds_end_period,a_answer_dt,u_update_dt,display_name,teacher.login_id,teacher_name,teacher.school_kbn ORDER BY o.org_no,co.offer_no, c.course_id, cd.disp_no, cds.course_detail_no,s.login_id LIMIT 0 , 10
2021-02-05 17:17:37,407 DEBUG [17280] [] SearchAction end
2021-02-05 17:17:37,407 DEBUG [17280] [] CourseContractConfirmListController end
2021-02-05 17:17:37,407 DEBUG [17280] [] finally
2021-02-05 17:17:45,998 DEBUG [21975] [] Request URI : /eccadmin_dev/StudentCourseDetailEdit/index
2021-02-05 17:17:45,999 DEBUG [21975] [] StudentCourseDetailEditController start
2021-02-05 17:17:46,007 DEBUG [21975] [] controllers/StudentCourseDetailEditController.php: is exist
2021-02-05 17:17:46,108 DEBUG [21975] [] StudentCourseDetailEditForm: is exist
2021-02-05 17:17:46,125 DEBUG [21975] [] StudentCourseDetailEditForm: form value set 
2021-02-05 17:17:46,125 DEBUG [21975] [] ------------------------------/eccadmin_dev/StudentCourseDetailEdit/index
2021-02-05 17:17:46,125 DEBUG [21975] [] ------------------------------session_check_true
2021-02-05 17:17:46,126 DEBUG [21975] [] indexAction start
2021-02-05 17:17:46,126 DEBUG [21975] [] admin_no is 1
2021-02-05 17:17:46,127 DEBUG [21975] []  SELECT DISTINCT m_org.org_no  ,m_org.org_id  ,m_org.org_name  ,m_org.org_name_official  ,course.course_id  ,course.course_name  ,course.remarks  ,detail.course_detail_name  ,detail.course_detail_romaji  ,detail.course_detail_no  ,course_detail.disp_no  ,detail.status  ,(SELECT name FROM M_TYPE a WHERE category=:course_level AND a.type=detail.course_level) AS course_level  ,(SELECT name FROM M_TYPE a WHERE category=:test_kbn AND a.type=detail.test_kbn) AS test_kbn  ,date_format(course_org.start_period,'%Y/%m/%d') AS start_period  ,date_format(course_org.end_period,'%Y/%m/%d') AS end_period  ,student.student_no  ,student.student_name  ,student.student_name_romaji  ,student.login_id  ,date_format(detail_student.start_period,'%Y/%m/%d') AS stu_course_start_period ,date_format(detail_student.end_period,'%Y/%m/%d') AS stu_course_end_period ,date_format(skill_answer.answer_dt,'%Y/%m/%d') AS answer_dt  ,date_format(skill_result.update_dt,'%Y/%m/%d') AS update_dt FROM T_COURSE course  LEFT JOIN T_COURSE_ORG as course_org  ON course_org.course_id = course.course_id  LEFT JOIN M_ORGANIZATION as m_org  ON course_org.org_no = m_org.org_no  LEFT JOIN T_COURSE_DETAIL as course_detail   ON course.course_id = course_detail.course_id   LEFT JOIN T_DETAIL as detail  ON course_detail.course_detail_no = detail.course_detail_no  LEFT JOIN T_COURSE_DETAIL_STUDENT as detail_student  ON detail_student.offer_no = course_org.offer_no  AND detail_student.org_no = m_org.org_no  AND detail_student.course_id = course.course_id  AND detail_student.course_detail_no = course_detail.course_detail_no  LEFT JOIN T_STUDENT as student ON detail_student.student_no = student.student_no  AND m_org.org_no = student.org_no LEFT JOIN (  SELECT answer.offer_no offer_no  ,answer.course_id course_id  ,answer.course_detail_no course_detail_no  ,answer.student_no student_no  ,MIN(answer.answer_dt) answer_dt  FROM T_COURSE_DETAIL_QUESTION cdques   LEFT JOIN T_4SKILL_ANSWER as answer ON answer.course_detail_no = cdques.course_detail_no  AND answer.question_no = cdques.question_no  AND answer.del_flg = 0  AND cdques.del_flg = 0  GROUP BY offer_no ,course_id ,course_detail_no, student_no ) skill_answer  ON skill_answer.offer_no = course_org.offer_no  AND skill_answer.student_no = student.student_no  AND skill_answer.course_id = course.course_id  AND skill_answer.course_detail_no = course_detail.course_detail_no  LEFT JOIN T_4SKILL_RESULT as skill_result ON skill_result.offer_no = course_org.offer_no  AND skill_result.student_no = student.student_no  AND skill_result.course_id = course.course_id  AND skill_result.course_detail_no = course_detail.course_detail_no  AND skill_result.del_flg = 0  WHERE course.course_id = :course_id  AND course_detail.course_detail_no = :course_detail_no  AND student.student_no = :student_no  AND m_org.org_no = :org_no  AND course_org.offer_no = :offer_no  AND course.del_flg = '0'  AND course_detail.del_flg = '0'  AND detail.del_flg = '0'  AND detail_student.del_flg = '0'  AND m_org.del_flg = '0'  GROUP BY  org_no,org_id, org_name,org_name_official,course_id,course_name,remarks,course_detail_name,course_detail_romaji,course_detail_no,disp_no,status,course_level,test_kbn,start_period,end_period,student_no,student_name,login_id,stu_course_end_period,stu_course_start_period,answer_dt,update_dt ORDER BY  course_detail.disp_no ASC 
2021-02-05 17:17:46,434 DEBUG [21975] []  SELECT DISTINCT m_org.org_no  ,m_org.org_id  ,m_org.org_name  ,m_org.org_name_official  ,course.course_id  ,course.course_name  ,course.remarks  ,detail.course_detail_name  ,detail.course_detail_romaji  ,detail.course_detail_no  ,course_detail.disp_no  ,detail.status  ,(SELECT name FROM M_TYPE a WHERE category=:course_level AND a.type=detail.course_level) AS course_level  ,(SELECT name FROM M_TYPE a WHERE category=:test_kbn AND a.type=detail.test_kbn) AS test_kbn  ,date_format(course_org.start_period,'%Y/%m/%d') AS start_period  ,date_format(course_org.end_period,'%Y/%m/%d') AS end_period  ,student.student_no  ,student.student_name  ,student.student_name_romaji  ,student.login_id  ,date_format(detail_student.start_period,'%Y/%m/%d') AS stu_course_start_period ,date_format(detail_student.end_period,'%Y/%m/%d') AS stu_course_end_period ,date_format(skill_answer.answer_dt,'%Y/%m/%d') AS answer_dt  ,date_format(skill_result.update_dt,'%Y/%m/%d') AS update_dt FROM T_COURSE course  LEFT JOIN T_COURSE_ORG as course_org  ON course_org.course_id = course.course_id  LEFT JOIN M_ORGANIZATION as m_org  ON course_org.org_no = m_org.org_no  LEFT JOIN T_COURSE_DETAIL as course_detail   ON course.course_id = course_detail.course_id   LEFT JOIN T_DETAIL as detail  ON course_detail.course_detail_no = detail.course_detail_no  LEFT JOIN T_COURSE_DETAIL_STUDENT as detail_student  ON detail_student.offer_no = course_org.offer_no  AND detail_student.org_no = m_org.org_no  AND detail_student.course_id = course.course_id  AND detail_student.course_detail_no = course_detail.course_detail_no  LEFT JOIN T_STUDENT as student ON detail_student.student_no = student.student_no  AND m_org.org_no = student.org_no LEFT JOIN (  SELECT answer.offer_no offer_no  ,answer.course_id course_id  ,answer.course_detail_no course_detail_no  ,answer.student_no student_no  ,MIN(answer.answer_dt) answer_dt  FROM T_COURSE_DETAIL_QUESTION cdques   LEFT JOIN T_4SKILL_ANSWER as answer ON answer.course_detail_no = cdques.course_detail_no  AND answer.question_no = cdques.question_no  AND answer.del_flg = 0  AND cdques.del_flg = 0  GROUP BY offer_no ,course_id ,course_detail_no, student_no ) skill_answer  ON skill_answer.offer_no = course_org.offer_no  AND skill_answer.student_no = student.student_no  AND skill_answer.course_id = course.course_id  AND skill_answer.course_detail_no = course_detail.course_detail_no  LEFT JOIN T_4SKILL_RESULT as skill_result ON skill_result.offer_no = course_org.offer_no  AND skill_result.student_no = student.student_no  AND skill_result.course_id = course.course_id  AND skill_result.course_detail_no = course_detail.course_detail_no  AND skill_result.del_flg = 0  WHERE course.course_id = :course_id  AND student.student_no = :student_no  AND m_org.org_no = :org_no  AND course_org.offer_no = :offer_no  AND course.del_flg = '0'  AND course_detail.del_flg = '0'  AND detail.del_flg = '0'  AND detail_student.del_flg = '0'  AND m_org.del_flg = '0'  GROUP BY  org_no,org_id, org_name,org_name_official,course_id,course_name,remarks,course_detail_name,course_detail_romaji,course_detail_no,disp_no,status,course_level,test_kbn,start_period,end_period,student_no,student_name,login_id,stu_course_end_period,stu_course_start_period,answer_dt,update_dt ORDER BY  course_detail.disp_no ASC 
2021-02-05 17:17:46,716 DEBUG [21975] []  SELECT DISTINCT m_org.org_no  ,m_org.org_id  ,m_org.org_name  ,m_org.org_name_official  ,course.course_id  ,course.course_name  ,course.remarks  ,detail.course_detail_name  ,detail.course_detail_romaji  ,detail.course_detail_no  ,course_detail.disp_no  ,detail.status  ,(SELECT name FROM M_TYPE a WHERE category=:course_level AND a.type=detail.course_level) AS course_level  ,(SELECT name FROM M_TYPE a WHERE category=:test_kbn AND a.type=detail.test_kbn) AS test_kbn  ,date_format(course_org.start_period,'%Y/%m/%d') AS start_period  ,date_format(course_org.end_period,'%Y/%m/%d') AS end_period  ,student.student_no  ,student.student_name  ,student.student_name_romaji  ,student.login_id  ,date_format(detail_student.start_period,'%Y/%m/%d') AS stu_course_start_period ,date_format(detail_student.end_period,'%Y/%m/%d') AS stu_course_end_period ,date_format(skill_answer.answer_dt,'%Y/%m/%d') AS answer_dt  ,date_format(skill_result.update_dt,'%Y/%m/%d') AS update_dt FROM T_COURSE course  LEFT JOIN T_COURSE_ORG as course_org  ON course_org.course_id = course.course_id  LEFT JOIN M_ORGANIZATION as m_org  ON course_org.org_no = m_org.org_no  LEFT JOIN T_COURSE_DETAIL as course_detail   ON course.course_id = course_detail.course_id   LEFT JOIN T_DETAIL as detail  ON course_detail.course_detail_no = detail.course_detail_no  LEFT JOIN T_COURSE_DETAIL_STUDENT as detail_student  ON detail_student.offer_no = course_org.offer_no  AND detail_student.org_no = m_org.org_no  AND detail_student.course_id = course.course_id  AND detail_student.course_detail_no = course_detail.course_detail_no  LEFT JOIN T_STUDENT as student ON detail_student.student_no = student.student_no  AND m_org.org_no = student.org_no LEFT JOIN (  SELECT answer.offer_no offer_no  ,answer.course_id course_id  ,answer.course_detail_no course_detail_no  ,answer.student_no student_no  ,MIN(answer.answer_dt) answer_dt  FROM T_COURSE_DETAIL_QUESTION cdques   LEFT JOIN T_4SKILL_ANSWER as answer ON answer.course_detail_no = cdques.course_detail_no  AND answer.question_no = cdques.question_no  AND answer.del_flg = 0  AND cdques.del_flg = 0  GROUP BY offer_no ,course_id ,course_detail_no, student_no ) skill_answer  ON skill_answer.offer_no = course_org.offer_no  AND skill_answer.student_no = student.student_no  AND skill_answer.course_id = course.course_id  AND skill_answer.course_detail_no = course_detail.course_detail_no  LEFT JOIN T_4SKILL_RESULT as skill_result ON skill_result.offer_no = course_org.offer_no  AND skill_result.student_no = student.student_no  AND skill_result.course_id = course.course_id  AND skill_result.course_detail_no = course_detail.course_detail_no  AND skill_result.del_flg = 0  WHERE course.course_id = :course_id  AND course_detail.course_detail_no = :course_detail_no  AND student.student_no = :student_no  AND m_org.org_no = :org_no  AND course_org.offer_no = :offer_no  AND course.del_flg = '0'  AND course_detail.del_flg = '0'  AND detail.del_flg = '0'  AND detail_student.del_flg = '0'  AND m_org.del_flg = '0'  GROUP BY  org_no,org_id, org_name,org_name_official,course_id,course_name,remarks,course_detail_name,course_detail_romaji,course_detail_no,disp_no,status,course_level,test_kbn,start_period,end_period,student_no,student_name,login_id,stu_course_end_period,stu_course_start_period,answer_dt,update_dt ORDER BY  course_detail.disp_no ASC 
2021-02-05 17:17:47,083 DEBUG [21975] [] indexAction end
2021-02-05 17:17:47,083 DEBUG [21975] [] StudentCourseDetailEditController end
2021-02-05 17:17:47,083 DEBUG [21975] [] finally
2021-02-05 17:17:51,162 DEBUG [21975] [] Request URI : /eccadmin_dev/CourseContractConfirmList/search
2021-02-05 17:17:51,163 DEBUG [21975] [] CourseContractConfirmListController start
2021-02-05 17:17:51,163 DEBUG [21975] [] controllers/CourseContractConfirmListController.php: is exist
2021-02-05 17:17:51,163 DEBUG [21975] [] CourseContractConfirmListForm: is exist
2021-02-05 17:17:51,163 DEBUG [21975] [] CourseContractConfirmListForm: form value set 
2021-02-05 17:17:51,164 DEBUG [21975] [] ------------------------------/eccadmin_dev/CourseContractConfirmList/search
2021-02-05 17:17:51,164 DEBUG [21975] [] searchAction start
2021-02-05 17:17:51,164 DEBUG [21975] [] admin_no is 1
2021-02-05 17:17:51,167 DEBUG [21975] [] CourseContractConfirmList　Query
2021-02-05 17:17:51,168 DEBUG [21975] []  SELECT   o.org_no    ,o.org_id  ,o.org_name  ,o.org_name_official  ,c.course_id  ,c.course_name  ,date_format(co.start_period,'%Y/%m/%d') AS  co_start_period ,date_format(co.end_period,'%Y/%m/%d') AS  co_end_period ,co.remarks  ,co.offer_no  ,d.course_detail_no  ,d.course_detail_name  ,s.student_no  ,s.student_name  ,s.login_id  ,date_format(cds.start_period,'%Y/%m/%d') AS cds_start_period  ,date_format(cds.end_period,'%Y/%m/%d') AS cds_end_period  ,date_format(answer.answer_dt,'%Y/%m/%d') AS a_answer_dt  ,date_format(r.update_dt,'%Y/%m/%d') AS u_update_dt  ,teacher.display_name AS display_name  ,teacher.login_id AS teacher_code ,teacher.name AS teacher_name ,teacher.school_kbn AS teacher_school   ,CONCAT(if (student_mark.result_marks IS NULL,'-', student_mark.result_marks ),'/',total_mark.marks) AS result  FROM M_ORGANIZATION o  INNER JOIN T_COURSE_ORG as co  ON co.org_no = o.org_no  AND co.del_flg = '0'  AND o.del_flg = '0'  INNER JOIN T_COURSE as c  ON c.course_id = co.course_id  AND c.del_flg = '0'  INNER JOIN T_COURSE_DETAIL as cd  ON cd.course_id = c.course_id  AND cd.del_flg = '0'  INNER JOIN T_DETAIL as d  ON d.course_detail_no = cd.course_detail_no  AND c.course_level = d.course_level  AND c.test_kbn = d.test_kbn  AND d.del_flg = '0'  LEFT JOIN T_COURSE_DETAIL_STUDENT as cds  ON cds.offer_no = co.offer_no  AND cds.course_id = c.course_id  AND cds.course_detail_no = cd.course_detail_no  AND cds.del_flg = '0'  LEFT JOIN T_STUDENT as s  ON s.org_no = co.org_no  AND s.student_no = cds.student_no  AND s.del_flg = '0'  LEFT JOIN T_4SKILL_RESULT as r  ON r.offer_no = co.offer_no  AND r.course_id = c.course_id  AND r.course_detail_no = cd.course_detail_no  AND r.student_no = cds.student_no  AND r.del_flg = '0'  LEFT JOIN ( SELECT teacher_no,  del_flg, display_name, login_id, name, CASE WHEN school_kbn = '001' THEN 'Philippines'  WHEN school_kbn = '002' THEN 'Japan' ELSE NULL END AS school_kbn  FROM T_TEACHER) teacher  ON r.updater_id = teacher.teacher_no  AND teacher.del_flg = '0'  LEFT JOIN (  SELECT offer_no  	,course_id course_id  	,course_detail_no course_detail_no  	,student_no  	,MIN(answer_dt) answer_dt  	FROM T_4SKILL_ANSWER  	WHERE del_flg = '0'   	GROUP BY offer_no,course_id,course_detail_no,student_no ) answer  ON c.course_id = answer.course_id  AND cd.course_detail_no = answer.course_detail_no  AND co.offer_no = answer.offer_no  AND s.student_no = answer.student_no  LEFT JOIN (  	SELECT a.offer_no ,a.student_no,a.course_id,a.course_detail_no,SUM(a.marks) as result_marks  	FROM (  		SELECT skill_answer.offer_no  		,skill_answer.student_no  		,skill_answer.course_id  		,skill_answer.course_detail_no  		,skill_result_detail.rule_no  		,skill_result_detail.sub_rule_no  		,skill_result_detail.rule_detail_no  		,mark_detail.marks  		FROM T_4SKILL_ANSWER skill_answer  		LEFT JOIN T_4SKILL_RESULT skill_result  		ON skill_answer.offer_no = skill_result.offer_no  		AND skill_answer.student_no = skill_result.student_no  		AND skill_answer.course_id = skill_result.course_id  		AND skill_answer.course_detail_no = skill_result.course_detail_no  		INNER JOIN T_4SKILL_RESULT_DETAIL skill_result_detail  		ON skill_result.result_no = skill_result_detail.result_no  		INNER JOIN M_MARK_DETAIL mark_detail  		ON skill_result_detail.rule_no = mark_detail.rule_no  		AND skill_result_detail.sub_rule_no = mark_detail.sub_rule_no  		AND skill_result_detail.rule_detail_no = mark_detail.rule_detail_no  		AND skill_answer.del_flg = '0'  		AND skill_result.del_flg = '0'  		GROUP BY skill_answer.offer_no ,skill_answer.student_no ,skill_answer.course_id,mark_detail.marks  		,skill_answer.course_detail_no ,skill_result_detail.rule_no  		,skill_result_detail.sub_rule_no ,skill_result_detail.rule_detail_no  	) as a  	GROUP BY a.offer_no  ,a.student_no  ,a.course_id  ,a.course_detail_no  ) as student_mark  ON s.student_no = student_mark.student_no  AND co.offer_no = student_mark.offer_no  AND co.course_id = student_mark.course_id  AND cd.course_detail_no = student_mark.course_detail_no  LEFT JOIN  (  	SELECT mark_rule.course_level  	, mark_rule.test_kbn  	, course.course_id  	, course_detail.course_detail_no  	, SUM(mark_detail.max_marks) marks  	FROM T_COURSE course  	INNER JOIN T_COURSE_DETAIL course_detail  	ON course.course_id = course_detail.course_id  	AND course.del_flg = '0'  	AND course_detail.del_flg = '0'  	INNER JOIN T_COURSE_DETAIL_QUESTION course_detail_qa  	ON course_detail.course_detail_no = course_detail_qa.course_detail_no  	AND course_detail_qa.del_flg = '0'  	INNER JOIN T_QUESTION ques  	ON course_detail_qa.question_no = ques.question_no  	AND ques.del_flg = '0'  	INNER JOIN  M_MARK_RULE mark_rule  	ON ques.score_pattern = mark_rule.score_pattern  	AND course.course_level = mark_rule.course_level  	AND course.test_kbn = mark_rule.test_kbn  	INNER JOIN  (  		SELECT  rule_no  			,SUM(max_marks) AS max_marks  			FROM (  				SELECT rule_no  				,sub_rule_no  				,MAX(marks) AS max_marks  				FROM M_MARK_DETAIL  				WHERE del_flg = '0'  				GROUP BY rule_no,sub_rule_no) AS max  			GROUP BY rule_no  		) mark_detail  	ON mark_rule.rule_no = mark_detail.rule_no  	GROUP BY mark_rule.course_level      ,mark_rule.test_kbn, course.course_id, course_detail.course_detail_no  ) as total_mark  ON c.course_id = total_mark.course_id  AND cd.course_detail_no = total_mark.course_detail_no  AND c.course_level =  total_mark.course_level  AND c.test_kbn =  total_mark.test_kbn  WHERE  '1' = '1'  AND co.end_period >= :start_period  AND co.start_period <= :end_period  GROUP BY o.org_no,o.org_id,o.org_name,o.org_name_official,c.course_id,c.course_name,co_start_period,co_end_period,co.remarks,co.offer_no, d.course_detail_no, d.course_detail_name,s.student_no,s.student_name,s.login_id,cds_start_period,cds_end_period,a_answer_dt,u_update_dt,display_name,teacher.login_id,teacher_name,teacher.school_kbn ORDER BY o.org_no,co.offer_no, c.course_id, cd.disp_no, cds.course_detail_no,s.login_id
2021-02-05 17:17:51,279 DEBUG [21975] [] CourseContractConfirmList　Query
2021-02-05 17:17:51,280 DEBUG [21975] []  SELECT   o.org_no    ,o.org_id  ,o.org_name  ,o.org_name_official  ,c.course_id  ,c.course_name  ,date_format(co.start_period,'%Y/%m/%d') AS  co_start_period ,date_format(co.end_period,'%Y/%m/%d') AS  co_end_period ,co.remarks  ,co.offer_no  ,d.course_detail_no  ,d.course_detail_name  ,s.student_no  ,s.student_name  ,s.login_id  ,date_format(cds.start_period,'%Y/%m/%d') AS cds_start_period  ,date_format(cds.end_period,'%Y/%m/%d') AS cds_end_period  ,date_format(answer.answer_dt,'%Y/%m/%d') AS a_answer_dt  ,date_format(r.update_dt,'%Y/%m/%d') AS u_update_dt  ,teacher.display_name AS display_name  ,teacher.login_id AS teacher_code ,teacher.name AS teacher_name ,teacher.school_kbn AS teacher_school   ,CONCAT(if (student_mark.result_marks IS NULL,'-', student_mark.result_marks ),'/',total_mark.marks) AS result  FROM M_ORGANIZATION o  INNER JOIN T_COURSE_ORG as co  ON co.org_no = o.org_no  AND co.del_flg = '0'  AND o.del_flg = '0'  INNER JOIN T_COURSE as c  ON c.course_id = co.course_id  AND c.del_flg = '0'  INNER JOIN T_COURSE_DETAIL as cd  ON cd.course_id = c.course_id  AND cd.del_flg = '0'  INNER JOIN T_DETAIL as d  ON d.course_detail_no = cd.course_detail_no  AND c.course_level = d.course_level  AND c.test_kbn = d.test_kbn  AND d.del_flg = '0'  LEFT JOIN T_COURSE_DETAIL_STUDENT as cds  ON cds.offer_no = co.offer_no  AND cds.course_id = c.course_id  AND cds.course_detail_no = cd.course_detail_no  AND cds.del_flg = '0'  LEFT JOIN T_STUDENT as s  ON s.org_no = co.org_no  AND s.student_no = cds.student_no  AND s.del_flg = '0'  LEFT JOIN T_4SKILL_RESULT as r  ON r.offer_no = co.offer_no  AND r.course_id = c.course_id  AND r.course_detail_no = cd.course_detail_no  AND r.student_no = cds.student_no  AND r.del_flg = '0'  LEFT JOIN ( SELECT teacher_no,  del_flg, display_name, login_id, name, CASE WHEN school_kbn = '001' THEN 'Philippines'  WHEN school_kbn = '002' THEN 'Japan' ELSE NULL END AS school_kbn  FROM T_TEACHER) teacher  ON r.updater_id = teacher.teacher_no  AND teacher.del_flg = '0'  LEFT JOIN (  SELECT offer_no  	,course_id course_id  	,course_detail_no course_detail_no  	,student_no  	,MIN(answer_dt) answer_dt  	FROM T_4SKILL_ANSWER  	WHERE del_flg = '0'   	GROUP BY offer_no,course_id,course_detail_no,student_no ) answer  ON c.course_id = answer.course_id  AND cd.course_detail_no = answer.course_detail_no  AND co.offer_no = answer.offer_no  AND s.student_no = answer.student_no  LEFT JOIN (  	SELECT a.offer_no ,a.student_no,a.course_id,a.course_detail_no,SUM(a.marks) as result_marks  	FROM (  		SELECT skill_answer.offer_no  		,skill_answer.student_no  		,skill_answer.course_id  		,skill_answer.course_detail_no  		,skill_result_detail.rule_no  		,skill_result_detail.sub_rule_no  		,skill_result_detail.rule_detail_no  		,mark_detail.marks  		FROM T_4SKILL_ANSWER skill_answer  		LEFT JOIN T_4SKILL_RESULT skill_result  		ON skill_answer.offer_no = skill_result.offer_no  		AND skill_answer.student_no = skill_result.student_no  		AND skill_answer.course_id = skill_result.course_id  		AND skill_answer.course_detail_no = skill_result.course_detail_no  		INNER JOIN T_4SKILL_RESULT_DETAIL skill_result_detail  		ON skill_result.result_no = skill_result_detail.result_no  		INNER JOIN M_MARK_DETAIL mark_detail  		ON skill_result_detail.rule_no = mark_detail.rule_no  		AND skill_result_detail.sub_rule_no = mark_detail.sub_rule_no  		AND skill_result_detail.rule_detail_no = mark_detail.rule_detail_no  		AND skill_answer.del_flg = '0'  		AND skill_result.del_flg = '0'  		GROUP BY skill_answer.offer_no ,skill_answer.student_no ,skill_answer.course_id,mark_detail.marks  		,skill_answer.course_detail_no ,skill_result_detail.rule_no  		,skill_result_detail.sub_rule_no ,skill_result_detail.rule_detail_no  	) as a  	GROUP BY a.offer_no  ,a.student_no  ,a.course_id  ,a.course_detail_no  ) as student_mark  ON s.student_no = student_mark.student_no  AND co.offer_no = student_mark.offer_no  AND co.course_id = student_mark.course_id  AND cd.course_detail_no = student_mark.course_detail_no  LEFT JOIN  (  	SELECT mark_rule.course_level  	, mark_rule.test_kbn  	, course.course_id  	, course_detail.course_detail_no  	, SUM(mark_detail.max_marks) marks  	FROM T_COURSE course  	INNER JOIN T_COURSE_DETAIL course_detail  	ON course.course_id = course_detail.course_id  	AND course.del_flg = '0'  	AND course_detail.del_flg = '0'  	INNER JOIN T_COURSE_DETAIL_QUESTION course_detail_qa  	ON course_detail.course_detail_no = course_detail_qa.course_detail_no  	AND course_detail_qa.del_flg = '0'  	INNER JOIN T_QUESTION ques  	ON course_detail_qa.question_no = ques.question_no  	AND ques.del_flg = '0'  	INNER JOIN  M_MARK_RULE mark_rule  	ON ques.score_pattern = mark_rule.score_pattern  	AND course.course_level = mark_rule.course_level  	AND course.test_kbn = mark_rule.test_kbn  	INNER JOIN  (  		SELECT  rule_no  			,SUM(max_marks) AS max_marks  			FROM (  				SELECT rule_no  				,sub_rule_no  				,MAX(marks) AS max_marks  				FROM M_MARK_DETAIL  				WHERE del_flg = '0'  				GROUP BY rule_no,sub_rule_no) AS max  			GROUP BY rule_no  		) mark_detail  	ON mark_rule.rule_no = mark_detail.rule_no  	GROUP BY mark_rule.course_level      ,mark_rule.test_kbn, course.course_id, course_detail.course_detail_no  ) as total_mark  ON c.course_id = total_mark.course_id  AND cd.course_detail_no = total_mark.course_detail_no  AND c.course_level =  total_mark.course_level  AND c.test_kbn =  total_mark.test_kbn  WHERE  '1' = '1'  AND co.end_period >= :start_period  AND co.start_period <= :end_period  GROUP BY o.org_no,o.org_id,o.org_name,o.org_name_official,c.course_id,c.course_name,co_start_period,co_end_period,co.remarks,co.offer_no, d.course_detail_no, d.course_detail_name,s.student_no,s.student_name,s.login_id,cds_start_period,cds_end_period,a_answer_dt,u_update_dt,display_name,teacher.login_id,teacher_name,teacher.school_kbn ORDER BY o.org_no,co.offer_no, c.course_id, cd.disp_no, cds.course_detail_no,s.login_id LIMIT 0 , 10
2021-02-05 17:17:51,475 DEBUG [21975] [] searchAction end
2021-02-05 17:17:51,475 DEBUG [21975] [] CourseContractConfirmListController end
2021-02-05 17:17:51,475 DEBUG [21975] [] finally
2021-02-05 17:17:53,798 DEBUG [21975] [] Request URI : /eccadmin_dev/CourseStatusList
2021-02-05 17:17:53,799 DEBUG [21975] [] CourseStatusListController start
2021-02-05 17:17:53,799 DEBUG [21975] [] controllers/CourseStatusListController.php: is exist
2021-02-05 17:17:53,841 DEBUG [21975] [] CourseStatusListForm: is exist
2021-02-05 17:17:53,848 DEBUG [21975] [] CourseStatusListForm: form value set 
2021-02-05 17:17:53,849 DEBUG [21975] [] ------------------------------/eccadmin_dev/CourseStatusList
2021-02-05 17:17:53,849 DEBUG [21975] [] indexAction start
2021-02-05 17:17:53,849 DEBUG [21975] [] admin_no is 1
2021-02-05 17:17:53,943 DEBUG [21975] [] indexAction end
2021-02-05 17:17:53,943 DEBUG [21975] [] CourseStatusListController end
2021-02-05 17:17:53,943 DEBUG [21975] [] finally
2021-02-05 17:17:58,251 DEBUG [21975] [] Request URI : /eccadmin_dev/CourseContractList
2021-02-05 17:17:58,252 DEBUG [21975] [] CourseContractListController start
2021-02-05 17:17:58,252 DEBUG [21975] [] controllers/CourseContractListController.php: is exist
2021-02-05 17:17:58,252 DEBUG [21975] [] CourseContractListForm: is exist
2021-02-05 17:17:58,253 DEBUG [21975] [] CourseContractListForm: form value set 
2021-02-05 17:17:58,253 DEBUG [21975] [] ------------------------------/eccadmin_dev/CourseContractList
2021-02-05 17:17:58,253 DEBUG [21975] [] indexAction start
2021-02-05 17:17:58,253 DEBUG [21975] [] admin_no is 1
2021-02-05 17:17:58,363 DEBUG [21975] [] indexAction end
2021-02-05 17:17:58,363 DEBUG [21975] [] CourseContractListController end
2021-02-05 17:17:58,363 DEBUG [21975] [] finally
2021-02-05 17:18:01,397 DEBUG [21975] [] Request URI : /eccadmin_dev/CourseContractRegist/index
2021-02-05 17:18:01,398 DEBUG [21975] [] CourseContractRegistController start
2021-02-05 17:18:01,398 DEBUG [21975] [] controllers/CourseContractRegistController.php: is exist
2021-02-05 17:18:01,398 DEBUG [21975] [] CourseContractRegistForm: is exist
2021-02-05 17:18:01,398 DEBUG [21975] [] CourseContractRegistForm: form value set 
2021-02-05 17:18:01,399 DEBUG [21975] [] ------------------------------/eccadmin_dev/CourseContractRegist/index
2021-02-05 17:18:01,399 DEBUG [21975] [] ------------------------------session_check_true
2021-02-05 17:18:01,399 DEBUG [21975] [] indexAction start
2021-02-05 17:18:01,399 DEBUG [21975] [] admin_no is 1
2021-02-05 17:18:01,466 DEBUG [21975] [] indexAction end
2021-02-05 17:18:01,466 DEBUG [21975] [] CourseContractRegistController end
2021-02-05 17:18:01,466 DEBUG [21975] [] finally
2021-02-05 17:18:04,882 DEBUG [21975] [] Request URI : /eccadmin_dev/CourseStudentRegist/index
2021-02-05 17:18:04,883 DEBUG [21975] [] CourseStudentRegistController start
2021-02-05 17:18:04,883 DEBUG [21975] [] controllers/CourseStudentRegistController.php: is exist
2021-02-05 17:18:04,883 DEBUG [21975] [] CourseStudentRegistForm: is exist
2021-02-05 17:18:04,883 DEBUG [21975] [] CourseStudentRegistForm: form value set 
2021-02-05 17:18:04,884 DEBUG [21975] [] ------------------------------/eccadmin_dev/CourseStudentRegist/index
2021-02-05 17:18:04,884 DEBUG [21975] [] ------------------------------session_check_true
2021-02-05 17:18:04,884 DEBUG [21975] [] indexAction start
2021-02-05 17:18:04,884 DEBUG [21975] [] admin_no is 1
2021-02-05 17:18:04,956 DEBUG [21975] [] indexAction end
2021-02-05 17:18:04,956 DEBUG [21975] [] CourseStudentRegistController end
2021-02-05 17:18:04,956 DEBUG [21975] [] finally
2021-02-05 17:18:11,149 DEBUG [17280] [] Request URI : /eccadmin_dev/CourseContractRegist/index
2021-02-05 17:18:11,150 DEBUG [17280] [] CourseContractRegistController start
2021-02-05 17:18:11,150 DEBUG [17280] [] controllers/CourseContractRegistController.php: is exist
2021-02-05 17:18:11,150 DEBUG [17280] [] CourseContractRegistForm: is exist
2021-02-05 17:18:11,150 DEBUG [17280] [] CourseContractRegistForm: form value set 
2021-02-05 17:18:11,151 DEBUG [17280] [] ------------------------------/eccadmin_dev/CourseContractRegist/index
2021-02-05 17:18:11,151 DEBUG [17280] [] ------------------------------session_check_true
2021-02-05 17:18:11,151 DEBUG [17280] [] indexAction start
2021-02-05 17:18:11,151 DEBUG [17280] [] admin_no is 1
2021-02-05 17:18:11,218 DEBUG [17280] [] indexAction end
2021-02-05 17:18:11,218 DEBUG [17280] [] CourseContractRegistController end
2021-02-05 17:18:11,218 DEBUG [17280] [] finally
2021-02-05 17:18:18,892 DEBUG [23941] [] Request URI : /eccadmin_dev/CourseStudentRegist/index
2021-02-05 17:18:18,896 DEBUG [23941] [] CourseStudentRegistController start
2021-02-05 17:18:18,896 DEBUG [23941] [] controllers/CourseStudentRegistController.php: is exist
2021-02-05 17:18:18,897 DEBUG [23941] [] CourseStudentRegistForm: is exist
2021-02-05 17:18:18,897 DEBUG [23941] [] CourseStudentRegistForm: form value set 
2021-02-05 17:18:18,898 DEBUG [23941] [] ------------------------------/eccadmin_dev/CourseStudentRegist/index
2021-02-05 17:18:18,898 DEBUG [23941] [] ------------------------------session_check_true
2021-02-05 17:18:18,898 DEBUG [23941] [] indexAction start
2021-02-05 17:18:18,898 DEBUG [23941] [] admin_no is 1
2021-02-05 17:18:18,969 DEBUG [23941] [] indexAction end
2021-02-05 17:18:18,969 DEBUG [23941] [] CourseStudentRegistController end
2021-02-05 17:18:18,969 DEBUG [23941] [] finally
2021-02-05 17:23:23,708 DEBUG [17231] [] Request URI : /eccadmin_dev/CourseContractConfirmList
2021-02-05 17:23:23,709 DEBUG [17231] [] CourseContractConfirmListController start
2021-02-05 17:23:23,709 DEBUG [17231] [] controllers/CourseContractConfirmListController.php: is exist
2021-02-05 17:23:23,710 DEBUG [17231] [] CourseContractConfirmListForm: is exist
2021-02-05 17:23:23,710 DEBUG [17231] [] CourseContractConfirmListForm: form value set 
2021-02-05 17:23:23,710 DEBUG [17231] [] ------------------------------/eccadmin_dev/CourseContractConfirmList
2021-02-05 17:23:23,711 DEBUG [17231] [] indexAction start
2021-02-05 17:23:23,711 DEBUG [17231] [] admin_no is 1
2021-02-05 17:23:23,803 DEBUG [17231] [] indexAction end
2021-02-05 17:23:23,803 DEBUG [17231] [] CourseContractConfirmListController end
2021-02-05 17:23:23,804 DEBUG [17231] [] finally
2021-02-05 17:23:27,225 DEBUG [17231] [] Request URI : /eccadmin_dev/CourseContractList
2021-02-05 17:23:27,226 DEBUG [17231] [] CourseContractListController start
2021-02-05 17:23:27,226 DEBUG [17231] [] controllers/CourseContractListController.php: is exist
2021-02-05 17:23:27,226 DEBUG [17231] [] CourseContractListForm: is exist
2021-02-05 17:23:27,226 DEBUG [17231] [] CourseContractListForm: form value set 
2021-02-05 17:23:27,227 DEBUG [17231] [] ------------------------------/eccadmin_dev/CourseContractList
2021-02-05 17:23:27,227 DEBUG [17231] [] indexAction start
2021-02-05 17:23:27,227 DEBUG [17231] [] admin_no is 1
2021-02-05 17:23:27,339 DEBUG [17231] [] indexAction end
2021-02-05 17:23:27,339 DEBUG [17231] [] CourseContractListController end
2021-02-05 17:23:27,339 DEBUG [17231] [] finally
2021-02-05 17:23:31,107 DEBUG [17231] [] Request URI : /eccadmin_dev/CourseContractRegist/index
2021-02-05 17:23:31,108 DEBUG [17231] [] CourseContractRegistController start
2021-02-05 17:23:31,108 DEBUG [17231] [] controllers/CourseContractRegistController.php: is exist
2021-02-05 17:23:31,108 DEBUG [17231] [] CourseContractRegistForm: is exist
2021-02-05 17:23:31,108 DEBUG [17231] [] CourseContractRegistForm: form value set 
2021-02-05 17:23:31,109 DEBUG [17231] [] ------------------------------/eccadmin_dev/CourseContractRegist/index
2021-02-05 17:23:31,109 DEBUG [17231] [] ------------------------------session_check_true
2021-02-05 17:23:31,109 DEBUG [17231] [] indexAction start
2021-02-05 17:23:31,109 DEBUG [17231] [] admin_no is 1
2021-02-05 17:23:31,174 DEBUG [17231] [] indexAction end
2021-02-05 17:23:31,174 DEBUG [17231] [] CourseContractRegistController end
2021-02-05 17:23:31,175 DEBUG [17231] [] finally
2021-02-05 17:25:14,751 DEBUG [21979] [] Request URI : /eccadmin_dev/CourseStudentRegist/index
2021-02-05 17:25:14,752 DEBUG [21979] [] CourseStudentRegistController start
2021-02-05 17:25:14,752 DEBUG [21979] [] controllers/CourseStudentRegistController.php: is exist
2021-02-05 17:25:14,752 DEBUG [21979] [] CourseStudentRegistForm: is exist
2021-02-05 17:25:14,753 DEBUG [21979] [] CourseStudentRegistForm: form value set 
2021-02-05 17:25:14,753 DEBUG [21979] [] ------------------------------/eccadmin_dev/CourseStudentRegist/index
2021-02-05 17:25:14,753 DEBUG [21979] [] ------------------------------session_check_true
2021-02-05 17:25:14,753 DEBUG [21979] [] indexAction start
2021-02-05 17:25:14,753 DEBUG [21979] [] admin_no is 1
2021-02-05 17:25:14,826 DEBUG [21979] [] indexAction end
2021-02-05 17:25:14,826 DEBUG [21979] [] CourseStudentRegistController end
2021-02-05 17:25:14,826 DEBUG [21979] [] finally
2021-02-05 17:25:22,336 DEBUG [17231] [] Request URI : /eccadmin_dev/CourseContractRegist/index
2021-02-05 17:25:22,336 DEBUG [17231] [] CourseContractRegistController start
2021-02-05 17:25:22,337 DEBUG [17231] [] controllers/CourseContractRegistController.php: is exist
2021-02-05 17:25:22,337 DEBUG [17231] [] CourseContractRegistForm: is exist
2021-02-05 17:25:22,337 DEBUG [17231] [] CourseContractRegistForm: form value set 
2021-02-05 17:25:22,337 DEBUG [17231] [] ------------------------------/eccadmin_dev/CourseContractRegist/index
2021-02-05 17:25:22,338 DEBUG [17231] [] ------------------------------session_check_true
2021-02-05 17:25:22,338 DEBUG [17231] [] indexAction start
2021-02-05 17:25:22,338 DEBUG [17231] [] admin_no is 1
2021-02-05 17:25:22,402 DEBUG [17231] [] indexAction end
2021-02-05 17:25:22,402 DEBUG [17231] [] CourseContractRegistController end
2021-02-05 17:25:22,402 DEBUG [17231] [] finally
2021-02-05 17:33:01,044 DEBUG [24070] [] Request URI : /eccadmin_dev/CourseStudentRegist/index
2021-02-05 17:33:01,045 DEBUG [24070] [] CourseStudentRegistController start
2021-02-05 17:33:01,045 DEBUG [24070] [] controllers/CourseStudentRegistController.php: is exist
2021-02-05 17:33:01,045 DEBUG [24070] [] CourseStudentRegistForm: is exist
2021-02-05 17:33:01,046 DEBUG [24070] [] CourseStudentRegistForm: form value set 
2021-02-05 17:33:01,046 DEBUG [24070] [] ------------------------------/eccadmin_dev/CourseStudentRegist/index
2021-02-05 17:33:01,046 DEBUG [24070] [] ------------------------------session_check_true
2021-02-05 17:33:01,046 DEBUG [24070] [] indexAction start
2021-02-05 17:33:01,046 DEBUG [24070] [] admin_no is 1
2021-02-05 17:33:01,117 DEBUG [24070] [] indexAction end
2021-02-05 17:33:01,117 DEBUG [24070] [] CourseStudentRegistController end
2021-02-05 17:33:01,117 DEBUG [24070] [] finally
2021-02-05 17:33:04,082 DEBUG [24070] [] Request URI : /eccadmin_dev/CourseContractRegist/index
2021-02-05 17:33:04,082 DEBUG [24070] [] CourseContractRegistController start
2021-02-05 17:33:04,083 DEBUG [24070] [] controllers/CourseContractRegistController.php: is exist
2021-02-05 17:33:04,083 DEBUG [24070] [] CourseContractRegistForm: is exist
2021-02-05 17:33:04,083 DEBUG [24070] [] CourseContractRegistForm: form value set 
2021-02-05 17:33:04,083 DEBUG [24070] [] ------------------------------/eccadmin_dev/CourseContractRegist/index
2021-02-05 17:33:04,084 DEBUG [24070] [] ------------------------------session_check_true
2021-02-05 17:33:04,084 DEBUG [24070] [] indexAction start
2021-02-05 17:33:04,084 DEBUG [24070] [] admin_no is 1
2021-02-05 17:33:04,151 DEBUG [24070] [] indexAction end
2021-02-05 17:33:04,151 DEBUG [24070] [] CourseContractRegistController end
2021-02-05 17:33:04,151 DEBUG [24070] [] finally
2021-02-05 17:33:06,731 DEBUG [24070] [] Request URI : /eccadmin_dev/CourseContractConfirmList
2021-02-05 17:33:06,731 DEBUG [24070] [] CourseContractConfirmListController start
2021-02-05 17:33:06,731 DEBUG [24070] [] controllers/CourseContractConfirmListController.php: is exist
2021-02-05 17:33:06,732 DEBUG [24070] [] CourseContractConfirmListForm: is exist
2021-02-05 17:33:06,732 DEBUG [24070] [] CourseContractConfirmListForm: form value set 
2021-02-05 17:33:06,732 DEBUG [24070] [] ------------------------------/eccadmin_dev/CourseContractConfirmList
2021-02-05 17:33:06,732 DEBUG [24070] [] indexAction start
2021-02-05 17:33:06,733 DEBUG [24070] [] admin_no is 1
2021-02-05 17:33:06,822 DEBUG [24070] [] indexAction end
2021-02-05 17:33:06,822 DEBUG [24070] [] CourseContractConfirmListController end
2021-02-05 17:33:06,822 DEBUG [24070] [] finally
2021-02-05 17:33:08,246 DEBUG [24070] [] Request URI : /eccadmin_dev/CourseContractConfirmList/Search
2021-02-05 17:33:08,247 DEBUG [24070] [] CourseContractConfirmListController start
2021-02-05 17:33:08,247 DEBUG [24070] [] controllers/CourseContractConfirmListController.php: is exist
2021-02-05 17:33:08,247 DEBUG [24070] [] CourseContractConfirmListForm: is exist
2021-02-05 17:33:08,247 DEBUG [24070] [] CourseContractConfirmListForm: form value set 
2021-02-05 17:33:08,248 DEBUG [24070] [] ------------------------------/eccadmin_dev/CourseContractConfirmList/Search
2021-02-05 17:33:08,248 DEBUG [24070] [] SearchAction start
2021-02-05 17:33:08,248 DEBUG [24070] [] admin_no is 1
2021-02-05 17:33:08,250 DEBUG [24070] [] CourseContractConfirmList　Query
2021-02-05 17:33:08,250 DEBUG [24070] []  SELECT   o.org_no    ,o.org_id  ,o.org_name  ,o.org_name_official  ,c.course_id  ,c.course_name  ,date_format(co.start_period,'%Y/%m/%d') AS  co_start_period ,date_format(co.end_period,'%Y/%m/%d') AS  co_end_period ,co.remarks  ,co.offer_no  ,d.course_detail_no  ,d.course_detail_name  ,s.student_no  ,s.student_name  ,s.login_id  ,date_format(cds.start_period,'%Y/%m/%d') AS cds_start_period  ,date_format(cds.end_period,'%Y/%m/%d') AS cds_end_period  ,date_format(answer.answer_dt,'%Y/%m/%d') AS a_answer_dt  ,date_format(r.update_dt,'%Y/%m/%d') AS u_update_dt  ,teacher.display_name AS display_name  ,teacher.login_id AS teacher_code ,teacher.name AS teacher_name ,teacher.school_kbn AS teacher_school   ,CONCAT(if (student_mark.result_marks IS NULL,'-', student_mark.result_marks ),'/',total_mark.marks) AS result  FROM M_ORGANIZATION o  INNER JOIN T_COURSE_ORG as co  ON co.org_no = o.org_no  AND co.del_flg = '0'  AND o.del_flg = '0'  INNER JOIN T_COURSE as c  ON c.course_id = co.course_id  AND c.del_flg = '0'  INNER JOIN T_COURSE_DETAIL as cd  ON cd.course_id = c.course_id  AND cd.del_flg = '0'  INNER JOIN T_DETAIL as d  ON d.course_detail_no = cd.course_detail_no  AND c.course_level = d.course_level  AND c.test_kbn = d.test_kbn  AND d.del_flg = '0'  LEFT JOIN T_COURSE_DETAIL_STUDENT as cds  ON cds.offer_no = co.offer_no  AND cds.course_id = c.course_id  AND cds.course_detail_no = cd.course_detail_no  AND cds.del_flg = '0'  LEFT JOIN T_STUDENT as s  ON s.org_no = co.org_no  AND s.student_no = cds.student_no  AND s.del_flg = '0'  LEFT JOIN T_4SKILL_RESULT as r  ON r.offer_no = co.offer_no  AND r.course_id = c.course_id  AND r.course_detail_no = cd.course_detail_no  AND r.student_no = cds.student_no  AND r.del_flg = '0'  LEFT JOIN ( SELECT teacher_no,  del_flg, display_name, login_id, name, CASE WHEN school_kbn = '001' THEN 'Philippines'  WHEN school_kbn = '002' THEN 'Japan' ELSE NULL END AS school_kbn  FROM T_TEACHER) teacher  ON r.updater_id = teacher.teacher_no  AND teacher.del_flg = '0'  LEFT JOIN (  SELECT offer_no  	,course_id course_id  	,course_detail_no course_detail_no  	,student_no  	,MIN(answer_dt) answer_dt  	FROM T_4SKILL_ANSWER  	WHERE del_flg = '0'   	GROUP BY offer_no,course_id,course_detail_no,student_no ) answer  ON c.course_id = answer.course_id  AND cd.course_detail_no = answer.course_detail_no  AND co.offer_no = answer.offer_no  AND s.student_no = answer.student_no  LEFT JOIN (  	SELECT a.offer_no ,a.student_no,a.course_id,a.course_detail_no,SUM(a.marks) as result_marks  	FROM (  		SELECT skill_answer.offer_no  		,skill_answer.student_no  		,skill_answer.course_id  		,skill_answer.course_detail_no  		,skill_result_detail.rule_no  		,skill_result_detail.sub_rule_no  		,skill_result_detail.rule_detail_no  		,mark_detail.marks  		FROM T_4SKILL_ANSWER skill_answer  		LEFT JOIN T_4SKILL_RESULT skill_result  		ON skill_answer.offer_no = skill_result.offer_no  		AND skill_answer.student_no = skill_result.student_no  		AND skill_answer.course_id = skill_result.course_id  		AND skill_answer.course_detail_no = skill_result.course_detail_no  		INNER JOIN T_4SKILL_RESULT_DETAIL skill_result_detail  		ON skill_result.result_no = skill_result_detail.result_no  		INNER JOIN M_MARK_DETAIL mark_detail  		ON skill_result_detail.rule_no = mark_detail.rule_no  		AND skill_result_detail.sub_rule_no = mark_detail.sub_rule_no  		AND skill_result_detail.rule_detail_no = mark_detail.rule_detail_no  		AND skill_answer.del_flg = '0'  		AND skill_result.del_flg = '0'  		GROUP BY skill_answer.offer_no ,skill_answer.student_no ,skill_answer.course_id,mark_detail.marks  		,skill_answer.course_detail_no ,skill_result_detail.rule_no  		,skill_result_detail.sub_rule_no ,skill_result_detail.rule_detail_no  	) as a  	GROUP BY a.offer_no  ,a.student_no  ,a.course_id  ,a.course_detail_no  ) as student_mark  ON s.student_no = student_mark.student_no  AND co.offer_no = student_mark.offer_no  AND co.course_id = student_mark.course_id  AND cd.course_detail_no = student_mark.course_detail_no  LEFT JOIN  (  	SELECT mark_rule.course_level  	, mark_rule.test_kbn  	, course.course_id  	, course_detail.course_detail_no  	, SUM(mark_detail.max_marks) marks  	FROM T_COURSE course  	INNER JOIN T_COURSE_DETAIL course_detail  	ON course.course_id = course_detail.course_id  	AND course.del_flg = '0'  	AND course_detail.del_flg = '0'  	INNER JOIN T_COURSE_DETAIL_QUESTION course_detail_qa  	ON course_detail.course_detail_no = course_detail_qa.course_detail_no  	AND course_detail_qa.del_flg = '0'  	INNER JOIN T_QUESTION ques  	ON course_detail_qa.question_no = ques.question_no  	AND ques.del_flg = '0'  	INNER JOIN  M_MARK_RULE mark_rule  	ON ques.score_pattern = mark_rule.score_pattern  	AND course.course_level = mark_rule.course_level  	AND course.test_kbn = mark_rule.test_kbn  	INNER JOIN  (  		SELECT  rule_no  			,SUM(max_marks) AS max_marks  			FROM (  				SELECT rule_no  				,sub_rule_no  				,MAX(marks) AS max_marks  				FROM M_MARK_DETAIL  				WHERE del_flg = '0'  				GROUP BY rule_no,sub_rule_no) AS max  			GROUP BY rule_no  		) mark_detail  	ON mark_rule.rule_no = mark_detail.rule_no  	GROUP BY mark_rule.course_level      ,mark_rule.test_kbn, course.course_id, course_detail.course_detail_no  ) as total_mark  ON c.course_id = total_mark.course_id  AND cd.course_detail_no = total_mark.course_detail_no  AND c.course_level =  total_mark.course_level  AND c.test_kbn =  total_mark.test_kbn  WHERE  '1' = '1'  AND co.end_period >= :start_period  AND co.start_period <= :end_period  GROUP BY o.org_no,o.org_id,o.org_name,o.org_name_official,c.course_id,c.course_name,co_start_period,co_end_period,co.remarks,co.offer_no, d.course_detail_no, d.course_detail_name,s.student_no,s.student_name,s.login_id,cds_start_period,cds_end_period,a_answer_dt,u_update_dt,display_name,teacher.login_id,teacher_name,teacher.school_kbn ORDER BY o.org_no,co.offer_no, c.course_id, cd.disp_no, cds.course_detail_no,s.login_id
2021-02-05 17:33:08,358 DEBUG [24070] [] CourseContractConfirmList　Query
2021-02-05 17:33:08,358 DEBUG [24070] []  SELECT   o.org_no    ,o.org_id  ,o.org_name  ,o.org_name_official  ,c.course_id  ,c.course_name  ,date_format(co.start_period,'%Y/%m/%d') AS  co_start_period ,date_format(co.end_period,'%Y/%m/%d') AS  co_end_period ,co.remarks  ,co.offer_no  ,d.course_detail_no  ,d.course_detail_name  ,s.student_no  ,s.student_name  ,s.login_id  ,date_format(cds.start_period,'%Y/%m/%d') AS cds_start_period  ,date_format(cds.end_period,'%Y/%m/%d') AS cds_end_period  ,date_format(answer.answer_dt,'%Y/%m/%d') AS a_answer_dt  ,date_format(r.update_dt,'%Y/%m/%d') AS u_update_dt  ,teacher.display_name AS display_name  ,teacher.login_id AS teacher_code ,teacher.name AS teacher_name ,teacher.school_kbn AS teacher_school   ,CONCAT(if (student_mark.result_marks IS NULL,'-', student_mark.result_marks ),'/',total_mark.marks) AS result  FROM M_ORGANIZATION o  INNER JOIN T_COURSE_ORG as co  ON co.org_no = o.org_no  AND co.del_flg = '0'  AND o.del_flg = '0'  INNER JOIN T_COURSE as c  ON c.course_id = co.course_id  AND c.del_flg = '0'  INNER JOIN T_COURSE_DETAIL as cd  ON cd.course_id = c.course_id  AND cd.del_flg = '0'  INNER JOIN T_DETAIL as d  ON d.course_detail_no = cd.course_detail_no  AND c.course_level = d.course_level  AND c.test_kbn = d.test_kbn  AND d.del_flg = '0'  LEFT JOIN T_COURSE_DETAIL_STUDENT as cds  ON cds.offer_no = co.offer_no  AND cds.course_id = c.course_id  AND cds.course_detail_no = cd.course_detail_no  AND cds.del_flg = '0'  LEFT JOIN T_STUDENT as s  ON s.org_no = co.org_no  AND s.student_no = cds.student_no  AND s.del_flg = '0'  LEFT JOIN T_4SKILL_RESULT as r  ON r.offer_no = co.offer_no  AND r.course_id = c.course_id  AND r.course_detail_no = cd.course_detail_no  AND r.student_no = cds.student_no  AND r.del_flg = '0'  LEFT JOIN ( SELECT teacher_no,  del_flg, display_name, login_id, name, CASE WHEN school_kbn = '001' THEN 'Philippines'  WHEN school_kbn = '002' THEN 'Japan' ELSE NULL END AS school_kbn  FROM T_TEACHER) teacher  ON r.updater_id = teacher.teacher_no  AND teacher.del_flg = '0'  LEFT JOIN (  SELECT offer_no  	,course_id course_id  	,course_detail_no course_detail_no  	,student_no  	,MIN(answer_dt) answer_dt  	FROM T_4SKILL_ANSWER  	WHERE del_flg = '0'   	GROUP BY offer_no,course_id,course_detail_no,student_no ) answer  ON c.course_id = answer.course_id  AND cd.course_detail_no = answer.course_detail_no  AND co.offer_no = answer.offer_no  AND s.student_no = answer.student_no  LEFT JOIN (  	SELECT a.offer_no ,a.student_no,a.course_id,a.course_detail_no,SUM(a.marks) as result_marks  	FROM (  		SELECT skill_answer.offer_no  		,skill_answer.student_no  		,skill_answer.course_id  		,skill_answer.course_detail_no  		,skill_result_detail.rule_no  		,skill_result_detail.sub_rule_no  		,skill_result_detail.rule_detail_no  		,mark_detail.marks  		FROM T_4SKILL_ANSWER skill_answer  		LEFT JOIN T_4SKILL_RESULT skill_result  		ON skill_answer.offer_no = skill_result.offer_no  		AND skill_answer.student_no = skill_result.student_no  		AND skill_answer.course_id = skill_result.course_id  		AND skill_answer.course_detail_no = skill_result.course_detail_no  		INNER JOIN T_4SKILL_RESULT_DETAIL skill_result_detail  		ON skill_result.result_no = skill_result_detail.result_no  		INNER JOIN M_MARK_DETAIL mark_detail  		ON skill_result_detail.rule_no = mark_detail.rule_no  		AND skill_result_detail.sub_rule_no = mark_detail.sub_rule_no  		AND skill_result_detail.rule_detail_no = mark_detail.rule_detail_no  		AND skill_answer.del_flg = '0'  		AND skill_result.del_flg = '0'  		GROUP BY skill_answer.offer_no ,skill_answer.student_no ,skill_answer.course_id,mark_detail.marks  		,skill_answer.course_detail_no ,skill_result_detail.rule_no  		,skill_result_detail.sub_rule_no ,skill_result_detail.rule_detail_no  	) as a  	GROUP BY a.offer_no  ,a.student_no  ,a.course_id  ,a.course_detail_no  ) as student_mark  ON s.student_no = student_mark.student_no  AND co.offer_no = student_mark.offer_no  AND co.course_id = student_mark.course_id  AND cd.course_detail_no = student_mark.course_detail_no  LEFT JOIN  (  	SELECT mark_rule.course_level  	, mark_rule.test_kbn  	, course.course_id  	, course_detail.course_detail_no  	, SUM(mark_detail.max_marks) marks  	FROM T_COURSE course  	INNER JOIN T_COURSE_DETAIL course_detail  	ON course.course_id = course_detail.course_id  	AND course.del_flg = '0'  	AND course_detail.del_flg = '0'  	INNER JOIN T_COURSE_DETAIL_QUESTION course_detail_qa  	ON course_detail.course_detail_no = course_detail_qa.course_detail_no  	AND course_detail_qa.del_flg = '0'  	INNER JOIN T_QUESTION ques  	ON course_detail_qa.question_no = ques.question_no  	AND ques.del_flg = '0'  	INNER JOIN  M_MARK_RULE mark_rule  	ON ques.score_pattern = mark_rule.score_pattern  	AND course.course_level = mark_rule.course_level  	AND course.test_kbn = mark_rule.test_kbn  	INNER JOIN  (  		SELECT  rule_no  			,SUM(max_marks) AS max_marks  			FROM (  				SELECT rule_no  				,sub_rule_no  				,MAX(marks) AS max_marks  				FROM M_MARK_DETAIL  				WHERE del_flg = '0'  				GROUP BY rule_no,sub_rule_no) AS max  			GROUP BY rule_no  		) mark_detail  	ON mark_rule.rule_no = mark_detail.rule_no  	GROUP BY mark_rule.course_level      ,mark_rule.test_kbn, course.course_id, course_detail.course_detail_no  ) as total_mark  ON c.course_id = total_mark.course_id  AND cd.course_detail_no = total_mark.course_detail_no  AND c.course_level =  total_mark.course_level  AND c.test_kbn =  total_mark.test_kbn  WHERE  '1' = '1'  AND co.end_period >= :start_period  AND co.start_period <= :end_period  GROUP BY o.org_no,o.org_id,o.org_name,o.org_name_official,c.course_id,c.course_name,co_start_period,co_end_period,co.remarks,co.offer_no, d.course_detail_no, d.course_detail_name,s.student_no,s.student_name,s.login_id,cds_start_period,cds_end_period,a_answer_dt,u_update_dt,display_name,teacher.login_id,teacher_name,teacher.school_kbn ORDER BY o.org_no,co.offer_no, c.course_id, cd.disp_no, cds.course_detail_no,s.login_id LIMIT 0 , 10
2021-02-05 17:33:08,512 DEBUG [24070] [] SearchAction end
2021-02-05 17:33:08,512 DEBUG [24070] [] CourseContractConfirmListController end
2021-02-05 17:33:08,512 DEBUG [24070] [] finally
2021-02-05 17:33:39,039 DEBUG [17280] [] Request URI : /eccadmin_dev/Login/logout
2021-02-05 17:33:39,039 DEBUG [17280] [] LoginController start
2021-02-05 17:33:39,039 DEBUG [17280] [] controllers/LoginController.php: is exist
2021-02-05 17:33:39,040 DEBUG [17280] [] LoginForm: is exist
2021-02-05 17:33:39,040 DEBUG [17280] [] LoginForm: form value set 
2021-02-05 17:33:39,040 DEBUG [17280] [] ------------------------------/eccadmin_dev/Login/logout
2021-02-05 17:33:39,040 DEBUG [17280] [] ------------------------------login_start_check
2021-02-05 17:33:39,040 DEBUG [17280] [] logoutAction start
2021-02-05 17:33:39,040 DEBUG [17280] [] logoutAction end
2021-02-05 17:33:39,041 DEBUG [17280] [] LoginController end
2021-02-05 17:33:39,041 DEBUG [17280] [] finally
2021-02-05 17:33:39,069 DEBUG [17280] [] Request URI : /eccadmin_dev/Login
2021-02-05 17:33:39,070 DEBUG [17280] [] LoginController start
2021-02-05 17:33:39,070 DEBUG [17280] [] controllers/LoginController.php: is exist
2021-02-05 17:33:39,070 DEBUG [17280] [] LoginForm: is exist
2021-02-05 17:33:39,070 DEBUG [17280] [] LoginForm: form value set 
2021-02-05 17:33:39,071 DEBUG [17280] [] ------------------------------/eccadmin_dev/Login
2021-02-05 17:33:39,071 DEBUG [17280] [] ------------------------------login_start_check
2021-02-05 17:33:39,071 DEBUG [17280] [] indexAction start
2021-02-05 17:33:39,085 DEBUG [17280] [] indexAction end
2021-02-05 17:33:39,085 DEBUG [17280] [] LoginController end
2021-02-05 17:33:39,085 DEBUG [17280] [] finally
