2021-12-17 10:27:25,566 DEBUG [172492] [] Request URI : /eccadmin_dev/Login
2021-12-17 10:27:25,590 DEBUG [172492] [] LoginController start
2021-12-17 10:27:25,590 DEBUG [172492] [] controllers/LoginController.php: is exist
2021-12-17 10:27:25,591 DEBUG [172492] [] LoginForm: is exist
2021-12-17 10:27:25,591 DEBUG [172492] [] LoginForm: form value set 
2021-12-17 10:27:25,592 DEBUG [172492] [] ------------------------------/eccadmin_dev/Login
2021-12-17 10:27:25,592 DEBUG [172492] [] ------------------------------login_start_check
2021-12-17 10:27:25,592 DEBUG [172492] [] indexAction start
2021-12-17 10:27:25,641 DEBUG [172492] [] indexAction end
2021-12-17 10:27:25,641 DEBUG [172492] [] LoginController end
2021-12-17 10:27:25,641 DEBUG [172492] [] finally
2021-12-17 10:28:02,639 DEBUG [172450] [] Request URI : /eccadmin_dev/Login/login
2021-12-17 10:28:02,640 DEBUG [172450] [] LoginController start
2021-12-17 10:28:02,640 DEBUG [172450] [] controllers/LoginController.php: is exist
2021-12-17 10:28:02,640 DEBUG [172450] [] LoginForm: is exist
2021-12-17 10:28:02,640 DEBUG [172450] [] LoginForm: form value set 
2021-12-17 10:28:02,641 DEBUG [172450] [] ------------------------------/eccadmin_dev/Login/login
2021-12-17 10:28:02,641 DEBUG [172450] [] ------------------------------login_start_check
2021-12-17 10:28:02,641 DEBUG [172450] [] loginAction start
2021-12-17 10:28:02,945 DEBUG [172450] [] loginAction end
2021-12-17 10:28:02,945 DEBUG [172450] [] LoginController end
2021-12-17 10:28:02,945 DEBUG [172450] [] finally
2021-12-17 10:28:03,198 DEBUG [172450] [] Request URI : /eccadmin_dev/Menu
2021-12-17 10:28:03,199 DEBUG [172450] [] MenuController start
2021-12-17 10:28:03,199 DEBUG [172450] [] controllers/MenuController.php: is exist
2021-12-17 10:28:03,199 DEBUG [172450] [] MenuForm: is exist
2021-12-17 10:28:03,199 DEBUG [172450] [] MenuForm: form value set 
2021-12-17 10:28:03,200 DEBUG [172450] [] ------------------------------/eccadmin_dev/Menu
2021-12-17 10:28:03,200 DEBUG [172450] [] ------------------------------login_start_check
2021-12-17 10:28:03,200 DEBUG [172450] [] indexAction start
2021-12-17 10:28:03,200 DEBUG [172450] [] admin_no is 1
2021-12-17 10:28:03,252 DEBUG [172450] [] indexAction end
2021-12-17 10:28:03,252 DEBUG [172450] [] MenuController end
2021-12-17 10:28:03,253 DEBUG [172450] [] finally
2021-12-17 10:35:52,269 DEBUG [172547] [] Request URI : /eccadmin_dev/Login
2021-12-17 10:35:52,273 DEBUG [172547] [] LoginController start
2021-12-17 10:35:52,273 DEBUG [172547] [] controllers/LoginController.php: is exist
2021-12-17 10:35:52,274 DEBUG [172547] [] LoginForm: is exist
2021-12-17 10:35:52,274 DEBUG [172547] [] LoginForm: form value set 
2021-12-17 10:35:52,274 DEBUG [172547] [] ------------------------------/eccadmin_dev/Login
2021-12-17 10:35:52,274 DEBUG [172547] [] ------------------------------login_start_check
2021-12-17 10:35:52,275 DEBUG [172547] [] indexAction start
2021-12-17 10:35:52,291 DEBUG [172547] [] indexAction end
2021-12-17 10:35:52,291 DEBUG [172547] [] LoginController end
2021-12-17 10:35:52,291 DEBUG [172547] [] finally
2021-12-17 10:38:47,629 DEBUG [172604] [] Request URI : /eccadmin_dev/WordBookList
2021-12-17 10:38:47,630 DEBUG [172604] [] WordBookListController start
2021-12-17 10:38:47,630 DEBUG [172604] [] controllers/WordBookListController.php: is exist
2021-12-17 10:38:47,631 DEBUG [172604] [] 1
2021-12-17 10:38:47,631 DEBUG [172604] [] 2
2021-12-17 10:38:47,631 DEBUG [172604] [] 3
2021-12-17 10:38:47,632 DEBUG [172604] [] 4
2021-12-17 10:38:47,632 DEBUG [172604] [] WordBookListForm: is exist
2021-12-17 10:38:47,632 DEBUG [172604] [] WordBookListForm: form value set 
2021-12-17 10:38:47,633 DEBUG [172604] [] ------------------------------/eccadmin_dev/WordBookList
2021-12-17 10:38:47,633 DEBUG [172604] [] indexAction start
2021-12-17 10:38:47,633 DEBUG [172604] [] admin_no is 1
2021-12-17 10:38:47,723 DEBUG [172604] [] indexAction end
2021-12-17 10:38:47,723 DEBUG [172604] [] WordBookListController end
2021-12-17 10:38:47,723 DEBUG [172604] [] finally
2021-12-17 10:38:52,797 DEBUG [172582] [] Request URI : /eccadmin_dev/WordBookRegist/index
2021-12-17 10:38:52,798 DEBUG [172582] [] WordBookRegistController start
2021-12-17 10:38:52,798 DEBUG [172582] [] controllers/WordBookRegistController.php: is exist
2021-12-17 10:38:52,799 DEBUG [172582] [] 1
2021-12-17 10:38:52,800 DEBUG [172582] [] 2
2021-12-17 10:38:52,800 DEBUG [172582] [] 3
2021-12-17 10:38:52,801 DEBUG [172582] [] 4
2021-12-17 10:38:52,801 DEBUG [172582] [] WordBookRegistForm: is exist
2021-12-17 10:38:52,801 DEBUG [172582] [] WordBookRegistForm: form value set 
2021-12-17 10:38:52,802 DEBUG [172582] [] ------------------------------/eccadmin_dev/WordBookRegist/index
2021-12-17 10:38:52,802 DEBUG [172582] [] ------------------------------session_check_true
2021-12-17 10:38:52,802 DEBUG [172582] [] indexAction start
2021-12-17 10:38:52,802 DEBUG [172582] [] admin_no is 1
2021-12-17 10:38:52,804 DEBUG [172582] []  SELECT wb.org_no, wb.wordbook_id, wb.word_system_kbn, wb.tag, wb.name, wb.word_lang_type,  wb.trans_lang_type, wb.status,wb.disp_no,wb.del_flg, wb.create_dt,wb.creater_id, wb.update_dt,wb.updater_id,  org.org_name,org.org_id , org.org_name_official, wbw.word_id FROM T_WORDBOOK wb Inner Join M_ORGANIZATION org  ON wb.org_no=org.org_no  AND org.org_no=:org_no Left Join T_WORDBOOK_WORD  wbw  ON wb.org_no=wbw.org_no  AND wb.wordbook_id=wbw.wordbook_id WHERE wb.wordbook_id=:id AND wb.del_flg = '0'  AND org.del_flg = '0' 
2021-12-17 10:38:52,886 DEBUG [172582] [] indexAction end
2021-12-17 10:38:52,886 DEBUG [172582] [] WordBookRegistController end
2021-12-17 10:38:52,886 DEBUG [172582] [] finally
2021-12-17 10:39:01,253 DEBUG [172615] [] Request URI : /eccadmin_dev/WordBookRegist/orgShow
2021-12-17 10:39:01,255 DEBUG [172615] [] WordBookRegistController start
2021-12-17 10:39:01,255 DEBUG [172615] [] controllers/WordBookRegistController.php: is exist
2021-12-17 10:39:01,257 DEBUG [172615] [] 1
2021-12-17 10:39:01,258 DEBUG [172615] [] 2
2021-12-17 10:39:01,258 DEBUG [172615] [] 3
2021-12-17 10:39:01,258 DEBUG [172615] [] 4
2021-12-17 10:39:01,259 DEBUG [172615] [] WordBookRegistForm: is exist
2021-12-17 10:39:01,259 DEBUG [172615] [] WordBookRegistForm: form value set 
2021-12-17 10:39:01,260 DEBUG [172615] [] ------------------------------/eccadmin_dev/WordBookRegist/orgShow
2021-12-17 10:39:01,260 DEBUG [172615] [] ------------------------------session_check_true
2021-12-17 10:39:01,260 DEBUG [172615] [] orgShowAction start
2021-12-17 10:39:01,260 DEBUG [172615] [] admin_no is 1
2021-12-17 10:39:01,311 DEBUG [172615] [] orgShowAction end
2021-12-17 10:39:01,311 DEBUG [172615] [] WordBookRegistController end
2021-12-17 10:39:01,311 DEBUG [172615] [] finally
2021-12-17 10:39:05,653 DEBUG [172615] [] Request URI : /eccadmin_dev/WordBookRegist/Save
2021-12-17 10:39:05,653 DEBUG [172615] [] WordBookRegistController start
2021-12-17 10:39:05,653 DEBUG [172615] [] controllers/WordBookRegistController.php: is exist
2021-12-17 10:39:05,655 DEBUG [172615] [] 1
2021-12-17 10:39:05,655 DEBUG [172615] [] 2
2021-12-17 10:39:05,655 DEBUG [172615] [] 3
2021-12-17 10:39:05,656 DEBUG [172615] [] 4
2021-12-17 10:39:05,656 DEBUG [172615] [] WordBookRegistForm: is exist
2021-12-17 10:39:05,656 DEBUG [172615] [] WordBookRegistForm: form value set 
2021-12-17 10:39:05,657 DEBUG [172615] [] ------------------------------/eccadmin_dev/WordBookRegist/Save
2021-12-17 10:39:05,657 DEBUG [172615] [] ------------------------------session_check_true
2021-12-17 10:39:05,657 DEBUG [172615] [] SaveAction start
2021-12-17 10:39:05,657 DEBUG [172615] [] admin_no is 1
2021-12-17 10:39:05,660 DEBUG [172615] []  SELECT wb.org_no, wb.wordbook_id, wb.word_system_kbn, wb.tag, wb.name, wb.word_lang_type,  wb.trans_lang_type, wb.status,wb.disp_no,wb.del_flg, wb.create_dt,wb.creater_id, wb.update_dt,wb.updater_id,  org.org_name,org.org_id , org.org_name_official, wbw.word_id FROM T_WORDBOOK wb Inner Join M_ORGANIZATION org  ON wb.org_no=org.org_no  AND org.org_no=:org_no Left Join T_WORDBOOK_WORD  wbw  ON wb.org_no=wbw.org_no  AND wb.wordbook_id=wbw.wordbook_id WHERE wb.wordbook_id=:id AND wb.del_flg = '0'  AND org.del_flg = '0' 
2021-12-17 10:39:05,739 DEBUG [172615] [] SaveAction end
2021-12-17 10:39:05,739 DEBUG [172615] [] WordBookRegistController end
2021-12-17 10:39:05,739 DEBUG [172615] [] finally
2021-12-17 10:39:11,529 DEBUG [172607] [] Request URI : /eccadmin_dev/WordBookRegist/back
2021-12-17 10:39:11,529 DEBUG [172607] [] WordBookRegistController start
2021-12-17 10:39:11,529 DEBUG [172607] [] controllers/WordBookRegistController.php: is exist
2021-12-17 10:39:11,531 DEBUG [172607] [] 1
2021-12-17 10:39:11,532 DEBUG [172607] [] 2
2021-12-17 10:39:11,532 DEBUG [172607] [] 3
2021-12-17 10:39:11,532 DEBUG [172607] [] 4
2021-12-17 10:39:11,533 DEBUG [172607] [] WordBookRegistForm: is exist
2021-12-17 10:39:11,533 DEBUG [172607] [] WordBookRegistForm: form value set 
2021-12-17 10:39:11,533 DEBUG [172607] [] ------------------------------/eccadmin_dev/WordBookRegist/back
2021-12-17 10:39:11,533 DEBUG [172607] [] ------------------------------session_check_true
2021-12-17 10:39:11,534 DEBUG [172607] [] backAction start
2021-12-17 10:39:11,534 DEBUG [172607] [] backAction end
2021-12-17 10:39:11,534 DEBUG [172607] [] WordBookRegistController end
2021-12-17 10:39:11,534 DEBUG [172607] [] finally
2021-12-17 10:39:11,742 DEBUG [172607] [] Request URI : /eccadmin_dev/WordBookList/Search
2021-12-17 10:39:11,743 DEBUG [172607] [] WordBookListController start
2021-12-17 10:39:11,743 DEBUG [172607] [] controllers/WordBookListController.php: is exist
2021-12-17 10:39:11,743 DEBUG [172607] [] 1
2021-12-17 10:39:11,744 DEBUG [172607] [] 2
2021-12-17 10:39:11,744 DEBUG [172607] [] 3
2021-12-17 10:39:11,745 DEBUG [172607] [] 4
2021-12-17 10:39:11,745 DEBUG [172607] [] WordBookListForm: is exist
2021-12-17 10:39:11,745 DEBUG [172607] [] WordBookListForm: form value set 
2021-12-17 10:39:11,746 DEBUG [172607] [] ------------------------------/eccadmin_dev/WordBookList/Search
2021-12-17 10:39:11,746 DEBUG [172607] [] SearchAction start
2021-12-17 10:39:11,746 DEBUG [172607] [] admin_no is 1
2021-12-17 10:39:11,811 DEBUG [172607] [] SearchAction end
2021-12-17 10:39:11,811 DEBUG [172607] [] WordBookListController end
2021-12-17 10:39:11,811 DEBUG [172607] [] finally
2021-12-17 12:00:16,338 DEBUG [173102] [] Request URI : /eccadmin_dev/WordBookList
2021-12-17 12:00:16,339 DEBUG [173102] [] WordBookListController start
2021-12-17 12:00:16,339 DEBUG [173102] [] controllers/WordBookListController.php: is exist
2021-12-17 12:00:16,340 DEBUG [173102] [] 1
2021-12-17 12:00:16,340 DEBUG [173102] [] 2
2021-12-17 12:00:16,340 DEBUG [173102] [] 3
2021-12-17 12:00:16,341 DEBUG [173102] [] 4
2021-12-17 12:00:16,341 DEBUG [173102] [] WordBookListForm: is exist
2021-12-17 12:00:16,342 DEBUG [173102] [] WordBookListForm: form value set 
2021-12-17 12:00:16,342 DEBUG [173102] [] ------------------------------/eccadmin_dev/WordBookList
2021-12-17 12:00:16,342 DEBUG [173102] [] indexAction start
2021-12-17 12:00:16,342 DEBUG [173102] [] admin_no is 1
2021-12-17 12:00:16,455 DEBUG [173102] [] indexAction end
2021-12-17 12:00:16,455 DEBUG [173102] [] WordBookListController end
2021-12-17 12:00:16,455 DEBUG [173102] [] finally
2021-12-17 12:00:20,875 DEBUG [172916] [] Request URI : /eccadmin_dev/WordBookWord/index
2021-12-17 12:00:20,876 DEBUG [172916] [] WordBookWordController start
2021-12-17 12:00:20,876 DEBUG [172916] [] controllers/WordBookWordController.php: is exist
2021-12-17 12:00:20,904 DEBUG [172916] [] 1
2021-12-17 12:00:20,904 DEBUG [172916] [] 2
2021-12-17 12:00:20,905 DEBUG [172916] [] 3
2021-12-17 12:00:20,905 DEBUG [172916] [] 4
2021-12-17 12:00:20,906 DEBUG [172916] [] WordBookWordForm: is exist
2021-12-17 12:00:20,906 DEBUG [172916] [] WordBookWordForm: form value set 
2021-12-17 12:00:20,906 DEBUG [172916] [] ------------------------------/eccadmin_dev/WordBookWord/index
2021-12-17 12:00:20,906 DEBUG [172916] [] ------------------------------session_check_true
2021-12-17 12:00:20,907 DEBUG [172916] [] indexAction start
2021-12-17 12:00:20,907 DEBUG [172916] [] admin_no is 1
2021-12-17 12:00:20,984 DEBUG [172916] [] indexAction end
2021-12-17 12:00:20,984 DEBUG [172916] [] WordBookWordController end
2021-12-17 12:00:20,984 DEBUG [172916] [] finally
2021-12-17 12:00:26,524 DEBUG [173104] [] Request URI : /eccadmin_dev/WordBookWord/back
2021-12-17 12:00:26,525 DEBUG [173104] [] WordBookWordController start
2021-12-17 12:00:26,525 DEBUG [173104] [] controllers/WordBookWordController.php: is exist
2021-12-17 12:00:26,527 DEBUG [173104] [] 1
2021-12-17 12:00:26,527 DEBUG [173104] [] 2
2021-12-17 12:00:26,527 DEBUG [173104] [] 3
2021-12-17 12:00:26,528 DEBUG [173104] [] 4
2021-12-17 12:00:26,528 DEBUG [173104] [] WordBookWordForm: is exist
2021-12-17 12:00:26,528 DEBUG [173104] [] WordBookWordForm: form value set 
2021-12-17 12:00:26,529 DEBUG [173104] [] ------------------------------/eccadmin_dev/WordBookWord/back
2021-12-17 12:00:26,529 DEBUG [173104] [] ------------------------------session_check_true
2021-12-17 12:00:26,529 DEBUG [173104] [] backAction start
2021-12-17 12:00:26,529 DEBUG [173104] [] backAction end
2021-12-17 12:00:26,529 DEBUG [173104] [] WordBookWordController end
2021-12-17 12:00:26,530 DEBUG [173104] [] finally
2021-12-17 12:00:26,744 DEBUG [173104] [] Request URI : /eccadmin_dev/WordBookList/Search
2021-12-17 12:00:26,745 DEBUG [173104] [] WordBookListController start
2021-12-17 12:00:26,745 DEBUG [173104] [] controllers/WordBookListController.php: is exist
2021-12-17 12:00:26,745 DEBUG [173104] [] 1
2021-12-17 12:00:26,746 DEBUG [173104] [] 2
2021-12-17 12:00:26,746 DEBUG [173104] [] 3
2021-12-17 12:00:26,747 DEBUG [173104] [] 4
2021-12-17 12:00:26,747 DEBUG [173104] [] WordBookListForm: is exist
2021-12-17 12:00:26,747 DEBUG [173104] [] WordBookListForm: form value set 
2021-12-17 12:00:26,747 DEBUG [173104] [] ------------------------------/eccadmin_dev/WordBookList/Search
2021-12-17 12:00:26,748 DEBUG [173104] [] SearchAction start
2021-12-17 12:00:26,748 DEBUG [173104] [] admin_no is 1
2021-12-17 12:00:26,813 DEBUG [173104] [] SearchAction end
2021-12-17 12:00:26,813 DEBUG [173104] [] WordBookListController end
2021-12-17 12:00:26,813 DEBUG [173104] [] finally
2021-12-17 12:00:29,500 DEBUG [173104] [] Request URI : /eccadmin_dev/WordBookWord/index
2021-12-17 12:00:29,500 DEBUG [173104] [] WordBookWordController start
2021-12-17 12:00:29,500 DEBUG [173104] [] controllers/WordBookWordController.php: is exist
2021-12-17 12:00:29,502 DEBUG [173104] [] 1
2021-12-17 12:00:29,503 DEBUG [173104] [] 2
2021-12-17 12:00:29,503 DEBUG [173104] [] 3
2021-12-17 12:00:29,503 DEBUG [173104] [] 4
2021-12-17 12:00:29,504 DEBUG [173104] [] WordBookWordForm: is exist
2021-12-17 12:00:29,504 DEBUG [173104] [] WordBookWordForm: form value set 
2021-12-17 12:00:29,504 DEBUG [173104] [] ------------------------------/eccadmin_dev/WordBookWord/index
2021-12-17 12:00:29,504 DEBUG [173104] [] ------------------------------session_check_true
2021-12-17 12:00:29,505 DEBUG [173104] [] indexAction start
2021-12-17 12:00:29,505 DEBUG [173104] [] admin_no is 1
2021-12-17 12:00:29,573 DEBUG [173104] [] indexAction end
2021-12-17 12:00:29,574 DEBUG [173104] [] WordBookWordController end
2021-12-17 12:00:29,574 DEBUG [173104] [] finally
2021-12-17 12:01:08,638 DEBUG [173102] [] Request URI : /eccadmin_dev/WordBookList
2021-12-17 12:01:08,639 DEBUG [173102] [] WordBookListController start
2021-12-17 12:01:08,639 DEBUG [173102] [] controllers/WordBookListController.php: is exist
2021-12-17 12:01:08,639 DEBUG [173102] [] 1
2021-12-17 12:01:08,640 DEBUG [173102] [] 2
2021-12-17 12:01:08,640 DEBUG [173102] [] 3
2021-12-17 12:01:08,641 DEBUG [173102] [] 4
2021-12-17 12:01:08,641 DEBUG [173102] [] WordBookListForm: is exist
2021-12-17 12:01:08,641 DEBUG [173102] [] WordBookListForm: form value set 
2021-12-17 12:01:08,642 DEBUG [173102] [] ------------------------------/eccadmin_dev/WordBookList
2021-12-17 12:01:08,642 DEBUG [173102] [] indexAction start
2021-12-17 12:01:08,642 DEBUG [173102] [] admin_no is 1
2021-12-17 12:01:08,708 DEBUG [173102] [] indexAction end
2021-12-17 12:01:08,708 DEBUG [173102] [] WordBookListController end
2021-12-17 12:01:08,708 DEBUG [173102] [] finally
2021-12-17 12:01:12,652 DEBUG [173102] [] Request URI : /eccadmin_dev/WordBookRegist/index
2021-12-17 12:01:12,653 DEBUG [173102] [] WordBookRegistController start
2021-12-17 12:01:12,653 DEBUG [173102] [] controllers/WordBookRegistController.php: is exist
2021-12-17 12:01:12,655 DEBUG [173102] [] 1
2021-12-17 12:01:12,655 DEBUG [173102] [] 2
2021-12-17 12:01:12,655 DEBUG [173102] [] 3
2021-12-17 12:01:12,656 DEBUG [173102] [] 4
2021-12-17 12:01:12,656 DEBUG [173102] [] WordBookRegistForm: is exist
2021-12-17 12:01:12,656 DEBUG [173102] [] WordBookRegistForm: form value set 
2021-12-17 12:01:12,657 DEBUG [173102] [] ------------------------------/eccadmin_dev/WordBookRegist/index
2021-12-17 12:01:12,657 DEBUG [173102] [] ------------------------------session_check_true
2021-12-17 12:01:12,657 DEBUG [173102] [] indexAction start
2021-12-17 12:01:12,657 DEBUG [173102] [] admin_no is 1
2021-12-17 12:01:12,660 DEBUG [173102] []  SELECT wb.org_no, wb.wordbook_id, wb.word_system_kbn, wb.tag, wb.name, wb.word_lang_type,  wb.trans_lang_type, wb.status,wb.disp_no,wb.del_flg, wb.create_dt,wb.creater_id, wb.update_dt,wb.updater_id,  org.org_name,org.org_id , org.org_name_official, wbw.word_id FROM T_WORDBOOK wb Inner Join M_ORGANIZATION org  ON wb.org_no=org.org_no  AND org.org_no=:org_no Left Join T_WORDBOOK_WORD  wbw  ON wb.org_no=wbw.org_no  AND wb.wordbook_id=wbw.wordbook_id WHERE wb.wordbook_id=:id AND wb.del_flg = '0'  AND org.del_flg = '0' 
2021-12-17 12:01:12,745 DEBUG [173102] [] indexAction end
2021-12-17 12:01:12,745 DEBUG [173102] [] WordBookRegistController end
2021-12-17 12:01:12,745 DEBUG [173102] [] finally
2021-12-17 12:01:24,232 DEBUG [173109] [] Request URI : /eccadmin_dev/WordBookRegist/Save
2021-12-17 12:01:24,233 DEBUG [173109] [] WordBookRegistController start
2021-12-17 12:01:24,233 DEBUG [173109] [] controllers/WordBookRegistController.php: is exist
2021-12-17 12:01:24,235 DEBUG [173109] [] 1
2021-12-17 12:01:24,235 DEBUG [173109] [] 2
2021-12-17 12:01:24,235 DEBUG [173109] [] 3
2021-12-17 12:01:24,236 DEBUG [173109] [] 4
2021-12-17 12:01:24,236 DEBUG [173109] [] WordBookRegistForm: is exist
2021-12-17 12:01:24,236 DEBUG [173109] [] WordBookRegistForm: form value set 
2021-12-17 12:01:24,237 DEBUG [173109] [] ------------------------------/eccadmin_dev/WordBookRegist/Save
2021-12-17 12:01:24,237 DEBUG [173109] [] ------------------------------session_check_true
2021-12-17 12:01:24,237 DEBUG [173109] [] SaveAction start
2021-12-17 12:01:24,237 DEBUG [173109] [] admin_no is 1
2021-12-17 12:01:24,240 DEBUG [173109] []  SELECT wb.org_no, wb.wordbook_id, wb.word_system_kbn, wb.tag, wb.name, wb.word_lang_type,  wb.trans_lang_type, wb.status,wb.disp_no,wb.del_flg, wb.create_dt,wb.creater_id, wb.update_dt,wb.updater_id,  org.org_name,org.org_id , org.org_name_official, wbw.word_id FROM T_WORDBOOK wb Inner Join M_ORGANIZATION org  ON wb.org_no=org.org_no  AND org.org_no=:org_no Left Join T_WORDBOOK_WORD  wbw  ON wb.org_no=wbw.org_no  AND wb.wordbook_id=wbw.wordbook_id WHERE wb.wordbook_id=:id AND wb.del_flg = '0'  AND org.del_flg = '0' 
2021-12-17 12:01:24,323 DEBUG [173109] [] SaveAction end
2021-12-17 12:01:24,323 DEBUG [173109] [] WordBookRegistController end
2021-12-17 12:01:24,323 DEBUG [173109] [] finally
2021-12-17 12:01:32,209 DEBUG [172916] [] Request URI : /eccadmin_dev/WordBookRegist/back
2021-12-17 12:01:32,210 DEBUG [172916] [] WordBookRegistController start
2021-12-17 12:01:32,210 DEBUG [172916] [] controllers/WordBookRegistController.php: is exist
2021-12-17 12:01:32,212 DEBUG [172916] [] 1
2021-12-17 12:01:32,212 DEBUG [172916] [] 2
2021-12-17 12:01:32,212 DEBUG [172916] [] 3
2021-12-17 12:01:32,213 DEBUG [172916] [] 4
2021-12-17 12:01:32,213 DEBUG [172916] [] WordBookRegistForm: is exist
2021-12-17 12:01:32,213 DEBUG [172916] [] WordBookRegistForm: form value set 
2021-12-17 12:01:32,214 DEBUG [172916] [] ------------------------------/eccadmin_dev/WordBookRegist/back
2021-12-17 12:01:32,214 DEBUG [172916] [] ------------------------------session_check_true
2021-12-17 12:01:32,214 DEBUG [172916] [] backAction start
2021-12-17 12:01:32,214 DEBUG [172916] [] backAction end
2021-12-17 12:01:32,214 DEBUG [172916] [] WordBookRegistController end
2021-12-17 12:01:32,214 DEBUG [172916] [] finally
2021-12-17 12:01:32,604 DEBUG [172916] [] Request URI : /eccadmin_dev/WordBookList/Search
2021-12-17 12:01:32,605 DEBUG [172916] [] WordBookListController start
2021-12-17 12:01:32,605 DEBUG [172916] [] controllers/WordBookListController.php: is exist
2021-12-17 12:01:32,606 DEBUG [172916] [] 1
2021-12-17 12:01:32,606 DEBUG [172916] [] 2
2021-12-17 12:01:32,606 DEBUG [172916] [] 3
2021-12-17 12:01:32,607 DEBUG [172916] [] 4
2021-12-17 12:01:32,607 DEBUG [172916] [] WordBookListForm: is exist
2021-12-17 12:01:32,607 DEBUG [172916] [] WordBookListForm: form value set 
2021-12-17 12:01:32,608 DEBUG [172916] [] ------------------------------/eccadmin_dev/WordBookList/Search
2021-12-17 12:01:32,608 DEBUG [172916] [] SearchAction start
2021-12-17 12:01:32,608 DEBUG [172916] [] admin_no is 1
2021-12-17 12:01:32,673 DEBUG [172916] [] SearchAction end
2021-12-17 12:01:32,673 DEBUG [172916] [] WordBookListController end
2021-12-17 12:01:32,673 DEBUG [172916] [] finally
2021-12-17 15:33:06,102 DEBUG [174720] [] Request URI : /eccadmin_dev/Login
2021-12-17 15:33:06,106 DEBUG [174720] [] LoginController start
2021-12-17 15:33:06,106 DEBUG [174720] [] controllers/LoginController.php: is exist
2021-12-17 15:33:06,107 DEBUG [174720] [] LoginForm: is exist
2021-12-17 15:33:06,107 DEBUG [174720] [] LoginForm: form value set 
2021-12-17 15:33:06,108 DEBUG [174720] [] ------------------------------/eccadmin_dev/Login
2021-12-17 15:33:06,108 DEBUG [174720] [] ------------------------------login_start_check
2021-12-17 15:33:06,108 DEBUG [174720] [] indexAction start
2021-12-17 15:33:06,125 DEBUG [174720] [] indexAction end
2021-12-17 15:33:06,125 DEBUG [174720] [] LoginController end
2021-12-17 15:33:06,126 DEBUG [174720] [] finally
2021-12-17 15:33:10,225 DEBUG [174720] [] Request URI : /eccadmin_dev/Login/login
2021-12-17 15:33:10,225 DEBUG [174720] [] LoginController start
2021-12-17 15:33:10,225 DEBUG [174720] [] controllers/LoginController.php: is exist
2021-12-17 15:33:10,225 DEBUG [174720] [] LoginForm: is exist
2021-12-17 15:33:10,226 DEBUG [174720] [] LoginForm: form value set 
2021-12-17 15:33:10,226 DEBUG [174720] [] ------------------------------/eccadmin_dev/Login/login
2021-12-17 15:33:10,226 DEBUG [174720] [] ------------------------------login_start_check
2021-12-17 15:33:10,226 DEBUG [174720] [] loginAction start
2021-12-17 15:33:10,530 DEBUG [174720] [] loginAction end
2021-12-17 15:33:10,530 DEBUG [174720] [] LoginController end
2021-12-17 15:33:10,530 DEBUG [174720] [] finally
2021-12-17 15:33:10,714 DEBUG [174720] [] Request URI : /eccadmin_dev/Menu
2021-12-17 15:33:10,714 DEBUG [174720] [] MenuController start
2021-12-17 15:33:10,714 DEBUG [174720] [] controllers/MenuController.php: is exist
2021-12-17 15:33:10,715 DEBUG [174720] [] MenuForm: is exist
2021-12-17 15:33:10,715 DEBUG [174720] [] MenuForm: form value set 
2021-12-17 15:33:10,715 DEBUG [174720] [] ------------------------------/eccadmin_dev/Menu
2021-12-17 15:33:10,715 DEBUG [174720] [] ------------------------------login_start_check
2021-12-17 15:33:10,716 DEBUG [174720] [] indexAction start
2021-12-17 15:33:10,716 DEBUG [174720] [] admin_no is 1
2021-12-17 15:33:10,765 DEBUG [174720] [] indexAction end
2021-12-17 15:33:10,765 DEBUG [174720] [] MenuController end
2021-12-17 15:33:10,765 DEBUG [174720] [] finally
2021-12-17 15:33:16,658 DEBUG [174708] [] Request URI : /eccadmin_dev/WordBookList
2021-12-17 15:33:16,659 DEBUG [174708] [] WordBookListController start
2021-12-17 15:33:16,659 DEBUG [174708] [] controllers/WordBookListController.php: is exist
2021-12-17 15:33:16,660 DEBUG [174708] [] 1
2021-12-17 15:33:16,660 DEBUG [174708] [] 2
2021-12-17 15:33:16,660 DEBUG [174708] [] 3
2021-12-17 15:33:16,661 DEBUG [174708] [] 4
2021-12-17 15:33:16,661 DEBUG [174708] [] WordBookListForm: is exist
2021-12-17 15:33:16,662 DEBUG [174708] [] WordBookListForm: form value set 
2021-12-17 15:33:16,662 DEBUG [174708] [] ------------------------------/eccadmin_dev/WordBookList
2021-12-17 15:33:16,662 DEBUG [174708] [] indexAction start
2021-12-17 15:33:16,662 DEBUG [174708] [] admin_no is 1
2021-12-17 15:33:16,723 DEBUG [174708] [] indexAction end
2021-12-17 15:33:16,724 DEBUG [174708] [] WordBookListController end
2021-12-17 15:33:16,724 DEBUG [174708] [] finally
2021-12-17 15:33:25,391 DEBUG [174716] [] Request URI : /eccadmin_dev/WordBookWord/index
2021-12-17 15:33:25,395 DEBUG [174716] [] WordBookWordController start
2021-12-17 15:33:25,395 DEBUG [174716] [] controllers/WordBookWordController.php: is exist
2021-12-17 15:33:25,398 DEBUG [174716] [] 1
2021-12-17 15:33:25,398 DEBUG [174716] [] 2
2021-12-17 15:33:25,398 DEBUG [174716] [] 3
2021-12-17 15:33:25,399 DEBUG [174716] [] 4
2021-12-17 15:33:25,399 DEBUG [174716] [] WordBookWordForm: is exist
2021-12-17 15:33:25,399 DEBUG [174716] [] WordBookWordForm: form value set 
2021-12-17 15:33:25,400 DEBUG [174716] [] ------------------------------/eccadmin_dev/WordBookWord/index
2021-12-17 15:33:25,400 DEBUG [174716] [] ------------------------------session_check_true
2021-12-17 15:33:25,400 DEBUG [174716] [] indexAction start
2021-12-17 15:33:25,400 DEBUG [174716] [] admin_no is 1
2021-12-17 15:33:25,401 DEBUG [174716] [] rollback
2021-12-17 15:33:25,401 ERROR [174716] [] 予期しない例外が発生しました。
exception 'PDOException' with message 'SQLSTATE[HY000]: General error: 2031 ' in /var/www/html/eccadmin_dev/dao/BaseDao.php:50
Stack trace:
#0 /var/www/html/eccadmin_dev/dao/BaseDao.php(50): PDOStatement->execute()
#1 /var/www/html/eccadmin_dev/dao/T_WordBook_WordDao.php(24): BaseDao->getDataList(Object(PDOStatement), 'T_WordBook_Word...')
#2 /var/www/html/eccadmin_dev/service/WordBookWordService.php(21): T_WordBook_WordDao->getWordList(Object(WordBookWordForm), '0')
#3 /var/www/html/eccadmin_dev/controllers/WordBookWordController.php(53): WordBookWordService->getWordList(Object(WordBookWordForm), '0')
#4 /var/www/html/eccadmin_dev/controllers/WordBookWordController.php(27): WordBookWordController->search()
#5 /var/www/html/eccadmin_dev/fw/Dispatcher.php(127): WordBookWordController->indexAction()
#6 /var/www/html/eccadmin_dev/index.php(31): Dispatcher->dispatch()
#7 {main}
2021-12-17 15:33:25,401 DEBUG [174716] [] finally
2021-12-17 15:33:25,608 DEBUG [174716] [] Request URI : /eccadmin_dev/Error/disp
2021-12-17 15:33:25,609 DEBUG [174716] [] ErrorController start
2021-12-17 15:33:25,609 DEBUG [174716] [] controllers/ErrorController.php: is exist
2021-12-17 15:33:25,609 DEBUG [174716] [] ErrorForm: is exist
2021-12-17 15:33:25,610 DEBUG [174716] [] ErrorForm: form value set 
2021-12-17 15:33:25,610 DEBUG [174716] [] ------------------------------/eccadmin_dev/Error/disp
2021-12-17 15:33:25,610 DEBUG [174716] [] ------------------------------login_start_check
2021-12-17 15:33:25,610 DEBUG [174716] [] dispAction start
2021-12-17 15:33:25,631 DEBUG [174716] [] dispAction end
2021-12-17 15:33:25,632 DEBUG [174716] [] ErrorController end
2021-12-17 15:33:25,632 DEBUG [174716] [] finally
2021-12-17 15:37:47,924 DEBUG [174719] [] Request URI : /eccadmin_dev/WordBookList
2021-12-17 15:37:47,925 DEBUG [174719] [] WordBookListController start
2021-12-17 15:37:47,925 DEBUG [174719] [] controllers/WordBookListController.php: is exist
2021-12-17 15:37:47,926 DEBUG [174719] [] 1
2021-12-17 15:37:47,926 DEBUG [174719] [] 2
2021-12-17 15:37:47,926 DEBUG [174719] [] 3
2021-12-17 15:37:47,927 DEBUG [174719] [] 4
2021-12-17 15:37:47,927 DEBUG [174719] [] WordBookListForm: is exist
2021-12-17 15:37:47,927 DEBUG [174719] [] WordBookListForm: form value set 
2021-12-17 15:37:47,928 DEBUG [174719] [] ------------------------------/eccadmin_dev/WordBookList
2021-12-17 15:37:47,928 DEBUG [174719] [] indexAction start
2021-12-17 15:37:47,928 DEBUG [174719] [] admin_no is 1
2021-12-17 15:37:47,993 DEBUG [174719] [] indexAction end
2021-12-17 15:37:47,994 DEBUG [174719] [] WordBookListController end
2021-12-17 15:37:47,994 DEBUG [174719] [] finally
2021-12-17 15:37:52,039 DEBUG [174720] [] Request URI : /eccadmin_dev/WordBookWord/index
2021-12-17 15:37:52,040 DEBUG [174720] [] WordBookWordController start
2021-12-17 15:37:52,040 DEBUG [174720] [] controllers/WordBookWordController.php: is exist
2021-12-17 15:37:52,042 DEBUG [174720] [] 1
2021-12-17 15:37:52,042 DEBUG [174720] [] 2
2021-12-17 15:37:52,042 DEBUG [174720] [] 3
2021-12-17 15:37:52,043 DEBUG [174720] [] 4
2021-12-17 15:37:52,043 DEBUG [174720] [] WordBookWordForm: is exist
2021-12-17 15:37:52,043 DEBUG [174720] [] WordBookWordForm: form value set 
2021-12-17 15:37:52,044 DEBUG [174720] [] ------------------------------/eccadmin_dev/WordBookWord/index
2021-12-17 15:37:52,044 DEBUG [174720] [] ------------------------------session_check_true
2021-12-17 15:37:52,044 DEBUG [174720] [] indexAction start
2021-12-17 15:37:52,044 DEBUG [174720] [] admin_no is 1
2021-12-17 15:37:52,045 DEBUG [174720] [] unselectedSELECT  tw.word_id  ,tw.word  ,tw.translation  ,tw.org_no FROM T_WORD as tw  INNER JOIN T_WORDBOOK as twb  ON tw.org_no=twb.org_no  LEFT JOIN T_WORDBOOK_WORD as wbw  ON tw.org_no=wbw.org_no  AND tw.word_id=wbw.word_id  WHERE  tw.org_no=:org_no  AND tw.del_flg ='0'  GROUP BY  tw.org_no,tw.word,tw.word_id,tw.translation ORDER BY  tw.word_id ASC
2021-12-17 15:37:52,113 DEBUG [174720] [] indexAction end
2021-12-17 15:37:52,113 DEBUG [174720] [] WordBookWordController end
2021-12-17 15:37:52,114 DEBUG [174720] [] finally
2021-12-17 15:38:09,735 DEBUG [174740] [] Request URI : /eccadmin_dev/WordBookWord/back
2021-12-17 15:38:09,739 DEBUG [174740] [] WordBookWordController start
2021-12-17 15:38:09,739 DEBUG [174740] [] controllers/WordBookWordController.php: is exist
2021-12-17 15:38:09,741 DEBUG [174740] [] 1
2021-12-17 15:38:09,742 DEBUG [174740] [] 2
2021-12-17 15:38:09,742 DEBUG [174740] [] 3
2021-12-17 15:38:09,743 DEBUG [174740] [] 4
2021-12-17 15:38:09,743 DEBUG [174740] [] WordBookWordForm: is exist
2021-12-17 15:38:09,743 DEBUG [174740] [] WordBookWordForm: form value set 
2021-12-17 15:38:09,744 DEBUG [174740] [] ------------------------------/eccadmin_dev/WordBookWord/back
2021-12-17 15:38:09,744 DEBUG [174740] [] ------------------------------session_check_true
2021-12-17 15:38:09,744 DEBUG [174740] [] backAction start
2021-12-17 15:38:09,744 DEBUG [174740] [] backAction end
2021-12-17 15:38:09,744 DEBUG [174740] [] WordBookWordController end
2021-12-17 15:38:09,744 DEBUG [174740] [] finally
2021-12-17 15:38:09,943 DEBUG [174740] [] Request URI : /eccadmin_dev/WordBookList/Search
2021-12-17 15:38:09,944 DEBUG [174740] [] WordBookListController start
2021-12-17 15:38:09,944 DEBUG [174740] [] controllers/WordBookListController.php: is exist
2021-12-17 15:38:09,945 DEBUG [174740] [] 1
2021-12-17 15:38:09,945 DEBUG [174740] [] 2
2021-12-17 15:38:09,945 DEBUG [174740] [] 3
2021-12-17 15:38:09,946 DEBUG [174740] [] 4
2021-12-17 15:38:09,946 DEBUG [174740] [] WordBookListForm: is exist
2021-12-17 15:38:09,946 DEBUG [174740] [] WordBookListForm: form value set 
2021-12-17 15:38:09,947 DEBUG [174740] [] ------------------------------/eccadmin_dev/WordBookList/Search
2021-12-17 15:38:09,947 DEBUG [174740] [] SearchAction start
2021-12-17 15:38:09,947 DEBUG [174740] [] admin_no is 1
2021-12-17 15:38:10,016 DEBUG [174740] [] SearchAction end
2021-12-17 15:38:10,016 DEBUG [174740] [] WordBookListController end
2021-12-17 15:38:10,016 DEBUG [174740] [] finally
2021-12-17 15:38:14,764 DEBUG [174740] [] Request URI : /eccadmin_dev/WordBookWord/index
2021-12-17 15:38:14,765 DEBUG [174740] [] WordBookWordController start
2021-12-17 15:38:14,765 DEBUG [174740] [] controllers/WordBookWordController.php: is exist
2021-12-17 15:38:14,767 DEBUG [174740] [] 1
2021-12-17 15:38:14,767 DEBUG [174740] [] 2
2021-12-17 15:38:14,767 DEBUG [174740] [] 3
2021-12-17 15:38:14,768 DEBUG [174740] [] 4
2021-12-17 15:38:14,768 DEBUG [174740] [] WordBookWordForm: is exist
2021-12-17 15:38:14,768 DEBUG [174740] [] WordBookWordForm: form value set 
2021-12-17 15:38:14,769 DEBUG [174740] [] ------------------------------/eccadmin_dev/WordBookWord/index
2021-12-17 15:38:14,769 DEBUG [174740] [] ------------------------------session_check_true
2021-12-17 15:38:14,769 DEBUG [174740] [] indexAction start
2021-12-17 15:38:14,769 DEBUG [174740] [] admin_no is 1
2021-12-17 15:38:14,770 DEBUG [174740] [] unselectedSELECT  tw.word_id  ,tw.word  ,tw.translation  ,tw.org_no FROM T_WORD as tw  INNER JOIN T_WORDBOOK as twb  ON tw.org_no=twb.org_no  LEFT JOIN T_WORDBOOK_WORD as wbw  ON tw.org_no=wbw.org_no  AND tw.word_id=wbw.word_id  WHERE  tw.org_no=:org_no  AND tw.del_flg ='0'  GROUP BY  tw.org_no,tw.word,tw.word_id,tw.translation ORDER BY  tw.word_id ASC
2021-12-17 15:38:14,841 DEBUG [174740] [] indexAction end
2021-12-17 15:38:14,841 DEBUG [174740] [] WordBookWordController end
2021-12-17 15:38:14,841 DEBUG [174740] [] finally
2021-12-17 15:38:17,243 DEBUG [174740] [] Request URI : /eccadmin_dev/WordBookWord/back
2021-12-17 15:38:17,243 DEBUG [174740] [] WordBookWordController start
2021-12-17 15:38:17,244 DEBUG [174740] [] controllers/WordBookWordController.php: is exist
2021-12-17 15:38:17,245 DEBUG [174740] [] 1
2021-12-17 15:38:17,246 DEBUG [174740] [] 2
2021-12-17 15:38:17,246 DEBUG [174740] [] 3
2021-12-17 15:38:17,246 DEBUG [174740] [] 4
2021-12-17 15:38:17,246 DEBUG [174740] [] WordBookWordForm: is exist
2021-12-17 15:38:17,247 DEBUG [174740] [] WordBookWordForm: form value set 
2021-12-17 15:38:17,247 DEBUG [174740] [] ------------------------------/eccadmin_dev/WordBookWord/back
2021-12-17 15:38:17,247 DEBUG [174740] [] ------------------------------session_check_true
2021-12-17 15:38:17,247 DEBUG [174740] [] backAction start
2021-12-17 15:38:17,248 DEBUG [174740] [] backAction end
2021-12-17 15:38:17,248 DEBUG [174740] [] WordBookWordController end
2021-12-17 15:38:17,248 DEBUG [174740] [] finally
2021-12-17 15:38:17,488 DEBUG [174740] [] Request URI : /eccadmin_dev/WordBookList/Search
2021-12-17 15:38:17,489 DEBUG [174740] [] WordBookListController start
2021-12-17 15:38:17,489 DEBUG [174740] [] controllers/WordBookListController.php: is exist
2021-12-17 15:38:17,490 DEBUG [174740] [] 1
2021-12-17 15:38:17,490 DEBUG [174740] [] 2
2021-12-17 15:38:17,490 DEBUG [174740] [] 3
2021-12-17 15:38:17,491 DEBUG [174740] [] 4
2021-12-17 15:38:17,491 DEBUG [174740] [] WordBookListForm: is exist
2021-12-17 15:38:17,491 DEBUG [174740] [] WordBookListForm: form value set 
2021-12-17 15:38:17,492 DEBUG [174740] [] ------------------------------/eccadmin_dev/WordBookList/Search
2021-12-17 15:38:17,492 DEBUG [174740] [] SearchAction start
2021-12-17 15:38:17,492 DEBUG [174740] [] admin_no is 1
2021-12-17 15:38:17,560 DEBUG [174740] [] SearchAction end
2021-12-17 15:38:17,560 DEBUG [174740] [] WordBookListController end
2021-12-17 15:38:17,560 DEBUG [174740] [] finally
2021-12-17 15:39:04,915 DEBUG [174729] [] Request URI : /eccadmin_dev/WordBookList
2021-12-17 15:39:04,916 DEBUG [174729] [] WordBookListController start
2021-12-17 15:39:04,916 DEBUG [174729] [] controllers/WordBookListController.php: is exist
2021-12-17 15:39:04,917 DEBUG [174729] [] 1
2021-12-17 15:39:04,917 DEBUG [174729] [] 2
2021-12-17 15:39:04,917 DEBUG [174729] [] 3
2021-12-17 15:39:04,918 DEBUG [174729] [] 4
2021-12-17 15:39:04,918 DEBUG [174729] [] WordBookListForm: is exist
2021-12-17 15:39:04,918 DEBUG [174729] [] WordBookListForm: form value set 
2021-12-17 15:39:04,919 DEBUG [174729] [] ------------------------------/eccadmin_dev/WordBookList
2021-12-17 15:39:04,919 DEBUG [174729] [] indexAction start
2021-12-17 15:39:04,919 DEBUG [174729] [] admin_no is 1
2021-12-17 15:39:04,988 DEBUG [174729] [] indexAction end
2021-12-17 15:39:04,988 DEBUG [174729] [] WordBookListController end
2021-12-17 15:39:04,988 DEBUG [174729] [] finally
2021-12-17 15:39:06,944 DEBUG [174729] [] Request URI : /eccadmin_dev/WordBookWord/index
2021-12-17 15:39:06,945 DEBUG [174729] [] WordBookWordController start
2021-12-17 15:39:06,945 DEBUG [174729] [] controllers/WordBookWordController.php: is exist
2021-12-17 15:39:06,947 DEBUG [174729] [] 1
2021-12-17 15:39:06,947 DEBUG [174729] [] 2
2021-12-17 15:39:06,947 DEBUG [174729] [] 3
2021-12-17 15:39:06,948 DEBUG [174729] [] 4
2021-12-17 15:39:06,948 DEBUG [174729] [] WordBookWordForm: is exist
2021-12-17 15:39:06,948 DEBUG [174729] [] WordBookWordForm: form value set 
2021-12-17 15:39:06,949 DEBUG [174729] [] ------------------------------/eccadmin_dev/WordBookWord/index
2021-12-17 15:39:06,949 DEBUG [174729] [] ------------------------------session_check_true
2021-12-17 15:39:06,949 DEBUG [174729] [] indexAction start
2021-12-17 15:39:06,949 DEBUG [174729] [] admin_no is 1
2021-12-17 15:39:06,950 DEBUG [174729] [] unselectedSELECT  tw.word_id  ,tw.word  ,tw.translation  ,tw.org_no FROM T_WORD as tw  INNER JOIN T_WORDBOOK as twb  ON tw.org_no=twb.org_no  LEFT JOIN T_WORDBOOK_WORD as wbw  ON tw.org_no=wbw.org_no  AND tw.word_id=wbw.word_id  WHERE  tw.org_no=:org_no  AND tw.del_flg ='0'  GROUP BY  tw.org_no,tw.word,tw.word_id,tw.translation ORDER BY  tw.word_id ASC
2021-12-17 15:39:07,021 DEBUG [174729] [] indexAction end
2021-12-17 15:39:07,021 DEBUG [174729] [] WordBookWordController end
2021-12-17 15:39:07,021 DEBUG [174729] [] finally
2021-12-17 15:39:08,959 DEBUG [174729] [] Request URI : /eccadmin_dev/WordBookList
2021-12-17 15:39:08,960 DEBUG [174729] [] WordBookListController start
2021-12-17 15:39:08,960 DEBUG [174729] [] controllers/WordBookListController.php: is exist
2021-12-17 15:39:08,961 DEBUG [174729] [] 1
2021-12-17 15:39:08,961 DEBUG [174729] [] 2
2021-12-17 15:39:08,962 DEBUG [174729] [] 3
2021-12-17 15:39:08,962 DEBUG [174729] [] 4
2021-12-17 15:39:08,962 DEBUG [174729] [] WordBookListForm: is exist
2021-12-17 15:39:08,963 DEBUG [174729] [] WordBookListForm: form value set 
2021-12-17 15:39:08,963 DEBUG [174729] [] ------------------------------/eccadmin_dev/WordBookList
2021-12-17 15:39:08,963 DEBUG [174729] [] indexAction start
2021-12-17 15:39:08,964 DEBUG [174729] [] admin_no is 1
2021-12-17 15:39:09,028 DEBUG [174729] [] indexAction end
2021-12-17 15:39:09,028 DEBUG [174729] [] WordBookListController end
2021-12-17 15:39:09,029 DEBUG [174729] [] finally
2021-12-17 15:39:10,729 DEBUG [174729] [] Request URI : /eccadmin_dev/WordBookWord/index
2021-12-17 15:39:10,729 DEBUG [174729] [] WordBookWordController start
2021-12-17 15:39:10,729 DEBUG [174729] [] controllers/WordBookWordController.php: is exist
2021-12-17 15:39:10,731 DEBUG [174729] [] 1
2021-12-17 15:39:10,731 DEBUG [174729] [] 2
2021-12-17 15:39:10,732 DEBUG [174729] [] 3
2021-12-17 15:39:10,732 DEBUG [174729] [] 4
2021-12-17 15:39:10,732 DEBUG [174729] [] WordBookWordForm: is exist
2021-12-17 15:39:10,733 DEBUG [174729] [] WordBookWordForm: form value set 
2021-12-17 15:39:10,733 DEBUG [174729] [] ------------------------------/eccadmin_dev/WordBookWord/index
2021-12-17 15:39:10,733 DEBUG [174729] [] ------------------------------session_check_true
2021-12-17 15:39:10,733 DEBUG [174729] [] indexAction start
2021-12-17 15:39:10,734 DEBUG [174729] [] admin_no is 1
2021-12-17 15:39:10,734 DEBUG [174729] [] unselectedSELECT  tw.word_id  ,tw.word  ,tw.translation  ,tw.org_no FROM T_WORD as tw  INNER JOIN T_WORDBOOK as twb  ON tw.org_no=twb.org_no  LEFT JOIN T_WORDBOOK_WORD as wbw  ON tw.org_no=wbw.org_no  AND tw.word_id=wbw.word_id  WHERE  tw.org_no=:org_no  AND tw.del_flg ='0'  GROUP BY  tw.org_no,tw.word,tw.word_id,tw.translation ORDER BY  tw.word_id ASC
2021-12-17 15:39:10,806 DEBUG [174729] [] indexAction end
2021-12-17 15:39:10,806 DEBUG [174729] [] WordBookWordController end
2021-12-17 15:39:10,806 DEBUG [174729] [] finally
2021-12-17 15:43:40,041 DEBUG [174715] [] Request URI : /eccadmin_dev/WordBookWord/back
2021-12-17 15:43:40,042 DEBUG [174715] [] WordBookWordController start
2021-12-17 15:43:40,042 DEBUG [174715] [] controllers/WordBookWordController.php: is exist
2021-12-17 15:43:40,044 DEBUG [174715] [] 1
2021-12-17 15:43:40,044 DEBUG [174715] [] 2
2021-12-17 15:43:40,045 DEBUG [174715] [] 3
2021-12-17 15:43:40,045 DEBUG [174715] [] 4
2021-12-17 15:43:40,045 DEBUG [174715] [] WordBookWordForm: is exist
2021-12-17 15:43:40,046 DEBUG [174715] [] WordBookWordForm: form value set 
2021-12-17 15:43:40,046 DEBUG [174715] [] ------------------------------/eccadmin_dev/WordBookWord/back
2021-12-17 15:43:40,046 DEBUG [174715] [] ------------------------------session_check_true
2021-12-17 15:43:40,047 DEBUG [174715] [] backAction start
2021-12-17 15:43:40,047 DEBUG [174715] [] backAction end
2021-12-17 15:43:40,047 DEBUG [174715] [] WordBookWordController end
2021-12-17 15:43:40,047 DEBUG [174715] [] finally
2021-12-17 15:43:42,166 DEBUG [174715] [] Request URI : /eccadmin_dev/WordBookList/Search
2021-12-17 15:43:42,167 DEBUG [174715] [] WordBookListController start
2021-12-17 15:43:42,167 DEBUG [174715] [] controllers/WordBookListController.php: is exist
2021-12-17 15:43:42,168 DEBUG [174715] [] 1
2021-12-17 15:43:42,168 DEBUG [174715] [] 2
2021-12-17 15:43:42,168 DEBUG [174715] [] 3
2021-12-17 15:43:42,169 DEBUG [174715] [] 4
2021-12-17 15:43:42,169 DEBUG [174715] [] WordBookListForm: is exist
2021-12-17 15:43:42,169 DEBUG [174715] [] WordBookListForm: form value set 
2021-12-17 15:43:42,170 DEBUG [174715] [] ------------------------------/eccadmin_dev/WordBookList/Search
2021-12-17 15:43:42,170 DEBUG [174715] [] SearchAction start
2021-12-17 15:43:42,170 DEBUG [174715] [] admin_no is 1
2021-12-17 15:43:42,239 DEBUG [174715] [] SearchAction end
2021-12-17 15:43:42,239 DEBUG [174715] [] WordBookListController end
2021-12-17 15:43:42,239 DEBUG [174715] [] finally
2021-12-17 16:19:23,354 DEBUG [174742] [] Request URI : /eccadmin_dev/Login
2021-12-17 16:19:23,354 DEBUG [174742] [] LoginController start
2021-12-17 16:19:23,354 DEBUG [174742] [] controllers/LoginController.php: is exist
2021-12-17 16:19:23,355 DEBUG [174742] [] LoginForm: is exist
2021-12-17 16:19:23,355 DEBUG [174742] [] LoginForm: form value set 
2021-12-17 16:19:23,355 DEBUG [174742] [] ------------------------------/eccadmin_dev/Login
2021-12-17 16:19:23,355 DEBUG [174742] [] ------------------------------login_start_check
2021-12-17 16:19:23,355 DEBUG [174742] [] indexAction start
2021-12-17 16:19:23,370 DEBUG [174742] [] indexAction end
2021-12-17 16:19:23,370 DEBUG [174742] [] LoginController end
2021-12-17 16:19:23,370 DEBUG [174742] [] finally
2021-12-17 16:19:26,353 DEBUG [174742] [] Request URI : /eccadmin_dev/Login/login
2021-12-17 16:19:26,354 DEBUG [174742] [] LoginController start
2021-12-17 16:19:26,354 DEBUG [174742] [] controllers/LoginController.php: is exist
2021-12-17 16:19:26,354 DEBUG [174742] [] LoginForm: is exist
2021-12-17 16:19:26,354 DEBUG [174742] [] LoginForm: form value set 
2021-12-17 16:19:26,355 DEBUG [174742] [] ------------------------------/eccadmin_dev/Login/login
2021-12-17 16:19:26,355 DEBUG [174742] [] ------------------------------login_start_check
2021-12-17 16:19:26,355 DEBUG [174742] [] loginAction start
2021-12-17 16:19:26,654 DEBUG [174742] [] loginAction end
2021-12-17 16:19:26,654 DEBUG [174742] [] LoginController end
2021-12-17 16:19:26,654 DEBUG [174742] [] finally
2021-12-17 16:19:26,848 DEBUG [174936] [] Request URI : /eccadmin_dev/Menu
2021-12-17 16:19:26,848 DEBUG [174936] [] MenuController start
2021-12-17 16:19:26,848 DEBUG [174936] [] controllers/MenuController.php: is exist
2021-12-17 16:19:26,849 DEBUG [174936] [] MenuForm: is exist
2021-12-17 16:19:26,849 DEBUG [174936] [] MenuForm: form value set 
2021-12-17 16:19:26,849 DEBUG [174936] [] ------------------------------/eccadmin_dev/Menu
2021-12-17 16:19:26,849 DEBUG [174936] [] ------------------------------login_start_check
2021-12-17 16:19:26,850 DEBUG [174936] [] indexAction start
2021-12-17 16:19:26,850 DEBUG [174936] [] admin_no is 1
2021-12-17 16:19:26,897 DEBUG [174936] [] indexAction end
2021-12-17 16:19:26,897 DEBUG [174936] [] MenuController end
2021-12-17 16:19:26,897 DEBUG [174936] [] finally
2021-12-17 16:19:30,468 DEBUG [174936] [] Request URI : /eccadmin_dev/WordBookList
2021-12-17 16:19:30,468 DEBUG [174936] [] WordBookListController start
2021-12-17 16:19:30,468 DEBUG [174936] [] controllers/WordBookListController.php: is exist
2021-12-17 16:19:30,469 DEBUG [174936] [] 1
2021-12-17 16:19:30,469 DEBUG [174936] [] 2
2021-12-17 16:19:30,470 DEBUG [174936] [] 3
2021-12-17 16:19:30,470 DEBUG [174936] [] 4
2021-12-17 16:19:30,470 DEBUG [174936] [] WordBookListForm: is exist
2021-12-17 16:19:30,471 DEBUG [174936] [] WordBookListForm: form value set 
2021-12-17 16:19:30,471 DEBUG [174936] [] ------------------------------/eccadmin_dev/WordBookList
2021-12-17 16:19:30,471 DEBUG [174936] [] indexAction start
2021-12-17 16:19:30,471 DEBUG [174936] [] admin_no is 1
2021-12-17 16:19:30,533 DEBUG [174936] [] indexAction end
2021-12-17 16:19:30,533 DEBUG [174936] [] WordBookListController end
2021-12-17 16:19:30,533 DEBUG [174936] [] finally
2021-12-17 16:19:32,808 DEBUG [174742] [] Request URI : /eccadmin_dev/WordBookWord/index
2021-12-17 16:19:32,808 DEBUG [174742] [] WordBookWordController start
2021-12-17 16:19:32,808 DEBUG [174742] [] controllers/WordBookWordController.php: is exist
2021-12-17 16:19:32,810 DEBUG [174742] [] 1
2021-12-17 16:19:32,810 DEBUG [174742] [] 2
2021-12-17 16:19:32,810 DEBUG [174742] [] 3
2021-12-17 16:19:32,811 DEBUG [174742] [] 4
2021-12-17 16:19:32,811 DEBUG [174742] [] WordBookWordForm: is exist
2021-12-17 16:19:32,812 DEBUG [174742] [] WordBookWordForm: form value set 
2021-12-17 16:19:32,812 DEBUG [174742] [] ------------------------------/eccadmin_dev/WordBookWord/index
2021-12-17 16:19:32,812 DEBUG [174742] [] ------------------------------session_check_true
2021-12-17 16:19:32,812 DEBUG [174742] [] indexAction start
2021-12-17 16:19:32,813 DEBUG [174742] [] admin_no is 1
2021-12-17 16:19:32,813 DEBUG [174742] [] unselectedSELECT  tw.word_id  ,tw.word  ,tw.translation  ,tw.org_no FROM T_WORD as tw  INNER JOIN T_WORDBOOK as twb  ON tw.org_no=twb.org_no  LEFT JOIN T_WORDBOOK_WORD as wbw  ON tw.org_no=wbw.org_no  AND tw.word_id=wbw.word_id  WHERE  tw.org_no=:org_no  AND tw.del_flg ='0'  GROUP BY  tw.org_no,tw.word,tw.word_id,tw.translation ORDER BY  tw.word_id ASC
2021-12-17 16:19:32,881 DEBUG [174742] [] indexAction end
2021-12-17 16:19:32,881 DEBUG [174742] [] WordBookWordController end
2021-12-17 16:19:32,881 DEBUG [174742] [] finally
2021-12-17 16:19:35,027 DEBUG [174742] [] Request URI : /eccadmin_dev/WordBookWord/back
2021-12-17 16:19:35,027 DEBUG [174742] [] WordBookWordController start
2021-12-17 16:19:35,027 DEBUG [174742] [] controllers/WordBookWordController.php: is exist
2021-12-17 16:19:35,029 DEBUG [174742] [] 1
2021-12-17 16:19:35,029 DEBUG [174742] [] 2
2021-12-17 16:19:35,030 DEBUG [174742] [] 3
2021-12-17 16:19:35,030 DEBUG [174742] [] 4
2021-12-17 16:19:35,030 DEBUG [174742] [] WordBookWordForm: is exist
2021-12-17 16:19:35,031 DEBUG [174742] [] WordBookWordForm: form value set 
2021-12-17 16:19:35,031 DEBUG [174742] [] ------------------------------/eccadmin_dev/WordBookWord/back
2021-12-17 16:19:35,031 DEBUG [174742] [] ------------------------------session_check_true
2021-12-17 16:19:35,031 DEBUG [174742] [] backAction start
2021-12-17 16:19:35,032 DEBUG [174742] [] backAction end
2021-12-17 16:19:35,032 DEBUG [174742] [] WordBookWordController end
2021-12-17 16:19:35,032 DEBUG [174742] [] finally
2021-12-17 16:19:35,247 DEBUG [174742] [] Request URI : /eccadmin_dev/WordBookList/Search
2021-12-17 16:19:35,248 DEBUG [174742] [] WordBookListController start
2021-12-17 16:19:35,248 DEBUG [174742] [] controllers/WordBookListController.php: is exist
2021-12-17 16:19:35,249 DEBUG [174742] [] 1
2021-12-17 16:19:35,249 DEBUG [174742] [] 2
2021-12-17 16:19:35,249 DEBUG [174742] [] 3
2021-12-17 16:19:35,250 DEBUG [174742] [] 4
2021-12-17 16:19:35,250 DEBUG [174742] [] WordBookListForm: is exist
2021-12-17 16:19:35,250 DEBUG [174742] [] WordBookListForm: form value set 
2021-12-17 16:19:35,251 DEBUG [174742] [] ------------------------------/eccadmin_dev/WordBookList/Search
2021-12-17 16:19:35,251 DEBUG [174742] [] SearchAction start
2021-12-17 16:19:35,251 DEBUG [174742] [] admin_no is 1
2021-12-17 16:19:35,315 DEBUG [174742] [] SearchAction end
2021-12-17 16:19:35,315 DEBUG [174742] [] WordBookListController end
2021-12-17 16:19:35,316 DEBUG [174742] [] finally
2021-12-17 16:20:29,097 DEBUG [174796] [] Request URI : /eccadmin_dev/WordBookWord/index
2021-12-17 16:20:29,097 DEBUG [174796] [] WordBookWordController start
2021-12-17 16:20:29,097 DEBUG [174796] [] controllers/WordBookWordController.php: is exist
2021-12-17 16:20:29,099 DEBUG [174796] [] 1
2021-12-17 16:20:29,100 DEBUG [174796] [] 2
2021-12-17 16:20:29,100 DEBUG [174796] [] 3
2021-12-17 16:20:29,101 DEBUG [174796] [] 4
2021-12-17 16:20:29,101 DEBUG [174796] [] WordBookWordForm: is exist
2021-12-17 16:20:29,101 DEBUG [174796] [] WordBookWordForm: form value set 
2021-12-17 16:20:29,102 DEBUG [174796] [] ------------------------------/eccadmin_dev/WordBookWord/index
2021-12-17 16:20:29,102 DEBUG [174796] [] ------------------------------session_check_true
2021-12-17 16:20:29,102 DEBUG [174796] [] indexAction start
2021-12-17 16:20:29,102 DEBUG [174796] [] admin_no is 1
2021-12-17 16:20:29,103 DEBUG [174796] [] unselectedSELECT  tw.word_id  ,tw.word  ,tw.translation  ,tw.org_no FROM T_WORD as tw  INNER JOIN T_WORDBOOK as twb  ON tw.org_no=twb.org_no  LEFT JOIN T_WORDBOOK_WORD as wbw  ON tw.org_no=wbw.org_no  AND tw.word_id=wbw.word_id  WHERE  tw.org_no=:org_no  AND tw.del_flg ='0'  GROUP BY  tw.org_no,tw.word,tw.word_id,tw.translation ORDER BY  tw.word_id ASC
2021-12-17 16:20:29,171 DEBUG [174796] [] indexAction end
2021-12-17 16:20:29,171 DEBUG [174796] [] WordBookWordController end
2021-12-17 16:20:29,171 DEBUG [174796] [] finally
2021-12-17 16:20:57,614 DEBUG [174939] [] Request URI : /eccadmin_dev/WordBookList
2021-12-17 16:20:57,615 DEBUG [174939] [] WordBookListController start
2021-12-17 16:20:57,615 DEBUG [174939] [] controllers/WordBookListController.php: is exist
2021-12-17 16:20:57,616 DEBUG [174939] [] 1
2021-12-17 16:20:57,616 DEBUG [174939] [] 2
2021-12-17 16:20:57,616 DEBUG [174939] [] 3
2021-12-17 16:20:57,617 DEBUG [174939] [] 4
2021-12-17 16:20:57,617 DEBUG [174939] [] WordBookListForm: is exist
2021-12-17 16:20:57,618 DEBUG [174939] [] WordBookListForm: form value set 
2021-12-17 16:20:57,618 DEBUG [174939] [] ------------------------------/eccadmin_dev/WordBookList
2021-12-17 16:20:57,618 DEBUG [174939] [] indexAction start
2021-12-17 16:20:57,619 DEBUG [174939] [] admin_no is 1
2021-12-17 16:20:57,685 DEBUG [174939] [] indexAction end
2021-12-17 16:20:57,685 DEBUG [174939] [] WordBookListController end
2021-12-17 16:20:57,685 DEBUG [174939] [] finally
2021-12-17 16:20:59,359 DEBUG [174939] [] Request URI : /eccadmin_dev/WordBookWord/index
2021-12-17 16:20:59,359 DEBUG [174939] [] WordBookWordController start
2021-12-17 16:20:59,359 DEBUG [174939] [] controllers/WordBookWordController.php: is exist
2021-12-17 16:20:59,361 DEBUG [174939] [] 1
2021-12-17 16:20:59,361 DEBUG [174939] [] 2
2021-12-17 16:20:59,361 DEBUG [174939] [] 3
2021-12-17 16:20:59,362 DEBUG [174939] [] 4
2021-12-17 16:20:59,362 DEBUG [174939] [] WordBookWordForm: is exist
2021-12-17 16:20:59,363 DEBUG [174939] [] WordBookWordForm: form value set 
2021-12-17 16:20:59,363 DEBUG [174939] [] ------------------------------/eccadmin_dev/WordBookWord/index
2021-12-17 16:20:59,363 DEBUG [174939] [] ------------------------------session_check_true
2021-12-17 16:20:59,363 DEBUG [174939] [] indexAction start
2021-12-17 16:20:59,363 DEBUG [174939] [] admin_no is 1
2021-12-17 16:20:59,364 DEBUG [174939] [] unselectedSELECT  tw.word_id  ,tw.word  ,tw.translation  ,tw.org_no FROM T_WORD as tw  INNER JOIN T_WORDBOOK as twb  ON tw.org_no=twb.org_no  LEFT JOIN T_WORDBOOK_WORD as wbw  ON tw.org_no=wbw.org_no  AND tw.word_id=wbw.word_id  WHERE  tw.org_no=:org_no  AND tw.del_flg ='0'  GROUP BY  tw.org_no,tw.word,tw.word_id,tw.translation ORDER BY  tw.word_id ASC
2021-12-17 16:20:59,485 DEBUG [174939] [] indexAction end
2021-12-17 16:20:59,485 DEBUG [174939] [] WordBookWordController end
2021-12-17 16:20:59,485 DEBUG [174939] [] finally
2021-12-17 16:21:04,525 DEBUG [174865] [] Request URI : /eccadmin_dev/WordBookWord/back
2021-12-17 16:21:04,526 DEBUG [174865] [] WordBookWordController start
2021-12-17 16:21:04,526 DEBUG [174865] [] controllers/WordBookWordController.php: is exist
2021-12-17 16:21:04,528 DEBUG [174865] [] 1
2021-12-17 16:21:04,528 DEBUG [174865] [] 2
2021-12-17 16:21:04,528 DEBUG [174865] [] 3
2021-12-17 16:21:04,529 DEBUG [174865] [] 4
2021-12-17 16:21:04,529 DEBUG [174865] [] WordBookWordForm: is exist
2021-12-17 16:21:04,529 DEBUG [174865] [] WordBookWordForm: form value set 
2021-12-17 16:21:04,530 DEBUG [174865] [] ------------------------------/eccadmin_dev/WordBookWord/back
2021-12-17 16:21:04,530 DEBUG [174865] [] ------------------------------session_check_true
2021-12-17 16:21:04,530 DEBUG [174865] [] backAction start
2021-12-17 16:21:04,530 DEBUG [174865] [] backAction end
2021-12-17 16:21:04,530 DEBUG [174865] [] WordBookWordController end
2021-12-17 16:21:04,530 DEBUG [174865] [] finally
2021-12-17 16:21:04,725 DEBUG [174865] [] Request URI : /eccadmin_dev/WordBookList/Search
2021-12-17 16:21:04,725 DEBUG [174865] [] WordBookListController start
2021-12-17 16:21:04,726 DEBUG [174865] [] controllers/WordBookListController.php: is exist
2021-12-17 16:21:04,726 DEBUG [174865] [] 1
2021-12-17 16:21:04,727 DEBUG [174865] [] 2
2021-12-17 16:21:04,727 DEBUG [174865] [] 3
2021-12-17 16:21:04,728 DEBUG [174865] [] 4
2021-12-17 16:21:04,728 DEBUG [174865] [] WordBookListForm: is exist
2021-12-17 16:21:04,728 DEBUG [174865] [] WordBookListForm: form value set 
2021-12-17 16:21:04,728 DEBUG [174865] [] ------------------------------/eccadmin_dev/WordBookList/Search
2021-12-17 16:21:04,729 DEBUG [174865] [] SearchAction start
2021-12-17 16:21:04,729 DEBUG [174865] [] admin_no is 1
2021-12-17 16:21:04,793 DEBUG [174865] [] SearchAction end
2021-12-17 16:21:04,793 DEBUG [174865] [] WordBookListController end
2021-12-17 16:21:04,794 DEBUG [174865] [] finally
2021-12-17 16:21:06,970 DEBUG [174865] [] Request URI : /eccadmin_dev/WordBookWord/index
2021-12-17 16:21:06,970 DEBUG [174865] [] WordBookWordController start
2021-12-17 16:21:06,971 DEBUG [174865] [] controllers/WordBookWordController.php: is exist
2021-12-17 16:21:06,972 DEBUG [174865] [] 1
2021-12-17 16:21:06,973 DEBUG [174865] [] 2
2021-12-17 16:21:06,973 DEBUG [174865] [] 3
2021-12-17 16:21:06,973 DEBUG [174865] [] 4
2021-12-17 16:21:06,974 DEBUG [174865] [] WordBookWordForm: is exist
2021-12-17 16:21:06,974 DEBUG [174865] [] WordBookWordForm: form value set 
2021-12-17 16:21:06,974 DEBUG [174865] [] ------------------------------/eccadmin_dev/WordBookWord/index
2021-12-17 16:21:06,974 DEBUG [174865] [] ------------------------------session_check_true
2021-12-17 16:21:06,974 DEBUG [174865] [] indexAction start
2021-12-17 16:21:06,975 DEBUG [174865] [] admin_no is 1
2021-12-17 16:21:06,975 DEBUG [174865] [] unselectedSELECT  tw.word_id  ,tw.word  ,tw.translation  ,tw.org_no FROM T_WORD as tw  INNER JOIN T_WORDBOOK as twb  ON tw.org_no=twb.org_no  LEFT JOIN T_WORDBOOK_WORD as wbw  ON tw.org_no=wbw.org_no  AND tw.word_id=wbw.word_id  WHERE  tw.org_no=:org_no  AND tw.del_flg ='0'  GROUP BY  tw.org_no,tw.word,tw.word_id,tw.translation ORDER BY  tw.word_id ASC
2021-12-17 16:21:07,065 DEBUG [174865] [] indexAction end
2021-12-17 16:21:07,065 DEBUG [174865] [] WordBookWordController end
2021-12-17 16:21:07,065 DEBUG [174865] [] finally
2021-12-17 16:21:13,861 DEBUG [174796] [] Request URI : /eccadmin_dev/WordBookWord/Search
2021-12-17 16:21:13,861 DEBUG [174796] [] WordBookWordController start
2021-12-17 16:21:13,861 DEBUG [174796] [] controllers/WordBookWordController.php: is exist
2021-12-17 16:21:13,863 DEBUG [174796] [] 1
2021-12-17 16:21:13,864 DEBUG [174796] [] 2
2021-12-17 16:21:13,864 DEBUG [174796] [] 3
2021-12-17 16:21:13,864 DEBUG [174796] [] 4
2021-12-17 16:21:13,865 DEBUG [174796] [] WordBookWordForm: is exist
2021-12-17 16:21:13,865 DEBUG [174796] [] WordBookWordForm: form value set 
2021-12-17 16:21:13,865 DEBUG [174796] [] ------------------------------/eccadmin_dev/WordBookWord/Search
2021-12-17 16:21:13,865 DEBUG [174796] [] ------------------------------session_check_true
2021-12-17 16:21:13,866 DEBUG [174796] [] SearchAction start
2021-12-17 16:21:13,866 DEBUG [174796] [] admin_no is 1
2021-12-17 16:21:13,866 DEBUG [174796] [] unselectedSELECT  tw.word_id  ,tw.word  ,tw.translation  ,tw.org_no FROM T_WORD as tw  INNER JOIN T_WORDBOOK as twb  ON tw.org_no=twb.org_no  LEFT JOIN T_WORDBOOK_WORD as wbw  ON tw.org_no=wbw.org_no  AND tw.word_id=wbw.word_id  WHERE  tw.org_no=:org_no  AND tw.del_flg ='0'  GROUP BY  tw.org_no,tw.word,tw.word_id,tw.translation ORDER BY  tw.word_id ASC
2021-12-17 16:21:13,934 DEBUG [174796] [] SearchAction end
2021-12-17 16:21:13,934 DEBUG [174796] [] WordBookWordController end
2021-12-17 16:21:13,934 DEBUG [174796] [] finally
2021-12-17 16:22:38,631 DEBUG [174865] [] Request URI : /eccadmin_dev/WordBookWord/back
2021-12-17 16:22:38,632 DEBUG [174865] [] WordBookWordController start
2021-12-17 16:22:38,632 DEBUG [174865] [] controllers/WordBookWordController.php: is exist
2021-12-17 16:22:38,634 DEBUG [174865] [] 1
2021-12-17 16:22:38,634 DEBUG [174865] [] 2
2021-12-17 16:22:38,634 DEBUG [174865] [] 3
2021-12-17 16:22:38,635 DEBUG [174865] [] 4
2021-12-17 16:22:38,635 DEBUG [174865] [] WordBookWordForm: is exist
2021-12-17 16:22:38,635 DEBUG [174865] [] WordBookWordForm: form value set 
2021-12-17 16:22:38,636 DEBUG [174865] [] ------------------------------/eccadmin_dev/WordBookWord/back
2021-12-17 16:22:38,636 DEBUG [174865] [] ------------------------------session_check_true
2021-12-17 16:22:38,636 DEBUG [174865] [] backAction start
2021-12-17 16:22:38,636 DEBUG [174865] [] backAction end
2021-12-17 16:22:38,636 DEBUG [174865] [] WordBookWordController end
2021-12-17 16:22:38,637 DEBUG [174865] [] finally
2021-12-17 16:22:38,825 DEBUG [174865] [] Request URI : /eccadmin_dev/WordBookList/Search
2021-12-17 16:22:38,825 DEBUG [174865] [] WordBookListController start
2021-12-17 16:22:38,825 DEBUG [174865] [] controllers/WordBookListController.php: is exist
2021-12-17 16:22:38,826 DEBUG [174865] [] 1
2021-12-17 16:22:38,826 DEBUG [174865] [] 2
2021-12-17 16:22:38,827 DEBUG [174865] [] 3
2021-12-17 16:22:38,827 DEBUG [174865] [] 4
2021-12-17 16:22:38,827 DEBUG [174865] [] WordBookListForm: is exist
2021-12-17 16:22:38,828 DEBUG [174865] [] WordBookListForm: form value set 
2021-12-17 16:22:38,828 DEBUG [174865] [] ------------------------------/eccadmin_dev/WordBookList/Search
2021-12-17 16:22:38,828 DEBUG [174865] [] SearchAction start
2021-12-17 16:22:38,828 DEBUG [174865] [] admin_no is 1
2021-12-17 16:22:38,895 DEBUG [174865] [] SearchAction end
2021-12-17 16:22:38,896 DEBUG [174865] [] WordBookListController end
2021-12-17 16:22:38,896 DEBUG [174865] [] finally
2021-12-17 16:22:41,276 DEBUG [174865] [] Request URI : /eccadmin_dev/WordBookWord/index
2021-12-17 16:22:41,276 DEBUG [174865] [] WordBookWordController start
2021-12-17 16:22:41,276 DEBUG [174865] [] controllers/WordBookWordController.php: is exist
2021-12-17 16:22:41,278 DEBUG [174865] [] 1
2021-12-17 16:22:41,279 DEBUG [174865] [] 2
2021-12-17 16:22:41,279 DEBUG [174865] [] 3
2021-12-17 16:22:41,280 DEBUG [174865] [] 4
2021-12-17 16:22:41,280 DEBUG [174865] [] WordBookWordForm: is exist
2021-12-17 16:22:41,280 DEBUG [174865] [] WordBookWordForm: form value set 
2021-12-17 16:22:41,280 DEBUG [174865] [] ------------------------------/eccadmin_dev/WordBookWord/index
2021-12-17 16:22:41,281 DEBUG [174865] [] ------------------------------session_check_true
2021-12-17 16:22:41,281 DEBUG [174865] [] indexAction start
2021-12-17 16:22:41,281 DEBUG [174865] [] admin_no is 1
2021-12-17 16:22:41,281 DEBUG [174865] [] unselectedSELECT  tw.word_id  ,tw.word  ,tw.translation  ,tw.org_no FROM T_WORD as tw  INNER JOIN T_WORDBOOK as twb  ON tw.org_no=twb.org_no  LEFT JOIN T_WORDBOOK_WORD as wbw  ON tw.org_no=wbw.org_no  AND tw.word_id=wbw.word_id  WHERE  tw.org_no=:org_no  AND tw.del_flg ='0'  GROUP BY  tw.org_no,tw.word,tw.word_id,tw.translation ORDER BY  tw.word_id ASC
2021-12-17 16:22:41,349 DEBUG [174865] [] indexAction end
2021-12-17 16:22:41,349 DEBUG [174865] [] WordBookWordController end
2021-12-17 16:22:41,349 DEBUG [174865] [] finally
2021-12-17 16:22:43,306 DEBUG [174937] [] Request URI : /eccadmin_dev/WordBookWord/back
2021-12-17 16:22:43,307 DEBUG [174937] [] WordBookWordController start
2021-12-17 16:22:43,307 DEBUG [174937] [] controllers/WordBookWordController.php: is exist
2021-12-17 16:22:43,308 DEBUG [174937] [] 1
2021-12-17 16:22:43,309 DEBUG [174937] [] 2
2021-12-17 16:22:43,309 DEBUG [174937] [] 3
2021-12-17 16:22:43,310 DEBUG [174937] [] 4
2021-12-17 16:22:43,310 DEBUG [174937] [] WordBookWordForm: is exist
2021-12-17 16:22:43,310 DEBUG [174937] [] WordBookWordForm: form value set 
2021-12-17 16:22:43,311 DEBUG [174937] [] ------------------------------/eccadmin_dev/WordBookWord/back
2021-12-17 16:22:43,311 DEBUG [174937] [] ------------------------------session_check_true
2021-12-17 16:22:43,311 DEBUG [174937] [] backAction start
2021-12-17 16:22:43,311 DEBUG [174937] [] backAction end
2021-12-17 16:22:43,311 DEBUG [174937] [] WordBookWordController end
2021-12-17 16:22:43,311 DEBUG [174937] [] finally
2021-12-17 16:22:43,521 DEBUG [174937] [] Request URI : /eccadmin_dev/WordBookList/Search
2021-12-17 16:22:43,522 DEBUG [174937] [] WordBookListController start
2021-12-17 16:22:43,522 DEBUG [174937] [] controllers/WordBookListController.php: is exist
2021-12-17 16:22:43,522 DEBUG [174937] [] 1
2021-12-17 16:22:43,523 DEBUG [174937] [] 2
2021-12-17 16:22:43,523 DEBUG [174937] [] 3
2021-12-17 16:22:43,524 DEBUG [174937] [] 4
2021-12-17 16:22:43,524 DEBUG [174937] [] WordBookListForm: is exist
2021-12-17 16:22:43,524 DEBUG [174937] [] WordBookListForm: form value set 
2021-12-17 16:22:43,525 DEBUG [174937] [] ------------------------------/eccadmin_dev/WordBookList/Search
2021-12-17 16:22:43,525 DEBUG [174937] [] SearchAction start
2021-12-17 16:22:43,525 DEBUG [174937] [] admin_no is 1
2021-12-17 16:22:43,590 DEBUG [174937] [] SearchAction end
2021-12-17 16:22:43,590 DEBUG [174937] [] WordBookListController end
2021-12-17 16:22:43,590 DEBUG [174937] [] finally
2021-12-17 16:22:45,102 DEBUG [174937] [] Request URI : /eccadmin_dev/WordBookWord/index
2021-12-17 16:22:45,102 DEBUG [174937] [] WordBookWordController start
2021-12-17 16:22:45,102 DEBUG [174937] [] controllers/WordBookWordController.php: is exist
2021-12-17 16:22:45,104 DEBUG [174937] [] 1
2021-12-17 16:22:45,105 DEBUG [174937] [] 2
2021-12-17 16:22:45,105 DEBUG [174937] [] 3
2021-12-17 16:22:45,106 DEBUG [174937] [] 4
2021-12-17 16:22:45,106 DEBUG [174937] [] WordBookWordForm: is exist
2021-12-17 16:22:45,106 DEBUG [174937] [] WordBookWordForm: form value set 
2021-12-17 16:22:45,106 DEBUG [174937] [] ------------------------------/eccadmin_dev/WordBookWord/index
2021-12-17 16:22:45,107 DEBUG [174937] [] ------------------------------session_check_true
2021-12-17 16:22:45,107 DEBUG [174937] [] indexAction start
2021-12-17 16:22:45,107 DEBUG [174937] [] admin_no is 1
2021-12-17 16:22:45,108 DEBUG [174937] [] unselectedSELECT  tw.word_id  ,tw.word  ,tw.translation  ,tw.org_no FROM T_WORD as tw  INNER JOIN T_WORDBOOK as twb  ON tw.org_no=twb.org_no  LEFT JOIN T_WORDBOOK_WORD as wbw  ON tw.org_no=wbw.org_no  AND tw.word_id=wbw.word_id  WHERE  tw.org_no=:org_no  AND tw.del_flg ='0'  GROUP BY  tw.org_no,tw.word,tw.word_id,tw.translation ORDER BY  tw.word_id ASC
2021-12-17 16:22:45,177 DEBUG [174937] [] indexAction end
2021-12-17 16:22:45,177 DEBUG [174937] [] WordBookWordController end
2021-12-17 16:22:45,177 DEBUG [174937] [] finally
2021-12-17 16:22:47,769 DEBUG [174865] [] Request URI : /eccadmin_dev/WordBookWord/Search
2021-12-17 16:22:47,770 DEBUG [174865] [] WordBookWordController start
2021-12-17 16:22:47,770 DEBUG [174865] [] controllers/WordBookWordController.php: is exist
2021-12-17 16:22:47,771 DEBUG [174865] [] 1
2021-12-17 16:22:47,772 DEBUG [174865] [] 2
2021-12-17 16:22:47,772 DEBUG [174865] [] 3
2021-12-17 16:22:47,773 DEBUG [174865] [] 4
2021-12-17 16:22:47,773 DEBUG [174865] [] WordBookWordForm: is exist
2021-12-17 16:22:47,773 DEBUG [174865] [] WordBookWordForm: form value set 
2021-12-17 16:22:47,773 DEBUG [174865] [] ------------------------------/eccadmin_dev/WordBookWord/Search
2021-12-17 16:22:47,774 DEBUG [174865] [] ------------------------------session_check_true
2021-12-17 16:22:47,774 DEBUG [174865] [] SearchAction start
2021-12-17 16:22:47,774 DEBUG [174865] [] admin_no is 1
2021-12-17 16:22:47,775 DEBUG [174865] [] unselectedSELECT  tw.word_id  ,tw.word  ,tw.translation  ,tw.org_no FROM T_WORD as tw  INNER JOIN T_WORDBOOK as twb  ON tw.org_no=twb.org_no  LEFT JOIN T_WORDBOOK_WORD as wbw  ON tw.org_no=wbw.org_no  AND tw.word_id=wbw.word_id  WHERE  tw.org_no=:org_no  AND tw.del_flg ='0'  GROUP BY  tw.org_no,tw.word,tw.word_id,tw.translation ORDER BY  tw.word_id ASC
2021-12-17 16:22:47,843 DEBUG [174865] [] SearchAction end
2021-12-17 16:22:47,843 DEBUG [174865] [] WordBookWordController end
2021-12-17 16:22:47,843 DEBUG [174865] [] finally
2021-12-17 16:23:17,130 DEBUG [174787] [] Request URI : /eccadmin_dev/WordBookList
2021-12-17 16:23:17,131 DEBUG [174787] [] WordBookListController start
2021-12-17 16:23:17,131 DEBUG [174787] [] controllers/WordBookListController.php: is exist
2021-12-17 16:23:17,132 DEBUG [174787] [] 1
2021-12-17 16:23:17,132 DEBUG [174787] [] 2
2021-12-17 16:23:17,132 DEBUG [174787] [] 3
2021-12-17 16:23:17,133 DEBUG [174787] [] 4
2021-12-17 16:23:17,133 DEBUG [174787] [] WordBookListForm: is exist
2021-12-17 16:23:17,133 DEBUG [174787] [] WordBookListForm: form value set 
2021-12-17 16:23:17,134 DEBUG [174787] [] ------------------------------/eccadmin_dev/WordBookList
2021-12-17 16:23:17,134 DEBUG [174787] [] indexAction start
2021-12-17 16:23:17,134 DEBUG [174787] [] admin_no is 1
2021-12-17 16:23:17,196 DEBUG [174787] [] indexAction end
2021-12-17 16:23:17,196 DEBUG [174787] [] WordBookListController end
2021-12-17 16:23:17,196 DEBUG [174787] [] finally
2021-12-17 16:23:19,354 DEBUG [174787] [] Request URI : /eccadmin_dev/WordBookWord/index
2021-12-17 16:23:19,354 DEBUG [174787] [] WordBookWordController start
2021-12-17 16:23:19,354 DEBUG [174787] [] controllers/WordBookWordController.php: is exist
2021-12-17 16:23:19,356 DEBUG [174787] [] 1
2021-12-17 16:23:19,356 DEBUG [174787] [] 2
2021-12-17 16:23:19,356 DEBUG [174787] [] 3
2021-12-17 16:23:19,357 DEBUG [174787] [] 4
2021-12-17 16:23:19,357 DEBUG [174787] [] WordBookWordForm: is exist
2021-12-17 16:23:19,357 DEBUG [174787] [] WordBookWordForm: form value set 
2021-12-17 16:23:19,358 DEBUG [174787] [] ------------------------------/eccadmin_dev/WordBookWord/index
2021-12-17 16:23:19,358 DEBUG [174787] [] ------------------------------session_check_true
2021-12-17 16:23:19,358 DEBUG [174787] [] indexAction start
2021-12-17 16:23:19,358 DEBUG [174787] [] admin_no is 1
2021-12-17 16:23:19,359 DEBUG [174787] [] unselectedSELECT  tw.word_id  ,tw.word  ,tw.translation  ,tw.org_no FROM T_WORD as tw  INNER JOIN T_WORDBOOK as twb  ON tw.org_no=twb.org_no  LEFT JOIN T_WORDBOOK_WORD as wbw  ON tw.org_no=wbw.org_no  AND tw.word_id=wbw.word_id  WHERE  tw.org_no=:org_no  AND tw.del_flg ='0'  GROUP BY  tw.org_no,tw.word,tw.word_id,tw.translation ORDER BY  tw.word_id ASC
2021-12-17 16:23:19,426 DEBUG [174787] [] indexAction end
2021-12-17 16:23:19,426 DEBUG [174787] [] WordBookWordController end
2021-12-17 16:23:19,426 DEBUG [174787] [] finally
2021-12-17 16:23:21,593 DEBUG [174742] [] Request URI : /eccadmin_dev/WordBookWord/Search
2021-12-17 16:23:21,593 DEBUG [174742] [] WordBookWordController start
2021-12-17 16:23:21,593 DEBUG [174742] [] controllers/WordBookWordController.php: is exist
2021-12-17 16:23:21,595 DEBUG [174742] [] 1
2021-12-17 16:23:21,596 DEBUG [174742] [] 2
2021-12-17 16:23:21,596 DEBUG [174742] [] 3
2021-12-17 16:23:21,596 DEBUG [174742] [] 4
2021-12-17 16:23:21,596 DEBUG [174742] [] WordBookWordForm: is exist
2021-12-17 16:23:21,597 DEBUG [174742] [] WordBookWordForm: form value set 
2021-12-17 16:23:21,597 DEBUG [174742] [] ------------------------------/eccadmin_dev/WordBookWord/Search
2021-12-17 16:23:21,597 DEBUG [174742] [] ------------------------------session_check_true
2021-12-17 16:23:21,597 DEBUG [174742] [] SearchAction start
2021-12-17 16:23:21,598 DEBUG [174742] [] admin_no is 1
2021-12-17 16:23:21,598 DEBUG [174742] [] unselectedSELECT  tw.word_id  ,tw.word  ,tw.translation  ,tw.org_no FROM T_WORD as tw  INNER JOIN T_WORDBOOK as twb  ON tw.org_no=twb.org_no  LEFT JOIN T_WORDBOOK_WORD as wbw  ON tw.org_no=wbw.org_no  AND tw.word_id=wbw.word_id  WHERE  tw.org_no=:org_no  AND tw.del_flg ='0'  GROUP BY  tw.org_no,tw.word,tw.word_id,tw.translation ORDER BY  tw.word_id ASC
2021-12-17 16:23:21,667 DEBUG [174742] [] SearchAction end
2021-12-17 16:23:21,667 DEBUG [174742] [] WordBookWordController end
2021-12-17 16:23:21,667 DEBUG [174742] [] finally
2021-12-17 16:23:24,969 DEBUG [174787] [] Request URI : /eccadmin_dev/WordBookWord/back
2021-12-17 16:23:24,970 DEBUG [174787] [] WordBookWordController start
2021-12-17 16:23:24,970 DEBUG [174787] [] controllers/WordBookWordController.php: is exist
2021-12-17 16:23:24,972 DEBUG [174787] [] 1
2021-12-17 16:23:24,972 DEBUG [174787] [] 2
2021-12-17 16:23:24,972 DEBUG [174787] [] 3
2021-12-17 16:23:24,973 DEBUG [174787] [] 4
2021-12-17 16:23:24,973 DEBUG [174787] [] WordBookWordForm: is exist
2021-12-17 16:23:24,973 DEBUG [174787] [] WordBookWordForm: form value set 
2021-12-17 16:23:24,974 DEBUG [174787] [] ------------------------------/eccadmin_dev/WordBookWord/back
2021-12-17 16:23:24,974 DEBUG [174787] [] ------------------------------session_check_true
2021-12-17 16:23:24,974 DEBUG [174787] [] backAction start
2021-12-17 16:23:24,974 DEBUG [174787] [] backAction end
2021-12-17 16:23:24,974 DEBUG [174787] [] WordBookWordController end
2021-12-17 16:23:24,975 DEBUG [174787] [] finally
2021-12-17 16:23:25,169 DEBUG [174787] [] Request URI : /eccadmin_dev/WordBookList/Search
2021-12-17 16:23:25,169 DEBUG [174787] [] WordBookListController start
2021-12-17 16:23:25,169 DEBUG [174787] [] controllers/WordBookListController.php: is exist
2021-12-17 16:23:25,170 DEBUG [174787] [] 1
2021-12-17 16:23:25,170 DEBUG [174787] [] 2
2021-12-17 16:23:25,170 DEBUG [174787] [] 3
2021-12-17 16:23:25,171 DEBUG [174787] [] 4
2021-12-17 16:23:25,171 DEBUG [174787] [] WordBookListForm: is exist
2021-12-17 16:23:25,172 DEBUG [174787] [] WordBookListForm: form value set 
2021-12-17 16:23:25,172 DEBUG [174787] [] ------------------------------/eccadmin_dev/WordBookList/Search
2021-12-17 16:23:25,172 DEBUG [174787] [] SearchAction start
2021-12-17 16:23:25,172 DEBUG [174787] [] admin_no is 1
2021-12-17 16:23:25,236 DEBUG [174787] [] SearchAction end
2021-12-17 16:23:25,236 DEBUG [174787] [] WordBookListController end
2021-12-17 16:23:25,236 DEBUG [174787] [] finally
2021-12-17 16:23:35,430 DEBUG [174937] [] Request URI : /eccadmin_dev/WordBookWord/index
2021-12-17 16:23:35,430 DEBUG [174937] [] WordBookWordController start
2021-12-17 16:23:35,430 DEBUG [174937] [] controllers/WordBookWordController.php: is exist
2021-12-17 16:23:35,432 DEBUG [174937] [] 1
2021-12-17 16:23:35,433 DEBUG [174937] [] 2
2021-12-17 16:23:35,433 DEBUG [174937] [] 3
2021-12-17 16:23:35,433 DEBUG [174937] [] 4
2021-12-17 16:23:35,434 DEBUG [174937] [] WordBookWordForm: is exist
2021-12-17 16:23:35,434 DEBUG [174937] [] WordBookWordForm: form value set 
2021-12-17 16:23:35,434 DEBUG [174937] [] ------------------------------/eccadmin_dev/WordBookWord/index
2021-12-17 16:23:35,435 DEBUG [174937] [] ------------------------------session_check_true
2021-12-17 16:23:35,435 DEBUG [174937] [] indexAction start
2021-12-17 16:23:35,435 DEBUG [174937] [] admin_no is 1
2021-12-17 16:23:35,435 DEBUG [174937] [] unselectedSELECT  tw.word_id  ,tw.word  ,tw.translation  ,tw.org_no FROM T_WORD as tw  INNER JOIN T_WORDBOOK as twb  ON tw.org_no=twb.org_no  LEFT JOIN T_WORDBOOK_WORD as wbw  ON tw.org_no=wbw.org_no  AND tw.word_id=wbw.word_id  WHERE  tw.org_no=:org_no  AND tw.del_flg ='0'  GROUP BY  tw.org_no,tw.word,tw.word_id,tw.translation ORDER BY  tw.word_id ASC
2021-12-17 16:23:35,504 DEBUG [174937] [] indexAction end
2021-12-17 16:23:35,504 DEBUG [174937] [] WordBookWordController end
2021-12-17 16:23:35,504 DEBUG [174937] [] finally
2021-12-17 16:23:37,490 DEBUG [174850] [] Request URI : /eccadmin_dev/WordBookWord/back
2021-12-17 16:23:37,490 DEBUG [174850] [] WordBookWordController start
2021-12-17 16:23:37,490 DEBUG [174850] [] controllers/WordBookWordController.php: is exist
2021-12-17 16:23:37,492 DEBUG [174850] [] 1
2021-12-17 16:23:37,492 DEBUG [174850] [] 2
2021-12-17 16:23:37,493 DEBUG [174850] [] 3
2021-12-17 16:23:37,493 DEBUG [174850] [] 4
2021-12-17 16:23:37,493 DEBUG [174850] [] WordBookWordForm: is exist
2021-12-17 16:23:37,494 DEBUG [174850] [] WordBookWordForm: form value set 
2021-12-17 16:23:37,494 DEBUG [174850] [] ------------------------------/eccadmin_dev/WordBookWord/back
2021-12-17 16:23:37,494 DEBUG [174850] [] ------------------------------session_check_true
2021-12-17 16:23:37,494 DEBUG [174850] [] backAction start
2021-12-17 16:23:37,495 DEBUG [174850] [] backAction end
2021-12-17 16:23:37,495 DEBUG [174850] [] WordBookWordController end
2021-12-17 16:23:37,495 DEBUG [174850] [] finally
2021-12-17 16:23:37,700 DEBUG [174850] [] Request URI : /eccadmin_dev/WordBookList/Search
2021-12-17 16:23:37,700 DEBUG [174850] [] WordBookListController start
2021-12-17 16:23:37,700 DEBUG [174850] [] controllers/WordBookListController.php: is exist
2021-12-17 16:23:37,701 DEBUG [174850] [] 1
2021-12-17 16:23:37,702 DEBUG [174850] [] 2
2021-12-17 16:23:37,702 DEBUG [174850] [] 3
2021-12-17 16:23:37,703 DEBUG [174850] [] 4
2021-12-17 16:23:37,703 DEBUG [174850] [] WordBookListForm: is exist
2021-12-17 16:23:37,703 DEBUG [174850] [] WordBookListForm: form value set 
2021-12-17 16:23:37,703 DEBUG [174850] [] ------------------------------/eccadmin_dev/WordBookList/Search
2021-12-17 16:23:37,703 DEBUG [174850] [] SearchAction start
2021-12-17 16:23:37,704 DEBUG [174850] [] admin_no is 1
2021-12-17 16:23:37,771 DEBUG [174850] [] SearchAction end
2021-12-17 16:23:37,771 DEBUG [174850] [] WordBookListController end
2021-12-17 16:23:37,771 DEBUG [174850] [] finally
2021-12-17 16:28:39,160 DEBUG [174865] [] Request URI : /eccadmin_dev/WordBookWord/index
2021-12-17 16:28:39,161 DEBUG [174865] [] WordBookWordController start
2021-12-17 16:28:39,161 DEBUG [174865] [] controllers/WordBookWordController.php: is exist
2021-12-17 16:28:39,162 DEBUG [174865] [] 1
2021-12-17 16:28:39,163 DEBUG [174865] [] 2
2021-12-17 16:28:39,163 DEBUG [174865] [] 3
2021-12-17 16:28:39,164 DEBUG [174865] [] 4
2021-12-17 16:28:39,164 DEBUG [174865] [] WordBookWordForm: is exist
2021-12-17 16:28:39,164 DEBUG [174865] [] WordBookWordForm: form value set 
2021-12-17 16:28:39,165 DEBUG [174865] [] ------------------------------/eccadmin_dev/WordBookWord/index
2021-12-17 16:28:39,165 DEBUG [174865] [] ------------------------------session_check_true
2021-12-17 16:28:39,165 DEBUG [174865] [] indexAction start
2021-12-17 16:28:39,165 DEBUG [174865] [] admin_no is 1
2021-12-17 16:28:39,166 DEBUG [174865] [] unselectedSELECT  tw.word_id  ,tw.word  ,tw.translation  ,tw.org_no FROM T_WORD as tw  INNER JOIN T_WORDBOOK as twb  ON tw.org_no=twb.org_no  LEFT JOIN T_WORDBOOK_WORD as wbw  ON tw.org_no=wbw.org_no  AND tw.word_id=wbw.word_id  WHERE  tw.org_no=:org_no  AND tw.del_flg ='0'  GROUP BY  tw.org_no,tw.word,tw.word_id,tw.translation ORDER BY  tw.word_id ASC
2021-12-17 16:28:39,231 DEBUG [174865] [] indexAction end
2021-12-17 16:28:39,231 DEBUG [174865] [] WordBookWordController end
2021-12-17 16:28:39,232 DEBUG [174865] [] finally
2021-12-17 16:28:43,262 DEBUG [174936] [] Request URI : /eccadmin_dev/WordBookWord/back
2021-12-17 16:28:43,263 DEBUG [174936] [] WordBookWordController start
2021-12-17 16:28:43,263 DEBUG [174936] [] controllers/WordBookWordController.php: is exist
2021-12-17 16:28:43,264 DEBUG [174936] [] 1
2021-12-17 16:28:43,265 DEBUG [174936] [] 2
2021-12-17 16:28:43,265 DEBUG [174936] [] 3
2021-12-17 16:28:43,265 DEBUG [174936] [] 4
2021-12-17 16:28:43,266 DEBUG [174936] [] WordBookWordForm: is exist
2021-12-17 16:28:43,266 DEBUG [174936] [] WordBookWordForm: form value set 
2021-12-17 16:28:43,266 DEBUG [174936] [] ------------------------------/eccadmin_dev/WordBookWord/back
2021-12-17 16:28:43,267 DEBUG [174936] [] ------------------------------session_check_true
2021-12-17 16:28:43,267 DEBUG [174936] [] backAction start
2021-12-17 16:28:43,267 DEBUG [174936] [] backAction end
2021-12-17 16:28:43,267 DEBUG [174936] [] WordBookWordController end
2021-12-17 16:28:43,267 DEBUG [174936] [] finally
2021-12-17 16:28:43,487 DEBUG [174936] [] Request URI : /eccadmin_dev/WordBookList/Search
2021-12-17 16:28:43,487 DEBUG [174936] [] WordBookListController start
2021-12-17 16:28:43,488 DEBUG [174936] [] controllers/WordBookListController.php: is exist
2021-12-17 16:28:43,488 DEBUG [174936] [] 1
2021-12-17 16:28:43,489 DEBUG [174936] [] 2
2021-12-17 16:28:43,489 DEBUG [174936] [] 3
2021-12-17 16:28:43,490 DEBUG [174936] [] 4
2021-12-17 16:28:43,490 DEBUG [174936] [] WordBookListForm: is exist
2021-12-17 16:28:43,490 DEBUG [174936] [] WordBookListForm: form value set 
2021-12-17 16:28:43,490 DEBUG [174936] [] ------------------------------/eccadmin_dev/WordBookList/Search
2021-12-17 16:28:43,491 DEBUG [174936] [] SearchAction start
2021-12-17 16:28:43,491 DEBUG [174936] [] admin_no is 1
2021-12-17 16:28:43,556 DEBUG [174936] [] SearchAction end
2021-12-17 16:28:43,556 DEBUG [174936] [] WordBookListController end
2021-12-17 16:28:43,556 DEBUG [174936] [] finally
2021-12-17 16:28:46,003 DEBUG [174936] [] Request URI : /eccadmin_dev/WordBookWord/index
2021-12-17 16:28:46,004 DEBUG [174936] [] WordBookWordController start
2021-12-17 16:28:46,004 DEBUG [174936] [] controllers/WordBookWordController.php: is exist
2021-12-17 16:28:46,005 DEBUG [174936] [] 1
2021-12-17 16:28:46,006 DEBUG [174936] [] 2
2021-12-17 16:28:46,006 DEBUG [174936] [] 3
2021-12-17 16:28:46,007 DEBUG [174936] [] 4
2021-12-17 16:28:46,007 DEBUG [174936] [] WordBookWordForm: is exist
2021-12-17 16:28:46,007 DEBUG [174936] [] WordBookWordForm: form value set 
2021-12-17 16:28:46,008 DEBUG [174936] [] ------------------------------/eccadmin_dev/WordBookWord/index
2021-12-17 16:28:46,008 DEBUG [174936] [] ------------------------------session_check_true
2021-12-17 16:28:46,008 DEBUG [174936] [] indexAction start
2021-12-17 16:28:46,008 DEBUG [174936] [] admin_no is 1
2021-12-17 16:28:46,009 DEBUG [174936] [] unselectedSELECT  tw.word_id  ,tw.word  ,tw.translation  ,tw.org_no FROM T_WORD as tw  INNER JOIN T_WORDBOOK as twb  ON tw.org_no=twb.org_no  LEFT JOIN T_WORDBOOK_WORD as wbw  ON tw.org_no=wbw.org_no  AND tw.word_id=wbw.word_id  WHERE  tw.org_no=:org_no  AND tw.del_flg ='0'  GROUP BY  tw.org_no,tw.word,tw.word_id,tw.translation ORDER BY  tw.word_id ASC
2021-12-17 16:28:46,078 DEBUG [174936] [] indexAction end
2021-12-17 16:28:46,079 DEBUG [174936] [] WordBookWordController end
2021-12-17 16:28:46,079 DEBUG [174936] [] finally
2021-12-17 16:29:23,395 DEBUG [174865] [] Request URI : /eccadmin_dev/WordBookList
2021-12-17 16:29:23,396 DEBUG [174865] [] WordBookListController start
2021-12-17 16:29:23,396 DEBUG [174865] [] controllers/WordBookListController.php: is exist
2021-12-17 16:29:23,397 DEBUG [174865] [] 1
2021-12-17 16:29:23,397 DEBUG [174865] [] 2
2021-12-17 16:29:23,397 DEBUG [174865] [] 3
2021-12-17 16:29:23,398 DEBUG [174865] [] 4
2021-12-17 16:29:23,398 DEBUG [174865] [] WordBookListForm: is exist
2021-12-17 16:29:23,398 DEBUG [174865] [] WordBookListForm: form value set 
2021-12-17 16:29:23,399 DEBUG [174865] [] ------------------------------/eccadmin_dev/WordBookList
2021-12-17 16:29:23,399 DEBUG [174865] [] indexAction start
2021-12-17 16:29:23,399 DEBUG [174865] [] admin_no is 1
2021-12-17 16:29:23,464 DEBUG [174865] [] indexAction end
2021-12-17 16:29:23,464 DEBUG [174865] [] WordBookListController end
2021-12-17 16:29:23,464 DEBUG [174865] [] finally
2021-12-17 17:16:52,057 DEBUG [175132] [] Request URI : /eccadmin_dev/WordBookWord/index
2021-12-17 17:16:52,058 DEBUG [175132] [] WordBookWordController start
2021-12-17 17:16:52,058 DEBUG [175132] [] controllers/WordBookWordController.php: is exist
2021-12-17 17:16:52,060 DEBUG [175132] [] 1
2021-12-17 17:16:52,060 DEBUG [175132] [] 2
2021-12-17 17:16:52,060 DEBUG [175132] [] 3
2021-12-17 17:16:52,061 DEBUG [175132] [] 4
2021-12-17 17:16:52,061 DEBUG [175132] [] WordBookWordForm: is exist
2021-12-17 17:16:52,062 DEBUG [175132] [] WordBookWordForm: form value set 
2021-12-17 17:16:52,062 DEBUG [175132] [] ------------------------------/eccadmin_dev/WordBookWord/index
2021-12-17 17:16:52,062 DEBUG [175132] [] ------------------------------session_check_true
2021-12-17 17:16:52,062 DEBUG [175132] [] indexAction start
2021-12-17 17:16:52,063 DEBUG [175132] [] admin_no is 1
2021-12-17 17:16:52,063 DEBUG [175132] [] unselectedSELECT  tw.word_id  ,tw.word  ,tw.translation  ,tw.org_no FROM T_WORD as tw  INNER JOIN T_WORDBOOK as twb  ON tw.org_no=twb.org_no  LEFT JOIN T_WORDBOOK_WORD as wbw  ON tw.org_no=wbw.org_no  AND tw.word_id=wbw.word_id  WHERE  tw.org_no=:org_no  AND tw.del_flg ='0'  GROUP BY  tw.org_no,tw.word,tw.word_id,tw.translation ORDER BY  tw.word_id ASC
2021-12-17 17:16:52,220 DEBUG [175132] [] indexAction end
2021-12-17 17:16:52,220 DEBUG [175132] [] WordBookWordController end
2021-12-17 17:16:52,220 DEBUG [175132] [] finally
2021-12-17 18:10:29,276 DEBUG [175399] [] Request URI : /eccadmin_dev/TeacherRegist
2021-12-17 18:10:29,277 DEBUG [175399] [] TeacherRegistController start
2021-12-17 18:10:29,277 DEBUG [175399] [] controllers/TeacherRegistController.php: is exist
2021-12-17 18:10:29,311 DEBUG [175399] [] TeacherRegistForm: is exist
2021-12-17 18:10:29,320 DEBUG [175399] [] TeacherRegistForm: form value set 
2021-12-17 18:10:29,320 DEBUG [175399] [] ------------------------------/eccadmin_dev/TeacherRegist
2021-12-17 18:10:29,320 DEBUG [175399] [] ------------------------------session_check_true
2021-12-17 18:10:29,321 DEBUG [175399] [] indexAction start
2021-12-17 18:10:29,321 DEBUG [175399] [] admin_no is 
2021-12-17 18:10:29,321 DEBUG [175399] [] indexAction end
2021-12-17 18:10:29,321 DEBUG [175399] [] TeacherRegistController end
2021-12-17 18:10:29,321 DEBUG [175399] [] finally
2021-12-17 18:10:29,623 DEBUG [175399] [] Request URI : /eccadmin_dev/Error/disp
2021-12-17 18:10:29,624 DEBUG [175399] [] ErrorController start
2021-12-17 18:10:29,624 DEBUG [175399] [] controllers/ErrorController.php: is exist
2021-12-17 18:10:29,624 DEBUG [175399] [] ErrorForm: is exist
2021-12-17 18:10:29,624 DEBUG [175399] [] ErrorForm: form value set 
2021-12-17 18:10:29,625 DEBUG [175399] [] ------------------------------/eccadmin_dev/Error/disp
2021-12-17 18:10:29,625 DEBUG [175399] [] ------------------------------login_start_check
2021-12-17 18:10:29,625 DEBUG [175399] [] dispAction start
2021-12-17 18:10:29,638 DEBUG [175399] [] dispAction end
2021-12-17 18:10:29,638 DEBUG [175399] [] ErrorController end
2021-12-17 18:10:29,638 DEBUG [175399] [] finally
2021-12-17 19:16:06,919 DEBUG [175672] [] Request URI : /eccadmin_dev/Login
2021-12-17 19:16:06,920 DEBUG [175672] [] LoginController start
2021-12-17 19:16:06,920 DEBUG [175672] [] controllers/LoginController.php: is exist
2021-12-17 19:16:06,920 DEBUG [175672] [] LoginForm: is exist
2021-12-17 19:16:06,920 DEBUG [175672] [] LoginForm: form value set 
2021-12-17 19:16:06,921 DEBUG [175672] [] ------------------------------/eccadmin_dev/Login
2021-12-17 19:16:06,921 DEBUG [175672] [] ------------------------------login_start_check
2021-12-17 19:16:06,921 DEBUG [175672] [] indexAction start
2021-12-17 19:16:06,935 DEBUG [175672] [] indexAction end
2021-12-17 19:16:06,935 DEBUG [175672] [] LoginController end
2021-12-17 19:16:06,936 DEBUG [175672] [] finally
