2022-02-02 11:39:40,911 DEBUG [21800] [] Request URI : /eccadmin_dev/Login
2022-02-02 11:39:40,932 DEBUG [21800] [] LoginController start
2022-02-02 11:39:40,932 DEBUG [21800] [] controllers/LoginController.php: is exist
2022-02-02 11:39:40,933 DEBUG [21800] [] LoginForm: is exist
2022-02-02 11:39:40,933 DEBUG [21800] [] LoginForm: form value set 
2022-02-02 11:39:40,933 DEBUG [21800] [] ------------------------------/eccadmin_dev/Login
2022-02-02 11:39:40,934 DEBUG [21800] [] ------------------------------login_start_check
2022-02-02 11:39:40,934 DEBUG [21800] [] indexAction start
2022-02-02 11:39:40,972 DEBUG [21800] [] indexAction end
2022-02-02 11:39:40,972 DEBUG [21800] [] LoginController end
2022-02-02 11:39:40,972 DEBUG [21800] [] finally
2022-02-02 11:39:44,315 DEBUG [21802] [] Request URI : /eccadmin_dev/Login/login
2022-02-02 11:39:44,320 DEBUG [21802] [] LoginController start
2022-02-02 11:39:44,320 DEBUG [21802] [] controllers/LoginController.php: is exist
2022-02-02 11:39:44,321 DEBUG [21802] [] LoginForm: is exist
2022-02-02 11:39:44,321 DEBUG [21802] [] LoginForm: form value set 
2022-02-02 11:39:44,322 DEBUG [21802] [] ------------------------------/eccadmin_dev/Login/login
2022-02-02 11:39:44,322 DEBUG [21802] [] ------------------------------login_start_check
2022-02-02 11:39:44,322 DEBUG [21802] [] loginAction start
2022-02-02 11:39:44,623 DEBUG [21802] [] loginAction end
2022-02-02 11:39:44,623 DEBUG [21802] [] LoginController end
2022-02-02 11:39:44,623 DEBUG [21802] [] finally
2022-02-02 11:39:44,647 DEBUG [21802] [] Request URI : /eccadmin_dev/Menu
2022-02-02 11:39:44,648 DEBUG [21802] [] MenuController start
2022-02-02 11:39:44,648 DEBUG [21802] [] controllers/MenuController.php: is exist
2022-02-02 11:39:44,648 DEBUG [21802] [] MenuForm: is exist
2022-02-02 11:39:44,648 DEBUG [21802] [] MenuForm: form value set 
2022-02-02 11:39:44,648 DEBUG [21802] [] ------------------------------/eccadmin_dev/Menu
2022-02-02 11:39:44,648 DEBUG [21802] [] ------------------------------login_start_check
2022-02-02 11:39:44,648 DEBUG [21802] [] indexAction start
2022-02-02 11:39:44,648 DEBUG [21802] [] admin_no is 1
2022-02-02 11:39:44,706 DEBUG [21802] [] indexAction end
2022-02-02 11:39:44,706 DEBUG [21802] [] MenuController end
2022-02-02 11:39:44,707 DEBUG [21802] [] finally
2022-02-02 11:39:47,740 DEBUG [21801] [] Request URI : /eccadmin_dev/ReportList
2022-02-02 11:39:47,740 DEBUG [21801] [] ReportListController start
2022-02-02 11:39:47,741 DEBUG [21801] [] controllers/ReportListController.php: is exist
2022-02-02 11:39:47,744 DEBUG [21801] [] ReportListForm: is exist
2022-02-02 11:39:47,744 DEBUG [21801] [] ReportListForm: form value set 
2022-02-02 11:39:47,745 DEBUG [21801] [] ------------------------------/eccadmin_dev/ReportList
2022-02-02 11:39:47,745 DEBUG [21801] [] indexAction start
2022-02-02 11:39:47,745 DEBUG [21801] [] admin_no is 1
2022-02-02 11:39:47,841 DEBUG [21801] [] indexAction end
2022-02-02 11:39:47,841 DEBUG [21801] [] ReportListController end
2022-02-02 11:39:47,841 DEBUG [21801] [] finally
2022-02-02 12:17:39,352 DEBUG [22106] [] Request URI : /eccadmin_dev/Menu
2022-02-02 12:17:39,352 DEBUG [22106] [] MenuController start
2022-02-02 12:17:39,352 DEBUG [22106] [] controllers/MenuController.php: is exist
2022-02-02 12:17:39,353 DEBUG [22106] [] MenuForm: is exist
2022-02-02 12:17:39,353 DEBUG [22106] [] MenuForm: form value set 
2022-02-02 12:17:39,353 DEBUG [22106] [] ------------------------------/eccadmin_dev/Menu
2022-02-02 12:17:39,353 DEBUG [22106] [] ------------------------------login_start_check
2022-02-02 12:17:39,354 DEBUG [22106] [] indexAction start
2022-02-02 12:17:39,354 DEBUG [22106] [] admin_no is 1
2022-02-02 12:17:39,402 DEBUG [22106] [] indexAction end
2022-02-02 12:17:39,402 DEBUG [22106] [] MenuController end
2022-02-02 12:17:39,402 DEBUG [22106] [] finally
2022-02-02 12:17:42,762 DEBUG [22106] [] Request URI : /eccadmin_dev/AtReportList
2022-02-02 12:17:42,762 DEBUG [22106] [] AtReportListController start
2022-02-02 12:17:42,762 DEBUG [22106] [] controllers/AtReportListController.php: is exist
2022-02-02 12:17:42,766 DEBUG [22106] [] AtReportListForm: is exist
2022-02-02 12:17:42,767 DEBUG [22106] [] AtReportListForm: form value set 
2022-02-02 12:17:42,767 DEBUG [22106] [] ------------------------------/eccadmin_dev/AtReportList
2022-02-02 12:17:42,767 DEBUG [22106] [] indexAction start
2022-02-02 12:17:42,767 DEBUG [22106] [] admin_no is 1
2022-02-02 12:17:42,832 DEBUG [22106] [] indexAction end
2022-02-02 12:17:42,832 DEBUG [22106] [] AtReportListController end
2022-02-02 12:17:42,832 DEBUG [22106] [] finally
2022-02-02 12:17:46,029 DEBUG [22106] [] Request URI : /eccadmin_dev/ReportRegist
2022-02-02 12:17:46,029 DEBUG [22106] [] ReportRegistController start
2022-02-02 12:17:46,029 DEBUG [22106] [] controllers/ReportRegistController.php: is exist
2022-02-02 12:17:46,035 DEBUG [22106] [] ReportRegistForm: is exist
2022-02-02 12:17:46,035 DEBUG [22106] [] ReportRegistForm: form value set 
2022-02-02 12:17:46,036 DEBUG [22106] [] ------------------------------/eccadmin_dev/ReportRegist
2022-02-02 12:17:46,036 DEBUG [22106] [] ------------------------------session_check_true
2022-02-02 12:17:46,036 DEBUG [22106] [] indexAction start
2022-02-02 12:17:46,036 DEBUG [22106] [] admin_no is 1
2022-02-02 12:17:46,038 DEBUG [22106] [] report_no
2022-02-02 12:17:46,128 DEBUG [22106] [] indexAction end
2022-02-02 12:17:46,128 DEBUG [22106] [] ReportRegistController end
2022-02-02 12:17:46,128 DEBUG [22106] [] finally
2022-02-02 12:17:49,725 DEBUG [22106] [] Request URI : /eccadmin_dev/ReportList
2022-02-02 12:17:49,725 DEBUG [22106] [] ReportListController start
2022-02-02 12:17:49,726 DEBUG [22106] [] controllers/ReportListController.php: is exist
2022-02-02 12:17:49,729 DEBUG [22106] [] ReportListForm: is exist
2022-02-02 12:17:49,730 DEBUG [22106] [] ReportListForm: form value set 
2022-02-02 12:17:49,730 DEBUG [22106] [] ------------------------------/eccadmin_dev/ReportList
2022-02-02 12:17:49,730 DEBUG [22106] [] indexAction start
2022-02-02 12:17:49,731 DEBUG [22106] [] admin_no is 1
2022-02-02 12:17:49,792 DEBUG [22106] [] indexAction end
2022-02-02 12:17:49,792 DEBUG [22106] [] ReportListController end
2022-02-02 12:17:49,792 DEBUG [22106] [] finally
2022-02-02 12:47:45,853 DEBUG [22351] [] Request URI : /eccadmin_dev/AtReportList
2022-02-02 12:47:45,857 DEBUG [22351] [] AtReportListController start
2022-02-02 12:47:45,857 DEBUG [22351] [] controllers/AtReportListController.php: is exist
2022-02-02 12:47:45,861 DEBUG [22351] [] AtReportListForm: is exist
2022-02-02 12:47:45,861 DEBUG [22351] [] AtReportListForm: form value set 
2022-02-02 12:47:45,862 DEBUG [22351] [] ------------------------------/eccadmin_dev/AtReportList
2022-02-02 12:47:45,862 DEBUG [22351] [] indexAction start
2022-02-02 12:47:45,862 DEBUG [22351] [] admin_no is 
2022-02-02 12:47:45,862 DEBUG [22351] [] indexAction end
2022-02-02 12:47:45,862 DEBUG [22351] [] AtReportListController end
2022-02-02 12:47:45,862 DEBUG [22351] [] finally
2022-02-02 12:47:45,888 DEBUG [22351] [] Request URI : /eccadmin_dev/Error/disp
2022-02-02 12:47:45,889 DEBUG [22351] [] ErrorController start
2022-02-02 12:47:45,889 DEBUG [22351] [] controllers/ErrorController.php: is exist
2022-02-02 12:47:45,889 DEBUG [22351] [] ErrorForm: is exist
2022-02-02 12:47:45,889 DEBUG [22351] [] ErrorForm: form value set 
2022-02-02 12:47:45,889 DEBUG [22351] [] ------------------------------/eccadmin_dev/Error/disp
2022-02-02 12:47:45,890 DEBUG [22351] [] ------------------------------login_start_check
2022-02-02 12:47:45,890 DEBUG [22351] [] dispAction start
2022-02-02 12:47:45,900 DEBUG [22351] [] dispAction end
2022-02-02 12:47:45,900 DEBUG [22351] [] ErrorController end
2022-02-02 12:47:45,900 DEBUG [22351] [] finally
2022-02-02 12:47:47,435 DEBUG [22351] [] Request URI : /eccadmin_dev/Login
2022-02-02 12:47:47,436 DEBUG [22351] [] LoginController start
2022-02-02 12:47:47,436 DEBUG [22351] [] controllers/LoginController.php: is exist
2022-02-02 12:47:47,436 DEBUG [22351] [] LoginForm: is exist
2022-02-02 12:47:47,436 DEBUG [22351] [] LoginForm: form value set 
2022-02-02 12:47:47,437 DEBUG [22351] [] ------------------------------/eccadmin_dev/Login
2022-02-02 12:47:47,437 DEBUG [22351] [] ------------------------------login_start_check
2022-02-02 12:47:47,437 DEBUG [22351] [] indexAction start
2022-02-02 12:47:47,452 DEBUG [22351] [] indexAction end
2022-02-02 12:47:47,452 DEBUG [22351] [] LoginController end
2022-02-02 12:47:47,452 DEBUG [22351] [] finally
2022-02-02 12:47:55,949 DEBUG [22289] [] Request URI : /eccadmin_dev/Login/login
2022-02-02 12:47:55,949 DEBUG [22289] [] LoginController start
2022-02-02 12:47:55,950 DEBUG [22289] [] controllers/LoginController.php: is exist
2022-02-02 12:47:55,950 DEBUG [22289] [] LoginForm: is exist
2022-02-02 12:47:55,950 DEBUG [22289] [] LoginForm: form value set 
2022-02-02 12:47:55,950 DEBUG [22289] [] ------------------------------/eccadmin_dev/Login/login
2022-02-02 12:47:55,951 DEBUG [22289] [] ------------------------------login_start_check
2022-02-02 12:47:55,951 DEBUG [22289] [] loginAction start
2022-02-02 12:47:56,260 DEBUG [22289] [] loginAction end
2022-02-02 12:47:56,260 DEBUG [22289] [] LoginController end
2022-02-02 12:47:56,260 DEBUG [22289] [] finally
2022-02-02 12:47:56,284 DEBUG [22289] [] Request URI : /eccadmin_dev/Menu
2022-02-02 12:47:56,284 DEBUG [22289] [] MenuController start
2022-02-02 12:47:56,284 DEBUG [22289] [] controllers/MenuController.php: is exist
2022-02-02 12:47:56,284 DEBUG [22289] [] MenuForm: is exist
2022-02-02 12:47:56,285 DEBUG [22289] [] MenuForm: form value set 
2022-02-02 12:47:56,285 DEBUG [22289] [] ------------------------------/eccadmin_dev/Menu
2022-02-02 12:47:56,285 DEBUG [22289] [] ------------------------------login_start_check
2022-02-02 12:47:56,285 DEBUG [22289] [] indexAction start
2022-02-02 12:47:56,285 DEBUG [22289] [] admin_no is 1
2022-02-02 12:47:56,336 DEBUG [22289] [] indexAction end
2022-02-02 12:47:56,336 DEBUG [22289] [] MenuController end
2022-02-02 12:47:56,336 DEBUG [22289] [] finally
2022-02-02 12:47:59,748 DEBUG [22289] [] Request URI : /eccadmin_dev/AtReportList
2022-02-02 12:47:59,748 DEBUG [22289] [] AtReportListController start
2022-02-02 12:47:59,748 DEBUG [22289] [] controllers/AtReportListController.php: is exist
2022-02-02 12:47:59,752 DEBUG [22289] [] AtReportListForm: is exist
2022-02-02 12:47:59,752 DEBUG [22289] [] AtReportListForm: form value set 
2022-02-02 12:47:59,753 DEBUG [22289] [] ------------------------------/eccadmin_dev/AtReportList
2022-02-02 12:47:59,753 DEBUG [22289] [] indexAction start
2022-02-02 12:47:59,753 DEBUG [22289] [] admin_no is 1
2022-02-02 12:47:59,816 DEBUG [22289] [] indexAction end
2022-02-02 12:47:59,816 DEBUG [22289] [] AtReportListController end
2022-02-02 12:47:59,816 DEBUG [22289] [] finally
2022-02-02 12:48:03,834 DEBUG [22289] [] Request URI : /eccadmin_dev/ReportRegist/index
2022-02-02 12:48:03,835 DEBUG [22289] [] ReportRegistController start
2022-02-02 12:48:03,835 DEBUG [22289] [] controllers/ReportRegistController.php: is exist
2022-02-02 12:48:03,841 DEBUG [22289] [] ReportRegistForm: is exist
2022-02-02 12:48:03,841 DEBUG [22289] [] ReportRegistForm: form value set 
2022-02-02 12:48:03,842 DEBUG [22289] [] ------------------------------/eccadmin_dev/ReportRegist/index
2022-02-02 12:48:03,842 DEBUG [22289] [] ------------------------------session_check_true
2022-02-02 12:48:03,842 DEBUG [22289] [] indexAction start
2022-02-02 12:48:03,842 DEBUG [22289] [] admin_no is 1
2022-02-02 12:48:03,843 DEBUG [22289] [] report_no
2022-02-02 12:48:03,919 DEBUG [22289] [] indexAction end
2022-02-02 12:48:03,919 DEBUG [22289] [] ReportRegistController end
2022-02-02 12:48:03,919 DEBUG [22289] [] finally
2022-02-02 12:48:06,596 DEBUG [22289] [] Request URI : /eccadmin_dev/ReportRegist
2022-02-02 12:48:06,597 DEBUG [22289] [] ReportRegistController start
2022-02-02 12:48:06,597 DEBUG [22289] [] controllers/ReportRegistController.php: is exist
2022-02-02 12:48:06,603 DEBUG [22289] [] ReportRegistForm: is exist
2022-02-02 12:48:06,603 DEBUG [22289] [] ReportRegistForm: form value set 
2022-02-02 12:48:06,604 DEBUG [22289] [] ------------------------------/eccadmin_dev/ReportRegist
2022-02-02 12:48:06,604 DEBUG [22289] [] ------------------------------session_check_true
2022-02-02 12:48:06,604 DEBUG [22289] [] indexAction start
2022-02-02 12:48:06,604 DEBUG [22289] [] admin_no is 1
2022-02-02 12:48:06,605 DEBUG [22289] [] report_no
2022-02-02 12:48:06,679 DEBUG [22289] [] indexAction end
2022-02-02 12:48:06,680 DEBUG [22289] [] ReportRegistController end
2022-02-02 12:48:06,680 DEBUG [22289] [] finally
2022-02-02 12:48:10,638 DEBUG [22289] [] Request URI : /eccadmin_dev/AtReportRegist
2022-02-02 12:48:10,639 DEBUG [22289] [] AtReportRegistController start
2022-02-02 12:48:10,639 DEBUG [22289] [] controllers/AtReportRegistController.php: is exist
2022-02-02 12:48:10,644 DEBUG [22289] [] AtReportRegistForm: is exist
2022-02-02 12:48:10,644 DEBUG [22289] [] AtReportRegistForm: form value set 
2022-02-02 12:48:10,645 DEBUG [22289] [] ------------------------------/eccadmin_dev/AtReportRegist
2022-02-02 12:48:10,645 DEBUG [22289] [] ------------------------------session_check_true
2022-02-02 12:48:10,645 DEBUG [22289] [] indexAction start
2022-02-02 12:48:10,645 DEBUG [22289] [] admin_no is 1
2022-02-02 12:48:10,646 DEBUG [22289] [] report_no
2022-02-02 12:48:10,675 DEBUG [22289] [] rollback
2022-02-02 12:48:10,675 ERROR [22289] [] 予期しない例外が発生しました。
 --> Smarty: Unable to load template file 'atatReportRegist.html' <-- 
2022-02-02 12:48:10,698 DEBUG [22289] [] finally
2022-02-02 12:48:10,722 DEBUG [22289] [] Request URI : /eccadmin_dev/Error/disp
2022-02-02 12:48:10,723 DEBUG [22289] [] ErrorController start
2022-02-02 12:48:10,723 DEBUG [22289] [] controllers/ErrorController.php: is exist
2022-02-02 12:48:10,723 DEBUG [22289] [] ErrorForm: is exist
2022-02-02 12:48:10,723 DEBUG [22289] [] ErrorForm: form value set 
2022-02-02 12:48:10,724 DEBUG [22289] [] ------------------------------/eccadmin_dev/Error/disp
2022-02-02 12:48:10,724 DEBUG [22289] [] ------------------------------login_start_check
2022-02-02 12:48:10,724 DEBUG [22289] [] dispAction start
2022-02-02 12:48:10,736 DEBUG [22289] [] dispAction end
2022-02-02 12:48:10,736 DEBUG [22289] [] ErrorController end
2022-02-02 12:48:10,736 DEBUG [22289] [] finally
2022-02-02 12:48:12,931 DEBUG [22289] [] Request URI : /eccadmin_dev/Login
2022-02-02 12:48:12,932 DEBUG [22289] [] LoginController start
2022-02-02 12:48:12,932 DEBUG [22289] [] controllers/LoginController.php: is exist
2022-02-02 12:48:12,932 DEBUG [22289] [] LoginForm: is exist
2022-02-02 12:48:12,932 DEBUG [22289] [] LoginForm: form value set 
2022-02-02 12:48:12,933 DEBUG [22289] [] ------------------------------/eccadmin_dev/Login
2022-02-02 12:48:12,933 DEBUG [22289] [] ------------------------------login_start_check
2022-02-02 12:48:12,933 DEBUG [22289] [] indexAction start
2022-02-02 12:48:12,948 DEBUG [22289] [] indexAction end
2022-02-02 12:48:12,949 DEBUG [22289] [] LoginController end
2022-02-02 12:48:12,949 DEBUG [22289] [] finally
2022-02-02 12:48:16,791 DEBUG [22289] [] Request URI : /eccadmin_dev/Login/login
2022-02-02 12:48:16,792 DEBUG [22289] [] LoginController start
2022-02-02 12:48:16,792 DEBUG [22289] [] controllers/LoginController.php: is exist
2022-02-02 12:48:16,792 DEBUG [22289] [] LoginForm: is exist
2022-02-02 12:48:16,792 DEBUG [22289] [] LoginForm: form value set 
2022-02-02 12:48:16,793 DEBUG [22289] [] ------------------------------/eccadmin_dev/Login/login
2022-02-02 12:48:16,793 DEBUG [22289] [] ------------------------------login_start_check
2022-02-02 12:48:16,793 DEBUG [22289] [] loginAction start
2022-02-02 12:48:17,096 DEBUG [22289] [] loginAction end
2022-02-02 12:48:17,096 DEBUG [22289] [] LoginController end
2022-02-02 12:48:17,096 DEBUG [22289] [] finally
2022-02-02 12:48:17,118 DEBUG [22289] [] Request URI : /eccadmin_dev/Menu
2022-02-02 12:48:17,119 DEBUG [22289] [] MenuController start
2022-02-02 12:48:17,119 DEBUG [22289] [] controllers/MenuController.php: is exist
2022-02-02 12:48:17,119 DEBUG [22289] [] MenuForm: is exist
2022-02-02 12:48:17,119 DEBUG [22289] [] MenuForm: form value set 
2022-02-02 12:48:17,119 DEBUG [22289] [] ------------------------------/eccadmin_dev/Menu
2022-02-02 12:48:17,119 DEBUG [22289] [] ------------------------------login_start_check
2022-02-02 12:48:17,119 DEBUG [22289] [] indexAction start
2022-02-02 12:48:17,119 DEBUG [22289] [] admin_no is 1
2022-02-02 12:48:17,146 DEBUG [22289] [] indexAction end
2022-02-02 12:48:17,146 DEBUG [22289] [] MenuController end
2022-02-02 12:48:17,147 DEBUG [22289] [] finally
2022-02-02 12:48:20,455 DEBUG [22289] [] Request URI : /eccadmin_dev/AtReportList
2022-02-02 12:48:20,455 DEBUG [22289] [] AtReportListController start
2022-02-02 12:48:20,455 DEBUG [22289] [] controllers/AtReportListController.php: is exist
2022-02-02 12:48:20,459 DEBUG [22289] [] AtReportListForm: is exist
2022-02-02 12:48:20,460 DEBUG [22289] [] AtReportListForm: form value set 
2022-02-02 12:48:20,460 DEBUG [22289] [] ------------------------------/eccadmin_dev/AtReportList
2022-02-02 12:48:20,460 DEBUG [22289] [] indexAction start
2022-02-02 12:48:20,460 DEBUG [22289] [] admin_no is 1
2022-02-02 12:48:20,523 DEBUG [22289] [] indexAction end
2022-02-02 12:48:20,523 DEBUG [22289] [] AtReportListController end
2022-02-02 12:48:20,523 DEBUG [22289] [] finally
2022-02-02 12:48:24,071 DEBUG [22289] [] Request URI : /eccadmin_dev/AtReportRegist
2022-02-02 12:48:24,072 DEBUG [22289] [] AtReportRegistController start
2022-02-02 12:48:24,072 DEBUG [22289] [] controllers/AtReportRegistController.php: is exist
2022-02-02 12:48:24,077 DEBUG [22289] [] AtReportRegistForm: is exist
2022-02-02 12:48:24,078 DEBUG [22289] [] AtReportRegistForm: form value set 
2022-02-02 12:48:24,078 DEBUG [22289] [] ------------------------------/eccadmin_dev/AtReportRegist
2022-02-02 12:48:24,078 DEBUG [22289] [] ------------------------------session_check_true
2022-02-02 12:48:24,078 DEBUG [22289] [] indexAction start
2022-02-02 12:48:24,079 DEBUG [22289] [] admin_no is 1
2022-02-02 12:48:24,079 DEBUG [22289] [] report_no
2022-02-02 12:48:24,082 DEBUG [22289] [] rollback
2022-02-02 12:48:24,082 ERROR [22289] [] 予期しない例外が発生しました。
 --> Smarty: Unable to load template file 'atatReportRegist.html' <-- 
2022-02-02 12:48:24,082 DEBUG [22289] [] finally
2022-02-02 12:48:24,106 DEBUG [22289] [] Request URI : /eccadmin_dev/Error/disp
2022-02-02 12:48:24,106 DEBUG [22289] [] ErrorController start
2022-02-02 12:48:24,106 DEBUG [22289] [] controllers/ErrorController.php: is exist
2022-02-02 12:48:24,107 DEBUG [22289] [] ErrorForm: is exist
2022-02-02 12:48:24,107 DEBUG [22289] [] ErrorForm: form value set 
2022-02-02 12:48:24,107 DEBUG [22289] [] ------------------------------/eccadmin_dev/Error/disp
2022-02-02 12:48:24,107 DEBUG [22289] [] ------------------------------login_start_check
2022-02-02 12:48:24,108 DEBUG [22289] [] dispAction start
2022-02-02 12:48:24,119 DEBUG [22289] [] dispAction end
2022-02-02 12:48:24,119 DEBUG [22289] [] ErrorController end
2022-02-02 12:48:24,119 DEBUG [22289] [] finally
