2022-01-10 11:21:35,956 DEBUG [60673] [] Request URI : /eccadmin_dev/Login
2022-01-10 11:21:35,986 DEBUG [60673] [] LoginController start
2022-01-10 11:21:35,986 DEBUG [60673] [] controllers/LoginController.php: is exist
2022-01-10 11:21:35,992 DEBUG [60673] [] LoginForm: is exist
2022-01-10 11:21:35,992 DEBUG [60673] [] LoginForm: form value set 
2022-01-10 11:21:35,993 DEBUG [60673] [] ------------------------------/eccadmin_dev/Login
2022-01-10 11:21:35,993 DEBUG [60673] [] ------------------------------login_start_check
2022-01-10 11:21:35,993 DEBUG [60673] [] indexAction start
2022-01-10 11:21:36,066 DEBUG [60673] [] indexAction end
2022-01-10 11:21:36,066 DEBUG [60673] [] LoginController end
2022-01-10 11:21:36,067 DEBUG [60673] [] finally
2022-01-10 19:40:37,954 DEBUG [67297] [] Request URI : /eccadmin_dev/Login
2022-01-10 19:40:37,955 DEBUG [67297] [] LoginController start
2022-01-10 19:40:37,955 DEBUG [67297] [] controllers/LoginController.php: is exist
2022-01-10 19:40:37,955 DEBUG [67297] [] LoginForm: is exist
2022-01-10 19:40:37,956 DEBUG [67297] [] LoginForm: form value set 
2022-01-10 19:40:37,956 DEBUG [67297] [] ------------------------------/eccadmin_dev/Login
2022-01-10 19:40:37,956 DEBUG [67297] [] ------------------------------login_start_check
2022-01-10 19:40:37,956 DEBUG [67297] [] indexAction start
2022-01-10 19:40:37,972 DEBUG [67297] [] indexAction end
2022-01-10 19:40:37,972 DEBUG [67297] [] LoginController end
2022-01-10 19:40:37,972 DEBUG [67297] [] finally
