2021-06-23 10:43:32,334 DEBUG [192987] [] Request URI : /eccadmin_dev/QuestionRegist/index
2021-06-23 10:43:32,435 DEBUG [192987] [] QuestionRegistController start
2021-06-23 10:43:32,443 DEBUG [192987] [] controllers/QuestionRegistController.php: is exist
2021-06-23 10:43:32,575 DEBUG [192987] [] QuestionRegistForm: is exist
2021-06-23 10:43:32,577 DEBUG [192987] [] QuestionRegistForm: form value set 
2021-06-23 10:43:32,577 DEBUG [192987] [] ------------------------------/eccadmin_dev/QuestionRegist/index
2021-06-23 10:43:32,578 DEBUG [192987] [] ------------------------------session_check_true
2021-06-23 10:43:32,578 DEBUG [192987] [] indexAction start
2021-06-23 10:43:32,578 DEBUG [192987] [] admin_no is 
2021-06-23 10:43:32,578 DEBUG [192987] [] indexAction end
2021-06-23 10:43:32,578 DEBUG [192987] [] QuestionRegistController end
2021-06-23 10:43:32,578 DEBUG [192987] [] finally
2021-06-23 10:43:32,596 DEBUG [192987] [] Request URI : /eccadmin_dev/Error/disp
2021-06-23 10:43:32,597 DEBUG [192987] [] ErrorController start
2021-06-23 10:43:32,597 DEBUG [192987] [] controllers/ErrorController.php: is exist
2021-06-23 10:43:32,599 DEBUG [192987] [] ErrorForm: is exist
2021-06-23 10:43:32,599 DEBUG [192987] [] ErrorForm: form value set 
2021-06-23 10:43:32,600 DEBUG [192987] [] ------------------------------/eccadmin_dev/Error/disp
2021-06-23 10:43:32,600 DEBUG [192987] [] ------------------------------login_start_check
2021-06-23 10:43:32,600 DEBUG [192987] [] dispAction start
2021-06-23 10:43:32,790 DEBUG [192987] [] dispAction end
2021-06-23 10:43:32,790 DEBUG [192987] [] ErrorController end
2021-06-23 10:43:32,790 DEBUG [192987] [] finally
2021-06-23 10:43:35,682 DEBUG [192990] [] Request URI : /eccadmin_dev/Login
2021-06-23 10:43:35,682 DEBUG [192990] [] LoginController start
2021-06-23 10:43:35,682 DEBUG [192990] [] controllers/LoginController.php: is exist
2021-06-23 10:43:35,764 DEBUG [192990] [] LoginForm: is exist
2021-06-23 10:43:35,767 DEBUG [192990] [] LoginForm: form value set 
2021-06-23 10:43:35,768 DEBUG [192990] [] ------------------------------/eccadmin_dev/Login
2021-06-23 10:43:35,768 DEBUG [192990] [] ------------------------------login_start_check
2021-06-23 10:43:35,768 DEBUG [192990] [] indexAction start
2021-06-23 10:43:35,784 DEBUG [192990] [] indexAction end
2021-06-23 10:43:35,784 DEBUG [192990] [] LoginController end
2021-06-23 10:43:35,784 DEBUG [192990] [] finally
2021-06-23 10:43:45,918 DEBUG [192967] [] Request URI : /eccadmin_dev/Login/login
2021-06-23 10:43:45,919 DEBUG [192967] [] LoginController start
2021-06-23 10:43:45,919 DEBUG [192967] [] controllers/LoginController.php: is exist
2021-06-23 10:43:45,919 DEBUG [192967] [] LoginForm: is exist
2021-06-23 10:43:45,919 DEBUG [192967] [] LoginForm: form value set 
2021-06-23 10:43:45,920 DEBUG [192967] [] ------------------------------/eccadmin_dev/Login/login
2021-06-23 10:43:45,920 DEBUG [192967] [] ------------------------------login_start_check
2021-06-23 10:43:45,920 DEBUG [192967] [] loginAction start
2021-06-23 10:43:46,230 DEBUG [192967] [] loginAction end
2021-06-23 10:43:46,230 DEBUG [192967] [] LoginController end
2021-06-23 10:43:46,230 DEBUG [192967] [] finally
2021-06-23 10:43:46,257 DEBUG [192967] [] Request URI : /eccadmin_dev/Menu
2021-06-23 10:43:46,257 DEBUG [192967] [] MenuController start
2021-06-23 10:43:46,257 DEBUG [192967] [] controllers/MenuController.php: is exist
2021-06-23 10:43:46,330 DEBUG [192967] [] MenuForm: is exist
2021-06-23 10:43:46,335 DEBUG [192967] [] MenuForm: form value set 
2021-06-23 10:43:46,336 DEBUG [192967] [] ------------------------------/eccadmin_dev/Menu
2021-06-23 10:43:46,336 DEBUG [192967] [] ------------------------------login_start_check
2021-06-23 10:43:46,336 DEBUG [192967] [] indexAction start
2021-06-23 10:43:46,336 DEBUG [192967] [] admin_no is 1
2021-06-23 10:43:46,427 DEBUG [192967] [] indexAction end
2021-06-23 10:43:46,427 DEBUG [192967] [] MenuController end
2021-06-23 10:43:46,427 DEBUG [192967] [] finally
2021-06-23 10:44:10,648 DEBUG [192959] [] Request URI : /eccadmin_dev/Login/logout
2021-06-23 10:44:10,649 DEBUG [192959] [] LoginController start
2021-06-23 10:44:10,649 DEBUG [192959] [] controllers/LoginController.php: is exist
2021-06-23 10:44:10,649 DEBUG [192959] [] LoginForm: is exist
2021-06-23 10:44:10,649 DEBUG [192959] [] LoginForm: form value set 
2021-06-23 10:44:10,650 DEBUG [192959] [] ------------------------------/eccadmin_dev/Login/logout
2021-06-23 10:44:10,650 DEBUG [192959] [] ------------------------------login_start_check
2021-06-23 10:44:10,650 DEBUG [192959] [] logoutAction start
2021-06-23 10:44:10,650 DEBUG [192959] [] logoutAction end
2021-06-23 10:44:10,650 DEBUG [192959] [] LoginController end
2021-06-23 10:44:10,650 DEBUG [192959] [] finally
2021-06-23 10:44:10,673 DEBUG [192959] [] Request URI : /eccadmin_dev/Login
2021-06-23 10:44:10,673 DEBUG [192959] [] LoginController start
2021-06-23 10:44:10,673 DEBUG [192959] [] controllers/LoginController.php: is exist
2021-06-23 10:44:10,673 DEBUG [192959] [] LoginForm: is exist
2021-06-23 10:44:10,673 DEBUG [192959] [] LoginForm: form value set 
2021-06-23 10:44:10,674 DEBUG [192959] [] ------------------------------/eccadmin_dev/Login
2021-06-23 10:44:10,674 DEBUG [192959] [] ------------------------------login_start_check
2021-06-23 10:44:10,674 DEBUG [192959] [] indexAction start
2021-06-23 10:44:10,687 DEBUG [192959] [] indexAction end
2021-06-23 10:44:10,687 DEBUG [192959] [] LoginController end
2021-06-23 10:44:10,687 DEBUG [192959] [] finally
2021-06-23 11:24:27,369 DEBUG [195825] [] Request URI : /eccadmin_dev/Login
2021-06-23 11:24:27,369 DEBUG [195825] [] LoginController start
2021-06-23 11:24:27,370 DEBUG [195825] [] controllers/LoginController.php: is exist
2021-06-23 11:24:27,370 DEBUG [195825] [] LoginForm: is exist
2021-06-23 11:24:27,370 DEBUG [195825] [] LoginForm: form value set 
2021-06-23 11:24:27,370 DEBUG [195825] [] ------------------------------/eccadmin_dev/Login
2021-06-23 11:24:27,371 DEBUG [195825] [] ------------------------------login_start_check
2021-06-23 11:24:27,371 DEBUG [195825] [] indexAction start
2021-06-23 11:24:27,420 DEBUG [195825] [] indexAction end
2021-06-23 11:24:27,420 DEBUG [195825] [] LoginController end
2021-06-23 11:24:27,420 DEBUG [195825] [] finally
2021-06-23 11:24:31,353 DEBUG [195294] [] Request URI : /eccadmin_dev/Login/login
2021-06-23 11:24:31,353 DEBUG [195294] [] LoginController start
2021-06-23 11:24:31,354 DEBUG [195294] [] controllers/LoginController.php: is exist
2021-06-23 11:24:31,354 DEBUG [195294] [] LoginForm: is exist
2021-06-23 11:24:31,354 DEBUG [195294] [] LoginForm: form value set 
2021-06-23 11:24:31,354 DEBUG [195294] [] ------------------------------/eccadmin_dev/Login/login
2021-06-23 11:24:31,355 DEBUG [195294] [] ------------------------------login_start_check
2021-06-23 11:24:31,355 DEBUG [195294] [] loginAction start
2021-06-23 11:24:31,656 DEBUG [195294] [] loginAction end
2021-06-23 11:24:31,656 DEBUG [195294] [] LoginController end
2021-06-23 11:24:31,656 DEBUG [195294] [] finally
2021-06-23 11:24:31,676 DEBUG [195294] [] Request URI : /eccadmin_dev/Menu
2021-06-23 11:24:31,676 DEBUG [195294] [] MenuController start
2021-06-23 11:24:31,676 DEBUG [195294] [] controllers/MenuController.php: is exist
2021-06-23 11:24:31,676 DEBUG [195294] [] MenuForm: is exist
2021-06-23 11:24:31,676 DEBUG [195294] [] MenuForm: form value set 
2021-06-23 11:24:31,677 DEBUG [195294] [] ------------------------------/eccadmin_dev/Menu
2021-06-23 11:24:31,677 DEBUG [195294] [] ------------------------------login_start_check
2021-06-23 11:24:31,677 DEBUG [195294] [] indexAction start
2021-06-23 11:24:31,677 DEBUG [195294] [] admin_no is 1
2021-06-23 11:24:31,709 DEBUG [195294] [] indexAction end
2021-06-23 11:24:31,710 DEBUG [195294] [] MenuController end
2021-06-23 11:24:31,710 DEBUG [195294] [] finally
2021-06-23 11:26:25,202 DEBUG [196040] [] Request URI : /eccadmin_dev/Login/logout
2021-06-23 11:26:25,203 DEBUG [196040] [] LoginController start
2021-06-23 11:26:25,203 DEBUG [196040] [] controllers/LoginController.php: is exist
2021-06-23 11:26:25,203 DEBUG [196040] [] LoginForm: is exist
2021-06-23 11:26:25,203 DEBUG [196040] [] LoginForm: form value set 
2021-06-23 11:26:25,204 DEBUG [196040] [] ------------------------------/eccadmin_dev/Login/logout
2021-06-23 11:26:25,204 DEBUG [196040] [] ------------------------------login_start_check
2021-06-23 11:26:25,204 DEBUG [196040] [] logoutAction start
2021-06-23 11:26:25,204 DEBUG [196040] [] logoutAction end
2021-06-23 11:26:25,204 DEBUG [196040] [] LoginController end
2021-06-23 11:26:25,205 DEBUG [196040] [] finally
2021-06-23 11:26:25,234 DEBUG [196040] [] Request URI : /eccadmin_dev/Login
2021-06-23 11:26:25,234 DEBUG [196040] [] LoginController start
2021-06-23 11:26:25,235 DEBUG [196040] [] controllers/LoginController.php: is exist
2021-06-23 11:26:25,235 DEBUG [196040] [] LoginForm: is exist
2021-06-23 11:26:25,235 DEBUG [196040] [] LoginForm: form value set 
2021-06-23 11:26:25,235 DEBUG [196040] [] ------------------------------/eccadmin_dev/Login
2021-06-23 11:26:25,235 DEBUG [196040] [] ------------------------------login_start_check
2021-06-23 11:26:25,235 DEBUG [196040] [] indexAction start
2021-06-23 11:26:25,250 DEBUG [196040] [] indexAction end
2021-06-23 11:26:25,250 DEBUG [196040] [] LoginController end
2021-06-23 11:26:25,250 DEBUG [196040] [] finally
