2020-06-26 17:27:36,404 DEBUG [23334] [] Request URI : /eccadmin_dev/Login
2020-06-26 17:27:36,428 DEBUG [23334] [] LoginController start
2020-06-26 17:27:36,429 DEBUG [23334] [] controllers/LoginController.php: is exist
2020-06-26 17:27:36,429 DEBUG [23334] [] LoginForm: is exist
2020-06-26 17:27:36,429 DEBUG [23334] [] LoginForm: form value set 
2020-06-26 17:27:36,429 DEBUG [23334] [] ------------------------------/eccadmin_dev/Login
2020-06-26 17:27:36,430 DEBUG [23334] [] ------------------------------login_start_check
2020-06-26 17:27:36,430 DEBUG [23334] [] indexAction start
2020-06-26 17:27:36,466 DEBUG [23334] [] indexAction end
2020-06-26 17:27:36,466 DEBUG [23334] [] LoginController end
2020-06-26 17:27:36,466 DEBUG [23334] [] finally
2020-06-26 17:27:46,462 DEBUG [21811] [] Request URI : /eccadmin_dev/Login/login
2020-06-26 17:27:46,463 DEBUG [21811] [] LoginController start
2020-06-26 17:27:46,463 DEBUG [21811] [] controllers/LoginController.php: is exist
2020-06-26 17:27:46,464 DEBUG [21811] [] LoginForm: is exist
2020-06-26 17:27:46,464 DEBUG [21811] [] LoginForm: form value set 
2020-06-26 17:27:46,464 DEBUG [21811] [] ------------------------------/eccadmin_dev/Login/login
2020-06-26 17:27:46,464 DEBUG [21811] [] ------------------------------login_start_check
2020-06-26 17:27:46,465 DEBUG [21811] [] loginAction start
2020-06-26 17:27:46,482 DEBUG [21811] [] loginAction end
2020-06-26 17:27:46,482 DEBUG [21811] [] LoginController end
2020-06-26 17:27:46,482 DEBUG [21811] [] finally
