2021-05-11 10:33:15,984 DEBUG [29712] [] Request URI : /eccadmin_dev/Menu
2021-05-11 10:33:16,029 DEBUG [29712] [] MenuController start
2021-05-11 10:33:16,031 DEBUG [29712] [] controllers/MenuController.php: is exist
2021-05-11 10:33:16,056 DEBUG [29712] [] MenuForm: is exist
2021-05-11 10:33:16,056 DEBUG [29712] [] MenuForm: form value set 
2021-05-11 10:33:16,056 DEBUG [29712] [] ------------------------------/eccadmin_dev/Menu
2021-05-11 10:33:16,057 DEBUG [29712] [] ------------------------------login_start_check
2021-05-11 10:33:16,057 DEBUG [29712] [] indexAction start
2021-05-11 10:33:16,057 DEBUG [29712] [] admin_no is 
2021-05-11 10:33:16,057 DEBUG [29712] [] indexAction end
2021-05-11 10:33:16,057 DEBUG [29712] [] MenuController end
2021-05-11 10:33:16,057 DEBUG [29712] [] finally
2021-05-11 10:33:16,075 DEBUG [29712] [] Request URI : /eccadmin_dev/Error/disp
2021-05-11 10:33:16,075 DEBUG [29712] [] ErrorController start
2021-05-11 10:33:16,075 DEBUG [29712] [] controllers/ErrorController.php: is exist
2021-05-11 10:33:16,075 DEBUG [29712] [] ErrorForm: is exist
2021-05-11 10:33:16,075 DEBUG [29712] [] ErrorForm: form value set 
2021-05-11 10:33:16,076 DEBUG [29712] [] ------------------------------/eccadmin_dev/Error/disp
2021-05-11 10:33:16,076 DEBUG [29712] [] ------------------------------login_start_check
2021-05-11 10:33:16,076 DEBUG [29712] [] dispAction start
2021-05-11 10:33:16,133 DEBUG [29712] [] dispAction end
2021-05-11 10:33:16,133 DEBUG [29712] [] ErrorController end
2021-05-11 10:33:16,133 DEBUG [29712] [] finally
2021-05-11 10:33:18,792 DEBUG [25866] [] Request URI : /eccadmin_dev/Login
2021-05-11 10:33:18,793 DEBUG [25866] [] LoginController start
2021-05-11 10:33:18,793 DEBUG [25866] [] controllers/LoginController.php: is exist
2021-05-11 10:33:18,794 DEBUG [25866] [] LoginForm: is exist
2021-05-11 10:33:18,794 DEBUG [25866] [] LoginForm: form value set 
2021-05-11 10:33:18,794 DEBUG [25866] [] ------------------------------/eccadmin_dev/Login
2021-05-11 10:33:18,794 DEBUG [25866] [] ------------------------------login_start_check
2021-05-11 10:33:18,794 DEBUG [25866] [] indexAction start
2021-05-11 10:33:18,810 DEBUG [25866] [] indexAction end
2021-05-11 10:33:18,810 DEBUG [25866] [] LoginController end
2021-05-11 10:33:18,810 DEBUG [25866] [] finally
2021-05-11 10:33:21,436 DEBUG [29712] [] Request URI : /eccadmin_dev/Login/login
2021-05-11 10:33:21,437 DEBUG [29712] [] LoginController start
2021-05-11 10:33:21,437 DEBUG [29712] [] controllers/LoginController.php: is exist
2021-05-11 10:33:21,437 DEBUG [29712] [] LoginForm: is exist
2021-05-11 10:33:21,437 DEBUG [29712] [] LoginForm: form value set 
2021-05-11 10:33:21,438 DEBUG [29712] [] ------------------------------/eccadmin_dev/Login/login
2021-05-11 10:33:21,438 DEBUG [29712] [] ------------------------------login_start_check
2021-05-11 10:33:21,438 DEBUG [29712] [] loginAction start
2021-05-11 10:33:21,770 DEBUG [29712] [] loginAction end
2021-05-11 10:33:21,770 DEBUG [29712] [] LoginController end
2021-05-11 10:33:21,770 DEBUG [29712] [] finally
2021-05-11 10:33:21,786 DEBUG [29712] [] Request URI : /eccadmin_dev/Menu
2021-05-11 10:33:21,786 DEBUG [29712] [] MenuController start
2021-05-11 10:33:21,786 DEBUG [29712] [] controllers/MenuController.php: is exist
2021-05-11 10:33:21,786 DEBUG [29712] [] MenuForm: is exist
2021-05-11 10:33:21,787 DEBUG [29712] [] MenuForm: form value set 
2021-05-11 10:33:21,787 DEBUG [29712] [] ------------------------------/eccadmin_dev/Menu
2021-05-11 10:33:21,787 DEBUG [29712] [] ------------------------------login_start_check
2021-05-11 10:33:21,787 DEBUG [29712] [] indexAction start
2021-05-11 10:33:21,787 DEBUG [29712] [] admin_no is 1
2021-05-11 10:33:21,862 DEBUG [29712] [] indexAction end
2021-05-11 10:33:21,862 DEBUG [29712] [] MenuController end
2021-05-11 10:33:21,862 DEBUG [29712] [] finally
2021-05-11 10:33:28,012 DEBUG [30865] [] Request URI : /eccadmin_dev/Login/logout
2021-05-11 10:33:28,013 DEBUG [30865] [] LoginController start
2021-05-11 10:33:28,013 DEBUG [30865] [] controllers/LoginController.php: is exist
2021-05-11 10:33:28,013 DEBUG [30865] [] LoginForm: is exist
2021-05-11 10:33:28,013 DEBUG [30865] [] LoginForm: form value set 
2021-05-11 10:33:28,014 DEBUG [30865] [] ------------------------------/eccadmin_dev/Login/logout
2021-05-11 10:33:28,014 DEBUG [30865] [] ------------------------------login_start_check
2021-05-11 10:33:28,014 DEBUG [30865] [] logoutAction start
2021-05-11 10:33:28,014 DEBUG [30865] [] logoutAction end
2021-05-11 10:33:28,014 DEBUG [30865] [] LoginController end
2021-05-11 10:33:28,014 DEBUG [30865] [] finally
2021-05-11 10:33:28,076 DEBUG [30865] [] Request URI : /eccadmin_dev/Login
2021-05-11 10:33:28,076 DEBUG [30865] [] LoginController start
2021-05-11 10:33:28,076 DEBUG [30865] [] controllers/LoginController.php: is exist
2021-05-11 10:33:28,077 DEBUG [30865] [] LoginForm: is exist
2021-05-11 10:33:28,077 DEBUG [30865] [] LoginForm: form value set 
2021-05-11 10:33:28,077 DEBUG [30865] [] ------------------------------/eccadmin_dev/Login
2021-05-11 10:33:28,077 DEBUG [30865] [] ------------------------------login_start_check
2021-05-11 10:33:28,077 DEBUG [30865] [] indexAction start
2021-05-11 10:33:28,093 DEBUG [30865] [] indexAction end
2021-05-11 10:33:28,093 DEBUG [30865] [] LoginController end
2021-05-11 10:33:28,093 DEBUG [30865] [] finally
2021-05-11 13:15:23,681 DEBUG [39428] [] Request URI : /eccadmin_dev/Login
2021-05-11 13:15:23,682 DEBUG [39428] [] LoginController start
2021-05-11 13:15:23,682 DEBUG [39428] [] controllers/LoginController.php: is exist
2021-05-11 13:15:23,682 DEBUG [39428] [] LoginForm: is exist
2021-05-11 13:15:23,683 DEBUG [39428] [] LoginForm: form value set 
2021-05-11 13:15:23,683 DEBUG [39428] [] ------------------------------/eccadmin_dev/Login
2021-05-11 13:15:23,683 DEBUG [39428] [] ------------------------------login_start_check
2021-05-11 13:15:23,683 DEBUG [39428] [] indexAction start
2021-05-11 13:15:23,732 DEBUG [39428] [] indexAction end
2021-05-11 13:15:23,732 DEBUG [39428] [] LoginController end
2021-05-11 13:15:23,732 DEBUG [39428] [] finally
2021-05-11 13:15:26,282 DEBUG [39428] [] Request URI : /eccadmin_dev/Login/login
2021-05-11 13:15:26,282 DEBUG [39428] [] LoginController start
2021-05-11 13:15:26,283 DEBUG [39428] [] controllers/LoginController.php: is exist
2021-05-11 13:15:26,283 DEBUG [39428] [] LoginForm: is exist
2021-05-11 13:15:26,283 DEBUG [39428] [] LoginForm: form value set 
2021-05-11 13:15:26,283 DEBUG [39428] [] ------------------------------/eccadmin_dev/Login/login
2021-05-11 13:15:26,283 DEBUG [39428] [] ------------------------------login_start_check
2021-05-11 13:15:26,284 DEBUG [39428] [] loginAction start
2021-05-11 13:15:26,579 DEBUG [39428] [] loginAction end
2021-05-11 13:15:26,579 DEBUG [39428] [] LoginController end
2021-05-11 13:15:26,579 DEBUG [39428] [] finally
2021-05-11 13:15:26,595 DEBUG [39428] [] Request URI : /eccadmin_dev/Menu
2021-05-11 13:15:26,595 DEBUG [39428] [] MenuController start
2021-05-11 13:15:26,595 DEBUG [39428] [] controllers/MenuController.php: is exist
2021-05-11 13:15:26,596 DEBUG [39428] [] MenuForm: is exist
2021-05-11 13:15:26,596 DEBUG [39428] [] MenuForm: form value set 
2021-05-11 13:15:26,596 DEBUG [39428] [] ------------------------------/eccadmin_dev/Menu
2021-05-11 13:15:26,596 DEBUG [39428] [] ------------------------------login_start_check
2021-05-11 13:15:26,596 DEBUG [39428] [] indexAction start
2021-05-11 13:15:26,596 DEBUG [39428] [] admin_no is 1
2021-05-11 13:15:26,642 DEBUG [39428] [] indexAction end
2021-05-11 13:15:26,642 DEBUG [39428] [] MenuController end
2021-05-11 13:15:26,642 DEBUG [39428] [] finally
2021-05-11 13:15:29,216 DEBUG [39428] [] Request URI : /eccadmin_dev/OrganizationList
2021-05-11 13:15:29,216 DEBUG [39428] [] OrganizationListController start
2021-05-11 13:15:29,217 DEBUG [39428] [] controllers/OrganizationListController.php: is exist
2021-05-11 13:15:29,246 DEBUG [39428] [] OrganizationListForm: is exist
2021-05-11 13:15:29,257 DEBUG [39428] [] OrganizationListForm: form value set 
2021-05-11 13:15:29,258 DEBUG [39428] [] ------------------------------/eccadmin_dev/OrganizationList
2021-05-11 13:15:29,258 DEBUG [39428] [] indexAction start
2021-05-11 13:15:29,258 DEBUG [39428] [] admin_no is 1
2021-05-11 13:15:29,448 DEBUG [39428] [] indexAction end
2021-05-11 13:15:29,448 DEBUG [39428] [] OrganizationListController end
2021-05-11 13:15:29,448 DEBUG [39428] [] finally
2021-05-11 13:35:08,101 DEBUG [38894] [] Request URI : /eccadmin_dev/ExcelSubjectList
2021-05-11 13:35:08,102 DEBUG [38894] [] ExcelSubjectListController start
2021-05-11 13:35:08,102 DEBUG [38894] [] controllers/ExcelSubjectListController.php: is exist
2021-05-11 13:35:08,107 DEBUG [38894] [] ExcelSubjectListForm: is exist
2021-05-11 13:35:08,107 DEBUG [38894] [] ExcelSubjectListForm: form value set 
2021-05-11 13:35:08,107 DEBUG [38894] [] ------------------------------/eccadmin_dev/ExcelSubjectList
2021-05-11 13:35:08,107 DEBUG [38894] [] indexAction start
2021-05-11 13:35:08,108 DEBUG [38894] [] admin_no is 1
2021-05-11 13:35:08,220 DEBUG [38894] [] indexAction end
2021-05-11 13:35:08,220 DEBUG [38894] [] ExcelSubjectListController end
2021-05-11 13:35:08,220 DEBUG [38894] [] finally
2021-05-11 13:35:43,352 DEBUG [43324] [] Request URI : /eccadmin_dev/ExcelSubjectList/show
2021-05-11 13:35:43,352 DEBUG [43324] [] ExcelSubjectListController start
2021-05-11 13:35:43,352 DEBUG [43324] [] controllers/ExcelSubjectListController.php: is exist
2021-05-11 13:35:43,353 DEBUG [43324] [] ExcelSubjectListForm: is exist
2021-05-11 13:35:43,353 DEBUG [43324] [] ExcelSubjectListForm: form value set 
2021-05-11 13:35:43,354 DEBUG [43324] [] ------------------------------/eccadmin_dev/ExcelSubjectList/show
2021-05-11 13:35:43,354 DEBUG [43324] [] showAction start
2021-05-11 13:35:43,354 DEBUG [43324] [] admin_no is 1
2021-05-11 13:35:43,373 DEBUG [43324] [] showAction end
2021-05-11 13:35:43,373 DEBUG [43324] [] ExcelSubjectListController end
2021-05-11 13:35:43,373 DEBUG [43324] [] finally
2021-05-11 13:35:43,395 DEBUG [43324] [] Request URI : /eccadmin_dev/ExcelSubjectList/viewExcelList
2021-05-11 13:35:43,395 DEBUG [43324] [] ExcelSubjectListController start
2021-05-11 13:35:43,395 DEBUG [43324] [] controllers/ExcelSubjectListController.php: is exist
2021-05-11 13:35:43,396 DEBUG [43324] [] ExcelSubjectListForm: is exist
2021-05-11 13:35:43,396 DEBUG [43324] [] ExcelSubjectListForm: form value set 
2021-05-11 13:35:43,396 DEBUG [43324] [] ------------------------------/eccadmin_dev/ExcelSubjectList/viewExcelList
2021-05-11 13:35:43,396 DEBUG [43324] [] viewExcelListAction start
2021-05-11 13:35:43,397 DEBUG [43324] [] admin_no is 1
2021-05-11 13:35:43,512 DEBUG [43324] [] viewExcelListAction end
2021-05-11 13:35:43,512 DEBUG [43324] [] ExcelSubjectListController end
2021-05-11 13:35:43,512 DEBUG [43324] [] finally
2021-05-11 13:35:47,291 DEBUG [43324] [] Request URI : /eccadmin_dev/ExcelSubjectList/duplicateCheckWoc
2021-05-11 13:35:47,292 DEBUG [43324] [] ExcelSubjectListController start
2021-05-11 13:35:47,292 DEBUG [43324] [] controllers/ExcelSubjectListController.php: is exist
2021-05-11 13:35:47,292 DEBUG [43324] [] ExcelSubjectListForm: is exist
2021-05-11 13:35:47,293 DEBUG [43324] [] ExcelSubjectListForm: form value set 
2021-05-11 13:35:47,293 DEBUG [43324] [] ------------------------------/eccadmin_dev/ExcelSubjectList/duplicateCheckWoc
2021-05-11 13:35:47,293 DEBUG [43324] [] ------------------------------/eccadmin_dev/ExcelSubjectList/duplicateCheckWoc
2021-05-11 13:35:47,293 DEBUG [43324] [] duplicateCheckWocAction start
2021-05-11 13:35:47,293 DEBUG [43324] [] admin_no is 1
2021-05-11 13:35:47,418 DEBUG [43324] [] duplicateCheckWocAction end
2021-05-11 13:35:47,418 DEBUG [43324] [] ExcelSubjectListController end
2021-05-11 13:35:47,418 DEBUG [43324] [] finally
2021-05-11 15:37:41,482 DEBUG [50796] [] Request URI : /eccadmin_dev/Login/logout
2021-05-11 15:37:41,483 DEBUG [50796] [] LoginController start
2021-05-11 15:37:41,483 DEBUG [50796] [] controllers/LoginController.php: is exist
2021-05-11 15:37:41,483 DEBUG [50796] [] LoginForm: is exist
2021-05-11 15:37:41,483 DEBUG [50796] [] LoginForm: form value set 
2021-05-11 15:37:41,484 DEBUG [50796] [] ------------------------------/eccadmin_dev/Login/logout
2021-05-11 15:37:41,484 DEBUG [50796] [] ------------------------------login_start_check
2021-05-11 15:37:41,484 DEBUG [50796] [] logoutAction start
2021-05-11 15:37:41,484 DEBUG [50796] [] logoutAction end
2021-05-11 15:37:41,485 DEBUG [50796] [] LoginController end
2021-05-11 15:37:41,485 DEBUG [50796] [] finally
2021-05-11 15:37:41,533 DEBUG [50796] [] Request URI : /eccadmin_dev/Login
2021-05-11 15:37:41,533 DEBUG [50796] [] LoginController start
2021-05-11 15:37:41,534 DEBUG [50796] [] controllers/LoginController.php: is exist
2021-05-11 15:37:41,534 DEBUG [50796] [] LoginForm: is exist
2021-05-11 15:37:41,534 DEBUG [50796] [] LoginForm: form value set 
2021-05-11 15:37:41,534 DEBUG [50796] [] ------------------------------/eccadmin_dev/Login
2021-05-11 15:37:41,534 DEBUG [50796] [] ------------------------------login_start_check
2021-05-11 15:37:41,534 DEBUG [50796] [] indexAction start
2021-05-11 15:37:41,548 DEBUG [50796] [] indexAction end
2021-05-11 15:37:41,548 DEBUG [50796] [] LoginController end
2021-05-11 15:37:41,549 DEBUG [50796] [] finally
2021-05-11 16:45:39,981 DEBUG [55894] [] Request URI : /eccadmin_dev/Login
2021-05-11 16:45:39,982 DEBUG [55894] [] LoginController start
2021-05-11 16:45:39,982 DEBUG [55894] [] controllers/LoginController.php: is exist
2021-05-11 16:45:39,982 DEBUG [55894] [] LoginForm: is exist
2021-05-11 16:45:39,982 DEBUG [55894] [] LoginForm: form value set 
2021-05-11 16:45:39,983 DEBUG [55894] [] ------------------------------/eccadmin_dev/Login
2021-05-11 16:45:39,983 DEBUG [55894] [] ------------------------------login_start_check
2021-05-11 16:45:39,983 DEBUG [55894] [] indexAction start
2021-05-11 16:45:39,999 DEBUG [55894] [] indexAction end
2021-05-11 16:45:39,999 DEBUG [55894] [] LoginController end
2021-05-11 16:45:39,999 DEBUG [55894] [] finally
2021-05-11 16:45:42,996 DEBUG [55894] [] Request URI : /eccadmin_dev/Login/login
2021-05-11 16:45:42,997 DEBUG [55894] [] LoginController start
2021-05-11 16:45:42,997 DEBUG [55894] [] controllers/LoginController.php: is exist
2021-05-11 16:45:42,997 DEBUG [55894] [] LoginForm: is exist
2021-05-11 16:45:42,997 DEBUG [55894] [] LoginForm: form value set 
2021-05-11 16:45:42,997 DEBUG [55894] [] ------------------------------/eccadmin_dev/Login/login
2021-05-11 16:45:42,998 DEBUG [55894] [] ------------------------------login_start_check
2021-05-11 16:45:42,998 DEBUG [55894] [] loginAction start
2021-05-11 16:45:43,289 DEBUG [55894] [] loginAction end
2021-05-11 16:45:43,289 DEBUG [55894] [] LoginController end
2021-05-11 16:45:43,289 DEBUG [55894] [] finally
2021-05-11 16:45:43,318 DEBUG [55894] [] Request URI : /eccadmin_dev/Menu
2021-05-11 16:45:43,318 DEBUG [55894] [] MenuController start
2021-05-11 16:45:43,318 DEBUG [55894] [] controllers/MenuController.php: is exist
2021-05-11 16:45:43,318 DEBUG [55894] [] MenuForm: is exist
2021-05-11 16:45:43,318 DEBUG [55894] [] MenuForm: form value set 
2021-05-11 16:45:43,319 DEBUG [55894] [] ------------------------------/eccadmin_dev/Menu
2021-05-11 16:45:43,319 DEBUG [55894] [] ------------------------------login_start_check
2021-05-11 16:45:43,319 DEBUG [55894] [] indexAction start
2021-05-11 16:45:43,319 DEBUG [55894] [] admin_no is 1
2021-05-11 16:45:43,343 DEBUG [55894] [] indexAction end
2021-05-11 16:45:43,343 DEBUG [55894] [] MenuController end
2021-05-11 16:45:43,343 DEBUG [55894] [] finally
2021-05-11 16:45:52,471 DEBUG [56057] [] Request URI : /eccadmin_dev/ExcelSubjectList
2021-05-11 16:45:52,472 DEBUG [56057] [] ExcelSubjectListController start
2021-05-11 16:45:52,472 DEBUG [56057] [] controllers/ExcelSubjectListController.php: is exist
2021-05-11 16:45:52,473 DEBUG [56057] [] ExcelSubjectListForm: is exist
2021-05-11 16:45:52,474 DEBUG [56057] [] ExcelSubjectListForm: form value set 
2021-05-11 16:45:52,474 DEBUG [56057] [] ------------------------------/eccadmin_dev/ExcelSubjectList
2021-05-11 16:45:52,474 DEBUG [56057] [] indexAction start
2021-05-11 16:45:52,474 DEBUG [56057] [] admin_no is 1
2021-05-11 16:45:52,551 DEBUG [56057] [] indexAction end
2021-05-11 16:45:52,551 DEBUG [56057] [] ExcelSubjectListController end
2021-05-11 16:45:52,551 DEBUG [56057] [] finally
2021-05-11 16:46:19,822 DEBUG [54659] [] Request URI : /eccadmin_dev/ExcelSubjectList/show
2021-05-11 16:46:19,823 DEBUG [54659] [] ExcelSubjectListController start
2021-05-11 16:46:19,823 DEBUG [54659] [] controllers/ExcelSubjectListController.php: is exist
2021-05-11 16:46:19,823 DEBUG [54659] [] ExcelSubjectListForm: is exist
2021-05-11 16:46:19,823 DEBUG [54659] [] ExcelSubjectListForm: form value set 
2021-05-11 16:46:19,824 DEBUG [54659] [] ------------------------------/eccadmin_dev/ExcelSubjectList/show
2021-05-11 16:46:19,824 DEBUG [54659] [] showAction start
2021-05-11 16:46:19,824 DEBUG [54659] [] admin_no is 1
2021-05-11 16:46:19,825 DEBUG [54659] [] showAction end
2021-05-11 16:46:19,825 DEBUG [54659] [] ExcelSubjectListController end
2021-05-11 16:46:19,825 DEBUG [54659] [] finally
2021-05-11 16:46:19,853 DEBUG [54659] [] Request URI : /eccadmin_dev/ExcelSubjectList/viewExcelList
2021-05-11 16:46:19,853 DEBUG [54659] [] ExcelSubjectListController start
2021-05-11 16:46:19,853 DEBUG [54659] [] controllers/ExcelSubjectListController.php: is exist
2021-05-11 16:46:19,854 DEBUG [54659] [] ExcelSubjectListForm: is exist
2021-05-11 16:46:19,854 DEBUG [54659] [] ExcelSubjectListForm: form value set 
2021-05-11 16:46:19,854 DEBUG [54659] [] ------------------------------/eccadmin_dev/ExcelSubjectList/viewExcelList
2021-05-11 16:46:19,854 DEBUG [54659] [] viewExcelListAction start
2021-05-11 16:46:19,854 DEBUG [54659] [] admin_no is 1
2021-05-11 16:46:19,985 DEBUG [54659] [] viewExcelListAction end
2021-05-11 16:46:19,985 DEBUG [54659] [] ExcelSubjectListController end
2021-05-11 16:46:19,985 DEBUG [54659] [] finally
2021-05-11 16:46:25,599 DEBUG [52822] [] Request URI : /eccadmin_dev/ExcelSubjectList/duplicateCheckWoc
2021-05-11 16:46:25,599 DEBUG [52822] [] ExcelSubjectListController start
2021-05-11 16:46:25,600 DEBUG [52822] [] controllers/ExcelSubjectListController.php: is exist
2021-05-11 16:46:25,600 DEBUG [52822] [] ExcelSubjectListForm: is exist
2021-05-11 16:46:25,600 DEBUG [52822] [] ExcelSubjectListForm: form value set 
2021-05-11 16:46:25,601 DEBUG [52822] [] ------------------------------/eccadmin_dev/ExcelSubjectList/duplicateCheckWoc
2021-05-11 16:46:25,601 DEBUG [52822] [] ------------------------------/eccadmin_dev/ExcelSubjectList/duplicateCheckWoc
2021-05-11 16:46:25,601 DEBUG [52822] [] duplicateCheckWocAction start
2021-05-11 16:46:25,601 DEBUG [52822] [] admin_no is 1
2021-05-11 16:46:25,604 DEBUG [52822] [] rollback
2021-05-11 16:46:25,604 ERROR [52822] [] 予期しない例外が発生しました。
exception 'PDOException' with message 'SQLSTATE[HY093]: Invalid parameter number' in /var/www/html/eccadmin_dev/dao/BaseDao.php:50
Stack trace:
#0 /var/www/html/eccadmin_dev/dao/BaseDao.php(50): PDOStatement->execute()
#1 /var/www/html/eccadmin_dev/dao/M_SubjectDao.php(112): BaseDao->getDataList(Object(PDOStatement), 'M_Subject_AreaD...')
#2 /var/www/html/eccadmin_dev/service/SubjectService.php(29): M_SubjectDao->getSubjectAreaListForCheck('1', 'test 1', NULL, NULL)
#3 /var/www/html/eccadmin_dev/controllers/ExcelSubjectListController.php(271): SubjectService->getSubjectAreaListForCheck('1', 'test 1', NULL, NULL)
#4 /var/www/html/eccadmin_dev/fw/Dispatcher.php(127): ExcelSubjectListController->duplicateCheckWocAction()
#5 /var/www/html/eccadmin_dev/index.php(31): Dispatcher->dispatch()
#6 {main}
2021-05-11 16:46:25,604 DEBUG [52822] [] finally
2021-05-11 16:46:25,625 DEBUG [52822] [] Request URI : /eccadmin_dev/Error/disp
2021-05-11 16:46:25,626 DEBUG [52822] [] ErrorController start
2021-05-11 16:46:25,626 DEBUG [52822] [] controllers/ErrorController.php: is exist
2021-05-11 16:46:25,626 DEBUG [52822] [] ErrorForm: is exist
2021-05-11 16:46:25,626 DEBUG [52822] [] ErrorForm: form value set 
2021-05-11 16:46:25,627 DEBUG [52822] [] ------------------------------/eccadmin_dev/Error/disp
2021-05-11 16:46:25,627 DEBUG [52822] [] ------------------------------login_start_check
2021-05-11 16:46:25,627 DEBUG [52822] [] dispAction start
2021-05-11 16:46:25,638 DEBUG [52822] [] dispAction end
2021-05-11 16:46:25,639 DEBUG [52822] [] ErrorController end
2021-05-11 16:46:25,639 DEBUG [52822] [] finally
2021-05-11 16:59:56,301 DEBUG [54661] [] Request URI : /eccadmin_dev/Login
2021-05-11 16:59:56,302 DEBUG [54661] [] LoginController start
2021-05-11 16:59:56,302 DEBUG [54661] [] controllers/LoginController.php: is exist
2021-05-11 16:59:56,302 DEBUG [54661] [] LoginForm: is exist
2021-05-11 16:59:56,302 DEBUG [54661] [] LoginForm: form value set 
2021-05-11 16:59:56,303 DEBUG [54661] [] ------------------------------/eccadmin_dev/Login
2021-05-11 16:59:56,303 DEBUG [54661] [] ------------------------------login_start_check
2021-05-11 16:59:56,303 DEBUG [54661] [] indexAction start
2021-05-11 16:59:56,318 DEBUG [54661] [] indexAction end
2021-05-11 16:59:56,318 DEBUG [54661] [] LoginController end
2021-05-11 16:59:56,318 DEBUG [54661] [] finally
2021-05-11 16:59:59,110 DEBUG [54661] [] Request URI : /eccadmin_dev/Login/login
2021-05-11 16:59:59,111 DEBUG [54661] [] LoginController start
2021-05-11 16:59:59,111 DEBUG [54661] [] controllers/LoginController.php: is exist
2021-05-11 16:59:59,111 DEBUG [54661] [] LoginForm: is exist
2021-05-11 16:59:59,111 DEBUG [54661] [] LoginForm: form value set 
2021-05-11 16:59:59,112 DEBUG [54661] [] ------------------------------/eccadmin_dev/Login/login
2021-05-11 16:59:59,112 DEBUG [54661] [] ------------------------------login_start_check
2021-05-11 16:59:59,112 DEBUG [54661] [] loginAction start
2021-05-11 16:59:59,411 DEBUG [54661] [] loginAction end
2021-05-11 16:59:59,411 DEBUG [54661] [] LoginController end
2021-05-11 16:59:59,411 DEBUG [54661] [] finally
2021-05-11 16:59:59,436 DEBUG [54661] [] Request URI : /eccadmin_dev/Menu
2021-05-11 16:59:59,437 DEBUG [54661] [] MenuController start
2021-05-11 16:59:59,437 DEBUG [54661] [] controllers/MenuController.php: is exist
2021-05-11 16:59:59,437 DEBUG [54661] [] MenuForm: is exist
2021-05-11 16:59:59,437 DEBUG [54661] [] MenuForm: form value set 
2021-05-11 16:59:59,437 DEBUG [54661] [] ------------------------------/eccadmin_dev/Menu
2021-05-11 16:59:59,437 DEBUG [54661] [] ------------------------------login_start_check
2021-05-11 16:59:59,438 DEBUG [54661] [] indexAction start
2021-05-11 16:59:59,438 DEBUG [54661] [] admin_no is 1
2021-05-11 16:59:59,462 DEBUG [54661] [] indexAction end
2021-05-11 16:59:59,462 DEBUG [54661] [] MenuController end
2021-05-11 16:59:59,462 DEBUG [54661] [] finally
2021-05-11 17:00:03,238 DEBUG [54661] [] Request URI : /eccadmin_dev/ExcelSubjectList
2021-05-11 17:00:03,238 DEBUG [54661] [] ExcelSubjectListController start
2021-05-11 17:00:03,238 DEBUG [54661] [] controllers/ExcelSubjectListController.php: is exist
2021-05-11 17:00:03,242 DEBUG [54661] [] ExcelSubjectListForm: is exist
2021-05-11 17:00:03,242 DEBUG [54661] [] ExcelSubjectListForm: form value set 
2021-05-11 17:00:03,243 DEBUG [54661] [] ------------------------------/eccadmin_dev/ExcelSubjectList
2021-05-11 17:00:03,243 DEBUG [54661] [] indexAction start
2021-05-11 17:00:03,243 DEBUG [54661] [] admin_no is 1
2021-05-11 17:00:03,323 DEBUG [54661] [] indexAction end
2021-05-11 17:00:03,323 DEBUG [54661] [] ExcelSubjectListController end
2021-05-11 17:00:03,323 DEBUG [54661] [] finally
2021-05-11 17:00:12,735 DEBUG [52822] [] Request URI : /eccadmin_dev/ExcelSubjectList/show
2021-05-11 17:00:12,736 DEBUG [52822] [] ExcelSubjectListController start
2021-05-11 17:00:12,736 DEBUG [52822] [] controllers/ExcelSubjectListController.php: is exist
2021-05-11 17:00:12,736 DEBUG [52822] [] ExcelSubjectListForm: is exist
2021-05-11 17:00:12,737 DEBUG [52822] [] ExcelSubjectListForm: form value set 
2021-05-11 17:00:12,737 DEBUG [52822] [] ------------------------------/eccadmin_dev/ExcelSubjectList/show
2021-05-11 17:00:12,737 DEBUG [52822] [] showAction start
2021-05-11 17:00:12,737 DEBUG [52822] [] admin_no is 1
2021-05-11 17:00:12,738 DEBUG [52822] [] showAction end
2021-05-11 17:00:12,738 DEBUG [52822] [] ExcelSubjectListController end
2021-05-11 17:00:12,738 DEBUG [52822] [] finally
2021-05-11 17:00:12,764 DEBUG [52822] [] Request URI : /eccadmin_dev/ExcelSubjectList/viewExcelList
2021-05-11 17:00:12,764 DEBUG [52822] [] ExcelSubjectListController start
2021-05-11 17:00:12,764 DEBUG [52822] [] controllers/ExcelSubjectListController.php: is exist
2021-05-11 17:00:12,765 DEBUG [52822] [] ExcelSubjectListForm: is exist
2021-05-11 17:00:12,765 DEBUG [52822] [] ExcelSubjectListForm: form value set 
2021-05-11 17:00:12,765 DEBUG [52822] [] ------------------------------/eccadmin_dev/ExcelSubjectList/viewExcelList
2021-05-11 17:00:12,765 DEBUG [52822] [] viewExcelListAction start
2021-05-11 17:00:12,766 DEBUG [52822] [] admin_no is 1
2021-05-11 17:00:12,880 DEBUG [52822] [] viewExcelListAction end
2021-05-11 17:00:12,880 DEBUG [52822] [] ExcelSubjectListController end
2021-05-11 17:00:12,880 DEBUG [52822] [] finally
2021-05-11 17:00:16,067 DEBUG [52822] [] Request URI : /eccadmin_dev/ExcelSubjectList/duplicateCheckWoc
2021-05-11 17:00:16,067 DEBUG [52822] [] ExcelSubjectListController start
2021-05-11 17:00:16,067 DEBUG [52822] [] controllers/ExcelSubjectListController.php: is exist
2021-05-11 17:00:16,068 DEBUG [52822] [] ExcelSubjectListForm: is exist
2021-05-11 17:00:16,068 DEBUG [52822] [] ExcelSubjectListForm: form value set 
2021-05-11 17:00:16,068 DEBUG [52822] [] ------------------------------/eccadmin_dev/ExcelSubjectList/duplicateCheckWoc
2021-05-11 17:00:16,069 DEBUG [52822] [] ------------------------------/eccadmin_dev/ExcelSubjectList/duplicateCheckWoc
2021-05-11 17:00:16,069 DEBUG [52822] [] duplicateCheckWocAction start
2021-05-11 17:00:16,069 DEBUG [52822] [] admin_no is 1
2021-05-11 17:00:16,072 DEBUG [52822] [] rollback
2021-05-11 17:00:16,072 ERROR [52822] [] 予期しない例外が発生しました。
exception 'PDOException' with message 'SQLSTATE[HY093]: Invalid parameter number' in /var/www/html/eccadmin_dev/dao/BaseDao.php:50
Stack trace:
#0 /var/www/html/eccadmin_dev/dao/BaseDao.php(50): PDOStatement->execute()
#1 /var/www/html/eccadmin_dev/dao/M_SubjectDao.php(112): BaseDao->getDataList(Object(PDOStatement), 'M_Subject_AreaD...')
#2 /var/www/html/eccadmin_dev/service/SubjectService.php(29): M_SubjectDao->getSubjectAreaListForCheck('1', 'test 1', '2021-05-14', '2100-05-10')
#3 /var/www/html/eccadmin_dev/controllers/ExcelSubjectListController.php(271): SubjectService->getSubjectAreaListForCheck('1', 'test 1', '2021-05-14', '2100-05-10')
#4 /var/www/html/eccadmin_dev/fw/Dispatcher.php(127): ExcelSubjectListController->duplicateCheckWocAction()
#5 /var/www/html/eccadmin_dev/index.php(31): Dispatcher->dispatch()
#6 {main}
2021-05-11 17:00:16,072 DEBUG [52822] [] finally
2021-05-11 17:00:16,099 DEBUG [52822] [] Request URI : /eccadmin_dev/Error/disp
2021-05-11 17:00:16,100 DEBUG [52822] [] ErrorController start
2021-05-11 17:00:16,100 DEBUG [52822] [] controllers/ErrorController.php: is exist
2021-05-11 17:00:16,100 DEBUG [52822] [] ErrorForm: is exist
2021-05-11 17:00:16,100 DEBUG [52822] [] ErrorForm: form value set 
2021-05-11 17:00:16,100 DEBUG [52822] [] ------------------------------/eccadmin_dev/Error/disp
2021-05-11 17:00:16,100 DEBUG [52822] [] ------------------------------login_start_check
2021-05-11 17:00:16,101 DEBUG [52822] [] dispAction start
2021-05-11 17:00:16,111 DEBUG [52822] [] dispAction end
2021-05-11 17:00:16,111 DEBUG [52822] [] ErrorController end
2021-05-11 17:00:16,112 DEBUG [52822] [] finally
2021-05-11 17:09:19,194 DEBUG [57091] [] Request URI : /eccadmin_dev/Login
2021-05-11 17:09:19,194 DEBUG [57091] [] LoginController start
2021-05-11 17:09:19,195 DEBUG [57091] [] controllers/LoginController.php: is exist
2021-05-11 17:09:19,195 DEBUG [57091] [] LoginForm: is exist
2021-05-11 17:09:19,195 DEBUG [57091] [] LoginForm: form value set 
2021-05-11 17:09:19,195 DEBUG [57091] [] ------------------------------/eccadmin_dev/Login
2021-05-11 17:09:19,196 DEBUG [57091] [] ------------------------------login_start_check
2021-05-11 17:09:19,196 DEBUG [57091] [] indexAction start
2021-05-11 17:09:19,211 DEBUG [57091] [] indexAction end
2021-05-11 17:09:19,211 DEBUG [57091] [] LoginController end
2021-05-11 17:09:19,212 DEBUG [57091] [] finally
2021-05-11 17:09:21,461 DEBUG [57091] [] Request URI : /eccadmin_dev/Login/login
2021-05-11 17:09:21,462 DEBUG [57091] [] LoginController start
2021-05-11 17:09:21,462 DEBUG [57091] [] controllers/LoginController.php: is exist
2021-05-11 17:09:21,462 DEBUG [57091] [] LoginForm: is exist
2021-05-11 17:09:21,462 DEBUG [57091] [] LoginForm: form value set 
2021-05-11 17:09:21,463 DEBUG [57091] [] ------------------------------/eccadmin_dev/Login/login
2021-05-11 17:09:21,463 DEBUG [57091] [] ------------------------------login_start_check
2021-05-11 17:09:21,463 DEBUG [57091] [] loginAction start
2021-05-11 17:09:21,762 DEBUG [57091] [] loginAction end
2021-05-11 17:09:21,762 DEBUG [57091] [] LoginController end
2021-05-11 17:09:21,762 DEBUG [57091] [] finally
2021-05-11 17:09:21,786 DEBUG [57091] [] Request URI : /eccadmin_dev/Menu
2021-05-11 17:09:21,786 DEBUG [57091] [] MenuController start
2021-05-11 17:09:21,786 DEBUG [57091] [] controllers/MenuController.php: is exist
2021-05-11 17:09:21,787 DEBUG [57091] [] MenuForm: is exist
2021-05-11 17:09:21,787 DEBUG [57091] [] MenuForm: form value set 
2021-05-11 17:09:21,787 DEBUG [57091] [] ------------------------------/eccadmin_dev/Menu
2021-05-11 17:09:21,787 DEBUG [57091] [] ------------------------------login_start_check
2021-05-11 17:09:21,787 DEBUG [57091] [] indexAction start
2021-05-11 17:09:21,787 DEBUG [57091] [] admin_no is 1
2021-05-11 17:09:21,811 DEBUG [57091] [] indexAction end
2021-05-11 17:09:21,811 DEBUG [57091] [] MenuController end
2021-05-11 17:09:21,811 DEBUG [57091] [] finally
2021-05-11 17:09:27,431 DEBUG [56033] [] Request URI : /eccadmin_dev/ExcelSubjectList
2021-05-11 17:09:27,432 DEBUG [56033] [] ExcelSubjectListController start
2021-05-11 17:09:27,432 DEBUG [56033] [] controllers/ExcelSubjectListController.php: is exist
2021-05-11 17:09:27,436 DEBUG [56033] [] ExcelSubjectListForm: is exist
2021-05-11 17:09:27,436 DEBUG [56033] [] ExcelSubjectListForm: form value set 
2021-05-11 17:09:27,436 DEBUG [56033] [] ------------------------------/eccadmin_dev/ExcelSubjectList
2021-05-11 17:09:27,437 DEBUG [56033] [] indexAction start
2021-05-11 17:09:27,437 DEBUG [56033] [] admin_no is 1
2021-05-11 17:09:27,513 DEBUG [56033] [] indexAction end
2021-05-11 17:09:27,513 DEBUG [56033] [] ExcelSubjectListController end
2021-05-11 17:09:27,513 DEBUG [56033] [] finally
2021-05-11 17:09:36,969 DEBUG [57278] [] Request URI : /eccadmin_dev/ExcelSubjectList/show
2021-05-11 17:09:36,970 DEBUG [57278] [] ExcelSubjectListController start
2021-05-11 17:09:36,970 DEBUG [57278] [] controllers/ExcelSubjectListController.php: is exist
2021-05-11 17:09:36,970 DEBUG [57278] [] ExcelSubjectListForm: is exist
2021-05-11 17:09:36,970 DEBUG [57278] [] ExcelSubjectListForm: form value set 
2021-05-11 17:09:36,971 DEBUG [57278] [] ------------------------------/eccadmin_dev/ExcelSubjectList/show
2021-05-11 17:09:36,971 DEBUG [57278] [] showAction start
2021-05-11 17:09:36,971 DEBUG [57278] [] admin_no is 1
2021-05-11 17:09:36,972 DEBUG [57278] [] showAction end
2021-05-11 17:09:36,972 DEBUG [57278] [] ExcelSubjectListController end
2021-05-11 17:09:36,972 DEBUG [57278] [] finally
2021-05-11 17:09:37,003 DEBUG [57278] [] Request URI : /eccadmin_dev/ExcelSubjectList/viewExcelList
2021-05-11 17:09:37,003 DEBUG [57278] [] ExcelSubjectListController start
2021-05-11 17:09:37,003 DEBUG [57278] [] controllers/ExcelSubjectListController.php: is exist
2021-05-11 17:09:37,003 DEBUG [57278] [] ExcelSubjectListForm: is exist
2021-05-11 17:09:37,003 DEBUG [57278] [] ExcelSubjectListForm: form value set 
2021-05-11 17:09:37,004 DEBUG [57278] [] ------------------------------/eccadmin_dev/ExcelSubjectList/viewExcelList
2021-05-11 17:09:37,004 DEBUG [57278] [] viewExcelListAction start
2021-05-11 17:09:37,004 DEBUG [57278] [] admin_no is 1
2021-05-11 17:09:37,109 DEBUG [57278] [] viewExcelListAction end
2021-05-11 17:09:37,109 DEBUG [57278] [] ExcelSubjectListController end
2021-05-11 17:09:37,109 DEBUG [57278] [] finally
2021-05-11 17:09:39,516 DEBUG [57278] [] Request URI : /eccadmin_dev/ExcelSubjectList/duplicateCheckWoc
2021-05-11 17:09:39,516 DEBUG [57278] [] ExcelSubjectListController start
2021-05-11 17:09:39,517 DEBUG [57278] [] controllers/ExcelSubjectListController.php: is exist
2021-05-11 17:09:39,517 DEBUG [57278] [] ExcelSubjectListForm: is exist
2021-05-11 17:09:39,517 DEBUG [57278] [] ExcelSubjectListForm: form value set 
2021-05-11 17:09:39,518 DEBUG [57278] [] ------------------------------/eccadmin_dev/ExcelSubjectList/duplicateCheckWoc
2021-05-11 17:09:39,518 DEBUG [57278] [] ------------------------------/eccadmin_dev/ExcelSubjectList/duplicateCheckWoc
2021-05-11 17:09:39,518 DEBUG [57278] [] duplicateCheckWocAction start
2021-05-11 17:09:39,518 DEBUG [57278] [] admin_no is 1
2021-05-11 17:09:39,521 DEBUG [57278] [] rollback
2021-05-11 17:09:39,521 ERROR [57278] [] 予期しない例外が発生しました。
exception 'PDOException' with message 'SQLSTATE[HY093]: Invalid parameter number' in /var/www/html/eccadmin_dev/dao/BaseDao.php:50
Stack trace:
#0 /var/www/html/eccadmin_dev/dao/BaseDao.php(50): PDOStatement->execute()
#1 /var/www/html/eccadmin_dev/dao/M_SubjectDao.php(112): BaseDao->getDataList(Object(PDOStatement), 'M_Subject_AreaD...')
#2 /var/www/html/eccadmin_dev/service/SubjectService.php(29): M_SubjectDao->getSubjectAreaListForCheck('1', 'test 1', '2021/05/14', '2100/05/10')
#3 /var/www/html/eccadmin_dev/controllers/ExcelSubjectListController.php(273): SubjectService->getSubjectAreaListForCheck('1', 'test 1', '2021/05/14', '2100/05/10')
#4 /var/www/html/eccadmin_dev/fw/Dispatcher.php(127): ExcelSubjectListController->duplicateCheckWocAction()
#5 /var/www/html/eccadmin_dev/index.php(31): Dispatcher->dispatch()
#6 {main}
2021-05-11 17:09:39,521 DEBUG [57278] [] finally
2021-05-11 17:09:39,556 DEBUG [57278] [] Request URI : /eccadmin_dev/Error/disp
2021-05-11 17:09:39,557 DEBUG [57278] [] ErrorController start
2021-05-11 17:09:39,557 DEBUG [57278] [] controllers/ErrorController.php: is exist
2021-05-11 17:09:39,557 DEBUG [57278] [] ErrorForm: is exist
2021-05-11 17:09:39,557 DEBUG [57278] [] ErrorForm: form value set 
2021-05-11 17:09:39,557 DEBUG [57278] [] ------------------------------/eccadmin_dev/Error/disp
2021-05-11 17:09:39,557 DEBUG [57278] [] ------------------------------login_start_check
2021-05-11 17:09:39,557 DEBUG [57278] [] dispAction start
2021-05-11 17:09:39,567 DEBUG [57278] [] dispAction end
2021-05-11 17:09:39,568 DEBUG [57278] [] ErrorController end
2021-05-11 17:09:39,568 DEBUG [57278] [] finally
2021-05-11 17:11:52,044 DEBUG [56033] [] Request URI : /eccadmin_dev/Login
2021-05-11 17:11:52,044 DEBUG [56033] [] LoginController start
2021-05-11 17:11:52,045 DEBUG [56033] [] controllers/LoginController.php: is exist
2021-05-11 17:11:52,045 DEBUG [56033] [] LoginForm: is exist
2021-05-11 17:11:52,045 DEBUG [56033] [] LoginForm: form value set 
2021-05-11 17:11:52,045 DEBUG [56033] [] ------------------------------/eccadmin_dev/Login
2021-05-11 17:11:52,046 DEBUG [56033] [] ------------------------------login_start_check
2021-05-11 17:11:52,046 DEBUG [56033] [] indexAction start
2021-05-11 17:11:52,061 DEBUG [56033] [] indexAction end
2021-05-11 17:11:52,061 DEBUG [56033] [] LoginController end
2021-05-11 17:11:52,061 DEBUG [56033] [] finally
2021-05-11 17:11:54,556 DEBUG [56033] [] Request URI : /eccadmin_dev/Login/login
2021-05-11 17:11:54,557 DEBUG [56033] [] LoginController start
2021-05-11 17:11:54,557 DEBUG [56033] [] controllers/LoginController.php: is exist
2021-05-11 17:11:54,557 DEBUG [56033] [] LoginForm: is exist
2021-05-11 17:11:54,557 DEBUG [56033] [] LoginForm: form value set 
2021-05-11 17:11:54,558 DEBUG [56033] [] ------------------------------/eccadmin_dev/Login/login
2021-05-11 17:11:54,558 DEBUG [56033] [] ------------------------------login_start_check
2021-05-11 17:11:54,558 DEBUG [56033] [] loginAction start
2021-05-11 17:11:54,853 DEBUG [56033] [] loginAction end
2021-05-11 17:11:54,853 DEBUG [56033] [] LoginController end
2021-05-11 17:11:54,853 DEBUG [56033] [] finally
2021-05-11 17:11:54,880 DEBUG [56033] [] Request URI : /eccadmin_dev/Menu
2021-05-11 17:11:54,880 DEBUG [56033] [] MenuController start
2021-05-11 17:11:54,880 DEBUG [56033] [] controllers/MenuController.php: is exist
2021-05-11 17:11:54,880 DEBUG [56033] [] MenuForm: is exist
2021-05-11 17:11:54,880 DEBUG [56033] [] MenuForm: form value set 
2021-05-11 17:11:54,881 DEBUG [56033] [] ------------------------------/eccadmin_dev/Menu
2021-05-11 17:11:54,881 DEBUG [56033] [] ------------------------------login_start_check
2021-05-11 17:11:54,881 DEBUG [56033] [] indexAction start
2021-05-11 17:11:54,881 DEBUG [56033] [] admin_no is 1
2021-05-11 17:11:54,906 DEBUG [56033] [] indexAction end
2021-05-11 17:11:54,906 DEBUG [56033] [] MenuController end
2021-05-11 17:11:54,906 DEBUG [56033] [] finally
2021-05-11 17:11:58,691 DEBUG [56033] [] Request URI : /eccadmin_dev/ExcelSubjectList
2021-05-11 17:11:58,692 DEBUG [56033] [] ExcelSubjectListController start
2021-05-11 17:11:58,692 DEBUG [56033] [] controllers/ExcelSubjectListController.php: is exist
2021-05-11 17:11:58,693 DEBUG [56033] [] ExcelSubjectListForm: is exist
2021-05-11 17:11:58,693 DEBUG [56033] [] ExcelSubjectListForm: form value set 
2021-05-11 17:11:58,694 DEBUG [56033] [] ------------------------------/eccadmin_dev/ExcelSubjectList
2021-05-11 17:11:58,694 DEBUG [56033] [] indexAction start
2021-05-11 17:11:58,694 DEBUG [56033] [] admin_no is 1
2021-05-11 17:11:58,774 DEBUG [56033] [] indexAction end
2021-05-11 17:11:58,774 DEBUG [56033] [] ExcelSubjectListController end
2021-05-11 17:11:58,774 DEBUG [56033] [] finally
2021-05-11 17:12:08,264 DEBUG [56364] [] Request URI : /eccadmin_dev/ExcelSubjectList/show
2021-05-11 17:12:08,264 DEBUG [56364] [] ExcelSubjectListController start
2021-05-11 17:12:08,264 DEBUG [56364] [] controllers/ExcelSubjectListController.php: is exist
2021-05-11 17:12:08,265 DEBUG [56364] [] ExcelSubjectListForm: is exist
2021-05-11 17:12:08,265 DEBUG [56364] [] ExcelSubjectListForm: form value set 
2021-05-11 17:12:08,266 DEBUG [56364] [] ------------------------------/eccadmin_dev/ExcelSubjectList/show
2021-05-11 17:12:08,266 DEBUG [56364] [] showAction start
2021-05-11 17:12:08,266 DEBUG [56364] [] admin_no is 1
2021-05-11 17:12:08,266 DEBUG [56364] [] showAction end
2021-05-11 17:12:08,267 DEBUG [56364] [] ExcelSubjectListController end
2021-05-11 17:12:08,267 DEBUG [56364] [] finally
2021-05-11 17:12:08,289 DEBUG [56364] [] Request URI : /eccadmin_dev/ExcelSubjectList/viewExcelList
2021-05-11 17:12:08,290 DEBUG [56364] [] ExcelSubjectListController start
2021-05-11 17:12:08,290 DEBUG [56364] [] controllers/ExcelSubjectListController.php: is exist
2021-05-11 17:12:08,290 DEBUG [56364] [] ExcelSubjectListForm: is exist
2021-05-11 17:12:08,290 DEBUG [56364] [] ExcelSubjectListForm: form value set 
2021-05-11 17:12:08,291 DEBUG [56364] [] ------------------------------/eccadmin_dev/ExcelSubjectList/viewExcelList
2021-05-11 17:12:08,291 DEBUG [56364] [] viewExcelListAction start
2021-05-11 17:12:08,291 DEBUG [56364] [] admin_no is 1
2021-05-11 17:12:08,416 DEBUG [56364] [] viewExcelListAction end
2021-05-11 17:12:08,416 DEBUG [56364] [] ExcelSubjectListController end
2021-05-11 17:12:08,416 DEBUG [56364] [] finally
2021-05-11 17:12:10,343 DEBUG [56364] [] Request URI : /eccadmin_dev/ExcelSubjectList/duplicateCheckWoc
2021-05-11 17:12:10,344 DEBUG [56364] [] ExcelSubjectListController start
2021-05-11 17:12:10,344 DEBUG [56364] [] controllers/ExcelSubjectListController.php: is exist
2021-05-11 17:12:10,344 DEBUG [56364] [] ExcelSubjectListForm: is exist
2021-05-11 17:12:10,344 DEBUG [56364] [] ExcelSubjectListForm: form value set 
2021-05-11 17:12:10,345 DEBUG [56364] [] ------------------------------/eccadmin_dev/ExcelSubjectList/duplicateCheckWoc
2021-05-11 17:12:10,345 DEBUG [56364] [] ------------------------------/eccadmin_dev/ExcelSubjectList/duplicateCheckWoc
2021-05-11 17:12:10,345 DEBUG [56364] [] duplicateCheckWocAction start
2021-05-11 17:12:10,345 DEBUG [56364] [] admin_no is 1
2021-05-11 17:12:10,348 DEBUG [56364] []  SELECT  subject_area_no,subject_area_name  FROM  M_SUBJECT_AREA WHERE  org_no = :org_no  AND subject_area_name = :subject_area_name  AND end_period >= :today_date AND start_period <= :start_dt  AND end_period >= :start_dt  AND start_period <= :end_dt  AND end_period >= :end_dt AND del_flg = '0'  GROUP BY  subject_area_no, subject_area_name  ORDER BY  subject_area_no ASC ,subject_area_name ASC 
2021-05-11 17:12:10,348 DEBUG [56364] [] rollback
2021-05-11 17:12:10,348 ERROR [56364] [] 予期しない例外が発生しました。
exception 'PDOException' with message 'SQLSTATE[HY093]: Invalid parameter number' in /var/www/html/eccadmin_dev/dao/BaseDao.php:50
Stack trace:
#0 /var/www/html/eccadmin_dev/dao/BaseDao.php(50): PDOStatement->execute()
#1 /var/www/html/eccadmin_dev/dao/M_SubjectDao.php(116): BaseDao->getDataList(Object(PDOStatement), 'M_Subject_AreaD...')
#2 /var/www/html/eccadmin_dev/service/SubjectService.php(29): M_SubjectDao->getSubjectAreaListForCheck('1', 'test 1', '2021/05/14', '2100/05/10')
#3 /var/www/html/eccadmin_dev/controllers/ExcelSubjectListController.php(273): SubjectService->getSubjectAreaListForCheck('1', 'test 1', '2021/05/14', '2100/05/10')
#4 /var/www/html/eccadmin_dev/fw/Dispatcher.php(127): ExcelSubjectListController->duplicateCheckWocAction()
#5 /var/www/html/eccadmin_dev/index.php(31): Dispatcher->dispatch()
#6 {main}
2021-05-11 17:12:10,348 DEBUG [56364] [] finally
2021-05-11 17:12:10,381 DEBUG [56364] [] Request URI : /eccadmin_dev/Error/disp
2021-05-11 17:12:10,382 DEBUG [56364] [] ErrorController start
2021-05-11 17:12:10,382 DEBUG [56364] [] controllers/ErrorController.php: is exist
2021-05-11 17:12:10,382 DEBUG [56364] [] ErrorForm: is exist
2021-05-11 17:12:10,382 DEBUG [56364] [] ErrorForm: form value set 
2021-05-11 17:12:10,383 DEBUG [56364] [] ------------------------------/eccadmin_dev/Error/disp
2021-05-11 17:12:10,383 DEBUG [56364] [] ------------------------------login_start_check
2021-05-11 17:12:10,383 DEBUG [56364] [] dispAction start
2021-05-11 17:12:10,394 DEBUG [56364] [] dispAction end
2021-05-11 17:12:10,394 DEBUG [56364] [] ErrorController end
2021-05-11 17:12:10,394 DEBUG [56364] [] finally
2021-05-11 17:16:55,519 DEBUG [56203] [] Request URI : /eccadmin_dev/Login
2021-05-11 17:16:55,520 DEBUG [56203] [] LoginController start
2021-05-11 17:16:55,520 DEBUG [56203] [] controllers/LoginController.php: is exist
2021-05-11 17:16:55,520 DEBUG [56203] [] LoginForm: is exist
2021-05-11 17:16:55,520 DEBUG [56203] [] LoginForm: form value set 
2021-05-11 17:16:55,521 DEBUG [56203] [] ------------------------------/eccadmin_dev/Login
2021-05-11 17:16:55,521 DEBUG [56203] [] ------------------------------login_start_check
2021-05-11 17:16:55,521 DEBUG [56203] [] indexAction start
2021-05-11 17:16:55,537 DEBUG [56203] [] indexAction end
2021-05-11 17:16:55,537 DEBUG [56203] [] LoginController end
2021-05-11 17:16:55,537 DEBUG [56203] [] finally
2021-05-11 17:16:57,928 DEBUG [56203] [] Request URI : /eccadmin_dev/Login/login
2021-05-11 17:16:57,929 DEBUG [56203] [] LoginController start
2021-05-11 17:16:57,929 DEBUG [56203] [] controllers/LoginController.php: is exist
2021-05-11 17:16:57,929 DEBUG [56203] [] LoginForm: is exist
2021-05-11 17:16:57,929 DEBUG [56203] [] LoginForm: form value set 
2021-05-11 17:16:57,929 DEBUG [56203] [] ------------------------------/eccadmin_dev/Login/login
2021-05-11 17:16:57,930 DEBUG [56203] [] ------------------------------login_start_check
2021-05-11 17:16:57,930 DEBUG [56203] [] loginAction start
2021-05-11 17:16:58,226 DEBUG [56203] [] loginAction end
2021-05-11 17:16:58,226 DEBUG [56203] [] LoginController end
2021-05-11 17:16:58,226 DEBUG [56203] [] finally
2021-05-11 17:16:58,250 DEBUG [56203] [] Request URI : /eccadmin_dev/Menu
2021-05-11 17:16:58,250 DEBUG [56203] [] MenuController start
2021-05-11 17:16:58,250 DEBUG [56203] [] controllers/MenuController.php: is exist
2021-05-11 17:16:58,250 DEBUG [56203] [] MenuForm: is exist
2021-05-11 17:16:58,250 DEBUG [56203] [] MenuForm: form value set 
2021-05-11 17:16:58,251 DEBUG [56203] [] ------------------------------/eccadmin_dev/Menu
2021-05-11 17:16:58,251 DEBUG [56203] [] ------------------------------login_start_check
2021-05-11 17:16:58,251 DEBUG [56203] [] indexAction start
2021-05-11 17:16:58,251 DEBUG [56203] [] admin_no is 1
2021-05-11 17:16:58,275 DEBUG [56203] [] indexAction end
2021-05-11 17:16:58,275 DEBUG [56203] [] MenuController end
2021-05-11 17:16:58,275 DEBUG [56203] [] finally
2021-05-11 17:17:01,195 DEBUG [56203] [] Request URI : /eccadmin_dev/ExcelSubjectList
2021-05-11 17:17:01,195 DEBUG [56203] [] ExcelSubjectListController start
2021-05-11 17:17:01,196 DEBUG [56203] [] controllers/ExcelSubjectListController.php: is exist
2021-05-11 17:17:01,197 DEBUG [56203] [] ExcelSubjectListForm: is exist
2021-05-11 17:17:01,197 DEBUG [56203] [] ExcelSubjectListForm: form value set 
2021-05-11 17:17:01,198 DEBUG [56203] [] ------------------------------/eccadmin_dev/ExcelSubjectList
2021-05-11 17:17:01,198 DEBUG [56203] [] indexAction start
2021-05-11 17:17:01,198 DEBUG [56203] [] admin_no is 1
2021-05-11 17:17:01,278 DEBUG [56203] [] indexAction end
2021-05-11 17:17:01,278 DEBUG [56203] [] ExcelSubjectListController end
2021-05-11 17:17:01,279 DEBUG [56203] [] finally
2021-05-11 17:17:09,957 DEBUG [55894] [] Request URI : /eccadmin_dev/ExcelSubjectList/show
2021-05-11 17:17:09,958 DEBUG [55894] [] ExcelSubjectListController start
2021-05-11 17:17:09,958 DEBUG [55894] [] controllers/ExcelSubjectListController.php: is exist
2021-05-11 17:17:09,958 DEBUG [55894] [] ExcelSubjectListForm: is exist
2021-05-11 17:17:09,959 DEBUG [55894] [] ExcelSubjectListForm: form value set 
2021-05-11 17:17:09,959 DEBUG [55894] [] ------------------------------/eccadmin_dev/ExcelSubjectList/show
2021-05-11 17:17:09,959 DEBUG [55894] [] showAction start
2021-05-11 17:17:09,959 DEBUG [55894] [] admin_no is 1
2021-05-11 17:17:09,960 DEBUG [55894] [] showAction end
2021-05-11 17:17:09,960 DEBUG [55894] [] ExcelSubjectListController end
2021-05-11 17:17:09,960 DEBUG [55894] [] finally
2021-05-11 17:17:09,983 DEBUG [55894] [] Request URI : /eccadmin_dev/ExcelSubjectList/viewExcelList
2021-05-11 17:17:09,984 DEBUG [55894] [] ExcelSubjectListController start
2021-05-11 17:17:09,984 DEBUG [55894] [] controllers/ExcelSubjectListController.php: is exist
2021-05-11 17:17:09,984 DEBUG [55894] [] ExcelSubjectListForm: is exist
2021-05-11 17:17:09,984 DEBUG [55894] [] ExcelSubjectListForm: form value set 
2021-05-11 17:17:09,985 DEBUG [55894] [] ------------------------------/eccadmin_dev/ExcelSubjectList/viewExcelList
2021-05-11 17:17:09,985 DEBUG [55894] [] viewExcelListAction start
2021-05-11 17:17:09,985 DEBUG [55894] [] admin_no is 1
2021-05-11 17:17:10,105 DEBUG [55894] [] viewExcelListAction end
2021-05-11 17:17:10,105 DEBUG [55894] [] ExcelSubjectListController end
2021-05-11 17:17:10,105 DEBUG [55894] [] finally
2021-05-11 17:17:12,323 DEBUG [55894] [] Request URI : /eccadmin_dev/ExcelSubjectList/duplicateCheckWoc
2021-05-11 17:17:12,323 DEBUG [55894] [] ExcelSubjectListController start
2021-05-11 17:17:12,323 DEBUG [55894] [] controllers/ExcelSubjectListController.php: is exist
2021-05-11 17:17:12,324 DEBUG [55894] [] ExcelSubjectListForm: is exist
2021-05-11 17:17:12,324 DEBUG [55894] [] ExcelSubjectListForm: form value set 
2021-05-11 17:17:12,324 DEBUG [55894] [] ------------------------------/eccadmin_dev/ExcelSubjectList/duplicateCheckWoc
2021-05-11 17:17:12,324 DEBUG [55894] [] ------------------------------/eccadmin_dev/ExcelSubjectList/duplicateCheckWoc
2021-05-11 17:17:12,325 DEBUG [55894] [] duplicateCheckWocAction start
2021-05-11 17:17:12,325 DEBUG [55894] [] admin_no is 1
2021-05-11 17:17:12,327 DEBUG [55894] []  SELECT  subject_area_no,subject_area_name  FROM  M_SUBJECT_AREA WHERE  org_no = :org_no  AND subject_area_name LIKE :subject_area_name  AND end_period >= :today_date AND start_period <= :start_dt  AND end_period >= :start_dt  AND start_period <= :end_dt  AND end_period >= :end_dt AND del_flg = '0'  GROUP BY  subject_area_no, subject_area_name  ORDER BY  subject_area_no ASC ,subject_area_name ASC 
2021-05-11 17:17:12,327 DEBUG [55894] [] rollback
2021-05-11 17:17:12,327 ERROR [55894] [] 予期しない例外が発生しました。
exception 'PDOException' with message 'SQLSTATE[HY093]: Invalid parameter number' in /var/www/html/eccadmin_dev/dao/BaseDao.php:50
Stack trace:
#0 /var/www/html/eccadmin_dev/dao/BaseDao.php(50): PDOStatement->execute()
#1 /var/www/html/eccadmin_dev/dao/M_SubjectDao.php(116): BaseDao->getDataList(Object(PDOStatement), 'M_Subject_AreaD...')
#2 /var/www/html/eccadmin_dev/service/SubjectService.php(29): M_SubjectDao->getSubjectAreaListForCheck('1', 'test 1', '2021/05/14', '2100/05/10')
#3 /var/www/html/eccadmin_dev/controllers/ExcelSubjectListController.php(273): SubjectService->getSubjectAreaListForCheck('1', 'test 1', '2021/05/14', '2100/05/10')
#4 /var/www/html/eccadmin_dev/fw/Dispatcher.php(127): ExcelSubjectListController->duplicateCheckWocAction()
#5 /var/www/html/eccadmin_dev/index.php(31): Dispatcher->dispatch()
#6 {main}
2021-05-11 17:17:12,328 DEBUG [55894] [] finally
2021-05-11 17:17:12,354 DEBUG [55894] [] Request URI : /eccadmin_dev/Error/disp
2021-05-11 17:17:12,355 DEBUG [55894] [] ErrorController start
2021-05-11 17:17:12,355 DEBUG [55894] [] controllers/ErrorController.php: is exist
2021-05-11 17:17:12,355 DEBUG [55894] [] ErrorForm: is exist
2021-05-11 17:17:12,355 DEBUG [55894] [] ErrorForm: form value set 
2021-05-11 17:17:12,356 DEBUG [55894] [] ------------------------------/eccadmin_dev/Error/disp
2021-05-11 17:17:12,356 DEBUG [55894] [] ------------------------------login_start_check
2021-05-11 17:17:12,356 DEBUG [55894] [] dispAction start
2021-05-11 17:17:12,367 DEBUG [55894] [] dispAction end
2021-05-11 17:17:12,367 DEBUG [55894] [] ErrorController end
2021-05-11 17:17:12,367 DEBUG [55894] [] finally
2021-05-11 17:22:45,793 DEBUG [57091] [] Request URI : /eccadmin_dev/Login
2021-05-11 17:22:45,794 DEBUG [57091] [] LoginController start
2021-05-11 17:22:45,794 DEBUG [57091] [] controllers/LoginController.php: is exist
2021-05-11 17:22:45,794 DEBUG [57091] [] LoginForm: is exist
2021-05-11 17:22:45,794 DEBUG [57091] [] LoginForm: form value set 
2021-05-11 17:22:45,794 DEBUG [57091] [] ------------------------------/eccadmin_dev/Login
2021-05-11 17:22:45,795 DEBUG [57091] [] ------------------------------login_start_check
2021-05-11 17:22:45,795 DEBUG [57091] [] indexAction start
2021-05-11 17:22:45,810 DEBUG [57091] [] indexAction end
2021-05-11 17:22:45,810 DEBUG [57091] [] LoginController end
2021-05-11 17:22:45,810 DEBUG [57091] [] finally
2021-05-11 17:22:48,650 DEBUG [57091] [] Request URI : /eccadmin_dev/Login/login
2021-05-11 17:22:48,650 DEBUG [57091] [] LoginController start
2021-05-11 17:22:48,650 DEBUG [57091] [] controllers/LoginController.php: is exist
2021-05-11 17:22:48,651 DEBUG [57091] [] LoginForm: is exist
2021-05-11 17:22:48,651 DEBUG [57091] [] LoginForm: form value set 
2021-05-11 17:22:48,651 DEBUG [57091] [] ------------------------------/eccadmin_dev/Login/login
2021-05-11 17:22:48,651 DEBUG [57091] [] ------------------------------login_start_check
2021-05-11 17:22:48,651 DEBUG [57091] [] loginAction start
2021-05-11 17:22:48,950 DEBUG [57091] [] loginAction end
2021-05-11 17:22:48,950 DEBUG [57091] [] LoginController end
2021-05-11 17:22:48,950 DEBUG [57091] [] finally
2021-05-11 17:22:48,974 DEBUG [57091] [] Request URI : /eccadmin_dev/Menu
2021-05-11 17:22:48,974 DEBUG [57091] [] MenuController start
2021-05-11 17:22:48,974 DEBUG [57091] [] controllers/MenuController.php: is exist
2021-05-11 17:22:48,974 DEBUG [57091] [] MenuForm: is exist
2021-05-11 17:22:48,974 DEBUG [57091] [] MenuForm: form value set 
2021-05-11 17:22:48,975 DEBUG [57091] [] ------------------------------/eccadmin_dev/Menu
2021-05-11 17:22:48,975 DEBUG [57091] [] ------------------------------login_start_check
2021-05-11 17:22:48,975 DEBUG [57091] [] indexAction start
2021-05-11 17:22:48,975 DEBUG [57091] [] admin_no is 1
2021-05-11 17:22:49,008 DEBUG [57091] [] indexAction end
2021-05-11 17:22:49,008 DEBUG [57091] [] MenuController end
2021-05-11 17:22:49,008 DEBUG [57091] [] finally
2021-05-11 17:22:53,584 DEBUG [57091] [] Request URI : /eccadmin_dev/ExcelSubjectList
2021-05-11 17:22:53,585 DEBUG [57091] [] ExcelSubjectListController start
2021-05-11 17:22:53,585 DEBUG [57091] [] controllers/ExcelSubjectListController.php: is exist
2021-05-11 17:22:53,589 DEBUG [57091] [] ExcelSubjectListForm: is exist
2021-05-11 17:22:53,589 DEBUG [57091] [] ExcelSubjectListForm: form value set 
2021-05-11 17:22:53,590 DEBUG [57091] [] ------------------------------/eccadmin_dev/ExcelSubjectList
2021-05-11 17:22:53,590 DEBUG [57091] [] indexAction start
2021-05-11 17:22:53,590 DEBUG [57091] [] admin_no is 1
2021-05-11 17:22:53,669 DEBUG [57091] [] indexAction end
2021-05-11 17:22:53,670 DEBUG [57091] [] ExcelSubjectListController end
2021-05-11 17:22:53,670 DEBUG [57091] [] finally
2021-05-11 17:23:03,269 DEBUG [58592] [] Request URI : /eccadmin_dev/ExcelSubjectList/show
2021-05-11 17:23:03,269 DEBUG [58592] [] ExcelSubjectListController start
2021-05-11 17:23:03,270 DEBUG [58592] [] controllers/ExcelSubjectListController.php: is exist
2021-05-11 17:23:03,270 DEBUG [58592] [] ExcelSubjectListForm: is exist
2021-05-11 17:23:03,270 DEBUG [58592] [] ExcelSubjectListForm: form value set 
2021-05-11 17:23:03,271 DEBUG [58592] [] ------------------------------/eccadmin_dev/ExcelSubjectList/show
2021-05-11 17:23:03,271 DEBUG [58592] [] showAction start
2021-05-11 17:23:03,271 DEBUG [58592] [] admin_no is 1
2021-05-11 17:23:03,272 DEBUG [58592] [] showAction end
2021-05-11 17:23:03,272 DEBUG [58592] [] ExcelSubjectListController end
2021-05-11 17:23:03,272 DEBUG [58592] [] finally
2021-05-11 17:23:03,299 DEBUG [58592] [] Request URI : /eccadmin_dev/ExcelSubjectList/viewExcelList
2021-05-11 17:23:03,300 DEBUG [58592] [] ExcelSubjectListController start
2021-05-11 17:23:03,300 DEBUG [58592] [] controllers/ExcelSubjectListController.php: is exist
2021-05-11 17:23:03,300 DEBUG [58592] [] ExcelSubjectListForm: is exist
2021-05-11 17:23:03,300 DEBUG [58592] [] ExcelSubjectListForm: form value set 
2021-05-11 17:23:03,301 DEBUG [58592] [] ------------------------------/eccadmin_dev/ExcelSubjectList/viewExcelList
2021-05-11 17:23:03,301 DEBUG [58592] [] viewExcelListAction start
2021-05-11 17:23:03,301 DEBUG [58592] [] admin_no is 1
2021-05-11 17:23:03,419 DEBUG [58592] [] viewExcelListAction end
2021-05-11 17:23:03,419 DEBUG [58592] [] ExcelSubjectListController end
2021-05-11 17:23:03,419 DEBUG [58592] [] finally
2021-05-11 17:23:05,544 DEBUG [58592] [] Request URI : /eccadmin_dev/ExcelSubjectList/duplicateCheckWoc
2021-05-11 17:23:05,544 DEBUG [58592] [] ExcelSubjectListController start
2021-05-11 17:23:05,544 DEBUG [58592] [] controllers/ExcelSubjectListController.php: is exist
2021-05-11 17:23:05,545 DEBUG [58592] [] ExcelSubjectListForm: is exist
2021-05-11 17:23:05,545 DEBUG [58592] [] ExcelSubjectListForm: form value set 
2021-05-11 17:23:05,545 DEBUG [58592] [] ------------------------------/eccadmin_dev/ExcelSubjectList/duplicateCheckWoc
2021-05-11 17:23:05,545 DEBUG [58592] [] ------------------------------/eccadmin_dev/ExcelSubjectList/duplicateCheckWoc
2021-05-11 17:23:05,545 DEBUG [58592] [] duplicateCheckWocAction start
2021-05-11 17:23:05,546 DEBUG [58592] [] admin_no is 1
2021-05-11 17:23:05,548 DEBUG [58592] []  SELECT  subject_area_no,subject_area_name  FROM  M_SUBJECT_AREA WHERE  org_no = :org_no  AND subject_area_name LIKE :subject_area_name  AND start_period <= :start_dt  AND end_period >= :start_dt  AND start_period <= :end_dt  AND end_period >= :end_dt AND del_flg = '0'  GROUP BY  subject_area_no, subject_area_name  ORDER BY  subject_area_no ASC ,subject_area_name ASC 
2021-05-11 17:23:05,548 DEBUG [58592] [] rollback
2021-05-11 17:23:05,548 ERROR [58592] [] 予期しない例外が発生しました。
exception 'PDOException' with message 'SQLSTATE[HY093]: Invalid parameter number' in /var/www/html/eccadmin_dev/dao/BaseDao.php:50
Stack trace:
#0 /var/www/html/eccadmin_dev/dao/BaseDao.php(50): PDOStatement->execute()
#1 /var/www/html/eccadmin_dev/dao/M_SubjectDao.php(119): BaseDao->getDataList(Object(PDOStatement), 'M_Subject_AreaD...')
#2 /var/www/html/eccadmin_dev/service/SubjectService.php(29): M_SubjectDao->getSubjectAreaListForCheck('1', 'test 1', '2021-05-14', '2100-05-10')
#3 /var/www/html/eccadmin_dev/controllers/ExcelSubjectListController.php(273): SubjectService->getSubjectAreaListForCheck('1', 'test 1', '2021-05-14', '2100-05-10')
#4 /var/www/html/eccadmin_dev/fw/Dispatcher.php(127): ExcelSubjectListController->duplicateCheckWocAction()
#5 /var/www/html/eccadmin_dev/index.php(31): Dispatcher->dispatch()
#6 {main}
2021-05-11 17:23:05,549 DEBUG [58592] [] finally
2021-05-11 17:23:05,575 DEBUG [58592] [] Request URI : /eccadmin_dev/Error/disp
2021-05-11 17:23:05,575 DEBUG [58592] [] ErrorController start
2021-05-11 17:23:05,575 DEBUG [58592] [] controllers/ErrorController.php: is exist
2021-05-11 17:23:05,575 DEBUG [58592] [] ErrorForm: is exist
2021-05-11 17:23:05,576 DEBUG [58592] [] ErrorForm: form value set 
2021-05-11 17:23:05,576 DEBUG [58592] [] ------------------------------/eccadmin_dev/Error/disp
2021-05-11 17:23:05,576 DEBUG [58592] [] ------------------------------login_start_check
2021-05-11 17:23:05,576 DEBUG [58592] [] dispAction start
2021-05-11 17:23:05,587 DEBUG [58592] [] dispAction end
2021-05-11 17:23:05,587 DEBUG [58592] [] ErrorController end
2021-05-11 17:23:05,587 DEBUG [58592] [] finally
2021-05-11 17:24:32,391 DEBUG [58605] [] Request URI : /eccadmin_dev/Login
2021-05-11 17:24:32,392 DEBUG [58605] [] LoginController start
2021-05-11 17:24:32,392 DEBUG [58605] [] controllers/LoginController.php: is exist
2021-05-11 17:24:32,392 DEBUG [58605] [] LoginForm: is exist
2021-05-11 17:24:32,392 DEBUG [58605] [] LoginForm: form value set 
2021-05-11 17:24:32,393 DEBUG [58605] [] ------------------------------/eccadmin_dev/Login
2021-05-11 17:24:32,393 DEBUG [58605] [] ------------------------------login_start_check
2021-05-11 17:24:32,393 DEBUG [58605] [] indexAction start
2021-05-11 17:24:32,408 DEBUG [58605] [] indexAction end
2021-05-11 17:24:32,408 DEBUG [58605] [] LoginController end
2021-05-11 17:24:32,409 DEBUG [58605] [] finally
2021-05-11 17:24:35,194 DEBUG [58605] [] Request URI : /eccadmin_dev/Login/login
2021-05-11 17:24:35,195 DEBUG [58605] [] LoginController start
2021-05-11 17:24:35,195 DEBUG [58605] [] controllers/LoginController.php: is exist
2021-05-11 17:24:35,195 DEBUG [58605] [] LoginForm: is exist
2021-05-11 17:24:35,195 DEBUG [58605] [] LoginForm: form value set 
2021-05-11 17:24:35,196 DEBUG [58605] [] ------------------------------/eccadmin_dev/Login/login
2021-05-11 17:24:35,196 DEBUG [58605] [] ------------------------------login_start_check
2021-05-11 17:24:35,196 DEBUG [58605] [] loginAction start
2021-05-11 17:24:35,497 DEBUG [58605] [] loginAction end
2021-05-11 17:24:35,497 DEBUG [58605] [] LoginController end
2021-05-11 17:24:35,497 DEBUG [58605] [] finally
2021-05-11 17:24:35,543 DEBUG [58605] [] Request URI : /eccadmin_dev/Menu
2021-05-11 17:24:35,543 DEBUG [58605] [] MenuController start
2021-05-11 17:24:35,543 DEBUG [58605] [] controllers/MenuController.php: is exist
2021-05-11 17:24:35,544 DEBUG [58605] [] MenuForm: is exist
2021-05-11 17:24:35,544 DEBUG [58605] [] MenuForm: form value set 
2021-05-11 17:24:35,544 DEBUG [58605] [] ------------------------------/eccadmin_dev/Menu
2021-05-11 17:24:35,544 DEBUG [58605] [] ------------------------------login_start_check
2021-05-11 17:24:35,544 DEBUG [58605] [] indexAction start
2021-05-11 17:24:35,544 DEBUG [58605] [] admin_no is 1
2021-05-11 17:24:35,587 DEBUG [58605] [] indexAction end
2021-05-11 17:24:35,587 DEBUG [58605] [] MenuController end
2021-05-11 17:24:35,587 DEBUG [58605] [] finally
2021-05-11 17:24:38,711 DEBUG [58605] [] Request URI : /eccadmin_dev/ExcelSubjectList
2021-05-11 17:24:38,712 DEBUG [58605] [] ExcelSubjectListController start
2021-05-11 17:24:38,712 DEBUG [58605] [] controllers/ExcelSubjectListController.php: is exist
2021-05-11 17:24:38,713 DEBUG [58605] [] ExcelSubjectListForm: is exist
2021-05-11 17:24:38,714 DEBUG [58605] [] ExcelSubjectListForm: form value set 
2021-05-11 17:24:38,714 DEBUG [58605] [] ------------------------------/eccadmin_dev/ExcelSubjectList
2021-05-11 17:24:38,714 DEBUG [58605] [] indexAction start
2021-05-11 17:24:38,714 DEBUG [58605] [] admin_no is 1
2021-05-11 17:24:38,793 DEBUG [58605] [] indexAction end
2021-05-11 17:24:38,793 DEBUG [58605] [] ExcelSubjectListController end
2021-05-11 17:24:38,793 DEBUG [58605] [] finally
2021-05-11 17:24:50,917 DEBUG [52822] [] Request URI : /eccadmin_dev/ExcelSubjectList/show
2021-05-11 17:24:50,918 DEBUG [52822] [] ExcelSubjectListController start
2021-05-11 17:24:50,918 DEBUG [52822] [] controllers/ExcelSubjectListController.php: is exist
2021-05-11 17:24:50,918 DEBUG [52822] [] ExcelSubjectListForm: is exist
2021-05-11 17:24:50,918 DEBUG [52822] [] ExcelSubjectListForm: form value set 
2021-05-11 17:24:50,919 DEBUG [52822] [] ------------------------------/eccadmin_dev/ExcelSubjectList/show
2021-05-11 17:24:50,919 DEBUG [52822] [] showAction start
2021-05-11 17:24:50,919 DEBUG [52822] [] admin_no is 1
2021-05-11 17:24:50,920 DEBUG [52822] [] showAction end
2021-05-11 17:24:50,920 DEBUG [52822] [] ExcelSubjectListController end
2021-05-11 17:24:50,920 DEBUG [52822] [] finally
2021-05-11 17:24:50,955 DEBUG [52822] [] Request URI : /eccadmin_dev/ExcelSubjectList/viewExcelList
2021-05-11 17:24:50,955 DEBUG [52822] [] ExcelSubjectListController start
2021-05-11 17:24:50,955 DEBUG [52822] [] controllers/ExcelSubjectListController.php: is exist
2021-05-11 17:24:50,956 DEBUG [52822] [] ExcelSubjectListForm: is exist
2021-05-11 17:24:50,956 DEBUG [52822] [] ExcelSubjectListForm: form value set 
2021-05-11 17:24:50,956 DEBUG [52822] [] ------------------------------/eccadmin_dev/ExcelSubjectList/viewExcelList
2021-05-11 17:24:50,956 DEBUG [52822] [] viewExcelListAction start
2021-05-11 17:24:50,957 DEBUG [52822] [] admin_no is 1
2021-05-11 17:24:51,084 DEBUG [52822] [] viewExcelListAction end
2021-05-11 17:24:51,084 DEBUG [52822] [] ExcelSubjectListController end
2021-05-11 17:24:51,084 DEBUG [52822] [] finally
2021-05-11 17:24:53,535 DEBUG [52822] [] Request URI : /eccadmin_dev/ExcelSubjectList/duplicateCheckWoc
2021-05-11 17:24:53,536 DEBUG [52822] [] ExcelSubjectListController start
2021-05-11 17:24:53,536 DEBUG [52822] [] controllers/ExcelSubjectListController.php: is exist
2021-05-11 17:24:53,536 DEBUG [52822] [] ExcelSubjectListForm: is exist
2021-05-11 17:24:53,536 DEBUG [52822] [] ExcelSubjectListForm: form value set 
2021-05-11 17:24:53,537 DEBUG [52822] [] ------------------------------/eccadmin_dev/ExcelSubjectList/duplicateCheckWoc
2021-05-11 17:24:53,537 DEBUG [52822] [] ------------------------------/eccadmin_dev/ExcelSubjectList/duplicateCheckWoc
2021-05-11 17:24:53,537 DEBUG [52822] [] duplicateCheckWocAction start
2021-05-11 17:24:53,537 DEBUG [52822] [] admin_no is 1
2021-05-11 17:24:53,540 DEBUG [52822] []  SELECT  subject_area_no,subject_area_name  FROM  M_SUBJECT_AREA WHERE  org_no = :org_no  AND subject_area_name LIKE :subject_area_name  AND del_flg = '0'  GROUP BY  subject_area_no, subject_area_name  ORDER BY  subject_area_no ASC ,subject_area_name ASC 
2021-05-11 17:24:53,541 DEBUG [52822] []  SELECT  subject_area_no,subject_area_name  FROM  M_SUBJECT_AREA WHERE  org_no = :org_no  AND subject_area_name LIKE :subject_area_name  AND del_flg = '0'  GROUP BY  subject_area_no, subject_area_name  ORDER BY  subject_area_no ASC ,subject_area_name ASC 
2021-05-11 17:24:53,542 DEBUG [52822] [] admin_no is 1
2021-05-11 17:24:53,542 DEBUG [52822] [] subject_no
2021-05-11 17:24:53,546 DEBUG [52822] [] subject_no
2021-05-11 17:24:53,548 DEBUG [52822] [] duplicateCheckWocAction end
2021-05-11 17:24:53,548 DEBUG [52822] [] ExcelSubjectListController end
2021-05-11 17:24:53,549 DEBUG [52822] [] finally
2021-05-11 17:24:53,571 DEBUG [52822] [] Request URI : /eccadmin_dev/ExcelSubjectList
2021-05-11 17:24:53,571 DEBUG [52822] [] ExcelSubjectListController start
2021-05-11 17:24:53,571 DEBUG [52822] [] controllers/ExcelSubjectListController.php: is exist
2021-05-11 17:24:53,572 DEBUG [52822] [] ExcelSubjectListForm: is exist
2021-05-11 17:24:53,572 DEBUG [52822] [] ExcelSubjectListForm: form value set 
2021-05-11 17:24:53,572 DEBUG [52822] [] ------------------------------/eccadmin_dev/ExcelSubjectList
2021-05-11 17:24:53,572 DEBUG [52822] [] indexAction start
2021-05-11 17:24:53,573 DEBUG [52822] [] admin_no is 1
2021-05-11 17:24:53,654 DEBUG [52822] [] indexAction end
2021-05-11 17:24:53,654 DEBUG [52822] [] ExcelSubjectListController end
2021-05-11 17:24:53,654 DEBUG [52822] [] finally
2021-05-11 17:31:46,036 DEBUG [59403] [] Request URI : /eccadmin_dev/ExcelSubjectList
2021-05-11 17:31:46,037 DEBUG [59403] [] ExcelSubjectListController start
2021-05-11 17:31:46,037 DEBUG [59403] [] controllers/ExcelSubjectListController.php: is exist
2021-05-11 17:31:46,038 DEBUG [59403] [] ExcelSubjectListForm: is exist
2021-05-11 17:31:46,039 DEBUG [59403] [] ExcelSubjectListForm: form value set 
2021-05-11 17:31:46,039 DEBUG [59403] [] ------------------------------/eccadmin_dev/ExcelSubjectList
2021-05-11 17:31:46,039 DEBUG [59403] [] indexAction start
2021-05-11 17:31:46,040 DEBUG [59403] [] admin_no is 1
2021-05-11 17:31:46,121 DEBUG [59403] [] indexAction end
2021-05-11 17:31:46,121 DEBUG [59403] [] ExcelSubjectListController end
2021-05-11 17:31:46,121 DEBUG [59403] [] finally
2021-05-11 17:32:05,739 DEBUG [59271] [] Request URI : /eccadmin_dev/ExcelSubjectList/show
2021-05-11 17:32:05,740 DEBUG [59271] [] ExcelSubjectListController start
2021-05-11 17:32:05,740 DEBUG [59271] [] controllers/ExcelSubjectListController.php: is exist
2021-05-11 17:32:05,740 DEBUG [59271] [] ExcelSubjectListForm: is exist
2021-05-11 17:32:05,740 DEBUG [59271] [] ExcelSubjectListForm: form value set 
2021-05-11 17:32:05,741 DEBUG [59271] [] ------------------------------/eccadmin_dev/ExcelSubjectList/show
2021-05-11 17:32:05,741 DEBUG [59271] [] showAction start
2021-05-11 17:32:05,741 DEBUG [59271] [] admin_no is 1
2021-05-11 17:32:05,742 DEBUG [59271] [] showAction end
2021-05-11 17:32:05,742 DEBUG [59271] [] ExcelSubjectListController end
2021-05-11 17:32:05,742 DEBUG [59271] [] finally
2021-05-11 17:32:05,770 DEBUG [59271] [] Request URI : /eccadmin_dev/ExcelSubjectList/viewExcelList
2021-05-11 17:32:05,770 DEBUG [59271] [] ExcelSubjectListController start
2021-05-11 17:32:05,770 DEBUG [59271] [] controllers/ExcelSubjectListController.php: is exist
2021-05-11 17:32:05,771 DEBUG [59271] [] ExcelSubjectListForm: is exist
2021-05-11 17:32:05,771 DEBUG [59271] [] ExcelSubjectListForm: form value set 
2021-05-11 17:32:05,771 DEBUG [59271] [] ------------------------------/eccadmin_dev/ExcelSubjectList/viewExcelList
2021-05-11 17:32:05,771 DEBUG [59271] [] viewExcelListAction start
2021-05-11 17:32:05,771 DEBUG [59271] [] admin_no is 1
2021-05-11 17:32:05,924 DEBUG [59271] [] viewExcelListAction end
2021-05-11 17:32:05,924 DEBUG [59271] [] ExcelSubjectListController end
2021-05-11 17:32:05,924 DEBUG [59271] [] finally
2021-05-11 17:32:07,994 DEBUG [59271] [] Request URI : /eccadmin_dev/ExcelSubjectList/duplicateCheckWoc
2021-05-11 17:32:07,994 DEBUG [59271] [] ExcelSubjectListController start
2021-05-11 17:32:07,994 DEBUG [59271] [] controllers/ExcelSubjectListController.php: is exist
2021-05-11 17:32:07,995 DEBUG [59271] [] ExcelSubjectListForm: is exist
2021-05-11 17:32:07,995 DEBUG [59271] [] ExcelSubjectListForm: form value set 
2021-05-11 17:32:07,995 DEBUG [59271] [] ------------------------------/eccadmin_dev/ExcelSubjectList/duplicateCheckWoc
2021-05-11 17:32:07,995 DEBUG [59271] [] ------------------------------/eccadmin_dev/ExcelSubjectList/duplicateCheckWoc
2021-05-11 17:32:07,995 DEBUG [59271] [] duplicateCheckWocAction start
2021-05-11 17:32:07,996 DEBUG [59271] [] admin_no is 1
2021-05-11 17:32:07,999 DEBUG [59271] []  SELECT  subject_area_no,subject_area_name  FROM  M_SUBJECT_AREA WHERE  org_no = :org_no  AND subject_area_name LIKE :subject_area_name  AND end_period >= :today_date AND start_period <= :start_dt1  AND end_period >= :start_dt2  AND start_period <= :end_dt1  AND end_period >= :end_dt2 AND del_flg = '0'  GROUP BY  subject_area_no, subject_area_name  ORDER BY  subject_area_no ASC ,subject_area_name ASC 
2021-05-11 17:32:08,000 DEBUG [59271] []  SELECT  subject_area_no,subject_area_name  FROM  M_SUBJECT_AREA WHERE  org_no = :org_no  AND subject_area_name LIKE :subject_area_name  AND end_period >= :today_date AND start_period <= :start_dt1  AND end_period >= :start_dt2  AND start_period <= :end_dt1  AND end_period >= :end_dt2 AND del_flg = '0'  GROUP BY  subject_area_no, subject_area_name  ORDER BY  subject_area_no ASC ,subject_area_name ASC 
2021-05-11 17:32:08,120 DEBUG [59271] [] duplicateCheckWocAction end
2021-05-11 17:32:08,120 DEBUG [59271] [] ExcelSubjectListController end
2021-05-11 17:32:08,120 DEBUG [59271] [] finally
2021-05-11 17:32:50,013 DEBUG [59353] [] Request URI : /eccadmin_dev/ExcelSubjectList/show
2021-05-11 17:32:50,013 DEBUG [59353] [] ExcelSubjectListController start
2021-05-11 17:32:50,013 DEBUG [59353] [] controllers/ExcelSubjectListController.php: is exist
2021-05-11 17:32:50,014 DEBUG [59353] [] ExcelSubjectListForm: is exist
2021-05-11 17:32:50,014 DEBUG [59353] [] ExcelSubjectListForm: form value set 
2021-05-11 17:32:50,015 DEBUG [59353] [] ------------------------------/eccadmin_dev/ExcelSubjectList/show
2021-05-11 17:32:50,015 DEBUG [59353] [] showAction start
2021-05-11 17:32:50,015 DEBUG [59353] [] admin_no is 1
2021-05-11 17:32:50,016 DEBUG [59353] [] showAction end
2021-05-11 17:32:50,016 DEBUG [59353] [] ExcelSubjectListController end
2021-05-11 17:32:50,016 DEBUG [59353] [] finally
2021-05-11 17:32:50,041 DEBUG [59353] [] Request URI : /eccadmin_dev/ExcelSubjectList/viewExcelList
2021-05-11 17:32:50,042 DEBUG [59353] [] ExcelSubjectListController start
2021-05-11 17:32:50,042 DEBUG [59353] [] controllers/ExcelSubjectListController.php: is exist
2021-05-11 17:32:50,042 DEBUG [59353] [] ExcelSubjectListForm: is exist
2021-05-11 17:32:50,042 DEBUG [59353] [] ExcelSubjectListForm: form value set 
2021-05-11 17:32:50,043 DEBUG [59353] [] ------------------------------/eccadmin_dev/ExcelSubjectList/viewExcelList
2021-05-11 17:32:50,043 DEBUG [59353] [] viewExcelListAction start
2021-05-11 17:32:50,043 DEBUG [59353] [] admin_no is 1
2021-05-11 17:32:50,176 DEBUG [59353] [] viewExcelListAction end
2021-05-11 17:32:50,176 DEBUG [59353] [] ExcelSubjectListController end
2021-05-11 17:32:50,176 DEBUG [59353] [] finally
2021-05-11 17:32:51,990 DEBUG [59353] [] Request URI : /eccadmin_dev/ExcelSubjectList/duplicateCheckWoc
2021-05-11 17:32:51,990 DEBUG [59353] [] ExcelSubjectListController start
2021-05-11 17:32:51,990 DEBUG [59353] [] controllers/ExcelSubjectListController.php: is exist
2021-05-11 17:32:51,991 DEBUG [59353] [] ExcelSubjectListForm: is exist
2021-05-11 17:32:51,991 DEBUG [59353] [] ExcelSubjectListForm: form value set 
2021-05-11 17:32:51,991 DEBUG [59353] [] ------------------------------/eccadmin_dev/ExcelSubjectList/duplicateCheckWoc
2021-05-11 17:32:51,991 DEBUG [59353] [] ------------------------------/eccadmin_dev/ExcelSubjectList/duplicateCheckWoc
2021-05-11 17:32:51,992 DEBUG [59353] [] duplicateCheckWocAction start
2021-05-11 17:32:51,992 DEBUG [59353] [] admin_no is 1
2021-05-11 17:32:51,994 DEBUG [59353] []  SELECT  subject_area_no,subject_area_name  FROM  M_SUBJECT_AREA WHERE  org_no = :org_no  AND subject_area_name LIKE :subject_area_name  AND end_period >= :today_date AND start_period <= :start_dt1  AND end_period >= :start_dt2  AND start_period <= :end_dt1  AND end_period >= :end_dt2 AND del_flg = '0'  GROUP BY  subject_area_no, subject_area_name  ORDER BY  subject_area_no ASC ,subject_area_name ASC 
2021-05-11 17:32:51,996 DEBUG [59353] []  SELECT  subject_area_no,subject_area_name  FROM  M_SUBJECT_AREA WHERE  org_no = :org_no  AND subject_area_name LIKE :subject_area_name  AND end_period >= :today_date AND start_period <= :start_dt1  AND end_period >= :start_dt2  AND start_period <= :end_dt1  AND end_period >= :end_dt2 AND del_flg = '0'  GROUP BY  subject_area_no, subject_area_name  ORDER BY  subject_area_no ASC ,subject_area_name ASC 
2021-05-11 17:32:52,129 DEBUG [59353] [] duplicateCheckWocAction end
2021-05-11 17:32:52,129 DEBUG [59353] [] ExcelSubjectListController end
2021-05-11 17:32:52,129 DEBUG [59353] [] finally
2021-05-11 17:33:16,927 DEBUG [58545] [] Request URI : /eccadmin_dev/ExcelSubjectList/show
2021-05-11 17:33:16,927 DEBUG [58545] [] ExcelSubjectListController start
2021-05-11 17:33:16,928 DEBUG [58545] [] controllers/ExcelSubjectListController.php: is exist
2021-05-11 17:33:16,928 DEBUG [58545] [] ExcelSubjectListForm: is exist
2021-05-11 17:33:16,928 DEBUG [58545] [] ExcelSubjectListForm: form value set 
2021-05-11 17:33:16,929 DEBUG [58545] [] ------------------------------/eccadmin_dev/ExcelSubjectList/show
2021-05-11 17:33:16,929 DEBUG [58545] [] showAction start
2021-05-11 17:33:16,929 DEBUG [58545] [] admin_no is 1
2021-05-11 17:33:16,930 DEBUG [58545] [] showAction end
2021-05-11 17:33:16,930 DEBUG [58545] [] ExcelSubjectListController end
2021-05-11 17:33:16,930 DEBUG [58545] [] finally
2021-05-11 17:33:16,973 DEBUG [58545] [] Request URI : /eccadmin_dev/ExcelSubjectList/viewExcelList
2021-05-11 17:33:16,973 DEBUG [58545] [] ExcelSubjectListController start
2021-05-11 17:33:16,973 DEBUG [58545] [] controllers/ExcelSubjectListController.php: is exist
2021-05-11 17:33:16,974 DEBUG [58545] [] ExcelSubjectListForm: is exist
2021-05-11 17:33:16,974 DEBUG [58545] [] ExcelSubjectListForm: form value set 
2021-05-11 17:33:16,974 DEBUG [58545] [] ------------------------------/eccadmin_dev/ExcelSubjectList/viewExcelList
2021-05-11 17:33:16,974 DEBUG [58545] [] viewExcelListAction start
2021-05-11 17:33:16,974 DEBUG [58545] [] admin_no is 1
2021-05-11 17:33:17,095 DEBUG [58545] [] viewExcelListAction end
2021-05-11 17:33:17,095 DEBUG [58545] [] ExcelSubjectListController end
2021-05-11 17:33:17,095 DEBUG [58545] [] finally
2021-05-11 17:33:18,769 DEBUG [58545] [] Request URI : /eccadmin_dev/ExcelSubjectList/duplicateCheckWoc
2021-05-11 17:33:18,770 DEBUG [58545] [] ExcelSubjectListController start
2021-05-11 17:33:18,770 DEBUG [58545] [] controllers/ExcelSubjectListController.php: is exist
2021-05-11 17:33:18,770 DEBUG [58545] [] ExcelSubjectListForm: is exist
2021-05-11 17:33:18,770 DEBUG [58545] [] ExcelSubjectListForm: form value set 
2021-05-11 17:33:18,771 DEBUG [58545] [] ------------------------------/eccadmin_dev/ExcelSubjectList/duplicateCheckWoc
2021-05-11 17:33:18,771 DEBUG [58545] [] ------------------------------/eccadmin_dev/ExcelSubjectList/duplicateCheckWoc
2021-05-11 17:33:18,771 DEBUG [58545] [] duplicateCheckWocAction start
2021-05-11 17:33:18,771 DEBUG [58545] [] admin_no is 1
2021-05-11 17:33:18,774 DEBUG [58545] []  SELECT  subject_area_no,subject_area_name  FROM  M_SUBJECT_AREA WHERE  org_no = :org_no  AND subject_area_name LIKE :subject_area_name  AND end_period >= :today_date AND start_period <= :start_dt1  AND end_period >= :start_dt2  AND start_period <= :end_dt1  AND end_period >= :end_dt2 AND del_flg = '0'  GROUP BY  subject_area_no, subject_area_name  ORDER BY  subject_area_no ASC ,subject_area_name ASC 
2021-05-11 17:33:18,775 DEBUG [58545] []  SELECT  subject_area_no,subject_area_name  FROM  M_SUBJECT_AREA WHERE  org_no = :org_no  AND subject_area_name LIKE :subject_area_name  AND end_period >= :today_date AND start_period <= :start_dt1  AND end_period >= :start_dt2  AND start_period <= :end_dt1  AND end_period >= :end_dt2 AND del_flg = '0'  GROUP BY  subject_area_no, subject_area_name  ORDER BY  subject_area_no ASC ,subject_area_name ASC 
2021-05-11 17:33:18,775 DEBUG [58545] [] admin_no is 1
2021-05-11 17:33:18,776 DEBUG [58545] [] subject_no
2021-05-11 17:33:18,778 DEBUG [58545] [] subject_no
2021-05-11 17:33:18,780 DEBUG [58545] [] duplicateCheckWocAction end
2021-05-11 17:33:18,780 DEBUG [58545] [] ExcelSubjectListController end
2021-05-11 17:33:18,781 DEBUG [58545] [] finally
2021-05-11 17:33:18,817 DEBUG [58545] [] Request URI : /eccadmin_dev/ExcelSubjectList
2021-05-11 17:33:18,818 DEBUG [58545] [] ExcelSubjectListController start
2021-05-11 17:33:18,818 DEBUG [58545] [] controllers/ExcelSubjectListController.php: is exist
2021-05-11 17:33:18,818 DEBUG [58545] [] ExcelSubjectListForm: is exist
2021-05-11 17:33:18,818 DEBUG [58545] [] ExcelSubjectListForm: form value set 
2021-05-11 17:33:18,818 DEBUG [58545] [] ------------------------------/eccadmin_dev/ExcelSubjectList
2021-05-11 17:33:18,818 DEBUG [58545] [] indexAction start
2021-05-11 17:33:18,819 DEBUG [58545] [] admin_no is 1
2021-05-11 17:33:18,887 DEBUG [58545] [] indexAction end
2021-05-11 17:33:18,887 DEBUG [58545] [] ExcelSubjectListController end
2021-05-11 17:33:18,887 DEBUG [58545] [] finally
2021-05-11 17:35:42,925 DEBUG [59271] [] Request URI : /eccadmin_dev/ExcelLessonGroupList
2021-05-11 17:35:42,926 DEBUG [59271] [] ExcelLessonGroupListController start
2021-05-11 17:35:42,926 DEBUG [59271] [] controllers/ExcelLessonGroupListController.php: is exist
2021-05-11 17:35:42,926 DEBUG [59271] [] ExcelLessonGroupListForm: is exist
2021-05-11 17:35:42,927 DEBUG [59271] [] ExcelLessonGroupListForm: form value set 
2021-05-11 17:35:42,927 DEBUG [59271] [] ------------------------------/eccadmin_dev/ExcelLessonGroupList
2021-05-11 17:35:42,927 DEBUG [59271] [] indexAction start
2021-05-11 17:35:42,927 DEBUG [59271] [] admin_no is 1
2021-05-11 17:35:43,003 DEBUG [59271] [] indexAction end
2021-05-11 17:35:43,003 DEBUG [59271] [] ExcelLessonGroupListController end
2021-05-11 17:35:43,003 DEBUG [59271] [] finally
2021-05-11 17:45:34,780 DEBUG [59353] [] Request URI : /eccadmin_dev/ExcelStudentNoChangeList
2021-05-11 17:45:34,781 DEBUG [59353] [] ExcelStudentNoChangeListController start
2021-05-11 17:45:34,781 DEBUG [59353] [] controllers/ExcelStudentNoChangeListController.php: is exist
2021-05-11 17:45:34,783 DEBUG [59353] [] ExcelStudentNoChangeListForm: is exist
2021-05-11 17:45:34,783 DEBUG [59353] [] ExcelStudentNoChangeListForm: form value set 
2021-05-11 17:45:34,784 DEBUG [59353] [] ------------------------------/eccadmin_dev/ExcelStudentNoChangeList
2021-05-11 17:45:34,784 DEBUG [59353] [] indexAction start
2021-05-11 17:45:34,784 DEBUG [59353] [] admin_no is 1
2021-05-11 17:45:34,904 DEBUG [59353] [] indexAction end
2021-05-11 17:45:34,905 DEBUG [59353] [] ExcelStudentNoChangeListController end
2021-05-11 17:45:34,905 DEBUG [59353] [] finally
2021-05-11 17:45:53,155 DEBUG [59403] [] Request URI : /eccadmin_dev/ExcelStudentNoChangeList/show
2021-05-11 17:45:53,155 DEBUG [59403] [] ExcelStudentNoChangeListController start
2021-05-11 17:45:53,155 DEBUG [59403] [] controllers/ExcelStudentNoChangeListController.php: is exist
2021-05-11 17:45:53,156 DEBUG [59403] [] ExcelStudentNoChangeListForm: is exist
2021-05-11 17:45:53,156 DEBUG [59403] [] ExcelStudentNoChangeListForm: form value set 
2021-05-11 17:45:53,156 DEBUG [59403] [] ------------------------------/eccadmin_dev/ExcelStudentNoChangeList/show
2021-05-11 17:45:53,157 DEBUG [59403] [] showAction start
2021-05-11 17:45:53,157 DEBUG [59403] [] admin_no is 1
2021-05-11 17:45:53,171 DEBUG [59403] [] showAction end
2021-05-11 17:45:53,172 DEBUG [59403] [] ExcelStudentNoChangeListController end
2021-05-11 17:45:53,172 DEBUG [59403] [] finally
2021-05-11 17:45:53,198 DEBUG [59403] [] Request URI : /eccadmin_dev/ExcelStudentNoChangeList/viewExcelList
2021-05-11 17:45:53,198 DEBUG [59403] [] ExcelStudentNoChangeListController start
2021-05-11 17:45:53,198 DEBUG [59403] [] controllers/ExcelStudentNoChangeListController.php: is exist
2021-05-11 17:45:53,199 DEBUG [59403] [] ExcelStudentNoChangeListForm: is exist
2021-05-11 17:45:53,199 DEBUG [59403] [] ExcelStudentNoChangeListForm: form value set 
2021-05-11 17:45:53,199 DEBUG [59403] [] ------------------------------/eccadmin_dev/ExcelStudentNoChangeList/viewExcelList
2021-05-11 17:45:53,199 DEBUG [59403] [] viewExcelListAction start
2021-05-11 17:45:53,374 DEBUG [59403] [] viewExcelListAction end
2021-05-11 17:45:53,374 DEBUG [59403] [] ExcelStudentNoChangeListController end
2021-05-11 17:45:53,374 DEBUG [59403] [] finally
2021-05-11 17:45:55,989 DEBUG [59403] [] Request URI : /eccadmin_dev/ExcelStudentNoChangeList/duplicateCheckWoc
2021-05-11 17:45:55,989 DEBUG [59403] [] ExcelStudentNoChangeListController start
2021-05-11 17:45:55,989 DEBUG [59403] [] controllers/ExcelStudentNoChangeListController.php: is exist
2021-05-11 17:45:55,990 DEBUG [59403] [] ExcelStudentNoChangeListForm: is exist
2021-05-11 17:45:55,990 DEBUG [59403] [] ExcelStudentNoChangeListForm: form value set 
2021-05-11 17:45:55,990 DEBUG [59403] [] ------------------------------/eccadmin_dev/ExcelStudentNoChangeList/duplicateCheckWoc
2021-05-11 17:45:55,990 DEBUG [59403] [] ------------------------------/eccadmin_dev/ExcelStudentNoChangeList/duplicateCheckWoc
2021-05-11 17:45:55,990 DEBUG [59403] [] duplicateCheckWocAction start
2021-05-11 17:45:55,991 DEBUG [59403] [] admin_no is 1
2021-05-11 17:45:56,000 DEBUG [59403] [] admin_no is 1
2021-05-11 17:45:56,016 DEBUG [59403] [] duplicateCheckWocAction end
2021-05-11 17:45:56,016 DEBUG [59403] [] ExcelStudentNoChangeListController end
2021-05-11 17:45:56,017 DEBUG [59403] [] finally
2021-05-11 17:45:56,055 DEBUG [59403] [] Request URI : /eccadmin_dev/ExcelStudentNoChangeList
2021-05-11 17:45:56,055 DEBUG [59403] [] ExcelStudentNoChangeListController start
2021-05-11 17:45:56,056 DEBUG [59403] [] controllers/ExcelStudentNoChangeListController.php: is exist
2021-05-11 17:45:56,056 DEBUG [59403] [] ExcelStudentNoChangeListForm: is exist
2021-05-11 17:45:56,056 DEBUG [59403] [] ExcelStudentNoChangeListForm: form value set 
2021-05-11 17:45:56,056 DEBUG [59403] [] ------------------------------/eccadmin_dev/ExcelStudentNoChangeList
2021-05-11 17:45:56,057 DEBUG [59403] [] indexAction start
2021-05-11 17:45:56,057 DEBUG [59403] [] admin_no is 1
2021-05-11 17:45:56,140 DEBUG [59403] [] indexAction end
2021-05-11 17:45:56,140 DEBUG [59403] [] ExcelStudentNoChangeListController end
2021-05-11 17:45:56,141 DEBUG [59403] [] finally
