2022-08-08 10:56:38,437 DEBUG [150162] [] Request URI : /eccadmin_dev/Login
2022-08-08 10:56:38,454 DEBUG [150162] [] LoginController start
2022-08-08 10:56:38,455 DEBUG [150162] [] controllers/LoginController.php: is exist
2022-08-08 10:56:38,455 DEBUG [150162] [] LoginForm: is exist
2022-08-08 10:56:38,455 DEBUG [150162] [] LoginForm: form value set 
2022-08-08 10:56:38,455 DEBUG [150162] [] ------------------------------/eccadmin_dev/Login
2022-08-08 10:56:38,456 DEBUG [150162] [] ------------------------------login_start_check
2022-08-08 10:56:38,456 DEBUG [150162] [] indexAction start
2022-08-08 10:56:38,496 DEBUG [150162] [] indexAction end
2022-08-08 10:56:38,496 DEBUG [150162] [] LoginController end
2022-08-08 10:56:38,496 DEBUG [150162] [] finally
2022-08-08 20:29:21,327 DEBUG [156350] [] Request URI : /eccadmin_dev/Login
2022-08-08 20:29:21,328 DEBUG [156350] [] LoginController start
2022-08-08 20:29:21,328 DEBUG [156350] [] controllers/LoginController.php: is exist
2022-08-08 20:29:21,328 DEBUG [156350] [] LoginForm: is exist
2022-08-08 20:29:21,328 DEBUG [156350] [] LoginForm: form value set 
2022-08-08 20:29:21,329 DEBUG [156350] [] ------------------------------/eccadmin_dev/Login
2022-08-08 20:29:21,329 DEBUG [156350] [] ------------------------------login_start_check
2022-08-08 20:29:21,329 DEBUG [156350] [] indexAction start
2022-08-08 20:29:21,378 DEBUG [156350] [] indexAction end
2022-08-08 20:29:21,378 DEBUG [156350] [] LoginController end
2022-08-08 20:29:21,379 DEBUG [156350] [] finally
