2022-04-21 18:12:13,109 DEBUG [130315] [] Request URI : /eccadmin_dev/Login
2022-04-21 18:12:13,130 DEBUG [130315] [] LoginController start
2022-04-21 18:12:13,130 DEBUG [130315] [] controllers/LoginController.php: is exist
2022-04-21 18:12:13,130 DEBUG [130315] [] LoginForm: is exist
2022-04-21 18:12:13,131 DEBUG [130315] [] LoginForm: form value set 
2022-04-21 18:12:13,131 DEBUG [130315] [] ------------------------------/eccadmin_dev/Login
2022-04-21 18:12:13,131 DEBUG [130315] [] ------------------------------login_start_check
2022-04-21 18:12:13,131 DEBUG [130315] [] indexAction start
2022-04-21 18:12:13,175 DEBUG [130315] [] indexAction end
2022-04-21 18:12:13,176 DEBUG [130315] [] LoginController end
2022-04-21 18:12:13,176 DEBUG [130315] [] finally
2022-04-21 18:12:21,568 DEBUG [130429] [] Request URI : /eccadmin_dev/Login/login
2022-04-21 18:12:21,569 DEBUG [130429] [] LoginController start
2022-04-21 18:12:21,569 DEBUG [130429] [] controllers/LoginController.php: is exist
2022-04-21 18:12:21,569 DEBUG [130429] [] LoginForm: is exist
2022-04-21 18:12:21,569 DEBUG [130429] [] LoginForm: form value set 
2022-04-21 18:12:21,570 DEBUG [130429] [] ------------------------------/eccadmin_dev/Login/login
2022-04-21 18:12:21,570 DEBUG [130429] [] ------------------------------login_start_check
2022-04-21 18:12:21,570 DEBUG [130429] [] loginAction start
2022-04-21 18:12:21,586 DEBUG [130429] [] loginAction end
2022-04-21 18:12:21,586 DEBUG [130429] [] LoginController end
2022-04-21 18:12:21,587 DEBUG [130429] [] finally
2022-04-21 18:12:27,207 DEBUG [130463] [] Request URI : /eccadmin_dev/Login/login
2022-04-21 18:12:27,208 DEBUG [130463] [] LoginController start
2022-04-21 18:12:27,208 DEBUG [130463] [] controllers/LoginController.php: is exist
2022-04-21 18:12:27,208 DEBUG [130463] [] LoginForm: is exist
2022-04-21 18:12:27,208 DEBUG [130463] [] LoginForm: form value set 
2022-04-21 18:12:27,209 DEBUG [130463] [] ------------------------------/eccadmin_dev/Login/login
2022-04-21 18:12:27,209 DEBUG [130463] [] ------------------------------login_start_check
2022-04-21 18:12:27,209 DEBUG [130463] [] loginAction start
2022-04-21 18:12:27,505 DEBUG [130463] [] loginAction end
2022-04-21 18:12:27,505 DEBUG [130463] [] LoginController end
2022-04-21 18:12:27,505 DEBUG [130463] [] finally
2022-04-21 18:12:27,525 DEBUG [130463] [] Request URI : /eccadmin_dev/Menu
2022-04-21 18:12:27,525 DEBUG [130463] [] MenuController start
2022-04-21 18:12:27,525 DEBUG [130463] [] controllers/MenuController.php: is exist
2022-04-21 18:12:27,526 DEBUG [130463] [] MenuForm: is exist
2022-04-21 18:12:27,526 DEBUG [130463] [] MenuForm: form value set 
2022-04-21 18:12:27,527 DEBUG [130463] [] ------------------------------/eccadmin_dev/Menu
2022-04-21 18:12:27,527 DEBUG [130463] [] ------------------------------login_start_check
2022-04-21 18:12:27,527 DEBUG [130463] [] indexAction start
2022-04-21 18:12:27,527 DEBUG [130463] [] admin_no is 1
2022-04-21 18:12:27,555 DEBUG [130463] [] indexAction end
2022-04-21 18:12:27,555 DEBUG [130463] [] MenuController end
2022-04-21 18:12:27,555 DEBUG [130463] [] finally
2022-04-21 18:12:36,460 DEBUG [130315] [] Request URI : /eccadmin_dev/CourseList
2022-04-21 18:12:36,460 DEBUG [130315] [] CourseListController start
2022-04-21 18:12:36,460 DEBUG [130315] [] controllers/CourseListController.php: is exist
2022-04-21 18:12:36,463 DEBUG [130315] [] CourseListForm: is exist
2022-04-21 18:12:36,464 DEBUG [130315] [] CourseListForm: form value set 
2022-04-21 18:12:36,464 DEBUG [130315] [] ------------------------------/eccadmin_dev/CourseList
2022-04-21 18:12:36,464 DEBUG [130315] [] indexAction start
2022-04-21 18:12:36,464 DEBUG [130315] [] admin_no is 1
2022-04-21 18:12:36,598 DEBUG [130315] [] indexAction end
2022-04-21 18:12:36,598 DEBUG [130315] [] CourseListController end
2022-04-21 18:12:36,598 DEBUG [130315] [] finally
2022-04-21 18:26:08,960 DEBUG [130429] [] Request URI : /eccadmin_dev/ReportList
2022-04-21 18:26:08,960 DEBUG [130429] [] ReportListController start
2022-04-21 18:26:08,960 DEBUG [130429] [] controllers/ReportListController.php: is exist
2022-04-21 18:26:08,964 DEBUG [130429] [] ReportListForm: is exist
2022-04-21 18:26:08,965 DEBUG [130429] [] ReportListForm: form value set 
2022-04-21 18:26:08,965 DEBUG [130429] [] ------------------------------/eccadmin_dev/ReportList
2022-04-21 18:26:08,965 DEBUG [130429] [] indexAction start
2022-04-21 18:26:08,965 DEBUG [130429] [] admin_no is 1
2022-04-21 18:26:09,040 DEBUG [130429] [] indexAction end
2022-04-21 18:26:09,040 DEBUG [130429] [] ReportListController end
2022-04-21 18:26:09,040 DEBUG [130429] [] finally
2022-04-21 18:26:34,368 DEBUG [130858] [] Request URI : /eccadmin_dev/ReportList
2022-04-21 18:26:34,372 DEBUG [130858] [] ReportListController start
2022-04-21 18:26:34,372 DEBUG [130858] [] controllers/ReportListController.php: is exist
2022-04-21 18:26:34,377 DEBUG [130858] [] ReportListForm: is exist
2022-04-21 18:26:34,377 DEBUG [130858] [] ReportListForm: form value set 
2022-04-21 18:26:34,378 DEBUG [130858] [] ------------------------------/eccadmin_dev/ReportList
2022-04-21 18:26:34,378 DEBUG [130858] [] indexAction start
2022-04-21 18:26:34,378 DEBUG [130858] [] admin_no is 1
2022-04-21 18:26:34,444 DEBUG [130858] [] indexAction end
2022-04-21 18:26:34,444 DEBUG [130858] [] ReportListController end
2022-04-21 18:26:34,444 DEBUG [130858] [] finally
2022-04-21 18:26:58,299 DEBUG [130298] [] Request URI : /eccadmin_dev/ReportRegist/index
2022-04-21 18:26:58,300 DEBUG [130298] [] ReportRegistController start
2022-04-21 18:26:58,300 DEBUG [130298] [] controllers/ReportRegistController.php: is exist
2022-04-21 18:26:58,305 DEBUG [130298] [] ReportRegistForm: is exist
2022-04-21 18:26:58,306 DEBUG [130298] [] ReportRegistForm: form value set 
2022-04-21 18:26:58,306 DEBUG [130298] [] ------------------------------/eccadmin_dev/ReportRegist/index
2022-04-21 18:26:58,306 DEBUG [130298] [] ------------------------------session_check_true
2022-04-21 18:26:58,306 DEBUG [130298] [] indexAction start
2022-04-21 18:26:58,306 DEBUG [130298] [] admin_no is 1
2022-04-21 18:26:58,372 DEBUG [130298] [] indexAction end
2022-04-21 18:26:58,373 DEBUG [130298] [] ReportRegistController end
2022-04-21 18:26:58,373 DEBUG [130298] [] finally
2022-04-21 18:27:11,054 DEBUG [130597] [] Request URI : /eccadmin_dev/ReportRegist/save
2022-04-21 18:27:11,055 DEBUG [130597] [] ReportRegistController start
2022-04-21 18:27:11,055 DEBUG [130597] [] controllers/ReportRegistController.php: is exist
2022-04-21 18:27:11,061 DEBUG [130597] [] ReportRegistForm: is exist
2022-04-21 18:27:11,062 DEBUG [130597] [] ReportRegistForm: form value set 
2022-04-21 18:27:11,062 DEBUG [130597] [] ------------------------------/eccadmin_dev/ReportRegist/save
2022-04-21 18:27:11,062 DEBUG [130597] [] ------------------------------session_check_true
2022-04-21 18:27:11,062 DEBUG [130597] [] saveAction start
2022-04-21 18:27:11,140 DEBUG [130597] [] saveAction end
2022-04-21 18:27:11,140 DEBUG [130597] [] ReportRegistController end
2022-04-21 18:27:11,141 DEBUG [130597] [] finally
2022-04-21 18:27:51,025 DEBUG [130859] [] Request URI : /eccadmin_dev/ReportRegist/save
2022-04-21 18:27:51,029 DEBUG [130859] [] ReportRegistController start
2022-04-21 18:27:51,029 DEBUG [130859] [] controllers/ReportRegistController.php: is exist
2022-04-21 18:27:51,035 DEBUG [130859] [] ReportRegistForm: is exist
2022-04-21 18:27:51,036 DEBUG [130859] [] ReportRegistForm: form value set 
2022-04-21 18:27:51,036 DEBUG [130859] [] ------------------------------/eccadmin_dev/ReportRegist/save
2022-04-21 18:27:51,036 DEBUG [130859] [] ------------------------------session_check_true
2022-04-21 18:27:51,037 DEBUG [130859] [] saveAction start
2022-04-21 18:27:51,113 DEBUG [130859] [] saveAction end
2022-04-21 18:27:51,113 DEBUG [130859] [] ReportRegistController end
2022-04-21 18:27:51,114 DEBUG [130859] [] finally
2022-04-21 18:40:23,364 DEBUG [130858] [] Request URI : /eccadmin_dev/ReportRegist/save
2022-04-21 18:40:23,364 DEBUG [130858] [] ReportRegistController start
2022-04-21 18:40:23,364 DEBUG [130858] [] controllers/ReportRegistController.php: is exist
2022-04-21 18:40:23,370 DEBUG [130858] [] ReportRegistForm: is exist
2022-04-21 18:40:23,370 DEBUG [130858] [] ReportRegistForm: form value set 
2022-04-21 18:40:23,371 DEBUG [130858] [] ------------------------------/eccadmin_dev/ReportRegist/save
2022-04-21 18:40:23,371 DEBUG [130858] [] ------------------------------session_check_true
2022-04-21 18:40:23,371 DEBUG [130858] [] saveAction start
2022-04-21 18:40:23,441 DEBUG [130858] [] saveAction end
2022-04-21 18:40:23,441 DEBUG [130858] [] ReportRegistController end
2022-04-21 18:40:23,442 DEBUG [130858] [] finally
2022-04-21 18:44:28,823 DEBUG [130878] [] Request URI : /eccadmin_dev/ReportRegist/save
2022-04-21 18:44:28,824 DEBUG [130878] [] ReportRegistController start
2022-04-21 18:44:28,824 DEBUG [130878] [] controllers/ReportRegistController.php: is exist
2022-04-21 18:44:28,830 DEBUG [130878] [] ReportRegistForm: is exist
2022-04-21 18:44:28,830 DEBUG [130878] [] ReportRegistForm: form value set 
2022-04-21 18:44:28,830 DEBUG [130878] [] ------------------------------/eccadmin_dev/ReportRegist/save
2022-04-21 18:44:28,831 DEBUG [130878] [] ------------------------------session_check_true
2022-04-21 18:44:28,831 DEBUG [130878] [] saveAction start
2022-04-21 18:44:28,905 DEBUG [130878] [] saveAction end
2022-04-21 18:44:28,905 DEBUG [130878] [] ReportRegistController end
2022-04-21 18:44:28,905 DEBUG [130878] [] finally
2022-04-21 18:48:42,373 DEBUG [130373] [] Request URI : /eccadmin_dev/ReportRegist/save
2022-04-21 18:48:42,374 DEBUG [130373] [] ReportRegistController start
2022-04-21 18:48:42,374 DEBUG [130373] [] controllers/ReportRegistController.php: is exist
2022-04-21 18:48:42,380 DEBUG [130373] [] ReportRegistForm: is exist
2022-04-21 18:48:42,380 DEBUG [130373] [] ReportRegistForm: form value set 
2022-04-21 18:48:42,381 DEBUG [130373] [] ------------------------------/eccadmin_dev/ReportRegist/save
2022-04-21 18:48:42,381 DEBUG [130373] [] ------------------------------session_check_true
2022-04-21 18:48:42,381 DEBUG [130373] [] saveAction start
2022-04-21 18:48:42,455 DEBUG [130373] [] saveAction end
2022-04-21 18:48:42,455 DEBUG [130373] [] ReportRegistController end
2022-04-21 18:48:42,455 DEBUG [130373] [] finally
2022-04-21 18:48:44,692 DEBUG [130373] [] Request URI : /eccadmin_dev/ReportRegist/back
2022-04-21 18:48:44,692 DEBUG [130373] [] ReportRegistController start
2022-04-21 18:48:44,692 DEBUG [130373] [] controllers/ReportRegistController.php: is exist
2022-04-21 18:48:44,698 DEBUG [130373] [] ReportRegistForm: is exist
2022-04-21 18:48:44,699 DEBUG [130373] [] ReportRegistForm: form value set 
2022-04-21 18:48:44,699 DEBUG [130373] [] ------------------------------/eccadmin_dev/ReportRegist/back
2022-04-21 18:48:44,699 DEBUG [130373] [] ------------------------------session_check_true
2022-04-21 18:48:44,699 DEBUG [130373] [] backAction start
2022-04-21 18:48:44,700 DEBUG [130373] [] admin_no is 1
2022-04-21 18:48:44,700 DEBUG [130373] [] backAction end
2022-04-21 18:48:44,700 DEBUG [130373] [] ReportRegistController end
2022-04-21 18:48:44,700 DEBUG [130373] [] finally
2022-04-21 18:48:44,722 DEBUG [130373] [] Request URI : /eccadmin_dev/ReportList/Search
2022-04-21 18:48:44,722 DEBUG [130373] [] ReportListController start
2022-04-21 18:48:44,722 DEBUG [130373] [] controllers/ReportListController.php: is exist
2022-04-21 18:48:44,726 DEBUG [130373] [] ReportListForm: is exist
2022-04-21 18:48:44,726 DEBUG [130373] [] ReportListForm: form value set 
2022-04-21 18:48:44,727 DEBUG [130373] [] ------------------------------/eccadmin_dev/ReportList/Search
2022-04-21 18:48:44,727 DEBUG [130373] [] SearchAction start
2022-04-21 18:48:44,727 DEBUG [130373] [] --------back--------
2022-04-21 18:48:44,727 DEBUG [130373] [] admin_no is 1
2022-04-21 18:48:44,790 DEBUG [130373] [] SearchAction end
2022-04-21 18:48:44,790 DEBUG [130373] [] ReportListController end
2022-04-21 18:48:44,790 DEBUG [130373] [] finally
2022-04-21 18:48:48,622 DEBUG [131005] [] Request URI : /eccadmin_dev/ReportRegist/index
2022-04-21 18:48:48,622 DEBUG [131005] [] ReportRegistController start
2022-04-21 18:48:48,623 DEBUG [131005] [] controllers/ReportRegistController.php: is exist
2022-04-21 18:48:48,628 DEBUG [131005] [] ReportRegistForm: is exist
2022-04-21 18:48:48,628 DEBUG [131005] [] ReportRegistForm: form value set 
2022-04-21 18:48:48,629 DEBUG [131005] [] ------------------------------/eccadmin_dev/ReportRegist/index
2022-04-21 18:48:48,629 DEBUG [131005] [] ------------------------------session_check_true
2022-04-21 18:48:48,629 DEBUG [131005] [] indexAction start
2022-04-21 18:48:48,629 DEBUG [131005] [] admin_no is 1
2022-04-21 18:48:48,699 DEBUG [131005] [] indexAction end
2022-04-21 18:48:48,699 DEBUG [131005] [] ReportRegistController end
2022-04-21 18:48:48,699 DEBUG [131005] [] finally
2022-04-21 18:49:57,245 DEBUG [130858] [] Request URI : /eccadmin_dev/ReportRegist/save
2022-04-21 18:49:57,246 DEBUG [130858] [] ReportRegistController start
2022-04-21 18:49:57,246 DEBUG [130858] [] controllers/ReportRegistController.php: is exist
2022-04-21 18:49:57,252 DEBUG [130858] [] ReportRegistForm: is exist
2022-04-21 18:49:57,252 DEBUG [130858] [] ReportRegistForm: form value set 
2022-04-21 18:49:57,252 DEBUG [130858] [] ------------------------------/eccadmin_dev/ReportRegist/save
2022-04-21 18:49:57,253 DEBUG [130858] [] ------------------------------session_check_true
2022-04-21 18:49:57,253 DEBUG [130858] [] saveAction start
2022-04-21 18:49:57,329 DEBUG [130858] [] saveAction end
2022-04-21 18:49:57,329 DEBUG [130858] [] ReportRegistController end
2022-04-21 18:49:57,329 DEBUG [130858] [] finally
2022-04-21 18:50:57,259 DEBUG [131005] [] Request URI : /eccadmin_dev/ReportRegist/save
2022-04-21 18:50:57,260 DEBUG [131005] [] ReportRegistController start
2022-04-21 18:50:57,260 DEBUG [131005] [] controllers/ReportRegistController.php: is exist
2022-04-21 18:50:57,266 DEBUG [131005] [] ReportRegistForm: is exist
2022-04-21 18:50:57,266 DEBUG [131005] [] ReportRegistForm: form value set 
2022-04-21 18:50:57,266 DEBUG [131005] [] ------------------------------/eccadmin_dev/ReportRegist/save
2022-04-21 18:50:57,266 DEBUG [131005] [] ------------------------------session_check_true
2022-04-21 18:50:57,267 DEBUG [131005] [] saveAction start
2022-04-21 18:50:57,336 DEBUG [131005] [] saveAction end
2022-04-21 18:50:57,336 DEBUG [131005] [] ReportRegistController end
2022-04-21 18:50:57,336 DEBUG [131005] [] finally
2022-04-21 18:52:18,847 DEBUG [131255] [] Request URI : /eccadmin_dev/ReportRegist/save
2022-04-21 18:52:18,848 DEBUG [131255] [] ReportRegistController start
2022-04-21 18:52:18,848 DEBUG [131255] [] controllers/ReportRegistController.php: is exist
2022-04-21 18:52:18,854 DEBUG [131255] [] ReportRegistForm: is exist
2022-04-21 18:52:18,855 DEBUG [131255] [] ReportRegistForm: form value set 
2022-04-21 18:52:18,855 DEBUG [131255] [] ------------------------------/eccadmin_dev/ReportRegist/save
2022-04-21 18:52:18,855 DEBUG [131255] [] ------------------------------session_check_true
2022-04-21 18:52:18,855 DEBUG [131255] [] saveAction start
2022-04-21 18:52:18,933 DEBUG [131255] [] saveAction end
2022-04-21 18:52:18,933 DEBUG [131255] [] ReportRegistController end
2022-04-21 18:52:18,933 DEBUG [131255] [] finally
2022-04-21 18:54:24,136 DEBUG [131180] [] Request URI : /eccadmin_dev/ReportRegist/save
2022-04-21 18:54:24,137 DEBUG [131180] [] ReportRegistController start
2022-04-21 18:54:24,137 DEBUG [131180] [] controllers/ReportRegistController.php: is exist
2022-04-21 18:54:24,142 DEBUG [131180] [] ReportRegistForm: is exist
2022-04-21 18:54:24,143 DEBUG [131180] [] ReportRegistForm: form value set 
2022-04-21 18:54:24,143 DEBUG [131180] [] ------------------------------/eccadmin_dev/ReportRegist/save
2022-04-21 18:54:24,143 DEBUG [131180] [] ------------------------------session_check_true
2022-04-21 18:54:24,143 DEBUG [131180] [] saveAction start
2022-04-21 18:54:24,216 DEBUG [131180] [] saveAction end
2022-04-21 18:54:24,216 DEBUG [131180] [] ReportRegistController end
2022-04-21 18:54:24,216 DEBUG [131180] [] finally
2022-04-21 18:55:36,114 DEBUG [131184] [] Request URI : /eccadmin_dev/ReportRegist/save
2022-04-21 18:55:36,115 DEBUG [131184] [] ReportRegistController start
2022-04-21 18:55:36,115 DEBUG [131184] [] controllers/ReportRegistController.php: is exist
2022-04-21 18:55:36,121 DEBUG [131184] [] ReportRegistForm: is exist
2022-04-21 18:55:36,122 DEBUG [131184] [] ReportRegistForm: form value set 
2022-04-21 18:55:36,122 DEBUG [131184] [] ------------------------------/eccadmin_dev/ReportRegist/save
2022-04-21 18:55:36,122 DEBUG [131184] [] ------------------------------session_check_true
2022-04-21 18:55:36,123 DEBUG [131184] [] saveAction start
2022-04-21 18:55:36,197 DEBUG [131184] [] saveAction end
2022-04-21 18:55:36,197 DEBUG [131184] [] ReportRegistController end
2022-04-21 18:55:36,197 DEBUG [131184] [] finally
