2022-07-29 04:42:18,686 DEBUG [9100] [] Request URI : /eccadmin_dev/Login
2022-07-29 04:42:18,716 DEBUG [9100] [] LoginController start
2022-07-29 04:42:18,716 DEBUG [9100] [] controllers/LoginController.php: is exist
2022-07-29 04:42:18,719 DEBUG [9100] [] LoginForm: is exist
2022-07-29 04:42:18,719 DEBUG [9100] [] LoginForm: form value set 
2022-07-29 04:42:18,720 DEBUG [9100] [] ------------------------------/eccadmin_dev/Login
2022-07-29 04:42:18,720 DEBUG [9100] [] ------------------------------login_start_check
2022-07-29 04:42:18,720 DEBUG [9100] [] indexAction start
2022-07-29 04:42:18,770 DEBUG [9100] [] indexAction end
2022-07-29 04:42:18,770 DEBUG [9100] [] LoginController end
2022-07-29 04:42:18,770 DEBUG [9100] [] finally
2022-07-29 15:36:59,554 DEBUG [19742] [] Request URI : /eccadmin_dev/Login
2022-07-29 15:36:59,560 DEBUG [19742] [] LoginController start
2022-07-29 15:36:59,560 DEBUG [19742] [] controllers/LoginController.php: is exist
2022-07-29 15:36:59,563 DEBUG [19742] [] LoginForm: is exist
2022-07-29 15:36:59,563 DEBUG [19742] [] LoginForm: form value set 
2022-07-29 15:36:59,564 DEBUG [19742] [] ------------------------------/eccadmin_dev/Login
2022-07-29 15:36:59,564 DEBUG [19742] [] ------------------------------login_start_check
2022-07-29 15:36:59,564 DEBUG [19742] [] indexAction start
2022-07-29 15:36:59,609 DEBUG [19742] [] indexAction end
2022-07-29 15:36:59,609 DEBUG [19742] [] LoginController end
2022-07-29 15:36:59,609 DEBUG [19742] [] finally
