2022-09-01 10:27:08,340 DEBUG [172058] [] Request URI : /eccadmin_dev/Login
2022-09-01 10:27:08,360 DEBUG [172058] [] LoginController start
2022-09-01 10:27:08,360 DEBUG [172058] [] controllers/LoginController.php: is exist
2022-09-01 10:27:08,361 DEBUG [172058] [] LoginForm: is exist
2022-09-01 10:27:08,361 DEBUG [172058] [] LoginForm: form value set 
2022-09-01 10:27:08,361 DEBUG [172058] [] ------------------------------/eccadmin_dev/Login
2022-09-01 10:27:08,361 DEBUG [172058] [] ------------------------------login_start_check
2022-09-01 10:27:08,361 DEBUG [172058] [] indexAction start
2022-09-01 10:27:08,424 DEBUG [172058] [] indexAction end
2022-09-01 10:27:08,425 DEBUG [172058] [] LoginController end
2022-09-01 10:27:08,425 DEBUG [172058] [] finally
2022-09-01 11:12:18,381 DEBUG [172793] [] Request URI : /eccadmin_dev/Login
2022-09-01 11:12:18,382 DEBUG [172793] [] LoginController start
2022-09-01 11:12:18,382 DEBUG [172793] [] controllers/LoginController.php: is exist
2022-09-01 11:12:18,382 DEBUG [172793] [] LoginForm: is exist
2022-09-01 11:12:18,382 DEBUG [172793] [] LoginForm: form value set 
2022-09-01 11:12:18,382 DEBUG [172793] [] ------------------------------/eccadmin_dev/Login
2022-09-01 11:12:18,383 DEBUG [172793] [] ------------------------------login_start_check
2022-09-01 11:12:18,383 DEBUG [172793] [] indexAction start
2022-09-01 11:12:18,398 DEBUG [172793] [] indexAction end
2022-09-01 11:12:18,398 DEBUG [172793] [] LoginController end
2022-09-01 11:12:18,398 DEBUG [172793] [] finally
2022-09-01 12:15:10,104 DEBUG [173690] [] Request URI : /eccadmin_dev/Login
2022-09-01 12:15:10,104 DEBUG [173690] [] LoginController start
2022-09-01 12:15:10,105 DEBUG [173690] [] controllers/LoginController.php: is exist
2022-09-01 12:15:10,105 DEBUG [173690] [] LoginForm: is exist
2022-09-01 12:15:10,105 DEBUG [173690] [] LoginForm: form value set 
2022-09-01 12:15:10,105 DEBUG [173690] [] ------------------------------/eccadmin_dev/Login
2022-09-01 12:15:10,105 DEBUG [173690] [] ------------------------------login_start_check
2022-09-01 12:15:10,105 DEBUG [173690] [] indexAction start
2022-09-01 12:15:10,117 DEBUG [173690] [] indexAction end
2022-09-01 12:15:10,117 DEBUG [173690] [] LoginController end
2022-09-01 12:15:10,118 DEBUG [173690] [] finally
2022-09-01 15:26:44,140 DEBUG [175503] [] Request URI : /eccadmin_dev/WordBookList
2022-09-01 15:26:44,141 DEBUG [175503] [] WordBookListController start
2022-09-01 15:26:44,141 DEBUG [175503] [] controllers/WordBookListController.php: is exist
2022-09-01 15:26:44,199 DEBUG [175503] [] WordBookListForm: is exist
2022-09-01 15:26:44,206 DEBUG [175503] [] WordBookListForm: form value set 
2022-09-01 15:26:44,207 DEBUG [175503] [] ------------------------------/eccadmin_dev/WordBookList
2022-09-01 15:26:44,207 DEBUG [175503] [] indexAction start
2022-09-01 15:26:44,207 DEBUG [175503] [] admin_no is 
2022-09-01 15:26:44,207 DEBUG [175503] [] indexAction end
2022-09-01 15:26:44,207 DEBUG [175503] [] WordBookListController end
2022-09-01 15:26:44,207 DEBUG [175503] [] finally
2022-09-01 15:26:44,294 DEBUG [175503] [] Request URI : /eccadmin_dev/Error/disp
2022-09-01 15:26:44,294 DEBUG [175503] [] ErrorController start
2022-09-01 15:26:44,294 DEBUG [175503] [] controllers/ErrorController.php: is exist
2022-09-01 15:26:44,295 DEBUG [175503] [] ErrorForm: is exist
2022-09-01 15:26:44,295 DEBUG [175503] [] ErrorForm: form value set 
2022-09-01 15:26:44,295 DEBUG [175503] [] ------------------------------/eccadmin_dev/Error/disp
2022-09-01 15:26:44,295 DEBUG [175503] [] ------------------------------login_start_check
2022-09-01 15:26:44,296 DEBUG [175503] [] dispAction start
2022-09-01 15:26:44,341 DEBUG [175503] [] dispAction end
2022-09-01 15:26:44,341 DEBUG [175503] [] ErrorController end
2022-09-01 15:26:44,341 DEBUG [175503] [] finally
2022-09-01 15:34:19,976 DEBUG [175599] [] Request URI : /eccadmin_dev/Login
2022-09-01 15:34:19,977 DEBUG [175599] [] LoginController start
2022-09-01 15:34:19,977 DEBUG [175599] [] controllers/LoginController.php: is exist
2022-09-01 15:34:19,977 DEBUG [175599] [] LoginForm: is exist
2022-09-01 15:34:19,977 DEBUG [175599] [] LoginForm: form value set 
2022-09-01 15:34:19,977 DEBUG [175599] [] ------------------------------/eccadmin_dev/Login
2022-09-01 15:34:19,978 DEBUG [175599] [] ------------------------------login_start_check
2022-09-01 15:34:19,978 DEBUG [175599] [] indexAction start
2022-09-01 15:34:20,003 DEBUG [175599] [] indexAction end
2022-09-01 15:34:20,003 DEBUG [175599] [] LoginController end
2022-09-01 15:34:20,003 DEBUG [175599] [] finally
2022-09-01 15:36:45,854 DEBUG [175608] [] Request URI : /eccadmin_dev/Login
2022-09-01 15:36:45,855 DEBUG [175608] [] LoginController start
2022-09-01 15:36:45,855 DEBUG [175608] [] controllers/LoginController.php: is exist
2022-09-01 15:36:45,855 DEBUG [175608] [] LoginForm: is exist
2022-09-01 15:36:45,855 DEBUG [175608] [] LoginForm: form value set 
2022-09-01 15:36:45,856 DEBUG [175608] [] ------------------------------/eccadmin_dev/Login
2022-09-01 15:36:45,856 DEBUG [175608] [] ------------------------------login_start_check
2022-09-01 15:36:45,856 DEBUG [175608] [] indexAction start
2022-09-01 15:36:45,872 DEBUG [175608] [] indexAction end
2022-09-01 15:36:45,872 DEBUG [175608] [] LoginController end
2022-09-01 15:36:45,872 DEBUG [175608] [] finally
