2022-06-22 17:03:45,295 DEBUG [6780] [] Request URI : /eccadmin_dev/Login
2022-06-22 17:03:45,309 DEBUG [6780] [] LoginController start
2022-06-22 17:03:45,309 DEBUG [6780] [] controllers/LoginController.php: is exist
2022-06-22 17:03:45,310 DEBUG [6780] [] LoginForm: is exist
2022-06-22 17:03:45,310 DEBUG [6780] [] LoginForm: form value set 
2022-06-22 17:03:45,310 DEBUG [6780] [] ------------------------------/eccadmin_dev/Login
2022-06-22 17:03:45,311 DEBUG [6780] [] ------------------------------login_start_check
2022-06-22 17:03:45,311 DEBUG [6780] [] indexAction start
2022-06-22 17:03:45,337 DEBUG [6780] [] indexAction end
2022-06-22 17:03:45,337 DEBUG [6780] [] LoginController end
2022-06-22 17:03:45,337 DEBUG [6780] [] finally
2022-06-22 17:03:49,569 DEBUG [6821] [] Request URI : /eccadmin_dev/Login/login
2022-06-22 17:03:49,570 DEBUG [6821] [] LoginController start
2022-06-22 17:03:49,570 DEBUG [6821] [] controllers/LoginController.php: is exist
2022-06-22 17:03:49,571 DEBUG [6821] [] LoginForm: is exist
2022-06-22 17:03:49,571 DEBUG [6821] [] LoginForm: form value set 
2022-06-22 17:03:49,571 DEBUG [6821] [] ------------------------------/eccadmin_dev/Login/login
2022-06-22 17:03:49,572 DEBUG [6821] [] ------------------------------login_start_check
2022-06-22 17:03:49,572 DEBUG [6821] [] loginAction start
2022-06-22 17:03:49,882 DEBUG [6821] [] loginAction end
2022-06-22 17:03:49,882 DEBUG [6821] [] LoginController end
2022-06-22 17:03:49,882 DEBUG [6821] [] finally
2022-06-22 17:03:49,902 DEBUG [6821] [] Request URI : /eccadmin_dev/Menu
2022-06-22 17:03:49,903 DEBUG [6821] [] MenuController start
2022-06-22 17:03:49,903 DEBUG [6821] [] controllers/MenuController.php: is exist
2022-06-22 17:03:49,904 DEBUG [6821] [] MenuForm: is exist
2022-06-22 17:03:49,904 DEBUG [6821] [] MenuForm: form value set 
2022-06-22 17:03:49,904 DEBUG [6821] [] ------------------------------/eccadmin_dev/Menu
2022-06-22 17:03:49,904 DEBUG [6821] [] ------------------------------login_start_check
2022-06-22 17:03:49,905 DEBUG [6821] [] indexAction start
2022-06-22 17:03:49,905 DEBUG [6821] [] admin_no is 1
2022-06-22 17:03:49,984 DEBUG [6821] [] indexAction end
2022-06-22 17:03:49,984 DEBUG [6821] [] MenuController end
2022-06-22 17:03:49,984 DEBUG [6821] [] finally
2022-06-22 17:04:00,466 DEBUG [6802] [] Request URI : /eccadmin_dev/OrganizationList
2022-06-22 17:04:00,469 DEBUG [6802] [] OrganizationListController start
2022-06-22 17:04:00,469 DEBUG [6802] [] controllers/OrganizationListController.php: is exist
2022-06-22 17:04:00,471 DEBUG [6802] [] OrganizationListForm: is exist
2022-06-22 17:04:00,505 DEBUG [6802] [] OrganizationListForm: form value set 
2022-06-22 17:04:00,505 DEBUG [6802] [] ------------------------------/eccadmin_dev/OrganizationList
2022-06-22 17:04:00,505 DEBUG [6802] [] indexAction start
2022-06-22 17:04:00,505 DEBUG [6802] [] admin_no is 1
2022-06-22 17:04:00,603 DEBUG [6802] [] indexAction end
2022-06-22 17:04:00,604 DEBUG [6802] [] OrganizationListController end
2022-06-22 17:04:00,604 DEBUG [6802] [] finally
2022-06-22 17:04:03,702 DEBUG [5449] [] Request URI : /eccadmin_dev/CourseContractList
2022-06-22 17:04:03,703 DEBUG [5449] [] CourseContractListController start
2022-06-22 17:04:03,703 DEBUG [5449] [] controllers/CourseContractListController.php: is exist
2022-06-22 17:04:03,707 DEBUG [5449] [] CourseContractListForm: is exist
2022-06-22 17:04:03,707 DEBUG [5449] [] CourseContractListForm: form value set 
2022-06-22 17:04:03,708 DEBUG [5449] [] ------------------------------/eccadmin_dev/CourseContractList
2022-06-22 17:04:03,708 DEBUG [5449] [] indexAction start
2022-06-22 17:04:03,708 DEBUG [5449] [] admin_no is 1
2022-06-22 17:04:03,834 DEBUG [5449] [] indexAction end
2022-06-22 17:04:03,834 DEBUG [5449] [] CourseContractListController end
2022-06-22 17:04:03,834 DEBUG [5449] [] finally
2022-06-22 17:04:05,644 DEBUG [6806] [] Request URI : /eccadmin_dev/CourseContractRegist/index
2022-06-22 17:04:05,645 DEBUG [6806] [] CourseContractRegistController start
2022-06-22 17:04:05,645 DEBUG [6806] [] controllers/CourseContractRegistController.php: is exist
2022-06-22 17:04:05,647 DEBUG [6806] [] CourseContractRegistForm: is exist
2022-06-22 17:04:05,648 DEBUG [6806] [] CourseContractRegistForm: form value set 
2022-06-22 17:04:05,648 DEBUG [6806] [] ------------------------------/eccadmin_dev/CourseContractRegist/index
2022-06-22 17:04:05,648 DEBUG [6806] [] ------------------------------session_check_true
2022-06-22 17:04:05,648 DEBUG [6806] [] indexAction start
2022-06-22 17:04:05,649 DEBUG [6806] [] admin_no is 1
2022-06-22 17:04:05,720 DEBUG [6806] [] indexAction end
2022-06-22 17:04:05,720 DEBUG [6806] [] CourseContractRegistController end
2022-06-22 17:04:05,720 DEBUG [6806] [] finally
2022-06-22 17:05:54,089 DEBUG [6802] [] Request URI : /eccadmin_dev/CourseContractList/search
2022-06-22 17:05:54,090 DEBUG [6802] [] CourseContractListController start
2022-06-22 17:05:54,090 DEBUG [6802] [] controllers/CourseContractListController.php: is exist
2022-06-22 17:05:54,093 DEBUG [6802] [] CourseContractListForm: is exist
2022-06-22 17:05:54,094 DEBUG [6802] [] CourseContractListForm: form value set 
2022-06-22 17:05:54,094 DEBUG [6802] [] ------------------------------/eccadmin_dev/CourseContractList/search
2022-06-22 17:05:54,094 DEBUG [6802] [] searchAction start
2022-06-22 17:05:54,094 DEBUG [6802] [] admin_no is 1
2022-06-22 17:05:54,206 DEBUG [6802] [] searchAction end
2022-06-22 17:05:54,206 DEBUG [6802] [] CourseContractListController end
2022-06-22 17:05:54,206 DEBUG [6802] [] finally
2022-06-22 17:05:58,707 DEBUG [6468] [] Request URI : /eccadmin_dev/CourseContractRegist/index
2022-06-22 17:05:58,708 DEBUG [6468] [] CourseContractRegistController start
2022-06-22 17:05:58,708 DEBUG [6468] [] controllers/CourseContractRegistController.php: is exist
2022-06-22 17:05:58,710 DEBUG [6468] [] CourseContractRegistForm: is exist
2022-06-22 17:05:58,710 DEBUG [6468] [] CourseContractRegistForm: form value set 
2022-06-22 17:05:58,711 DEBUG [6468] [] ------------------------------/eccadmin_dev/CourseContractRegist/index
2022-06-22 17:05:58,711 DEBUG [6468] [] ------------------------------session_check_true
2022-06-22 17:05:58,711 DEBUG [6468] [] indexAction start
2022-06-22 17:05:58,711 DEBUG [6468] [] admin_no is 1
2022-06-22 17:05:58,790 DEBUG [6468] [] indexAction end
2022-06-22 17:05:58,790 DEBUG [6468] [] CourseContractRegistController end
2022-06-22 17:05:58,791 DEBUG [6468] [] finally
2022-06-22 17:08:53,170 DEBUG [6783] [] Request URI : /eccadmin_dev/CourseContractList/search
2022-06-22 17:08:53,170 DEBUG [6783] [] CourseContractListController start
2022-06-22 17:08:53,170 DEBUG [6783] [] controllers/CourseContractListController.php: is exist
2022-06-22 17:08:53,174 DEBUG [6783] [] CourseContractListForm: is exist
2022-06-22 17:08:53,174 DEBUG [6783] [] CourseContractListForm: form value set 
2022-06-22 17:08:53,175 DEBUG [6783] [] ------------------------------/eccadmin_dev/CourseContractList/search
2022-06-22 17:08:53,175 DEBUG [6783] [] searchAction start
2022-06-22 17:08:53,175 DEBUG [6783] [] admin_no is 1
2022-06-22 17:08:53,277 DEBUG [6783] [] searchAction end
2022-06-22 17:08:53,277 DEBUG [6783] [] CourseContractListController end
2022-06-22 17:08:53,277 DEBUG [6783] [] finally
2022-06-22 17:08:55,070 DEBUG [6783] [] Request URI : /eccadmin_dev/CourseContractRegist/index
2022-06-22 17:08:55,071 DEBUG [6783] [] CourseContractRegistController start
2022-06-22 17:08:55,071 DEBUG [6783] [] controllers/CourseContractRegistController.php: is exist
2022-06-22 17:08:55,073 DEBUG [6783] [] CourseContractRegistForm: is exist
2022-06-22 17:08:55,074 DEBUG [6783] [] CourseContractRegistForm: form value set 
2022-06-22 17:08:55,074 DEBUG [6783] [] ------------------------------/eccadmin_dev/CourseContractRegist/index
2022-06-22 17:08:55,074 DEBUG [6783] [] ------------------------------session_check_true
2022-06-22 17:08:55,074 DEBUG [6783] [] indexAction start
2022-06-22 17:08:55,074 DEBUG [6783] [] admin_no is 1
2022-06-22 17:08:55,150 DEBUG [6783] [] indexAction end
2022-06-22 17:08:55,150 DEBUG [6783] [] CourseContractRegistController end
2022-06-22 17:08:55,150 DEBUG [6783] [] finally
2022-06-22 17:16:42,507 DEBUG [6468] [] Request URI : /eccadmin_dev/CourseContractList/search
2022-06-22 17:16:42,508 DEBUG [6468] [] CourseContractListController start
2022-06-22 17:16:42,508 DEBUG [6468] [] controllers/CourseContractListController.php: is exist
2022-06-22 17:16:42,511 DEBUG [6468] [] CourseContractListForm: is exist
2022-06-22 17:16:42,511 DEBUG [6468] [] CourseContractListForm: form value set 
2022-06-22 17:16:42,512 DEBUG [6468] [] ------------------------------/eccadmin_dev/CourseContractList/search
2022-06-22 17:16:42,512 DEBUG [6468] [] searchAction start
2022-06-22 17:16:42,512 DEBUG [6468] [] admin_no is 1
2022-06-22 17:16:42,620 DEBUG [6468] [] searchAction end
2022-06-22 17:16:42,620 DEBUG [6468] [] CourseContractListController end
2022-06-22 17:16:42,620 DEBUG [6468] [] finally
2022-06-22 18:00:57,972 DEBUG [8369] [] Request URI : /eccadmin_dev/CourseContractList/search
2022-06-22 18:00:57,972 DEBUG [8369] [] CourseContractListController start
2022-06-22 18:00:57,972 DEBUG [8369] [] controllers/CourseContractListController.php: is exist
2022-06-22 18:00:57,976 DEBUG [8369] [] CourseContractListForm: is exist
2022-06-22 18:00:57,976 DEBUG [8369] [] CourseContractListForm: form value set 
2022-06-22 18:00:57,977 DEBUG [8369] [] ------------------------------/eccadmin_dev/CourseContractList/search
2022-06-22 18:00:57,977 DEBUG [8369] [] searchAction start
2022-06-22 18:00:57,977 DEBUG [8369] [] admin_no is 
2022-06-22 18:00:57,977 DEBUG [8369] [] searchAction end
2022-06-22 18:00:57,977 DEBUG [8369] [] CourseContractListController end
2022-06-22 18:00:57,977 DEBUG [8369] [] finally
2022-06-22 18:00:57,999 DEBUG [8369] [] Request URI : /eccadmin_dev/Error/disp
2022-06-22 18:00:57,999 DEBUG [8369] [] ErrorController start
2022-06-22 18:00:57,999 DEBUG [8369] [] controllers/ErrorController.php: is exist
2022-06-22 18:00:58,000 DEBUG [8369] [] ErrorForm: is exist
2022-06-22 18:00:58,000 DEBUG [8369] [] ErrorForm: form value set 
2022-06-22 18:00:58,001 DEBUG [8369] [] ------------------------------/eccadmin_dev/Error/disp
2022-06-22 18:00:58,001 DEBUG [8369] [] ------------------------------login_start_check
2022-06-22 18:00:58,001 DEBUG [8369] [] dispAction start
2022-06-22 18:00:58,013 DEBUG [8369] [] dispAction end
2022-06-22 18:00:58,014 DEBUG [8369] [] ErrorController end
2022-06-22 18:00:58,014 DEBUG [8369] [] finally
2022-06-22 18:01:41,443 DEBUG [8285] [] Request URI : /eccadmin_dev/Login
2022-06-22 18:01:41,444 DEBUG [8285] [] LoginController start
2022-06-22 18:01:41,444 DEBUG [8285] [] controllers/LoginController.php: is exist
2022-06-22 18:01:41,445 DEBUG [8285] [] LoginForm: is exist
2022-06-22 18:01:41,445 DEBUG [8285] [] LoginForm: form value set 
2022-06-22 18:01:41,445 DEBUG [8285] [] ------------------------------/eccadmin_dev/Login
2022-06-22 18:01:41,445 DEBUG [8285] [] ------------------------------login_start_check
2022-06-22 18:01:41,445 DEBUG [8285] [] indexAction start
2022-06-22 18:01:41,461 DEBUG [8285] [] indexAction end
2022-06-22 18:01:41,461 DEBUG [8285] [] LoginController end
2022-06-22 18:01:41,461 DEBUG [8285] [] finally
