2022-07-28 11:57:57,515 DEBUG [195600] [] Request URI : /eccadmin_dev/Login
2022-07-28 11:57:57,541 DEBUG [195600] [] LoginController start
2022-07-28 11:57:57,541 DEBUG [195600] [] controllers/LoginController.php: is exist
2022-07-28 11:57:57,544 DEBUG [195600] [] LoginForm: is exist
2022-07-28 11:57:57,545 DEBUG [195600] [] LoginForm: form value set 
2022-07-28 11:57:57,545 DEBUG [195600] [] ------------------------------/eccadmin_dev/Login
2022-07-28 11:57:57,545 DEBUG [195600] [] ------------------------------login_start_check
2022-07-28 11:57:57,546 DEBUG [195600] [] indexAction start
2022-07-28 11:57:57,604 DEBUG [195600] [] indexAction end
2022-07-28 11:57:57,604 DEBUG [195600] [] LoginController end
2022-07-28 11:57:57,604 DEBUG [195600] [] finally
2022-07-28 11:58:03,619 DEBUG [196284] [] Request URI : /eccadmin_dev/Login/login
2022-07-28 11:58:03,624 DEBUG [196284] [] LoginController start
2022-07-28 11:58:03,624 DEBUG [196284] [] controllers/LoginController.php: is exist
2022-07-28 11:58:03,627 DEBUG [196284] [] LoginForm: is exist
2022-07-28 11:58:03,627 DEBUG [196284] [] LoginForm: form value set 
2022-07-28 11:58:03,627 DEBUG [196284] [] ------------------------------/eccadmin_dev/Login/login
2022-07-28 11:58:03,627 DEBUG [196284] [] ------------------------------login_start_check
2022-07-28 11:58:03,628 DEBUG [196284] [] loginAction start
2022-07-28 11:58:03,959 DEBUG [196284] [] loginAction end
2022-07-28 11:58:03,959 DEBUG [196284] [] LoginController end
2022-07-28 11:58:03,959 DEBUG [196284] [] finally
2022-07-28 11:58:03,984 DEBUG [196284] [] Request URI : /eccadmin_dev/Menu
2022-07-28 11:58:03,987 DEBUG [196284] [] MenuController start
2022-07-28 11:58:03,987 DEBUG [196284] [] controllers/MenuController.php: is exist
2022-07-28 11:58:03,989 DEBUG [196284] [] MenuForm: is exist
2022-07-28 11:58:03,989 DEBUG [196284] [] MenuForm: form value set 
2022-07-28 11:58:03,989 DEBUG [196284] [] ------------------------------/eccadmin_dev/Menu
2022-07-28 11:58:03,989 DEBUG [196284] [] ------------------------------login_start_check
2022-07-28 11:58:03,989 DEBUG [196284] [] indexAction start
2022-07-28 11:58:03,989 DEBUG [196284] [] admin_no is 1
2022-07-28 11:58:04,078 DEBUG [196284] [] indexAction end
2022-07-28 11:58:04,078 DEBUG [196284] [] MenuController end
2022-07-28 11:58:04,078 DEBUG [196284] [] finally
2022-07-28 11:58:43,796 DEBUG [195600] [] Request URI : /eccadmin_dev/ReportList
2022-07-28 11:58:43,801 DEBUG [195600] [] ReportListController start
2022-07-28 11:58:43,801 DEBUG [195600] [] controllers/ReportListController.php: is exist
2022-07-28 11:58:43,806 DEBUG [195600] [] ReportListForm: is exist
2022-07-28 11:58:43,806 DEBUG [195600] [] ReportListForm: form value set 
2022-07-28 11:58:43,807 DEBUG [195600] [] ------------------------------/eccadmin_dev/ReportList
2022-07-28 11:58:43,807 DEBUG [195600] [] indexAction start
2022-07-28 11:58:43,807 DEBUG [195600] [] admin_no is 1
2022-07-28 11:58:43,912 DEBUG [195600] [] indexAction end
2022-07-28 11:58:43,912 DEBUG [195600] [] ReportListController end
2022-07-28 11:58:43,912 DEBUG [195600] [] finally
2022-07-28 12:00:22,757 DEBUG [196234] [] Request URI : /eccadmin_dev/ReportRegist/index
2022-07-28 12:00:22,763 DEBUG [196234] [] ReportRegistController start
2022-07-28 12:00:22,763 DEBUG [196234] [] controllers/ReportRegistController.php: is exist
2022-07-28 12:00:22,770 DEBUG [196234] [] ReportRegistForm: is exist
2022-07-28 12:00:22,771 DEBUG [196234] [] ReportRegistForm: form value set 
2022-07-28 12:00:22,771 DEBUG [196234] [] ------------------------------/eccadmin_dev/ReportRegist/index
2022-07-28 12:00:22,771 DEBUG [196234] [] ------------------------------session_check_true
2022-07-28 12:00:22,771 DEBUG [196234] [] indexAction start
2022-07-28 12:00:22,772 DEBUG [196234] [] admin_no is 1
2022-07-28 12:00:22,864 DEBUG [196234] [] indexAction end
2022-07-28 12:00:22,864 DEBUG [196234] [] ReportRegistController end
2022-07-28 12:00:22,864 DEBUG [196234] [] finally
2022-07-28 12:00:53,740 DEBUG [196284] [] Request URI : /eccadmin_dev/ReportRegist/save
2022-07-28 12:00:53,745 DEBUG [196284] [] ReportRegistController start
2022-07-28 12:00:53,745 DEBUG [196284] [] controllers/ReportRegistController.php: is exist
2022-07-28 12:00:53,752 DEBUG [196284] [] ReportRegistForm: is exist
2022-07-28 12:00:53,752 DEBUG [196284] [] ReportRegistForm: form value set 
2022-07-28 12:00:53,753 DEBUG [196284] [] ------------------------------/eccadmin_dev/ReportRegist/save
2022-07-28 12:00:53,753 DEBUG [196284] [] ------------------------------session_check_true
2022-07-28 12:00:53,753 DEBUG [196284] [] saveAction start
2022-07-28 12:00:53,847 DEBUG [196284] [] saveAction end
2022-07-28 12:00:53,847 DEBUG [196284] [] ReportRegistController end
2022-07-28 12:00:53,848 DEBUG [196284] [] finally
2022-07-28 12:01:20,344 DEBUG [196284] [] Request URI : /eccadmin_dev/ReportRegist/back
2022-07-28 12:01:20,350 DEBUG [196284] [] ReportRegistController start
2022-07-28 12:01:20,350 DEBUG [196284] [] controllers/ReportRegistController.php: is exist
2022-07-28 12:01:20,357 DEBUG [196284] [] ReportRegistForm: is exist
2022-07-28 12:01:20,357 DEBUG [196284] [] ReportRegistForm: form value set 
2022-07-28 12:01:20,358 DEBUG [196284] [] ------------------------------/eccadmin_dev/ReportRegist/back
2022-07-28 12:01:20,358 DEBUG [196284] [] ------------------------------session_check_true
2022-07-28 12:01:20,358 DEBUG [196284] [] backAction start
2022-07-28 12:01:20,358 DEBUG [196284] [] admin_no is 1
2022-07-28 12:01:20,358 DEBUG [196284] [] backAction end
2022-07-28 12:01:20,358 DEBUG [196284] [] ReportRegistController end
2022-07-28 12:01:20,358 DEBUG [196284] [] finally
2022-07-28 12:01:20,388 DEBUG [196284] [] Request URI : /eccadmin_dev/ReportList/Search
2022-07-28 12:01:20,393 DEBUG [196284] [] ReportListController start
2022-07-28 12:01:20,393 DEBUG [196284] [] controllers/ReportListController.php: is exist
2022-07-28 12:01:20,397 DEBUG [196284] [] ReportListForm: is exist
2022-07-28 12:01:20,398 DEBUG [196284] [] ReportListForm: form value set 
2022-07-28 12:01:20,398 DEBUG [196284] [] ------------------------------/eccadmin_dev/ReportList/Search
2022-07-28 12:01:20,398 DEBUG [196284] [] SearchAction start
2022-07-28 12:01:20,398 DEBUG [196284] [] --------back--------
2022-07-28 12:01:20,398 DEBUG [196284] [] admin_no is 1
2022-07-28 12:01:20,471 DEBUG [196284] [] SearchAction end
2022-07-28 12:01:20,471 DEBUG [196284] [] ReportListController end
2022-07-28 12:01:20,471 DEBUG [196284] [] finally
2022-07-28 12:01:30,260 DEBUG [196356] [] Request URI : /eccadmin_dev/ReportRegist/index
2022-07-28 12:01:30,265 DEBUG [196356] [] ReportRegistController start
2022-07-28 12:01:30,266 DEBUG [196356] [] controllers/ReportRegistController.php: is exist
2022-07-28 12:01:30,273 DEBUG [196356] [] ReportRegistForm: is exist
2022-07-28 12:01:30,273 DEBUG [196356] [] ReportRegistForm: form value set 
2022-07-28 12:01:30,274 DEBUG [196356] [] ------------------------------/eccadmin_dev/ReportRegist/index
2022-07-28 12:01:30,274 DEBUG [196356] [] ------------------------------session_check_true
2022-07-28 12:01:30,274 DEBUG [196356] [] indexAction start
2022-07-28 12:01:30,274 DEBUG [196356] [] admin_no is 1
2022-07-28 12:01:30,367 DEBUG [196356] [] indexAction end
2022-07-28 12:01:30,367 DEBUG [196356] [] ReportRegistController end
2022-07-28 12:01:30,368 DEBUG [196356] [] finally
2022-07-28 12:01:43,638 DEBUG [196355] [] Request URI : /eccadmin_dev/ReportRegist/save
2022-07-28 12:01:43,646 DEBUG [196355] [] ReportRegistController start
2022-07-28 12:01:43,646 DEBUG [196355] [] controllers/ReportRegistController.php: is exist
2022-07-28 12:01:43,654 DEBUG [196355] [] ReportRegistForm: is exist
2022-07-28 12:01:43,654 DEBUG [196355] [] ReportRegistForm: form value set 
2022-07-28 12:01:43,654 DEBUG [196355] [] ------------------------------/eccadmin_dev/ReportRegist/save
2022-07-28 12:01:43,655 DEBUG [196355] [] ------------------------------session_check_true
2022-07-28 12:01:43,655 DEBUG [196355] [] saveAction start
2022-07-28 12:01:43,754 DEBUG [196355] [] saveAction end
2022-07-28 12:01:43,755 DEBUG [196355] [] ReportRegistController end
2022-07-28 12:01:43,755 DEBUG [196355] [] finally
2022-07-28 12:01:58,070 DEBUG [196357] [] Request URI : /eccadmin_dev/ReportRegist/save
2022-07-28 12:01:58,075 DEBUG [196357] [] ReportRegistController start
2022-07-28 12:01:58,075 DEBUG [196357] [] controllers/ReportRegistController.php: is exist
2022-07-28 12:01:58,081 DEBUG [196357] [] ReportRegistForm: is exist
2022-07-28 12:01:58,082 DEBUG [196357] [] ReportRegistForm: form value set 
2022-07-28 12:01:58,082 DEBUG [196357] [] ------------------------------/eccadmin_dev/ReportRegist/save
2022-07-28 12:01:58,082 DEBUG [196357] [] ------------------------------session_check_true
2022-07-28 12:01:58,082 DEBUG [196357] [] saveAction start
2022-07-28 12:01:58,206 DEBUG [196357] [] saveAction end
2022-07-28 12:01:58,206 DEBUG [196357] [] ReportRegistController end
2022-07-28 12:01:58,206 DEBUG [196357] [] finally
2022-07-28 12:03:34,329 DEBUG [196357] [] Request URI : /eccadmin_dev/ReportRegist/save
2022-07-28 12:03:34,334 DEBUG [196357] [] ReportRegistController start
2022-07-28 12:03:34,334 DEBUG [196357] [] controllers/ReportRegistController.php: is exist
2022-07-28 12:03:34,340 DEBUG [196357] [] ReportRegistForm: is exist
2022-07-28 12:03:34,341 DEBUG [196357] [] ReportRegistForm: form value set 
2022-07-28 12:03:34,341 DEBUG [196357] [] ------------------------------/eccadmin_dev/ReportRegist/save
2022-07-28 12:03:34,341 DEBUG [196357] [] ------------------------------session_check_true
2022-07-28 12:03:34,341 DEBUG [196357] [] saveAction start
2022-07-28 12:03:34,410 DEBUG [196357] [] saveAction end
2022-07-28 12:03:34,410 DEBUG [196357] [] ReportRegistController end
2022-07-28 12:03:34,410 DEBUG [196357] [] finally
2022-07-28 12:03:36,768 DEBUG [196357] [] Request URI : /eccadmin_dev/ReportRegist/back
2022-07-28 12:03:36,773 DEBUG [196357] [] ReportRegistController start
2022-07-28 12:03:36,773 DEBUG [196357] [] controllers/ReportRegistController.php: is exist
2022-07-28 12:03:36,780 DEBUG [196357] [] ReportRegistForm: is exist
2022-07-28 12:03:36,780 DEBUG [196357] [] ReportRegistForm: form value set 
2022-07-28 12:03:36,780 DEBUG [196357] [] ------------------------------/eccadmin_dev/ReportRegist/back
2022-07-28 12:03:36,780 DEBUG [196357] [] ------------------------------session_check_true
2022-07-28 12:03:36,781 DEBUG [196357] [] backAction start
2022-07-28 12:03:36,781 DEBUG [196357] [] admin_no is 1
2022-07-28 12:03:36,781 DEBUG [196357] [] backAction end
2022-07-28 12:03:36,781 DEBUG [196357] [] ReportRegistController end
2022-07-28 12:03:36,781 DEBUG [196357] [] finally
2022-07-28 12:03:36,804 DEBUG [196357] [] Request URI : /eccadmin_dev/ReportList/Search
2022-07-28 12:03:36,808 DEBUG [196357] [] ReportListController start
2022-07-28 12:03:36,808 DEBUG [196357] [] controllers/ReportListController.php: is exist
2022-07-28 12:03:36,812 DEBUG [196357] [] ReportListForm: is exist
2022-07-28 12:03:36,812 DEBUG [196357] [] ReportListForm: form value set 
2022-07-28 12:03:36,813 DEBUG [196357] [] ------------------------------/eccadmin_dev/ReportList/Search
2022-07-28 12:03:36,813 DEBUG [196357] [] SearchAction start
2022-07-28 12:03:36,813 DEBUG [196357] [] --------back--------
2022-07-28 12:03:36,813 DEBUG [196357] [] admin_no is 1
2022-07-28 12:03:36,871 DEBUG [196357] [] SearchAction end
2022-07-28 12:03:36,871 DEBUG [196357] [] ReportListController end
2022-07-28 12:03:36,871 DEBUG [196357] [] finally
2022-07-28 12:03:42,819 DEBUG [196415] [] Request URI : /eccadmin_dev/ReportRegist/index
2022-07-28 12:03:42,828 DEBUG [196415] [] ReportRegistController start
2022-07-28 12:03:42,828 DEBUG [196415] [] controllers/ReportRegistController.php: is exist
2022-07-28 12:03:42,835 DEBUG [196415] [] ReportRegistForm: is exist
2022-07-28 12:03:42,836 DEBUG [196415] [] ReportRegistForm: form value set 
2022-07-28 12:03:42,836 DEBUG [196415] [] ------------------------------/eccadmin_dev/ReportRegist/index
2022-07-28 12:03:42,836 DEBUG [196415] [] ------------------------------session_check_true
2022-07-28 12:03:42,837 DEBUG [196415] [] indexAction start
2022-07-28 12:03:42,837 DEBUG [196415] [] admin_no is 1
2022-07-28 12:03:42,914 DEBUG [196415] [] indexAction end
2022-07-28 12:03:42,914 DEBUG [196415] [] ReportRegistController end
2022-07-28 12:03:42,914 DEBUG [196415] [] finally
2022-07-28 12:04:30,993 DEBUG [196358] [] Request URI : /eccadmin_dev/ReportRegist/back
2022-07-28 12:04:30,998 DEBUG [196358] [] ReportRegistController start
2022-07-28 12:04:30,999 DEBUG [196358] [] controllers/ReportRegistController.php: is exist
2022-07-28 12:04:31,006 DEBUG [196358] [] ReportRegistForm: is exist
2022-07-28 12:04:31,006 DEBUG [196358] [] ReportRegistForm: form value set 
2022-07-28 12:04:31,007 DEBUG [196358] [] ------------------------------/eccadmin_dev/ReportRegist/back
2022-07-28 12:04:31,007 DEBUG [196358] [] ------------------------------session_check_true
2022-07-28 12:04:31,007 DEBUG [196358] [] backAction start
2022-07-28 12:04:31,007 DEBUG [196358] [] admin_no is 1
2022-07-28 12:04:31,007 DEBUG [196358] [] backAction end
2022-07-28 12:04:31,007 DEBUG [196358] [] ReportRegistController end
2022-07-28 12:04:31,007 DEBUG [196358] [] finally
2022-07-28 12:04:31,033 DEBUG [196358] [] Request URI : /eccadmin_dev/ReportList/Search
2022-07-28 12:04:31,037 DEBUG [196358] [] ReportListController start
2022-07-28 12:04:31,038 DEBUG [196358] [] controllers/ReportListController.php: is exist
2022-07-28 12:04:31,042 DEBUG [196358] [] ReportListForm: is exist
2022-07-28 12:04:31,042 DEBUG [196358] [] ReportListForm: form value set 
2022-07-28 12:04:31,043 DEBUG [196358] [] ------------------------------/eccadmin_dev/ReportList/Search
2022-07-28 12:04:31,043 DEBUG [196358] [] SearchAction start
2022-07-28 12:04:31,043 DEBUG [196358] [] --------back--------
2022-07-28 12:04:31,043 DEBUG [196358] [] admin_no is 1
2022-07-28 12:04:31,117 DEBUG [196358] [] SearchAction end
2022-07-28 12:04:31,117 DEBUG [196358] [] ReportListController end
2022-07-28 12:04:31,117 DEBUG [196358] [] finally
2022-07-28 12:04:59,642 DEBUG [196356] [] Request URI : /eccadmin_dev/ReportRegist/index
2022-07-28 12:04:59,647 DEBUG [196356] [] ReportRegistController start
2022-07-28 12:04:59,647 DEBUG [196356] [] controllers/ReportRegistController.php: is exist
2022-07-28 12:04:59,653 DEBUG [196356] [] ReportRegistForm: is exist
2022-07-28 12:04:59,654 DEBUG [196356] [] ReportRegistForm: form value set 
2022-07-28 12:04:59,654 DEBUG [196356] [] ------------------------------/eccadmin_dev/ReportRegist/index
2022-07-28 12:04:59,654 DEBUG [196356] [] ------------------------------session_check_true
2022-07-28 12:04:59,655 DEBUG [196356] [] indexAction start
2022-07-28 12:04:59,655 DEBUG [196356] [] admin_no is 1
2022-07-28 12:04:59,729 DEBUG [196356] [] indexAction end
2022-07-28 12:04:59,729 DEBUG [196356] [] ReportRegistController end
2022-07-28 12:04:59,730 DEBUG [196356] [] finally
2022-07-28 12:05:04,179 DEBUG [196356] [] Request URI : /eccadmin_dev/ReportRegist/save
2022-07-28 12:05:04,184 DEBUG [196356] [] ReportRegistController start
2022-07-28 12:05:04,185 DEBUG [196356] [] controllers/ReportRegistController.php: is exist
2022-07-28 12:05:04,191 DEBUG [196356] [] ReportRegistForm: is exist
2022-07-28 12:05:04,191 DEBUG [196356] [] ReportRegistForm: form value set 
2022-07-28 12:05:04,192 DEBUG [196356] [] ------------------------------/eccadmin_dev/ReportRegist/save
2022-07-28 12:05:04,192 DEBUG [196356] [] ------------------------------session_check_true
2022-07-28 12:05:04,192 DEBUG [196356] [] saveAction start
2022-07-28 12:05:04,306 DEBUG [196356] [] saveAction end
2022-07-28 12:05:04,307 DEBUG [196356] [] ReportRegistController end
2022-07-28 12:05:04,307 DEBUG [196356] [] finally
2022-07-28 12:05:25,466 DEBUG [196431] [] Request URI : /eccadmin_dev/ReportRegist/save
2022-07-28 12:05:25,475 DEBUG [196431] [] ReportRegistController start
2022-07-28 12:05:25,475 DEBUG [196431] [] controllers/ReportRegistController.php: is exist
2022-07-28 12:05:25,483 DEBUG [196431] [] ReportRegistForm: is exist
2022-07-28 12:05:25,484 DEBUG [196431] [] ReportRegistForm: form value set 
2022-07-28 12:05:25,484 DEBUG [196431] [] ------------------------------/eccadmin_dev/ReportRegist/save
2022-07-28 12:05:25,484 DEBUG [196431] [] ------------------------------session_check_true
2022-07-28 12:05:25,484 DEBUG [196431] [] saveAction start
2022-07-28 12:05:25,580 DEBUG [196431] [] saveAction end
2022-07-28 12:05:25,580 DEBUG [196431] [] ReportRegistController end
2022-07-28 12:05:25,580 DEBUG [196431] [] finally
2022-07-28 12:06:23,253 DEBUG [196356] [] Request URI : /eccadmin_dev/ReportRegist/save
2022-07-28 12:06:23,258 DEBUG [196356] [] ReportRegistController start
2022-07-28 12:06:23,258 DEBUG [196356] [] controllers/ReportRegistController.php: is exist
2022-07-28 12:06:23,265 DEBUG [196356] [] ReportRegistForm: is exist
2022-07-28 12:06:23,265 DEBUG [196356] [] ReportRegistForm: form value set 
2022-07-28 12:06:23,266 DEBUG [196356] [] ------------------------------/eccadmin_dev/ReportRegist/save
2022-07-28 12:06:23,266 DEBUG [196356] [] ------------------------------session_check_true
2022-07-28 12:06:23,266 DEBUG [196356] [] saveAction start
2022-07-28 12:06:23,350 DEBUG [196356] [] saveAction end
2022-07-28 12:06:23,351 DEBUG [196356] [] ReportRegistController end
2022-07-28 12:06:23,351 DEBUG [196356] [] finally
2022-07-28 12:14:35,794 DEBUG [196356] [] Request URI : /eccadmin_dev/ReportRegist/back
2022-07-28 12:14:35,799 DEBUG [196356] [] ReportRegistController start
2022-07-28 12:14:35,799 DEBUG [196356] [] controllers/ReportRegistController.php: is exist
2022-07-28 12:14:35,806 DEBUG [196356] [] ReportRegistForm: is exist
2022-07-28 12:14:35,806 DEBUG [196356] [] ReportRegistForm: form value set 
2022-07-28 12:14:35,807 DEBUG [196356] [] ------------------------------/eccadmin_dev/ReportRegist/back
2022-07-28 12:14:35,807 DEBUG [196356] [] ------------------------------session_check_true
2022-07-28 12:14:35,807 DEBUG [196356] [] backAction start
2022-07-28 12:14:35,807 DEBUG [196356] [] admin_no is 1
2022-07-28 12:14:35,807 DEBUG [196356] [] backAction end
2022-07-28 12:14:35,807 DEBUG [196356] [] ReportRegistController end
2022-07-28 12:14:35,807 DEBUG [196356] [] finally
2022-07-28 12:14:35,834 DEBUG [196356] [] Request URI : /eccadmin_dev/ReportList/Search
2022-07-28 12:14:35,839 DEBUG [196356] [] ReportListController start
2022-07-28 12:14:35,839 DEBUG [196356] [] controllers/ReportListController.php: is exist
2022-07-28 12:14:35,844 DEBUG [196356] [] ReportListForm: is exist
2022-07-28 12:14:35,844 DEBUG [196356] [] ReportListForm: form value set 
2022-07-28 12:14:35,845 DEBUG [196356] [] ------------------------------/eccadmin_dev/ReportList/Search
2022-07-28 12:14:35,845 DEBUG [196356] [] SearchAction start
2022-07-28 12:14:35,845 DEBUG [196356] [] --------back--------
2022-07-28 12:14:35,845 DEBUG [196356] [] admin_no is 1
2022-07-28 12:14:35,930 DEBUG [196356] [] SearchAction end
2022-07-28 12:14:35,930 DEBUG [196356] [] ReportListController end
2022-07-28 12:14:35,930 DEBUG [196356] [] finally
2022-07-28 12:14:48,145 DEBUG [196437] [] Request URI : /eccadmin_dev/ReportRegist/index
2022-07-28 12:14:48,150 DEBUG [196437] [] ReportRegistController start
2022-07-28 12:14:48,150 DEBUG [196437] [] controllers/ReportRegistController.php: is exist
2022-07-28 12:14:48,156 DEBUG [196437] [] ReportRegistForm: is exist
2022-07-28 12:14:48,157 DEBUG [196437] [] ReportRegistForm: form value set 
2022-07-28 12:14:48,157 DEBUG [196437] [] ------------------------------/eccadmin_dev/ReportRegist/index
2022-07-28 12:14:48,157 DEBUG [196437] [] ------------------------------session_check_true
2022-07-28 12:14:48,157 DEBUG [196437] [] indexAction start
2022-07-28 12:14:48,157 DEBUG [196437] [] admin_no is 1
2022-07-28 12:14:48,230 DEBUG [196437] [] indexAction end
2022-07-28 12:14:48,230 DEBUG [196437] [] ReportRegistController end
2022-07-28 12:14:48,230 DEBUG [196437] [] finally
2022-07-28 12:14:54,582 DEBUG [196356] [] Request URI : /eccadmin_dev/ReportRegist/save
2022-07-28 12:14:54,588 DEBUG [196356] [] ReportRegistController start
2022-07-28 12:14:54,588 DEBUG [196356] [] controllers/ReportRegistController.php: is exist
2022-07-28 12:14:54,594 DEBUG [196356] [] ReportRegistForm: is exist
2022-07-28 12:14:54,594 DEBUG [196356] [] ReportRegistForm: form value set 
2022-07-28 12:14:54,595 DEBUG [196356] [] ------------------------------/eccadmin_dev/ReportRegist/save
2022-07-28 12:14:54,595 DEBUG [196356] [] ------------------------------session_check_true
2022-07-28 12:14:54,595 DEBUG [196356] [] saveAction start
2022-07-28 12:14:54,676 DEBUG [196356] [] saveAction end
2022-07-28 12:14:54,677 DEBUG [196356] [] ReportRegistController end
2022-07-28 12:14:54,677 DEBUG [196356] [] finally
2022-07-28 12:19:28,461 DEBUG [196463] [] Request URI : /eccadmin_dev/ReportRegist/back
2022-07-28 12:19:28,467 DEBUG [196463] [] ReportRegistController start
2022-07-28 12:19:28,467 DEBUG [196463] [] controllers/ReportRegistController.php: is exist
2022-07-28 12:19:28,474 DEBUG [196463] [] ReportRegistForm: is exist
2022-07-28 12:19:28,474 DEBUG [196463] [] ReportRegistForm: form value set 
2022-07-28 12:19:28,475 DEBUG [196463] [] ------------------------------/eccadmin_dev/ReportRegist/back
2022-07-28 12:19:28,475 DEBUG [196463] [] ------------------------------session_check_true
2022-07-28 12:19:28,475 DEBUG [196463] [] backAction start
2022-07-28 12:19:28,475 DEBUG [196463] [] admin_no is 1
2022-07-28 12:19:28,475 DEBUG [196463] [] backAction end
2022-07-28 12:19:28,475 DEBUG [196463] [] ReportRegistController end
2022-07-28 12:19:28,475 DEBUG [196463] [] finally
2022-07-28 12:19:28,500 DEBUG [196463] [] Request URI : /eccadmin_dev/ReportList/Search
2022-07-28 12:19:28,505 DEBUG [196463] [] ReportListController start
2022-07-28 12:19:28,505 DEBUG [196463] [] controllers/ReportListController.php: is exist
2022-07-28 12:19:28,510 DEBUG [196463] [] ReportListForm: is exist
2022-07-28 12:19:28,510 DEBUG [196463] [] ReportListForm: form value set 
2022-07-28 12:19:28,510 DEBUG [196463] [] ------------------------------/eccadmin_dev/ReportList/Search
2022-07-28 12:19:28,510 DEBUG [196463] [] SearchAction start
2022-07-28 12:19:28,511 DEBUG [196463] [] --------back--------
2022-07-28 12:19:28,511 DEBUG [196463] [] admin_no is 1
2022-07-28 12:19:28,579 DEBUG [196463] [] SearchAction end
2022-07-28 12:19:28,579 DEBUG [196463] [] ReportListController end
2022-07-28 12:19:28,579 DEBUG [196463] [] finally
2022-07-28 12:42:01,463 DEBUG [318] [] Request URI : /eccadmin_dev/ReportList/Search
2022-07-28 12:42:01,469 DEBUG [318] [] ReportListController start
2022-07-28 12:42:01,469 DEBUG [318] [] controllers/ReportListController.php: is exist
2022-07-28 12:42:01,474 DEBUG [318] [] ReportListForm: is exist
2022-07-28 12:42:01,474 DEBUG [318] [] ReportListForm: form value set 
2022-07-28 12:42:01,475 DEBUG [318] [] ------------------------------/eccadmin_dev/ReportList/Search
2022-07-28 12:42:01,475 DEBUG [318] [] SearchAction start
2022-07-28 12:42:01,475 DEBUG [318] [] admin_no is 1
2022-07-28 12:42:01,553 DEBUG [318] [] SearchAction end
2022-07-28 12:42:01,553 DEBUG [318] [] ReportListController end
2022-07-28 12:42:01,553 DEBUG [318] [] finally
2022-07-28 13:19:25,425 DEBUG [196417] [] Request URI : /eccadmin_dev/Login
2022-07-28 13:19:25,431 DEBUG [196417] [] LoginController start
2022-07-28 13:19:25,431 DEBUG [196417] [] controllers/LoginController.php: is exist
2022-07-28 13:19:25,434 DEBUG [196417] [] LoginForm: is exist
2022-07-28 13:19:25,434 DEBUG [196417] [] LoginForm: form value set 
2022-07-28 13:19:25,435 DEBUG [196417] [] ------------------------------/eccadmin_dev/Login
2022-07-28 13:19:25,435 DEBUG [196417] [] ------------------------------login_start_check
2022-07-28 13:19:25,435 DEBUG [196417] [] indexAction start
2022-07-28 13:19:25,464 DEBUG [196417] [] indexAction end
2022-07-28 13:19:25,464 DEBUG [196417] [] LoginController end
2022-07-28 13:19:25,464 DEBUG [196417] [] finally
2022-07-28 13:19:29,432 DEBUG [196417] [] Request URI : /eccadmin_dev/Login/login
2022-07-28 13:19:29,437 DEBUG [196417] [] LoginController start
2022-07-28 13:19:29,437 DEBUG [196417] [] controllers/LoginController.php: is exist
2022-07-28 13:19:29,440 DEBUG [196417] [] LoginForm: is exist
2022-07-28 13:19:29,440 DEBUG [196417] [] LoginForm: form value set 
2022-07-28 13:19:29,440 DEBUG [196417] [] ------------------------------/eccadmin_dev/Login/login
2022-07-28 13:19:29,440 DEBUG [196417] [] ------------------------------login_start_check
2022-07-28 13:19:29,441 DEBUG [196417] [] loginAction start
2022-07-28 13:19:29,732 DEBUG [196417] [] loginAction end
2022-07-28 13:19:29,733 DEBUG [196417] [] LoginController end
2022-07-28 13:19:29,733 DEBUG [196417] [] finally
2022-07-28 13:19:29,758 DEBUG [196417] [] Request URI : /eccadmin_dev/Menu
2022-07-28 13:19:29,761 DEBUG [196417] [] MenuController start
2022-07-28 13:19:29,761 DEBUG [196417] [] controllers/MenuController.php: is exist
2022-07-28 13:19:29,762 DEBUG [196417] [] MenuForm: is exist
2022-07-28 13:19:29,763 DEBUG [196417] [] MenuForm: form value set 
2022-07-28 13:19:29,763 DEBUG [196417] [] ------------------------------/eccadmin_dev/Menu
2022-07-28 13:19:29,763 DEBUG [196417] [] ------------------------------login_start_check
2022-07-28 13:19:29,763 DEBUG [196417] [] indexAction start
2022-07-28 13:19:29,763 DEBUG [196417] [] admin_no is 1
2022-07-28 13:19:29,801 DEBUG [196417] [] indexAction end
2022-07-28 13:19:29,801 DEBUG [196417] [] MenuController end
2022-07-28 13:19:29,801 DEBUG [196417] [] finally
2022-07-28 13:19:34,521 DEBUG [318] [] Request URI : /eccadmin_dev/ReportList
2022-07-28 13:19:34,526 DEBUG [318] [] ReportListController start
2022-07-28 13:19:34,526 DEBUG [318] [] controllers/ReportListController.php: is exist
2022-07-28 13:19:34,531 DEBUG [318] [] ReportListForm: is exist
2022-07-28 13:19:34,531 DEBUG [318] [] ReportListForm: form value set 
2022-07-28 13:19:34,532 DEBUG [318] [] ------------------------------/eccadmin_dev/ReportList
2022-07-28 13:19:34,532 DEBUG [318] [] indexAction start
2022-07-28 13:19:34,532 DEBUG [318] [] admin_no is 1
2022-07-28 13:19:34,610 DEBUG [318] [] indexAction end
2022-07-28 13:19:34,610 DEBUG [318] [] ReportListController end
2022-07-28 13:19:34,610 DEBUG [318] [] finally
2022-07-28 13:19:39,072 DEBUG [318] [] Request URI : /eccadmin_dev/ReportRegist/index
2022-07-28 13:19:39,077 DEBUG [318] [] ReportRegistController start
2022-07-28 13:19:39,077 DEBUG [318] [] controllers/ReportRegistController.php: is exist
2022-07-28 13:19:39,084 DEBUG [318] [] ReportRegistForm: is exist
2022-07-28 13:19:39,085 DEBUG [318] [] ReportRegistForm: form value set 
2022-07-28 13:19:39,085 DEBUG [318] [] ------------------------------/eccadmin_dev/ReportRegist/index
2022-07-28 13:19:39,085 DEBUG [318] [] ------------------------------session_check_true
2022-07-28 13:19:39,085 DEBUG [318] [] indexAction start
2022-07-28 13:19:39,085 DEBUG [318] [] admin_no is 1
2022-07-28 13:19:39,167 DEBUG [318] [] indexAction end
2022-07-28 13:19:39,167 DEBUG [318] [] ReportRegistController end
2022-07-28 13:19:39,167 DEBUG [318] [] finally
2022-07-28 13:19:52,513 DEBUG [545] [] Request URI : /eccadmin_dev/ReportRegist/save
2022-07-28 13:19:52,518 DEBUG [545] [] ReportRegistController start
2022-07-28 13:19:52,518 DEBUG [545] [] controllers/ReportRegistController.php: is exist
2022-07-28 13:19:52,525 DEBUG [545] [] ReportRegistForm: is exist
2022-07-28 13:19:52,525 DEBUG [545] [] ReportRegistForm: form value set 
2022-07-28 13:19:52,525 DEBUG [545] [] ------------------------------/eccadmin_dev/ReportRegist/save
2022-07-28 13:19:52,526 DEBUG [545] [] ------------------------------session_check_true
2022-07-28 13:19:52,526 DEBUG [545] [] saveAction start
2022-07-28 13:19:52,624 DEBUG [545] [] saveAction end
2022-07-28 13:19:52,624 DEBUG [545] [] ReportRegistController end
2022-07-28 13:19:52,624 DEBUG [545] [] finally
2022-07-28 13:19:54,101 DEBUG [545] [] Request URI : /eccadmin_dev/ReportRegist/back
2022-07-28 13:19:54,107 DEBUG [545] [] ReportRegistController start
2022-07-28 13:19:54,107 DEBUG [545] [] controllers/ReportRegistController.php: is exist
2022-07-28 13:19:54,114 DEBUG [545] [] ReportRegistForm: is exist
2022-07-28 13:19:54,114 DEBUG [545] [] ReportRegistForm: form value set 
2022-07-28 13:19:54,115 DEBUG [545] [] ------------------------------/eccadmin_dev/ReportRegist/back
2022-07-28 13:19:54,115 DEBUG [545] [] ------------------------------session_check_true
2022-07-28 13:19:54,115 DEBUG [545] [] backAction start
2022-07-28 13:19:54,115 DEBUG [545] [] admin_no is 1
2022-07-28 13:19:54,115 DEBUG [545] [] backAction end
2022-07-28 13:19:54,115 DEBUG [545] [] ReportRegistController end
2022-07-28 13:19:54,115 DEBUG [545] [] finally
2022-07-28 13:19:54,137 DEBUG [545] [] Request URI : /eccadmin_dev/ReportList/Search
2022-07-28 13:19:54,141 DEBUG [545] [] ReportListController start
2022-07-28 13:19:54,141 DEBUG [545] [] controllers/ReportListController.php: is exist
2022-07-28 13:19:54,144 DEBUG [545] [] ReportListForm: is exist
2022-07-28 13:19:54,144 DEBUG [545] [] ReportListForm: form value set 
2022-07-28 13:19:54,145 DEBUG [545] [] ------------------------------/eccadmin_dev/ReportList/Search
2022-07-28 13:19:54,145 DEBUG [545] [] SearchAction start
2022-07-28 13:19:54,145 DEBUG [545] [] --------back--------
2022-07-28 13:19:54,145 DEBUG [545] [] admin_no is 1
2022-07-28 13:19:54,196 DEBUG [545] [] SearchAction end
2022-07-28 13:19:54,196 DEBUG [545] [] ReportListController end
2022-07-28 13:19:54,196 DEBUG [545] [] finally
2022-07-28 13:20:02,426 DEBUG [528] [] Request URI : /eccadmin_dev/ReportRegist/index
2022-07-28 13:20:02,431 DEBUG [528] [] ReportRegistController start
2022-07-28 13:20:02,431 DEBUG [528] [] controllers/ReportRegistController.php: is exist
2022-07-28 13:20:02,436 DEBUG [528] [] ReportRegistForm: is exist
2022-07-28 13:20:02,437 DEBUG [528] [] ReportRegistForm: form value set 
2022-07-28 13:20:02,437 DEBUG [528] [] ------------------------------/eccadmin_dev/ReportRegist/index
2022-07-28 13:20:02,437 DEBUG [528] [] ------------------------------session_check_true
2022-07-28 13:20:02,437 DEBUG [528] [] indexAction start
2022-07-28 13:20:02,438 DEBUG [528] [] admin_no is 1
2022-07-28 13:20:02,532 DEBUG [528] [] indexAction end
2022-07-28 13:20:02,532 DEBUG [528] [] ReportRegistController end
2022-07-28 13:20:02,533 DEBUG [528] [] finally
2022-07-28 13:20:07,424 DEBUG [528] [] Request URI : /eccadmin_dev/ReportRegist/save
2022-07-28 13:20:07,429 DEBUG [528] [] ReportRegistController start
2022-07-28 13:20:07,429 DEBUG [528] [] controllers/ReportRegistController.php: is exist
2022-07-28 13:20:07,436 DEBUG [528] [] ReportRegistForm: is exist
2022-07-28 13:20:07,436 DEBUG [528] [] ReportRegistForm: form value set 
2022-07-28 13:20:07,437 DEBUG [528] [] ------------------------------/eccadmin_dev/ReportRegist/save
2022-07-28 13:20:07,437 DEBUG [528] [] ------------------------------session_check_true
2022-07-28 13:20:07,437 DEBUG [528] [] saveAction start
2022-07-28 13:20:07,526 DEBUG [528] [] saveAction end
2022-07-28 13:20:07,526 DEBUG [528] [] ReportRegistController end
2022-07-28 13:20:07,526 DEBUG [528] [] finally
2022-07-28 13:20:08,693 DEBUG [528] [] Request URI : /eccadmin_dev/ReportRegist/back
2022-07-28 13:20:08,698 DEBUG [528] [] ReportRegistController start
2022-07-28 13:20:08,698 DEBUG [528] [] controllers/ReportRegistController.php: is exist
2022-07-28 13:20:08,706 DEBUG [528] [] ReportRegistForm: is exist
2022-07-28 13:20:08,706 DEBUG [528] [] ReportRegistForm: form value set 
2022-07-28 13:20:08,706 DEBUG [528] [] ------------------------------/eccadmin_dev/ReportRegist/back
2022-07-28 13:20:08,707 DEBUG [528] [] ------------------------------session_check_true
2022-07-28 13:20:08,707 DEBUG [528] [] backAction start
2022-07-28 13:20:08,707 DEBUG [528] [] admin_no is 1
2022-07-28 13:20:08,707 DEBUG [528] [] backAction end
2022-07-28 13:20:08,707 DEBUG [528] [] ReportRegistController end
2022-07-28 13:20:08,707 DEBUG [528] [] finally
2022-07-28 13:20:08,731 DEBUG [528] [] Request URI : /eccadmin_dev/ReportList/Search
2022-07-28 13:20:08,737 DEBUG [528] [] ReportListController start
2022-07-28 13:20:08,737 DEBUG [528] [] controllers/ReportListController.php: is exist
2022-07-28 13:20:08,742 DEBUG [528] [] ReportListForm: is exist
2022-07-28 13:20:08,742 DEBUG [528] [] ReportListForm: form value set 
2022-07-28 13:20:08,742 DEBUG [528] [] ------------------------------/eccadmin_dev/ReportList/Search
2022-07-28 13:20:08,743 DEBUG [528] [] SearchAction start
2022-07-28 13:20:08,743 DEBUG [528] [] --------back--------
2022-07-28 13:20:08,743 DEBUG [528] [] admin_no is 1
2022-07-28 13:20:08,831 DEBUG [528] [] SearchAction end
2022-07-28 13:20:08,831 DEBUG [528] [] ReportListController end
2022-07-28 13:20:08,831 DEBUG [528] [] finally
2022-07-28 13:20:11,101 DEBUG [528] [] Request URI : /eccadmin_dev/ReportRegist/index
2022-07-28 13:20:11,106 DEBUG [528] [] ReportRegistController start
2022-07-28 13:20:11,106 DEBUG [528] [] controllers/ReportRegistController.php: is exist
2022-07-28 13:20:11,113 DEBUG [528] [] ReportRegistForm: is exist
2022-07-28 13:20:11,113 DEBUG [528] [] ReportRegistForm: form value set 
2022-07-28 13:20:11,114 DEBUG [528] [] ------------------------------/eccadmin_dev/ReportRegist/index
2022-07-28 13:20:11,114 DEBUG [528] [] ------------------------------session_check_true
2022-07-28 13:20:11,114 DEBUG [528] [] indexAction start
2022-07-28 13:20:11,114 DEBUG [528] [] admin_no is 1
2022-07-28 13:20:11,192 DEBUG [528] [] indexAction end
2022-07-28 13:20:11,192 DEBUG [528] [] ReportRegistController end
2022-07-28 13:20:11,193 DEBUG [528] [] finally
2022-07-28 13:20:17,264 DEBUG [553] [] Request URI : /eccadmin_dev/ReportRegist/save
2022-07-28 13:20:17,270 DEBUG [553] [] ReportRegistController start
2022-07-28 13:20:17,270 DEBUG [553] [] controllers/ReportRegistController.php: is exist
2022-07-28 13:20:17,276 DEBUG [553] [] ReportRegistForm: is exist
2022-07-28 13:20:17,277 DEBUG [553] [] ReportRegistForm: form value set 
2022-07-28 13:20:17,277 DEBUG [553] [] ------------------------------/eccadmin_dev/ReportRegist/save
2022-07-28 13:20:17,277 DEBUG [553] [] ------------------------------session_check_true
2022-07-28 13:20:17,277 DEBUG [553] [] saveAction start
2022-07-28 13:20:17,369 DEBUG [553] [] saveAction end
2022-07-28 13:20:17,369 DEBUG [553] [] ReportRegistController end
2022-07-28 13:20:17,369 DEBUG [553] [] finally
2022-07-28 14:34:07,869 DEBUG [547] [] Request URI : /eccadmin_dev/ReportRegist/back
2022-07-28 14:34:07,873 DEBUG [547] [] ReportRegistController start
2022-07-28 14:34:07,874 DEBUG [547] [] controllers/ReportRegistController.php: is exist
2022-07-28 14:34:07,880 DEBUG [547] [] ReportRegistForm: is exist
2022-07-28 14:34:07,880 DEBUG [547] [] ReportRegistForm: form value set 
2022-07-28 14:34:07,880 DEBUG [547] [] ------------------------------/eccadmin_dev/ReportRegist/back
2022-07-28 14:34:07,881 DEBUG [547] [] ------------------------------session_check_false:uid=637b1fe734dc821941222de6c2dde6f0-----&-----
2022-07-28 14:34:07,881 DEBUG [547] [] backAction start
2022-07-28 14:34:07,881 DEBUG [547] [] admin_no is 
2022-07-28 14:34:07,881 DEBUG [547] [] backAction end
2022-07-28 14:34:07,881 DEBUG [547] [] ReportRegistController end
2022-07-28 14:34:07,881 DEBUG [547] [] finally
2022-07-28 14:34:07,906 DEBUG [547] [] Request URI : /eccadmin_dev/Error/disp
2022-07-28 14:34:07,911 DEBUG [547] [] ErrorController start
2022-07-28 14:34:07,941 DEBUG [547] [] controllers/ErrorController.php: is exist
2022-07-28 14:34:07,947 DEBUG [547] [] ErrorForm: is exist
2022-07-28 14:34:07,978 DEBUG [547] [] ErrorForm: form value set 
2022-07-28 14:34:07,979 DEBUG [547] [] ------------------------------/eccadmin_dev/Error/disp
2022-07-28 14:34:07,979 DEBUG [547] [] ------------------------------login_start_check
2022-07-28 14:34:07,979 DEBUG [547] [] dispAction start
2022-07-28 14:34:08,025 DEBUG [547] [] dispAction end
2022-07-28 14:34:08,025 DEBUG [547] [] ErrorController end
2022-07-28 14:34:08,025 DEBUG [547] [] finally
2022-07-28 14:34:09,311 DEBUG [590] [] Request URI : /eccadmin_dev/Login
2022-07-28 14:34:09,316 DEBUG [590] [] LoginController start
2022-07-28 14:34:09,316 DEBUG [590] [] controllers/LoginController.php: is exist
2022-07-28 14:34:09,319 DEBUG [590] [] LoginForm: is exist
2022-07-28 14:34:09,320 DEBUG [590] [] LoginForm: form value set 
2022-07-28 14:34:09,320 DEBUG [590] [] ------------------------------/eccadmin_dev/Login
2022-07-28 14:34:09,320 DEBUG [590] [] ------------------------------login_start_check
2022-07-28 14:34:09,320 DEBUG [590] [] indexAction start
2022-07-28 14:34:09,345 DEBUG [590] [] indexAction end
2022-07-28 14:34:09,345 DEBUG [590] [] LoginController end
2022-07-28 14:34:09,345 DEBUG [590] [] finally
2022-07-28 18:24:35,287 DEBUG [4130] [] Request URI : /eccadmin_dev/Login
2022-07-28 18:24:35,292 DEBUG [4130] [] LoginController start
2022-07-28 18:24:35,292 DEBUG [4130] [] controllers/LoginController.php: is exist
2022-07-28 18:24:35,295 DEBUG [4130] [] LoginForm: is exist
2022-07-28 18:24:35,295 DEBUG [4130] [] LoginForm: form value set 
2022-07-28 18:24:35,296 DEBUG [4130] [] ------------------------------/eccadmin_dev/Login
2022-07-28 18:24:35,296 DEBUG [4130] [] ------------------------------login_start_check
2022-07-28 18:24:35,296 DEBUG [4130] [] indexAction start
2022-07-28 18:24:35,349 DEBUG [4130] [] indexAction end
2022-07-28 18:24:35,349 DEBUG [4130] [] LoginController end
2022-07-28 18:24:35,349 DEBUG [4130] [] finally
2022-07-28 18:59:41,585 DEBUG [4567] [] Request URI : /eccadmin_dev/Login
2022-07-28 18:59:41,591 DEBUG [4567] [] LoginController start
2022-07-28 18:59:41,591 DEBUG [4567] [] controllers/LoginController.php: is exist
2022-07-28 18:59:41,594 DEBUG [4567] [] LoginForm: is exist
2022-07-28 18:59:41,594 DEBUG [4567] [] LoginForm: form value set 
2022-07-28 18:59:41,595 DEBUG [4567] [] ------------------------------/eccadmin_dev/Login
2022-07-28 18:59:41,595 DEBUG [4567] [] ------------------------------login_start_check
2022-07-28 18:59:41,595 DEBUG [4567] [] indexAction start
2022-07-28 18:59:41,661 DEBUG [4567] [] indexAction end
2022-07-28 18:59:41,661 DEBUG [4567] [] LoginController end
2022-07-28 18:59:41,661 DEBUG [4567] [] finally
