2022-05-24 02:28:15,911 DEBUG [127515] [] Request URI : /eccadmin_dev/Login
2022-05-24 02:28:15,945 DEBUG [127515] [] LoginController start
2022-05-24 02:28:15,946 DEBUG [127515] [] controllers/LoginController.php: is exist
2022-05-24 02:28:15,949 DEBUG [127515] [] LoginForm: is exist
2022-05-24 02:28:15,949 DEBUG [127515] [] LoginForm: form value set 
2022-05-24 02:28:15,949 DEBUG [127515] [] ------------------------------/eccadmin_dev/Login
2022-05-24 02:28:15,950 DEBUG [127515] [] ------------------------------login_start_check
2022-05-24 02:28:15,950 DEBUG [127515] [] indexAction start
2022-05-24 02:28:16,049 DEBUG [127515] [] indexAction end
2022-05-24 02:28:16,049 DEBUG [127515] [] LoginController end
2022-05-24 02:28:16,049 DEBUG [127515] [] finally
2022-05-24 18:58:23,715 DEBUG [145108] [] Request URI : /eccadmin_dev/Login
2022-05-24 18:58:23,720 DEBUG [145108] [] LoginController start
2022-05-24 18:58:23,720 DEBUG [145108] [] controllers/LoginController.php: is exist
2022-05-24 18:58:23,723 DEBUG [145108] [] LoginForm: is exist
2022-05-24 18:58:23,723 DEBUG [145108] [] LoginForm: form value set 
2022-05-24 18:58:23,723 DEBUG [145108] [] ------------------------------/eccadmin_dev/Login
2022-05-24 18:58:23,723 DEBUG [145108] [] ------------------------------login_start_check
2022-05-24 18:58:23,724 DEBUG [145108] [] indexAction start
2022-05-24 18:58:23,751 DEBUG [145108] [] indexAction end
2022-05-24 18:58:23,751 DEBUG [145108] [] LoginController end
2022-05-24 18:58:23,751 DEBUG [145108] [] finally
2022-05-24 18:58:26,652 DEBUG [145108] [] Request URI : /eccadmin_dev/Login/login
2022-05-24 18:58:26,658 DEBUG [145108] [] LoginController start
2022-05-24 18:58:26,658 DEBUG [145108] [] controllers/LoginController.php: is exist
2022-05-24 18:58:26,661 DEBUG [145108] [] LoginForm: is exist
2022-05-24 18:58:26,661 DEBUG [145108] [] LoginForm: form value set 
2022-05-24 18:58:26,661 DEBUG [145108] [] ------------------------------/eccadmin_dev/Login/login
2022-05-24 18:58:26,661 DEBUG [145108] [] ------------------------------login_start_check
2022-05-24 18:58:26,662 DEBUG [145108] [] loginAction start
2022-05-24 18:58:26,965 DEBUG [145108] [] loginAction end
2022-05-24 18:58:26,965 DEBUG [145108] [] LoginController end
2022-05-24 18:58:26,965 DEBUG [145108] [] finally
2022-05-24 18:58:29,200 DEBUG [145855] [] Request URI : /eccadmin_dev/Login/login
2022-05-24 18:58:29,208 DEBUG [145855] [] LoginController start
2022-05-24 18:58:29,208 DEBUG [145855] [] controllers/LoginController.php: is exist
2022-05-24 18:58:29,211 DEBUG [145855] [] LoginForm: is exist
2022-05-24 18:58:29,211 DEBUG [145855] [] LoginForm: form value set 
2022-05-24 18:58:29,212 DEBUG [145855] [] ------------------------------/eccadmin_dev/Login/login
2022-05-24 18:58:29,212 DEBUG [145855] [] ------------------------------login_start_check
2022-05-24 18:58:29,212 DEBUG [145855] [] loginAction start
2022-05-24 18:58:29,500 DEBUG [145855] [] loginAction end
2022-05-24 18:58:29,500 DEBUG [145855] [] LoginController end
2022-05-24 18:58:29,500 DEBUG [145855] [] finally
2022-05-24 18:58:29,521 DEBUG [145855] [] Request URI : /eccadmin_dev/Menu
2022-05-24 18:58:29,523 DEBUG [145855] [] MenuController start
2022-05-24 18:58:29,523 DEBUG [145855] [] controllers/MenuController.php: is exist
2022-05-24 18:58:29,525 DEBUG [145855] [] MenuForm: is exist
2022-05-24 18:58:29,525 DEBUG [145855] [] MenuForm: form value set 
2022-05-24 18:58:29,525 DEBUG [145855] [] ------------------------------/eccadmin_dev/Menu
2022-05-24 18:58:29,525 DEBUG [145855] [] ------------------------------login_start_check
2022-05-24 18:58:29,525 DEBUG [145855] [] indexAction start
2022-05-24 18:58:29,525 DEBUG [145855] [] admin_no is 1
2022-05-24 18:58:29,583 DEBUG [145855] [] indexAction end
2022-05-24 18:58:29,583 DEBUG [145855] [] MenuController end
2022-05-24 18:58:29,583 DEBUG [145855] [] finally
2022-05-24 18:58:32,535 DEBUG [145855] [] Request URI : /eccadmin_dev/ReportList
2022-05-24 18:58:32,540 DEBUG [145855] [] ReportListController start
2022-05-24 18:58:32,540 DEBUG [145855] [] controllers/ReportListController.php: is exist
2022-05-24 18:58:32,545 DEBUG [145855] [] ReportListForm: is exist
2022-05-24 18:58:32,546 DEBUG [145855] [] ReportListForm: form value set 
2022-05-24 18:58:32,546 DEBUG [145855] [] ------------------------------/eccadmin_dev/ReportList
2022-05-24 18:58:32,546 DEBUG [145855] [] indexAction start
2022-05-24 18:58:32,546 DEBUG [145855] [] admin_no is 1
2022-05-24 18:58:32,644 DEBUG [145855] [] indexAction end
2022-05-24 18:58:32,645 DEBUG [145855] [] ReportListController end
2022-05-24 18:58:32,645 DEBUG [145855] [] finally
2022-05-24 18:58:35,121 DEBUG [145855] [] Request URI : /eccadmin_dev/ReportRegist/index
2022-05-24 18:58:35,126 DEBUG [145855] [] ReportRegistController start
2022-05-24 18:58:35,126 DEBUG [145855] [] controllers/ReportRegistController.php: is exist
2022-05-24 18:58:35,134 DEBUG [145855] [] ReportRegistForm: is exist
2022-05-24 18:58:35,134 DEBUG [145855] [] ReportRegistForm: form value set 
2022-05-24 18:58:35,135 DEBUG [145855] [] ------------------------------/eccadmin_dev/ReportRegist/index
2022-05-24 18:58:35,135 DEBUG [145855] [] ------------------------------session_check_true
2022-05-24 18:58:35,135 DEBUG [145855] [] indexAction start
2022-05-24 18:58:35,135 DEBUG [145855] [] admin_no is 1
2022-05-24 18:58:35,240 DEBUG [145855] [] indexAction end
2022-05-24 18:58:35,240 DEBUG [145855] [] ReportRegistController end
2022-05-24 18:58:35,240 DEBUG [145855] [] finally
2022-05-24 18:58:42,917 DEBUG [145872] [] Request URI : /eccadmin_dev/ReportRegist/save
2022-05-24 18:58:42,925 DEBUG [145872] [] ReportRegistController start
2022-05-24 18:58:42,925 DEBUG [145872] [] controllers/ReportRegistController.php: is exist
2022-05-24 18:58:42,932 DEBUG [145872] [] ReportRegistForm: is exist
2022-05-24 18:58:42,932 DEBUG [145872] [] ReportRegistForm: form value set 
2022-05-24 18:58:42,933 DEBUG [145872] [] ------------------------------/eccadmin_dev/ReportRegist/save
2022-05-24 18:58:42,933 DEBUG [145872] [] ------------------------------session_check_true
2022-05-24 18:58:42,933 DEBUG [145872] [] saveAction start
2022-05-24 18:58:43,004 DEBUG [145872] [] saveAction end
2022-05-24 18:58:43,004 DEBUG [145872] [] ReportRegistController end
2022-05-24 18:58:43,004 DEBUG [145872] [] finally
2022-05-24 18:59:17,173 DEBUG [145872] [] Request URI : /eccadmin_dev/ReportRegist/back
2022-05-24 18:59:17,178 DEBUG [145872] [] ReportRegistController start
2022-05-24 18:59:17,179 DEBUG [145872] [] controllers/ReportRegistController.php: is exist
2022-05-24 18:59:17,185 DEBUG [145872] [] ReportRegistForm: is exist
2022-05-24 18:59:17,186 DEBUG [145872] [] ReportRegistForm: form value set 
2022-05-24 18:59:17,186 DEBUG [145872] [] ------------------------------/eccadmin_dev/ReportRegist/back
2022-05-24 18:59:17,186 DEBUG [145872] [] ------------------------------session_check_true
2022-05-24 18:59:17,187 DEBUG [145872] [] backAction start
2022-05-24 18:59:17,187 DEBUG [145872] [] admin_no is 1
2022-05-24 18:59:17,187 DEBUG [145872] [] backAction end
2022-05-24 18:59:17,187 DEBUG [145872] [] ReportRegistController end
2022-05-24 18:59:17,187 DEBUG [145872] [] finally
2022-05-24 18:59:17,217 DEBUG [145872] [] Request URI : /eccadmin_dev/ReportList/Search
2022-05-24 18:59:17,222 DEBUG [145872] [] ReportListController start
2022-05-24 18:59:17,222 DEBUG [145872] [] controllers/ReportListController.php: is exist
2022-05-24 18:59:17,226 DEBUG [145872] [] ReportListForm: is exist
2022-05-24 18:59:17,226 DEBUG [145872] [] ReportListForm: form value set 
2022-05-24 18:59:17,227 DEBUG [145872] [] ------------------------------/eccadmin_dev/ReportList/Search
2022-05-24 18:59:17,227 DEBUG [145872] [] SearchAction start
2022-05-24 18:59:17,227 DEBUG [145872] [] --------back--------
2022-05-24 18:59:17,227 DEBUG [145872] [] admin_no is 1
2022-05-24 18:59:17,299 DEBUG [145872] [] SearchAction end
2022-05-24 18:59:17,299 DEBUG [145872] [] ReportListController end
2022-05-24 18:59:17,299 DEBUG [145872] [] finally
