2022-07-01 11:40:46,954 DEBUG [26750] [] Request URI : /eccadmin_dev/Login
2022-07-01 11:40:46,981 DEBUG [26750] [] LoginController start
2022-07-01 11:40:46,982 DEBUG [26750] [] controllers/LoginController.php: is exist
2022-07-01 11:40:46,984 DEBUG [26750] [] LoginForm: is exist
2022-07-01 11:40:46,985 DEBUG [26750] [] LoginForm: form value set 
2022-07-01 11:40:46,985 DEBUG [26750] [] ------------------------------/eccadmin_dev/Login
2022-07-01 11:40:46,985 DEBUG [26750] [] ------------------------------login_start_check
2022-07-01 11:40:46,985 DEBUG [26750] [] indexAction start
2022-07-01 11:40:47,065 DEBUG [26750] [] indexAction end
2022-07-01 11:40:47,065 DEBUG [26750] [] LoginController end
2022-07-01 11:40:47,066 DEBUG [26750] [] finally
2022-07-01 11:40:50,035 DEBUG [26649] [] Request URI : /eccadmin_dev/Login/login
2022-07-01 11:40:50,039 DEBUG [26649] [] LoginController start
2022-07-01 11:40:50,039 DEBUG [26649] [] controllers/LoginController.php: is exist
2022-07-01 11:40:50,042 DEBUG [26649] [] LoginForm: is exist
2022-07-01 11:40:50,042 DEBUG [26649] [] LoginForm: form value set 
2022-07-01 11:40:50,042 DEBUG [26649] [] ------------------------------/eccadmin_dev/Login/login
2022-07-01 11:40:50,042 DEBUG [26649] [] ------------------------------login_start_check
2022-07-01 11:40:50,042 DEBUG [26649] [] loginAction start
2022-07-01 11:40:50,356 DEBUG [26649] [] loginAction end
2022-07-01 11:40:50,356 DEBUG [26649] [] LoginController end
2022-07-01 11:40:50,356 DEBUG [26649] [] finally
2022-07-01 11:40:50,388 DEBUG [26649] [] Request URI : /eccadmin_dev/Menu
2022-07-01 11:40:50,392 DEBUG [26649] [] MenuController start
2022-07-01 11:40:50,392 DEBUG [26649] [] controllers/MenuController.php: is exist
2022-07-01 11:40:50,480 DEBUG [26649] [] MenuForm: is exist
2022-07-01 11:40:50,485 DEBUG [26649] [] MenuForm: form value set 
2022-07-01 11:40:50,486 DEBUG [26649] [] ------------------------------/eccadmin_dev/Menu
2022-07-01 11:40:50,486 DEBUG [26649] [] ------------------------------login_start_check
2022-07-01 11:40:50,486 DEBUG [26649] [] indexAction start
2022-07-01 11:40:50,486 DEBUG [26649] [] admin_no is 1
2022-07-01 11:40:50,601 DEBUG [26649] [] indexAction end
2022-07-01 11:40:50,601 DEBUG [26649] [] MenuController end
2022-07-01 11:40:50,601 DEBUG [26649] [] finally
2022-07-01 11:40:54,508 DEBUG [26771] [] Request URI : /eccadmin_dev/CourseContractConfirmList
2022-07-01 11:40:54,514 DEBUG [26771] [] CourseContractConfirmListController start
2022-07-01 11:40:54,514 DEBUG [26771] [] controllers/CourseContractConfirmListController.php: is exist
2022-07-01 11:40:54,576 DEBUG [26771] [] CourseContractConfirmListForm: is exist
2022-07-01 11:40:54,598 DEBUG [26771] [] CourseContractConfirmListForm: form value set 
2022-07-01 11:40:54,599 DEBUG [26771] [] ------------------------------/eccadmin_dev/CourseContractConfirmList
2022-07-01 11:40:54,599 DEBUG [26771] [] indexAction start
2022-07-01 11:40:54,599 DEBUG [26771] [] admin_no is 1
2022-07-01 11:40:54,777 DEBUG [26771] [] indexAction end
2022-07-01 11:40:54,777 DEBUG [26771] [] CourseContractConfirmListController end
2022-07-01 11:40:54,777 DEBUG [26771] [] finally
2022-07-01 11:40:57,397 DEBUG [26961] [] Request URI : /eccadmin_dev/CourseContractConfirmList/Search
2022-07-01 11:40:57,406 DEBUG [26961] [] CourseContractConfirmListController start
2022-07-01 11:40:57,406 DEBUG [26961] [] controllers/CourseContractConfirmListController.php: is exist
2022-07-01 11:40:57,410 DEBUG [26961] [] CourseContractConfirmListForm: is exist
2022-07-01 11:40:57,410 DEBUG [26961] [] CourseContractConfirmListForm: form value set 
2022-07-01 11:40:57,411 DEBUG [26961] [] ------------------------------/eccadmin_dev/CourseContractConfirmList/Search
2022-07-01 11:40:57,411 DEBUG [26961] [] SearchAction start
2022-07-01 11:40:57,411 DEBUG [26961] [] admin_no is 1
2022-07-01 11:40:57,414 DEBUG [26961] [] CourseContractConfirmList　Query
2022-07-01 11:40:57,415 DEBUG [26961] []  SELECT   o.org_no    ,o.org_id  ,o.org_name  ,o.org_name_official  ,c.course_id  ,c.course_name  ,date_format(co.start_period,'%Y/%m/%d') AS  co_start_period ,date_format(co.end_period,'%Y/%m/%d') AS  co_end_period ,co.remarks  ,co.offer_no  ,d.course_detail_no  ,d.course_detail_name  ,s.student_no  ,s.student_name  ,s.login_id  ,date_format(cds.start_period,'%Y/%m/%d') AS cds_start_period  ,date_format(cds.end_period,'%Y/%m/%d') AS cds_end_period  ,date_format(answer.answer_dt,'%Y/%m/%d') AS a_answer_dt  ,date_format(r.update_dt,'%Y/%m/%d') AS u_update_dt  ,teacher.display_name AS display_name  ,teacher.login_id AS teacher_code ,teacher.name AS teacher_name ,teacher.school_kbn AS teacher_school   ,CONCAT(if (student_mark.result_marks IS NULL,'-', student_mark.result_marks ),'/',total_mark.marks) AS result  FROM M_ORGANIZATION o  INNER JOIN T_COURSE_ORG as co  ON co.org_no = o.org_no  AND co.del_flg = '0'  AND o.del_flg = '0'  INNER JOIN T_COURSE as c  ON c.course_id = co.course_id  AND c.del_flg = '0'  INNER JOIN T_COURSE_DETAIL as cd  ON cd.course_id = c.course_id  AND cd.del_flg = '0'  INNER JOIN T_DETAIL as d  ON d.course_detail_no = cd.course_detail_no  AND c.course_level = d.course_level  AND c.test_kbn = d.test_kbn  AND d.del_flg = '0'  LEFT JOIN T_COURSE_DETAIL_STUDENT as cds  ON cds.offer_no = co.offer_no  AND cds.course_id = c.course_id  AND cds.course_detail_no = cd.course_detail_no  AND cds.del_flg = '0'  LEFT JOIN T_STUDENT as s  ON s.org_no = co.org_no  AND s.student_no = cds.student_no  AND s.del_flg = '0'  LEFT JOIN T_4SKILL_RESULT as r  ON r.offer_no = co.offer_no  AND r.course_id = c.course_id  AND r.course_detail_no = cd.course_detail_no  AND r.student_no = cds.student_no  AND r.del_flg = '0'  LEFT JOIN ( SELECT teacher_no,  del_flg, display_name, login_id, name, CASE WHEN school_kbn = '001' THEN 'Philippines'  WHEN school_kbn = '002' THEN 'Japan' ELSE NULL END AS school_kbn  FROM T_TEACHER) teacher  ON r.updater_id = teacher.teacher_no  AND teacher.del_flg = '0'  LEFT JOIN (  SELECT offer_no  	,course_id course_id  	,course_detail_no course_detail_no  	,student_no  	,MIN(answer_dt) answer_dt  	FROM T_4SKILL_ANSWER  	WHERE del_flg = '0'   	GROUP BY offer_no,course_id,course_detail_no,student_no ) answer  ON c.course_id = answer.course_id  AND cd.course_detail_no = answer.course_detail_no  AND co.offer_no = answer.offer_no  AND s.student_no = answer.student_no  LEFT JOIN (  	SELECT a.offer_no ,a.student_no,a.course_id,a.course_detail_no,SUM(a.marks) as result_marks  	FROM (  		SELECT skill_answer.offer_no  		,skill_answer.student_no  		,skill_answer.course_id  		,skill_answer.course_detail_no  		,skill_result_detail.rule_no  		,skill_result_detail.sub_rule_no  		,skill_result_detail.rule_detail_no  		,mark_detail.marks  		FROM T_4SKILL_ANSWER skill_answer  		LEFT JOIN T_4SKILL_RESULT skill_result  		ON skill_answer.offer_no = skill_result.offer_no  		AND skill_answer.student_no = skill_result.student_no  		AND skill_answer.course_id = skill_result.course_id  		AND skill_answer.course_detail_no = skill_result.course_detail_no  		INNER JOIN T_4SKILL_RESULT_DETAIL skill_result_detail  		ON skill_result.result_no = skill_result_detail.result_no  		INNER JOIN M_MARK_DETAIL mark_detail  		ON skill_result_detail.rule_no = mark_detail.rule_no  		AND skill_result_detail.sub_rule_no = mark_detail.sub_rule_no  		AND skill_result_detail.rule_detail_no = mark_detail.rule_detail_no  		AND skill_answer.del_flg = '0'  		AND skill_result.del_flg = '0'  		GROUP BY skill_answer.offer_no ,skill_answer.student_no ,skill_answer.course_id,mark_detail.marks  		,skill_answer.course_detail_no ,skill_result_detail.rule_no  		,skill_result_detail.sub_rule_no ,skill_result_detail.rule_detail_no  	) as a  	GROUP BY a.offer_no  ,a.student_no  ,a.course_id  ,a.course_detail_no  ) as student_mark  ON s.student_no = student_mark.student_no  AND co.offer_no = student_mark.offer_no  AND co.course_id = student_mark.course_id  AND cd.course_detail_no = student_mark.course_detail_no  LEFT JOIN  (  	SELECT mark_rule.course_level  	, mark_rule.test_kbn  	, course.course_id  	, course_detail.course_detail_no  	, SUM(mark_detail.max_marks) marks  	FROM T_COURSE course  	INNER JOIN T_COURSE_DETAIL course_detail  	ON course.course_id = course_detail.course_id  	AND course.del_flg = '0'  	AND course_detail.del_flg = '0'  	INNER JOIN T_COURSE_DETAIL_QUESTION course_detail_qa  	ON course_detail.course_detail_no = course_detail_qa.course_detail_no  	AND course_detail_qa.del_flg = '0'  	INNER JOIN T_QUESTION ques  	ON course_detail_qa.question_no = ques.question_no  	AND ques.del_flg = '0'  	INNER JOIN  M_MARK_RULE mark_rule  	ON ques.score_pattern = mark_rule.score_pattern  	AND course.course_level = mark_rule.course_level  	AND course.test_kbn = mark_rule.test_kbn  	INNER JOIN  (  		SELECT  rule_no  			,SUM(max_marks) AS max_marks  			FROM (  				SELECT rule_no  				,sub_rule_no  				,MAX(marks) AS max_marks  				FROM M_MARK_DETAIL  				WHERE del_flg = '0'  				GROUP BY rule_no,sub_rule_no) AS max  			GROUP BY rule_no  		) mark_detail  	ON mark_rule.rule_no = mark_detail.rule_no  	GROUP BY mark_rule.course_level      ,mark_rule.test_kbn, course.course_id, course_detail.course_detail_no  ) as total_mark  ON c.course_id = total_mark.course_id  AND cd.course_detail_no = total_mark.course_detail_no  AND c.course_level =  total_mark.course_level  AND c.test_kbn =  total_mark.test_kbn  WHERE  '1' = '1'  AND co.end_period >= :start_period  AND co.start_period <= :end_period  GROUP BY o.org_no,o.org_id,o.org_name,o.org_name_official,c.course_id,c.course_name,co_start_period,co_end_period,co.remarks,co.offer_no, d.course_detail_no, d.course_detail_name,s.student_no,s.student_name,s.login_id,cds_start_period,cds_end_period,a_answer_dt,u_update_dt,display_name,teacher.login_id,teacher_name,teacher.school_kbn ORDER BY o.org_no,co.offer_no, c.course_id, cd.disp_no, cds.course_detail_no,s.login_id
2022-07-01 11:40:57,816 DEBUG [26961] [] SearchAction end
2022-07-01 11:40:57,816 DEBUG [26961] [] CourseContractConfirmListController end
2022-07-01 11:40:57,816 DEBUG [26961] [] finally
2022-07-01 11:41:02,994 DEBUG [26978] [] Request URI : /eccadmin_dev/StudentCourseDetailEdit/index
2022-07-01 11:41:03,003 DEBUG [26978] [] StudentCourseDetailEditController start
2022-07-01 11:41:03,003 DEBUG [26978] [] controllers/StudentCourseDetailEditController.php: is exist
2022-07-01 11:41:03,062 DEBUG [26978] [] StudentCourseDetailEditForm: is exist
2022-07-01 11:41:03,063 DEBUG [26978] [] StudentCourseDetailEditForm: form value set 
2022-07-01 11:41:03,064 DEBUG [26978] [] ------------------------------/eccadmin_dev/StudentCourseDetailEdit/index
2022-07-01 11:41:03,064 DEBUG [26978] [] ------------------------------session_check_true
2022-07-01 11:41:03,064 DEBUG [26978] [] indexAction start
2022-07-01 11:41:03,064 DEBUG [26978] [] admin_no is 1
2022-07-01 11:41:03,066 DEBUG [26978] []  SELECT DISTINCT m_org.org_no  ,m_org.org_id  ,m_org.org_name  ,m_org.org_name_official  ,course.course_id  ,course.course_name  ,course.remarks  ,detail.course_detail_name  ,detail.course_detail_romaji  ,detail.course_detail_no  ,course_detail.disp_no  ,detail.status  ,(SELECT name FROM M_TYPE a WHERE category=:course_level AND a.type=detail.course_level) AS course_level  ,(SELECT name FROM M_TYPE a WHERE category=:test_kbn AND a.type=detail.test_kbn) AS test_kbn  ,date_format(course_org.start_period,'%Y/%m/%d') AS start_period  ,date_format(course_org.end_period,'%Y/%m/%d') AS end_period  ,student.student_no  ,student.student_name  ,student.student_name_romaji  ,student.login_id  ,date_format(detail_student.start_period,'%Y/%m/%d') AS stu_course_start_period ,date_format(detail_student.end_period,'%Y/%m/%d') AS stu_course_end_period ,date_format(skill_answer.answer_dt,'%Y/%m/%d') AS answer_dt  ,date_format(skill_result.update_dt,'%Y/%m/%d') AS update_dt FROM T_COURSE course  LEFT JOIN T_COURSE_ORG as course_org  ON course_org.course_id = course.course_id  LEFT JOIN M_ORGANIZATION as m_org  ON course_org.org_no = m_org.org_no  LEFT JOIN T_COURSE_DETAIL as course_detail   ON course.course_id = course_detail.course_id   LEFT JOIN T_DETAIL as detail  ON course_detail.course_detail_no = detail.course_detail_no  LEFT JOIN T_COURSE_DETAIL_STUDENT as detail_student  ON detail_student.offer_no = course_org.offer_no  AND detail_student.org_no = m_org.org_no  AND detail_student.course_id = course.course_id  AND detail_student.course_detail_no = course_detail.course_detail_no  LEFT JOIN T_STUDENT as student ON detail_student.student_no = student.student_no  AND m_org.org_no = student.org_no LEFT JOIN (  SELECT answer.offer_no offer_no  ,answer.course_id course_id  ,answer.course_detail_no course_detail_no  ,answer.student_no student_no  ,MIN(answer.answer_dt) answer_dt  FROM T_COURSE_DETAIL_QUESTION cdques   LEFT JOIN T_4SKILL_ANSWER as answer ON answer.course_detail_no = cdques.course_detail_no  AND answer.question_no = cdques.question_no  AND answer.del_flg = 0  AND cdques.del_flg = 0  GROUP BY offer_no ,course_id ,course_detail_no, student_no ) skill_answer  ON skill_answer.offer_no = course_org.offer_no  AND skill_answer.student_no = student.student_no  AND skill_answer.course_id = course.course_id  AND skill_answer.course_detail_no = course_detail.course_detail_no  LEFT JOIN T_4SKILL_RESULT as skill_result ON skill_result.offer_no = course_org.offer_no  AND skill_result.student_no = student.student_no  AND skill_result.course_id = course.course_id  AND skill_result.course_detail_no = course_detail.course_detail_no  AND skill_result.del_flg = 0  WHERE course.course_id = :course_id  AND course_detail.course_detail_no = :course_detail_no  AND student.student_no = :student_no  AND m_org.org_no = :org_no  AND course_org.offer_no = :offer_no  AND course.del_flg = '0'  AND course_detail.del_flg = '0'  AND detail.del_flg = '0'  AND detail_student.del_flg = '0'  AND m_org.del_flg = '0'  GROUP BY  org_no,org_id, org_name,org_name_official,course_id,course_name,remarks,course_detail_name,course_detail_romaji,course_detail_no,disp_no,status,course_level,test_kbn,start_period,end_period,student_no,student_name,login_id,stu_course_end_period,stu_course_start_period,answer_dt,update_dt ORDER BY  course_detail.disp_no ASC 
2022-07-01 11:41:03,367 DEBUG [26978] []  SELECT DISTINCT m_org.org_no  ,m_org.org_id  ,m_org.org_name  ,m_org.org_name_official  ,course.course_id  ,course.course_name  ,course.remarks  ,detail.course_detail_name  ,detail.course_detail_romaji  ,detail.course_detail_no  ,course_detail.disp_no  ,detail.status  ,(SELECT name FROM M_TYPE a WHERE category=:course_level AND a.type=detail.course_level) AS course_level  ,(SELECT name FROM M_TYPE a WHERE category=:test_kbn AND a.type=detail.test_kbn) AS test_kbn  ,date_format(course_org.start_period,'%Y/%m/%d') AS start_period  ,date_format(course_org.end_period,'%Y/%m/%d') AS end_period  ,student.student_no  ,student.student_name  ,student.student_name_romaji  ,student.login_id  ,date_format(detail_student.start_period,'%Y/%m/%d') AS stu_course_start_period ,date_format(detail_student.end_period,'%Y/%m/%d') AS stu_course_end_period ,date_format(skill_answer.answer_dt,'%Y/%m/%d') AS answer_dt  ,date_format(skill_result.update_dt,'%Y/%m/%d') AS update_dt FROM T_COURSE course  LEFT JOIN T_COURSE_ORG as course_org  ON course_org.course_id = course.course_id  LEFT JOIN M_ORGANIZATION as m_org  ON course_org.org_no = m_org.org_no  LEFT JOIN T_COURSE_DETAIL as course_detail   ON course.course_id = course_detail.course_id   LEFT JOIN T_DETAIL as detail  ON course_detail.course_detail_no = detail.course_detail_no  LEFT JOIN T_COURSE_DETAIL_STUDENT as detail_student  ON detail_student.offer_no = course_org.offer_no  AND detail_student.org_no = m_org.org_no  AND detail_student.course_id = course.course_id  AND detail_student.course_detail_no = course_detail.course_detail_no  LEFT JOIN T_STUDENT as student ON detail_student.student_no = student.student_no  AND m_org.org_no = student.org_no LEFT JOIN (  SELECT answer.offer_no offer_no  ,answer.course_id course_id  ,answer.course_detail_no course_detail_no  ,answer.student_no student_no  ,MIN(answer.answer_dt) answer_dt  FROM T_COURSE_DETAIL_QUESTION cdques   LEFT JOIN T_4SKILL_ANSWER as answer ON answer.course_detail_no = cdques.course_detail_no  AND answer.question_no = cdques.question_no  AND answer.del_flg = 0  AND cdques.del_flg = 0  GROUP BY offer_no ,course_id ,course_detail_no, student_no ) skill_answer  ON skill_answer.offer_no = course_org.offer_no  AND skill_answer.student_no = student.student_no  AND skill_answer.course_id = course.course_id  AND skill_answer.course_detail_no = course_detail.course_detail_no  LEFT JOIN T_4SKILL_RESULT as skill_result ON skill_result.offer_no = course_org.offer_no  AND skill_result.student_no = student.student_no  AND skill_result.course_id = course.course_id  AND skill_result.course_detail_no = course_detail.course_detail_no  AND skill_result.del_flg = 0  WHERE course.course_id = :course_id  AND student.student_no = :student_no  AND m_org.org_no = :org_no  AND course_org.offer_no = :offer_no  AND course.del_flg = '0'  AND course_detail.del_flg = '0'  AND detail.del_flg = '0'  AND detail_student.del_flg = '0'  AND m_org.del_flg = '0'  GROUP BY  org_no,org_id, org_name,org_name_official,course_id,course_name,remarks,course_detail_name,course_detail_romaji,course_detail_no,disp_no,status,course_level,test_kbn,start_period,end_period,student_no,student_name,login_id,stu_course_end_period,stu_course_start_period,answer_dt,update_dt ORDER BY  course_detail.disp_no ASC 
2022-07-01 11:41:03,651 DEBUG [26978] []  SELECT DISTINCT m_org.org_no  ,m_org.org_id  ,m_org.org_name  ,m_org.org_name_official  ,course.course_id  ,course.course_name  ,course.remarks  ,detail.course_detail_name  ,detail.course_detail_romaji  ,detail.course_detail_no  ,course_detail.disp_no  ,detail.status  ,(SELECT name FROM M_TYPE a WHERE category=:course_level AND a.type=detail.course_level) AS course_level  ,(SELECT name FROM M_TYPE a WHERE category=:test_kbn AND a.type=detail.test_kbn) AS test_kbn  ,date_format(course_org.start_period,'%Y/%m/%d') AS start_period  ,date_format(course_org.end_period,'%Y/%m/%d') AS end_period  ,student.student_no  ,student.student_name  ,student.student_name_romaji  ,student.login_id  ,date_format(detail_student.start_period,'%Y/%m/%d') AS stu_course_start_period ,date_format(detail_student.end_period,'%Y/%m/%d') AS stu_course_end_period ,date_format(skill_answer.answer_dt,'%Y/%m/%d') AS answer_dt  ,date_format(skill_result.update_dt,'%Y/%m/%d') AS update_dt FROM T_COURSE course  LEFT JOIN T_COURSE_ORG as course_org  ON course_org.course_id = course.course_id  LEFT JOIN M_ORGANIZATION as m_org  ON course_org.org_no = m_org.org_no  LEFT JOIN T_COURSE_DETAIL as course_detail   ON course.course_id = course_detail.course_id   LEFT JOIN T_DETAIL as detail  ON course_detail.course_detail_no = detail.course_detail_no  LEFT JOIN T_COURSE_DETAIL_STUDENT as detail_student  ON detail_student.offer_no = course_org.offer_no  AND detail_student.org_no = m_org.org_no  AND detail_student.course_id = course.course_id  AND detail_student.course_detail_no = course_detail.course_detail_no  LEFT JOIN T_STUDENT as student ON detail_student.student_no = student.student_no  AND m_org.org_no = student.org_no LEFT JOIN (  SELECT answer.offer_no offer_no  ,answer.course_id course_id  ,answer.course_detail_no course_detail_no  ,answer.student_no student_no  ,MIN(answer.answer_dt) answer_dt  FROM T_COURSE_DETAIL_QUESTION cdques   LEFT JOIN T_4SKILL_ANSWER as answer ON answer.course_detail_no = cdques.course_detail_no  AND answer.question_no = cdques.question_no  AND answer.del_flg = 0  AND cdques.del_flg = 0  GROUP BY offer_no ,course_id ,course_detail_no, student_no ) skill_answer  ON skill_answer.offer_no = course_org.offer_no  AND skill_answer.student_no = student.student_no  AND skill_answer.course_id = course.course_id  AND skill_answer.course_detail_no = course_detail.course_detail_no  LEFT JOIN T_4SKILL_RESULT as skill_result ON skill_result.offer_no = course_org.offer_no  AND skill_result.student_no = student.student_no  AND skill_result.course_id = course.course_id  AND skill_result.course_detail_no = course_detail.course_detail_no  AND skill_result.del_flg = 0  WHERE course.course_id = :course_id  AND course_detail.course_detail_no = :course_detail_no  AND student.student_no = :student_no  AND m_org.org_no = :org_no  AND course_org.offer_no = :offer_no  AND course.del_flg = '0'  AND course_detail.del_flg = '0'  AND detail.del_flg = '0'  AND detail_student.del_flg = '0'  AND m_org.del_flg = '0'  GROUP BY  org_no,org_id, org_name,org_name_official,course_id,course_name,remarks,course_detail_name,course_detail_romaji,course_detail_no,disp_no,status,course_level,test_kbn,start_period,end_period,student_no,student_name,login_id,stu_course_end_period,stu_course_start_period,answer_dt,update_dt ORDER BY  course_detail.disp_no ASC 
2022-07-01 11:41:04,024 DEBUG [26978] [] indexAction end
2022-07-01 11:41:04,024 DEBUG [26978] [] StudentCourseDetailEditController end
2022-07-01 11:41:04,025 DEBUG [26978] [] finally
2022-07-01 12:07:33,632 DEBUG [26969] [] Request URI : /eccadmin_dev/Login/logout
2022-07-01 12:07:33,637 DEBUG [26969] [] LoginController start
2022-07-01 12:07:33,637 DEBUG [26969] [] controllers/LoginController.php: is exist
2022-07-01 12:07:33,640 DEBUG [26969] [] LoginForm: is exist
2022-07-01 12:07:33,640 DEBUG [26969] [] LoginForm: form value set 
2022-07-01 12:07:33,641 DEBUG [26969] [] ------------------------------/eccadmin_dev/Login/logout
2022-07-01 12:07:33,641 DEBUG [26969] [] ------------------------------login_start_check
2022-07-01 12:07:33,641 DEBUG [26969] [] logoutAction start
2022-07-01 12:07:33,641 DEBUG [26969] [] logoutAction end
2022-07-01 12:07:33,641 DEBUG [26969] [] LoginController end
2022-07-01 12:07:33,641 DEBUG [26969] [] finally
2022-07-01 12:07:33,670 DEBUG [26969] [] Request URI : /eccadmin_dev/Login
2022-07-01 12:07:33,675 DEBUG [26969] [] LoginController start
2022-07-01 12:07:33,675 DEBUG [26969] [] controllers/LoginController.php: is exist
2022-07-01 12:07:33,677 DEBUG [26969] [] LoginForm: is exist
2022-07-01 12:07:33,678 DEBUG [26969] [] LoginForm: form value set 
2022-07-01 12:07:33,678 DEBUG [26969] [] ------------------------------/eccadmin_dev/Login
2022-07-01 12:07:33,678 DEBUG [26969] [] ------------------------------login_start_check
2022-07-01 12:07:33,678 DEBUG [26969] [] indexAction start
2022-07-01 12:07:33,703 DEBUG [26969] [] indexAction end
2022-07-01 12:07:33,703 DEBUG [26969] [] LoginController end
2022-07-01 12:07:33,703 DEBUG [26969] [] finally
