2022-06-23 05:26:35,405 DEBUG [11327] [] Request URI : /eccadmin_dev/Login
2022-06-23 05:26:35,428 DEBUG [11327] [] LoginController start
2022-06-23 05:26:35,428 DEBUG [11327] [] controllers/LoginController.php: is exist
2022-06-23 05:26:35,429 DEBUG [11327] [] LoginForm: is exist
2022-06-23 05:26:35,429 DEBUG [11327] [] LoginForm: form value set 
2022-06-23 05:26:35,430 DEBUG [11327] [] ------------------------------/eccadmin_dev/Login
2022-06-23 05:26:35,430 DEBUG [11327] [] ------------------------------login_start_check
2022-06-23 05:26:35,430 DEBUG [11327] [] indexAction start
2022-06-23 05:26:35,469 DEBUG [11327] [] indexAction end
2022-06-23 05:26:35,469 DEBUG [11327] [] LoginController end
2022-06-23 05:26:35,469 DEBUG [11327] [] finally
2022-06-23 10:43:49,006 DEBUG [24726] [] Request URI : /eccadmin_dev/Login
2022-06-23 10:43:49,009 DEBUG [24726] [] LoginController start
2022-06-23 10:43:49,009 DEBUG [24726] [] controllers/LoginController.php: is exist
2022-06-23 10:43:49,011 DEBUG [24726] [] LoginForm: is exist
2022-06-23 10:43:49,011 DEBUG [24726] [] LoginForm: form value set 
2022-06-23 10:43:49,011 DEBUG [24726] [] ------------------------------/eccadmin_dev/Login
2022-06-23 10:43:49,011 DEBUG [24726] [] ------------------------------login_start_check
2022-06-23 10:43:49,012 DEBUG [24726] [] indexAction start
2022-06-23 10:43:49,026 DEBUG [24726] [] indexAction end
2022-06-23 10:43:49,026 DEBUG [24726] [] LoginController end
2022-06-23 10:43:49,026 DEBUG [24726] [] finally
2022-06-23 16:22:43,357 DEBUG [30721] [] Request URI : /eccadmin_dev/Login/login
2022-06-23 16:22:43,357 DEBUG [30721] [] LoginController start
2022-06-23 16:22:43,358 DEBUG [30721] [] controllers/LoginController.php: is exist
2022-06-23 16:22:43,358 DEBUG [30721] [] LoginForm: is exist
2022-06-23 16:22:43,359 DEBUG [30721] [] LoginForm: form value set 
2022-06-23 16:22:43,359 DEBUG [30721] [] ------------------------------/eccadmin_dev/Login/login
2022-06-23 16:22:43,359 DEBUG [30721] [] ------------------------------login_start_check
2022-06-23 16:22:43,359 DEBUG [30721] [] loginAction start
2022-06-23 16:22:43,375 DEBUG [30721] [] loginAction end
2022-06-23 16:22:43,375 DEBUG [30721] [] LoginController end
2022-06-23 16:22:43,375 DEBUG [30721] [] finally
