2022-05-21 05:34:24,916 DEBUG [66014] [] Request URI : /eccadmin_dev/Login
2022-05-21 05:34:24,944 DEBUG [66014] [] LoginController start
2022-05-21 05:34:24,944 DEBUG [66014] [] controllers/LoginController.php: is exist
2022-05-21 05:34:24,945 DEBUG [66014] [] LoginForm: is exist
2022-05-21 05:34:24,945 DEBUG [66014] [] LoginForm: form value set 
2022-05-21 05:34:24,945 DEBUG [66014] [] ------------------------------/eccadmin_dev/Login
2022-05-21 05:34:24,945 DEBUG [66014] [] ------------------------------login_start_check
2022-05-21 05:34:24,946 DEBUG [66014] [] indexAction start
2022-05-21 05:34:25,005 DEBUG [66014] [] indexAction end
2022-05-21 05:34:25,005 DEBUG [66014] [] LoginController end
2022-05-21 05:34:25,005 DEBUG [66014] [] finally
2022-05-21 15:35:02,569 DEBUG [76731] [] Request URI : /eccadmin_dev/Login
2022-05-21 15:35:02,573 DEBUG [76731] [] LoginController start
2022-05-21 15:35:02,573 DEBUG [76731] [] controllers/LoginController.php: is exist
2022-05-21 15:35:02,574 DEBUG [76731] [] LoginForm: is exist
2022-05-21 15:35:02,574 DEBUG [76731] [] LoginForm: form value set 
2022-05-21 15:35:02,574 DEBUG [76731] [] ------------------------------/eccadmin_dev/Login
2022-05-21 15:35:02,574 DEBUG [76731] [] ------------------------------login_start_check
2022-05-21 15:35:02,575 DEBUG [76731] [] indexAction start
2022-05-21 15:35:02,591 DEBUG [76731] [] indexAction end
2022-05-21 15:35:02,591 DEBUG [76731] [] LoginController end
2022-05-21 15:35:02,592 DEBUG [76731] [] finally
2022-05-21 15:51:42,719 DEBUG [76828] [] Request URI : /eccadmin_dev/Login
2022-05-21 15:51:42,720 DEBUG [76828] [] LoginController start
2022-05-21 15:51:42,720 DEBUG [76828] [] controllers/LoginController.php: is exist
2022-05-21 15:51:42,720 DEBUG [76828] [] LoginForm: is exist
2022-05-21 15:51:42,720 DEBUG [76828] [] LoginForm: form value set 
2022-05-21 15:51:42,721 DEBUG [76828] [] ------------------------------/eccadmin_dev/Login
2022-05-21 15:51:42,721 DEBUG [76828] [] ------------------------------login_start_check
2022-05-21 15:51:42,721 DEBUG [76828] [] indexAction start
2022-05-21 15:51:42,737 DEBUG [76828] [] indexAction end
2022-05-21 15:51:42,737 DEBUG [76828] [] LoginController end
2022-05-21 15:51:42,737 DEBUG [76828] [] finally
2022-05-21 18:11:18,807 DEBUG [78317] [] Request URI : /eccadmin_dev/Login
2022-05-21 18:11:18,808 DEBUG [78317] [] LoginController start
2022-05-21 18:11:18,808 DEBUG [78317] [] controllers/LoginController.php: is exist
2022-05-21 18:11:18,808 DEBUG [78317] [] LoginForm: is exist
2022-05-21 18:11:18,808 DEBUG [78317] [] LoginForm: form value set 
2022-05-21 18:11:18,809 DEBUG [78317] [] ------------------------------/eccadmin_dev/Login
2022-05-21 18:11:18,809 DEBUG [78317] [] ------------------------------login_start_check
2022-05-21 18:11:18,809 DEBUG [78317] [] indexAction start
2022-05-21 18:11:18,825 DEBUG [78317] [] indexAction end
2022-05-21 18:11:18,825 DEBUG [78317] [] LoginController end
2022-05-21 18:11:18,825 DEBUG [78317] [] finally
