2022-04-08 05:00:25,230 DEBUG [3119] [] Request URI : /eccadmin_dev/Login
2022-04-08 05:00:25,245 DEBUG [3119] [] LoginController start
2022-04-08 05:00:25,245 DEBUG [3119] [] controllers/LoginController.php: is exist
2022-04-08 05:00:25,245 DEBUG [3119] [] LoginForm: is exist
2022-04-08 05:00:25,245 DEBUG [3119] [] LoginForm: form value set 
2022-04-08 05:00:25,246 DEBUG [3119] [] ------------------------------/eccadmin_dev/Login
2022-04-08 05:00:25,246 DEBUG [3119] [] ------------------------------login_start_check
2022-04-08 05:00:25,246 DEBUG [3119] [] indexAction start
2022-04-08 05:00:25,304 DEBUG [3119] [] indexAction end
2022-04-08 05:00:25,304 DEBUG [3119] [] LoginController end
2022-04-08 05:00:25,304 DEBUG [3119] [] finally
2022-04-08 15:07:58,980 DEBUG [13939] [] Request URI : /eccadmin_dev/Login
2022-04-08 15:07:58,981 DEBUG [13939] [] LoginController start
2022-04-08 15:07:58,981 DEBUG [13939] [] controllers/LoginController.php: is exist
2022-04-08 15:07:58,981 DEBUG [13939] [] LoginForm: is exist
2022-04-08 15:07:58,981 DEBUG [13939] [] LoginForm: form value set 
2022-04-08 15:07:58,982 DEBUG [13939] [] ------------------------------/eccadmin_dev/Login
2022-04-08 15:07:58,982 DEBUG [13939] [] ------------------------------login_start_check
2022-04-08 15:07:58,982 DEBUG [13939] [] indexAction start
2022-04-08 15:07:58,997 DEBUG [13939] [] indexAction end
2022-04-08 15:07:58,997 DEBUG [13939] [] LoginController end
2022-04-08 15:07:58,997 DEBUG [13939] [] finally
2022-04-08 15:08:02,263 DEBUG [14101] [] Request URI : /eccadmin_dev/Login/login
2022-04-08 15:08:02,264 DEBUG [14101] [] LoginController start
2022-04-08 15:08:02,264 DEBUG [14101] [] controllers/LoginController.php: is exist
2022-04-08 15:08:02,264 DEBUG [14101] [] LoginForm: is exist
2022-04-08 15:08:02,264 DEBUG [14101] [] LoginForm: form value set 
2022-04-08 15:08:02,265 DEBUG [14101] [] ------------------------------/eccadmin_dev/Login/login
2022-04-08 15:08:02,265 DEBUG [14101] [] ------------------------------login_start_check
2022-04-08 15:08:02,265 DEBUG [14101] [] loginAction start
2022-04-08 15:08:02,574 DEBUG [14101] [] loginAction end
2022-04-08 15:08:02,574 DEBUG [14101] [] LoginController end
2022-04-08 15:08:02,574 DEBUG [14101] [] finally
2022-04-08 15:08:02,602 DEBUG [14101] [] Request URI : /eccadmin_dev/Menu
2022-04-08 15:08:02,603 DEBUG [14101] [] MenuController start
2022-04-08 15:08:02,603 DEBUG [14101] [] controllers/MenuController.php: is exist
2022-04-08 15:08:02,603 DEBUG [14101] [] MenuForm: is exist
2022-04-08 15:08:02,603 DEBUG [14101] [] MenuForm: form value set 
2022-04-08 15:08:02,604 DEBUG [14101] [] ------------------------------/eccadmin_dev/Menu
2022-04-08 15:08:02,604 DEBUG [14101] [] ------------------------------login_start_check
2022-04-08 15:08:02,604 DEBUG [14101] [] indexAction start
2022-04-08 15:08:02,604 DEBUG [14101] [] admin_no is 1
2022-04-08 15:08:02,645 DEBUG [14101] [] indexAction end
2022-04-08 15:08:02,645 DEBUG [14101] [] MenuController end
2022-04-08 15:08:02,646 DEBUG [14101] [] finally
2022-04-08 15:08:05,091 DEBUG [14101] [] Request URI : /eccadmin_dev/AtReportList
2022-04-08 15:08:05,092 DEBUG [14101] [] AtReportListController start
2022-04-08 15:08:05,092 DEBUG [14101] [] controllers/AtReportListController.php: is exist
2022-04-08 15:08:05,095 DEBUG [14101] [] AtReportListForm: is exist
2022-04-08 15:08:05,095 DEBUG [14101] [] AtReportListForm: form value set 
2022-04-08 15:08:05,096 DEBUG [14101] [] ------------------------------/eccadmin_dev/AtReportList
2022-04-08 15:08:05,096 DEBUG [14101] [] indexAction start
2022-04-08 15:08:05,096 DEBUG [14101] [] admin_no is 1
2022-04-08 15:08:05,178 DEBUG [14101] [] indexAction end
2022-04-08 15:08:05,178 DEBUG [14101] [] AtReportListController end
2022-04-08 15:08:05,178 DEBUG [14101] [] finally
2022-04-08 15:08:09,899 DEBUG [14101] [] Request URI : /eccadmin_dev/AtReportRegist/index
2022-04-08 15:08:09,899 DEBUG [14101] [] AtReportRegistController start
2022-04-08 15:08:09,899 DEBUG [14101] [] controllers/AtReportRegistController.php: is exist
2022-04-08 15:08:09,904 DEBUG [14101] [] AtReportRegistForm: is exist
2022-04-08 15:08:09,905 DEBUG [14101] [] AtReportRegistForm: form value set 
2022-04-08 15:08:09,905 DEBUG [14101] [] ------------------------------/eccadmin_dev/AtReportRegist/index
2022-04-08 15:08:09,905 DEBUG [14101] [] ------------------------------session_check_true
2022-04-08 15:08:09,905 DEBUG [14101] [] indexAction start
2022-04-08 15:08:09,906 DEBUG [14101] [] admin_no is 1
2022-04-08 15:08:09,979 DEBUG [14101] [] indexAction end
2022-04-08 15:08:09,980 DEBUG [14101] [] AtReportRegistController end
2022-04-08 15:08:09,980 DEBUG [14101] [] finally
2022-04-08 15:08:12,776 DEBUG [14059] [] Request URI : /eccadmin_dev/AtReportRegist/save
2022-04-08 15:08:12,777 DEBUG [14059] [] AtReportRegistController start
2022-04-08 15:08:12,777 DEBUG [14059] [] controllers/AtReportRegistController.php: is exist
2022-04-08 15:08:12,781 DEBUG [14059] [] AtReportRegistForm: is exist
2022-04-08 15:08:12,782 DEBUG [14059] [] AtReportRegistForm: form value set 
2022-04-08 15:08:12,782 DEBUG [14059] [] ------------------------------/eccadmin_dev/AtReportRegist/save
2022-04-08 15:08:12,782 DEBUG [14059] [] ------------------------------session_check_true
2022-04-08 15:08:12,782 DEBUG [14059] [] saveAction start
2022-04-08 15:08:12,790 DEBUG [14059] [] admin_no is 1
2022-04-08 15:08:12,790 DEBUG [14059] [] saveAction end
2022-04-08 15:08:12,790 DEBUG [14059] [] AtReportRegistController end
2022-04-08 15:08:12,790 DEBUG [14059] [] finally
2022-04-08 15:08:12,814 DEBUG [14059] [] Request URI : /eccadmin_dev/AtReportList/Search
2022-04-08 15:08:12,814 DEBUG [14059] [] AtReportListController start
2022-04-08 15:08:12,815 DEBUG [14059] [] controllers/AtReportListController.php: is exist
2022-04-08 15:08:12,817 DEBUG [14059] [] AtReportListForm: is exist
2022-04-08 15:08:12,817 DEBUG [14059] [] AtReportListForm: form value set 
2022-04-08 15:08:12,818 DEBUG [14059] [] ------------------------------/eccadmin_dev/AtReportList/Search
2022-04-08 15:08:12,818 DEBUG [14059] [] SearchAction start
2022-04-08 15:08:12,818 DEBUG [14059] [] --------back--------
2022-04-08 15:08:12,818 DEBUG [14059] [] admin_no is 1
2022-04-08 15:08:12,882 DEBUG [14059] [] SearchAction end
2022-04-08 15:08:12,883 DEBUG [14059] [] AtReportListController end
2022-04-08 15:08:12,883 DEBUG [14059] [] finally
2022-04-08 15:38:56,438 DEBUG [14366] [] Request URI : /eccadmin_dev/Login/logout
2022-04-08 15:38:56,439 DEBUG [14366] [] LoginController start
2022-04-08 15:38:56,439 DEBUG [14366] [] controllers/LoginController.php: is exist
2022-04-08 15:38:56,439 DEBUG [14366] [] LoginForm: is exist
2022-04-08 15:38:56,439 DEBUG [14366] [] LoginForm: form value set 
2022-04-08 15:38:56,440 DEBUG [14366] [] ------------------------------/eccadmin_dev/Login/logout
2022-04-08 15:38:56,440 DEBUG [14366] [] ------------------------------login_start_check
2022-04-08 15:38:56,440 DEBUG [14366] [] logoutAction start
2022-04-08 15:38:56,440 DEBUG [14366] [] logoutAction end
2022-04-08 15:38:56,440 DEBUG [14366] [] LoginController end
2022-04-08 15:38:56,441 DEBUG [14366] [] finally
2022-04-08 15:38:56,466 DEBUG [14366] [] Request URI : /eccadmin_dev/Login
2022-04-08 15:38:56,466 DEBUG [14366] [] LoginController start
2022-04-08 15:38:56,466 DEBUG [14366] [] controllers/LoginController.php: is exist
2022-04-08 15:38:56,467 DEBUG [14366] [] LoginForm: is exist
2022-04-08 15:38:56,467 DEBUG [14366] [] LoginForm: form value set 
2022-04-08 15:38:56,467 DEBUG [14366] [] ------------------------------/eccadmin_dev/Login
2022-04-08 15:38:56,467 DEBUG [14366] [] ------------------------------login_start_check
2022-04-08 15:38:56,467 DEBUG [14366] [] indexAction start
2022-04-08 15:38:56,483 DEBUG [14366] [] indexAction end
2022-04-08 15:38:56,483 DEBUG [14366] [] LoginController end
2022-04-08 15:38:56,483 DEBUG [14366] [] finally
2022-04-08 16:03:24,484 DEBUG [14983] [] Request URI : /eccadmin_dev/Login
2022-04-08 16:03:24,485 DEBUG [14983] [] LoginController start
2022-04-08 16:03:24,485 DEBUG [14983] [] controllers/LoginController.php: is exist
2022-04-08 16:03:24,486 DEBUG [14983] [] LoginForm: is exist
2022-04-08 16:03:24,486 DEBUG [14983] [] LoginForm: form value set 
2022-04-08 16:03:24,486 DEBUG [14983] [] ------------------------------/eccadmin_dev/Login
2022-04-08 16:03:24,486 DEBUG [14983] [] ------------------------------login_start_check
2022-04-08 16:03:24,486 DEBUG [14983] [] indexAction start
2022-04-08 16:03:24,503 DEBUG [14983] [] indexAction end
2022-04-08 16:03:24,503 DEBUG [14983] [] LoginController end
2022-04-08 16:03:24,503 DEBUG [14983] [] finally
2022-04-08 16:03:26,940 DEBUG [14983] [] Request URI : /eccadmin_dev/Login/login
2022-04-08 16:03:26,941 DEBUG [14983] [] LoginController start
2022-04-08 16:03:26,941 DEBUG [14983] [] controllers/LoginController.php: is exist
2022-04-08 16:03:26,941 DEBUG [14983] [] LoginForm: is exist
2022-04-08 16:03:26,941 DEBUG [14983] [] LoginForm: form value set 
2022-04-08 16:03:26,942 DEBUG [14983] [] ------------------------------/eccadmin_dev/Login/login
2022-04-08 16:03:26,942 DEBUG [14983] [] ------------------------------login_start_check
2022-04-08 16:03:26,942 DEBUG [14983] [] loginAction start
2022-04-08 16:03:27,252 DEBUG [14983] [] loginAction end
2022-04-08 16:03:27,252 DEBUG [14983] [] LoginController end
2022-04-08 16:03:27,252 DEBUG [14983] [] finally
2022-04-08 16:03:27,266 DEBUG [14983] [] Request URI : /eccadmin_dev/Menu
2022-04-08 16:03:27,266 DEBUG [14983] [] MenuController start
2022-04-08 16:03:27,266 DEBUG [14983] [] controllers/MenuController.php: is exist
2022-04-08 16:03:27,266 DEBUG [14983] [] MenuForm: is exist
2022-04-08 16:03:27,266 DEBUG [14983] [] MenuForm: form value set 
2022-04-08 16:03:27,267 DEBUG [14983] [] ------------------------------/eccadmin_dev/Menu
2022-04-08 16:03:27,267 DEBUG [14983] [] ------------------------------login_start_check
2022-04-08 16:03:27,267 DEBUG [14983] [] indexAction start
2022-04-08 16:03:27,267 DEBUG [14983] [] admin_no is 1
2022-04-08 16:03:27,295 DEBUG [14983] [] indexAction end
2022-04-08 16:03:27,295 DEBUG [14983] [] MenuController end
2022-04-08 16:03:27,295 DEBUG [14983] [] finally
2022-04-08 16:03:30,225 DEBUG [14983] [] Request URI : /eccadmin_dev/CourseStatusList
2022-04-08 16:03:30,225 DEBUG [14983] [] CourseStatusListController start
2022-04-08 16:03:30,225 DEBUG [14983] [] controllers/CourseStatusListController.php: is exist
2022-04-08 16:03:30,227 DEBUG [14983] [] CourseStatusListForm: is exist
2022-04-08 16:03:30,227 DEBUG [14983] [] CourseStatusListForm: form value set 
2022-04-08 16:03:30,227 DEBUG [14983] [] ------------------------------/eccadmin_dev/CourseStatusList
2022-04-08 16:03:30,228 DEBUG [14983] [] indexAction start
2022-04-08 16:03:30,228 DEBUG [14983] [] admin_no is 1
2022-04-08 16:03:30,346 DEBUG [14983] [] indexAction end
2022-04-08 16:03:30,346 DEBUG [14983] [] CourseStatusListController end
2022-04-08 16:03:30,346 DEBUG [14983] [] finally
2022-04-08 16:03:33,123 DEBUG [14982] [] Request URI : /eccadmin_dev/CourseStatusList/Search
2022-04-08 16:03:33,124 DEBUG [14982] [] CourseStatusListController start
2022-04-08 16:03:33,124 DEBUG [14982] [] controllers/CourseStatusListController.php: is exist
2022-04-08 16:03:33,125 DEBUG [14982] [] CourseStatusListForm: is exist
2022-04-08 16:03:33,126 DEBUG [14982] [] CourseStatusListForm: form value set 
2022-04-08 16:03:33,126 DEBUG [14982] [] ------------------------------/eccadmin_dev/CourseStatusList/Search
2022-04-08 16:03:33,126 DEBUG [14982] [] SearchAction start
2022-04-08 16:03:33,126 DEBUG [14982] [] admin_no is 1
2022-04-08 16:03:33,130 DEBUG [14982] [] course list query
2022-04-08 16:03:33,130 DEBUG [14982] []  SELECT   co.offer_no     ,m.org_no  ,m.org_id  ,m.org_name  ,cd.course_id    ,c.course_name    ,c.course_name_romaji  ,cd.course_detail_no     ,s.student_no  ,s.login_id  ,s.student_name  ,cd.disp_no     ,d.course_detail_name     ,d.course_detail_romaji  ,d.test_kbn test_kbn     ,date_format(answer.answer_dt,'%Y/%m/%d') AS answer_dt     ,student_mark.result_marks  ,total_mark.marks total_marks  FROM  	T_COURSE_DETAIL_STUDENT detail_stu  INNER JOIN T_STUDENT s  	ON detail_stu.org_no = s.org_no  	AND detail_stu.student_no = s.student_no  	AND s.del_flg = '0'  INNER JOIN T_COURSE_STUDENT cs     	ON s.student_no = cs.student_no       	AND s.org_no = cs.org_no        	AND detail_stu.offer_no = cs.offer_no  	AND detail_stu.course_id = cs.course_id  	AND cs.del_flg = '0'  INNER JOIN T_COURSE c            	ON cs.course_id = c.course_id        	AND c.del_flg = '0'       INNER JOIN T_COURSE_ORG co       	ON c.course_id = co.course_id        	AND detail_stu.org_no = co.org_no      	AND detail_stu.offer_no = co.offer_no    	AND co.del_flg = '0'    INNER JOIN M_ORGANIZATION m      	ON detail_stu.org_no = m.org_no      	AND m.del_flg = '0'       INNER JOIN T_COURSE_DETAIL cd    	ON detail_stu.course_id = cd.course_id   	AND detail_stu.course_detail_no = cd.course_detail_no    	AND cd.del_flg = '0'   INNER JOIN T_DETAIL d       	ON detail_stu.course_detail_no = d.course_detail_no      	AND d.del_flg = '0'     LEFT JOIN 	( SELECT offer_no          					,course_id course_id           					,course_detail_no course_detail_no            					,student_no           					,MIN(answer_dt) answer_dt            				FROM T_4SKILL_ANSWER          				WHERE del_flg = '0'          				GROUP BY offer_no,course_id,course_detail_no,student_no         			) answer     	ON detail_stu.course_id = answer.course_id     	AND detail_stu.course_detail_no = answer.course_detail_no     	AND detail_stu.offer_no = answer.offer_no   	AND s.student_no = answer.student_no  LEFT JOIN (    SELECT 	a.offer_no ,a.student_no  						,a.course_id,a.course_detail_no  						,SUM(a.marks) as result_marks   				FROM (  SELECT skill_answer.offer_no    							,skill_answer.student_no    							,skill_answer.course_id   							,skill_answer.course_detail_no    							,skill_result_detail.rule_no    							,skill_result_detail.sub_rule_no    							,skill_result_detail.rule_detail_no   							,mark_detail.marks    						FROM T_4SKILL_ANSWER skill_answer   						LEFT JOIN T_4SKILL_RESULT skill_result    							ON skill_answer.offer_no = skill_result.offer_no    							AND skill_answer.student_no = skill_result.student_no    							AND skill_answer.course_id = skill_result.course_id    							AND skill_answer.course_detail_no = skill_result.course_detail_no    						INNER JOIN T_4SKILL_RESULT_DETAIL skill_result_detail   							ON skill_result.result_no = skill_result_detail.result_no   						INNER JOIN M_MARK_DETAIL mark_detail    							ON skill_result_detail.rule_no = mark_detail.rule_no    							AND skill_result_detail.sub_rule_no = mark_detail.sub_rule_no    							AND skill_result_detail.rule_detail_no = mark_detail.rule_detail_no    						WHERE skill_answer.del_flg = '0'          						AND skill_result.del_flg = '0'          						GROUP BY skill_answer.offer_no ,skill_answer.student_no ,skill_answer.course_id   								,skill_answer.course_detail_no ,skill_result.result_no,skill_result_detail.rule_no         								,skill_result_detail.sub_rule_no ,skill_result_detail.rule_detail_no         					) as a    				GROUP BY a.offer_no  	,a.student_no   	,a.course_id    	,a.course_detail_no    			) as student_mark   			ON detail_stu.student_no = student_mark.student_no    			AND detail_stu.offer_no = student_mark.offer_no     			AND detail_stu.course_id = student_mark.course_id       			AND detail_stu.course_detail_no = student_mark.course_detail_no    LEFT JOIN  (   SELECT mark_rule.course_level       	  					, mark_rule.test_kbn       	  					, course.course_id         					, course_detail.course_detail_no         					, SUM(mark_detail.max_marks) marks         				FROM T_COURSE course    				INNER JOIN T_COURSE_DETAIL course_detail    					ON course.course_id = course_detail.course_id    					AND course.del_flg = '0'    				AND course_detail.del_flg = '0'    				INNER JOIN T_COURSE_DETAIL_QUESTION course_detail_qa    					ON course_detail.course_detail_no = course_detail_qa.course_detail_no    					AND course_detail_qa.del_flg = '0'   				INNER JOIN T_QUESTION ques    					ON course_detail_qa.question_no = ques.question_no    					AND ques.del_flg = '0'    				INNER JOIN  M_MARK_RULE mark_rule    					ON ques.score_pattern = mark_rule.score_pattern    					AND course.course_level = mark_rule.course_level    					AND course.test_kbn = mark_rule.test_kbn    				INNER JOIN  (  	SELECT  rule_no    										,SUM(max_marks) AS max_marks    								FROM (  SELECT rule_no  							,sub_rule_no    												,MAX(marks) AS max_marks    										FROM M_MARK_DETAIL    										WHERE del_flg = '0'    										GROUP BY rule_no,sub_rule_no  									) AS max    								GROUP BY rule_no    							) mark_detail  	  				ON mark_rule.rule_no = mark_detail.rule_no    				GROUP BY mark_rule.course_level      ,mark_rule.test_kbn, course.course_id, course_detail.course_detail_no     			) as total_mark   	ON detail_stu.course_id = total_mark.course_id     	AND detail_stu.course_detail_no = total_mark.course_detail_no    	AND c.course_level =  total_mark.course_level    	AND c.test_kbn =  total_mark.test_kbn   WHERE   '1' = '1'  AND detail_stu.del_flg = '0'  AND answer.answer_dt IS NOT NULL  AND student_mark.result_marks IS NOT NULL GROUP BY cd.course_id ,co.offer_no,m.org_no,m.org_id,c.course_name,c.course_name_romaji,cd.course_detail_no,s.student_no,s.login_id,s.student_name,cd.disp_no,d.course_detail_name,d.course_detail_romaji,d.test_kbn,answer.answer_dt,total_mark.marks,student_mark.result_marks  ORDER BY detail_stu.start_period DESC, s.login_id 
2022-04-08 16:03:33,371 DEBUG [14982] [] course list query
2022-04-08 16:03:33,371 DEBUG [14982] []  SELECT   co.offer_no     ,m.org_no  ,m.org_id  ,m.org_name  ,cd.course_id    ,c.course_name    ,c.course_name_romaji  ,cd.course_detail_no     ,s.student_no  ,s.login_id  ,s.student_name  ,cd.disp_no     ,d.course_detail_name     ,d.course_detail_romaji  ,d.test_kbn test_kbn     ,date_format(answer.answer_dt,'%Y/%m/%d') AS answer_dt     ,student_mark.result_marks  ,total_mark.marks total_marks  FROM  	T_COURSE_DETAIL_STUDENT detail_stu  INNER JOIN T_STUDENT s  	ON detail_stu.org_no = s.org_no  	AND detail_stu.student_no = s.student_no  	AND s.del_flg = '0'  INNER JOIN T_COURSE_STUDENT cs     	ON s.student_no = cs.student_no       	AND s.org_no = cs.org_no        	AND detail_stu.offer_no = cs.offer_no  	AND detail_stu.course_id = cs.course_id  	AND cs.del_flg = '0'  INNER JOIN T_COURSE c            	ON cs.course_id = c.course_id        	AND c.del_flg = '0'       INNER JOIN T_COURSE_ORG co       	ON c.course_id = co.course_id        	AND detail_stu.org_no = co.org_no      	AND detail_stu.offer_no = co.offer_no    	AND co.del_flg = '0'    INNER JOIN M_ORGANIZATION m      	ON detail_stu.org_no = m.org_no      	AND m.del_flg = '0'       INNER JOIN T_COURSE_DETAIL cd    	ON detail_stu.course_id = cd.course_id   	AND detail_stu.course_detail_no = cd.course_detail_no    	AND cd.del_flg = '0'   INNER JOIN T_DETAIL d       	ON detail_stu.course_detail_no = d.course_detail_no      	AND d.del_flg = '0'     LEFT JOIN 	( SELECT offer_no          					,course_id course_id           					,course_detail_no course_detail_no            					,student_no           					,MIN(answer_dt) answer_dt            				FROM T_4SKILL_ANSWER          				WHERE del_flg = '0'          				GROUP BY offer_no,course_id,course_detail_no,student_no         			) answer     	ON detail_stu.course_id = answer.course_id     	AND detail_stu.course_detail_no = answer.course_detail_no     	AND detail_stu.offer_no = answer.offer_no   	AND s.student_no = answer.student_no  LEFT JOIN (    SELECT 	a.offer_no ,a.student_no  						,a.course_id,a.course_detail_no  						,SUM(a.marks) as result_marks   				FROM (  SELECT skill_answer.offer_no    							,skill_answer.student_no    							,skill_answer.course_id   							,skill_answer.course_detail_no    							,skill_result_detail.rule_no    							,skill_result_detail.sub_rule_no    							,skill_result_detail.rule_detail_no   							,mark_detail.marks    						FROM T_4SKILL_ANSWER skill_answer   						LEFT JOIN T_4SKILL_RESULT skill_result    							ON skill_answer.offer_no = skill_result.offer_no    							AND skill_answer.student_no = skill_result.student_no    							AND skill_answer.course_id = skill_result.course_id    							AND skill_answer.course_detail_no = skill_result.course_detail_no    						INNER JOIN T_4SKILL_RESULT_DETAIL skill_result_detail   							ON skill_result.result_no = skill_result_detail.result_no   						INNER JOIN M_MARK_DETAIL mark_detail    							ON skill_result_detail.rule_no = mark_detail.rule_no    							AND skill_result_detail.sub_rule_no = mark_detail.sub_rule_no    							AND skill_result_detail.rule_detail_no = mark_detail.rule_detail_no    						WHERE skill_answer.del_flg = '0'          						AND skill_result.del_flg = '0'          						GROUP BY skill_answer.offer_no ,skill_answer.student_no ,skill_answer.course_id   								,skill_answer.course_detail_no ,skill_result.result_no,skill_result_detail.rule_no         								,skill_result_detail.sub_rule_no ,skill_result_detail.rule_detail_no         					) as a    				GROUP BY a.offer_no  	,a.student_no   	,a.course_id    	,a.course_detail_no    			) as student_mark   			ON detail_stu.student_no = student_mark.student_no    			AND detail_stu.offer_no = student_mark.offer_no     			AND detail_stu.course_id = student_mark.course_id       			AND detail_stu.course_detail_no = student_mark.course_detail_no    LEFT JOIN  (   SELECT mark_rule.course_level       	  					, mark_rule.test_kbn       	  					, course.course_id         					, course_detail.course_detail_no         					, SUM(mark_detail.max_marks) marks         				FROM T_COURSE course    				INNER JOIN T_COURSE_DETAIL course_detail    					ON course.course_id = course_detail.course_id    					AND course.del_flg = '0'    				AND course_detail.del_flg = '0'    				INNER JOIN T_COURSE_DETAIL_QUESTION course_detail_qa    					ON course_detail.course_detail_no = course_detail_qa.course_detail_no    					AND course_detail_qa.del_flg = '0'   				INNER JOIN T_QUESTION ques    					ON course_detail_qa.question_no = ques.question_no    					AND ques.del_flg = '0'    				INNER JOIN  M_MARK_RULE mark_rule    					ON ques.score_pattern = mark_rule.score_pattern    					AND course.course_level = mark_rule.course_level    					AND course.test_kbn = mark_rule.test_kbn    				INNER JOIN  (  	SELECT  rule_no    										,SUM(max_marks) AS max_marks    								FROM (  SELECT rule_no  							,sub_rule_no    												,MAX(marks) AS max_marks    										FROM M_MARK_DETAIL    										WHERE del_flg = '0'    										GROUP BY rule_no,sub_rule_no  									) AS max    								GROUP BY rule_no    							) mark_detail  	  				ON mark_rule.rule_no = mark_detail.rule_no    				GROUP BY mark_rule.course_level      ,mark_rule.test_kbn, course.course_id, course_detail.course_detail_no     			) as total_mark   	ON detail_stu.course_id = total_mark.course_id     	AND detail_stu.course_detail_no = total_mark.course_detail_no    	AND c.course_level =  total_mark.course_level    	AND c.test_kbn =  total_mark.test_kbn   WHERE   '1' = '1'  AND detail_stu.del_flg = '0'  AND answer.answer_dt IS NOT NULL  AND student_mark.result_marks IS NOT NULL GROUP BY cd.course_id ,co.offer_no,m.org_no,m.org_id,c.course_name,c.course_name_romaji,cd.course_detail_no,s.student_no,s.login_id,s.student_name,cd.disp_no,d.course_detail_name,d.course_detail_romaji,d.test_kbn,answer.answer_dt,total_mark.marks,student_mark.result_marks  ORDER BY detail_stu.start_period DESC, s.login_id  LIMIT 0 , 10
2022-04-08 16:03:33,551 DEBUG [14982] [] SearchAction end
2022-04-08 16:03:33,551 DEBUG [14982] [] CourseStatusListController end
2022-04-08 16:03:33,551 DEBUG [14982] [] finally
2022-04-08 16:03:35,919 DEBUG [14982] [] Request URI : /eccadmin_dev/CourseStatusList/Search
2022-04-08 16:03:35,920 DEBUG [14982] [] CourseStatusListController start
2022-04-08 16:03:35,920 DEBUG [14982] [] controllers/CourseStatusListController.php: is exist
2022-04-08 16:03:35,921 DEBUG [14982] [] CourseStatusListForm: is exist
2022-04-08 16:03:35,921 DEBUG [14982] [] CourseStatusListForm: form value set 
2022-04-08 16:03:35,922 DEBUG [14982] [] ------------------------------/eccadmin_dev/CourseStatusList/Search
2022-04-08 16:03:35,922 DEBUG [14982] [] SearchAction start
2022-04-08 16:03:35,922 DEBUG [14982] [] admin_no is 1
2022-04-08 16:03:35,925 DEBUG [14982] [] course list query
2022-04-08 16:03:35,925 DEBUG [14982] []  SELECT   co.offer_no     ,m.org_no  ,m.org_id  ,m.org_name  ,cd.course_id    ,c.course_name    ,c.course_name_romaji  ,cd.course_detail_no     ,s.student_no  ,s.login_id  ,s.student_name  ,cd.disp_no     ,d.course_detail_name     ,d.course_detail_romaji  ,d.test_kbn test_kbn     ,date_format(answer.answer_dt,'%Y/%m/%d') AS answer_dt     ,student_mark.result_marks  ,total_mark.marks total_marks  FROM  	T_COURSE_DETAIL_STUDENT detail_stu  INNER JOIN T_STUDENT s  	ON detail_stu.org_no = s.org_no  	AND detail_stu.student_no = s.student_no  	AND s.del_flg = '0'  INNER JOIN T_COURSE_STUDENT cs     	ON s.student_no = cs.student_no       	AND s.org_no = cs.org_no        	AND detail_stu.offer_no = cs.offer_no  	AND detail_stu.course_id = cs.course_id  	AND cs.del_flg = '0'  INNER JOIN T_COURSE c            	ON cs.course_id = c.course_id        	AND c.del_flg = '0'       INNER JOIN T_COURSE_ORG co       	ON c.course_id = co.course_id        	AND detail_stu.org_no = co.org_no      	AND detail_stu.offer_no = co.offer_no    	AND co.del_flg = '0'    INNER JOIN M_ORGANIZATION m      	ON detail_stu.org_no = m.org_no      	AND m.del_flg = '0'       INNER JOIN T_COURSE_DETAIL cd    	ON detail_stu.course_id = cd.course_id   	AND detail_stu.course_detail_no = cd.course_detail_no    	AND cd.del_flg = '0'   INNER JOIN T_DETAIL d       	ON detail_stu.course_detail_no = d.course_detail_no      	AND d.del_flg = '0'     LEFT JOIN 	( SELECT offer_no          					,course_id course_id           					,course_detail_no course_detail_no            					,student_no           					,MIN(answer_dt) answer_dt            				FROM T_4SKILL_ANSWER          				WHERE del_flg = '0'          				GROUP BY offer_no,course_id,course_detail_no,student_no         			) answer     	ON detail_stu.course_id = answer.course_id     	AND detail_stu.course_detail_no = answer.course_detail_no     	AND detail_stu.offer_no = answer.offer_no   	AND s.student_no = answer.student_no  LEFT JOIN (    SELECT 	a.offer_no ,a.student_no  						,a.course_id,a.course_detail_no  						,SUM(a.marks) as result_marks   				FROM (  SELECT skill_answer.offer_no    							,skill_answer.student_no    							,skill_answer.course_id   							,skill_answer.course_detail_no    							,skill_result_detail.rule_no    							,skill_result_detail.sub_rule_no    							,skill_result_detail.rule_detail_no   							,mark_detail.marks    						FROM T_4SKILL_ANSWER skill_answer   						LEFT JOIN T_4SKILL_RESULT skill_result    							ON skill_answer.offer_no = skill_result.offer_no    							AND skill_answer.student_no = skill_result.student_no    							AND skill_answer.course_id = skill_result.course_id    							AND skill_answer.course_detail_no = skill_result.course_detail_no    						INNER JOIN T_4SKILL_RESULT_DETAIL skill_result_detail   							ON skill_result.result_no = skill_result_detail.result_no   						INNER JOIN M_MARK_DETAIL mark_detail    							ON skill_result_detail.rule_no = mark_detail.rule_no    							AND skill_result_detail.sub_rule_no = mark_detail.sub_rule_no    							AND skill_result_detail.rule_detail_no = mark_detail.rule_detail_no    						WHERE skill_answer.del_flg = '0'          						AND skill_result.del_flg = '0'          						GROUP BY skill_answer.offer_no ,skill_answer.student_no ,skill_answer.course_id   								,skill_answer.course_detail_no ,skill_result.result_no,skill_result_detail.rule_no         								,skill_result_detail.sub_rule_no ,skill_result_detail.rule_detail_no         					) as a    				GROUP BY a.offer_no  	,a.student_no   	,a.course_id    	,a.course_detail_no    			) as student_mark   			ON detail_stu.student_no = student_mark.student_no    			AND detail_stu.offer_no = student_mark.offer_no     			AND detail_stu.course_id = student_mark.course_id       			AND detail_stu.course_detail_no = student_mark.course_detail_no    LEFT JOIN  (   SELECT mark_rule.course_level       	  					, mark_rule.test_kbn       	  					, course.course_id         					, course_detail.course_detail_no         					, SUM(mark_detail.max_marks) marks         				FROM T_COURSE course    				INNER JOIN T_COURSE_DETAIL course_detail    					ON course.course_id = course_detail.course_id    					AND course.del_flg = '0'    				AND course_detail.del_flg = '0'    				INNER JOIN T_COURSE_DETAIL_QUESTION course_detail_qa    					ON course_detail.course_detail_no = course_detail_qa.course_detail_no    					AND course_detail_qa.del_flg = '0'   				INNER JOIN T_QUESTION ques    					ON course_detail_qa.question_no = ques.question_no    					AND ques.del_flg = '0'    				INNER JOIN  M_MARK_RULE mark_rule    					ON ques.score_pattern = mark_rule.score_pattern    					AND course.course_level = mark_rule.course_level    					AND course.test_kbn = mark_rule.test_kbn    				INNER JOIN  (  	SELECT  rule_no    										,SUM(max_marks) AS max_marks    								FROM (  SELECT rule_no  							,sub_rule_no    												,MAX(marks) AS max_marks    										FROM M_MARK_DETAIL    										WHERE del_flg = '0'    										GROUP BY rule_no,sub_rule_no  									) AS max    								GROUP BY rule_no    							) mark_detail  	  				ON mark_rule.rule_no = mark_detail.rule_no    				GROUP BY mark_rule.course_level      ,mark_rule.test_kbn, course.course_id, course_detail.course_detail_no     			) as total_mark   	ON detail_stu.course_id = total_mark.course_id     	AND detail_stu.course_detail_no = total_mark.course_detail_no    	AND c.course_level =  total_mark.course_level    	AND c.test_kbn =  total_mark.test_kbn   WHERE   '1' = '1'  AND detail_stu.del_flg = '0'  AND answer.answer_dt IS NOT NULL  AND student_mark.result_marks IS NULL GROUP BY cd.course_id ,co.offer_no,m.org_no,m.org_id,c.course_name,c.course_name_romaji,cd.course_detail_no,s.student_no,s.login_id,s.student_name,cd.disp_no,d.course_detail_name,d.course_detail_romaji,d.test_kbn,answer.answer_dt,total_mark.marks,student_mark.result_marks  ORDER BY detail_stu.start_period DESC, s.login_id 
2022-04-08 16:03:36,259 DEBUG [14982] [] course list query
2022-04-08 16:03:36,259 DEBUG [14982] []  SELECT   co.offer_no     ,m.org_no  ,m.org_id  ,m.org_name  ,cd.course_id    ,c.course_name    ,c.course_name_romaji  ,cd.course_detail_no     ,s.student_no  ,s.login_id  ,s.student_name  ,cd.disp_no     ,d.course_detail_name     ,d.course_detail_romaji  ,d.test_kbn test_kbn     ,date_format(answer.answer_dt,'%Y/%m/%d') AS answer_dt     ,student_mark.result_marks  ,total_mark.marks total_marks  FROM  	T_COURSE_DETAIL_STUDENT detail_stu  INNER JOIN T_STUDENT s  	ON detail_stu.org_no = s.org_no  	AND detail_stu.student_no = s.student_no  	AND s.del_flg = '0'  INNER JOIN T_COURSE_STUDENT cs     	ON s.student_no = cs.student_no       	AND s.org_no = cs.org_no        	AND detail_stu.offer_no = cs.offer_no  	AND detail_stu.course_id = cs.course_id  	AND cs.del_flg = '0'  INNER JOIN T_COURSE c            	ON cs.course_id = c.course_id        	AND c.del_flg = '0'       INNER JOIN T_COURSE_ORG co       	ON c.course_id = co.course_id        	AND detail_stu.org_no = co.org_no      	AND detail_stu.offer_no = co.offer_no    	AND co.del_flg = '0'    INNER JOIN M_ORGANIZATION m      	ON detail_stu.org_no = m.org_no      	AND m.del_flg = '0'       INNER JOIN T_COURSE_DETAIL cd    	ON detail_stu.course_id = cd.course_id   	AND detail_stu.course_detail_no = cd.course_detail_no    	AND cd.del_flg = '0'   INNER JOIN T_DETAIL d       	ON detail_stu.course_detail_no = d.course_detail_no      	AND d.del_flg = '0'     LEFT JOIN 	( SELECT offer_no          					,course_id course_id           					,course_detail_no course_detail_no            					,student_no           					,MIN(answer_dt) answer_dt            				FROM T_4SKILL_ANSWER          				WHERE del_flg = '0'          				GROUP BY offer_no,course_id,course_detail_no,student_no         			) answer     	ON detail_stu.course_id = answer.course_id     	AND detail_stu.course_detail_no = answer.course_detail_no     	AND detail_stu.offer_no = answer.offer_no   	AND s.student_no = answer.student_no  LEFT JOIN (    SELECT 	a.offer_no ,a.student_no  						,a.course_id,a.course_detail_no  						,SUM(a.marks) as result_marks   				FROM (  SELECT skill_answer.offer_no    							,skill_answer.student_no    							,skill_answer.course_id   							,skill_answer.course_detail_no    							,skill_result_detail.rule_no    							,skill_result_detail.sub_rule_no    							,skill_result_detail.rule_detail_no   							,mark_detail.marks    						FROM T_4SKILL_ANSWER skill_answer   						LEFT JOIN T_4SKILL_RESULT skill_result    							ON skill_answer.offer_no = skill_result.offer_no    							AND skill_answer.student_no = skill_result.student_no    							AND skill_answer.course_id = skill_result.course_id    							AND skill_answer.course_detail_no = skill_result.course_detail_no    						INNER JOIN T_4SKILL_RESULT_DETAIL skill_result_detail   							ON skill_result.result_no = skill_result_detail.result_no   						INNER JOIN M_MARK_DETAIL mark_detail    							ON skill_result_detail.rule_no = mark_detail.rule_no    							AND skill_result_detail.sub_rule_no = mark_detail.sub_rule_no    							AND skill_result_detail.rule_detail_no = mark_detail.rule_detail_no    						WHERE skill_answer.del_flg = '0'          						AND skill_result.del_flg = '0'          						GROUP BY skill_answer.offer_no ,skill_answer.student_no ,skill_answer.course_id   								,skill_answer.course_detail_no ,skill_result.result_no,skill_result_detail.rule_no         								,skill_result_detail.sub_rule_no ,skill_result_detail.rule_detail_no         					) as a    				GROUP BY a.offer_no  	,a.student_no   	,a.course_id    	,a.course_detail_no    			) as student_mark   			ON detail_stu.student_no = student_mark.student_no    			AND detail_stu.offer_no = student_mark.offer_no     			AND detail_stu.course_id = student_mark.course_id       			AND detail_stu.course_detail_no = student_mark.course_detail_no    LEFT JOIN  (   SELECT mark_rule.course_level       	  					, mark_rule.test_kbn       	  					, course.course_id         					, course_detail.course_detail_no         					, SUM(mark_detail.max_marks) marks         				FROM T_COURSE course    				INNER JOIN T_COURSE_DETAIL course_detail    					ON course.course_id = course_detail.course_id    					AND course.del_flg = '0'    				AND course_detail.del_flg = '0'    				INNER JOIN T_COURSE_DETAIL_QUESTION course_detail_qa    					ON course_detail.course_detail_no = course_detail_qa.course_detail_no    					AND course_detail_qa.del_flg = '0'   				INNER JOIN T_QUESTION ques    					ON course_detail_qa.question_no = ques.question_no    					AND ques.del_flg = '0'    				INNER JOIN  M_MARK_RULE mark_rule    					ON ques.score_pattern = mark_rule.score_pattern    					AND course.course_level = mark_rule.course_level    					AND course.test_kbn = mark_rule.test_kbn    				INNER JOIN  (  	SELECT  rule_no    										,SUM(max_marks) AS max_marks    								FROM (  SELECT rule_no  							,sub_rule_no    												,MAX(marks) AS max_marks    										FROM M_MARK_DETAIL    										WHERE del_flg = '0'    										GROUP BY rule_no,sub_rule_no  									) AS max    								GROUP BY rule_no    							) mark_detail  	  				ON mark_rule.rule_no = mark_detail.rule_no    				GROUP BY mark_rule.course_level      ,mark_rule.test_kbn, course.course_id, course_detail.course_detail_no     			) as total_mark   	ON detail_stu.course_id = total_mark.course_id     	AND detail_stu.course_detail_no = total_mark.course_detail_no    	AND c.course_level =  total_mark.course_level    	AND c.test_kbn =  total_mark.test_kbn   WHERE   '1' = '1'  AND detail_stu.del_flg = '0'  AND answer.answer_dt IS NOT NULL  AND student_mark.result_marks IS NULL GROUP BY cd.course_id ,co.offer_no,m.org_no,m.org_id,c.course_name,c.course_name_romaji,cd.course_detail_no,s.student_no,s.login_id,s.student_name,cd.disp_no,d.course_detail_name,d.course_detail_romaji,d.test_kbn,answer.answer_dt,total_mark.marks,student_mark.result_marks  ORDER BY detail_stu.start_period DESC, s.login_id  LIMIT 0 , 10
2022-04-08 16:03:36,584 DEBUG [14982] [] SearchAction end
2022-04-08 16:03:36,584 DEBUG [14982] [] CourseStatusListController end
2022-04-08 16:03:36,585 DEBUG [14982] [] finally
2022-04-08 16:03:40,081 DEBUG [14982] [] Request URI : /eccadmin_dev/CourseContractConfirmList
2022-04-08 16:03:40,082 DEBUG [14982] [] CourseContractConfirmListController start
2022-04-08 16:03:40,082 DEBUG [14982] [] controllers/CourseContractConfirmListController.php: is exist
2022-04-08 16:03:40,137 DEBUG [14982] [] CourseContractConfirmListForm: is exist
2022-04-08 16:03:40,138 DEBUG [14982] [] CourseContractConfirmListForm: form value set 
2022-04-08 16:03:40,138 DEBUG [14982] [] ------------------------------/eccadmin_dev/CourseContractConfirmList
2022-04-08 16:03:40,138 DEBUG [14982] [] indexAction start
2022-04-08 16:03:40,138 DEBUG [14982] [] admin_no is 1
2022-04-08 16:03:40,231 DEBUG [14982] [] indexAction end
2022-04-08 16:03:40,231 DEBUG [14982] [] CourseContractConfirmListController end
2022-04-08 16:03:40,231 DEBUG [14982] [] finally
2022-04-08 16:03:48,745 DEBUG [14985] [] Request URI : /eccadmin_dev/CourseContractConfirmList/Search
2022-04-08 16:03:48,746 DEBUG [14985] [] CourseContractConfirmListController start
2022-04-08 16:03:48,746 DEBUG [14985] [] controllers/CourseContractConfirmListController.php: is exist
2022-04-08 16:03:48,747 DEBUG [14985] [] CourseContractConfirmListForm: is exist
2022-04-08 16:03:48,747 DEBUG [14985] [] CourseContractConfirmListForm: form value set 
2022-04-08 16:03:48,748 DEBUG [14985] [] ------------------------------/eccadmin_dev/CourseContractConfirmList/Search
2022-04-08 16:03:48,748 DEBUG [14985] [] SearchAction start
2022-04-08 16:03:48,748 DEBUG [14985] [] admin_no is 1
2022-04-08 16:03:48,750 DEBUG [14985] [] CourseContractConfirmList　Query
2022-04-08 16:03:48,751 DEBUG [14985] []  SELECT   o.org_no    ,o.org_id  ,o.org_name  ,o.org_name_official  ,c.course_id  ,c.course_name  ,date_format(co.start_period,'%Y/%m/%d') AS  co_start_period ,date_format(co.end_period,'%Y/%m/%d') AS  co_end_period ,co.remarks  ,co.offer_no  ,d.course_detail_no  ,d.course_detail_name  ,s.student_no  ,s.student_name  ,s.login_id  ,date_format(cds.start_period,'%Y/%m/%d') AS cds_start_period  ,date_format(cds.end_period,'%Y/%m/%d') AS cds_end_period  ,date_format(answer.answer_dt,'%Y/%m/%d') AS a_answer_dt  ,date_format(r.update_dt,'%Y/%m/%d') AS u_update_dt  ,teacher.display_name AS display_name  ,teacher.login_id AS teacher_code ,teacher.name AS teacher_name ,teacher.school_kbn AS teacher_school   ,CONCAT(if (student_mark.result_marks IS NULL,'-', student_mark.result_marks ),'/',total_mark.marks) AS result  FROM M_ORGANIZATION o  INNER JOIN T_COURSE_ORG as co  ON co.org_no = o.org_no  AND co.del_flg = '0'  AND o.del_flg = '0'  INNER JOIN T_COURSE as c  ON c.course_id = co.course_id  AND c.del_flg = '0'  INNER JOIN T_COURSE_DETAIL as cd  ON cd.course_id = c.course_id  AND cd.del_flg = '0'  INNER JOIN T_DETAIL as d  ON d.course_detail_no = cd.course_detail_no  AND c.course_level = d.course_level  AND c.test_kbn = d.test_kbn  AND d.del_flg = '0'  LEFT JOIN T_COURSE_DETAIL_STUDENT as cds  ON cds.offer_no = co.offer_no  AND cds.course_id = c.course_id  AND cds.course_detail_no = cd.course_detail_no  AND cds.del_flg = '0'  LEFT JOIN T_STUDENT as s  ON s.org_no = co.org_no  AND s.student_no = cds.student_no  AND s.del_flg = '0'  LEFT JOIN T_4SKILL_RESULT as r  ON r.offer_no = co.offer_no  AND r.course_id = c.course_id  AND r.course_detail_no = cd.course_detail_no  AND r.student_no = cds.student_no  AND r.del_flg = '0'  LEFT JOIN ( SELECT teacher_no,  del_flg, display_name, login_id, name, CASE WHEN school_kbn = '001' THEN 'Philippines'  WHEN school_kbn = '002' THEN 'Japan' ELSE NULL END AS school_kbn  FROM T_TEACHER) teacher  ON r.updater_id = teacher.teacher_no  AND teacher.del_flg = '0'  LEFT JOIN (  SELECT offer_no  	,course_id course_id  	,course_detail_no course_detail_no  	,student_no  	,MIN(answer_dt) answer_dt  	FROM T_4SKILL_ANSWER  	WHERE del_flg = '0'   	GROUP BY offer_no,course_id,course_detail_no,student_no ) answer  ON c.course_id = answer.course_id  AND cd.course_detail_no = answer.course_detail_no  AND co.offer_no = answer.offer_no  AND s.student_no = answer.student_no  LEFT JOIN (  	SELECT a.offer_no ,a.student_no,a.course_id,a.course_detail_no,SUM(a.marks) as result_marks  	FROM (  		SELECT skill_answer.offer_no  		,skill_answer.student_no  		,skill_answer.course_id  		,skill_answer.course_detail_no  		,skill_result_detail.rule_no  		,skill_result_detail.sub_rule_no  		,skill_result_detail.rule_detail_no  		,mark_detail.marks  		FROM T_4SKILL_ANSWER skill_answer  		LEFT JOIN T_4SKILL_RESULT skill_result  		ON skill_answer.offer_no = skill_result.offer_no  		AND skill_answer.student_no = skill_result.student_no  		AND skill_answer.course_id = skill_result.course_id  		AND skill_answer.course_detail_no = skill_result.course_detail_no  		INNER JOIN T_4SKILL_RESULT_DETAIL skill_result_detail  		ON skill_result.result_no = skill_result_detail.result_no  		INNER JOIN M_MARK_DETAIL mark_detail  		ON skill_result_detail.rule_no = mark_detail.rule_no  		AND skill_result_detail.sub_rule_no = mark_detail.sub_rule_no  		AND skill_result_detail.rule_detail_no = mark_detail.rule_detail_no  		AND skill_answer.del_flg = '0'  		AND skill_result.del_flg = '0'  		GROUP BY skill_answer.offer_no ,skill_answer.student_no ,skill_answer.course_id,mark_detail.marks  		,skill_answer.course_detail_no ,skill_result_detail.rule_no  		,skill_result_detail.sub_rule_no ,skill_result_detail.rule_detail_no  	) as a  	GROUP BY a.offer_no  ,a.student_no  ,a.course_id  ,a.course_detail_no  ) as student_mark  ON s.student_no = student_mark.student_no  AND co.offer_no = student_mark.offer_no  AND co.course_id = student_mark.course_id  AND cd.course_detail_no = student_mark.course_detail_no  LEFT JOIN  (  	SELECT mark_rule.course_level  	, mark_rule.test_kbn  	, course.course_id  	, course_detail.course_detail_no  	, SUM(mark_detail.max_marks) marks  	FROM T_COURSE course  	INNER JOIN T_COURSE_DETAIL course_detail  	ON course.course_id = course_detail.course_id  	AND course.del_flg = '0'  	AND course_detail.del_flg = '0'  	INNER JOIN T_COURSE_DETAIL_QUESTION course_detail_qa  	ON course_detail.course_detail_no = course_detail_qa.course_detail_no  	AND course_detail_qa.del_flg = '0'  	INNER JOIN T_QUESTION ques  	ON course_detail_qa.question_no = ques.question_no  	AND ques.del_flg = '0'  	INNER JOIN  M_MARK_RULE mark_rule  	ON ques.score_pattern = mark_rule.score_pattern  	AND course.course_level = mark_rule.course_level  	AND course.test_kbn = mark_rule.test_kbn  	INNER JOIN  (  		SELECT  rule_no  			,SUM(max_marks) AS max_marks  			FROM (  				SELECT rule_no  				,sub_rule_no  				,MAX(marks) AS max_marks  				FROM M_MARK_DETAIL  				WHERE del_flg = '0'  				GROUP BY rule_no,sub_rule_no) AS max  			GROUP BY rule_no  		) mark_detail  	ON mark_rule.rule_no = mark_detail.rule_no  	GROUP BY mark_rule.course_level      ,mark_rule.test_kbn, course.course_id, course_detail.course_detail_no  ) as total_mark  ON c.course_id = total_mark.course_id  AND cd.course_detail_no = total_mark.course_detail_no  AND c.course_level =  total_mark.course_level  AND c.test_kbn =  total_mark.test_kbn  WHERE  '1' = '1'  AND o.org_id LIKE :org_id  AND co.end_period >= :start_period  AND co.start_period <= :end_period  AND s.login_id = :login_id_from  GROUP BY o.org_no,o.org_id,o.org_name,o.org_name_official,c.course_id,c.course_name,co_start_period,co_end_period,co.remarks,co.offer_no, d.course_detail_no, d.course_detail_name,s.student_no,s.student_name,s.login_id,cds_start_period,cds_end_period,a_answer_dt,u_update_dt,display_name,teacher.login_id,teacher_name,teacher.school_kbn ORDER BY o.org_no,co.offer_no, c.course_id, cd.disp_no, cds.course_detail_no,s.login_id
2022-04-08 16:03:48,969 DEBUG [14985] [] SearchAction end
2022-04-08 16:03:48,969 DEBUG [14985] [] CourseContractConfirmListController end
2022-04-08 16:03:48,969 DEBUG [14985] [] finally
2022-04-08 16:03:51,447 DEBUG [15075] [] Request URI : /eccadmin_dev/StudentCourseDetailEdit/index
2022-04-08 16:03:51,451 DEBUG [15075] [] StudentCourseDetailEditController start
2022-04-08 16:03:51,452 DEBUG [15075] [] controllers/StudentCourseDetailEditController.php: is exist
2022-04-08 16:03:51,574 DEBUG [15075] [] StudentCourseDetailEditForm: is exist
2022-04-08 16:03:51,576 DEBUG [15075] [] StudentCourseDetailEditForm: form value set 
2022-04-08 16:03:51,577 DEBUG [15075] [] ------------------------------/eccadmin_dev/StudentCourseDetailEdit/index
2022-04-08 16:03:51,577 DEBUG [15075] [] ------------------------------session_check_true
2022-04-08 16:03:51,577 DEBUG [15075] [] indexAction start
2022-04-08 16:03:51,577 DEBUG [15075] [] admin_no is 1
2022-04-08 16:03:51,579 DEBUG [15075] []  SELECT DISTINCT m_org.org_no  ,m_org.org_id  ,m_org.org_name  ,m_org.org_name_official  ,course.course_id  ,course.course_name  ,course.remarks  ,detail.course_detail_name  ,detail.course_detail_romaji  ,detail.course_detail_no  ,course_detail.disp_no  ,detail.status  ,(SELECT name FROM M_TYPE a WHERE category=:course_level AND a.type=detail.course_level) AS course_level  ,(SELECT name FROM M_TYPE a WHERE category=:test_kbn AND a.type=detail.test_kbn) AS test_kbn  ,date_format(course_org.start_period,'%Y/%m/%d') AS start_period  ,date_format(course_org.end_period,'%Y/%m/%d') AS end_period  ,student.student_no  ,student.student_name  ,student.student_name_romaji  ,student.login_id  ,date_format(detail_student.start_period,'%Y/%m/%d') AS stu_course_start_period ,date_format(detail_student.end_period,'%Y/%m/%d') AS stu_course_end_period ,date_format(skill_answer.answer_dt,'%Y/%m/%d') AS answer_dt  ,date_format(skill_result.update_dt,'%Y/%m/%d') AS update_dt FROM T_COURSE course  LEFT JOIN T_COURSE_ORG as course_org  ON course_org.course_id = course.course_id  LEFT JOIN M_ORGANIZATION as m_org  ON course_org.org_no = m_org.org_no  LEFT JOIN T_COURSE_DETAIL as course_detail   ON course.course_id = course_detail.course_id   LEFT JOIN T_DETAIL as detail  ON course_detail.course_detail_no = detail.course_detail_no  LEFT JOIN T_COURSE_DETAIL_STUDENT as detail_student  ON detail_student.offer_no = course_org.offer_no  AND detail_student.org_no = m_org.org_no  AND detail_student.course_id = course.course_id  AND detail_student.course_detail_no = course_detail.course_detail_no  LEFT JOIN T_STUDENT as student ON detail_student.student_no = student.student_no  AND m_org.org_no = student.org_no LEFT JOIN (  SELECT answer.offer_no offer_no  ,answer.course_id course_id  ,answer.course_detail_no course_detail_no  ,answer.student_no student_no  ,MIN(answer.answer_dt) answer_dt  FROM T_COURSE_DETAIL_QUESTION cdques   LEFT JOIN T_4SKILL_ANSWER as answer ON answer.course_detail_no = cdques.course_detail_no  AND answer.question_no = cdques.question_no  AND answer.del_flg = 0  AND cdques.del_flg = 0  GROUP BY offer_no ,course_id ,course_detail_no, student_no ) skill_answer  ON skill_answer.offer_no = course_org.offer_no  AND skill_answer.student_no = student.student_no  AND skill_answer.course_id = course.course_id  AND skill_answer.course_detail_no = course_detail.course_detail_no  LEFT JOIN T_4SKILL_RESULT as skill_result ON skill_result.offer_no = course_org.offer_no  AND skill_result.student_no = student.student_no  AND skill_result.course_id = course.course_id  AND skill_result.course_detail_no = course_detail.course_detail_no  AND skill_result.del_flg = 0  WHERE course.course_id = :course_id  AND course_detail.course_detail_no = :course_detail_no  AND student.student_no = :student_no  AND m_org.org_no = :org_no  AND course_org.offer_no = :offer_no  AND course.del_flg = '0'  AND course_detail.del_flg = '0'  AND detail.del_flg = '0'  AND detail_student.del_flg = '0'  AND m_org.del_flg = '0'  GROUP BY  org_no,org_id, org_name,org_name_official,course_id,course_name,remarks,course_detail_name,course_detail_romaji,course_detail_no,disp_no,status,course_level,test_kbn,start_period,end_period,student_no,student_name,login_id,stu_course_end_period,stu_course_start_period,answer_dt,update_dt ORDER BY  course_detail.disp_no ASC 
2022-04-08 16:03:51,864 DEBUG [15075] []  SELECT DISTINCT m_org.org_no  ,m_org.org_id  ,m_org.org_name  ,m_org.org_name_official  ,course.course_id  ,course.course_name  ,course.remarks  ,detail.course_detail_name  ,detail.course_detail_romaji  ,detail.course_detail_no  ,course_detail.disp_no  ,detail.status  ,(SELECT name FROM M_TYPE a WHERE category=:course_level AND a.type=detail.course_level) AS course_level  ,(SELECT name FROM M_TYPE a WHERE category=:test_kbn AND a.type=detail.test_kbn) AS test_kbn  ,date_format(course_org.start_period,'%Y/%m/%d') AS start_period  ,date_format(course_org.end_period,'%Y/%m/%d') AS end_period  ,student.student_no  ,student.student_name  ,student.student_name_romaji  ,student.login_id  ,date_format(detail_student.start_period,'%Y/%m/%d') AS stu_course_start_period ,date_format(detail_student.end_period,'%Y/%m/%d') AS stu_course_end_period ,date_format(skill_answer.answer_dt,'%Y/%m/%d') AS answer_dt  ,date_format(skill_result.update_dt,'%Y/%m/%d') AS update_dt FROM T_COURSE course  LEFT JOIN T_COURSE_ORG as course_org  ON course_org.course_id = course.course_id  LEFT JOIN M_ORGANIZATION as m_org  ON course_org.org_no = m_org.org_no  LEFT JOIN T_COURSE_DETAIL as course_detail   ON course.course_id = course_detail.course_id   LEFT JOIN T_DETAIL as detail  ON course_detail.course_detail_no = detail.course_detail_no  LEFT JOIN T_COURSE_DETAIL_STUDENT as detail_student  ON detail_student.offer_no = course_org.offer_no  AND detail_student.org_no = m_org.org_no  AND detail_student.course_id = course.course_id  AND detail_student.course_detail_no = course_detail.course_detail_no  LEFT JOIN T_STUDENT as student ON detail_student.student_no = student.student_no  AND m_org.org_no = student.org_no LEFT JOIN (  SELECT answer.offer_no offer_no  ,answer.course_id course_id  ,answer.course_detail_no course_detail_no  ,answer.student_no student_no  ,MIN(answer.answer_dt) answer_dt  FROM T_COURSE_DETAIL_QUESTION cdques   LEFT JOIN T_4SKILL_ANSWER as answer ON answer.course_detail_no = cdques.course_detail_no  AND answer.question_no = cdques.question_no  AND answer.del_flg = 0  AND cdques.del_flg = 0  GROUP BY offer_no ,course_id ,course_detail_no, student_no ) skill_answer  ON skill_answer.offer_no = course_org.offer_no  AND skill_answer.student_no = student.student_no  AND skill_answer.course_id = course.course_id  AND skill_answer.course_detail_no = course_detail.course_detail_no  LEFT JOIN T_4SKILL_RESULT as skill_result ON skill_result.offer_no = course_org.offer_no  AND skill_result.student_no = student.student_no  AND skill_result.course_id = course.course_id  AND skill_result.course_detail_no = course_detail.course_detail_no  AND skill_result.del_flg = 0  WHERE course.course_id = :course_id  AND student.student_no = :student_no  AND m_org.org_no = :org_no  AND course_org.offer_no = :offer_no  AND course.del_flg = '0'  AND course_detail.del_flg = '0'  AND detail.del_flg = '0'  AND detail_student.del_flg = '0'  AND m_org.del_flg = '0'  GROUP BY  org_no,org_id, org_name,org_name_official,course_id,course_name,remarks,course_detail_name,course_detail_romaji,course_detail_no,disp_no,status,course_level,test_kbn,start_period,end_period,student_no,student_name,login_id,stu_course_end_period,stu_course_start_period,answer_dt,update_dt ORDER BY  course_detail.disp_no ASC 
2022-04-08 16:03:52,116 DEBUG [15075] []  SELECT DISTINCT m_org.org_no  ,m_org.org_id  ,m_org.org_name  ,m_org.org_name_official  ,course.course_id  ,course.course_name  ,course.remarks  ,detail.course_detail_name  ,detail.course_detail_romaji  ,detail.course_detail_no  ,course_detail.disp_no  ,detail.status  ,(SELECT name FROM M_TYPE a WHERE category=:course_level AND a.type=detail.course_level) AS course_level  ,(SELECT name FROM M_TYPE a WHERE category=:test_kbn AND a.type=detail.test_kbn) AS test_kbn  ,date_format(course_org.start_period,'%Y/%m/%d') AS start_period  ,date_format(course_org.end_period,'%Y/%m/%d') AS end_period  ,student.student_no  ,student.student_name  ,student.student_name_romaji  ,student.login_id  ,date_format(detail_student.start_period,'%Y/%m/%d') AS stu_course_start_period ,date_format(detail_student.end_period,'%Y/%m/%d') AS stu_course_end_period ,date_format(skill_answer.answer_dt,'%Y/%m/%d') AS answer_dt  ,date_format(skill_result.update_dt,'%Y/%m/%d') AS update_dt FROM T_COURSE course  LEFT JOIN T_COURSE_ORG as course_org  ON course_org.course_id = course.course_id  LEFT JOIN M_ORGANIZATION as m_org  ON course_org.org_no = m_org.org_no  LEFT JOIN T_COURSE_DETAIL as course_detail   ON course.course_id = course_detail.course_id   LEFT JOIN T_DETAIL as detail  ON course_detail.course_detail_no = detail.course_detail_no  LEFT JOIN T_COURSE_DETAIL_STUDENT as detail_student  ON detail_student.offer_no = course_org.offer_no  AND detail_student.org_no = m_org.org_no  AND detail_student.course_id = course.course_id  AND detail_student.course_detail_no = course_detail.course_detail_no  LEFT JOIN T_STUDENT as student ON detail_student.student_no = student.student_no  AND m_org.org_no = student.org_no LEFT JOIN (  SELECT answer.offer_no offer_no  ,answer.course_id course_id  ,answer.course_detail_no course_detail_no  ,answer.student_no student_no  ,MIN(answer.answer_dt) answer_dt  FROM T_COURSE_DETAIL_QUESTION cdques   LEFT JOIN T_4SKILL_ANSWER as answer ON answer.course_detail_no = cdques.course_detail_no  AND answer.question_no = cdques.question_no  AND answer.del_flg = 0  AND cdques.del_flg = 0  GROUP BY offer_no ,course_id ,course_detail_no, student_no ) skill_answer  ON skill_answer.offer_no = course_org.offer_no  AND skill_answer.student_no = student.student_no  AND skill_answer.course_id = course.course_id  AND skill_answer.course_detail_no = course_detail.course_detail_no  LEFT JOIN T_4SKILL_RESULT as skill_result ON skill_result.offer_no = course_org.offer_no  AND skill_result.student_no = student.student_no  AND skill_result.course_id = course.course_id  AND skill_result.course_detail_no = course_detail.course_detail_no  AND skill_result.del_flg = 0  WHERE course.course_id = :course_id  AND course_detail.course_detail_no = :course_detail_no  AND student.student_no = :student_no  AND m_org.org_no = :org_no  AND course_org.offer_no = :offer_no  AND course.del_flg = '0'  AND course_detail.del_flg = '0'  AND detail.del_flg = '0'  AND detail_student.del_flg = '0'  AND m_org.del_flg = '0'  GROUP BY  org_no,org_id, org_name,org_name_official,course_id,course_name,remarks,course_detail_name,course_detail_romaji,course_detail_no,disp_no,status,course_level,test_kbn,start_period,end_period,student_no,student_name,login_id,stu_course_end_period,stu_course_start_period,answer_dt,update_dt ORDER BY  course_detail.disp_no ASC 
2022-04-08 16:03:52,535 DEBUG [15075] [] indexAction end
2022-04-08 16:03:52,535 DEBUG [15075] [] StudentCourseDetailEditController end
2022-04-08 16:03:52,535 DEBUG [15075] [] finally
2022-04-08 16:04:04,797 DEBUG [14983] [] Request URI : /eccadmin_dev/CourseContractConfirmList
2022-04-08 16:04:04,798 DEBUG [14983] [] CourseContractConfirmListController start
2022-04-08 16:04:04,798 DEBUG [14983] [] controllers/CourseContractConfirmListController.php: is exist
2022-04-08 16:04:04,799 DEBUG [14983] [] CourseContractConfirmListForm: is exist
2022-04-08 16:04:04,799 DEBUG [14983] [] CourseContractConfirmListForm: form value set 
2022-04-08 16:04:04,800 DEBUG [14983] [] ------------------------------/eccadmin_dev/CourseContractConfirmList
2022-04-08 16:04:04,800 DEBUG [14983] [] indexAction start
2022-04-08 16:04:04,800 DEBUG [14983] [] admin_no is 1
2022-04-08 16:04:04,890 DEBUG [14983] [] indexAction end
2022-04-08 16:04:04,890 DEBUG [14983] [] CourseContractConfirmListController end
2022-04-08 16:04:04,890 DEBUG [14983] [] finally
2022-04-08 17:19:25,647 DEBUG [15675] [] Request URI : /eccadmin_dev/Login
2022-04-08 17:19:25,647 DEBUG [15675] [] LoginController start
2022-04-08 17:19:25,648 DEBUG [15675] [] controllers/LoginController.php: is exist
2022-04-08 17:19:25,648 DEBUG [15675] [] LoginForm: is exist
2022-04-08 17:19:25,648 DEBUG [15675] [] LoginForm: form value set 
2022-04-08 17:19:25,648 DEBUG [15675] [] ------------------------------/eccadmin_dev/Login
2022-04-08 17:19:25,649 DEBUG [15675] [] ------------------------------login_start_check
2022-04-08 17:19:25,649 DEBUG [15675] [] indexAction start
2022-04-08 17:19:25,664 DEBUG [15675] [] indexAction end
2022-04-08 17:19:25,664 DEBUG [15675] [] LoginController end
2022-04-08 17:19:25,664 DEBUG [15675] [] finally
2022-04-08 17:19:28,549 DEBUG [16536] [] Request URI : /eccadmin_dev/Login/login
2022-04-08 17:19:28,553 DEBUG [16536] [] LoginController start
2022-04-08 17:19:28,553 DEBUG [16536] [] controllers/LoginController.php: is exist
2022-04-08 17:19:28,554 DEBUG [16536] [] LoginForm: is exist
2022-04-08 17:19:28,554 DEBUG [16536] [] LoginForm: form value set 
2022-04-08 17:19:28,555 DEBUG [16536] [] ------------------------------/eccadmin_dev/Login/login
2022-04-08 17:19:28,555 DEBUG [16536] [] ------------------------------login_start_check
2022-04-08 17:19:28,555 DEBUG [16536] [] loginAction start
2022-04-08 17:19:28,852 DEBUG [16536] [] loginAction end
2022-04-08 17:19:28,852 DEBUG [16536] [] LoginController end
2022-04-08 17:19:28,852 DEBUG [16536] [] finally
2022-04-08 17:19:28,874 DEBUG [16536] [] Request URI : /eccadmin_dev/Menu
2022-04-08 17:19:28,875 DEBUG [16536] [] MenuController start
2022-04-08 17:19:28,875 DEBUG [16536] [] controllers/MenuController.php: is exist
2022-04-08 17:19:28,875 DEBUG [16536] [] MenuForm: is exist
2022-04-08 17:19:28,875 DEBUG [16536] [] MenuForm: form value set 
2022-04-08 17:19:28,875 DEBUG [16536] [] ------------------------------/eccadmin_dev/Menu
2022-04-08 17:19:28,875 DEBUG [16536] [] ------------------------------login_start_check
2022-04-08 17:19:28,875 DEBUG [16536] [] indexAction start
2022-04-08 17:19:28,876 DEBUG [16536] [] admin_no is 1
2022-04-08 17:19:28,903 DEBUG [16536] [] indexAction end
2022-04-08 17:19:28,903 DEBUG [16536] [] MenuController end
2022-04-08 17:19:28,903 DEBUG [16536] [] finally
2022-04-08 17:19:31,684 DEBUG [16540] [] Request URI : /eccadmin_dev/AtReportList
2022-04-08 17:19:31,688 DEBUG [16540] [] AtReportListController start
2022-04-08 17:19:31,689 DEBUG [16540] [] controllers/AtReportListController.php: is exist
2022-04-08 17:19:31,692 DEBUG [16540] [] AtReportListForm: is exist
2022-04-08 17:19:31,693 DEBUG [16540] [] AtReportListForm: form value set 
2022-04-08 17:19:31,693 DEBUG [16540] [] ------------------------------/eccadmin_dev/AtReportList
2022-04-08 17:19:31,693 DEBUG [16540] [] indexAction start
2022-04-08 17:19:31,694 DEBUG [16540] [] admin_no is 1
2022-04-08 17:19:31,760 DEBUG [16540] [] indexAction end
2022-04-08 17:19:31,761 DEBUG [16540] [] AtReportListController end
2022-04-08 17:19:31,761 DEBUG [16540] [] finally
2022-04-08 17:20:38,249 DEBUG [15675] [] Request URI : /eccadmin_dev/Login/logout
2022-04-08 17:20:38,249 DEBUG [15675] [] LoginController start
2022-04-08 17:20:38,250 DEBUG [15675] [] controllers/LoginController.php: is exist
2022-04-08 17:20:38,250 DEBUG [15675] [] LoginForm: is exist
2022-04-08 17:20:38,250 DEBUG [15675] [] LoginForm: form value set 
2022-04-08 17:20:38,250 DEBUG [15675] [] ------------------------------/eccadmin_dev/Login/logout
2022-04-08 17:20:38,251 DEBUG [15675] [] ------------------------------login_start_check
2022-04-08 17:20:38,251 DEBUG [15675] [] logoutAction start
2022-04-08 17:20:38,251 DEBUG [15675] [] logoutAction end
2022-04-08 17:20:38,251 DEBUG [15675] [] LoginController end
2022-04-08 17:20:38,251 DEBUG [15675] [] finally
2022-04-08 17:20:38,273 DEBUG [15675] [] Request URI : /eccadmin_dev/Login
2022-04-08 17:20:38,273 DEBUG [15675] [] LoginController start
2022-04-08 17:20:38,273 DEBUG [15675] [] controllers/LoginController.php: is exist
2022-04-08 17:20:38,274 DEBUG [15675] [] LoginForm: is exist
2022-04-08 17:20:38,274 DEBUG [15675] [] LoginForm: form value set 
2022-04-08 17:20:38,274 DEBUG [15675] [] ------------------------------/eccadmin_dev/Login
2022-04-08 17:20:38,274 DEBUG [15675] [] ------------------------------login_start_check
2022-04-08 17:20:38,274 DEBUG [15675] [] indexAction start
2022-04-08 17:20:38,290 DEBUG [15675] [] indexAction end
2022-04-08 17:20:38,290 DEBUG [15675] [] LoginController end
2022-04-08 17:20:38,290 DEBUG [15675] [] finally
2022-04-08 18:41:54,461 DEBUG [17963] [] Request URI : /eccadmin_dev/Login
2022-04-08 18:41:54,465 DEBUG [17963] [] LoginController start
2022-04-08 18:41:54,465 DEBUG [17963] [] controllers/LoginController.php: is exist
2022-04-08 18:41:54,465 DEBUG [17963] [] LoginForm: is exist
2022-04-08 18:41:54,465 DEBUG [17963] [] LoginForm: form value set 
2022-04-08 18:41:54,466 DEBUG [17963] [] ------------------------------/eccadmin_dev/Login
2022-04-08 18:41:54,466 DEBUG [17963] [] ------------------------------login_start_check
2022-04-08 18:41:54,466 DEBUG [17963] [] indexAction start
2022-04-08 18:41:54,481 DEBUG [17963] [] indexAction end
2022-04-08 18:41:54,481 DEBUG [17963] [] LoginController end
2022-04-08 18:41:54,481 DEBUG [17963] [] finally
