2022-09-28 18:12:25,901 DEBUG [47197] [] Request URI : /eccadmin_dev/Menu
2022-09-28 18:12:25,943 DEBUG [47197] [] MenuController start
2022-09-28 18:12:25,943 DEBUG [47197] [] controllers/MenuController.php: is exist
2022-09-28 18:12:25,947 DEBUG [47197] [] MenuForm: is exist
2022-09-28 18:12:25,947 DEBUG [47197] [] MenuForm: form value set 
2022-09-28 18:12:25,948 DEBUG [47197] [] ------------------------------/eccadmin_dev/Menu
2022-09-28 18:12:25,948 DEBUG [47197] [] ------------------------------login_start_check
2022-09-28 18:12:25,948 DEBUG [47197] [] indexAction start
2022-09-28 18:12:25,948 DEBUG [47197] [] admin_no is 
2022-09-28 18:12:25,948 DEBUG [47197] [] indexAction end
2022-09-28 18:12:25,949 DEBUG [47197] [] MenuController end
2022-09-28 18:12:25,949 DEBUG [47197] [] finally
2022-09-28 18:12:25,982 DEBUG [47197] [] Request URI : /eccadmin_dev/Error/disp
2022-09-28 18:12:25,987 DEBUG [47197] [] ErrorController start
2022-09-28 18:12:26,006 DEBUG [47197] [] controllers/ErrorController.php: is exist
2022-09-28 18:12:26,013 DEBUG [47197] [] ErrorForm: is exist
2022-09-28 18:12:26,040 DEBUG [47197] [] ErrorForm: form value set 
2022-09-28 18:12:26,040 DEBUG [47197] [] ------------------------------/eccadmin_dev/Error/disp
2022-09-28 18:12:26,040 DEBUG [47197] [] ------------------------------login_start_check
2022-09-28 18:12:26,041 DEBUG [47197] [] dispAction start
2022-09-28 18:12:26,109 DEBUG [47197] [] dispAction end
2022-09-28 18:12:26,109 DEBUG [47197] [] ErrorController end
2022-09-28 18:12:26,109 DEBUG [47197] [] finally
2022-09-28 18:12:27,186 DEBUG [47198] [] Request URI : /eccadmin_dev/Login
2022-09-28 18:12:27,195 DEBUG [47198] [] LoginController start
2022-09-28 18:12:27,195 DEBUG [47198] [] controllers/LoginController.php: is exist
2022-09-28 18:12:27,198 DEBUG [47198] [] LoginForm: is exist
2022-09-28 18:12:27,198 DEBUG [47198] [] LoginForm: form value set 
2022-09-28 18:12:27,199 DEBUG [47198] [] ------------------------------/eccadmin_dev/Login
2022-09-28 18:12:27,199 DEBUG [47198] [] ------------------------------login_start_check
2022-09-28 18:12:27,199 DEBUG [47198] [] indexAction start
2022-09-28 18:12:27,229 DEBUG [47198] [] indexAction end
2022-09-28 18:12:27,230 DEBUG [47198] [] LoginController end
2022-09-28 18:12:27,230 DEBUG [47198] [] finally
2022-09-28 18:12:32,720 DEBUG [47178] [] Request URI : /eccadmin_dev/Login/login
2022-09-28 18:12:32,725 DEBUG [47178] [] LoginController start
2022-09-28 18:12:32,725 DEBUG [47178] [] controllers/LoginController.php: is exist
2022-09-28 18:12:32,728 DEBUG [47178] [] LoginForm: is exist
2022-09-28 18:12:32,728 DEBUG [47178] [] LoginForm: form value set 
2022-09-28 18:12:32,729 DEBUG [47178] [] ------------------------------/eccadmin_dev/Login/login
2022-09-28 18:12:32,729 DEBUG [47178] [] ------------------------------login_start_check
2022-09-28 18:12:32,729 DEBUG [47178] [] loginAction start
2022-09-28 18:12:33,027 DEBUG [47178] [] loginAction end
2022-09-28 18:12:33,027 DEBUG [47178] [] LoginController end
2022-09-28 18:12:33,027 DEBUG [47178] [] finally
2022-09-28 18:12:33,051 DEBUG [47178] [] Request URI : /eccadmin_dev/Menu
2022-09-28 18:12:33,054 DEBUG [47178] [] MenuController start
2022-09-28 18:12:33,054 DEBUG [47178] [] controllers/MenuController.php: is exist
2022-09-28 18:12:33,055 DEBUG [47178] [] MenuForm: is exist
2022-09-28 18:12:33,055 DEBUG [47178] [] MenuForm: form value set 
2022-09-28 18:12:33,056 DEBUG [47178] [] ------------------------------/eccadmin_dev/Menu
2022-09-28 18:12:33,056 DEBUG [47178] [] ------------------------------login_start_check
2022-09-28 18:12:33,056 DEBUG [47178] [] indexAction start
2022-09-28 18:12:33,056 DEBUG [47178] [] admin_no is 1
2022-09-28 18:12:33,095 DEBUG [47178] [] indexAction end
2022-09-28 18:12:33,095 DEBUG [47178] [] MenuController end
2022-09-28 18:12:33,095 DEBUG [47178] [] finally
2022-09-28 18:12:35,511 DEBUG [47178] [] Request URI : /eccadmin_dev/OrganizationList
2022-09-28 18:12:35,517 DEBUG [47178] [] OrganizationListController start
2022-09-28 18:12:35,517 DEBUG [47178] [] controllers/OrganizationListController.php: is exist
2022-09-28 18:12:35,537 DEBUG [47178] [] OrganizationListForm: is exist
2022-09-28 18:12:35,546 DEBUG [47178] [] OrganizationListForm: form value set 
2022-09-28 18:12:35,546 DEBUG [47178] [] ------------------------------/eccadmin_dev/OrganizationList
2022-09-28 18:12:35,546 DEBUG [47178] [] indexAction start
2022-09-28 18:12:35,546 DEBUG [47178] [] admin_no is 1
2022-09-28 18:12:35,735 DEBUG [47178] [] indexAction end
2022-09-28 18:12:35,735 DEBUG [47178] [] OrganizationListController end
2022-09-28 18:12:35,735 DEBUG [47178] [] finally
2022-09-28 18:12:38,797 DEBUG [47191] [] Request URI : /eccadmin_dev/OrganizationRegist/index
2022-09-28 18:12:38,805 DEBUG [47191] [] OrganizationRegistController start
2022-09-28 18:12:38,805 DEBUG [47191] [] controllers/OrganizationRegistController.php: is exist
2022-09-28 18:12:38,928 DEBUG [47191] [] OrganizationRegistForm: is exist
2022-09-28 18:12:38,937 DEBUG [47191] [] OrganizationRegistForm: form value set 
2022-09-28 18:12:38,938 DEBUG [47191] [] ------------------------------/eccadmin_dev/OrganizationRegist/index
2022-09-28 18:12:38,938 DEBUG [47191] [] ------------------------------session_check_true
2022-09-28 18:12:38,938 DEBUG [47191] [] indexAction start
2022-09-28 18:12:38,938 DEBUG [47191] [] admin_no is 1
2022-09-28 18:12:39,070 DEBUG [47191] [] indexAction end
2022-09-28 18:12:39,070 DEBUG [47191] [] OrganizationRegistController end
2022-09-28 18:12:39,070 DEBUG [47191] [] finally
