2022-02-14 16:20:19,960 DEBUG [157889] [] Request URI : /eccadmin_dev/Login
2022-02-14 16:20:19,990 DEBUG [157889] [] LoginController start
2022-02-14 16:20:19,990 DEBUG [157889] [] controllers/LoginController.php: is exist
2022-02-14 16:20:19,996 DEBUG [157889] [] LoginForm: is exist
2022-02-14 16:20:19,996 DEBUG [157889] [] LoginForm: form value set 
2022-02-14 16:20:19,997 DEBUG [157889] [] ------------------------------/eccadmin_dev/Login
2022-02-14 16:20:19,997 DEBUG [157889] [] ------------------------------login_start_check
2022-02-14 16:20:19,997 DEBUG [157889] [] indexAction start
2022-02-14 16:20:20,102 DEBUG [157889] [] indexAction end
2022-02-14 16:20:20,103 DEBUG [157889] [] LoginController end
2022-02-14 16:20:20,103 DEBUG [157889] [] finally
2022-02-14 16:20:24,245 DEBUG [157889] [] Request URI : /eccadmin_dev/Login/login
2022-02-14 16:20:24,246 DEBUG [157889] [] LoginController start
2022-02-14 16:20:24,246 DEBUG [157889] [] controllers/LoginController.php: is exist
2022-02-14 16:20:24,246 DEBUG [157889] [] LoginForm: is exist
2022-02-14 16:20:24,247 DEBUG [157889] [] LoginForm: form value set 
2022-02-14 16:20:24,247 DEBUG [157889] [] ------------------------------/eccadmin_dev/Login/login
2022-02-14 16:20:24,247 DEBUG [157889] [] ------------------------------login_start_check
2022-02-14 16:20:24,247 DEBUG [157889] [] loginAction start
2022-02-14 16:20:24,559 DEBUG [157889] [] loginAction end
2022-02-14 16:20:24,559 DEBUG [157889] [] LoginController end
2022-02-14 16:20:24,559 DEBUG [157889] [] finally
2022-02-14 16:20:24,582 DEBUG [157889] [] Request URI : /eccadmin_dev/Menu
2022-02-14 16:20:24,583 DEBUG [157889] [] MenuController start
2022-02-14 16:20:24,583 DEBUG [157889] [] controllers/MenuController.php: is exist
2022-02-14 16:20:24,584 DEBUG [157889] [] MenuForm: is exist
2022-02-14 16:20:24,584 DEBUG [157889] [] MenuForm: form value set 
2022-02-14 16:20:24,585 DEBUG [157889] [] ------------------------------/eccadmin_dev/Menu
2022-02-14 16:20:24,585 DEBUG [157889] [] ------------------------------login_start_check
2022-02-14 16:20:24,585 DEBUG [157889] [] indexAction start
2022-02-14 16:20:24,585 DEBUG [157889] [] admin_no is 1
2022-02-14 16:20:24,624 DEBUG [157889] [] indexAction end
2022-02-14 16:20:24,624 DEBUG [157889] [] MenuController end
2022-02-14 16:20:24,624 DEBUG [157889] [] finally
2022-02-14 16:20:28,096 DEBUG [157889] [] Request URI : /eccadmin_dev/AtReportList
2022-02-14 16:20:28,096 DEBUG [157889] [] AtReportListController start
2022-02-14 16:20:28,096 DEBUG [157889] [] controllers/AtReportListController.php: is exist
2022-02-14 16:20:28,103 DEBUG [157889] [] AtReportListForm: is exist
2022-02-14 16:20:28,103 DEBUG [157889] [] AtReportListForm: form value set 
2022-02-14 16:20:28,104 DEBUG [157889] [] ------------------------------/eccadmin_dev/AtReportList
2022-02-14 16:20:28,104 DEBUG [157889] [] indexAction start
2022-02-14 16:20:28,104 DEBUG [157889] [] admin_no is 1
2022-02-14 16:20:28,190 DEBUG [157889] [] indexAction end
2022-02-14 16:20:28,190 DEBUG [157889] [] AtReportListController end
2022-02-14 16:20:28,190 DEBUG [157889] [] finally
2022-02-14 16:20:33,006 DEBUG [157889] [] Request URI : /eccadmin_dev/AtReportRegist/index
2022-02-14 16:20:33,007 DEBUG [157889] [] AtReportRegistController start
2022-02-14 16:20:33,007 DEBUG [157889] [] controllers/AtReportRegistController.php: is exist
2022-02-14 16:20:33,012 DEBUG [157889] [] AtReportRegistForm: is exist
2022-02-14 16:20:33,013 DEBUG [157889] [] AtReportRegistForm: form value set 
2022-02-14 16:20:33,013 DEBUG [157889] [] ------------------------------/eccadmin_dev/AtReportRegist/index
2022-02-14 16:20:33,013 DEBUG [157889] [] ------------------------------session_check_true
2022-02-14 16:20:33,013 DEBUG [157889] [] indexAction start
2022-02-14 16:20:33,014 DEBUG [157889] [] admin_no is 1
2022-02-14 16:20:33,106 DEBUG [157889] [] indexAction end
2022-02-14 16:20:33,106 DEBUG [157889] [] AtReportRegistController end
2022-02-14 16:20:33,106 DEBUG [157889] [] finally
2022-02-14 16:22:10,983 DEBUG [157861] [] Request URI : /eccadmin_dev/AtReportRegist/save
2022-02-14 16:22:10,984 DEBUG [157861] [] AtReportRegistController start
2022-02-14 16:22:10,984 DEBUG [157861] [] controllers/AtReportRegistController.php: is exist
2022-02-14 16:22:10,984 DEBUG [157861] [] AtReportRegistForm: is exist
2022-02-14 16:22:10,984 DEBUG [157861] [] AtReportRegistForm: form value set 
2022-02-14 16:22:10,985 DEBUG [157861] [] ------------------------------/eccadmin_dev/AtReportRegist/save
2022-02-14 16:22:10,985 DEBUG [157861] [] ------------------------------session_check_true
2022-02-14 16:22:10,985 DEBUG [157861] [] saveAction start
2022-02-14 16:22:11,029 DEBUG [157861] [] admin_no is 1
2022-02-14 16:22:11,029 DEBUG [157861] [] saveAction end
2022-02-14 16:22:11,029 DEBUG [157861] [] AtReportRegistController end
2022-02-14 16:22:11,030 DEBUG [157861] [] finally
2022-02-14 16:22:11,061 DEBUG [157861] [] Request URI : /eccadmin_dev/AtReportList/Search
2022-02-14 16:22:11,061 DEBUG [157861] [] AtReportListController start
2022-02-14 16:22:11,061 DEBUG [157861] [] controllers/AtReportListController.php: is exist
2022-02-14 16:22:11,061 DEBUG [157861] [] AtReportListForm: is exist
2022-02-14 16:22:11,062 DEBUG [157861] [] AtReportListForm: form value set 
2022-02-14 16:22:11,062 DEBUG [157861] [] ------------------------------/eccadmin_dev/AtReportList/Search
2022-02-14 16:22:11,062 DEBUG [157861] [] SearchAction start
2022-02-14 16:22:11,062 DEBUG [157861] [] --------back--------
2022-02-14 16:22:11,062 DEBUG [157861] [] admin_no is 1
2022-02-14 16:22:11,124 DEBUG [157861] [] SearchAction end
2022-02-14 16:22:11,124 DEBUG [157861] [] AtReportListController end
2022-02-14 16:22:11,124 DEBUG [157861] [] finally
2022-02-14 16:30:48,769 DEBUG [157924] [] Request URI : /eccadmin_dev/AtReportList
2022-02-14 16:30:48,770 DEBUG [157924] [] AtReportListController start
2022-02-14 16:30:48,770 DEBUG [157924] [] controllers/AtReportListController.php: is exist
2022-02-14 16:30:48,770 DEBUG [157924] [] AtReportListForm: is exist
2022-02-14 16:30:48,771 DEBUG [157924] [] AtReportListForm: form value set 
2022-02-14 16:30:48,771 DEBUG [157924] [] ------------------------------/eccadmin_dev/AtReportList
2022-02-14 16:30:48,771 DEBUG [157924] [] indexAction start
2022-02-14 16:30:48,771 DEBUG [157924] [] admin_no is 1
2022-02-14 16:30:48,919 DEBUG [157924] [] indexAction end
2022-02-14 16:30:48,919 DEBUG [157924] [] AtReportListController end
2022-02-14 16:30:48,919 DEBUG [157924] [] finally
