2022-06-14 10:18:42,982 DEBUG [42785] [] Request URI : /eccadmin_dev/Login
2022-06-14 10:18:42,997 DEBUG [42785] [] LoginController start
2022-06-14 10:18:42,997 DEBUG [42785] [] controllers/LoginController.php: is exist
2022-06-14 10:18:42,997 DEBUG [42785] [] LoginForm: is exist
2022-06-14 10:18:42,997 DEBUG [42785] [] LoginForm: form value set 
2022-06-14 10:18:42,998 DEBUG [42785] [] ------------------------------/eccadmin_dev/Login
2022-06-14 10:18:42,998 DEBUG [42785] [] ------------------------------login_start_check
2022-06-14 10:18:42,998 DEBUG [42785] [] indexAction start
2022-06-14 10:18:43,037 DEBUG [42785] [] indexAction end
2022-06-14 10:18:43,037 DEBUG [42785] [] LoginController end
2022-06-14 10:18:43,037 DEBUG [42785] [] finally
2022-06-14 10:18:47,854 DEBUG [42797] [] Request URI : /eccadmin_dev/Login/login
2022-06-14 10:18:47,855 DEBUG [42797] [] LoginController start
2022-06-14 10:18:47,855 DEBUG [42797] [] controllers/LoginController.php: is exist
2022-06-14 10:18:47,856 DEBUG [42797] [] LoginForm: is exist
2022-06-14 10:18:47,856 DEBUG [42797] [] LoginForm: form value set 
2022-06-14 10:18:47,856 DEBUG [42797] [] ------------------------------/eccadmin_dev/Login/login
2022-06-14 10:18:47,856 DEBUG [42797] [] ------------------------------login_start_check
2022-06-14 10:18:47,856 DEBUG [42797] [] loginAction start
2022-06-14 10:18:48,153 DEBUG [42797] [] loginAction end
2022-06-14 10:18:48,153 DEBUG [42797] [] LoginController end
2022-06-14 10:18:48,154 DEBUG [42797] [] finally
2022-06-14 10:18:48,300 DEBUG [42797] [] Request URI : /eccadmin_dev/Menu
2022-06-14 10:18:48,300 DEBUG [42797] [] MenuController start
2022-06-14 10:18:48,301 DEBUG [42797] [] controllers/MenuController.php: is exist
2022-06-14 10:18:48,301 DEBUG [42797] [] MenuForm: is exist
2022-06-14 10:18:48,301 DEBUG [42797] [] MenuForm: form value set 
2022-06-14 10:18:48,302 DEBUG [42797] [] ------------------------------/eccadmin_dev/Menu
2022-06-14 10:18:48,302 DEBUG [42797] [] ------------------------------login_start_check
2022-06-14 10:18:48,302 DEBUG [42797] [] indexAction start
2022-06-14 10:18:48,302 DEBUG [42797] [] admin_no is 1
2022-06-14 10:18:48,353 DEBUG [42797] [] indexAction end
2022-06-14 10:18:48,353 DEBUG [42797] [] MenuController end
2022-06-14 10:18:48,353 DEBUG [42797] [] finally
2022-06-14 10:18:54,292 DEBUG [42841] [] Request URI : /eccadmin_dev/CourseContractList
2022-06-14 10:18:54,296 DEBUG [42841] [] CourseContractListController start
2022-06-14 10:18:54,296 DEBUG [42841] [] controllers/CourseContractListController.php: is exist
2022-06-14 10:18:54,302 DEBUG [42841] [] CourseContractListForm: is exist
2022-06-14 10:18:54,302 DEBUG [42841] [] CourseContractListForm: form value set 
2022-06-14 10:18:54,303 DEBUG [42841] [] ------------------------------/eccadmin_dev/CourseContractList
2022-06-14 10:18:54,303 DEBUG [42841] [] indexAction start
2022-06-14 10:18:54,303 DEBUG [42841] [] admin_no is 1
2022-06-14 10:18:54,432 DEBUG [42841] [] indexAction end
2022-06-14 10:18:54,432 DEBUG [42841] [] CourseContractListController end
2022-06-14 10:18:54,432 DEBUG [42841] [] finally
2022-06-14 10:19:01,941 DEBUG [42786] [] Request URI : /eccadmin_dev/CourseContractRegist/index
2022-06-14 10:19:01,941 DEBUG [42786] [] CourseContractRegistController start
2022-06-14 10:19:01,941 DEBUG [42786] [] controllers/CourseContractRegistController.php: is exist
2022-06-14 10:19:01,943 DEBUG [42786] [] CourseContractRegistForm: is exist
2022-06-14 10:19:01,944 DEBUG [42786] [] CourseContractRegistForm: form value set 
2022-06-14 10:19:01,944 DEBUG [42786] [] ------------------------------/eccadmin_dev/CourseContractRegist/index
2022-06-14 10:19:01,944 DEBUG [42786] [] ------------------------------session_check_true
2022-06-14 10:19:01,944 DEBUG [42786] [] indexAction start
2022-06-14 10:19:01,945 DEBUG [42786] [] admin_no is 1
2022-06-14 10:19:02,049 DEBUG [42786] [] indexAction end
2022-06-14 10:19:02,049 DEBUG [42786] [] CourseContractRegistController end
2022-06-14 10:19:02,050 DEBUG [42786] [] finally
2022-06-14 10:22:59,773 DEBUG [42784] [] Request URI : /eccadmin_dev/CourseContractList/search
2022-06-14 10:22:59,774 DEBUG [42784] [] CourseContractListController start
2022-06-14 10:22:59,774 DEBUG [42784] [] controllers/CourseContractListController.php: is exist
2022-06-14 10:22:59,778 DEBUG [42784] [] CourseContractListForm: is exist
2022-06-14 10:22:59,778 DEBUG [42784] [] CourseContractListForm: form value set 
2022-06-14 10:22:59,779 DEBUG [42784] [] ------------------------------/eccadmin_dev/CourseContractList/search
2022-06-14 10:22:59,779 DEBUG [42784] [] searchAction start
2022-06-14 10:22:59,779 DEBUG [42784] [] admin_no is 1
2022-06-14 10:22:59,880 DEBUG [42784] [] searchAction end
2022-06-14 10:22:59,880 DEBUG [42784] [] CourseContractListController end
2022-06-14 10:22:59,880 DEBUG [42784] [] finally
2022-06-14 10:24:23,771 DEBUG [42785] [] Request URI : /eccadmin_dev/CourseContractList
2022-06-14 10:24:23,771 DEBUG [42785] [] CourseContractListController start
2022-06-14 10:24:23,772 DEBUG [42785] [] controllers/CourseContractListController.php: is exist
2022-06-14 10:24:23,776 DEBUG [42785] [] CourseContractListForm: is exist
2022-06-14 10:24:23,776 DEBUG [42785] [] CourseContractListForm: form value set 
2022-06-14 10:24:23,777 DEBUG [42785] [] ------------------------------/eccadmin_dev/CourseContractList
2022-06-14 10:24:23,777 DEBUG [42785] [] indexAction start
2022-06-14 10:24:23,777 DEBUG [42785] [] admin_no is 
2022-06-14 10:24:23,777 DEBUG [42785] [] indexAction end
2022-06-14 10:24:23,777 DEBUG [42785] [] CourseContractListController end
2022-06-14 10:24:23,777 DEBUG [42785] [] finally
2022-06-14 10:24:23,912 DEBUG [42785] [] Request URI : /eccadmin_dev/Error/disp
2022-06-14 10:24:23,912 DEBUG [42785] [] ErrorController start
2022-06-14 10:24:23,913 DEBUG [42785] [] controllers/ErrorController.php: is exist
2022-06-14 10:24:23,913 DEBUG [42785] [] ErrorForm: is exist
2022-06-14 10:24:23,913 DEBUG [42785] [] ErrorForm: form value set 
2022-06-14 10:24:23,914 DEBUG [42785] [] ------------------------------/eccadmin_dev/Error/disp
2022-06-14 10:24:23,914 DEBUG [42785] [] ------------------------------login_start_check
2022-06-14 10:24:23,914 DEBUG [42785] [] dispAction start
2022-06-14 10:24:23,939 DEBUG [42785] [] dispAction end
2022-06-14 10:24:23,939 DEBUG [42785] [] ErrorController end
2022-06-14 10:24:23,939 DEBUG [42785] [] finally
2022-06-14 10:24:25,280 DEBUG [42785] [] Request URI : /eccadmin_dev/Login
2022-06-14 10:24:25,281 DEBUG [42785] [] LoginController start
2022-06-14 10:24:25,281 DEBUG [42785] [] controllers/LoginController.php: is exist
2022-06-14 10:24:25,281 DEBUG [42785] [] LoginForm: is exist
2022-06-14 10:24:25,281 DEBUG [42785] [] LoginForm: form value set 
2022-06-14 10:24:25,282 DEBUG [42785] [] ------------------------------/eccadmin_dev/Login
2022-06-14 10:24:25,282 DEBUG [42785] [] ------------------------------login_start_check
2022-06-14 10:24:25,282 DEBUG [42785] [] indexAction start
2022-06-14 10:24:25,297 DEBUG [42785] [] indexAction end
2022-06-14 10:24:25,297 DEBUG [42785] [] LoginController end
2022-06-14 10:24:25,297 DEBUG [42785] [] finally
2022-06-14 10:42:06,576 DEBUG [43326] [] Request URI : /eccadmin_dev/Login
2022-06-14 10:42:06,580 DEBUG [43326] [] LoginController start
2022-06-14 10:42:06,581 DEBUG [43326] [] controllers/LoginController.php: is exist
2022-06-14 10:42:06,581 DEBUG [43326] [] LoginForm: is exist
2022-06-14 10:42:06,582 DEBUG [43326] [] LoginForm: form value set 
2022-06-14 10:42:06,582 DEBUG [43326] [] ------------------------------/eccadmin_dev/Login
2022-06-14 10:42:06,582 DEBUG [43326] [] ------------------------------login_start_check
2022-06-14 10:42:06,582 DEBUG [43326] [] indexAction start
2022-06-14 10:42:06,599 DEBUG [43326] [] indexAction end
2022-06-14 10:42:06,599 DEBUG [43326] [] LoginController end
2022-06-14 10:42:06,599 DEBUG [43326] [] finally
2022-06-14 10:42:10,273 DEBUG [43326] [] Request URI : /eccadmin_dev/Login/login
2022-06-14 10:42:10,274 DEBUG [43326] [] LoginController start
2022-06-14 10:42:10,274 DEBUG [43326] [] controllers/LoginController.php: is exist
2022-06-14 10:42:10,274 DEBUG [43326] [] LoginForm: is exist
2022-06-14 10:42:10,274 DEBUG [43326] [] LoginForm: form value set 
2022-06-14 10:42:10,275 DEBUG [43326] [] ------------------------------/eccadmin_dev/Login/login
2022-06-14 10:42:10,275 DEBUG [43326] [] ------------------------------login_start_check
2022-06-14 10:42:10,275 DEBUG [43326] [] loginAction start
2022-06-14 10:42:10,572 DEBUG [43326] [] loginAction end
2022-06-14 10:42:10,572 DEBUG [43326] [] LoginController end
2022-06-14 10:42:10,572 DEBUG [43326] [] finally
2022-06-14 10:42:10,600 DEBUG [43326] [] Request URI : /eccadmin_dev/Menu
2022-06-14 10:42:10,600 DEBUG [43326] [] MenuController start
2022-06-14 10:42:10,600 DEBUG [43326] [] controllers/MenuController.php: is exist
2022-06-14 10:42:10,600 DEBUG [43326] [] MenuForm: is exist
2022-06-14 10:42:10,601 DEBUG [43326] [] MenuForm: form value set 
2022-06-14 10:42:10,601 DEBUG [43326] [] ------------------------------/eccadmin_dev/Menu
2022-06-14 10:42:10,601 DEBUG [43326] [] ------------------------------login_start_check
2022-06-14 10:42:10,601 DEBUG [43326] [] indexAction start
2022-06-14 10:42:10,601 DEBUG [43326] [] admin_no is 1
2022-06-14 10:42:10,628 DEBUG [43326] [] indexAction end
2022-06-14 10:42:10,628 DEBUG [43326] [] MenuController end
2022-06-14 10:42:10,628 DEBUG [43326] [] finally
2022-06-14 11:12:33,457 DEBUG [43915] [] Request URI : /eccadmin_dev/Menu
2022-06-14 11:12:33,458 DEBUG [43915] [] MenuController start
2022-06-14 11:12:33,458 DEBUG [43915] [] controllers/MenuController.php: is exist
2022-06-14 11:12:33,458 DEBUG [43915] [] MenuForm: is exist
2022-06-14 11:12:33,459 DEBUG [43915] [] MenuForm: form value set 
2022-06-14 11:12:33,459 DEBUG [43915] [] ------------------------------/eccadmin_dev/Menu
2022-06-14 11:12:33,459 DEBUG [43915] [] ------------------------------login_start_check
2022-06-14 11:12:33,459 DEBUG [43915] [] indexAction start
2022-06-14 11:12:33,460 DEBUG [43915] [] admin_no is 1
2022-06-14 11:12:33,512 DEBUG [43915] [] indexAction end
2022-06-14 11:12:33,512 DEBUG [43915] [] MenuController end
2022-06-14 11:12:33,512 DEBUG [43915] [] finally
2022-06-14 11:12:38,739 DEBUG [43580] [] Request URI : /eccadmin_dev/ExcelContractList
2022-06-14 11:12:38,740 DEBUG [43580] [] ExcelContractListController start
2022-06-14 11:12:38,740 DEBUG [43580] [] controllers/ExcelContractListController.php: is exist
2022-06-14 11:12:38,744 DEBUG [43580] [] ExcelContractListForm: is exist
2022-06-14 11:13:12,085 DEBUG [43578] [] Request URI : /eccadmin_dev/Menu
2022-06-14 11:13:12,086 DEBUG [43578] [] MenuController start
2022-06-14 11:13:12,086 DEBUG [43578] [] controllers/MenuController.php: is exist
2022-06-14 11:13:12,086 DEBUG [43578] [] MenuForm: is exist
2022-06-14 11:13:12,087 DEBUG [43578] [] MenuForm: form value set 
2022-06-14 11:13:12,087 DEBUG [43578] [] ------------------------------/eccadmin_dev/Menu
2022-06-14 11:13:12,087 DEBUG [43578] [] ------------------------------login_start_check
2022-06-14 11:13:12,087 DEBUG [43578] [] indexAction start
2022-06-14 11:13:12,087 DEBUG [43578] [] admin_no is 1
2022-06-14 11:13:12,139 DEBUG [43578] [] indexAction end
2022-06-14 11:13:12,139 DEBUG [43578] [] MenuController end
2022-06-14 11:13:12,139 DEBUG [43578] [] finally
2022-06-14 11:13:18,050 DEBUG [43549] [] Request URI : /eccadmin_dev/ExcelStudentNoChangeList
2022-06-14 11:13:18,051 DEBUG [43549] [] ExcelStudentNoChangeListController start
2022-06-14 11:13:18,051 DEBUG [43549] [] controllers/ExcelStudentNoChangeListController.php: is exist
2022-06-14 11:13:18,054 DEBUG [43549] [] ExcelStudentNoChangeListForm: is exist
2022-06-14 11:13:18,054 DEBUG [43549] [] ExcelStudentNoChangeListForm: form value set 
2022-06-14 11:13:18,055 DEBUG [43549] [] ------------------------------/eccadmin_dev/ExcelStudentNoChangeList
2022-06-14 11:13:18,055 DEBUG [43549] [] indexAction start
2022-06-14 11:13:18,055 DEBUG [43549] [] admin_no is 1
2022-06-14 11:13:18,168 DEBUG [43549] [] indexAction end
2022-06-14 11:13:18,168 DEBUG [43549] [] ExcelStudentNoChangeListController end
2022-06-14 11:13:18,168 DEBUG [43549] [] finally
2022-06-14 11:13:25,757 DEBUG [43550] [] Request URI : /eccadmin_dev/ExcelContractList
2022-06-14 11:13:25,758 DEBUG [43550] [] ExcelContractListController start
2022-06-14 11:13:25,758 DEBUG [43550] [] controllers/ExcelContractListController.php: is exist
2022-06-14 11:13:25,762 DEBUG [43550] [] ExcelContractListForm: is exist
2022-06-14 11:13:25,763 DEBUG [43550] [] ExcelContractListForm: form value set 
2022-06-14 11:13:25,763 DEBUG [43550] [] ------------------------------/eccadmin_dev/ExcelContractList
2022-06-14 11:13:25,763 DEBUG [43550] [] indexAction start
2022-06-14 11:13:25,764 DEBUG [43550] [] admin_no is 1
2022-06-14 11:13:25,861 DEBUG [43550] [] indexAction end
2022-06-14 11:13:25,861 DEBUG [43550] [] ExcelContractListController end
2022-06-14 11:13:25,861 DEBUG [43550] [] finally
2022-06-14 11:20:29,138 DEBUG [43597] [] Request URI : /eccadmin_dev/ExcelContractList
2022-06-14 11:20:29,139 DEBUG [43597] [] ExcelContractListController start
2022-06-14 11:20:29,139 DEBUG [43597] [] controllers/ExcelContractListController.php: is exist
2022-06-14 11:20:29,143 DEBUG [43597] [] ExcelContractListForm: is exist
2022-06-14 11:20:29,143 DEBUG [43597] [] ExcelContractListForm: form value set 
2022-06-14 11:20:29,143 DEBUG [43597] [] ------------------------------/eccadmin_dev/ExcelContractList
2022-06-14 11:20:29,144 DEBUG [43597] [] indexAction start
2022-06-14 11:20:29,144 DEBUG [43597] [] admin_no is 1
2022-06-14 11:20:29,219 DEBUG [43597] [] indexAction end
2022-06-14 11:20:29,219 DEBUG [43597] [] ExcelContractListController end
2022-06-14 11:20:29,219 DEBUG [43597] [] finally
2022-06-14 11:44:11,603 DEBUG [43597] [] Request URI : /eccadmin_dev/CourseContractList
2022-06-14 11:44:11,604 DEBUG [43597] [] CourseContractListController start
2022-06-14 11:44:11,604 DEBUG [43597] [] controllers/CourseContractListController.php: is exist
2022-06-14 11:44:11,608 DEBUG [43597] [] CourseContractListForm: is exist
2022-06-14 11:44:11,609 DEBUG [43597] [] CourseContractListForm: form value set 
2022-06-14 11:44:11,609 DEBUG [43597] [] ------------------------------/eccadmin_dev/CourseContractList
2022-06-14 11:44:11,609 DEBUG [43597] [] indexAction start
2022-06-14 11:44:11,610 DEBUG [43597] [] admin_no is 1
2022-06-14 11:44:11,717 DEBUG [43597] [] indexAction end
2022-06-14 11:44:11,717 DEBUG [43597] [] CourseContractListController end
2022-06-14 11:44:11,717 DEBUG [43597] [] finally
2022-06-14 11:44:13,613 DEBUG [43597] [] Request URI : /eccadmin_dev/CourseContractRegist/index
2022-06-14 11:44:13,614 DEBUG [43597] [] CourseContractRegistController start
2022-06-14 11:44:13,614 DEBUG [43597] [] controllers/CourseContractRegistController.php: is exist
2022-06-14 11:44:13,616 DEBUG [43597] [] CourseContractRegistForm: is exist
2022-06-14 11:44:13,616 DEBUG [43597] [] CourseContractRegistForm: form value set 
2022-06-14 11:44:13,617 DEBUG [43597] [] ------------------------------/eccadmin_dev/CourseContractRegist/index
2022-06-14 11:44:13,617 DEBUG [43597] [] ------------------------------session_check_true
2022-06-14 11:44:13,617 DEBUG [43597] [] indexAction start
2022-06-14 11:44:13,617 DEBUG [43597] [] admin_no is 1
2022-06-14 11:44:13,691 DEBUG [43597] [] indexAction end
2022-06-14 11:44:13,691 DEBUG [43597] [] CourseContractRegistController end
2022-06-14 11:44:13,691 DEBUG [43597] [] finally
2022-06-14 11:47:04,775 DEBUG [44513] [] Request URI : /eccadmin_dev/CourseContractList
2022-06-14 11:47:04,775 DEBUG [44513] [] CourseContractListController start
2022-06-14 11:47:04,776 DEBUG [44513] [] controllers/CourseContractListController.php: is exist
2022-06-14 11:47:04,780 DEBUG [44513] [] CourseContractListForm: is exist
2022-06-14 11:47:04,780 DEBUG [44513] [] CourseContractListForm: form value set 
2022-06-14 11:47:04,781 DEBUG [44513] [] ------------------------------/eccadmin_dev/CourseContractList
2022-06-14 11:47:04,781 DEBUG [44513] [] indexAction start
2022-06-14 11:47:04,781 DEBUG [44513] [] admin_no is 1
2022-06-14 11:47:04,889 DEBUG [44513] [] indexAction end
2022-06-14 11:47:04,889 DEBUG [44513] [] CourseContractListController end
2022-06-14 11:47:04,889 DEBUG [44513] [] finally
2022-06-14 11:47:08,018 DEBUG [44513] [] Request URI : /eccadmin_dev/CourseContractRegist/index
2022-06-14 11:47:08,019 DEBUG [44513] [] CourseContractRegistController start
2022-06-14 11:47:08,019 DEBUG [44513] [] controllers/CourseContractRegistController.php: is exist
2022-06-14 11:47:08,021 DEBUG [44513] [] CourseContractRegistForm: is exist
2022-06-14 11:47:08,021 DEBUG [44513] [] CourseContractRegistForm: form value set 
2022-06-14 11:47:08,021 DEBUG [44513] [] ------------------------------/eccadmin_dev/CourseContractRegist/index
2022-06-14 11:47:08,022 DEBUG [44513] [] ------------------------------session_check_true
2022-06-14 11:47:08,022 DEBUG [44513] [] indexAction start
2022-06-14 11:47:08,022 DEBUG [44513] [] admin_no is 1
2022-06-14 11:47:08,097 DEBUG [44513] [] indexAction end
2022-06-14 11:47:08,097 DEBUG [44513] [] CourseContractRegistController end
2022-06-14 11:47:08,097 DEBUG [44513] [] finally
2022-06-14 11:47:09,711 DEBUG [44513] [] Request URI : /eccadmin_dev/CourseStudentRegist/index
2022-06-14 11:47:09,711 DEBUG [44513] [] CourseStudentRegistController start
2022-06-14 11:47:09,712 DEBUG [44513] [] controllers/CourseStudentRegistController.php: is exist
2022-06-14 11:47:09,714 DEBUG [44513] [] CourseStudentRegistForm: is exist
2022-06-14 11:47:09,714 DEBUG [44513] [] CourseStudentRegistForm: form value set 
2022-06-14 11:47:09,715 DEBUG [44513] [] ------------------------------/eccadmin_dev/CourseStudentRegist/index
2022-06-14 11:47:09,715 DEBUG [44513] [] ------------------------------session_check_true
2022-06-14 11:47:09,715 DEBUG [44513] [] indexAction start
2022-06-14 11:47:09,715 DEBUG [44513] [] admin_no is 1
2022-06-14 11:47:09,812 DEBUG [44513] [] indexAction end
2022-06-14 11:47:09,812 DEBUG [44513] [] CourseStudentRegistController end
2022-06-14 11:47:09,812 DEBUG [44513] [] finally
2022-06-14 15:11:15,748 DEBUG [47193] [] Request URI : /eccadmin_dev/Login
2022-06-14 15:11:15,749 DEBUG [47193] [] LoginController start
2022-06-14 15:11:15,749 DEBUG [47193] [] controllers/LoginController.php: is exist
2022-06-14 15:11:15,749 DEBUG [47193] [] LoginForm: is exist
2022-06-14 15:11:15,749 DEBUG [47193] [] LoginForm: form value set 
2022-06-14 15:11:15,750 DEBUG [47193] [] ------------------------------/eccadmin_dev/Login
2022-06-14 15:11:15,750 DEBUG [47193] [] ------------------------------login_start_check
2022-06-14 15:11:15,750 DEBUG [47193] [] indexAction start
2022-06-14 15:11:15,765 DEBUG [47193] [] indexAction end
2022-06-14 15:11:15,765 DEBUG [47193] [] LoginController end
2022-06-14 15:11:15,765 DEBUG [47193] [] finally
2022-06-14 15:11:18,608 DEBUG [47247] [] Request URI : /eccadmin_dev/Login/login
2022-06-14 15:11:18,609 DEBUG [47247] [] LoginController start
2022-06-14 15:11:18,609 DEBUG [47247] [] controllers/LoginController.php: is exist
2022-06-14 15:11:18,609 DEBUG [47247] [] LoginForm: is exist
2022-06-14 15:11:18,609 DEBUG [47247] [] LoginForm: form value set 
2022-06-14 15:11:18,610 DEBUG [47247] [] ------------------------------/eccadmin_dev/Login/login
2022-06-14 15:11:18,610 DEBUG [47247] [] ------------------------------login_start_check
2022-06-14 15:11:18,610 DEBUG [47247] [] loginAction start
2022-06-14 15:11:18,912 DEBUG [47247] [] loginAction end
2022-06-14 15:11:18,912 DEBUG [47247] [] LoginController end
2022-06-14 15:11:18,912 DEBUG [47247] [] finally
2022-06-14 15:11:18,934 DEBUG [47247] [] Request URI : /eccadmin_dev/Menu
2022-06-14 15:11:18,934 DEBUG [47247] [] MenuController start
2022-06-14 15:11:18,935 DEBUG [47247] [] controllers/MenuController.php: is exist
2022-06-14 15:11:18,935 DEBUG [47247] [] MenuForm: is exist
2022-06-14 15:11:18,935 DEBUG [47247] [] MenuForm: form value set 
2022-06-14 15:11:18,935 DEBUG [47247] [] ------------------------------/eccadmin_dev/Menu
2022-06-14 15:11:18,935 DEBUG [47247] [] ------------------------------login_start_check
2022-06-14 15:11:18,935 DEBUG [47247] [] indexAction start
2022-06-14 15:11:18,935 DEBUG [47247] [] admin_no is 1
2022-06-14 15:11:18,962 DEBUG [47247] [] indexAction end
2022-06-14 15:11:18,963 DEBUG [47247] [] MenuController end
2022-06-14 15:11:18,963 DEBUG [47247] [] finally
2022-06-14 15:11:23,510 DEBUG [46773] [] Request URI : /eccadmin_dev/ExcelContractList
2022-06-14 15:11:23,510 DEBUG [46773] [] ExcelContractListController start
2022-06-14 15:11:23,510 DEBUG [46773] [] controllers/ExcelContractListController.php: is exist
2022-06-14 15:11:23,515 DEBUG [46773] [] ExcelContractListForm: is exist
2022-06-14 15:11:23,515 DEBUG [46773] [] ExcelContractListForm: form value set 
2022-06-14 15:11:23,515 DEBUG [46773] [] ------------------------------/eccadmin_dev/ExcelContractList
2022-06-14 15:11:23,516 DEBUG [46773] [] indexAction start
2022-06-14 15:11:23,516 DEBUG [46773] [] admin_no is 1
2022-06-14 15:11:23,601 DEBUG [46773] [] indexAction end
2022-06-14 15:11:23,601 DEBUG [46773] [] ExcelContractListController end
2022-06-14 15:11:23,601 DEBUG [46773] [] finally
2022-06-14 15:11:37,861 DEBUG [47193] [] Request URI : /eccadmin_dev/ExcelContractList/show
2022-06-14 15:11:37,861 DEBUG [47193] [] ExcelContractListController start
2022-06-14 15:11:37,862 DEBUG [47193] [] controllers/ExcelContractListController.php: is exist
2022-06-14 15:11:37,865 DEBUG [47193] [] ExcelContractListForm: is exist
2022-06-14 15:11:37,866 DEBUG [47193] [] ExcelContractListForm: form value set 
2022-06-14 15:11:37,866 DEBUG [47193] [] ------------------------------/eccadmin_dev/ExcelContractList/show
2022-06-14 15:11:37,866 DEBUG [47193] [] showAction start
2022-06-14 15:11:37,866 DEBUG [47193] [] admin_no is 1
2022-06-14 15:11:37,907 DEBUG [47193] [] showAction end
2022-06-14 15:11:37,907 DEBUG [47193] [] ExcelContractListController end
2022-06-14 15:11:37,907 DEBUG [47193] [] finally
2022-06-14 15:11:37,925 DEBUG [47193] [] Request URI : /eccadmin_dev/ExcelContractList/viewExcelList
2022-06-14 15:11:37,926 DEBUG [47193] [] ExcelContractListController start
2022-06-14 15:11:37,926 DEBUG [47193] [] controllers/ExcelContractListController.php: is exist
2022-06-14 15:11:37,930 DEBUG [47193] [] ExcelContractListForm: is exist
2022-06-14 15:11:37,930 DEBUG [47193] [] ExcelContractListForm: form value set 
2022-06-14 15:11:37,930 DEBUG [47193] [] ------------------------------/eccadmin_dev/ExcelContractList/viewExcelList
2022-06-14 15:11:37,930 DEBUG [47193] [] viewExcelListAction start
2022-06-14 15:11:38,676 DEBUG [47193] [] viewExcelListAction end
2022-06-14 15:11:38,676 DEBUG [47193] [] ExcelContractListController end
2022-06-14 15:11:38,676 DEBUG [47193] [] finally
2022-06-14 15:24:45,933 DEBUG [46904] [] Request URI : /eccadmin_dev/ExcelContractList/show
2022-06-14 15:24:45,934 DEBUG [46904] [] ExcelContractListController start
2022-06-14 15:24:45,934 DEBUG [46904] [] controllers/ExcelContractListController.php: is exist
2022-06-14 15:24:45,937 DEBUG [46904] [] ExcelContractListForm: is exist
2022-06-14 15:24:45,938 DEBUG [46904] [] ExcelContractListForm: form value set 
2022-06-14 15:24:45,938 DEBUG [46904] [] ------------------------------/eccadmin_dev/ExcelContractList/show
2022-06-14 15:24:45,938 DEBUG [46904] [] showAction start
2022-06-14 15:24:45,938 DEBUG [46904] [] admin_no is 1
2022-06-14 15:24:45,939 DEBUG [46904] [] showAction end
2022-06-14 15:24:45,939 DEBUG [46904] [] ExcelContractListController end
2022-06-14 15:24:45,939 DEBUG [46904] [] finally
2022-06-14 15:24:46,015 DEBUG [46904] [] Request URI : /eccadmin_dev/ExcelContractList/viewExcelList
2022-06-14 15:24:46,015 DEBUG [46904] [] ExcelContractListController start
2022-06-14 15:24:46,015 DEBUG [46904] [] controllers/ExcelContractListController.php: is exist
2022-06-14 15:24:46,019 DEBUG [46904] [] ExcelContractListForm: is exist
2022-06-14 15:24:46,019 DEBUG [46904] [] ExcelContractListForm: form value set 
2022-06-14 15:24:46,020 DEBUG [46904] [] ------------------------------/eccadmin_dev/ExcelContractList/viewExcelList
2022-06-14 15:24:46,020 DEBUG [46904] [] viewExcelListAction start
2022-06-14 15:24:46,349 DEBUG [46904] [] viewExcelListAction end
2022-06-14 15:24:46,350 DEBUG [46904] [] ExcelContractListController end
2022-06-14 15:24:46,350 DEBUG [46904] [] finally
2022-06-14 15:26:20,139 DEBUG [47444] [] Request URI : /eccadmin_dev/ExcelContractList/show
2022-06-14 15:26:20,143 DEBUG [47444] [] ExcelContractListController start
2022-06-14 15:26:20,143 DEBUG [47444] [] controllers/ExcelContractListController.php: is exist
2022-06-14 15:26:20,148 DEBUG [47444] [] ExcelContractListForm: is exist
2022-06-14 15:26:20,148 DEBUG [47444] [] ExcelContractListForm: form value set 
2022-06-14 15:26:20,148 DEBUG [47444] [] ------------------------------/eccadmin_dev/ExcelContractList/show
2022-06-14 15:26:20,149 DEBUG [47444] [] showAction start
2022-06-14 15:26:20,149 DEBUG [47444] [] admin_no is 1
2022-06-14 15:26:20,149 DEBUG [47444] [] showAction end
2022-06-14 15:26:20,150 DEBUG [47444] [] ExcelContractListController end
2022-06-14 15:26:20,150 DEBUG [47444] [] finally
2022-06-14 15:26:20,166 DEBUG [47444] [] Request URI : /eccadmin_dev/ExcelContractList/viewExcelList
2022-06-14 15:26:20,166 DEBUG [47444] [] ExcelContractListController start
2022-06-14 15:26:20,166 DEBUG [47444] [] controllers/ExcelContractListController.php: is exist
2022-06-14 15:26:20,169 DEBUG [47444] [] ExcelContractListForm: is exist
2022-06-14 15:26:20,169 DEBUG [47444] [] ExcelContractListForm: form value set 
2022-06-14 15:26:20,170 DEBUG [47444] [] ------------------------------/eccadmin_dev/ExcelContractList/viewExcelList
2022-06-14 15:26:20,170 DEBUG [47444] [] viewExcelListAction start
2022-06-14 15:26:20,477 DEBUG [47444] [] viewExcelListAction end
2022-06-14 15:26:20,477 DEBUG [47444] [] ExcelContractListController end
2022-06-14 15:26:20,477 DEBUG [47444] [] finally
2022-06-14 15:27:45,569 DEBUG [47443] [] Request URI : /eccadmin_dev/ExcelContractList/show
2022-06-14 15:27:45,569 DEBUG [47443] [] ExcelContractListController start
2022-06-14 15:27:45,570 DEBUG [47443] [] controllers/ExcelContractListController.php: is exist
2022-06-14 15:27:45,574 DEBUG [47443] [] ExcelContractListForm: is exist
2022-06-14 15:27:45,574 DEBUG [47443] [] ExcelContractListForm: form value set 
2022-06-14 15:27:45,575 DEBUG [47443] [] ------------------------------/eccadmin_dev/ExcelContractList/show
2022-06-14 15:27:45,575 DEBUG [47443] [] showAction start
2022-06-14 15:27:45,575 DEBUG [47443] [] admin_no is 1
2022-06-14 15:27:45,576 DEBUG [47443] [] showAction end
2022-06-14 15:27:45,576 DEBUG [47443] [] ExcelContractListController end
2022-06-14 15:27:45,576 DEBUG [47443] [] finally
2022-06-14 15:27:45,598 DEBUG [47443] [] Request URI : /eccadmin_dev/ExcelContractList/viewExcelList
2022-06-14 15:27:45,598 DEBUG [47443] [] ExcelContractListController start
2022-06-14 15:27:45,598 DEBUG [47443] [] controllers/ExcelContractListController.php: is exist
2022-06-14 15:27:45,602 DEBUG [47443] [] ExcelContractListForm: is exist
2022-06-14 15:27:45,602 DEBUG [47443] [] ExcelContractListForm: form value set 
2022-06-14 15:27:45,603 DEBUG [47443] [] ------------------------------/eccadmin_dev/ExcelContractList/viewExcelList
2022-06-14 15:27:45,603 DEBUG [47443] [] viewExcelListAction start
2022-06-14 15:27:45,929 DEBUG [47443] [] viewExcelListAction end
2022-06-14 15:27:45,929 DEBUG [47443] [] ExcelContractListController end
2022-06-14 15:27:45,929 DEBUG [47443] [] finally
2022-06-14 15:29:29,319 DEBUG [47300] [] Request URI : /eccadmin_dev/ExcelContractList/show
2022-06-14 15:29:29,320 DEBUG [47300] [] ExcelContractListController start
2022-06-14 15:29:29,320 DEBUG [47300] [] controllers/ExcelContractListController.php: is exist
2022-06-14 15:29:29,324 DEBUG [47300] [] ExcelContractListForm: is exist
2022-06-14 15:29:29,324 DEBUG [47300] [] ExcelContractListForm: form value set 
2022-06-14 15:29:29,324 DEBUG [47300] [] ------------------------------/eccadmin_dev/ExcelContractList/show
2022-06-14 15:29:29,325 DEBUG [47300] [] showAction start
2022-06-14 15:29:29,325 DEBUG [47300] [] admin_no is 1
2022-06-14 15:29:29,325 DEBUG [47300] [] showAction end
2022-06-14 15:29:29,326 DEBUG [47300] [] ExcelContractListController end
2022-06-14 15:29:29,326 DEBUG [47300] [] finally
2022-06-14 15:29:29,347 DEBUG [47300] [] Request URI : /eccadmin_dev/ExcelContractList/viewExcelList
2022-06-14 15:29:29,348 DEBUG [47300] [] ExcelContractListController start
2022-06-14 15:29:29,348 DEBUG [47300] [] controllers/ExcelContractListController.php: is exist
2022-06-14 15:29:29,351 DEBUG [47300] [] ExcelContractListForm: is exist
2022-06-14 15:29:29,352 DEBUG [47300] [] ExcelContractListForm: form value set 
2022-06-14 15:29:29,352 DEBUG [47300] [] ------------------------------/eccadmin_dev/ExcelContractList/viewExcelList
2022-06-14 15:29:29,352 DEBUG [47300] [] viewExcelListAction start
2022-06-14 15:29:29,628 DEBUG [47300] [] L
2022-06-14 15:29:29,628 DEBUG [47300] [] 0
2022-06-14 15:29:29,628 DEBUG [47300] [] 1
2022-06-14 15:29:29,679 DEBUG [47300] [] viewExcelListAction end
2022-06-14 15:29:29,679 DEBUG [47300] [] ExcelContractListController end
2022-06-14 15:29:29,680 DEBUG [47300] [] finally
2022-06-14 15:30:25,666 DEBUG [47247] [] Request URI : /eccadmin_dev/ExcelContractList/show
2022-06-14 15:30:25,667 DEBUG [47247] [] ExcelContractListController start
2022-06-14 15:30:25,667 DEBUG [47247] [] controllers/ExcelContractListController.php: is exist
2022-06-14 15:30:25,671 DEBUG [47247] [] ExcelContractListForm: is exist
2022-06-14 15:30:25,671 DEBUG [47247] [] ExcelContractListForm: form value set 
2022-06-14 15:30:25,671 DEBUG [47247] [] ------------------------------/eccadmin_dev/ExcelContractList/show
2022-06-14 15:30:25,672 DEBUG [47247] [] showAction start
2022-06-14 15:30:25,672 DEBUG [47247] [] admin_no is 1
2022-06-14 15:30:25,672 DEBUG [47247] [] showAction end
2022-06-14 15:30:25,672 DEBUG [47247] [] ExcelContractListController end
2022-06-14 15:30:25,673 DEBUG [47247] [] finally
2022-06-14 15:30:25,689 DEBUG [47247] [] Request URI : /eccadmin_dev/ExcelContractList/viewExcelList
2022-06-14 15:30:25,689 DEBUG [47247] [] ExcelContractListController start
2022-06-14 15:30:25,689 DEBUG [47247] [] controllers/ExcelContractListController.php: is exist
2022-06-14 15:30:25,692 DEBUG [47247] [] ExcelContractListForm: is exist
2022-06-14 15:30:25,693 DEBUG [47247] [] ExcelContractListForm: form value set 
2022-06-14 15:30:25,693 DEBUG [47247] [] ------------------------------/eccadmin_dev/ExcelContractList/viewExcelList
2022-06-14 15:30:25,693 DEBUG [47247] [] viewExcelListAction start
2022-06-14 15:30:25,957 DEBUG [47247] [] L
2022-06-14 15:30:25,957 DEBUG [47247] [] 0
2022-06-14 15:30:25,957 DEBUG [47247] [] 1
2022-06-14 15:30:26,007 DEBUG [47247] [] viewExcelListAction end
2022-06-14 15:30:26,007 DEBUG [47247] [] ExcelContractListController end
2022-06-14 15:30:26,007 DEBUG [47247] [] finally
2022-06-14 15:31:13,327 DEBUG [46904] [] Request URI : /eccadmin_dev/ExcelContractList/show
2022-06-14 15:31:13,327 DEBUG [46904] [] ExcelContractListController start
2022-06-14 15:31:13,327 DEBUG [46904] [] controllers/ExcelContractListController.php: is exist
2022-06-14 15:31:13,331 DEBUG [46904] [] ExcelContractListForm: is exist
2022-06-14 15:31:13,331 DEBUG [46904] [] ExcelContractListForm: form value set 
2022-06-14 15:31:13,332 DEBUG [46904] [] ------------------------------/eccadmin_dev/ExcelContractList/show
2022-06-14 15:31:13,332 DEBUG [46904] [] showAction start
2022-06-14 15:31:13,332 DEBUG [46904] [] admin_no is 1
2022-06-14 15:31:13,333 DEBUG [46904] [] showAction end
2022-06-14 15:31:13,333 DEBUG [46904] [] ExcelContractListController end
2022-06-14 15:31:13,333 DEBUG [46904] [] finally
2022-06-14 15:31:13,357 DEBUG [46904] [] Request URI : /eccadmin_dev/ExcelContractList/viewExcelList
2022-06-14 15:31:13,358 DEBUG [46904] [] ExcelContractListController start
2022-06-14 15:31:13,358 DEBUG [46904] [] controllers/ExcelContractListController.php: is exist
2022-06-14 15:31:13,361 DEBUG [46904] [] ExcelContractListForm: is exist
2022-06-14 15:31:13,362 DEBUG [46904] [] ExcelContractListForm: form value set 
2022-06-14 15:31:13,362 DEBUG [46904] [] ------------------------------/eccadmin_dev/ExcelContractList/viewExcelList
2022-06-14 15:31:13,362 DEBUG [46904] [] viewExcelListAction start
2022-06-14 15:31:13,642 DEBUG [46904] [] L
2022-06-14 15:31:13,642 DEBUG [46904] [] 0
2022-06-14 15:31:13,642 DEBUG [46904] [] 1
2022-06-14 15:31:13,692 DEBUG [46904] [] viewExcelListAction end
2022-06-14 15:31:13,692 DEBUG [46904] [] ExcelContractListController end
2022-06-14 15:31:13,692 DEBUG [46904] [] finally
2022-06-14 15:47:55,237 DEBUG [46904] [] Request URI : /eccadmin_dev/ExcelContractList/show
2022-06-14 15:47:55,237 DEBUG [46904] [] ExcelContractListController start
2022-06-14 15:47:55,237 DEBUG [46904] [] controllers/ExcelContractListController.php: is exist
2022-06-14 15:47:55,241 DEBUG [46904] [] ExcelContractListForm: is exist
2022-06-14 15:47:55,241 DEBUG [46904] [] ExcelContractListForm: form value set 
2022-06-14 15:47:55,242 DEBUG [46904] [] ------------------------------/eccadmin_dev/ExcelContractList/show
2022-06-14 15:47:55,242 DEBUG [46904] [] showAction start
2022-06-14 15:47:55,242 DEBUG [46904] [] admin_no is 1
2022-06-14 15:47:55,243 DEBUG [46904] [] showAction end
2022-06-14 15:47:55,243 DEBUG [46904] [] ExcelContractListController end
2022-06-14 15:47:55,243 DEBUG [46904] [] finally
2022-06-14 15:47:55,261 DEBUG [46904] [] Request URI : /eccadmin_dev/ExcelContractList/viewExcelList
2022-06-14 15:47:55,262 DEBUG [46904] [] ExcelContractListController start
2022-06-14 15:47:55,262 DEBUG [46904] [] controllers/ExcelContractListController.php: is exist
2022-06-14 15:47:55,265 DEBUG [46904] [] ExcelContractListForm: is exist
2022-06-14 15:47:55,265 DEBUG [46904] [] ExcelContractListForm: form value set 
2022-06-14 15:47:55,266 DEBUG [46904] [] ------------------------------/eccadmin_dev/ExcelContractList/viewExcelList
2022-06-14 15:47:55,266 DEBUG [46904] [] viewExcelListAction start
2022-06-14 15:47:55,533 DEBUG [46904] [] L
2022-06-14 15:47:55,533 DEBUG [46904] [] 1
2022-06-14 15:47:55,533 DEBUG [46904] [] 1
2022-06-14 15:47:55,584 DEBUG [46904] [] viewExcelListAction end
2022-06-14 15:47:55,584 DEBUG [46904] [] ExcelContractListController end
2022-06-14 15:47:55,584 DEBUG [46904] [] finally
2022-06-14 15:50:08,164 DEBUG [47698] [] Request URI : /eccadmin_dev/ExcelContractList/show
2022-06-14 15:50:08,164 DEBUG [47698] [] ExcelContractListController start
2022-06-14 15:50:08,165 DEBUG [47698] [] controllers/ExcelContractListController.php: is exist
2022-06-14 15:50:08,168 DEBUG [47698] [] ExcelContractListForm: is exist
2022-06-14 15:50:08,168 DEBUG [47698] [] ExcelContractListForm: form value set 
2022-06-14 15:50:08,169 DEBUG [47698] [] ------------------------------/eccadmin_dev/ExcelContractList/show
2022-06-14 15:50:08,169 DEBUG [47698] [] showAction start
2022-06-14 15:50:08,169 DEBUG [47698] [] admin_no is 1
2022-06-14 15:50:08,170 DEBUG [47698] [] showAction end
2022-06-14 15:50:08,170 DEBUG [47698] [] ExcelContractListController end
2022-06-14 15:50:08,170 DEBUG [47698] [] finally
2022-06-14 15:50:08,189 DEBUG [47698] [] Request URI : /eccadmin_dev/ExcelContractList/viewExcelList
2022-06-14 15:50:08,189 DEBUG [47698] [] ExcelContractListController start
2022-06-14 15:50:08,189 DEBUG [47698] [] controllers/ExcelContractListController.php: is exist
2022-06-14 15:50:08,192 DEBUG [47698] [] ExcelContractListForm: is exist
2022-06-14 15:50:08,193 DEBUG [47698] [] ExcelContractListForm: form value set 
2022-06-14 15:50:08,193 DEBUG [47698] [] ------------------------------/eccadmin_dev/ExcelContractList/viewExcelList
2022-06-14 15:50:08,193 DEBUG [47698] [] viewExcelListAction start
2022-06-14 15:50:08,487 DEBUG [47698] [] L
2022-06-14 15:50:08,487 DEBUG [47698] [] 1
2022-06-14 15:50:08,487 DEBUG [47698] [] 1
2022-06-14 15:50:08,568 DEBUG [47698] [] viewExcelListAction end
2022-06-14 15:50:08,568 DEBUG [47698] [] ExcelContractListController end
2022-06-14 15:50:08,568 DEBUG [47698] [] finally
2022-06-14 15:50:19,909 DEBUG [47442] [] Request URI : /eccadmin_dev/ExcelContractList/show
2022-06-14 15:50:19,910 DEBUG [47442] [] ExcelContractListController start
2022-06-14 15:50:19,910 DEBUG [47442] [] controllers/ExcelContractListController.php: is exist
2022-06-14 15:50:19,914 DEBUG [47442] [] ExcelContractListForm: is exist
2022-06-14 15:50:19,914 DEBUG [47442] [] ExcelContractListForm: form value set 
2022-06-14 15:50:19,915 DEBUG [47442] [] ------------------------------/eccadmin_dev/ExcelContractList/show
2022-06-14 15:50:19,915 DEBUG [47442] [] showAction start
2022-06-14 15:50:19,915 DEBUG [47442] [] admin_no is 1
2022-06-14 15:50:19,916 DEBUG [47442] [] showAction end
2022-06-14 15:50:19,916 DEBUG [47442] [] ExcelContractListController end
2022-06-14 15:50:19,916 DEBUG [47442] [] finally
2022-06-14 15:50:19,939 DEBUG [47442] [] Request URI : /eccadmin_dev/ExcelContractList/viewExcelList
2022-06-14 15:50:19,939 DEBUG [47442] [] ExcelContractListController start
2022-06-14 15:50:19,940 DEBUG [47442] [] controllers/ExcelContractListController.php: is exist
2022-06-14 15:50:19,943 DEBUG [47442] [] ExcelContractListForm: is exist
2022-06-14 15:50:19,943 DEBUG [47442] [] ExcelContractListForm: form value set 
2022-06-14 15:50:19,944 DEBUG [47442] [] ------------------------------/eccadmin_dev/ExcelContractList/viewExcelList
2022-06-14 15:50:19,944 DEBUG [47442] [] viewExcelListAction start
2022-06-14 15:50:20,227 DEBUG [47442] [] L
2022-06-14 15:50:20,227 DEBUG [47442] [] 1
2022-06-14 15:50:20,227 DEBUG [47442] [] 1
2022-06-14 15:50:20,278 DEBUG [47442] [] viewExcelListAction end
2022-06-14 15:50:20,278 DEBUG [47442] [] ExcelContractListController end
2022-06-14 15:50:20,278 DEBUG [47442] [] finally
2022-06-14 15:59:37,307 DEBUG [47193] [] Request URI : /eccadmin_dev/ExcelContractList/show
2022-06-14 15:59:37,308 DEBUG [47193] [] ExcelContractListController start
2022-06-14 15:59:37,308 DEBUG [47193] [] controllers/ExcelContractListController.php: is exist
2022-06-14 15:59:37,311 DEBUG [47193] [] ExcelContractListForm: is exist
2022-06-14 15:59:37,312 DEBUG [47193] [] ExcelContractListForm: form value set 
2022-06-14 15:59:37,312 DEBUG [47193] [] ------------------------------/eccadmin_dev/ExcelContractList/show
2022-06-14 15:59:37,312 DEBUG [47193] [] showAction start
2022-06-14 15:59:37,312 DEBUG [47193] [] admin_no is 1
2022-06-14 15:59:37,313 DEBUG [47193] [] showAction end
2022-06-14 15:59:37,313 DEBUG [47193] [] ExcelContractListController end
2022-06-14 15:59:37,313 DEBUG [47193] [] finally
2022-06-14 15:59:37,331 DEBUG [47193] [] Request URI : /eccadmin_dev/ExcelContractList/viewExcelList
2022-06-14 15:59:37,331 DEBUG [47193] [] ExcelContractListController start
2022-06-14 15:59:37,331 DEBUG [47193] [] controllers/ExcelContractListController.php: is exist
2022-06-14 15:59:37,335 DEBUG [47193] [] ExcelContractListForm: is exist
2022-06-14 15:59:37,335 DEBUG [47193] [] ExcelContractListForm: form value set 
2022-06-14 15:59:37,335 DEBUG [47193] [] ------------------------------/eccadmin_dev/ExcelContractList/viewExcelList
2022-06-14 15:59:37,336 DEBUG [47193] [] viewExcelListAction start
2022-06-14 15:59:37,615 DEBUG [47193] [] L
2022-06-14 15:59:37,615 DEBUG [47193] [] 1
2022-06-14 15:59:37,615 DEBUG [47193] [] 1
2022-06-14 15:59:37,666 DEBUG [47193] [] viewExcelListAction end
2022-06-14 15:59:37,666 DEBUG [47193] [] ExcelContractListController end
2022-06-14 15:59:37,666 DEBUG [47193] [] finally
2022-06-14 16:00:35,117 DEBUG [47732] [] Request URI : /eccadmin_dev/ExcelContractList/show
2022-06-14 16:00:35,117 DEBUG [47732] [] ExcelContractListController start
2022-06-14 16:00:35,118 DEBUG [47732] [] controllers/ExcelContractListController.php: is exist
2022-06-14 16:00:35,122 DEBUG [47732] [] ExcelContractListForm: is exist
2022-06-14 16:00:35,122 DEBUG [47732] [] ExcelContractListForm: form value set 
2022-06-14 16:00:35,122 DEBUG [47732] [] ------------------------------/eccadmin_dev/ExcelContractList/show
2022-06-14 16:00:35,123 DEBUG [47732] [] showAction start
2022-06-14 16:00:35,123 DEBUG [47732] [] admin_no is 1
2022-06-14 16:00:35,123 DEBUG [47732] [] showAction end
2022-06-14 16:00:35,124 DEBUG [47732] [] ExcelContractListController end
2022-06-14 16:00:35,124 DEBUG [47732] [] finally
2022-06-14 16:00:35,148 DEBUG [47732] [] Request URI : /eccadmin_dev/ExcelContractList/viewExcelList
2022-06-14 16:00:35,148 DEBUG [47732] [] ExcelContractListController start
2022-06-14 16:00:35,148 DEBUG [47732] [] controllers/ExcelContractListController.php: is exist
2022-06-14 16:00:35,152 DEBUG [47732] [] ExcelContractListForm: is exist
2022-06-14 16:00:35,152 DEBUG [47732] [] ExcelContractListForm: form value set 
2022-06-14 16:00:35,153 DEBUG [47732] [] ------------------------------/eccadmin_dev/ExcelContractList/viewExcelList
2022-06-14 16:00:35,153 DEBUG [47732] [] viewExcelListAction start
2022-06-14 16:00:35,437 DEBUG [47732] [] L
2022-06-14 16:00:35,437 DEBUG [47732] [] 1
2022-06-14 16:00:35,437 DEBUG [47732] [] 1
2022-06-14 16:00:35,490 DEBUG [47732] [] viewExcelListAction end
2022-06-14 16:00:35,490 DEBUG [47732] [] ExcelContractListController end
2022-06-14 16:00:35,490 DEBUG [47732] [] finally
2022-06-14 16:46:30,244 DEBUG [48936] [] Request URI : /eccadmin_dev/ExcelContractList/show
2022-06-14 16:46:30,248 DEBUG [48936] [] ExcelContractListController start
2022-06-14 16:46:30,248 DEBUG [48936] [] controllers/ExcelContractListController.php: is exist
2022-06-14 16:46:30,252 DEBUG [48936] [] ExcelContractListForm: is exist
2022-06-14 16:46:30,252 DEBUG [48936] [] ExcelContractListForm: form value set 
2022-06-14 16:46:30,253 DEBUG [48936] [] ------------------------------/eccadmin_dev/ExcelContractList/show
2022-06-14 16:46:30,253 DEBUG [48936] [] showAction start
2022-06-14 16:46:30,253 DEBUG [48936] [] admin_no is 1
2022-06-14 16:46:30,254 DEBUG [48936] [] showAction end
2022-06-14 16:46:30,254 DEBUG [48936] [] ExcelContractListController end
2022-06-14 16:46:30,254 DEBUG [48936] [] finally
2022-06-14 16:46:30,274 DEBUG [48936] [] Request URI : /eccadmin_dev/ExcelContractList/viewExcelList
2022-06-14 16:46:30,274 DEBUG [48936] [] ExcelContractListController start
2022-06-14 16:46:30,274 DEBUG [48936] [] controllers/ExcelContractListController.php: is exist
2022-06-14 16:46:30,278 DEBUG [48936] [] ExcelContractListForm: is exist
2022-06-14 16:46:30,278 DEBUG [48936] [] ExcelContractListForm: form value set 
2022-06-14 16:46:30,279 DEBUG [48936] [] ------------------------------/eccadmin_dev/ExcelContractList/viewExcelList
2022-06-14 16:46:30,279 DEBUG [48936] [] viewExcelListAction start
2022-06-14 16:46:30,569 DEBUG [48936] [] L
2022-06-14 16:46:30,569 DEBUG [48936] [] 1
2022-06-14 16:46:30,569 DEBUG [48936] [] 1
2022-06-14 16:46:30,620 DEBUG [48936] [] viewExcelListAction end
2022-06-14 16:46:30,620 DEBUG [48936] [] ExcelContractListController end
2022-06-14 16:46:30,620 DEBUG [48936] [] finally
2022-06-14 16:47:43,623 DEBUG [48975] [] Request URI : /eccadmin_dev/ExcelContractList/show
2022-06-14 16:47:43,627 DEBUG [48975] [] ExcelContractListController start
2022-06-14 16:47:43,627 DEBUG [48975] [] controllers/ExcelContractListController.php: is exist
2022-06-14 16:47:43,631 DEBUG [48975] [] ExcelContractListForm: is exist
2022-06-14 16:47:43,631 DEBUG [48975] [] ExcelContractListForm: form value set 
2022-06-14 16:47:43,632 DEBUG [48975] [] ------------------------------/eccadmin_dev/ExcelContractList/show
2022-06-14 16:47:43,632 DEBUG [48975] [] showAction start
2022-06-14 16:47:43,632 DEBUG [48975] [] admin_no is 1
2022-06-14 16:47:43,633 DEBUG [48975] [] showAction end
2022-06-14 16:47:43,633 DEBUG [48975] [] ExcelContractListController end
2022-06-14 16:47:43,633 DEBUG [48975] [] finally
2022-06-14 16:47:43,650 DEBUG [48975] [] Request URI : /eccadmin_dev/ExcelContractList/viewExcelList
2022-06-14 16:47:43,651 DEBUG [48975] [] ExcelContractListController start
2022-06-14 16:47:43,651 DEBUG [48975] [] controllers/ExcelContractListController.php: is exist
2022-06-14 16:47:43,654 DEBUG [48975] [] ExcelContractListForm: is exist
2022-06-14 16:47:43,654 DEBUG [48975] [] ExcelContractListForm: form value set 
2022-06-14 16:47:43,654 DEBUG [48975] [] ------------------------------/eccadmin_dev/ExcelContractList/viewExcelList
2022-06-14 16:47:43,654 DEBUG [48975] [] viewExcelListAction start
2022-06-14 16:47:43,937 DEBUG [48975] [] L
2022-06-14 16:47:43,938 DEBUG [48975] [] 1
2022-06-14 16:47:43,938 DEBUG [48975] [] 1
2022-06-14 16:47:43,991 DEBUG [48975] [] viewExcelListAction end
2022-06-14 16:47:43,991 DEBUG [48975] [] ExcelContractListController end
2022-06-14 16:47:43,991 DEBUG [48975] [] finally
2022-06-14 16:48:25,082 DEBUG [48976] [] Request URI : /eccadmin_dev/ExcelContractList/show
2022-06-14 16:48:25,086 DEBUG [48976] [] ExcelContractListController start
2022-06-14 16:48:25,086 DEBUG [48976] [] controllers/ExcelContractListController.php: is exist
2022-06-14 16:48:25,091 DEBUG [48976] [] ExcelContractListForm: is exist
2022-06-14 16:48:25,091 DEBUG [48976] [] ExcelContractListForm: form value set 
2022-06-14 16:48:25,092 DEBUG [48976] [] ------------------------------/eccadmin_dev/ExcelContractList/show
2022-06-14 16:48:25,092 DEBUG [48976] [] showAction start
2022-06-14 16:48:25,092 DEBUG [48976] [] admin_no is 1
2022-06-14 16:48:25,093 DEBUG [48976] [] showAction end
2022-06-14 16:48:25,093 DEBUG [48976] [] ExcelContractListController end
2022-06-14 16:48:25,093 DEBUG [48976] [] finally
2022-06-14 16:48:25,118 DEBUG [48976] [] Request URI : /eccadmin_dev/ExcelContractList/viewExcelList
2022-06-14 16:48:25,119 DEBUG [48976] [] ExcelContractListController start
2022-06-14 16:48:25,119 DEBUG [48976] [] controllers/ExcelContractListController.php: is exist
2022-06-14 16:48:25,122 DEBUG [48976] [] ExcelContractListForm: is exist
2022-06-14 16:48:25,122 DEBUG [48976] [] ExcelContractListForm: form value set 
2022-06-14 16:48:25,123 DEBUG [48976] [] ------------------------------/eccadmin_dev/ExcelContractList/viewExcelList
2022-06-14 16:48:25,123 DEBUG [48976] [] viewExcelListAction start
2022-06-14 16:48:25,390 DEBUG [48976] [] L
2022-06-14 16:48:25,390 DEBUG [48976] [] 1
2022-06-14 16:48:25,390 DEBUG [48976] [] 1
2022-06-14 16:48:25,441 DEBUG [48976] [] viewExcelListAction end
2022-06-14 16:48:25,441 DEBUG [48976] [] ExcelContractListController end
2022-06-14 16:48:25,441 DEBUG [48976] [] finally
2022-06-14 17:15:02,547 DEBUG [49329] [] Request URI : /eccadmin_dev/ExcelContractList/show
2022-06-14 17:15:02,547 DEBUG [49329] [] ExcelContractListController start
2022-06-14 17:15:02,547 DEBUG [49329] [] controllers/ExcelContractListController.php: is exist
2022-06-14 17:15:02,551 DEBUG [49329] [] ExcelContractListForm: is exist
2022-06-14 17:15:02,551 DEBUG [49329] [] ExcelContractListForm: form value set 
2022-06-14 17:15:02,552 DEBUG [49329] [] ------------------------------/eccadmin_dev/ExcelContractList/show
2022-06-14 17:15:02,552 DEBUG [49329] [] showAction start
2022-06-14 17:15:02,552 DEBUG [49329] [] admin_no is 1
2022-06-14 17:15:02,553 DEBUG [49329] [] showAction end
2022-06-14 17:15:02,553 DEBUG [49329] [] ExcelContractListController end
2022-06-14 17:15:02,553 DEBUG [49329] [] finally
2022-06-14 17:15:02,569 DEBUG [49329] [] Request URI : /eccadmin_dev/ExcelContractList/viewExcelList
2022-06-14 17:15:02,570 DEBUG [49329] [] ExcelContractListController start
2022-06-14 17:15:02,570 DEBUG [49329] [] controllers/ExcelContractListController.php: is exist
2022-06-14 17:15:02,573 DEBUG [49329] [] ExcelContractListForm: is exist
2022-06-14 17:15:02,573 DEBUG [49329] [] ExcelContractListForm: form value set 
2022-06-14 17:15:02,574 DEBUG [49329] [] ------------------------------/eccadmin_dev/ExcelContractList/viewExcelList
2022-06-14 17:15:02,574 DEBUG [49329] [] viewExcelListAction start
2022-06-14 17:15:02,855 DEBUG [49329] [] L
2022-06-14 17:15:02,855 DEBUG [49329] [] 1
2022-06-14 17:15:02,855 DEBUG [49329] [] 1
2022-06-14 17:15:02,906 DEBUG [49329] [] viewExcelListAction end
2022-06-14 17:15:02,906 DEBUG [49329] [] ExcelContractListController end
2022-06-14 17:15:02,906 DEBUG [49329] [] finally
2022-06-14 17:15:04,989 DEBUG [49329] [] Request URI : /eccadmin_dev/ExcelContractList/isValid
2022-06-14 17:15:04,989 DEBUG [49329] [] ExcelContractListController start
2022-06-14 17:15:04,989 DEBUG [49329] [] controllers/ExcelContractListController.php: is exist
2022-06-14 17:15:04,993 DEBUG [49329] [] ExcelContractListForm: is exist
2022-06-14 17:15:04,993 DEBUG [49329] [] ExcelContractListForm: form value set 
2022-06-14 17:15:04,994 DEBUG [49329] [] ------------------------------/eccadmin_dev/ExcelContractList/isValid
2022-06-14 17:15:04,994 DEBUG [49329] [] isValidAction start
2022-06-14 17:15:04,994 DEBUG [49329] [] admin_no is 1
2022-06-14 17:15:04,994 DEBUG [49329] [] admin_no is 1
2022-06-14 17:15:04,995 DEBUG [49329] [] admin_no is 1
2022-06-14 17:15:05,001 DEBUG [49329] [] student_no
2022-06-14 17:15:05,294 DEBUG [49329] [] hashed password$2y$12$a6E2/EDeAQURk5csNtJLEePSWYjJgw8HZVG4A8fGy0TrliAKiL2tC
2022-06-14 17:15:05,295 DEBUG [49329] [] isValidAction end
2022-06-14 17:15:05,295 DEBUG [49329] [] ExcelContractListController end
2022-06-14 17:15:05,296 DEBUG [49329] [] finally
2022-06-14 17:15:05,312 DEBUG [49329] [] Request URI : /eccadmin_dev/ExcelStudentList
2022-06-14 17:15:05,313 DEBUG [49329] [] ExcelStudentListController start
2022-06-14 17:15:05,313 DEBUG [49329] [] controllers/ExcelStudentListController.php: is exist
2022-06-14 17:15:05,314 DEBUG [49329] [] ExcelStudentListForm: is exist
2022-06-14 17:15:05,314 DEBUG [49329] [] ExcelStudentListForm: form value set 
2022-06-14 17:15:05,315 DEBUG [49329] [] ------------------------------/eccadmin_dev/ExcelStudentList
2022-06-14 17:15:05,315 DEBUG [49329] [] indexAction start
2022-06-14 17:15:05,315 DEBUG [49329] [] admin_no is 1
2022-06-14 17:15:05,365 DEBUG [49329] [] indexAction end
2022-06-14 17:15:05,365 DEBUG [49329] [] ExcelStudentListController end
2022-06-14 17:15:05,365 DEBUG [49329] [] finally
2022-06-14 17:35:01,699 DEBUG [49578] [] Request URI : /eccadmin_dev/ExcelStudentList/show
2022-06-14 17:35:01,700 DEBUG [49578] [] ExcelStudentListController start
2022-06-14 17:35:01,700 DEBUG [49578] [] controllers/ExcelStudentListController.php: is exist
2022-06-14 17:35:01,704 DEBUG [49578] [] ExcelStudentListForm: is exist
2022-06-14 17:35:01,704 DEBUG [49578] [] ExcelStudentListForm: form value set 
2022-06-14 17:35:01,705 DEBUG [49578] [] ------------------------------/eccadmin_dev/ExcelStudentList/show
2022-06-14 17:35:01,705 DEBUG [49578] [] showAction start
2022-06-14 17:35:01,705 DEBUG [49578] [] admin_no is 1
2022-06-14 17:35:01,706 DEBUG [49578] [] showAction end
2022-06-14 17:35:01,706 DEBUG [49578] [] ExcelStudentListController end
2022-06-14 17:35:01,706 DEBUG [49578] [] finally
2022-06-14 17:35:01,723 DEBUG [49578] [] Request URI : /eccadmin_dev/ExcelStudentList/viewExcelList
2022-06-14 17:35:01,723 DEBUG [49578] [] ExcelStudentListController start
2022-06-14 17:35:01,724 DEBUG [49578] [] controllers/ExcelStudentListController.php: is exist
2022-06-14 17:35:01,727 DEBUG [49578] [] ExcelStudentListForm: is exist
2022-06-14 17:35:01,727 DEBUG [49578] [] ExcelStudentListForm: form value set 
2022-06-14 17:35:01,727 DEBUG [49578] [] ------------------------------/eccadmin_dev/ExcelStudentList/viewExcelList
2022-06-14 17:35:01,728 DEBUG [49578] [] viewExcelListAction start
2022-06-14 17:35:02,047 DEBUG [49578] [] viewExcelListAction end
2022-06-14 17:35:02,047 DEBUG [49578] [] ExcelStudentListController end
2022-06-14 17:35:02,047 DEBUG [49578] [] finally
2022-06-14 17:35:10,510 DEBUG [49661] [] Request URI : /eccadmin_dev/ExcelStudentList/show
2022-06-14 17:35:10,511 DEBUG [49661] [] ExcelStudentListController start
2022-06-14 17:35:10,511 DEBUG [49661] [] controllers/ExcelStudentListController.php: is exist
2022-06-14 17:35:10,515 DEBUG [49661] [] ExcelStudentListForm: is exist
2022-06-14 17:35:10,516 DEBUG [49661] [] ExcelStudentListForm: form value set 
2022-06-14 17:35:10,516 DEBUG [49661] [] ------------------------------/eccadmin_dev/ExcelStudentList/show
2022-06-14 17:35:10,516 DEBUG [49661] [] showAction start
2022-06-14 17:35:10,517 DEBUG [49661] [] admin_no is 1
2022-06-14 17:35:10,517 DEBUG [49661] [] showAction end
2022-06-14 17:35:10,517 DEBUG [49661] [] ExcelStudentListController end
2022-06-14 17:35:10,517 DEBUG [49661] [] finally
2022-06-14 17:35:10,535 DEBUG [49661] [] Request URI : /eccadmin_dev/ExcelStudentList/viewExcelList
2022-06-14 17:35:10,535 DEBUG [49661] [] ExcelStudentListController start
2022-06-14 17:35:10,536 DEBUG [49661] [] controllers/ExcelStudentListController.php: is exist
2022-06-14 17:35:10,539 DEBUG [49661] [] ExcelStudentListForm: is exist
2022-06-14 17:35:10,539 DEBUG [49661] [] ExcelStudentListForm: form value set 
2022-06-14 17:35:10,539 DEBUG [49661] [] ------------------------------/eccadmin_dev/ExcelStudentList/viewExcelList
2022-06-14 17:35:10,540 DEBUG [49661] [] viewExcelListAction start
2022-06-14 17:35:10,861 DEBUG [49661] [] viewExcelListAction end
2022-06-14 17:35:10,861 DEBUG [49661] [] ExcelStudentListController end
2022-06-14 17:35:10,862 DEBUG [49661] [] finally
2022-06-14 17:35:33,996 DEBUG [49435] [] Request URI : /eccadmin_dev/ExcelStudentList/show
2022-06-14 17:35:33,997 DEBUG [49435] [] ExcelStudentListController start
2022-06-14 17:35:33,997 DEBUG [49435] [] controllers/ExcelStudentListController.php: is exist
2022-06-14 17:35:34,000 DEBUG [49435] [] ExcelStudentListForm: is exist
2022-06-14 17:35:34,000 DEBUG [49435] [] ExcelStudentListForm: form value set 
2022-06-14 17:35:34,001 DEBUG [49435] [] ------------------------------/eccadmin_dev/ExcelStudentList/show
2022-06-14 17:35:34,001 DEBUG [49435] [] showAction start
2022-06-14 17:35:34,001 DEBUG [49435] [] admin_no is 1
2022-06-14 17:35:34,002 DEBUG [49435] [] showAction end
2022-06-14 17:35:34,002 DEBUG [49435] [] ExcelStudentListController end
2022-06-14 17:35:34,002 DEBUG [49435] [] finally
2022-06-14 17:35:34,020 DEBUG [49435] [] Request URI : /eccadmin_dev/ExcelStudentList/viewExcelList
2022-06-14 17:35:34,020 DEBUG [49435] [] ExcelStudentListController start
2022-06-14 17:35:34,020 DEBUG [49435] [] controllers/ExcelStudentListController.php: is exist
2022-06-14 17:35:34,023 DEBUG [49435] [] ExcelStudentListForm: is exist
2022-06-14 17:35:34,023 DEBUG [49435] [] ExcelStudentListForm: form value set 
2022-06-14 17:35:34,024 DEBUG [49435] [] ------------------------------/eccadmin_dev/ExcelStudentList/viewExcelList
2022-06-14 17:35:34,024 DEBUG [49435] [] viewExcelListAction start
2022-06-14 17:35:34,339 DEBUG [49435] [] viewExcelListAction end
2022-06-14 17:35:34,339 DEBUG [49435] [] ExcelStudentListController end
2022-06-14 17:35:34,339 DEBUG [49435] [] finally
2022-06-14 17:35:46,910 DEBUG [49685] [] Request URI : /eccadmin_dev/ExcelStudentList/show
2022-06-14 17:35:46,913 DEBUG [49685] [] ExcelStudentListController start
2022-06-14 17:35:46,914 DEBUG [49685] [] controllers/ExcelStudentListController.php: is exist
2022-06-14 17:35:46,918 DEBUG [49685] [] ExcelStudentListForm: is exist
2022-06-14 17:35:46,918 DEBUG [49685] [] ExcelStudentListForm: form value set 
2022-06-14 17:35:46,919 DEBUG [49685] [] ------------------------------/eccadmin_dev/ExcelStudentList/show
2022-06-14 17:35:46,919 DEBUG [49685] [] showAction start
2022-06-14 17:35:46,919 DEBUG [49685] [] admin_no is 1
2022-06-14 17:35:46,920 DEBUG [49685] [] showAction end
2022-06-14 17:35:46,920 DEBUG [49685] [] ExcelStudentListController end
2022-06-14 17:35:46,920 DEBUG [49685] [] finally
2022-06-14 17:35:46,937 DEBUG [49685] [] Request URI : /eccadmin_dev/ExcelStudentList/viewExcelList
2022-06-14 17:35:46,938 DEBUG [49685] [] ExcelStudentListController start
2022-06-14 17:35:46,938 DEBUG [49685] [] controllers/ExcelStudentListController.php: is exist
2022-06-14 17:35:46,941 DEBUG [49685] [] ExcelStudentListForm: is exist
2022-06-14 17:35:46,941 DEBUG [49685] [] ExcelStudentListForm: form value set 
2022-06-14 17:35:46,942 DEBUG [49685] [] ------------------------------/eccadmin_dev/ExcelStudentList/viewExcelList
2022-06-14 17:35:46,942 DEBUG [49685] [] viewExcelListAction start
2022-06-14 17:35:47,265 DEBUG [49685] [] viewExcelListAction end
2022-06-14 17:35:47,265 DEBUG [49685] [] ExcelStudentListController end
2022-06-14 17:35:47,265 DEBUG [49685] [] finally
2022-06-14 17:39:50,306 DEBUG [49662] [] Request URI : /eccadmin_dev/ExcelStudentList/show
2022-06-14 17:39:50,307 DEBUG [49662] [] ExcelStudentListController start
2022-06-14 17:39:50,307 DEBUG [49662] [] controllers/ExcelStudentListController.php: is exist
2022-06-14 17:39:50,310 DEBUG [49662] [] ExcelStudentListForm: is exist
2022-06-14 17:39:50,311 DEBUG [49662] [] ExcelStudentListForm: form value set 
2022-06-14 17:39:50,311 DEBUG [49662] [] ------------------------------/eccadmin_dev/ExcelStudentList/show
2022-06-14 17:39:50,311 DEBUG [49662] [] showAction start
2022-06-14 17:39:50,311 DEBUG [49662] [] admin_no is 1
2022-06-14 17:39:50,312 DEBUG [49662] [] showAction end
2022-06-14 17:39:50,312 DEBUG [49662] [] ExcelStudentListController end
2022-06-14 17:39:50,312 DEBUG [49662] [] finally
2022-06-14 17:39:50,333 DEBUG [49662] [] Request URI : /eccadmin_dev/ExcelStudentList/viewExcelList
2022-06-14 17:39:50,334 DEBUG [49662] [] ExcelStudentListController start
2022-06-14 17:39:50,334 DEBUG [49662] [] controllers/ExcelStudentListController.php: is exist
2022-06-14 17:39:50,337 DEBUG [49662] [] ExcelStudentListForm: is exist
2022-06-14 17:39:50,337 DEBUG [49662] [] ExcelStudentListForm: form value set 
2022-06-14 17:39:50,338 DEBUG [49662] [] ------------------------------/eccadmin_dev/ExcelStudentList/viewExcelList
2022-06-14 17:39:50,338 DEBUG [49662] [] viewExcelListAction start
2022-06-14 17:39:50,650 DEBUG [49662] [] viewExcelListAction end
2022-06-14 17:39:50,650 DEBUG [49662] [] ExcelStudentListController end
2022-06-14 17:39:50,650 DEBUG [49662] [] finally
2022-06-14 17:41:28,425 DEBUG [49686] [] Request URI : /eccadmin_dev/ExcelStudentList/show
2022-06-14 17:41:28,426 DEBUG [49686] [] ExcelStudentListController start
2022-06-14 17:41:28,426 DEBUG [49686] [] controllers/ExcelStudentListController.php: is exist
2022-06-14 17:41:28,430 DEBUG [49686] [] ExcelStudentListForm: is exist
2022-06-14 17:41:28,430 DEBUG [49686] [] ExcelStudentListForm: form value set 
2022-06-14 17:41:28,431 DEBUG [49686] [] ------------------------------/eccadmin_dev/ExcelStudentList/show
2022-06-14 17:41:28,431 DEBUG [49686] [] showAction start
2022-06-14 17:41:28,431 DEBUG [49686] [] admin_no is 1
2022-06-14 17:41:28,432 DEBUG [49686] [] showAction end
2022-06-14 17:41:28,432 DEBUG [49686] [] ExcelStudentListController end
2022-06-14 17:41:28,432 DEBUG [49686] [] finally
2022-06-14 17:41:28,449 DEBUG [49686] [] Request URI : /eccadmin_dev/ExcelStudentList/viewExcelList
2022-06-14 17:41:28,450 DEBUG [49686] [] ExcelStudentListController start
2022-06-14 17:41:28,450 DEBUG [49686] [] controllers/ExcelStudentListController.php: is exist
2022-06-14 17:41:28,453 DEBUG [49686] [] ExcelStudentListForm: is exist
2022-06-14 17:41:28,454 DEBUG [49686] [] ExcelStudentListForm: form value set 
2022-06-14 17:41:28,454 DEBUG [49686] [] ------------------------------/eccadmin_dev/ExcelStudentList/viewExcelList
2022-06-14 17:41:28,454 DEBUG [49686] [] viewExcelListAction start
2022-06-14 17:41:28,780 DEBUG [49686] [] viewExcelListAction end
2022-06-14 17:41:28,780 DEBUG [49686] [] ExcelStudentListController end
2022-06-14 17:41:28,780 DEBUG [49686] [] finally
2022-06-14 17:41:36,168 DEBUG [49737] [] Request URI : /eccadmin_dev/ExcelContractList
2022-06-14 17:41:36,168 DEBUG [49737] [] ExcelContractListController start
2022-06-14 17:41:36,168 DEBUG [49737] [] controllers/ExcelContractListController.php: is exist
2022-06-14 17:41:36,172 DEBUG [49737] [] ExcelContractListForm: is exist
2022-06-14 17:41:36,173 DEBUG [49737] [] ExcelContractListForm: form value set 
2022-06-14 17:41:36,173 DEBUG [49737] [] ------------------------------/eccadmin_dev/ExcelContractList
2022-06-14 17:41:36,173 DEBUG [49737] [] indexAction start
2022-06-14 17:41:36,174 DEBUG [49737] [] admin_no is 1
2022-06-14 17:41:36,260 DEBUG [49737] [] indexAction end
2022-06-14 17:41:36,260 DEBUG [49737] [] ExcelContractListController end
2022-06-14 17:41:36,260 DEBUG [49737] [] finally
2022-06-14 17:42:08,453 DEBUG [49746] [] Request URI : /eccadmin_dev/ExcelStudentNoChangeList
2022-06-14 17:42:08,453 DEBUG [49746] [] ExcelStudentNoChangeListController start
2022-06-14 17:42:08,453 DEBUG [49746] [] controllers/ExcelStudentNoChangeListController.php: is exist
2022-06-14 17:42:08,457 DEBUG [49746] [] ExcelStudentNoChangeListForm: is exist
2022-06-14 17:42:08,457 DEBUG [49746] [] ExcelStudentNoChangeListForm: form value set 
2022-06-14 17:42:08,458 DEBUG [49746] [] ------------------------------/eccadmin_dev/ExcelStudentNoChangeList
2022-06-14 17:42:08,458 DEBUG [49746] [] indexAction start
2022-06-14 17:42:08,458 DEBUG [49746] [] admin_no is 1
2022-06-14 17:42:08,535 DEBUG [49746] [] indexAction end
2022-06-14 17:42:08,535 DEBUG [49746] [] ExcelStudentNoChangeListController end
2022-06-14 17:42:08,535 DEBUG [49746] [] finally
2022-06-14 17:42:10,726 DEBUG [49547] [] Request URI : /eccadmin_dev/ExcelContractList
2022-06-14 17:42:10,727 DEBUG [49547] [] ExcelContractListController start
2022-06-14 17:42:10,727 DEBUG [49547] [] controllers/ExcelContractListController.php: is exist
2022-06-14 17:42:10,731 DEBUG [49547] [] ExcelContractListForm: is exist
2022-06-14 17:42:10,731 DEBUG [49547] [] ExcelContractListForm: form value set 
2022-06-14 17:42:10,732 DEBUG [49547] [] ------------------------------/eccadmin_dev/ExcelContractList
2022-06-14 17:42:10,732 DEBUG [49547] [] indexAction start
2022-06-14 17:42:10,732 DEBUG [49547] [] admin_no is 1
2022-06-14 17:42:10,814 DEBUG [49547] [] indexAction end
2022-06-14 17:42:10,814 DEBUG [49547] [] ExcelContractListController end
2022-06-14 17:42:10,815 DEBUG [49547] [] finally
2022-06-14 17:42:16,355 DEBUG [49719] [] Request URI : /eccadmin_dev/ExcelContractList/show
2022-06-14 17:42:16,356 DEBUG [49719] [] ExcelContractListController start
2022-06-14 17:42:16,356 DEBUG [49719] [] controllers/ExcelContractListController.php: is exist
2022-06-14 17:42:16,360 DEBUG [49719] [] ExcelContractListForm: is exist
2022-06-14 17:42:16,360 DEBUG [49719] [] ExcelContractListForm: form value set 
2022-06-14 17:42:16,361 DEBUG [49719] [] ------------------------------/eccadmin_dev/ExcelContractList/show
2022-06-14 17:42:16,361 DEBUG [49719] [] showAction start
2022-06-14 17:42:16,361 DEBUG [49719] [] admin_no is 1
2022-06-14 17:42:16,362 DEBUG [49719] [] showAction end
2022-06-14 17:42:16,362 DEBUG [49719] [] ExcelContractListController end
2022-06-14 17:42:16,362 DEBUG [49719] [] finally
2022-06-14 17:42:16,390 DEBUG [49719] [] Request URI : /eccadmin_dev/ExcelContractList/viewExcelList
2022-06-14 17:42:16,390 DEBUG [49719] [] ExcelContractListController start
2022-06-14 17:42:16,390 DEBUG [49719] [] controllers/ExcelContractListController.php: is exist
2022-06-14 17:42:16,394 DEBUG [49719] [] ExcelContractListForm: is exist
2022-06-14 17:42:16,394 DEBUG [49719] [] ExcelContractListForm: form value set 
2022-06-14 17:42:16,394 DEBUG [49719] [] ------------------------------/eccadmin_dev/ExcelContractList/viewExcelList
2022-06-14 17:42:16,394 DEBUG [49719] [] viewExcelListAction start
2022-06-14 17:42:16,680 DEBUG [49719] [] L
2022-06-14 17:42:16,680 DEBUG [49719] [] 1
2022-06-14 17:42:16,680 DEBUG [49719] [] 1
2022-06-14 17:42:16,730 DEBUG [49719] [] viewExcelListAction end
2022-06-14 17:42:16,730 DEBUG [49719] [] ExcelContractListController end
2022-06-14 17:42:16,730 DEBUG [49719] [] finally
2022-06-14 17:42:41,984 DEBUG [49662] [] Request URI : /eccadmin_dev/ExcelContractList/show
2022-06-14 17:42:41,985 DEBUG [49662] [] ExcelContractListController start
2022-06-14 17:42:41,985 DEBUG [49662] [] controllers/ExcelContractListController.php: is exist
2022-06-14 17:42:41,988 DEBUG [49662] [] ExcelContractListForm: is exist
2022-06-14 17:42:41,989 DEBUG [49662] [] ExcelContractListForm: form value set 
2022-06-14 17:42:41,989 DEBUG [49662] [] ------------------------------/eccadmin_dev/ExcelContractList/show
2022-06-14 17:42:41,989 DEBUG [49662] [] showAction start
2022-06-14 17:42:41,989 DEBUG [49662] [] admin_no is 1
2022-06-14 17:42:41,990 DEBUG [49662] [] showAction end
2022-06-14 17:42:41,990 DEBUG [49662] [] ExcelContractListController end
2022-06-14 17:42:41,990 DEBUG [49662] [] finally
2022-06-14 17:42:42,012 DEBUG [49662] [] Request URI : /eccadmin_dev/ExcelContractList/viewExcelList
2022-06-14 17:42:42,013 DEBUG [49662] [] ExcelContractListController start
2022-06-14 17:42:42,013 DEBUG [49662] [] controllers/ExcelContractListController.php: is exist
2022-06-14 17:42:42,017 DEBUG [49662] [] ExcelContractListForm: is exist
2022-06-14 17:42:42,017 DEBUG [49662] [] ExcelContractListForm: form value set 
2022-06-14 17:42:42,018 DEBUG [49662] [] ------------------------------/eccadmin_dev/ExcelContractList/viewExcelList
2022-06-14 17:42:42,018 DEBUG [49662] [] viewExcelListAction start
2022-06-14 17:42:42,302 DEBUG [49662] [] L
2022-06-14 17:42:42,302 DEBUG [49662] [] 1
2022-06-14 17:42:42,302 DEBUG [49662] [] 1
2022-06-14 17:42:42,354 DEBUG [49662] [] viewExcelListAction end
2022-06-14 17:42:42,354 DEBUG [49662] [] ExcelContractListController end
2022-06-14 17:42:42,354 DEBUG [49662] [] finally
2022-06-14 18:24:31,983 DEBUG [50514] [] Request URI : /eccadmin_dev/ExcelContractList/show
2022-06-14 18:24:31,987 DEBUG [50514] [] ExcelContractListController start
2022-06-14 18:24:31,987 DEBUG [50514] [] controllers/ExcelContractListController.php: is exist
2022-06-14 18:24:31,992 DEBUG [50514] [] ExcelContractListForm: is exist
2022-06-14 18:24:31,992 DEBUG [50514] [] ExcelContractListForm: form value set 
2022-06-14 18:24:31,993 DEBUG [50514] [] ------------------------------/eccadmin_dev/ExcelContractList/show
2022-06-14 18:24:31,993 DEBUG [50514] [] showAction start
2022-06-14 18:24:31,993 DEBUG [50514] [] admin_no is 1
2022-06-14 18:24:31,994 DEBUG [50514] [] showAction end
2022-06-14 18:24:31,994 DEBUG [50514] [] ExcelContractListController end
2022-06-14 18:24:31,994 DEBUG [50514] [] finally
2022-06-14 18:24:32,011 DEBUG [50514] [] Request URI : /eccadmin_dev/ExcelContractList/viewExcelList
2022-06-14 18:24:32,012 DEBUG [50514] [] ExcelContractListController start
2022-06-14 18:24:32,012 DEBUG [50514] [] controllers/ExcelContractListController.php: is exist
2022-06-14 18:24:32,015 DEBUG [50514] [] ExcelContractListForm: is exist
2022-06-14 18:24:32,015 DEBUG [50514] [] ExcelContractListForm: form value set 
2022-06-14 18:24:32,016 DEBUG [50514] [] ------------------------------/eccadmin_dev/ExcelContractList/viewExcelList
2022-06-14 18:24:32,016 DEBUG [50514] [] viewExcelListAction start
2022-06-14 18:24:32,299 DEBUG [50514] [] L
2022-06-14 18:24:32,299 DEBUG [50514] [] 1
2022-06-14 18:24:32,299 DEBUG [50514] [] 1
2022-06-14 18:24:32,352 DEBUG [50514] [] viewExcelListAction end
2022-06-14 18:24:32,352 DEBUG [50514] [] ExcelContractListController end
2022-06-14 18:24:32,352 DEBUG [50514] [] finally
2022-06-14 18:25:02,941 DEBUG [50269] [] Request URI : /eccadmin_dev/ExcelContractList/show
2022-06-14 18:25:02,941 DEBUG [50269] [] ExcelContractListController start
2022-06-14 18:25:02,942 DEBUG [50269] [] controllers/ExcelContractListController.php: is exist
2022-06-14 18:25:02,945 DEBUG [50269] [] ExcelContractListForm: is exist
2022-06-14 18:25:02,945 DEBUG [50269] [] ExcelContractListForm: form value set 
2022-06-14 18:25:02,946 DEBUG [50269] [] ------------------------------/eccadmin_dev/ExcelContractList/show
2022-06-14 18:25:02,946 DEBUG [50269] [] showAction start
2022-06-14 18:25:02,946 DEBUG [50269] [] admin_no is 1
2022-06-14 18:25:02,947 DEBUG [50269] [] showAction end
2022-06-14 18:25:02,947 DEBUG [50269] [] ExcelContractListController end
2022-06-14 18:25:02,947 DEBUG [50269] [] finally
2022-06-14 18:25:02,970 DEBUG [50269] [] Request URI : /eccadmin_dev/ExcelContractList/viewExcelList
2022-06-14 18:25:02,971 DEBUG [50269] [] ExcelContractListController start
2022-06-14 18:25:02,971 DEBUG [50269] [] controllers/ExcelContractListController.php: is exist
2022-06-14 18:25:02,974 DEBUG [50269] [] ExcelContractListForm: is exist
2022-06-14 18:25:02,974 DEBUG [50269] [] ExcelContractListForm: form value set 
2022-06-14 18:25:02,975 DEBUG [50269] [] ------------------------------/eccadmin_dev/ExcelContractList/viewExcelList
2022-06-14 18:25:02,975 DEBUG [50269] [] viewExcelListAction start
2022-06-14 18:25:03,256 DEBUG [50269] [] L
2022-06-14 18:25:03,256 DEBUG [50269] [] 1
2022-06-14 18:25:03,256 DEBUG [50269] [] 1
2022-06-14 18:25:03,306 DEBUG [50269] [] viewExcelListAction end
2022-06-14 18:25:03,306 DEBUG [50269] [] ExcelContractListController end
2022-06-14 18:25:03,306 DEBUG [50269] [] finally
2022-06-14 18:25:05,188 DEBUG [50269] [] Request URI : /eccadmin_dev/ExcelContractList/isValid
2022-06-14 18:25:05,188 DEBUG [50269] [] ExcelContractListController start
2022-06-14 18:25:05,188 DEBUG [50269] [] controllers/ExcelContractListController.php: is exist
2022-06-14 18:25:05,192 DEBUG [50269] [] ExcelContractListForm: is exist
2022-06-14 18:25:05,193 DEBUG [50269] [] ExcelContractListForm: form value set 
2022-06-14 18:25:05,193 DEBUG [50269] [] ------------------------------/eccadmin_dev/ExcelContractList/isValid
2022-06-14 18:25:05,193 DEBUG [50269] [] isValidAction start
2022-06-14 18:25:05,194 DEBUG [50269] [] admin_no is 1
2022-06-14 18:25:05,194 DEBUG [50269] [] admin_no is 1
2022-06-14 18:25:05,195 DEBUG [50269] [] admin_no is 1
2022-06-14 18:25:05,534 DEBUG [50269] [] isValidAction end
2022-06-14 18:25:05,534 DEBUG [50269] [] ExcelContractListController end
2022-06-14 18:25:05,535 DEBUG [50269] [] finally
2022-06-14 18:43:30,189 DEBUG [50700] [] Request URI : /eccadmin_dev/ExcelContractList/show
2022-06-14 18:43:30,190 DEBUG [50700] [] ExcelContractListController start
2022-06-14 18:43:30,190 DEBUG [50700] [] controllers/ExcelContractListController.php: is exist
2022-06-14 18:43:30,194 DEBUG [50700] [] ExcelContractListForm: is exist
2022-06-14 18:43:30,194 DEBUG [50700] [] ExcelContractListForm: form value set 
2022-06-14 18:43:30,194 DEBUG [50700] [] ------------------------------/eccadmin_dev/ExcelContractList/show
2022-06-14 18:43:30,195 DEBUG [50700] [] showAction start
2022-06-14 18:43:30,195 DEBUG [50700] [] admin_no is 1
2022-06-14 18:43:30,195 DEBUG [50700] [] showAction end
2022-06-14 18:43:30,196 DEBUG [50700] [] ExcelContractListController end
2022-06-14 18:43:30,196 DEBUG [50700] [] finally
2022-06-14 18:43:30,220 DEBUG [50700] [] Request URI : /eccadmin_dev/ExcelContractList/viewExcelList
2022-06-14 18:43:30,221 DEBUG [50700] [] ExcelContractListController start
2022-06-14 18:43:30,221 DEBUG [50700] [] controllers/ExcelContractListController.php: is exist
2022-06-14 18:43:30,224 DEBUG [50700] [] ExcelContractListForm: is exist
2022-06-14 18:43:30,224 DEBUG [50700] [] ExcelContractListForm: form value set 
2022-06-14 18:43:30,225 DEBUG [50700] [] ------------------------------/eccadmin_dev/ExcelContractList/viewExcelList
2022-06-14 18:43:30,225 DEBUG [50700] [] viewExcelListAction start
2022-06-14 18:43:30,505 DEBUG [50700] [] L
2022-06-14 18:43:30,505 DEBUG [50700] [] 1
2022-06-14 18:43:30,505 DEBUG [50700] [] 1
2022-06-14 18:43:30,554 DEBUG [50700] [] viewExcelListAction end
2022-06-14 18:43:30,554 DEBUG [50700] [] ExcelContractListController end
2022-06-14 18:43:30,554 DEBUG [50700] [] finally
2022-06-14 18:43:33,506 DEBUG [50700] [] Request URI : /eccadmin_dev/ExcelContractList/isValid
2022-06-14 18:43:33,507 DEBUG [50700] [] ExcelContractListController start
2022-06-14 18:43:33,507 DEBUG [50700] [] controllers/ExcelContractListController.php: is exist
2022-06-14 18:43:33,511 DEBUG [50700] [] ExcelContractListForm: is exist
2022-06-14 18:43:33,511 DEBUG [50700] [] ExcelContractListForm: form value set 
2022-06-14 18:43:33,512 DEBUG [50700] [] ------------------------------/eccadmin_dev/ExcelContractList/isValid
2022-06-14 18:43:33,512 DEBUG [50700] [] isValidAction start
2022-06-14 18:43:33,512 DEBUG [50700] [] admin_no is 1
2022-06-14 18:43:33,512 DEBUG [50700] [] admin_no is 1
2022-06-14 18:43:33,513 DEBUG [50700] [] admin_no is 1
2022-06-14 18:43:33,845 DEBUG [50700] [] isValidAction end
2022-06-14 18:43:33,845 DEBUG [50700] [] ExcelContractListController end
2022-06-14 18:43:33,845 DEBUG [50700] [] finally
