2022-09-14 14:29:46,744 DEBUG [12535] [] Request URI : /eccadmin_dev/Login
2022-09-14 14:29:46,765 DEBUG [12535] [] LoginController start
2022-09-14 14:29:46,765 DEBUG [12535] [] controllers/LoginController.php: is exist
2022-09-14 14:29:46,768 DEBUG [12535] [] LoginForm: is exist
2022-09-14 14:29:46,768 DEBUG [12535] [] LoginForm: form value set 
2022-09-14 14:29:46,769 DEBUG [12535] [] ------------------------------/eccadmin_dev/Login
2022-09-14 14:29:46,769 DEBUG [12535] [] ------------------------------login_start_check
2022-09-14 14:29:46,769 DEBUG [12535] [] indexAction start
2022-09-14 14:29:46,823 DEBUG [12535] [] indexAction end
2022-09-14 14:29:46,823 DEBUG [12535] [] LoginController end
2022-09-14 14:29:46,823 DEBUG [12535] [] finally
2022-09-14 22:50:28,033 DEBUG [17184] [] Request URI : /eccadmin_dev/Login
2022-09-14 22:50:28,038 DEBUG [17184] [] LoginController start
2022-09-14 22:50:28,038 DEBUG [17184] [] controllers/LoginController.php: is exist
2022-09-14 22:50:28,041 DEBUG [17184] [] LoginForm: is exist
2022-09-14 22:50:28,041 DEBUG [17184] [] LoginForm: form value set 
2022-09-14 22:50:28,041 DEBUG [17184] [] ------------------------------/eccadmin_dev/Login
2022-09-14 22:50:28,042 DEBUG [17184] [] ------------------------------login_start_check
2022-09-14 22:50:28,042 DEBUG [17184] [] indexAction start
2022-09-14 22:50:28,069 DEBUG [17184] [] indexAction end
2022-09-14 22:50:28,069 DEBUG [17184] [] LoginController end
2022-09-14 22:50:28,069 DEBUG [17184] [] finally
