2022-04-28 10:35:59,368 DEBUG [76744] [] Request URI : /eccadmin_dev/Login
2022-04-28 10:35:59,398 DEBUG [76744] [] LoginController start
2022-04-28 10:35:59,398 DEBUG [76744] [] controllers/LoginController.php: is exist
2022-04-28 10:35:59,399 DEBUG [76744] [] LoginForm: is exist
2022-04-28 10:35:59,399 DEBUG [76744] [] LoginForm: form value set 
2022-04-28 10:35:59,400 DEBUG [76744] [] ------------------------------/eccadmin_dev/Login
2022-04-28 10:35:59,400 DEBUG [76744] [] ------------------------------login_start_check
2022-04-28 10:35:59,400 DEBUG [76744] [] indexAction start
2022-04-28 10:35:59,439 DEBUG [76744] [] indexAction end
2022-04-28 10:35:59,439 DEBUG [76744] [] LoginController end
2022-04-28 10:35:59,439 DEBUG [76744] [] finally
2022-04-28 10:36:05,879 DEBUG [76745] [] Request URI : /eccadmin_dev/Login/login
2022-04-28 10:36:05,882 DEBUG [76745] [] LoginController start
2022-04-28 10:36:05,882 DEBUG [76745] [] controllers/LoginController.php: is exist
2022-04-28 10:36:05,883 DEBUG [76745] [] LoginForm: is exist
2022-04-28 10:36:05,883 DEBUG [76745] [] LoginForm: form value set 
2022-04-28 10:36:05,884 DEBUG [76745] [] ------------------------------/eccadmin_dev/Login/login
2022-04-28 10:36:05,884 DEBUG [76745] [] ------------------------------login_start_check
2022-04-28 10:36:05,884 DEBUG [76745] [] loginAction start
2022-04-28 10:36:06,186 DEBUG [76745] [] loginAction end
2022-04-28 10:36:06,186 DEBUG [76745] [] LoginController end
2022-04-28 10:36:06,186 DEBUG [76745] [] finally
2022-04-28 10:36:06,211 DEBUG [76745] [] Request URI : /eccadmin_dev/Menu
2022-04-28 10:36:06,212 DEBUG [76745] [] MenuController start
2022-04-28 10:36:06,212 DEBUG [76745] [] controllers/MenuController.php: is exist
2022-04-28 10:36:06,212 DEBUG [76745] [] MenuForm: is exist
2022-04-28 10:36:06,212 DEBUG [76745] [] MenuForm: form value set 
2022-04-28 10:36:06,213 DEBUG [76745] [] ------------------------------/eccadmin_dev/Menu
2022-04-28 10:36:06,213 DEBUG [76745] [] ------------------------------login_start_check
2022-04-28 10:36:06,213 DEBUG [76745] [] indexAction start
2022-04-28 10:36:06,213 DEBUG [76745] [] admin_no is 1
2022-04-28 10:36:06,248 DEBUG [76745] [] indexAction end
2022-04-28 10:36:06,248 DEBUG [76745] [] MenuController end
2022-04-28 10:36:06,248 DEBUG [76745] [] finally
2022-04-28 10:36:14,820 DEBUG [76750] [] Request URI : /eccadmin_dev/AtReportList
2022-04-28 10:36:14,821 DEBUG [76750] [] AtReportListController start
2022-04-28 10:36:14,821 DEBUG [76750] [] controllers/AtReportListController.php: is exist
2022-04-28 10:36:14,821 DEBUG [76750] [] AtReportListForm: is exist
2022-04-28 10:36:14,822 DEBUG [76750] [] AtReportListForm: form value set 
2022-04-28 10:36:14,822 DEBUG [76750] [] ------------------------------/eccadmin_dev/AtReportList
2022-04-28 10:36:14,822 DEBUG [76750] [] indexAction start
2022-04-28 10:36:14,822 DEBUG [76750] [] admin_no is 1
2022-04-28 10:36:14,907 DEBUG [76750] [] indexAction end
2022-04-28 10:36:14,907 DEBUG [76750] [] AtReportListController end
2022-04-28 10:36:14,907 DEBUG [76750] [] finally
2022-04-28 10:36:20,187 DEBUG [76744] [] Request URI : /eccadmin_dev/Login/logout
2022-04-28 10:36:20,188 DEBUG [76744] [] LoginController start
2022-04-28 10:36:20,188 DEBUG [76744] [] controllers/LoginController.php: is exist
2022-04-28 10:36:20,188 DEBUG [76744] [] LoginForm: is exist
2022-04-28 10:36:20,188 DEBUG [76744] [] LoginForm: form value set 
2022-04-28 10:36:20,189 DEBUG [76744] [] ------------------------------/eccadmin_dev/Login/logout
2022-04-28 10:36:20,189 DEBUG [76744] [] ------------------------------login_start_check
2022-04-28 10:36:20,189 DEBUG [76744] [] logoutAction start
2022-04-28 10:36:20,189 DEBUG [76744] [] logoutAction end
2022-04-28 10:36:20,189 DEBUG [76744] [] LoginController end
2022-04-28 10:36:20,189 DEBUG [76744] [] finally
2022-04-28 10:36:20,207 DEBUG [76744] [] Request URI : /eccadmin_dev/Login
2022-04-28 10:36:20,207 DEBUG [76744] [] LoginController start
2022-04-28 10:36:20,207 DEBUG [76744] [] controllers/LoginController.php: is exist
2022-04-28 10:36:20,207 DEBUG [76744] [] LoginForm: is exist
2022-04-28 10:36:20,207 DEBUG [76744] [] LoginForm: form value set 
2022-04-28 10:36:20,208 DEBUG [76744] [] ------------------------------/eccadmin_dev/Login
2022-04-28 10:36:20,208 DEBUG [76744] [] ------------------------------login_start_check
2022-04-28 10:36:20,208 DEBUG [76744] [] indexAction start
2022-04-28 10:36:20,221 DEBUG [76744] [] indexAction end
2022-04-28 10:36:20,221 DEBUG [76744] [] LoginController end
2022-04-28 10:36:20,221 DEBUG [76744] [] finally
2022-04-28 10:37:02,842 DEBUG [76708] [] Request URI : /eccadmin_dev/Login
2022-04-28 10:37:02,843 DEBUG [76708] [] LoginController start
2022-04-28 10:37:02,843 DEBUG [76708] [] controllers/LoginController.php: is exist
2022-04-28 10:37:02,843 DEBUG [76708] [] LoginForm: is exist
2022-04-28 10:37:02,843 DEBUG [76708] [] LoginForm: form value set 
2022-04-28 10:37:02,844 DEBUG [76708] [] ------------------------------/eccadmin_dev/Login
2022-04-28 10:37:02,844 DEBUG [76708] [] ------------------------------login_start_check
2022-04-28 10:37:02,844 DEBUG [76708] [] indexAction start
2022-04-28 10:37:02,860 DEBUG [76708] [] indexAction end
2022-04-28 10:37:02,860 DEBUG [76708] [] LoginController end
2022-04-28 10:37:02,860 DEBUG [76708] [] finally
2022-04-28 10:37:05,619 DEBUG [76708] [] Request URI : /eccadmin_dev/Login/login
2022-04-28 10:37:05,619 DEBUG [76708] [] LoginController start
2022-04-28 10:37:05,620 DEBUG [76708] [] controllers/LoginController.php: is exist
2022-04-28 10:37:05,620 DEBUG [76708] [] LoginForm: is exist
2022-04-28 10:37:05,620 DEBUG [76708] [] LoginForm: form value set 
2022-04-28 10:37:05,620 DEBUG [76708] [] ------------------------------/eccadmin_dev/Login/login
2022-04-28 10:37:05,621 DEBUG [76708] [] ------------------------------login_start_check
2022-04-28 10:37:05,621 DEBUG [76708] [] loginAction start
2022-04-28 10:37:05,927 DEBUG [76708] [] loginAction end
2022-04-28 10:37:05,927 DEBUG [76708] [] LoginController end
2022-04-28 10:37:05,927 DEBUG [76708] [] finally
2022-04-28 10:37:05,945 DEBUG [76708] [] Request URI : /eccadmin_dev/Menu
2022-04-28 10:37:05,945 DEBUG [76708] [] MenuController start
2022-04-28 10:37:05,945 DEBUG [76708] [] controllers/MenuController.php: is exist
2022-04-28 10:37:05,945 DEBUG [76708] [] MenuForm: is exist
2022-04-28 10:37:05,945 DEBUG [76708] [] MenuForm: form value set 
2022-04-28 10:37:05,946 DEBUG [76708] [] ------------------------------/eccadmin_dev/Menu
2022-04-28 10:37:05,946 DEBUG [76708] [] ------------------------------login_start_check
2022-04-28 10:37:05,946 DEBUG [76708] [] indexAction start
2022-04-28 10:37:05,946 DEBUG [76708] [] admin_no is 1
2022-04-28 10:37:05,988 DEBUG [76708] [] indexAction end
2022-04-28 10:37:05,988 DEBUG [76708] [] MenuController end
2022-04-28 10:37:05,988 DEBUG [76708] [] finally
2022-04-28 10:37:08,883 DEBUG [76708] [] Request URI : /eccadmin_dev/AtReportList
2022-04-28 10:37:08,883 DEBUG [76708] [] AtReportListController start
2022-04-28 10:37:08,883 DEBUG [76708] [] controllers/AtReportListController.php: is exist
2022-04-28 10:37:08,884 DEBUG [76708] [] AtReportListForm: is exist
2022-04-28 10:37:08,884 DEBUG [76708] [] AtReportListForm: form value set 
2022-04-28 10:37:08,885 DEBUG [76708] [] ------------------------------/eccadmin_dev/AtReportList
2022-04-28 10:37:08,885 DEBUG [76708] [] indexAction start
2022-04-28 10:37:08,885 DEBUG [76708] [] admin_no is 1
2022-04-28 10:37:08,951 DEBUG [76708] [] indexAction end
2022-04-28 10:37:08,951 DEBUG [76708] [] AtReportListController end
2022-04-28 10:37:08,951 DEBUG [76708] [] finally
2022-04-28 10:37:14,409 DEBUG [76308] [] Request URI : /eccadmin_dev/CourseList
2022-04-28 10:37:14,410 DEBUG [76308] [] CourseListController start
2022-04-28 10:37:14,410 DEBUG [76308] [] controllers/CourseListController.php: is exist
2022-04-28 10:37:14,411 DEBUG [76308] [] CourseListForm: is exist
2022-04-28 10:37:14,411 DEBUG [76308] [] CourseListForm: form value set 
2022-04-28 10:37:14,411 DEBUG [76308] [] ------------------------------/eccadmin_dev/CourseList
2022-04-28 10:37:14,412 DEBUG [76308] [] indexAction start
2022-04-28 10:37:14,412 DEBUG [76308] [] admin_no is 1
2022-04-28 10:37:14,515 DEBUG [76308] [] indexAction end
2022-04-28 10:37:14,515 DEBUG [76308] [] CourseListController end
2022-04-28 10:37:14,516 DEBUG [76308] [] finally
2022-04-28 10:37:17,782 DEBUG [76308] [] Request URI : /eccadmin_dev/CourseList/Search
2022-04-28 10:37:17,783 DEBUG [76308] [] CourseListController start
2022-04-28 10:37:17,783 DEBUG [76308] [] controllers/CourseListController.php: is exist
2022-04-28 10:37:17,783 DEBUG [76308] [] CourseListForm: is exist
2022-04-28 10:37:17,783 DEBUG [76308] [] CourseListForm: form value set 
2022-04-28 10:37:17,784 DEBUG [76308] [] ------------------------------/eccadmin_dev/CourseList/Search
2022-04-28 10:37:17,784 DEBUG [76308] [] SearchAction start
2022-04-28 10:37:17,784 DEBUG [76308] [] admin_no is 1
2022-04-28 10:37:17,882 DEBUG [76308] [] SearchAction end
2022-04-28 10:37:17,882 DEBUG [76308] [] CourseListController end
2022-04-28 10:37:17,882 DEBUG [76308] [] finally
2022-04-28 10:37:22,614 DEBUG [76787] [] Request URI : /eccadmin_dev/CourseRegist/index
2022-04-28 10:37:22,618 DEBUG [76787] [] CourseRegistController start
2022-04-28 10:37:22,618 DEBUG [76787] [] controllers/CourseRegistController.php: is exist
2022-04-28 10:37:22,619 DEBUG [76787] [] CourseRegistForm: is exist
2022-04-28 10:37:22,620 DEBUG [76787] [] CourseRegistForm: form value set 
2022-04-28 10:37:22,620 DEBUG [76787] [] ------------------------------/eccadmin_dev/CourseRegist/index
2022-04-28 10:37:22,620 DEBUG [76787] [] ------------------------------session_check_true
2022-04-28 10:37:22,620 DEBUG [76787] [] indexAction start
2022-04-28 10:37:22,621 DEBUG [76787] [] admin_no is 1
2022-04-28 10:37:22,706 DEBUG [76787] [] indexAction end
2022-04-28 10:37:22,706 DEBUG [76787] [] CourseRegistController end
2022-04-28 10:37:22,706 DEBUG [76787] [] finally
2022-04-28 10:37:25,344 DEBUG [76787] [] Request URI : /eccadmin_dev/CourseList/search
2022-04-28 10:37:25,344 DEBUG [76787] [] CourseListController start
2022-04-28 10:37:25,345 DEBUG [76787] [] controllers/CourseListController.php: is exist
2022-04-28 10:37:25,345 DEBUG [76787] [] CourseListForm: is exist
2022-04-28 10:37:25,345 DEBUG [76787] [] CourseListForm: form value set 
2022-04-28 10:37:25,346 DEBUG [76787] [] ------------------------------/eccadmin_dev/CourseList/search
2022-04-28 10:37:25,346 DEBUG [76787] [] searchAction start
2022-04-28 10:37:25,346 DEBUG [76787] [] admin_no is 1
2022-04-28 10:37:25,453 DEBUG [76787] [] searchAction end
2022-04-28 10:37:25,453 DEBUG [76787] [] CourseListController end
2022-04-28 10:37:25,454 DEBUG [76787] [] finally
2022-04-28 10:37:27,123 DEBUG [76787] [] Request URI : /eccadmin_dev/CourseRegist/index
2022-04-28 10:37:27,124 DEBUG [76787] [] CourseRegistController start
2022-04-28 10:37:27,124 DEBUG [76787] [] controllers/CourseRegistController.php: is exist
2022-04-28 10:37:27,124 DEBUG [76787] [] CourseRegistForm: is exist
2022-04-28 10:37:27,125 DEBUG [76787] [] CourseRegistForm: form value set 
2022-04-28 10:37:27,125 DEBUG [76787] [] ------------------------------/eccadmin_dev/CourseRegist/index
2022-04-28 10:37:27,125 DEBUG [76787] [] ------------------------------session_check_true
2022-04-28 10:37:27,125 DEBUG [76787] [] indexAction start
2022-04-28 10:37:27,125 DEBUG [76787] [] admin_no is 1
2022-04-28 10:37:27,204 DEBUG [76787] [] indexAction end
2022-04-28 10:37:27,204 DEBUG [76787] [] CourseRegistController end
2022-04-28 10:37:27,204 DEBUG [76787] [] finally
2022-04-28 10:37:30,453 DEBUG [76561] [] Request URI : /eccadmin_dev/AtReportList
2022-04-28 10:37:30,454 DEBUG [76561] [] AtReportListController start
2022-04-28 10:37:30,454 DEBUG [76561] [] controllers/AtReportListController.php: is exist
2022-04-28 10:37:30,454 DEBUG [76561] [] AtReportListForm: is exist
2022-04-28 10:37:30,455 DEBUG [76561] [] AtReportListForm: form value set 
2022-04-28 10:37:30,455 DEBUG [76561] [] ------------------------------/eccadmin_dev/AtReportList
2022-04-28 10:37:30,455 DEBUG [76561] [] indexAction start
2022-04-28 10:37:30,455 DEBUG [76561] [] admin_no is 1
2022-04-28 10:37:30,519 DEBUG [76561] [] indexAction end
2022-04-28 10:37:30,519 DEBUG [76561] [] AtReportListController end
2022-04-28 10:37:30,519 DEBUG [76561] [] finally
2022-04-28 10:37:53,990 DEBUG [76797] [] Request URI : /eccadmin_dev/CourseList
2022-04-28 10:37:53,994 DEBUG [76797] [] CourseListController start
2022-04-28 10:37:53,994 DEBUG [76797] [] controllers/CourseListController.php: is exist
2022-04-28 10:37:53,995 DEBUG [76797] [] CourseListForm: is exist
2022-04-28 10:37:53,996 DEBUG [76797] [] CourseListForm: form value set 
2022-04-28 10:37:53,996 DEBUG [76797] [] ------------------------------/eccadmin_dev/CourseList
2022-04-28 10:37:53,996 DEBUG [76797] [] indexAction start
2022-04-28 10:37:53,996 DEBUG [76797] [] admin_no is 1
2022-04-28 10:37:54,094 DEBUG [76797] [] indexAction end
2022-04-28 10:37:54,094 DEBUG [76797] [] CourseListController end
2022-04-28 10:37:54,095 DEBUG [76797] [] finally
2022-04-28 10:37:55,419 DEBUG [76797] [] Request URI : /eccadmin_dev/CourseList/Search
2022-04-28 10:37:55,420 DEBUG [76797] [] CourseListController start
2022-04-28 10:37:55,420 DEBUG [76797] [] controllers/CourseListController.php: is exist
2022-04-28 10:37:55,420 DEBUG [76797] [] CourseListForm: is exist
2022-04-28 10:37:55,420 DEBUG [76797] [] CourseListForm: form value set 
2022-04-28 10:37:55,421 DEBUG [76797] [] ------------------------------/eccadmin_dev/CourseList/Search
2022-04-28 10:37:55,421 DEBUG [76797] [] SearchAction start
2022-04-28 10:37:55,421 DEBUG [76797] [] admin_no is 1
2022-04-28 10:37:55,524 DEBUG [76797] [] SearchAction end
2022-04-28 10:37:55,524 DEBUG [76797] [] CourseListController end
2022-04-28 10:37:55,524 DEBUG [76797] [] finally
2022-04-28 10:38:05,047 DEBUG [76750] [] Request URI : /eccadmin_dev/AtReportList
2022-04-28 10:38:05,048 DEBUG [76750] [] AtReportListController start
2022-04-28 10:38:05,048 DEBUG [76750] [] controllers/AtReportListController.php: is exist
2022-04-28 10:38:05,048 DEBUG [76750] [] AtReportListForm: is exist
2022-04-28 10:38:05,048 DEBUG [76750] [] AtReportListForm: form value set 
2022-04-28 10:38:05,049 DEBUG [76750] [] ------------------------------/eccadmin_dev/AtReportList
2022-04-28 10:38:05,049 DEBUG [76750] [] indexAction start
2022-04-28 10:38:05,049 DEBUG [76750] [] admin_no is 1
2022-04-28 10:38:05,114 DEBUG [76750] [] indexAction end
2022-04-28 10:38:05,114 DEBUG [76750] [] AtReportListController end
2022-04-28 10:38:05,114 DEBUG [76750] [] finally
2022-04-28 15:30:50,585 DEBUG [81229] [] Request URI : /eccadmin_dev/AtReportList
2022-04-28 15:30:50,585 DEBUG [81229] [] AtReportListController start
2022-04-28 15:30:50,586 DEBUG [81229] [] controllers/AtReportListController.php: is exist
2022-04-28 15:30:50,586 DEBUG [81229] [] AtReportListForm: is exist
2022-04-28 15:30:50,586 DEBUG [81229] [] AtReportListForm: form value set 
2022-04-28 15:30:50,587 DEBUG [81229] [] ------------------------------/eccadmin_dev/AtReportList
2022-04-28 15:30:50,587 DEBUG [81229] [] indexAction start
2022-04-28 15:30:50,587 DEBUG [81229] [] admin_no is 
2022-04-28 15:30:50,587 DEBUG [81229] [] indexAction end
2022-04-28 15:30:50,587 DEBUG [81229] [] AtReportListController end
2022-04-28 15:30:50,587 DEBUG [81229] [] finally
2022-04-28 15:30:50,611 DEBUG [81229] [] Request URI : /eccadmin_dev/Error/disp
2022-04-28 15:30:50,611 DEBUG [81229] [] ErrorController start
2022-04-28 15:30:50,611 DEBUG [81229] [] controllers/ErrorController.php: is exist
2022-04-28 15:30:50,632 DEBUG [81229] [] ErrorForm: is exist
2022-04-28 15:30:50,663 DEBUG [81229] [] ErrorForm: form value set 
2022-04-28 15:30:50,664 DEBUG [81229] [] ------------------------------/eccadmin_dev/Error/disp
2022-04-28 15:30:50,664 DEBUG [81229] [] ------------------------------login_start_check
2022-04-28 15:30:50,664 DEBUG [81229] [] dispAction start
2022-04-28 15:30:50,700 DEBUG [81229] [] dispAction end
2022-04-28 15:30:50,700 DEBUG [81229] [] ErrorController end
2022-04-28 15:30:50,701 DEBUG [81229] [] finally
2022-04-28 15:30:52,182 DEBUG [81229] [] Request URI : /eccadmin_dev/Login
2022-04-28 15:30:52,182 DEBUG [81229] [] LoginController start
2022-04-28 15:30:52,182 DEBUG [81229] [] controllers/LoginController.php: is exist
2022-04-28 15:30:52,183 DEBUG [81229] [] LoginForm: is exist
2022-04-28 15:30:52,183 DEBUG [81229] [] LoginForm: form value set 
2022-04-28 15:30:52,183 DEBUG [81229] [] ------------------------------/eccadmin_dev/Login
2022-04-28 15:30:52,183 DEBUG [81229] [] ------------------------------login_start_check
2022-04-28 15:30:52,183 DEBUG [81229] [] indexAction start
2022-04-28 15:30:52,198 DEBUG [81229] [] indexAction end
2022-04-28 15:30:52,198 DEBUG [81229] [] LoginController end
2022-04-28 15:30:52,199 DEBUG [81229] [] finally
2022-04-28 15:30:56,650 DEBUG [81063] [] Request URI : /eccadmin_dev/Login/login
2022-04-28 15:30:56,651 DEBUG [81063] [] LoginController start
2022-04-28 15:30:56,651 DEBUG [81063] [] controllers/LoginController.php: is exist
2022-04-28 15:30:56,652 DEBUG [81063] [] LoginForm: is exist
2022-04-28 15:30:56,652 DEBUG [81063] [] LoginForm: form value set 
2022-04-28 15:30:56,652 DEBUG [81063] [] ------------------------------/eccadmin_dev/Login/login
2022-04-28 15:30:56,652 DEBUG [81063] [] ------------------------------login_start_check
2022-04-28 15:30:56,652 DEBUG [81063] [] loginAction start
2022-04-28 15:30:56,669 DEBUG [81063] [] loginAction end
2022-04-28 15:30:56,669 DEBUG [81063] [] LoginController end
2022-04-28 15:30:56,669 DEBUG [81063] [] finally
2022-04-28 15:31:06,202 DEBUG [81247] [] Request URI : /eccadmin_dev/Login/login
2022-04-28 15:31:06,203 DEBUG [81247] [] LoginController start
2022-04-28 15:31:06,203 DEBUG [81247] [] controllers/LoginController.php: is exist
2022-04-28 15:31:06,203 DEBUG [81247] [] LoginForm: is exist
2022-04-28 15:31:06,203 DEBUG [81247] [] LoginForm: form value set 
2022-04-28 15:31:06,204 DEBUG [81247] [] ------------------------------/eccadmin_dev/Login/login
2022-04-28 15:31:06,204 DEBUG [81247] [] ------------------------------login_start_check
2022-04-28 15:31:06,204 DEBUG [81247] [] loginAction start
2022-04-28 15:31:06,498 DEBUG [81247] [] loginAction end
2022-04-28 15:31:06,498 DEBUG [81247] [] LoginController end
2022-04-28 15:31:06,499 DEBUG [81247] [] finally
2022-04-28 15:31:06,517 DEBUG [81247] [] Request URI : /eccadmin_dev/Menu
2022-04-28 15:31:06,518 DEBUG [81247] [] MenuController start
2022-04-28 15:31:06,518 DEBUG [81247] [] controllers/MenuController.php: is exist
2022-04-28 15:31:06,518 DEBUG [81247] [] MenuForm: is exist
2022-04-28 15:31:06,518 DEBUG [81247] [] MenuForm: form value set 
2022-04-28 15:31:06,518 DEBUG [81247] [] ------------------------------/eccadmin_dev/Menu
2022-04-28 15:31:06,518 DEBUG [81247] [] ------------------------------login_start_check
2022-04-28 15:31:06,518 DEBUG [81247] [] indexAction start
2022-04-28 15:31:06,519 DEBUG [81247] [] admin_no is 1
2022-04-28 15:31:06,546 DEBUG [81247] [] indexAction end
2022-04-28 15:31:06,546 DEBUG [81247] [] MenuController end
2022-04-28 15:31:06,546 DEBUG [81247] [] finally
2022-04-28 15:31:12,852 DEBUG [81248] [] Request URI : /eccadmin_dev/AtReportList
2022-04-28 15:31:12,853 DEBUG [81248] [] AtReportListController start
2022-04-28 15:31:12,853 DEBUG [81248] [] controllers/AtReportListController.php: is exist
2022-04-28 15:31:12,853 DEBUG [81248] [] AtReportListForm: is exist
2022-04-28 15:31:12,854 DEBUG [81248] [] AtReportListForm: form value set 
2022-04-28 15:31:12,854 DEBUG [81248] [] ------------------------------/eccadmin_dev/AtReportList
2022-04-28 15:31:12,854 DEBUG [81248] [] indexAction start
2022-04-28 15:31:12,854 DEBUG [81248] [] admin_no is 1
2022-04-28 15:31:12,924 DEBUG [81248] [] indexAction end
2022-04-28 15:31:12,924 DEBUG [81248] [] AtReportListController end
2022-04-28 15:31:12,924 DEBUG [81248] [] finally
