2022-03-17 11:27:27,091 DEBUG [46367] [] Request URI : /eccadmin_dev/Login
2022-03-17 11:27:27,106 DEBUG [46367] [] LoginController start
2022-03-17 11:27:27,106 DEBUG [46367] [] controllers/LoginController.php: is exist
2022-03-17 11:27:27,106 DEBUG [46367] [] LoginForm: is exist
2022-03-17 11:27:27,107 DEBUG [46367] [] LoginForm: form value set 
2022-03-17 11:27:27,107 DEBUG [46367] [] ------------------------------/eccadmin_dev/Login
2022-03-17 11:27:27,107 DEBUG [46367] [] ------------------------------login_start_check
2022-03-17 11:27:27,107 DEBUG [46367] [] indexAction start
2022-03-17 11:27:27,157 DEBUG [46367] [] indexAction end
2022-03-17 11:27:27,157 DEBUG [46367] [] LoginController end
2022-03-17 11:27:27,157 DEBUG [46367] [] finally
2022-03-17 11:27:32,258 DEBUG [46233] [] Request URI : /eccadmin_dev/Login/login
2022-03-17 11:27:32,259 DEBUG [46233] [] LoginController start
2022-03-17 11:27:32,259 DEBUG [46233] [] controllers/LoginController.php: is exist
2022-03-17 11:27:32,259 DEBUG [46233] [] LoginForm: is exist
2022-03-17 11:27:32,260 DEBUG [46233] [] LoginForm: form value set 
2022-03-17 11:27:32,260 DEBUG [46233] [] ------------------------------/eccadmin_dev/Login/login
2022-03-17 11:27:32,260 DEBUG [46233] [] ------------------------------login_start_check
2022-03-17 11:27:32,260 DEBUG [46233] [] loginAction start
2022-03-17 11:27:32,564 DEBUG [46233] [] loginAction end
2022-03-17 11:27:32,564 DEBUG [46233] [] LoginController end
2022-03-17 11:27:32,565 DEBUG [46233] [] finally
2022-03-17 11:27:32,585 DEBUG [46233] [] Request URI : /eccadmin_dev/Menu
2022-03-17 11:27:32,586 DEBUG [46233] [] MenuController start
2022-03-17 11:27:32,586 DEBUG [46233] [] controllers/MenuController.php: is exist
2022-03-17 11:27:32,586 DEBUG [46233] [] MenuForm: is exist
2022-03-17 11:27:32,586 DEBUG [46233] [] MenuForm: form value set 
2022-03-17 11:27:32,586 DEBUG [46233] [] ------------------------------/eccadmin_dev/Menu
2022-03-17 11:27:32,586 DEBUG [46233] [] ------------------------------login_start_check
2022-03-17 11:27:32,586 DEBUG [46233] [] indexAction start
2022-03-17 11:27:32,587 DEBUG [46233] [] admin_no is 1
2022-03-17 11:27:32,638 DEBUG [46233] [] indexAction end
2022-03-17 11:27:32,638 DEBUG [46233] [] MenuController end
2022-03-17 11:27:32,639 DEBUG [46233] [] finally
2022-03-17 11:27:55,039 DEBUG [46233] [] Request URI : /eccadmin_dev/AtReportList
2022-03-17 11:27:55,039 DEBUG [46233] [] AtReportListController start
2022-03-17 11:27:55,039 DEBUG [46233] [] controllers/AtReportListController.php: is exist
2022-03-17 11:27:55,042 DEBUG [46233] [] AtReportListForm: is exist
2022-03-17 11:27:55,043 DEBUG [46233] [] AtReportListForm: form value set 
2022-03-17 11:27:55,043 DEBUG [46233] [] ------------------------------/eccadmin_dev/AtReportList
2022-03-17 11:27:55,043 DEBUG [46233] [] indexAction start
2022-03-17 11:27:55,044 DEBUG [46233] [] admin_no is 1
2022-03-17 11:27:55,123 DEBUG [46233] [] indexAction end
2022-03-17 11:27:55,123 DEBUG [46233] [] AtReportListController end
2022-03-17 11:27:55,124 DEBUG [46233] [] finally
2022-03-17 12:02:50,628 DEBUG [47045] [] Request URI : /eccadmin_dev/Login
2022-03-17 12:02:50,629 DEBUG [47045] [] LoginController start
2022-03-17 12:02:50,629 DEBUG [47045] [] controllers/LoginController.php: is exist
2022-03-17 12:02:50,629 DEBUG [47045] [] LoginForm: is exist
2022-03-17 12:02:50,629 DEBUG [47045] [] LoginForm: form value set 
2022-03-17 12:02:50,630 DEBUG [47045] [] ------------------------------/eccadmin_dev/Login
2022-03-17 12:02:50,630 DEBUG [47045] [] ------------------------------login_start_check
2022-03-17 12:02:50,630 DEBUG [47045] [] indexAction start
2022-03-17 12:02:50,645 DEBUG [47045] [] indexAction end
2022-03-17 12:02:50,645 DEBUG [47045] [] LoginController end
2022-03-17 12:02:50,646 DEBUG [47045] [] finally
2022-03-17 12:02:53,946 DEBUG [47045] [] Request URI : /eccadmin_dev/Login/login
2022-03-17 12:02:53,947 DEBUG [47045] [] LoginController start
2022-03-17 12:02:53,947 DEBUG [47045] [] controllers/LoginController.php: is exist
2022-03-17 12:02:53,947 DEBUG [47045] [] LoginForm: is exist
2022-03-17 12:02:53,947 DEBUG [47045] [] LoginForm: form value set 
2022-03-17 12:02:53,948 DEBUG [47045] [] ------------------------------/eccadmin_dev/Login/login
2022-03-17 12:02:53,948 DEBUG [47045] [] ------------------------------login_start_check
2022-03-17 12:02:53,948 DEBUG [47045] [] loginAction start
2022-03-17 12:02:54,243 DEBUG [47045] [] loginAction end
2022-03-17 12:02:54,243 DEBUG [47045] [] LoginController end
2022-03-17 12:02:54,244 DEBUG [47045] [] finally
2022-03-17 12:02:54,270 DEBUG [47045] [] Request URI : /eccadmin_dev/Menu
2022-03-17 12:02:54,271 DEBUG [47045] [] MenuController start
2022-03-17 12:02:54,271 DEBUG [47045] [] controllers/MenuController.php: is exist
2022-03-17 12:02:54,271 DEBUG [47045] [] MenuForm: is exist
2022-03-17 12:02:54,271 DEBUG [47045] [] MenuForm: form value set 
2022-03-17 12:02:54,271 DEBUG [47045] [] ------------------------------/eccadmin_dev/Menu
2022-03-17 12:02:54,271 DEBUG [47045] [] ------------------------------login_start_check
2022-03-17 12:02:54,271 DEBUG [47045] [] indexAction start
2022-03-17 12:02:54,272 DEBUG [47045] [] admin_no is 1
2022-03-17 12:02:54,298 DEBUG [47045] [] indexAction end
2022-03-17 12:02:54,298 DEBUG [47045] [] MenuController end
2022-03-17 12:02:54,298 DEBUG [47045] [] finally
2022-03-17 12:02:59,641 DEBUG [47102] [] Request URI : /eccadmin_dev/CourseContractList
2022-03-17 12:02:59,641 DEBUG [47102] [] CourseContractListController start
2022-03-17 12:02:59,642 DEBUG [47102] [] controllers/CourseContractListController.php: is exist
2022-03-17 12:02:59,642 DEBUG [47102] [] CourseContractListForm: is exist
2022-03-17 12:02:59,642 DEBUG [47102] [] CourseContractListForm: form value set 
2022-03-17 12:02:59,643 DEBUG [47102] [] ------------------------------/eccadmin_dev/CourseContractList
2022-03-17 12:02:59,643 DEBUG [47102] [] indexAction start
2022-03-17 12:02:59,643 DEBUG [47102] [] admin_no is 1
2022-03-17 12:02:59,769 DEBUG [47102] [] indexAction end
2022-03-17 12:02:59,769 DEBUG [47102] [] CourseContractListController end
2022-03-17 12:02:59,769 DEBUG [47102] [] finally
2022-03-17 12:03:12,291 DEBUG [47132] [] Request URI : /eccadmin_dev/CourseContractRegist/index
2022-03-17 12:03:12,295 DEBUG [47132] [] CourseContractRegistController start
2022-03-17 12:03:12,295 DEBUG [47132] [] controllers/CourseContractRegistController.php: is exist
2022-03-17 12:03:12,298 DEBUG [47132] [] CourseContractRegistForm: is exist
2022-03-17 12:03:12,298 DEBUG [47132] [] CourseContractRegistForm: form value set 
2022-03-17 12:03:12,299 DEBUG [47132] [] ------------------------------/eccadmin_dev/CourseContractRegist/index
2022-03-17 12:03:12,299 DEBUG [47132] [] ------------------------------session_check_true
2022-03-17 12:03:12,299 DEBUG [47132] [] indexAction start
2022-03-17 12:03:12,299 DEBUG [47132] [] admin_no is 1
2022-03-17 12:03:12,366 DEBUG [47132] [] indexAction end
2022-03-17 12:03:12,367 DEBUG [47132] [] CourseContractRegistController end
2022-03-17 12:03:12,367 DEBUG [47132] [] finally
2022-03-17 12:26:34,128 DEBUG [47132] [] Request URI : /eccadmin_dev/CourseContractList
2022-03-17 12:26:34,128 DEBUG [47132] [] CourseContractListController start
2022-03-17 12:26:34,128 DEBUG [47132] [] controllers/CourseContractListController.php: is exist
2022-03-17 12:26:34,129 DEBUG [47132] [] CourseContractListForm: is exist
2022-03-17 12:26:34,130 DEBUG [47132] [] CourseContractListForm: form value set 
2022-03-17 12:26:34,131 DEBUG [47132] [] ------------------------------/eccadmin_dev/CourseContractList
2022-03-17 12:26:34,131 DEBUG [47132] [] indexAction start
2022-03-17 12:26:34,131 DEBUG [47132] [] admin_no is 1
2022-03-17 12:26:34,241 DEBUG [47132] [] indexAction end
2022-03-17 12:26:34,241 DEBUG [47132] [] CourseContractListController end
2022-03-17 12:26:34,241 DEBUG [47132] [] finally
2022-03-17 12:27:22,254 DEBUG [47276] [] Request URI : /eccadmin_dev/Menu
2022-03-17 12:27:22,255 DEBUG [47276] [] MenuController start
2022-03-17 12:27:22,255 DEBUG [47276] [] controllers/MenuController.php: is exist
2022-03-17 12:27:22,255 DEBUG [47276] [] MenuForm: is exist
2022-03-17 12:27:22,255 DEBUG [47276] [] MenuForm: form value set 
2022-03-17 12:27:22,256 DEBUG [47276] [] ------------------------------/eccadmin_dev/Menu
2022-03-17 12:27:22,256 DEBUG [47276] [] ------------------------------login_start_check
2022-03-17 12:27:22,256 DEBUG [47276] [] indexAction start
2022-03-17 12:27:22,256 DEBUG [47276] [] admin_no is 1
2022-03-17 12:27:22,306 DEBUG [47276] [] indexAction end
2022-03-17 12:27:22,306 DEBUG [47276] [] MenuController end
2022-03-17 12:27:22,306 DEBUG [47276] [] finally
2022-03-17 12:27:27,732 DEBUG [47227] [] Request URI : /eccadmin_dev/CourseContractList
2022-03-17 12:27:27,733 DEBUG [47227] [] CourseContractListController start
2022-03-17 12:27:27,733 DEBUG [47227] [] controllers/CourseContractListController.php: is exist
2022-03-17 12:27:27,734 DEBUG [47227] [] CourseContractListForm: is exist
2022-03-17 12:27:27,735 DEBUG [47227] [] CourseContractListForm: form value set 
2022-03-17 12:27:27,735 DEBUG [47227] [] ------------------------------/eccadmin_dev/CourseContractList
2022-03-17 12:27:27,736 DEBUG [47227] [] indexAction start
2022-03-17 12:27:27,736 DEBUG [47227] [] admin_no is 1
2022-03-17 12:27:27,847 DEBUG [47227] [] indexAction end
2022-03-17 12:27:27,847 DEBUG [47227] [] CourseContractListController end
2022-03-17 12:27:27,848 DEBUG [47227] [] finally
2022-03-17 12:28:26,604 DEBUG [47274] [] Request URI : /eccadmin_dev/Menu
2022-03-17 12:28:26,605 DEBUG [47274] [] MenuController start
2022-03-17 12:28:26,605 DEBUG [47274] [] controllers/MenuController.php: is exist
2022-03-17 12:28:26,605 DEBUG [47274] [] MenuForm: is exist
2022-03-17 12:28:26,605 DEBUG [47274] [] MenuForm: form value set 
2022-03-17 12:28:26,606 DEBUG [47274] [] ------------------------------/eccadmin_dev/Menu
2022-03-17 12:28:26,606 DEBUG [47274] [] ------------------------------login_start_check
2022-03-17 12:28:26,606 DEBUG [47274] [] indexAction start
2022-03-17 12:28:26,606 DEBUG [47274] [] admin_no is 1
2022-03-17 12:28:26,655 DEBUG [47274] [] indexAction end
2022-03-17 12:28:26,655 DEBUG [47274] [] MenuController end
2022-03-17 12:28:26,655 DEBUG [47274] [] finally
2022-03-17 12:28:29,816 DEBUG [47274] [] Request URI : /eccadmin_dev/CourseContractList
2022-03-17 12:28:29,817 DEBUG [47274] [] CourseContractListController start
2022-03-17 12:28:29,817 DEBUG [47274] [] controllers/CourseContractListController.php: is exist
2022-03-17 12:28:29,818 DEBUG [47274] [] CourseContractListForm: is exist
2022-03-17 12:28:29,819 DEBUG [47274] [] CourseContractListForm: form value set 
2022-03-17 12:28:29,819 DEBUG [47274] [] ------------------------------/eccadmin_dev/CourseContractList
2022-03-17 12:28:29,819 DEBUG [47274] [] indexAction start
2022-03-17 12:28:29,819 DEBUG [47274] [] admin_no is 1
2022-03-17 12:28:29,931 DEBUG [47274] [] indexAction end
2022-03-17 12:28:29,931 DEBUG [47274] [] CourseContractListController end
2022-03-17 12:28:29,932 DEBUG [47274] [] finally
2022-03-17 12:28:40,497 DEBUG [47210] [] Request URI : /eccadmin_dev/CourseContractRegist/index
2022-03-17 12:28:40,498 DEBUG [47210] [] CourseContractRegistController start
2022-03-17 12:28:40,498 DEBUG [47210] [] controllers/CourseContractRegistController.php: is exist
2022-03-17 12:28:40,500 DEBUG [47210] [] CourseContractRegistForm: is exist
2022-03-17 12:28:40,500 DEBUG [47210] [] CourseContractRegistForm: form value set 
2022-03-17 12:28:40,501 DEBUG [47210] [] ------------------------------/eccadmin_dev/CourseContractRegist/index
2022-03-17 12:28:40,501 DEBUG [47210] [] ------------------------------session_check_true
2022-03-17 12:28:40,501 DEBUG [47210] [] indexAction start
2022-03-17 12:28:40,501 DEBUG [47210] [] admin_no is 1
2022-03-17 12:28:40,570 DEBUG [47210] [] indexAction end
2022-03-17 12:28:40,570 DEBUG [47210] [] CourseContractRegistController end
2022-03-17 12:28:40,570 DEBUG [47210] [] finally
2022-03-17 12:28:41,968 DEBUG [47210] [] Request URI : /eccadmin_dev/CourseContractList/search
2022-03-17 12:28:41,969 DEBUG [47210] [] CourseContractListController start
2022-03-17 12:28:41,969 DEBUG [47210] [] controllers/CourseContractListController.php: is exist
2022-03-17 12:28:41,970 DEBUG [47210] [] CourseContractListForm: is exist
2022-03-17 12:28:41,970 DEBUG [47210] [] CourseContractListForm: form value set 
2022-03-17 12:28:41,971 DEBUG [47210] [] ------------------------------/eccadmin_dev/CourseContractList/search
2022-03-17 12:28:41,971 DEBUG [47210] [] searchAction start
2022-03-17 12:28:41,971 DEBUG [47210] [] admin_no is 1
2022-03-17 12:28:42,079 DEBUG [47210] [] searchAction end
2022-03-17 12:28:42,079 DEBUG [47210] [] CourseContractListController end
2022-03-17 12:28:42,079 DEBUG [47210] [] finally
2022-03-17 12:28:45,823 DEBUG [47210] [] Request URI : /eccadmin_dev/CourseContractRegist/index
2022-03-17 12:28:45,823 DEBUG [47210] [] CourseContractRegistController start
2022-03-17 12:28:45,823 DEBUG [47210] [] controllers/CourseContractRegistController.php: is exist
2022-03-17 12:28:45,826 DEBUG [47210] [] CourseContractRegistForm: is exist
2022-03-17 12:28:45,826 DEBUG [47210] [] CourseContractRegistForm: form value set 
2022-03-17 12:28:45,827 DEBUG [47210] [] ------------------------------/eccadmin_dev/CourseContractRegist/index
2022-03-17 12:28:45,827 DEBUG [47210] [] ------------------------------session_check_true
2022-03-17 12:28:45,827 DEBUG [47210] [] indexAction start
2022-03-17 12:28:45,827 DEBUG [47210] [] admin_no is 1
2022-03-17 12:28:45,898 DEBUG [47210] [] indexAction end
2022-03-17 12:28:45,898 DEBUG [47210] [] CourseContractRegistController end
2022-03-17 12:28:45,898 DEBUG [47210] [] finally
2022-03-17 12:28:47,149 DEBUG [47210] [] Request URI : /eccadmin_dev/CourseContractList/search
2022-03-17 12:28:47,150 DEBUG [47210] [] CourseContractListController start
2022-03-17 12:28:47,150 DEBUG [47210] [] controllers/CourseContractListController.php: is exist
2022-03-17 12:28:47,151 DEBUG [47210] [] CourseContractListForm: is exist
2022-03-17 12:28:47,151 DEBUG [47210] [] CourseContractListForm: form value set 
2022-03-17 12:28:47,152 DEBUG [47210] [] ------------------------------/eccadmin_dev/CourseContractList/search
2022-03-17 12:28:47,152 DEBUG [47210] [] searchAction start
2022-03-17 12:28:47,152 DEBUG [47210] [] admin_no is 1
2022-03-17 12:28:47,260 DEBUG [47210] [] searchAction end
2022-03-17 12:28:47,260 DEBUG [47210] [] CourseContractListController end
2022-03-17 12:28:47,260 DEBUG [47210] [] finally
2022-03-17 12:28:59,211 DEBUG [47274] [] Request URI : /eccadmin_dev/CourseContractRegist/index
2022-03-17 12:28:59,212 DEBUG [47274] [] CourseContractRegistController start
2022-03-17 12:28:59,212 DEBUG [47274] [] controllers/CourseContractRegistController.php: is exist
2022-03-17 12:28:59,214 DEBUG [47274] [] CourseContractRegistForm: is exist
2022-03-17 12:28:59,215 DEBUG [47274] [] CourseContractRegistForm: form value set 
2022-03-17 12:28:59,215 DEBUG [47274] [] ------------------------------/eccadmin_dev/CourseContractRegist/index
2022-03-17 12:28:59,215 DEBUG [47274] [] ------------------------------session_check_true
2022-03-17 12:28:59,216 DEBUG [47274] [] indexAction start
2022-03-17 12:28:59,216 DEBUG [47274] [] admin_no is 1
2022-03-17 12:28:59,286 DEBUG [47274] [] indexAction end
2022-03-17 12:28:59,286 DEBUG [47274] [] CourseContractRegistController end
2022-03-17 12:28:59,286 DEBUG [47274] [] finally
2022-03-17 12:29:00,418 DEBUG [47274] [] Request URI : /eccadmin_dev/CourseContractList/search
2022-03-17 12:29:00,419 DEBUG [47274] [] CourseContractListController start
2022-03-17 12:29:00,419 DEBUG [47274] [] controllers/CourseContractListController.php: is exist
2022-03-17 12:29:00,420 DEBUG [47274] [] CourseContractListForm: is exist
2022-03-17 12:29:00,421 DEBUG [47274] [] CourseContractListForm: form value set 
2022-03-17 12:29:00,421 DEBUG [47274] [] ------------------------------/eccadmin_dev/CourseContractList/search
2022-03-17 12:29:00,421 DEBUG [47274] [] searchAction start
2022-03-17 12:29:00,422 DEBUG [47274] [] admin_no is 1
2022-03-17 12:29:00,537 DEBUG [47274] [] searchAction end
2022-03-17 12:29:00,537 DEBUG [47274] [] CourseContractListController end
2022-03-17 12:29:00,537 DEBUG [47274] [] finally
2022-03-17 12:29:04,121 DEBUG [47274] [] Request URI : /eccadmin_dev/CourseContractRegist/index
2022-03-17 12:29:04,121 DEBUG [47274] [] CourseContractRegistController start
2022-03-17 12:29:04,121 DEBUG [47274] [] controllers/CourseContractRegistController.php: is exist
2022-03-17 12:29:04,124 DEBUG [47274] [] CourseContractRegistForm: is exist
2022-03-17 12:29:04,124 DEBUG [47274] [] CourseContractRegistForm: form value set 
2022-03-17 12:29:04,125 DEBUG [47274] [] ------------------------------/eccadmin_dev/CourseContractRegist/index
2022-03-17 12:29:04,125 DEBUG [47274] [] ------------------------------session_check_true
2022-03-17 12:29:04,125 DEBUG [47274] [] indexAction start
2022-03-17 12:29:04,125 DEBUG [47274] [] admin_no is 1
2022-03-17 12:29:04,195 DEBUG [47274] [] indexAction end
2022-03-17 12:29:04,196 DEBUG [47274] [] CourseContractRegistController end
2022-03-17 12:29:04,196 DEBUG [47274] [] finally
2022-03-17 12:29:33,435 DEBUG [47058] [] Request URI : /eccadmin_dev/CourseContractList/search
2022-03-17 12:29:33,436 DEBUG [47058] [] CourseContractListController start
2022-03-17 12:29:33,436 DEBUG [47058] [] controllers/CourseContractListController.php: is exist
2022-03-17 12:29:33,437 DEBUG [47058] [] CourseContractListForm: is exist
2022-03-17 12:29:33,438 DEBUG [47058] [] CourseContractListForm: form value set 
2022-03-17 12:29:33,438 DEBUG [47058] [] ------------------------------/eccadmin_dev/CourseContractList/search
2022-03-17 12:29:33,438 DEBUG [47058] [] searchAction start
2022-03-17 12:29:33,439 DEBUG [47058] [] admin_no is 1
2022-03-17 12:29:33,552 DEBUG [47058] [] searchAction end
2022-03-17 12:29:33,552 DEBUG [47058] [] CourseContractListController end
2022-03-17 12:29:33,552 DEBUG [47058] [] finally
2022-03-17 12:29:37,786 DEBUG [47058] [] Request URI : /eccadmin_dev/CourseContractRegist/index
2022-03-17 12:29:37,787 DEBUG [47058] [] CourseContractRegistController start
2022-03-17 12:29:37,787 DEBUG [47058] [] controllers/CourseContractRegistController.php: is exist
2022-03-17 12:29:37,790 DEBUG [47058] [] CourseContractRegistForm: is exist
2022-03-17 12:29:37,790 DEBUG [47058] [] CourseContractRegistForm: form value set 
2022-03-17 12:29:37,790 DEBUG [47058] [] ------------------------------/eccadmin_dev/CourseContractRegist/index
2022-03-17 12:29:37,791 DEBUG [47058] [] ------------------------------session_check_true
2022-03-17 12:29:37,791 DEBUG [47058] [] indexAction start
2022-03-17 12:29:37,791 DEBUG [47058] [] admin_no is 1
2022-03-17 12:29:37,861 DEBUG [47058] [] indexAction end
2022-03-17 12:29:37,861 DEBUG [47058] [] CourseContractRegistController end
2022-03-17 12:29:37,861 DEBUG [47058] [] finally
2022-03-17 12:29:39,036 DEBUG [47058] [] Request URI : /eccadmin_dev/CourseContractList/search
2022-03-17 12:29:39,036 DEBUG [47058] [] CourseContractListController start
2022-03-17 12:29:39,037 DEBUG [47058] [] controllers/CourseContractListController.php: is exist
2022-03-17 12:29:39,038 DEBUG [47058] [] CourseContractListForm: is exist
2022-03-17 12:29:39,038 DEBUG [47058] [] CourseContractListForm: form value set 
2022-03-17 12:29:39,039 DEBUG [47058] [] ------------------------------/eccadmin_dev/CourseContractList/search
2022-03-17 12:29:39,039 DEBUG [47058] [] searchAction start
2022-03-17 12:29:39,039 DEBUG [47058] [] admin_no is 1
2022-03-17 12:29:39,160 DEBUG [47058] [] searchAction end
2022-03-17 12:29:39,160 DEBUG [47058] [] CourseContractListController end
2022-03-17 12:29:39,160 DEBUG [47058] [] finally
2022-03-17 12:29:47,718 DEBUG [47276] [] Request URI : /eccadmin_dev/CourseContractRegist/index
2022-03-17 12:29:47,719 DEBUG [47276] [] CourseContractRegistController start
2022-03-17 12:29:47,719 DEBUG [47276] [] controllers/CourseContractRegistController.php: is exist
2022-03-17 12:29:47,721 DEBUG [47276] [] CourseContractRegistForm: is exist
2022-03-17 12:29:47,722 DEBUG [47276] [] CourseContractRegistForm: form value set 
2022-03-17 12:29:47,722 DEBUG [47276] [] ------------------------------/eccadmin_dev/CourseContractRegist/index
2022-03-17 12:29:47,722 DEBUG [47276] [] ------------------------------session_check_true
2022-03-17 12:29:47,723 DEBUG [47276] [] indexAction start
2022-03-17 12:29:47,723 DEBUG [47276] [] admin_no is 1
2022-03-17 12:29:47,790 DEBUG [47276] [] indexAction end
2022-03-17 12:29:47,790 DEBUG [47276] [] CourseContractRegistController end
2022-03-17 12:29:47,790 DEBUG [47276] [] finally
2022-03-17 12:29:49,265 DEBUG [47276] [] Request URI : /eccadmin_dev/CourseContractList/search
2022-03-17 12:29:49,265 DEBUG [47276] [] CourseContractListController start
2022-03-17 12:29:49,265 DEBUG [47276] [] controllers/CourseContractListController.php: is exist
2022-03-17 12:29:49,267 DEBUG [47276] [] CourseContractListForm: is exist
2022-03-17 12:29:49,267 DEBUG [47276] [] CourseContractListForm: form value set 
2022-03-17 12:29:49,267 DEBUG [47276] [] ------------------------------/eccadmin_dev/CourseContractList/search
2022-03-17 12:29:49,268 DEBUG [47276] [] searchAction start
2022-03-17 12:29:49,268 DEBUG [47276] [] admin_no is 1
2022-03-17 12:29:49,385 DEBUG [47276] [] searchAction end
2022-03-17 12:29:49,385 DEBUG [47276] [] CourseContractListController end
2022-03-17 12:29:49,385 DEBUG [47276] [] finally
2022-03-17 12:32:17,901 DEBUG [47274] [] Request URI : /eccadmin_dev/CourseContractList
2022-03-17 12:32:17,902 DEBUG [47274] [] CourseContractListController start
2022-03-17 12:32:17,902 DEBUG [47274] [] controllers/CourseContractListController.php: is exist
2022-03-17 12:32:17,903 DEBUG [47274] [] CourseContractListForm: is exist
2022-03-17 12:32:17,903 DEBUG [47274] [] CourseContractListForm: form value set 
2022-03-17 12:32:17,904 DEBUG [47274] [] ------------------------------/eccadmin_dev/CourseContractList
2022-03-17 12:32:17,904 DEBUG [47274] [] indexAction start
2022-03-17 12:32:17,904 DEBUG [47274] [] admin_no is 1
2022-03-17 12:32:18,011 DEBUG [47274] [] indexAction end
2022-03-17 12:32:18,011 DEBUG [47274] [] CourseContractListController end
2022-03-17 12:32:18,011 DEBUG [47274] [] finally
2022-03-17 12:32:24,598 DEBUG [47227] [] Request URI : /eccadmin_dev/CourseContractRegist/index
2022-03-17 12:32:24,599 DEBUG [47227] [] CourseContractRegistController start
2022-03-17 12:32:24,599 DEBUG [47227] [] controllers/CourseContractRegistController.php: is exist
2022-03-17 12:32:24,601 DEBUG [47227] [] CourseContractRegistForm: is exist
2022-03-17 12:32:24,602 DEBUG [47227] [] CourseContractRegistForm: form value set 
2022-03-17 12:32:24,602 DEBUG [47227] [] ------------------------------/eccadmin_dev/CourseContractRegist/index
2022-03-17 12:32:24,602 DEBUG [47227] [] ------------------------------session_check_true
2022-03-17 12:32:24,603 DEBUG [47227] [] indexAction start
2022-03-17 12:32:24,603 DEBUG [47227] [] admin_no is 1
2022-03-17 12:32:24,671 DEBUG [47227] [] indexAction end
2022-03-17 12:32:24,671 DEBUG [47227] [] CourseContractRegistController end
2022-03-17 12:32:24,671 DEBUG [47227] [] finally
2022-03-17 12:32:26,274 DEBUG [47227] [] Request URI : /eccadmin_dev/CourseContractList/search
2022-03-17 12:32:26,275 DEBUG [47227] [] CourseContractListController start
2022-03-17 12:32:26,275 DEBUG [47227] [] controllers/CourseContractListController.php: is exist
2022-03-17 12:32:26,276 DEBUG [47227] [] CourseContractListForm: is exist
2022-03-17 12:32:26,276 DEBUG [47227] [] CourseContractListForm: form value set 
2022-03-17 12:32:26,277 DEBUG [47227] [] ------------------------------/eccadmin_dev/CourseContractList/search
2022-03-17 12:32:26,277 DEBUG [47227] [] searchAction start
2022-03-17 12:32:26,277 DEBUG [47227] [] admin_no is 1
2022-03-17 12:32:26,381 DEBUG [47227] [] searchAction end
2022-03-17 12:32:26,381 DEBUG [47227] [] CourseContractListController end
2022-03-17 12:32:26,382 DEBUG [47227] [] finally
2022-03-17 12:32:34,075 DEBUG [47276] [] Request URI : /eccadmin_dev/CourseContractRegist/index
2022-03-17 12:32:34,076 DEBUG [47276] [] CourseContractRegistController start
2022-03-17 12:32:34,076 DEBUG [47276] [] controllers/CourseContractRegistController.php: is exist
2022-03-17 12:32:34,078 DEBUG [47276] [] CourseContractRegistForm: is exist
2022-03-17 12:32:34,079 DEBUG [47276] [] CourseContractRegistForm: form value set 
2022-03-17 12:32:34,079 DEBUG [47276] [] ------------------------------/eccadmin_dev/CourseContractRegist/index
2022-03-17 12:32:34,079 DEBUG [47276] [] ------------------------------session_check_true
2022-03-17 12:32:34,080 DEBUG [47276] [] indexAction start
2022-03-17 12:32:34,080 DEBUG [47276] [] admin_no is 1
2022-03-17 12:32:34,151 DEBUG [47276] [] indexAction end
2022-03-17 12:32:34,151 DEBUG [47276] [] CourseContractRegistController end
2022-03-17 12:32:34,152 DEBUG [47276] [] finally
2022-03-17 12:32:35,757 DEBUG [47276] [] Request URI : /eccadmin_dev/CourseContractList/search
2022-03-17 12:32:35,758 DEBUG [47276] [] CourseContractListController start
2022-03-17 12:32:35,758 DEBUG [47276] [] controllers/CourseContractListController.php: is exist
2022-03-17 12:32:35,759 DEBUG [47276] [] CourseContractListForm: is exist
2022-03-17 12:32:35,759 DEBUG [47276] [] CourseContractListForm: form value set 
2022-03-17 12:32:35,760 DEBUG [47276] [] ------------------------------/eccadmin_dev/CourseContractList/search
2022-03-17 12:32:35,760 DEBUG [47276] [] searchAction start
2022-03-17 12:32:35,760 DEBUG [47276] [] admin_no is 1
2022-03-17 12:32:35,877 DEBUG [47276] [] searchAction end
2022-03-17 12:32:35,877 DEBUG [47276] [] CourseContractListController end
2022-03-17 12:32:35,878 DEBUG [47276] [] finally
2022-03-17 12:36:01,621 DEBUG [47274] [] Request URI : /eccadmin_dev/CourseContractList
2022-03-17 12:36:01,622 DEBUG [47274] [] CourseContractListController start
2022-03-17 12:36:01,622 DEBUG [47274] [] controllers/CourseContractListController.php: is exist
2022-03-17 12:36:01,623 DEBUG [47274] [] CourseContractListForm: is exist
2022-03-17 12:36:01,623 DEBUG [47274] [] CourseContractListForm: form value set 
2022-03-17 12:36:01,624 DEBUG [47274] [] ------------------------------/eccadmin_dev/CourseContractList
2022-03-17 12:36:01,624 DEBUG [47274] [] indexAction start
2022-03-17 12:36:01,624 DEBUG [47274] [] admin_no is 1
2022-03-17 12:36:01,740 DEBUG [47274] [] indexAction end
2022-03-17 12:36:01,740 DEBUG [47274] [] CourseContractListController end
2022-03-17 12:36:01,740 DEBUG [47274] [] finally
2022-03-17 12:36:08,870 DEBUG [47538] [] Request URI : /eccadmin_dev/CourseContractList
2022-03-17 12:36:08,874 DEBUG [47538] [] CourseContractListController start
2022-03-17 12:36:08,874 DEBUG [47538] [] controllers/CourseContractListController.php: is exist
2022-03-17 12:36:08,876 DEBUG [47538] [] CourseContractListForm: is exist
2022-03-17 12:36:08,876 DEBUG [47538] [] CourseContractListForm: form value set 
2022-03-17 12:36:08,877 DEBUG [47538] [] ------------------------------/eccadmin_dev/CourseContractList
2022-03-17 12:36:08,877 DEBUG [47538] [] indexAction start
2022-03-17 12:36:08,877 DEBUG [47538] [] admin_no is 1
2022-03-17 12:36:08,991 DEBUG [47538] [] indexAction end
2022-03-17 12:36:08,991 DEBUG [47538] [] CourseContractListController end
2022-03-17 12:36:08,992 DEBUG [47538] [] finally
2022-03-17 12:36:26,519 DEBUG [47564] [] Request URI : /eccadmin_dev/CourseContractList
2022-03-17 12:36:26,523 DEBUG [47564] [] CourseContractListController start
2022-03-17 12:36:26,523 DEBUG [47564] [] controllers/CourseContractListController.php: is exist
2022-03-17 12:36:26,525 DEBUG [47564] [] CourseContractListForm: is exist
2022-03-17 12:36:26,525 DEBUG [47564] [] CourseContractListForm: form value set 
2022-03-17 12:36:26,526 DEBUG [47564] [] ------------------------------/eccadmin_dev/CourseContractList
2022-03-17 12:36:26,526 DEBUG [47564] [] indexAction start
2022-03-17 12:36:26,526 DEBUG [47564] [] admin_no is 1
2022-03-17 12:36:26,646 DEBUG [47564] [] indexAction end
2022-03-17 12:36:26,646 DEBUG [47564] [] CourseContractListController end
2022-03-17 12:36:26,646 DEBUG [47564] [] finally
2022-03-17 12:37:43,323 DEBUG [47539] [] Request URI : /eccadmin_dev/CourseContractList
2022-03-17 12:37:43,324 DEBUG [47539] [] CourseContractListController start
2022-03-17 12:37:43,324 DEBUG [47539] [] controllers/CourseContractListController.php: is exist
2022-03-17 12:37:43,325 DEBUG [47539] [] CourseContractListForm: is exist
2022-03-17 12:37:43,326 DEBUG [47539] [] CourseContractListForm: form value set 
2022-03-17 12:37:43,326 DEBUG [47539] [] ------------------------------/eccadmin_dev/CourseContractList
2022-03-17 12:37:43,327 DEBUG [47539] [] indexAction start
2022-03-17 12:37:43,327 DEBUG [47539] [] admin_no is 1
2022-03-17 12:37:43,437 DEBUG [47539] [] indexAction end
2022-03-17 12:37:43,437 DEBUG [47539] [] CourseContractListController end
2022-03-17 12:37:43,437 DEBUG [47539] [] finally
2022-03-17 12:37:52,227 DEBUG [47537] [] Request URI : /eccadmin_dev/CourseContractRegist/index
2022-03-17 12:37:52,227 DEBUG [47537] [] CourseContractRegistController start
2022-03-17 12:37:52,227 DEBUG [47537] [] controllers/CourseContractRegistController.php: is exist
2022-03-17 12:37:52,230 DEBUG [47537] [] CourseContractRegistForm: is exist
2022-03-17 12:37:52,230 DEBUG [47537] [] CourseContractRegistForm: form value set 
2022-03-17 12:37:52,231 DEBUG [47537] [] ------------------------------/eccadmin_dev/CourseContractRegist/index
2022-03-17 12:37:52,231 DEBUG [47537] [] ------------------------------session_check_true
2022-03-17 12:37:52,231 DEBUG [47537] [] indexAction start
2022-03-17 12:37:52,231 DEBUG [47537] [] admin_no is 1
2022-03-17 12:37:52,303 DEBUG [47537] [] indexAction end
2022-03-17 12:37:52,303 DEBUG [47537] [] CourseContractRegistController end
2022-03-17 12:37:52,304 DEBUG [47537] [] finally
2022-03-17 12:37:53,826 DEBUG [47537] [] Request URI : /eccadmin_dev/CourseContractList/search
2022-03-17 12:37:53,826 DEBUG [47537] [] CourseContractListController start
2022-03-17 12:37:53,827 DEBUG [47537] [] controllers/CourseContractListController.php: is exist
2022-03-17 12:37:53,828 DEBUG [47537] [] CourseContractListForm: is exist
2022-03-17 12:37:53,828 DEBUG [47537] [] CourseContractListForm: form value set 
2022-03-17 12:37:53,829 DEBUG [47537] [] ------------------------------/eccadmin_dev/CourseContractList/search
2022-03-17 12:37:53,829 DEBUG [47537] [] searchAction start
2022-03-17 12:37:53,829 DEBUG [47537] [] admin_no is 1
2022-03-17 12:37:53,937 DEBUG [47537] [] searchAction end
2022-03-17 12:37:53,937 DEBUG [47537] [] CourseContractListController end
2022-03-17 12:37:53,937 DEBUG [47537] [] finally
2022-03-17 12:38:02,825 DEBUG [47538] [] Request URI : /eccadmin_dev/CourseContractRegist/index
2022-03-17 12:38:02,825 DEBUG [47538] [] CourseContractRegistController start
2022-03-17 12:38:02,825 DEBUG [47538] [] controllers/CourseContractRegistController.php: is exist
2022-03-17 12:38:02,827 DEBUG [47538] [] CourseContractRegistForm: is exist
2022-03-17 12:38:02,828 DEBUG [47538] [] CourseContractRegistForm: form value set 
2022-03-17 12:38:02,828 DEBUG [47538] [] ------------------------------/eccadmin_dev/CourseContractRegist/index
2022-03-17 12:38:02,828 DEBUG [47538] [] ------------------------------session_check_true
2022-03-17 12:38:02,828 DEBUG [47538] [] indexAction start
2022-03-17 12:38:02,829 DEBUG [47538] [] admin_no is 1
2022-03-17 12:38:02,902 DEBUG [47538] [] indexAction end
2022-03-17 12:38:02,902 DEBUG [47538] [] CourseContractRegistController end
2022-03-17 12:38:02,902 DEBUG [47538] [] finally
2022-03-17 12:38:04,537 DEBUG [47538] [] Request URI : /eccadmin_dev/CourseContractList/search
2022-03-17 12:38:04,537 DEBUG [47538] [] CourseContractListController start
2022-03-17 12:38:04,538 DEBUG [47538] [] controllers/CourseContractListController.php: is exist
2022-03-17 12:38:04,538 DEBUG [47538] [] CourseContractListForm: is exist
2022-03-17 12:38:04,539 DEBUG [47538] [] CourseContractListForm: form value set 
2022-03-17 12:38:04,539 DEBUG [47538] [] ------------------------------/eccadmin_dev/CourseContractList/search
2022-03-17 12:38:04,539 DEBUG [47538] [] searchAction start
2022-03-17 12:38:04,540 DEBUG [47538] [] admin_no is 1
2022-03-17 12:38:04,649 DEBUG [47538] [] searchAction end
2022-03-17 12:38:04,649 DEBUG [47538] [] CourseContractListController end
2022-03-17 12:38:04,649 DEBUG [47538] [] finally
2022-03-17 12:55:49,731 DEBUG [47227] [] Request URI : /eccadmin_dev/CourseContractList
2022-03-17 12:55:49,732 DEBUG [47227] [] CourseContractListController start
2022-03-17 12:55:49,732 DEBUG [47227] [] controllers/CourseContractListController.php: is exist
2022-03-17 12:55:49,733 DEBUG [47227] [] CourseContractListForm: is exist
2022-03-17 12:55:49,733 DEBUG [47227] [] CourseContractListForm: form value set 
2022-03-17 12:55:49,734 DEBUG [47227] [] ------------------------------/eccadmin_dev/CourseContractList
2022-03-17 12:55:49,734 DEBUG [47227] [] indexAction start
2022-03-17 12:55:49,734 DEBUG [47227] [] admin_no is 1
2022-03-17 12:55:49,848 DEBUG [47227] [] indexAction end
2022-03-17 12:55:49,848 DEBUG [47227] [] CourseContractListController end
2022-03-17 12:55:49,848 DEBUG [47227] [] finally
2022-03-17 13:01:03,477 DEBUG [47978] [] Request URI : /eccadmin_dev/Login
2022-03-17 13:01:03,477 DEBUG [47978] [] LoginController start
2022-03-17 13:01:03,477 DEBUG [47978] [] controllers/LoginController.php: is exist
2022-03-17 13:01:03,478 DEBUG [47978] [] LoginForm: is exist
2022-03-17 13:01:03,478 DEBUG [47978] [] LoginForm: form value set 
2022-03-17 13:01:03,478 DEBUG [47978] [] ------------------------------/eccadmin_dev/Login
2022-03-17 13:01:03,478 DEBUG [47978] [] ------------------------------login_start_check
2022-03-17 13:01:03,479 DEBUG [47978] [] indexAction start
2022-03-17 13:01:03,494 DEBUG [47978] [] indexAction end
2022-03-17 13:01:03,494 DEBUG [47978] [] LoginController end
2022-03-17 13:01:03,495 DEBUG [47978] [] finally
2022-03-17 13:01:03,820 DEBUG [47943] [] Request URI : /eccadmin_dev/Login
2022-03-17 13:01:03,820 DEBUG [47943] [] LoginController start
2022-03-17 13:01:03,820 DEBUG [47943] [] controllers/LoginController.php: is exist
2022-03-17 13:01:03,821 DEBUG [47943] [] LoginForm: is exist
2022-03-17 13:01:03,821 DEBUG [47943] [] LoginForm: form value set 
2022-03-17 13:01:03,821 DEBUG [47943] [] ------------------------------/eccadmin_dev/Login
2022-03-17 13:01:03,821 DEBUG [47943] [] ------------------------------login_start_check
2022-03-17 13:01:03,821 DEBUG [47943] [] indexAction start
2022-03-17 13:01:03,836 DEBUG [47943] [] indexAction end
2022-03-17 13:01:03,836 DEBUG [47943] [] LoginController end
2022-03-17 13:01:03,836 DEBUG [47943] [] finally
2022-03-17 13:09:36,647 DEBUG [48019] [] Request URI : /eccadmin_dev/Login/logout
2022-03-17 13:09:36,647 DEBUG [48019] [] LoginController start
2022-03-17 13:09:36,647 DEBUG [48019] [] controllers/LoginController.php: is exist
2022-03-17 13:09:36,648 DEBUG [48019] [] LoginForm: is exist
2022-03-17 13:09:36,648 DEBUG [48019] [] LoginForm: form value set 
2022-03-17 13:09:36,648 DEBUG [48019] [] ------------------------------/eccadmin_dev/Login/logout
2022-03-17 13:09:36,648 DEBUG [48019] [] ------------------------------login_start_check
2022-03-17 13:09:36,649 DEBUG [48019] [] logoutAction start
2022-03-17 13:09:36,649 DEBUG [48019] [] logoutAction end
2022-03-17 13:09:36,649 DEBUG [48019] [] LoginController end
2022-03-17 13:09:36,649 DEBUG [48019] [] finally
2022-03-17 13:09:36,697 DEBUG [48019] [] Request URI : /eccadmin_dev/Login
2022-03-17 13:09:36,698 DEBUG [48019] [] LoginController start
2022-03-17 13:09:36,698 DEBUG [48019] [] controllers/LoginController.php: is exist
2022-03-17 13:09:36,698 DEBUG [48019] [] LoginForm: is exist
2022-03-17 13:09:36,698 DEBUG [48019] [] LoginForm: form value set 
2022-03-17 13:09:36,698 DEBUG [48019] [] ------------------------------/eccadmin_dev/Login
2022-03-17 13:09:36,699 DEBUG [48019] [] ------------------------------login_start_check
2022-03-17 13:09:36,699 DEBUG [48019] [] indexAction start
2022-03-17 13:09:36,713 DEBUG [48019] [] indexAction end
2022-03-17 13:09:36,713 DEBUG [48019] [] LoginController end
2022-03-17 13:09:36,713 DEBUG [48019] [] finally
2022-03-17 13:18:21,661 DEBUG [48166] [] Request URI : /eccadmin_dev/Login
2022-03-17 13:18:21,661 DEBUG [48166] [] LoginController start
2022-03-17 13:18:21,662 DEBUG [48166] [] controllers/LoginController.php: is exist
2022-03-17 13:18:21,662 DEBUG [48166] [] LoginForm: is exist
2022-03-17 13:18:21,662 DEBUG [48166] [] LoginForm: form value set 
2022-03-17 13:18:21,663 DEBUG [48166] [] ------------------------------/eccadmin_dev/Login
2022-03-17 13:18:21,663 DEBUG [48166] [] ------------------------------login_start_check
2022-03-17 13:18:21,663 DEBUG [48166] [] indexAction start
2022-03-17 13:18:21,678 DEBUG [48166] [] indexAction end
2022-03-17 13:18:21,679 DEBUG [48166] [] LoginController end
2022-03-17 13:18:21,679 DEBUG [48166] [] finally
2022-03-17 13:18:25,189 DEBUG [48166] [] Request URI : /eccadmin_dev/Login/login
2022-03-17 13:18:25,189 DEBUG [48166] [] LoginController start
2022-03-17 13:18:25,189 DEBUG [48166] [] controllers/LoginController.php: is exist
2022-03-17 13:18:25,190 DEBUG [48166] [] LoginForm: is exist
2022-03-17 13:18:25,190 DEBUG [48166] [] LoginForm: form value set 
2022-03-17 13:18:25,190 DEBUG [48166] [] ------------------------------/eccadmin_dev/Login/login
2022-03-17 13:18:25,190 DEBUG [48166] [] ------------------------------login_start_check
2022-03-17 13:18:25,191 DEBUG [48166] [] loginAction start
2022-03-17 13:18:25,507 DEBUG [48166] [] loginAction end
2022-03-17 13:18:25,507 DEBUG [48166] [] LoginController end
2022-03-17 13:18:25,507 DEBUG [48166] [] finally
2022-03-17 13:18:25,534 DEBUG [48166] [] Request URI : /eccadmin_dev/Menu
2022-03-17 13:18:25,535 DEBUG [48166] [] MenuController start
2022-03-17 13:18:25,535 DEBUG [48166] [] controllers/MenuController.php: is exist
2022-03-17 13:18:25,535 DEBUG [48166] [] MenuForm: is exist
2022-03-17 13:18:25,535 DEBUG [48166] [] MenuForm: form value set 
2022-03-17 13:18:25,536 DEBUG [48166] [] ------------------------------/eccadmin_dev/Menu
2022-03-17 13:18:25,536 DEBUG [48166] [] ------------------------------login_start_check
2022-03-17 13:18:25,536 DEBUG [48166] [] indexAction start
2022-03-17 13:18:25,536 DEBUG [48166] [] admin_no is 1
2022-03-17 13:18:25,587 DEBUG [48166] [] indexAction end
2022-03-17 13:18:25,587 DEBUG [48166] [] MenuController end
2022-03-17 13:18:25,587 DEBUG [48166] [] finally
2022-03-17 13:18:28,060 DEBUG [48166] [] Request URI : /eccadmin_dev/CourseContractList
2022-03-17 13:18:28,061 DEBUG [48166] [] CourseContractListController start
2022-03-17 13:18:28,061 DEBUG [48166] [] controllers/CourseContractListController.php: is exist
2022-03-17 13:18:28,062 DEBUG [48166] [] CourseContractListForm: is exist
2022-03-17 13:18:28,063 DEBUG [48166] [] CourseContractListForm: form value set 
2022-03-17 13:18:28,063 DEBUG [48166] [] ------------------------------/eccadmin_dev/CourseContractList
2022-03-17 13:18:28,063 DEBUG [48166] [] indexAction start
2022-03-17 13:18:28,064 DEBUG [48166] [] admin_no is 1
2022-03-17 13:18:28,186 DEBUG [48166] [] indexAction end
2022-03-17 13:18:28,186 DEBUG [48166] [] CourseContractListController end
2022-03-17 13:18:28,186 DEBUG [48166] [] finally
2022-03-17 13:18:34,932 DEBUG [48161] [] Request URI : /eccadmin_dev/CourseContractRegist/index
2022-03-17 13:18:34,936 DEBUG [48161] [] CourseContractRegistController start
2022-03-17 13:18:34,936 DEBUG [48161] [] controllers/CourseContractRegistController.php: is exist
2022-03-17 13:18:34,939 DEBUG [48161] [] CourseContractRegistForm: is exist
2022-03-17 13:18:34,940 DEBUG [48161] [] CourseContractRegistForm: form value set 
2022-03-17 13:18:34,940 DEBUG [48161] [] ------------------------------/eccadmin_dev/CourseContractRegist/index
2022-03-17 13:18:34,940 DEBUG [48161] [] ------------------------------session_check_true
2022-03-17 13:18:34,940 DEBUG [48161] [] indexAction start
2022-03-17 13:18:34,941 DEBUG [48161] [] admin_no is 1
2022-03-17 13:18:35,011 DEBUG [48161] [] indexAction end
2022-03-17 13:18:35,011 DEBUG [48161] [] CourseContractRegistController end
2022-03-17 13:18:35,011 DEBUG [48161] [] finally
2022-03-17 13:18:36,361 DEBUG [48161] [] Request URI : /eccadmin_dev/CourseContractList/search
2022-03-17 13:18:36,361 DEBUG [48161] [] CourseContractListController start
2022-03-17 13:18:36,361 DEBUG [48161] [] controllers/CourseContractListController.php: is exist
2022-03-17 13:18:36,363 DEBUG [48161] [] CourseContractListForm: is exist
2022-03-17 13:18:36,363 DEBUG [48161] [] CourseContractListForm: form value set 
2022-03-17 13:18:36,363 DEBUG [48161] [] ------------------------------/eccadmin_dev/CourseContractList/search
2022-03-17 13:18:36,364 DEBUG [48161] [] searchAction start
2022-03-17 13:18:36,364 DEBUG [48161] [] admin_no is 1
2022-03-17 13:18:36,469 DEBUG [48161] [] searchAction end
2022-03-17 13:18:36,469 DEBUG [48161] [] CourseContractListController end
2022-03-17 13:18:36,470 DEBUG [48161] [] finally
2022-03-17 13:33:56,795 DEBUG [48355] [] Request URI : /eccadmin_dev/CourseContractList
2022-03-17 13:33:56,796 DEBUG [48355] [] CourseContractListController start
2022-03-17 13:33:56,796 DEBUG [48355] [] controllers/CourseContractListController.php: is exist
2022-03-17 13:33:56,797 DEBUG [48355] [] CourseContractListForm: is exist
2022-03-17 13:33:56,798 DEBUG [48355] [] CourseContractListForm: form value set 
2022-03-17 13:33:56,798 DEBUG [48355] [] ------------------------------/eccadmin_dev/CourseContractList
2022-03-17 13:33:56,798 DEBUG [48355] [] indexAction start
2022-03-17 13:33:56,799 DEBUG [48355] [] admin_no is 1
2022-03-17 13:33:56,904 DEBUG [48355] [] indexAction end
2022-03-17 13:33:56,904 DEBUG [48355] [] CourseContractListController end
2022-03-17 13:33:56,904 DEBUG [48355] [] finally
2022-03-17 13:34:01,713 DEBUG [48355] [] Request URI : /eccadmin_dev/Login/logout
2022-03-17 13:34:01,713 DEBUG [48355] [] LoginController start
2022-03-17 13:34:01,713 DEBUG [48355] [] controllers/LoginController.php: is exist
2022-03-17 13:34:01,714 DEBUG [48355] [] LoginForm: is exist
2022-03-17 13:34:01,714 DEBUG [48355] [] LoginForm: form value set 
2022-03-17 13:34:01,714 DEBUG [48355] [] ------------------------------/eccadmin_dev/Login/logout
2022-03-17 13:34:01,714 DEBUG [48355] [] ------------------------------login_start_check
2022-03-17 13:34:01,715 DEBUG [48355] [] logoutAction start
2022-03-17 13:34:01,715 DEBUG [48355] [] logoutAction end
2022-03-17 13:34:01,715 DEBUG [48355] [] LoginController end
2022-03-17 13:34:01,715 DEBUG [48355] [] finally
2022-03-17 13:34:01,741 DEBUG [48355] [] Request URI : /eccadmin_dev/Login
2022-03-17 13:34:01,741 DEBUG [48355] [] LoginController start
2022-03-17 13:34:01,741 DEBUG [48355] [] controllers/LoginController.php: is exist
2022-03-17 13:34:01,742 DEBUG [48355] [] LoginForm: is exist
2022-03-17 13:34:01,742 DEBUG [48355] [] LoginForm: form value set 
2022-03-17 13:34:01,742 DEBUG [48355] [] ------------------------------/eccadmin_dev/Login
2022-03-17 13:34:01,742 DEBUG [48355] [] ------------------------------login_start_check
2022-03-17 13:34:01,742 DEBUG [48355] [] indexAction start
2022-03-17 13:34:01,756 DEBUG [48355] [] indexAction end
2022-03-17 13:34:01,756 DEBUG [48355] [] LoginController end
2022-03-17 13:34:01,757 DEBUG [48355] [] finally
2022-03-17 14:51:40,630 DEBUG [49196] [] Request URI : /eccadmin_dev/Login
2022-03-17 14:51:40,630 DEBUG [49196] [] LoginController start
2022-03-17 14:51:40,630 DEBUG [49196] [] controllers/LoginController.php: is exist
2022-03-17 14:51:40,631 DEBUG [49196] [] LoginForm: is exist
2022-03-17 14:51:40,631 DEBUG [49196] [] LoginForm: form value set 
2022-03-17 14:51:40,631 DEBUG [49196] [] ------------------------------/eccadmin_dev/Login
2022-03-17 14:51:40,632 DEBUG [49196] [] ------------------------------login_start_check
2022-03-17 14:51:40,632 DEBUG [49196] [] indexAction start
2022-03-17 14:51:40,647 DEBUG [49196] [] indexAction end
2022-03-17 14:51:40,647 DEBUG [49196] [] LoginController end
2022-03-17 14:51:40,648 DEBUG [49196] [] finally
2022-03-17 14:58:38,332 DEBUG [49423] [] Request URI : /eccadmin_dev/Login
2022-03-17 14:58:38,333 DEBUG [49423] [] LoginController start
2022-03-17 14:58:38,333 DEBUG [49423] [] controllers/LoginController.php: is exist
2022-03-17 14:58:38,333 DEBUG [49423] [] LoginForm: is exist
2022-03-17 14:58:38,334 DEBUG [49423] [] LoginForm: form value set 
2022-03-17 14:58:38,334 DEBUG [49423] [] ------------------------------/eccadmin_dev/Login
2022-03-17 14:58:38,334 DEBUG [49423] [] ------------------------------login_start_check
2022-03-17 14:58:38,334 DEBUG [49423] [] indexAction start
2022-03-17 14:58:38,350 DEBUG [49423] [] indexAction end
2022-03-17 14:58:38,350 DEBUG [49423] [] LoginController end
2022-03-17 14:58:38,350 DEBUG [49423] [] finally
2022-03-17 16:25:02,135 DEBUG [52211] [] Request URI : /eccadmin_dev/Login
2022-03-17 16:25:02,136 DEBUG [52211] [] LoginController start
2022-03-17 16:25:02,136 DEBUG [52211] [] controllers/LoginController.php: is exist
2022-03-17 16:25:02,136 DEBUG [52211] [] LoginForm: is exist
2022-03-17 16:25:02,136 DEBUG [52211] [] LoginForm: form value set 
2022-03-17 16:25:02,137 DEBUG [52211] [] ------------------------------/eccadmin_dev/Login
2022-03-17 16:25:02,137 DEBUG [52211] [] ------------------------------login_start_check
2022-03-17 16:25:02,137 DEBUG [52211] [] indexAction start
2022-03-17 16:25:02,152 DEBUG [52211] [] indexAction end
2022-03-17 16:25:02,152 DEBUG [52211] [] LoginController end
2022-03-17 16:25:02,152 DEBUG [52211] [] finally
2022-03-17 16:26:07,220 DEBUG [52247] [] Request URI : /eccadmin_dev/Login/login
2022-03-17 16:26:07,221 DEBUG [52247] [] LoginController start
2022-03-17 16:26:07,221 DEBUG [52247] [] controllers/LoginController.php: is exist
2022-03-17 16:26:07,222 DEBUG [52247] [] LoginForm: is exist
2022-03-17 16:26:07,222 DEBUG [52247] [] LoginForm: form value set 
2022-03-17 16:26:07,222 DEBUG [52247] [] ------------------------------/eccadmin_dev/Login/login
2022-03-17 16:26:07,222 DEBUG [52247] [] ------------------------------login_start_check
2022-03-17 16:26:07,222 DEBUG [52247] [] loginAction start
2022-03-17 16:26:07,520 DEBUG [52247] [] loginAction end
2022-03-17 16:26:07,520 DEBUG [52247] [] LoginController end
2022-03-17 16:26:07,520 DEBUG [52247] [] finally
2022-03-17 16:26:07,554 DEBUG [52247] [] Request URI : /eccadmin_dev/Menu
2022-03-17 16:26:07,554 DEBUG [52247] [] MenuController start
2022-03-17 16:26:07,554 DEBUG [52247] [] controllers/MenuController.php: is exist
2022-03-17 16:26:07,554 DEBUG [52247] [] MenuForm: is exist
2022-03-17 16:26:07,554 DEBUG [52247] [] MenuForm: form value set 
2022-03-17 16:26:07,555 DEBUG [52247] [] ------------------------------/eccadmin_dev/Menu
2022-03-17 16:26:07,555 DEBUG [52247] [] ------------------------------login_start_check
2022-03-17 16:26:07,555 DEBUG [52247] [] indexAction start
2022-03-17 16:26:07,555 DEBUG [52247] [] admin_no is 1
2022-03-17 16:26:07,582 DEBUG [52247] [] indexAction end
2022-03-17 16:26:07,582 DEBUG [52247] [] MenuController end
2022-03-17 16:26:07,582 DEBUG [52247] [] finally
2022-03-17 16:26:29,262 DEBUG [52370] [] Request URI : /eccadmin_dev/CourseContractList
2022-03-17 16:26:29,263 DEBUG [52370] [] CourseContractListController start
2022-03-17 16:26:29,263 DEBUG [52370] [] controllers/CourseContractListController.php: is exist
2022-03-17 16:26:29,264 DEBUG [52370] [] CourseContractListForm: is exist
2022-03-17 16:26:29,265 DEBUG [52370] [] CourseContractListForm: form value set 
2022-03-17 16:26:29,265 DEBUG [52370] [] ------------------------------/eccadmin_dev/CourseContractList
2022-03-17 16:26:29,265 DEBUG [52370] [] indexAction start
2022-03-17 16:26:29,265 DEBUG [52370] [] admin_no is 1
2022-03-17 16:26:29,371 DEBUG [52370] [] indexAction end
2022-03-17 16:26:29,371 DEBUG [52370] [] CourseContractListController end
2022-03-17 16:26:29,371 DEBUG [52370] [] finally
2022-03-17 16:26:31,812 DEBUG [52370] [] Request URI : /eccadmin_dev/CourseContractRegist/index
2022-03-17 16:26:31,812 DEBUG [52370] [] CourseContractRegistController start
2022-03-17 16:26:31,812 DEBUG [52370] [] controllers/CourseContractRegistController.php: is exist
2022-03-17 16:26:31,815 DEBUG [52370] [] CourseContractRegistForm: is exist
2022-03-17 16:26:31,815 DEBUG [52370] [] CourseContractRegistForm: form value set 
2022-03-17 16:26:31,816 DEBUG [52370] [] ------------------------------/eccadmin_dev/CourseContractRegist/index
2022-03-17 16:26:31,816 DEBUG [52370] [] ------------------------------session_check_true
2022-03-17 16:26:31,816 DEBUG [52370] [] indexAction start
2022-03-17 16:26:31,816 DEBUG [52370] [] admin_no is 1
2022-03-17 16:26:31,887 DEBUG [52370] [] indexAction end
2022-03-17 16:26:31,887 DEBUG [52370] [] CourseContractRegistController end
2022-03-17 16:26:31,887 DEBUG [52370] [] finally
2022-03-17 16:26:34,059 DEBUG [52370] [] Request URI : /eccadmin_dev/CourseContractList/search
2022-03-17 16:26:34,060 DEBUG [52370] [] CourseContractListController start
2022-03-17 16:26:34,060 DEBUG [52370] [] controllers/CourseContractListController.php: is exist
2022-03-17 16:26:34,061 DEBUG [52370] [] CourseContractListForm: is exist
2022-03-17 16:26:34,061 DEBUG [52370] [] CourseContractListForm: form value set 
2022-03-17 16:26:34,062 DEBUG [52370] [] ------------------------------/eccadmin_dev/CourseContractList/search
2022-03-17 16:26:34,062 DEBUG [52370] [] searchAction start
2022-03-17 16:26:34,062 DEBUG [52370] [] admin_no is 1
2022-03-17 16:26:34,174 DEBUG [52370] [] searchAction end
2022-03-17 16:26:34,174 DEBUG [52370] [] CourseContractListController end
2022-03-17 16:26:34,174 DEBUG [52370] [] finally
2022-03-17 16:26:38,673 DEBUG [52370] [] Request URI : /eccadmin_dev/CourseContractRegist/index
2022-03-17 16:26:38,674 DEBUG [52370] [] CourseContractRegistController start
2022-03-17 16:26:38,674 DEBUG [52370] [] controllers/CourseContractRegistController.php: is exist
2022-03-17 16:26:38,677 DEBUG [52370] [] CourseContractRegistForm: is exist
2022-03-17 16:26:38,677 DEBUG [52370] [] CourseContractRegistForm: form value set 
2022-03-17 16:26:38,677 DEBUG [52370] [] ------------------------------/eccadmin_dev/CourseContractRegist/index
2022-03-17 16:26:38,678 DEBUG [52370] [] ------------------------------session_check_true
2022-03-17 16:26:38,678 DEBUG [52370] [] indexAction start
2022-03-17 16:26:38,678 DEBUG [52370] [] admin_no is 1
2022-03-17 16:26:38,749 DEBUG [52370] [] indexAction end
2022-03-17 16:26:38,749 DEBUG [52370] [] CourseContractRegistController end
2022-03-17 16:26:38,750 DEBUG [52370] [] finally
2022-03-17 16:26:41,875 DEBUG [52370] [] Request URI : /eccadmin_dev/CourseStudentRegist/index
2022-03-17 16:26:41,876 DEBUG [52370] [] CourseStudentRegistController start
2022-03-17 16:26:41,876 DEBUG [52370] [] controllers/CourseStudentRegistController.php: is exist
2022-03-17 16:26:41,878 DEBUG [52370] [] CourseStudentRegistForm: is exist
2022-03-17 16:26:41,878 DEBUG [52370] [] CourseStudentRegistForm: form value set 
2022-03-17 16:26:41,879 DEBUG [52370] [] ------------------------------/eccadmin_dev/CourseStudentRegist/index
2022-03-17 16:26:41,879 DEBUG [52370] [] ------------------------------session_check_true
2022-03-17 16:26:41,879 DEBUG [52370] [] indexAction start
2022-03-17 16:26:41,879 DEBUG [52370] [] admin_no is 1
2022-03-17 16:26:41,955 DEBUG [52370] [] indexAction end
2022-03-17 16:26:41,955 DEBUG [52370] [] CourseStudentRegistController end
2022-03-17 16:26:41,955 DEBUG [52370] [] finally
2022-03-17 16:46:51,523 DEBUG [52906] [] Request URI : /eccadmin_dev/Login
2022-03-17 16:46:51,524 DEBUG [52906] [] LoginController start
2022-03-17 16:46:51,524 DEBUG [52906] [] controllers/LoginController.php: is exist
2022-03-17 16:46:51,524 DEBUG [52906] [] LoginForm: is exist
2022-03-17 16:46:51,524 DEBUG [52906] [] LoginForm: form value set 
2022-03-17 16:46:51,525 DEBUG [52906] [] ------------------------------/eccadmin_dev/Login
2022-03-17 16:46:51,525 DEBUG [52906] [] ------------------------------login_start_check
2022-03-17 16:46:51,525 DEBUG [52906] [] indexAction start
2022-03-17 16:46:51,539 DEBUG [52906] [] indexAction end
2022-03-17 16:46:51,540 DEBUG [52906] [] LoginController end
2022-03-17 16:46:51,540 DEBUG [52906] [] finally
2022-03-17 16:51:12,702 DEBUG [52881] [] Request URI : /eccadmin_dev/Login/login
2022-03-17 16:51:12,703 DEBUG [52881] [] LoginController start
2022-03-17 16:51:12,703 DEBUG [52881] [] controllers/LoginController.php: is exist
2022-03-17 16:51:12,703 DEBUG [52881] [] LoginForm: is exist
2022-03-17 16:51:12,703 DEBUG [52881] [] LoginForm: form value set 
2022-03-17 16:51:12,704 DEBUG [52881] [] ------------------------------/eccadmin_dev/Login/login
2022-03-17 16:51:12,704 DEBUG [52881] [] ------------------------------login_start_check
2022-03-17 16:51:12,704 DEBUG [52881] [] loginAction start
2022-03-17 16:51:12,998 DEBUG [52881] [] loginAction end
2022-03-17 16:51:12,998 DEBUG [52881] [] LoginController end
2022-03-17 16:51:12,998 DEBUG [52881] [] finally
2022-03-17 16:51:13,038 DEBUG [52881] [] Request URI : /eccadmin_dev/Menu
2022-03-17 16:51:13,038 DEBUG [52881] [] MenuController start
2022-03-17 16:51:13,038 DEBUG [52881] [] controllers/MenuController.php: is exist
2022-03-17 16:51:13,039 DEBUG [52881] [] MenuForm: is exist
2022-03-17 16:51:13,039 DEBUG [52881] [] MenuForm: form value set 
2022-03-17 16:51:13,039 DEBUG [52881] [] ------------------------------/eccadmin_dev/Menu
2022-03-17 16:51:13,039 DEBUG [52881] [] ------------------------------login_start_check
2022-03-17 16:51:13,039 DEBUG [52881] [] indexAction start
2022-03-17 16:51:13,040 DEBUG [52881] [] admin_no is 1
2022-03-17 16:51:13,083 DEBUG [52881] [] indexAction end
2022-03-17 16:51:13,084 DEBUG [52881] [] MenuController end
2022-03-17 16:51:13,084 DEBUG [52881] [] finally
2022-03-17 16:52:27,635 DEBUG [53090] [] Request URI : /eccadmin_dev/CourseContractList
2022-03-17 16:52:27,638 DEBUG [53090] [] CourseContractListController start
2022-03-17 16:52:27,638 DEBUG [53090] [] controllers/CourseContractListController.php: is exist
2022-03-17 16:52:27,640 DEBUG [53090] [] CourseContractListForm: is exist
2022-03-17 16:52:27,640 DEBUG [53090] [] CourseContractListForm: form value set 
2022-03-17 16:52:27,641 DEBUG [53090] [] ------------------------------/eccadmin_dev/CourseContractList
2022-03-17 16:52:27,641 DEBUG [53090] [] indexAction start
2022-03-17 16:52:27,641 DEBUG [53090] [] admin_no is 1
2022-03-17 16:52:27,736 DEBUG [53090] [] indexAction end
2022-03-17 16:52:27,736 DEBUG [53090] [] CourseContractListController end
2022-03-17 16:52:27,737 DEBUG [53090] [] finally
2022-03-17 16:52:32,437 DEBUG [53090] [] Request URI : /eccadmin_dev/CourseContractRegist/index
2022-03-17 16:52:32,438 DEBUG [53090] [] CourseContractRegistController start
2022-03-17 16:52:32,438 DEBUG [53090] [] controllers/CourseContractRegistController.php: is exist
2022-03-17 16:52:32,440 DEBUG [53090] [] CourseContractRegistForm: is exist
2022-03-17 16:52:32,441 DEBUG [53090] [] CourseContractRegistForm: form value set 
2022-03-17 16:52:32,441 DEBUG [53090] [] ------------------------------/eccadmin_dev/CourseContractRegist/index
2022-03-17 16:52:32,441 DEBUG [53090] [] ------------------------------session_check_true
2022-03-17 16:52:32,441 DEBUG [53090] [] indexAction start
2022-03-17 16:52:32,441 DEBUG [53090] [] admin_no is 1
2022-03-17 16:52:32,514 DEBUG [53090] [] indexAction end
2022-03-17 16:52:32,514 DEBUG [53090] [] CourseContractRegistController end
2022-03-17 16:52:32,514 DEBUG [53090] [] finally
2022-03-17 16:52:34,209 DEBUG [53090] [] Request URI : /eccadmin_dev/CourseStudentRegist/index
2022-03-17 16:52:34,210 DEBUG [53090] [] CourseStudentRegistController start
2022-03-17 16:52:34,210 DEBUG [53090] [] controllers/CourseStudentRegistController.php: is exist
2022-03-17 16:52:34,212 DEBUG [53090] [] CourseStudentRegistForm: is exist
2022-03-17 16:52:34,212 DEBUG [53090] [] CourseStudentRegistForm: form value set 
2022-03-17 16:52:34,213 DEBUG [53090] [] ------------------------------/eccadmin_dev/CourseStudentRegist/index
2022-03-17 16:52:34,213 DEBUG [53090] [] ------------------------------session_check_true
2022-03-17 16:52:34,213 DEBUG [53090] [] indexAction start
2022-03-17 16:52:34,213 DEBUG [53090] [] admin_no is 1
2022-03-17 16:52:34,289 DEBUG [53090] [] indexAction end
2022-03-17 16:52:34,289 DEBUG [53090] [] CourseStudentRegistController end
2022-03-17 16:52:34,290 DEBUG [53090] [] finally
2022-03-17 16:52:36,252 DEBUG [53090] [] Request URI : /eccadmin_dev/CourseContractRegist/index
2022-03-17 16:52:36,252 DEBUG [53090] [] CourseContractRegistController start
2022-03-17 16:52:36,253 DEBUG [53090] [] controllers/CourseContractRegistController.php: is exist
2022-03-17 16:52:36,255 DEBUG [53090] [] CourseContractRegistForm: is exist
2022-03-17 16:52:36,255 DEBUG [53090] [] CourseContractRegistForm: form value set 
2022-03-17 16:52:36,256 DEBUG [53090] [] ------------------------------/eccadmin_dev/CourseContractRegist/index
2022-03-17 16:52:36,256 DEBUG [53090] [] ------------------------------session_check_true
2022-03-17 16:52:36,256 DEBUG [53090] [] indexAction start
2022-03-17 16:52:36,256 DEBUG [53090] [] admin_no is 1
2022-03-17 16:52:36,328 DEBUG [53090] [] indexAction end
2022-03-17 16:52:36,328 DEBUG [53090] [] CourseContractRegistController end
2022-03-17 16:52:36,328 DEBUG [53090] [] finally
2022-03-17 16:52:37,305 DEBUG [53090] [] Request URI : /eccadmin_dev/CourseContractList/search
2022-03-17 16:52:37,306 DEBUG [53090] [] CourseContractListController start
2022-03-17 16:52:37,306 DEBUG [53090] [] controllers/CourseContractListController.php: is exist
2022-03-17 16:52:37,307 DEBUG [53090] [] CourseContractListForm: is exist
2022-03-17 16:52:37,308 DEBUG [53090] [] CourseContractListForm: form value set 
2022-03-17 16:52:37,308 DEBUG [53090] [] ------------------------------/eccadmin_dev/CourseContractList/search
2022-03-17 16:52:37,308 DEBUG [53090] [] searchAction start
2022-03-17 16:52:37,308 DEBUG [53090] [] admin_no is 1
2022-03-17 16:52:37,424 DEBUG [53090] [] searchAction end
2022-03-17 16:52:37,424 DEBUG [53090] [] CourseContractListController end
2022-03-17 16:52:37,424 DEBUG [53090] [] finally
2022-03-17 16:53:41,397 DEBUG [52908] [] Request URI : /eccadmin_dev/CourseContractRegist/index
2022-03-17 16:53:41,398 DEBUG [52908] [] CourseContractRegistController start
2022-03-17 16:53:41,398 DEBUG [52908] [] controllers/CourseContractRegistController.php: is exist
2022-03-17 16:53:41,400 DEBUG [52908] [] CourseContractRegistForm: is exist
2022-03-17 16:53:41,401 DEBUG [52908] [] CourseContractRegistForm: form value set 
2022-03-17 16:53:41,401 DEBUG [52908] [] ------------------------------/eccadmin_dev/CourseContractRegist/index
2022-03-17 16:53:41,401 DEBUG [52908] [] ------------------------------session_check_true
2022-03-17 16:53:41,401 DEBUG [52908] [] indexAction start
2022-03-17 16:53:41,402 DEBUG [52908] [] admin_no is 1
2022-03-17 16:53:41,471 DEBUG [52908] [] indexAction end
2022-03-17 16:53:41,471 DEBUG [52908] [] CourseContractRegistController end
2022-03-17 16:53:41,471 DEBUG [52908] [] finally
2022-03-17 17:00:22,029 DEBUG [53253] [] Request URI : /eccadmin_dev/CourseContractList
2022-03-17 17:00:22,030 DEBUG [53253] [] CourseContractListController start
2022-03-17 17:00:22,030 DEBUG [53253] [] controllers/CourseContractListController.php: is exist
2022-03-17 17:00:22,031 DEBUG [53253] [] CourseContractListForm: is exist
2022-03-17 17:00:22,031 DEBUG [53253] [] CourseContractListForm: form value set 
2022-03-17 17:00:22,032 DEBUG [53253] [] ------------------------------/eccadmin_dev/CourseContractList
2022-03-17 17:00:22,032 DEBUG [53253] [] indexAction start
2022-03-17 17:00:22,032 DEBUG [53253] [] admin_no is 1
2022-03-17 17:00:22,140 DEBUG [53253] [] indexAction end
2022-03-17 17:00:22,140 DEBUG [53253] [] CourseContractListController end
2022-03-17 17:00:22,140 DEBUG [53253] [] finally
2022-03-17 17:00:27,934 DEBUG [53106] [] Request URI : /eccadmin_dev/CourseContractRegist/index
2022-03-17 17:00:27,934 DEBUG [53106] [] CourseContractRegistController start
2022-03-17 17:00:27,934 DEBUG [53106] [] controllers/CourseContractRegistController.php: is exist
2022-03-17 17:00:27,935 DEBUG [53106] [] CourseContractRegistForm: is exist
2022-03-17 17:00:27,935 DEBUG [53106] [] CourseContractRegistForm: form value set 
2022-03-17 17:00:27,936 DEBUG [53106] [] ------------------------------/eccadmin_dev/CourseContractRegist/index
2022-03-17 17:00:27,936 DEBUG [53106] [] ------------------------------session_check_true
2022-03-17 17:00:27,936 DEBUG [53106] [] indexAction start
2022-03-17 17:00:27,936 DEBUG [53106] [] admin_no is 1
2022-03-17 17:00:28,011 DEBUG [53106] [] indexAction end
2022-03-17 17:00:28,011 DEBUG [53106] [] CourseContractRegistController end
2022-03-17 17:00:28,011 DEBUG [53106] [] finally
2022-03-17 17:00:29,976 DEBUG [53106] [] Request URI : /eccadmin_dev/CourseStudentRegist/index
2022-03-17 17:00:29,976 DEBUG [53106] [] CourseStudentRegistController start
2022-03-17 17:00:29,976 DEBUG [53106] [] controllers/CourseStudentRegistController.php: is exist
2022-03-17 17:00:29,979 DEBUG [53106] [] CourseStudentRegistForm: is exist
2022-03-17 17:00:29,979 DEBUG [53106] [] CourseStudentRegistForm: form value set 
2022-03-17 17:00:29,980 DEBUG [53106] [] ------------------------------/eccadmin_dev/CourseStudentRegist/index
2022-03-17 17:00:29,980 DEBUG [53106] [] ------------------------------session_check_true
2022-03-17 17:00:29,980 DEBUG [53106] [] indexAction start
2022-03-17 17:00:29,980 DEBUG [53106] [] admin_no is 1
2022-03-17 17:00:30,062 DEBUG [53106] [] indexAction end
2022-03-17 17:00:30,062 DEBUG [53106] [] CourseStudentRegistController end
2022-03-17 17:00:30,062 DEBUG [53106] [] finally
2022-03-17 17:00:33,086 DEBUG [53106] [] Request URI : /eccadmin_dev/CourseContractRegist/index
2022-03-17 17:00:33,087 DEBUG [53106] [] CourseContractRegistController start
2022-03-17 17:00:33,087 DEBUG [53106] [] controllers/CourseContractRegistController.php: is exist
2022-03-17 17:00:33,089 DEBUG [53106] [] CourseContractRegistForm: is exist
2022-03-17 17:00:33,090 DEBUG [53106] [] CourseContractRegistForm: form value set 
2022-03-17 17:00:33,090 DEBUG [53106] [] ------------------------------/eccadmin_dev/CourseContractRegist/index
2022-03-17 17:00:33,090 DEBUG [53106] [] ------------------------------session_check_true
2022-03-17 17:00:33,090 DEBUG [53106] [] indexAction start
2022-03-17 17:00:33,090 DEBUG [53106] [] admin_no is 1
2022-03-17 17:00:33,188 DEBUG [53106] [] indexAction end
2022-03-17 17:00:33,188 DEBUG [53106] [] CourseContractRegistController end
2022-03-17 17:00:33,189 DEBUG [53106] [] finally
2022-03-17 17:01:18,275 DEBUG [53218] [] Request URI : /eccadmin_dev/CourseContractList
2022-03-17 17:01:18,275 DEBUG [53218] [] CourseContractListController start
2022-03-17 17:01:18,276 DEBUG [53218] [] controllers/CourseContractListController.php: is exist
2022-03-17 17:01:18,276 DEBUG [53218] [] CourseContractListForm: is exist
2022-03-17 17:01:18,277 DEBUG [53218] [] CourseContractListForm: form value set 
2022-03-17 17:01:18,277 DEBUG [53218] [] ------------------------------/eccadmin_dev/CourseContractList
2022-03-17 17:01:18,277 DEBUG [53218] [] indexAction start
2022-03-17 17:01:18,277 DEBUG [53218] [] admin_no is 1
2022-03-17 17:01:18,353 DEBUG [53218] [] indexAction end
2022-03-17 17:01:18,353 DEBUG [53218] [] CourseContractListController end
2022-03-17 17:01:18,354 DEBUG [53218] [] finally
2022-03-17 17:01:22,823 DEBUG [53218] [] Request URI : /eccadmin_dev/CourseContractRegist/index
2022-03-17 17:01:22,823 DEBUG [53218] [] CourseContractRegistController start
2022-03-17 17:01:22,823 DEBUG [53218] [] controllers/CourseContractRegistController.php: is exist
2022-03-17 17:01:22,826 DEBUG [53218] [] CourseContractRegistForm: is exist
2022-03-17 17:01:22,826 DEBUG [53218] [] CourseContractRegistForm: form value set 
2022-03-17 17:01:22,827 DEBUG [53218] [] ------------------------------/eccadmin_dev/CourseContractRegist/index
2022-03-17 17:01:22,827 DEBUG [53218] [] ------------------------------session_check_true
2022-03-17 17:01:22,827 DEBUG [53218] [] indexAction start
2022-03-17 17:01:22,827 DEBUG [53218] [] admin_no is 1
2022-03-17 17:01:22,898 DEBUG [53218] [] indexAction end
2022-03-17 17:01:22,898 DEBUG [53218] [] CourseContractRegistController end
2022-03-17 17:01:22,898 DEBUG [53218] [] finally
2022-03-17 17:01:24,688 DEBUG [53218] [] Request URI : /eccadmin_dev/CourseStudentRegist/index
2022-03-17 17:01:24,689 DEBUG [53218] [] CourseStudentRegistController start
2022-03-17 17:01:24,689 DEBUG [53218] [] controllers/CourseStudentRegistController.php: is exist
2022-03-17 17:01:24,691 DEBUG [53218] [] CourseStudentRegistForm: is exist
2022-03-17 17:01:24,692 DEBUG [53218] [] CourseStudentRegistForm: form value set 
2022-03-17 17:01:24,692 DEBUG [53218] [] ------------------------------/eccadmin_dev/CourseStudentRegist/index
2022-03-17 17:01:24,692 DEBUG [53218] [] ------------------------------session_check_true
2022-03-17 17:01:24,692 DEBUG [53218] [] indexAction start
2022-03-17 17:01:24,692 DEBUG [53218] [] admin_no is 1
2022-03-17 17:01:24,767 DEBUG [53218] [] indexAction end
2022-03-17 17:01:24,767 DEBUG [53218] [] CourseStudentRegistController end
2022-03-17 17:01:24,767 DEBUG [53218] [] finally
2022-03-17 17:01:29,565 DEBUG [53218] [] Request URI : /eccadmin_dev/CourseContractRegist/index
2022-03-17 17:01:29,566 DEBUG [53218] [] CourseContractRegistController start
2022-03-17 17:01:29,566 DEBUG [53218] [] controllers/CourseContractRegistController.php: is exist
2022-03-17 17:01:29,568 DEBUG [53218] [] CourseContractRegistForm: is exist
2022-03-17 17:01:29,569 DEBUG [53218] [] CourseContractRegistForm: form value set 
2022-03-17 17:01:29,569 DEBUG [53218] [] ------------------------------/eccadmin_dev/CourseContractRegist/index
2022-03-17 17:01:29,569 DEBUG [53218] [] ------------------------------session_check_true
2022-03-17 17:01:29,570 DEBUG [53218] [] indexAction start
2022-03-17 17:01:29,570 DEBUG [53218] [] admin_no is 1
2022-03-17 17:01:29,640 DEBUG [53218] [] indexAction end
2022-03-17 17:01:29,640 DEBUG [53218] [] CourseContractRegistController end
2022-03-17 17:01:29,640 DEBUG [53218] [] finally
2022-03-17 17:01:34,099 DEBUG [53218] [] Request URI : /eccadmin_dev/CourseContractList/search
2022-03-17 17:01:34,100 DEBUG [53218] [] CourseContractListController start
2022-03-17 17:01:34,100 DEBUG [53218] [] controllers/CourseContractListController.php: is exist
2022-03-17 17:01:34,101 DEBUG [53218] [] CourseContractListForm: is exist
2022-03-17 17:01:34,102 DEBUG [53218] [] CourseContractListForm: form value set 
2022-03-17 17:01:34,102 DEBUG [53218] [] ------------------------------/eccadmin_dev/CourseContractList/search
2022-03-17 17:01:34,102 DEBUG [53218] [] searchAction start
2022-03-17 17:01:34,102 DEBUG [53218] [] admin_no is 1
2022-03-17 17:01:34,213 DEBUG [53218] [] searchAction end
2022-03-17 17:01:34,213 DEBUG [53218] [] CourseContractListController end
2022-03-17 17:01:34,213 DEBUG [53218] [] finally
2022-03-17 17:01:38,797 DEBUG [53218] [] Request URI : /eccadmin_dev/CourseContractRegist/index
2022-03-17 17:01:38,798 DEBUG [53218] [] CourseContractRegistController start
2022-03-17 17:01:38,798 DEBUG [53218] [] controllers/CourseContractRegistController.php: is exist
2022-03-17 17:01:38,801 DEBUG [53218] [] CourseContractRegistForm: is exist
2022-03-17 17:01:38,801 DEBUG [53218] [] CourseContractRegistForm: form value set 
2022-03-17 17:01:38,801 DEBUG [53218] [] ------------------------------/eccadmin_dev/CourseContractRegist/index
2022-03-17 17:01:38,802 DEBUG [53218] [] ------------------------------session_check_true
2022-03-17 17:01:38,802 DEBUG [53218] [] indexAction start
2022-03-17 17:01:38,802 DEBUG [53218] [] admin_no is 1
2022-03-17 17:01:38,875 DEBUG [53218] [] indexAction end
2022-03-17 17:01:38,875 DEBUG [53218] [] CourseContractRegistController end
2022-03-17 17:01:38,875 DEBUG [53218] [] finally
2022-03-17 17:07:31,818 DEBUG [53541] [] Request URI : /eccadmin_dev/CourseContractList/search
2022-03-17 17:07:31,819 DEBUG [53541] [] CourseContractListController start
2022-03-17 17:07:31,819 DEBUG [53541] [] controllers/CourseContractListController.php: is exist
2022-03-17 17:07:31,820 DEBUG [53541] [] CourseContractListForm: is exist
2022-03-17 17:07:31,821 DEBUG [53541] [] CourseContractListForm: form value set 
2022-03-17 17:07:31,821 DEBUG [53541] [] ------------------------------/eccadmin_dev/CourseContractList/search
2022-03-17 17:07:31,822 DEBUG [53541] [] searchAction start
2022-03-17 17:07:31,822 DEBUG [53541] [] admin_no is 1
2022-03-17 17:07:31,933 DEBUG [53541] [] searchAction end
2022-03-17 17:07:31,933 DEBUG [53541] [] CourseContractListController end
2022-03-17 17:07:31,933 DEBUG [53541] [] finally
2022-03-17 17:07:35,531 DEBUG [53541] [] Request URI : /eccadmin_dev/CourseContractRegist/index
2022-03-17 17:07:35,531 DEBUG [53541] [] CourseContractRegistController start
2022-03-17 17:07:35,531 DEBUG [53541] [] controllers/CourseContractRegistController.php: is exist
2022-03-17 17:07:35,534 DEBUG [53541] [] CourseContractRegistForm: is exist
2022-03-17 17:07:35,534 DEBUG [53541] [] CourseContractRegistForm: form value set 
2022-03-17 17:07:35,535 DEBUG [53541] [] ------------------------------/eccadmin_dev/CourseContractRegist/index
2022-03-17 17:07:35,535 DEBUG [53541] [] ------------------------------session_check_true
2022-03-17 17:07:35,535 DEBUG [53541] [] indexAction start
2022-03-17 17:07:35,535 DEBUG [53541] [] admin_no is 1
2022-03-17 17:07:35,610 DEBUG [53541] [] indexAction end
2022-03-17 17:07:35,611 DEBUG [53541] [] CourseContractRegistController end
2022-03-17 17:07:35,611 DEBUG [53541] [] finally
2022-03-17 17:07:36,994 DEBUG [53541] [] Request URI : /eccadmin_dev/CourseContractList/search
2022-03-17 17:07:36,994 DEBUG [53541] [] CourseContractListController start
2022-03-17 17:07:36,994 DEBUG [53541] [] controllers/CourseContractListController.php: is exist
2022-03-17 17:07:36,995 DEBUG [53541] [] CourseContractListForm: is exist
2022-03-17 17:07:36,996 DEBUG [53541] [] CourseContractListForm: form value set 
2022-03-17 17:07:36,996 DEBUG [53541] [] ------------------------------/eccadmin_dev/CourseContractList/search
2022-03-17 17:07:36,996 DEBUG [53541] [] searchAction start
2022-03-17 17:07:36,996 DEBUG [53541] [] admin_no is 1
2022-03-17 17:07:37,103 DEBUG [53541] [] searchAction end
2022-03-17 17:07:37,103 DEBUG [53541] [] CourseContractListController end
2022-03-17 17:07:37,103 DEBUG [53541] [] finally
2022-03-17 18:14:39,734 DEBUG [54597] [] Request URI : /eccadmin_dev/CourseContractList
2022-03-17 18:14:39,735 DEBUG [54597] [] CourseContractListController start
2022-03-17 18:14:39,735 DEBUG [54597] [] controllers/CourseContractListController.php: is exist
2022-03-17 18:14:39,736 DEBUG [54597] [] CourseContractListForm: is exist
2022-03-17 18:14:39,736 DEBUG [54597] [] CourseContractListForm: form value set 
2022-03-17 18:14:39,737 DEBUG [54597] [] ------------------------------/eccadmin_dev/CourseContractList
2022-03-17 18:14:39,737 DEBUG [54597] [] indexAction start
2022-03-17 18:14:39,737 DEBUG [54597] [] admin_no is 1
2022-03-17 18:14:39,846 DEBUG [54597] [] indexAction end
2022-03-17 18:14:39,846 DEBUG [54597] [] CourseContractListController end
2022-03-17 18:14:39,846 DEBUG [54597] [] finally
2022-03-17 18:14:45,237 DEBUG [54313] [] Request URI : /eccadmin_dev/CourseContractRegist/index
2022-03-17 18:14:45,237 DEBUG [54313] [] CourseContractRegistController start
2022-03-17 18:14:45,237 DEBUG [54313] [] controllers/CourseContractRegistController.php: is exist
2022-03-17 18:14:45,240 DEBUG [54313] [] CourseContractRegistForm: is exist
2022-03-17 18:14:45,240 DEBUG [54313] [] CourseContractRegistForm: form value set 
2022-03-17 18:14:45,241 DEBUG [54313] [] ------------------------------/eccadmin_dev/CourseContractRegist/index
2022-03-17 18:14:45,241 DEBUG [54313] [] ------------------------------session_check_true
2022-03-17 18:14:45,241 DEBUG [54313] [] indexAction start
2022-03-17 18:14:45,241 DEBUG [54313] [] admin_no is 1
2022-03-17 18:14:45,313 DEBUG [54313] [] indexAction end
2022-03-17 18:14:45,313 DEBUG [54313] [] CourseContractRegistController end
2022-03-17 18:14:45,314 DEBUG [54313] [] finally
