2022-04-18 00:42:09,236 DEBUG [35845] [] Request URI : /eccadmin_dev/Login
2022-04-18 00:42:09,278 DEBUG [35845] [] LoginController start
2022-04-18 00:42:09,278 DEBUG [35845] [] controllers/LoginController.php: is exist
2022-04-18 00:42:09,283 DEBUG [35845] [] LoginForm: is exist
2022-04-18 00:42:09,283 DEBUG [35845] [] LoginForm: form value set 
2022-04-18 00:42:09,283 DEBUG [35845] [] ------------------------------/eccadmin_dev/Login
2022-04-18 00:42:09,283 DEBUG [35845] [] ------------------------------login_start_check
2022-04-18 00:42:09,283 DEBUG [35845] [] indexAction start
2022-04-18 00:42:09,477 DEBUG [35845] [] indexAction end
2022-04-18 00:42:09,477 DEBUG [35845] [] LoginController end
2022-04-18 00:42:09,477 DEBUG [35845] [] finally
2022-04-18 14:55:04,916 DEBUG [56616] [] Request URI : /eccadmin_dev/Login
2022-04-18 14:55:04,917 DEBUG [56616] [] LoginController start
2022-04-18 14:55:04,917 DEBUG [56616] [] controllers/LoginController.php: is exist
2022-04-18 14:55:04,917 DEBUG [56616] [] LoginForm: is exist
2022-04-18 14:55:04,917 DEBUG [56616] [] LoginForm: form value set 
2022-04-18 14:55:04,918 DEBUG [56616] [] ------------------------------/eccadmin_dev/Login
2022-04-18 14:55:04,918 DEBUG [56616] [] ------------------------------login_start_check
2022-04-18 14:55:04,918 DEBUG [56616] [] indexAction start
2022-04-18 14:55:04,933 DEBUG [56616] [] indexAction end
2022-04-18 14:55:04,933 DEBUG [56616] [] LoginController end
2022-04-18 14:55:04,933 DEBUG [56616] [] finally
2022-04-18 14:55:07,845 DEBUG [56629] [] Request URI : /eccadmin_dev/Login/login
2022-04-18 14:55:07,845 DEBUG [56629] [] LoginController start
2022-04-18 14:55:07,846 DEBUG [56629] [] controllers/LoginController.php: is exist
2022-04-18 14:55:07,846 DEBUG [56629] [] LoginForm: is exist
2022-04-18 14:55:07,846 DEBUG [56629] [] LoginForm: form value set 
2022-04-18 14:55:07,847 DEBUG [56629] [] ------------------------------/eccadmin_dev/Login/login
2022-04-18 14:55:07,847 DEBUG [56629] [] ------------------------------login_start_check
2022-04-18 14:55:07,847 DEBUG [56629] [] loginAction start
2022-04-18 14:55:08,156 DEBUG [56629] [] loginAction end
2022-04-18 14:55:08,156 DEBUG [56629] [] LoginController end
2022-04-18 14:55:08,156 DEBUG [56629] [] finally
2022-04-18 14:55:08,177 DEBUG [56629] [] Request URI : /eccadmin_dev/Menu
2022-04-18 14:55:08,177 DEBUG [56629] [] MenuController start
2022-04-18 14:55:08,177 DEBUG [56629] [] controllers/MenuController.php: is exist
2022-04-18 14:55:08,178 DEBUG [56629] [] MenuForm: is exist
2022-04-18 14:55:08,178 DEBUG [56629] [] MenuForm: form value set 
2022-04-18 14:55:08,179 DEBUG [56629] [] ------------------------------/eccadmin_dev/Menu
2022-04-18 14:55:08,179 DEBUG [56629] [] ------------------------------login_start_check
2022-04-18 14:55:08,179 DEBUG [56629] [] indexAction start
2022-04-18 14:55:08,179 DEBUG [56629] [] admin_no is 1
2022-04-18 14:55:08,207 DEBUG [56629] [] indexAction end
2022-04-18 14:55:08,207 DEBUG [56629] [] MenuController end
2022-04-18 14:55:08,208 DEBUG [56629] [] finally
2022-04-18 15:08:44,622 DEBUG [56912] [] Request URI : /eccadmin_dev/Login/logout
2022-04-18 15:08:44,623 DEBUG [56912] [] LoginController start
2022-04-18 15:08:44,623 DEBUG [56912] [] controllers/LoginController.php: is exist
2022-04-18 15:08:44,623 DEBUG [56912] [] LoginForm: is exist
2022-04-18 15:08:44,623 DEBUG [56912] [] LoginForm: form value set 
2022-04-18 15:08:44,624 DEBUG [56912] [] ------------------------------/eccadmin_dev/Login/logout
2022-04-18 15:08:44,624 DEBUG [56912] [] ------------------------------login_start_check
2022-04-18 15:08:44,624 DEBUG [56912] [] logoutAction start
2022-04-18 15:08:44,624 DEBUG [56912] [] logoutAction end
2022-04-18 15:08:44,624 DEBUG [56912] [] LoginController end
2022-04-18 15:08:44,624 DEBUG [56912] [] finally
2022-04-18 15:08:44,653 DEBUG [56912] [] Request URI : /eccadmin_dev/Login
2022-04-18 15:08:44,653 DEBUG [56912] [] LoginController start
2022-04-18 15:08:44,653 DEBUG [56912] [] controllers/LoginController.php: is exist
2022-04-18 15:08:44,653 DEBUG [56912] [] LoginForm: is exist
2022-04-18 15:08:44,654 DEBUG [56912] [] LoginForm: form value set 
2022-04-18 15:08:44,654 DEBUG [56912] [] ------------------------------/eccadmin_dev/Login
2022-04-18 15:08:44,654 DEBUG [56912] [] ------------------------------login_start_check
2022-04-18 15:08:44,654 DEBUG [56912] [] indexAction start
2022-04-18 15:08:44,668 DEBUG [56912] [] indexAction end
2022-04-18 15:08:44,668 DEBUG [56912] [] LoginController end
2022-04-18 15:08:44,668 DEBUG [56912] [] finally
