2022-07-13 09:29:32,252 DEBUG [84205] [] Request URI : /eccadmin_dev/Login
2022-07-13 09:29:32,287 DEBUG [84205] [] LoginController start
2022-07-13 09:29:32,288 DEBUG [84205] [] controllers/LoginController.php: is exist
2022-07-13 09:29:32,290 DEBUG [84205] [] LoginForm: is exist
2022-07-13 09:29:32,291 DEBUG [84205] [] LoginForm: form value set 
2022-07-13 09:29:32,291 DEBUG [84205] [] ------------------------------/eccadmin_dev/Login
2022-07-13 09:29:32,291 DEBUG [84205] [] ------------------------------login_start_check
2022-07-13 09:29:32,291 DEBUG [84205] [] indexAction start
2022-07-13 09:29:32,342 DEBUG [84205] [] indexAction end
2022-07-13 09:29:32,342 DEBUG [84205] [] LoginController end
2022-07-13 09:29:32,342 DEBUG [84205] [] finally
2022-07-13 11:58:45,330 DEBUG [85991] [] Request URI : /eccadmin_dev/Login
2022-07-13 11:58:45,335 DEBUG [85991] [] LoginController start
2022-07-13 11:58:45,335 DEBUG [85991] [] controllers/LoginController.php: is exist
2022-07-13 11:58:45,338 DEBUG [85991] [] LoginForm: is exist
2022-07-13 11:58:45,339 DEBUG [85991] [] LoginForm: form value set 
2022-07-13 11:58:45,339 DEBUG [85991] [] ------------------------------/eccadmin_dev/Login
2022-07-13 11:58:45,339 DEBUG [85991] [] ------------------------------login_start_check
2022-07-13 11:58:45,339 DEBUG [85991] [] indexAction start
2022-07-13 11:58:45,368 DEBUG [85991] [] indexAction end
2022-07-13 11:58:45,368 DEBUG [85991] [] LoginController end
2022-07-13 11:58:45,368 DEBUG [85991] [] finally
2022-07-13 11:58:51,002 DEBUG [85959] [] Request URI : /eccadmin_dev/Login/login
2022-07-13 11:58:51,007 DEBUG [85959] [] LoginController start
2022-07-13 11:58:51,007 DEBUG [85959] [] controllers/LoginController.php: is exist
2022-07-13 11:58:51,010 DEBUG [85959] [] LoginForm: is exist
2022-07-13 11:58:51,010 DEBUG [85959] [] LoginForm: form value set 
2022-07-13 11:58:51,010 DEBUG [85959] [] ------------------------------/eccadmin_dev/Login/login
2022-07-13 11:58:51,010 DEBUG [85959] [] ------------------------------login_start_check
2022-07-13 11:58:51,011 DEBUG [85959] [] loginAction start
2022-07-13 11:58:51,300 DEBUG [85959] [] loginAction end
2022-07-13 11:58:51,300 DEBUG [85959] [] LoginController end
2022-07-13 11:58:51,301 DEBUG [85959] [] finally
2022-07-13 11:58:51,325 DEBUG [85959] [] Request URI : /eccadmin_dev/Menu
2022-07-13 11:58:51,328 DEBUG [85959] [] MenuController start
2022-07-13 11:58:51,328 DEBUG [85959] [] controllers/MenuController.php: is exist
2022-07-13 11:58:51,329 DEBUG [85959] [] MenuForm: is exist
2022-07-13 11:58:51,329 DEBUG [85959] [] MenuForm: form value set 
2022-07-13 11:58:51,330 DEBUG [85959] [] ------------------------------/eccadmin_dev/Menu
2022-07-13 11:58:51,330 DEBUG [85959] [] ------------------------------login_start_check
2022-07-13 11:58:51,330 DEBUG [85959] [] indexAction start
2022-07-13 11:58:51,330 DEBUG [85959] [] admin_no is 1
2022-07-13 11:58:51,367 DEBUG [85959] [] indexAction end
2022-07-13 11:58:51,367 DEBUG [85959] [] MenuController end
2022-07-13 11:58:51,367 DEBUG [85959] [] finally
2022-07-13 11:58:55,063 DEBUG [85938] [] Request URI : /eccadmin_dev/WordBookList
2022-07-13 11:58:55,069 DEBUG [85938] [] WordBookListController start
2022-07-13 11:58:55,069 DEBUG [85938] [] controllers/WordBookListController.php: is exist
2022-07-13 11:58:55,072 DEBUG [85938] [] WordBookListForm: is exist
2022-07-13 11:58:55,072 DEBUG [85938] [] WordBookListForm: form value set 
2022-07-13 11:58:55,073 DEBUG [85938] [] ------------------------------/eccadmin_dev/WordBookList
2022-07-13 11:58:55,073 DEBUG [85938] [] indexAction start
2022-07-13 11:58:55,073 DEBUG [85938] [] admin_no is 1
2022-07-13 11:58:55,180 DEBUG [85938] [] indexAction end
2022-07-13 11:58:55,180 DEBUG [85938] [] WordBookListController end
2022-07-13 11:58:55,180 DEBUG [85938] [] finally
2022-07-13 11:59:00,228 DEBUG [85958] [] Request URI : /eccadmin_dev/WordList
2022-07-13 11:59:00,234 DEBUG [85958] [] WordListController start
2022-07-13 11:59:00,234 DEBUG [85958] [] controllers/WordListController.php: is exist
2022-07-13 11:59:00,236 DEBUG [85958] [] WordListForm: is exist
2022-07-13 11:59:00,237 DEBUG [85958] [] WordListForm: form value set 
2022-07-13 11:59:00,237 DEBUG [85958] [] ------------------------------/eccadmin_dev/WordList
2022-07-13 11:59:00,237 DEBUG [85958] [] indexAction start
2022-07-13 11:59:00,237 DEBUG [85958] [] admin_no is 1
2022-07-13 11:59:00,321 DEBUG [85958] [] indexAction end
2022-07-13 11:59:00,321 DEBUG [85958] [] WordListController end
2022-07-13 11:59:00,321 DEBUG [85958] [] finally
2022-07-13 11:59:17,928 DEBUG [86034] [] Request URI : /eccadmin_dev/WordList/Search
2022-07-13 11:59:17,936 DEBUG [86034] [] WordListController start
2022-07-13 11:59:17,937 DEBUG [86034] [] controllers/WordListController.php: is exist
2022-07-13 11:59:17,939 DEBUG [86034] [] WordListForm: is exist
2022-07-13 11:59:17,940 DEBUG [86034] [] WordListForm: form value set 
2022-07-13 11:59:17,940 DEBUG [86034] [] ------------------------------/eccadmin_dev/WordList/Search
2022-07-13 11:59:17,940 DEBUG [86034] [] SearchAction start
2022-07-13 11:59:17,940 DEBUG [86034] [] admin_no is 1
2022-07-13 11:59:18,015 DEBUG [86034] [] SearchAction end
2022-07-13 11:59:18,015 DEBUG [86034] [] WordListController end
2022-07-13 11:59:18,015 DEBUG [86034] [] finally
2022-07-13 11:59:29,341 DEBUG [85959] [] Request URI : /eccadmin_dev/WordRegist/index
2022-07-13 11:59:29,346 DEBUG [85959] [] WordRegistController start
2022-07-13 11:59:29,346 DEBUG [85959] [] controllers/WordRegistController.php: is exist
2022-07-13 11:59:29,350 DEBUG [85959] [] WordRegistForm: is exist
2022-07-13 11:59:29,351 DEBUG [85959] [] WordRegistForm: form value set 
2022-07-13 11:59:29,351 DEBUG [85959] [] ------------------------------/eccadmin_dev/WordRegist/index
2022-07-13 11:59:29,351 DEBUG [85959] [] ------------------------------session_check_true
2022-07-13 11:59:29,351 DEBUG [85959] [] indexAction start
2022-07-13 11:59:29,352 DEBUG [85959] [] admin_no is 1
2022-07-13 11:59:29,354 DEBUG [85959] [] word_id
2022-07-13 11:59:29,467 DEBUG [85959] [] indexAction end
2022-07-13 11:59:29,467 DEBUG [85959] [] WordRegistController end
2022-07-13 11:59:29,467 DEBUG [85959] [] finally
2022-07-13 12:00:01,783 DEBUG [86029] [] Request URI : /eccadmin_dev/WordRegist/Save
2022-07-13 12:00:01,788 DEBUG [86029] [] WordRegistController start
2022-07-13 12:00:01,789 DEBUG [86029] [] controllers/WordRegistController.php: is exist
2022-07-13 12:00:01,793 DEBUG [86029] [] WordRegistForm: is exist
2022-07-13 12:00:01,794 DEBUG [86029] [] WordRegistForm: form value set 
2022-07-13 12:00:01,794 DEBUG [86029] [] ------------------------------/eccadmin_dev/WordRegist/Save
2022-07-13 12:00:01,794 DEBUG [86029] [] ------------------------------session_check_true
2022-07-13 12:00:01,794 DEBUG [86029] [] SaveAction start
2022-07-13 12:00:01,795 DEBUG [86029] [] admin_no is 1
2022-07-13 12:00:01,797 DEBUG [86029] [] INSERT INTO  T_WORD (org_no,word_id,word_system_kbn,word,translation,word_lang_type,trans_lang_type,del_flg,create_dt,creater_id,update_dt,updater_id ) VALUES ( :org_no,:word_id,:word_system_kbn,:word,:translation,:word_lang_type,:trans_lang_type,:del_flg,:create_dt,:creater_id,:update_dt,:updater_id );
2022-07-13 12:00:01,883 DEBUG [86029] [] SaveAction end
2022-07-13 12:00:01,883 DEBUG [86029] [] WordRegistController end
2022-07-13 12:00:01,885 DEBUG [86029] [] finally
2022-07-13 12:00:03,948 DEBUG [86029] [] Request URI : /eccadmin_dev/WordRegist/back
2022-07-13 12:00:03,954 DEBUG [86029] [] WordRegistController start
2022-07-13 12:00:03,954 DEBUG [86029] [] controllers/WordRegistController.php: is exist
2022-07-13 12:00:03,958 DEBUG [86029] [] WordRegistForm: is exist
2022-07-13 12:00:03,959 DEBUG [86029] [] WordRegistForm: form value set 
2022-07-13 12:00:03,959 DEBUG [86029] [] ------------------------------/eccadmin_dev/WordRegist/back
2022-07-13 12:00:03,959 DEBUG [86029] [] ------------------------------session_check_true
2022-07-13 12:00:03,959 DEBUG [86029] [] backAction start
2022-07-13 12:00:03,960 DEBUG [86029] [] backAction end
2022-07-13 12:00:03,960 DEBUG [86029] [] WordRegistController end
2022-07-13 12:00:03,960 DEBUG [86029] [] finally
2022-07-13 12:00:03,985 DEBUG [86029] [] Request URI : /eccadmin_dev/WordList/Search
2022-07-13 12:00:03,990 DEBUG [86029] [] WordListController start
2022-07-13 12:00:03,990 DEBUG [86029] [] controllers/WordListController.php: is exist
2022-07-13 12:00:03,992 DEBUG [86029] [] WordListForm: is exist
2022-07-13 12:00:03,992 DEBUG [86029] [] WordListForm: form value set 
2022-07-13 12:00:03,993 DEBUG [86029] [] ------------------------------/eccadmin_dev/WordList/Search
2022-07-13 12:00:03,993 DEBUG [86029] [] SearchAction start
2022-07-13 12:00:03,993 DEBUG [86029] [] admin_no is 1
2022-07-13 12:00:04,067 DEBUG [86029] [] SearchAction end
2022-07-13 12:00:04,067 DEBUG [86029] [] WordListController end
2022-07-13 12:00:04,067 DEBUG [86029] [] finally
2022-07-13 12:00:11,267 DEBUG [85959] [] Request URI : /eccadmin_dev/WordList/Search
2022-07-13 12:00:11,272 DEBUG [85959] [] WordListController start
2022-07-13 12:00:11,272 DEBUG [85959] [] controllers/WordListController.php: is exist
2022-07-13 12:00:11,275 DEBUG [85959] [] WordListForm: is exist
2022-07-13 12:00:11,275 DEBUG [85959] [] WordListForm: form value set 
2022-07-13 12:00:11,276 DEBUG [85959] [] ------------------------------/eccadmin_dev/WordList/Search
2022-07-13 12:00:11,276 DEBUG [85959] [] SearchAction start
2022-07-13 12:00:11,276 DEBUG [85959] [] admin_no is 1
2022-07-13 12:00:11,355 DEBUG [85959] [] SearchAction end
2022-07-13 12:00:11,355 DEBUG [85959] [] WordListController end
2022-07-13 12:00:11,355 DEBUG [85959] [] finally
2022-07-13 12:00:13,871 DEBUG [85959] [] Request URI : /eccadmin_dev/WordBookList
2022-07-13 12:00:13,876 DEBUG [85959] [] WordBookListController start
2022-07-13 12:00:13,877 DEBUG [85959] [] controllers/WordBookListController.php: is exist
2022-07-13 12:00:13,880 DEBUG [85959] [] WordBookListForm: is exist
2022-07-13 12:00:13,880 DEBUG [85959] [] WordBookListForm: form value set 
2022-07-13 12:00:13,880 DEBUG [85959] [] ------------------------------/eccadmin_dev/WordBookList
2022-07-13 12:00:13,881 DEBUG [85959] [] indexAction start
2022-07-13 12:00:13,881 DEBUG [85959] [] admin_no is 1
2022-07-13 12:00:13,958 DEBUG [85959] [] indexAction end
2022-07-13 12:00:13,958 DEBUG [85959] [] WordBookListController end
2022-07-13 12:00:13,958 DEBUG [85959] [] finally
2022-07-13 12:00:19,482 DEBUG [85991] [] Request URI : /eccadmin_dev/WordBookWord/index
2022-07-13 12:00:19,486 DEBUG [85991] [] WordBookWordController start
2022-07-13 12:00:19,486 DEBUG [85991] [] controllers/WordBookWordController.php: is exist
2022-07-13 12:00:19,491 DEBUG [85991] [] WordBookWordForm: is exist
2022-07-13 12:00:19,492 DEBUG [85991] [] WordBookWordForm: form value set 
2022-07-13 12:00:19,492 DEBUG [85991] [] ------------------------------/eccadmin_dev/WordBookWord/index
2022-07-13 12:00:19,492 DEBUG [85991] [] ------------------------------session_check_true
2022-07-13 12:00:19,492 DEBUG [85991] [] indexAction start
2022-07-13 12:00:19,492 DEBUG [85991] [] admin_no is 1
2022-07-13 12:00:19,493 DEBUG [85991] [] unselectedSELECT  tw.org_no ,tw.word_id  ,tw.word  ,tw.translation  FROM T_WORD as tw  WHERE  tw.org_no=:org_no  AND tw.del_flg ='0'  ORDER BY  tw.org_no,tw.word_id ASC
2022-07-13 12:00:19,582 DEBUG [85991] [] indexAction end
2022-07-13 12:00:19,583 DEBUG [85991] [] WordBookWordController end
2022-07-13 12:00:19,583 DEBUG [85991] [] finally
2022-07-13 12:00:25,707 DEBUG [85959] [] Request URI : /eccadmin_dev/WordBookWord/vocubRegist
2022-07-13 12:00:25,712 DEBUG [85959] [] WordBookWordController start
2022-07-13 12:00:25,713 DEBUG [85959] [] controllers/WordBookWordController.php: is exist
2022-07-13 12:00:25,717 DEBUG [85959] [] WordBookWordForm: is exist
2022-07-13 12:00:25,717 DEBUG [85959] [] WordBookWordForm: form value set 
2022-07-13 12:00:25,718 DEBUG [85959] [] ------------------------------/eccadmin_dev/WordBookWord/vocubRegist
2022-07-13 12:00:25,718 DEBUG [85959] [] ------------------------------session_check_true
2022-07-13 12:00:25,718 DEBUG [85959] [] vocubRegistAction start
2022-07-13 12:00:25,721 DEBUG [85959] [] INSERT INTO  T_WORDBOOK_WORD (org_no,wordbook_id,word_id,disp_no,creater_id,updater_id,del_flg,create_dt,update_dt ) VALUES ( :org_no,:wordbook_id,:word_id,:disp_no,:creater_id,:updater_id,:del_flg,:create_dt,:update_dt );
2022-07-13 12:00:25,721 DEBUG [85959] [] INSERT INTO  T_WORDBOOK_WORD (org_no,wordbook_id,word_id,disp_no,creater_id,updater_id,del_flg,create_dt,update_dt ) VALUES ( :org_no,:wordbook_id,:word_id,:disp_no,:creater_id,:updater_id,:del_flg,:create_dt,:update_dt );
2022-07-13 12:00:25,722 DEBUG [85959] [] INSERT INTO  T_WORDBOOK_WORD (org_no,wordbook_id,word_id,disp_no,creater_id,updater_id,del_flg,create_dt,update_dt ) VALUES ( :org_no,:wordbook_id,:word_id,:disp_no,:creater_id,:updater_id,:del_flg,:create_dt,:update_dt );
2022-07-13 12:00:25,723 DEBUG [85959] [] INSERT INTO  T_WORDBOOK_WORD (org_no,wordbook_id,word_id,disp_no,creater_id,updater_id,del_flg,create_dt,update_dt ) VALUES ( :org_no,:wordbook_id,:word_id,:disp_no,:creater_id,:updater_id,:del_flg,:create_dt,:update_dt );
2022-07-13 12:00:25,723 DEBUG [85959] [] INSERT INTO  T_WORDBOOK_WORD (org_no,wordbook_id,word_id,disp_no,creater_id,updater_id,del_flg,create_dt,update_dt ) VALUES ( :org_no,:wordbook_id,:word_id,:disp_no,:creater_id,:updater_id,:del_flg,:create_dt,:update_dt );
2022-07-13 12:00:25,724 DEBUG [85959] [] INSERT INTO  T_WORDBOOK_WORD (org_no,wordbook_id,word_id,disp_no,creater_id,updater_id,del_flg,create_dt,update_dt ) VALUES ( :org_no,:wordbook_id,:word_id,:disp_no,:creater_id,:updater_id,:del_flg,:create_dt,:update_dt );
2022-07-13 12:00:25,724 DEBUG [85959] [] INSERT INTO  T_WORDBOOK_WORD (org_no,wordbook_id,word_id,disp_no,creater_id,updater_id,del_flg,create_dt,update_dt ) VALUES ( :org_no,:wordbook_id,:word_id,:disp_no,:creater_id,:updater_id,:del_flg,:create_dt,:update_dt );
2022-07-13 12:00:25,725 DEBUG [85959] [] INSERT INTO  T_WORDBOOK_WORD (org_no,wordbook_id,word_id,disp_no,creater_id,updater_id,del_flg,create_dt,update_dt ) VALUES ( :org_no,:wordbook_id,:word_id,:disp_no,:creater_id,:updater_id,:del_flg,:create_dt,:update_dt );
2022-07-13 12:00:25,725 DEBUG [85959] [] INSERT INTO  T_WORDBOOK_WORD (org_no,wordbook_id,word_id,disp_no,creater_id,updater_id,del_flg,create_dt,update_dt ) VALUES ( :org_no,:wordbook_id,:word_id,:disp_no,:creater_id,:updater_id,:del_flg,:create_dt,:update_dt );
2022-07-13 12:00:25,726 DEBUG [85959] [] INSERT INTO  T_WORDBOOK_WORD (org_no,wordbook_id,word_id,disp_no,creater_id,updater_id,del_flg,create_dt,update_dt ) VALUES ( :org_no,:wordbook_id,:word_id,:disp_no,:creater_id,:updater_id,:del_flg,:create_dt,:update_dt );
2022-07-13 12:00:25,727 DEBUG [85959] [] INSERT INTO  T_WORDBOOK_WORD (org_no,wordbook_id,word_id,disp_no,creater_id,updater_id,del_flg,create_dt,update_dt ) VALUES ( :org_no,:wordbook_id,:word_id,:disp_no,:creater_id,:updater_id,:del_flg,:create_dt,:update_dt );
2022-07-13 12:00:25,727 DEBUG [85959] [] INSERT INTO  T_WORDBOOK_WORD (org_no,wordbook_id,word_id,disp_no,creater_id,updater_id,del_flg,create_dt,update_dt ) VALUES ( :org_no,:wordbook_id,:word_id,:disp_no,:creater_id,:updater_id,:del_flg,:create_dt,:update_dt );
2022-07-13 12:00:25,732 DEBUG [85959] [] unselectedSELECT  tw.org_no ,tw.word_id  ,tw.word  ,tw.translation  FROM T_WORD as tw  WHERE  tw.org_no=:org_no  AND tw.del_flg ='0'  ORDER BY  tw.org_no,tw.word_id ASC
2022-07-13 12:00:25,801 DEBUG [85959] [] vocubRegistAction end
2022-07-13 12:00:25,801 DEBUG [85959] [] WordBookWordController end
2022-07-13 12:00:25,802 DEBUG [85959] [] finally
2022-07-13 12:00:30,713 DEBUG [85959] [] Request URI : /eccadmin_dev/WordBookList
2022-07-13 12:00:30,718 DEBUG [85959] [] WordBookListController start
2022-07-13 12:00:30,718 DEBUG [85959] [] controllers/WordBookListController.php: is exist
2022-07-13 12:00:30,721 DEBUG [85959] [] WordBookListForm: is exist
2022-07-13 12:00:30,722 DEBUG [85959] [] WordBookListForm: form value set 
2022-07-13 12:00:30,722 DEBUG [85959] [] ------------------------------/eccadmin_dev/WordBookList
2022-07-13 12:00:30,722 DEBUG [85959] [] indexAction start
2022-07-13 12:00:30,722 DEBUG [85959] [] admin_no is 1
2022-07-13 12:00:30,802 DEBUG [85959] [] indexAction end
2022-07-13 12:00:30,802 DEBUG [85959] [] WordBookListController end
2022-07-13 12:00:30,802 DEBUG [85959] [] finally
2022-07-13 12:00:36,494 DEBUG [86034] [] Request URI : /eccadmin_dev/WordBookWord/index
2022-07-13 12:00:36,500 DEBUG [86034] [] WordBookWordController start
2022-07-13 12:00:36,500 DEBUG [86034] [] controllers/WordBookWordController.php: is exist
2022-07-13 12:00:36,505 DEBUG [86034] [] WordBookWordForm: is exist
2022-07-13 12:00:36,505 DEBUG [86034] [] WordBookWordForm: form value set 
2022-07-13 12:00:36,506 DEBUG [86034] [] ------------------------------/eccadmin_dev/WordBookWord/index
2022-07-13 12:00:36,506 DEBUG [86034] [] ------------------------------session_check_true
2022-07-13 12:00:36,506 DEBUG [86034] [] indexAction start
2022-07-13 12:00:36,506 DEBUG [86034] [] admin_no is 1
2022-07-13 12:00:36,507 DEBUG [86034] [] unselectedSELECT  tw.org_no ,tw.word_id  ,tw.word  ,tw.translation  FROM T_WORD as tw  WHERE  tw.org_no=:org_no  AND tw.del_flg ='0'  ORDER BY  tw.org_no,tw.word_id ASC
2022-07-13 12:00:36,594 DEBUG [86034] [] indexAction end
2022-07-13 12:00:36,594 DEBUG [86034] [] WordBookWordController end
2022-07-13 12:00:36,594 DEBUG [86034] [] finally
2022-07-13 12:00:40,891 DEBUG [86034] [] Request URI : /eccadmin_dev/WordBookWord/back
2022-07-13 12:00:40,896 DEBUG [86034] [] WordBookWordController start
2022-07-13 12:00:40,896 DEBUG [86034] [] controllers/WordBookWordController.php: is exist
2022-07-13 12:00:40,901 DEBUG [86034] [] WordBookWordForm: is exist
2022-07-13 12:00:40,902 DEBUG [86034] [] WordBookWordForm: form value set 
2022-07-13 12:00:40,902 DEBUG [86034] [] ------------------------------/eccadmin_dev/WordBookWord/back
2022-07-13 12:00:40,902 DEBUG [86034] [] ------------------------------session_check_true
2022-07-13 12:00:40,902 DEBUG [86034] [] backAction start
2022-07-13 12:00:40,903 DEBUG [86034] [] backAction end
2022-07-13 12:00:40,903 DEBUG [86034] [] WordBookWordController end
2022-07-13 12:00:40,903 DEBUG [86034] [] finally
2022-07-13 12:00:40,932 DEBUG [86034] [] Request URI : /eccadmin_dev/WordBookList/Search
2022-07-13 12:00:40,937 DEBUG [86034] [] WordBookListController start
2022-07-13 12:00:40,937 DEBUG [86034] [] controllers/WordBookListController.php: is exist
2022-07-13 12:00:40,939 DEBUG [86034] [] WordBookListForm: is exist
2022-07-13 12:00:40,940 DEBUG [86034] [] WordBookListForm: form value set 
2022-07-13 12:00:40,940 DEBUG [86034] [] ------------------------------/eccadmin_dev/WordBookList/Search
2022-07-13 12:00:40,940 DEBUG [86034] [] SearchAction start
2022-07-13 12:00:40,940 DEBUG [86034] [] admin_no is 1
2022-07-13 12:00:41,015 DEBUG [86034] [] SearchAction end
2022-07-13 12:00:41,015 DEBUG [86034] [] WordBookListController end
2022-07-13 12:00:41,015 DEBUG [86034] [] finally
2022-07-13 12:00:42,645 DEBUG [86034] [] Request URI : /eccadmin_dev/WordBookWord/index
2022-07-13 12:00:42,650 DEBUG [86034] [] WordBookWordController start
2022-07-13 12:00:42,650 DEBUG [86034] [] controllers/WordBookWordController.php: is exist
2022-07-13 12:00:42,655 DEBUG [86034] [] WordBookWordForm: is exist
2022-07-13 12:00:42,656 DEBUG [86034] [] WordBookWordForm: form value set 
2022-07-13 12:00:42,656 DEBUG [86034] [] ------------------------------/eccadmin_dev/WordBookWord/index
2022-07-13 12:00:42,656 DEBUG [86034] [] ------------------------------session_check_true
2022-07-13 12:00:42,656 DEBUG [86034] [] indexAction start
2022-07-13 12:00:42,656 DEBUG [86034] [] admin_no is 1
2022-07-13 12:00:42,657 DEBUG [86034] [] unselectedSELECT  tw.org_no ,tw.word_id  ,tw.word  ,tw.translation  FROM T_WORD as tw  WHERE  tw.org_no=:org_no  AND tw.del_flg ='0'  ORDER BY  tw.org_no,tw.word_id ASC
2022-07-13 12:00:42,740 DEBUG [86034] [] indexAction end
2022-07-13 12:00:42,740 DEBUG [86034] [] WordBookWordController end
2022-07-13 12:00:42,740 DEBUG [86034] [] finally
2022-07-13 12:00:47,700 DEBUG [86034] [] Request URI : /eccadmin_dev/WordBookWord/vocubRegist
2022-07-13 12:00:47,705 DEBUG [86034] [] WordBookWordController start
2022-07-13 12:00:47,705 DEBUG [86034] [] controllers/WordBookWordController.php: is exist
2022-07-13 12:00:47,710 DEBUG [86034] [] WordBookWordForm: is exist
2022-07-13 12:00:47,711 DEBUG [86034] [] WordBookWordForm: form value set 
2022-07-13 12:00:47,711 DEBUG [86034] [] ------------------------------/eccadmin_dev/WordBookWord/vocubRegist
2022-07-13 12:00:47,711 DEBUG [86034] [] ------------------------------session_check_true
2022-07-13 12:00:47,711 DEBUG [86034] [] vocubRegistAction start
2022-07-13 12:00:47,714 DEBUG [86034] [] INSERT INTO  T_WORDBOOK_WORD (org_no,wordbook_id,word_id,disp_no,creater_id,updater_id,del_flg,create_dt,update_dt ) VALUES ( :org_no,:wordbook_id,:word_id,:disp_no,:creater_id,:updater_id,:del_flg,:create_dt,:update_dt );
2022-07-13 12:00:47,714 DEBUG [86034] [] INSERT INTO  T_WORDBOOK_WORD (org_no,wordbook_id,word_id,disp_no,creater_id,updater_id,del_flg,create_dt,update_dt ) VALUES ( :org_no,:wordbook_id,:word_id,:disp_no,:creater_id,:updater_id,:del_flg,:create_dt,:update_dt );
2022-07-13 12:00:47,715 DEBUG [86034] [] INSERT INTO  T_WORDBOOK_WORD (org_no,wordbook_id,word_id,disp_no,creater_id,updater_id,del_flg,create_dt,update_dt ) VALUES ( :org_no,:wordbook_id,:word_id,:disp_no,:creater_id,:updater_id,:del_flg,:create_dt,:update_dt );
2022-07-13 12:00:47,716 DEBUG [86034] [] INSERT INTO  T_WORDBOOK_WORD (org_no,wordbook_id,word_id,disp_no,creater_id,updater_id,del_flg,create_dt,update_dt ) VALUES ( :org_no,:wordbook_id,:word_id,:disp_no,:creater_id,:updater_id,:del_flg,:create_dt,:update_dt );
2022-07-13 12:00:47,722 DEBUG [86034] [] unselectedSELECT  tw.org_no ,tw.word_id  ,tw.word  ,tw.translation  FROM T_WORD as tw  WHERE  tw.org_no=:org_no  AND tw.del_flg ='0'  ORDER BY  tw.org_no,tw.word_id ASC
2022-07-13 12:00:47,803 DEBUG [86034] [] vocubRegistAction end
2022-07-13 12:00:47,803 DEBUG [86034] [] WordBookWordController end
2022-07-13 12:00:47,803 DEBUG [86034] [] finally
2022-07-13 12:01:53,994 DEBUG [86034] [] Request URI : /eccadmin_dev/WordBookWord/back
2022-07-13 12:01:53,999 DEBUG [86034] [] WordBookWordController start
2022-07-13 12:01:53,999 DEBUG [86034] [] controllers/WordBookWordController.php: is exist
2022-07-13 12:01:54,003 DEBUG [86034] [] WordBookWordForm: is exist
2022-07-13 12:01:54,004 DEBUG [86034] [] WordBookWordForm: form value set 
2022-07-13 12:01:54,004 DEBUG [86034] [] ------------------------------/eccadmin_dev/WordBookWord/back
2022-07-13 12:01:54,004 DEBUG [86034] [] ------------------------------session_check_true
2022-07-13 12:01:54,004 DEBUG [86034] [] backAction start
2022-07-13 12:01:54,004 DEBUG [86034] [] backAction end
2022-07-13 12:01:54,005 DEBUG [86034] [] WordBookWordController end
2022-07-13 12:01:54,005 DEBUG [86034] [] finally
2022-07-13 12:01:54,033 DEBUG [86034] [] Request URI : /eccadmin_dev/WordBookList/Search
2022-07-13 12:01:54,038 DEBUG [86034] [] WordBookListController start
2022-07-13 12:01:54,038 DEBUG [86034] [] controllers/WordBookListController.php: is exist
2022-07-13 12:01:54,040 DEBUG [86034] [] WordBookListForm: is exist
2022-07-13 12:01:54,040 DEBUG [86034] [] WordBookListForm: form value set 
2022-07-13 12:01:54,041 DEBUG [86034] [] ------------------------------/eccadmin_dev/WordBookList/Search
2022-07-13 12:01:54,041 DEBUG [86034] [] SearchAction start
2022-07-13 12:01:54,041 DEBUG [86034] [] admin_no is 1
2022-07-13 12:01:54,111 DEBUG [86034] [] SearchAction end
2022-07-13 12:01:54,111 DEBUG [86034] [] WordBookListController end
2022-07-13 12:01:54,111 DEBUG [86034] [] finally
2022-07-13 12:01:58,653 DEBUG [86034] [] Request URI : /eccadmin_dev/WordList
2022-07-13 12:01:58,659 DEBUG [86034] [] WordListController start
2022-07-13 12:01:58,659 DEBUG [86034] [] controllers/WordListController.php: is exist
2022-07-13 12:01:58,662 DEBUG [86034] [] WordListForm: is exist
2022-07-13 12:01:58,662 DEBUG [86034] [] WordListForm: form value set 
2022-07-13 12:01:58,663 DEBUG [86034] [] ------------------------------/eccadmin_dev/WordList
2022-07-13 12:01:58,663 DEBUG [86034] [] indexAction start
2022-07-13 12:01:58,663 DEBUG [86034] [] admin_no is 1
2022-07-13 12:01:58,739 DEBUG [86034] [] indexAction end
2022-07-13 12:01:58,740 DEBUG [86034] [] WordListController end
2022-07-13 12:01:58,740 DEBUG [86034] [] finally
2022-07-13 12:02:05,331 DEBUG [85991] [] Request URI : /eccadmin_dev/WordBookList
2022-07-13 12:02:05,337 DEBUG [85991] [] WordBookListController start
2022-07-13 12:02:05,337 DEBUG [85991] [] controllers/WordBookListController.php: is exist
2022-07-13 12:02:05,340 DEBUG [85991] [] WordBookListForm: is exist
2022-07-13 12:02:05,340 DEBUG [85991] [] WordBookListForm: form value set 
2022-07-13 12:02:05,341 DEBUG [85991] [] ------------------------------/eccadmin_dev/WordBookList
2022-07-13 12:02:05,341 DEBUG [85991] [] indexAction start
2022-07-13 12:02:05,341 DEBUG [85991] [] admin_no is 1
2022-07-13 12:02:05,429 DEBUG [85991] [] indexAction end
2022-07-13 12:02:05,430 DEBUG [85991] [] WordBookListController end
2022-07-13 12:02:05,430 DEBUG [85991] [] finally
2022-07-13 12:02:08,236 DEBUG [85991] [] Request URI : /eccadmin_dev/WordSort/index
2022-07-13 12:02:08,241 DEBUG [85991] [] WordSortController start
2022-07-13 12:02:08,242 DEBUG [85991] [] controllers/WordSortController.php: is exist
2022-07-13 12:02:08,245 DEBUG [85991] [] WordSortForm: is exist
2022-07-13 12:02:08,245 DEBUG [85991] [] WordSortForm: form value set 
2022-07-13 12:02:08,246 DEBUG [85991] [] ------------------------------/eccadmin_dev/WordSort/index
2022-07-13 12:02:08,246 DEBUG [85991] [] ------------------------------session_check_true
2022-07-13 12:02:08,246 DEBUG [85991] [] indexAction start
2022-07-13 12:02:08,246 DEBUG [85991] [] admin_no is 1
2022-07-13 12:02:08,327 DEBUG [85991] [] indexAction end
2022-07-13 12:02:08,327 DEBUG [85991] [] WordSortController end
2022-07-13 12:02:08,327 DEBUG [85991] [] finally
2022-07-13 12:12:59,731 DEBUG [86226] [] Request URI : /eccadmin_dev/WordBookList
2022-07-13 12:12:59,736 DEBUG [86226] [] WordBookListController start
2022-07-13 12:12:59,736 DEBUG [86226] [] controllers/WordBookListController.php: is exist
2022-07-13 12:12:59,739 DEBUG [86226] [] WordBookListForm: is exist
2022-07-13 12:12:59,739 DEBUG [86226] [] WordBookListForm: form value set 
2022-07-13 12:12:59,739 DEBUG [86226] [] ------------------------------/eccadmin_dev/WordBookList
2022-07-13 12:12:59,740 DEBUG [86226] [] indexAction start
2022-07-13 12:12:59,740 DEBUG [86226] [] admin_no is 1
2022-07-13 12:12:59,814 DEBUG [86226] [] indexAction end
2022-07-13 12:12:59,814 DEBUG [86226] [] WordBookListController end
2022-07-13 12:12:59,814 DEBUG [86226] [] finally
2022-07-13 12:13:19,879 DEBUG [86225] [] Request URI : /eccadmin_dev/WordSort/index
2022-07-13 12:13:19,885 DEBUG [86225] [] WordSortController start
2022-07-13 12:13:19,885 DEBUG [86225] [] controllers/WordSortController.php: is exist
2022-07-13 12:13:19,888 DEBUG [86225] [] WordSortForm: is exist
2022-07-13 12:13:19,888 DEBUG [86225] [] WordSortForm: form value set 
2022-07-13 12:13:19,889 DEBUG [86225] [] ------------------------------/eccadmin_dev/WordSort/index
2022-07-13 12:13:19,889 DEBUG [86225] [] ------------------------------session_check_true
2022-07-13 12:13:19,889 DEBUG [86225] [] indexAction start
2022-07-13 12:13:19,889 DEBUG [86225] [] admin_no is 1
2022-07-13 12:13:19,971 DEBUG [86225] [] indexAction end
2022-07-13 12:13:19,971 DEBUG [86225] [] WordSortController end
2022-07-13 12:13:19,971 DEBUG [86225] [] finally
2022-07-13 12:13:21,738 DEBUG [86218] [] Request URI : /eccadmin_dev/WordSort/save
2022-07-13 12:13:21,743 DEBUG [86218] [] WordSortController start
2022-07-13 12:13:21,743 DEBUG [86218] [] controllers/WordSortController.php: is exist
2022-07-13 12:13:21,747 DEBUG [86218] [] WordSortForm: is exist
2022-07-13 12:13:21,747 DEBUG [86218] [] WordSortForm: form value set 
2022-07-13 12:13:21,748 DEBUG [86218] [] ------------------------------/eccadmin_dev/WordSort/save
2022-07-13 12:13:21,748 DEBUG [86218] [] ------------------------------session_check_true
2022-07-13 12:13:21,748 DEBUG [86218] [] saveAction start
2022-07-13 12:13:21,748 DEBUG [86218] [] admin_no is 1
2022-07-13 12:13:21,751 DEBUG [86218] [] INSERT INTO  T_WORDBOOK_WORD (org_no,wordbook_id,word_id,disp_no,creater_id,updater_id,del_flg,create_dt,update_dt ) VALUES ( :org_no,:wordbook_id,:word_id,:disp_no,:creater_id,:updater_id,:del_flg,:create_dt,:update_dt );
2022-07-13 12:13:21,752 DEBUG [86218] [] INSERT INTO  T_WORDBOOK_WORD (org_no,wordbook_id,word_id,disp_no,creater_id,updater_id,del_flg,create_dt,update_dt ) VALUES ( :org_no,:wordbook_id,:word_id,:disp_no,:creater_id,:updater_id,:del_flg,:create_dt,:update_dt );
2022-07-13 12:13:21,753 DEBUG [86218] [] INSERT INTO  T_WORDBOOK_WORD (org_no,wordbook_id,word_id,disp_no,creater_id,updater_id,del_flg,create_dt,update_dt ) VALUES ( :org_no,:wordbook_id,:word_id,:disp_no,:creater_id,:updater_id,:del_flg,:create_dt,:update_dt );
2022-07-13 12:13:21,755 DEBUG [86218] [] INSERT INTO  T_WORDBOOK_WORD (org_no,wordbook_id,word_id,disp_no,creater_id,updater_id,del_flg,create_dt,update_dt ) VALUES ( :org_no,:wordbook_id,:word_id,:disp_no,:creater_id,:updater_id,:del_flg,:create_dt,:update_dt );
2022-07-13 12:13:21,756 DEBUG [86218] [] INSERT INTO  T_WORDBOOK_WORD (org_no,wordbook_id,word_id,disp_no,creater_id,updater_id,del_flg,create_dt,update_dt ) VALUES ( :org_no,:wordbook_id,:word_id,:disp_no,:creater_id,:updater_id,:del_flg,:create_dt,:update_dt );
2022-07-13 12:13:21,757 DEBUG [86218] [] INSERT INTO  T_WORDBOOK_WORD (org_no,wordbook_id,word_id,disp_no,creater_id,updater_id,del_flg,create_dt,update_dt ) VALUES ( :org_no,:wordbook_id,:word_id,:disp_no,:creater_id,:updater_id,:del_flg,:create_dt,:update_dt );
2022-07-13 12:13:21,759 DEBUG [86218] [] INSERT INTO  T_WORDBOOK_WORD (org_no,wordbook_id,word_id,disp_no,creater_id,updater_id,del_flg,create_dt,update_dt ) VALUES ( :org_no,:wordbook_id,:word_id,:disp_no,:creater_id,:updater_id,:del_flg,:create_dt,:update_dt );
2022-07-13 12:13:21,760 DEBUG [86218] [] INSERT INTO  T_WORDBOOK_WORD (org_no,wordbook_id,word_id,disp_no,creater_id,updater_id,del_flg,create_dt,update_dt ) VALUES ( :org_no,:wordbook_id,:word_id,:disp_no,:creater_id,:updater_id,:del_flg,:create_dt,:update_dt );
2022-07-13 12:13:21,761 DEBUG [86218] [] INSERT INTO  T_WORDBOOK_WORD (org_no,wordbook_id,word_id,disp_no,creater_id,updater_id,del_flg,create_dt,update_dt ) VALUES ( :org_no,:wordbook_id,:word_id,:disp_no,:creater_id,:updater_id,:del_flg,:create_dt,:update_dt );
2022-07-13 12:13:21,762 DEBUG [86218] [] INSERT INTO  T_WORDBOOK_WORD (org_no,wordbook_id,word_id,disp_no,creater_id,updater_id,del_flg,create_dt,update_dt ) VALUES ( :org_no,:wordbook_id,:word_id,:disp_no,:creater_id,:updater_id,:del_flg,:create_dt,:update_dt );
2022-07-13 12:13:21,763 DEBUG [86218] [] INSERT INTO  T_WORDBOOK_WORD (org_no,wordbook_id,word_id,disp_no,creater_id,updater_id,del_flg,create_dt,update_dt ) VALUES ( :org_no,:wordbook_id,:word_id,:disp_no,:creater_id,:updater_id,:del_flg,:create_dt,:update_dt );
2022-07-13 12:13:21,765 DEBUG [86218] [] INSERT INTO  T_WORDBOOK_WORD (org_no,wordbook_id,word_id,disp_no,creater_id,updater_id,del_flg,create_dt,update_dt ) VALUES ( :org_no,:wordbook_id,:word_id,:disp_no,:creater_id,:updater_id,:del_flg,:create_dt,:update_dt );
2022-07-13 12:13:21,857 DEBUG [86218] [] saveAction end
2022-07-13 12:13:21,857 DEBUG [86218] [] WordSortController end
2022-07-13 12:13:21,858 DEBUG [86218] [] finally
2022-07-13 12:15:46,377 DEBUG [86219] [] Request URI : /eccadmin_dev/WordSort/back
2022-07-13 12:15:46,383 DEBUG [86219] [] WordSortController start
2022-07-13 12:15:46,383 DEBUG [86219] [] controllers/WordSortController.php: is exist
2022-07-13 12:15:46,386 DEBUG [86219] [] WordSortForm: is exist
2022-07-13 12:15:46,386 DEBUG [86219] [] WordSortForm: form value set 
2022-07-13 12:15:46,387 DEBUG [86219] [] ------------------------------/eccadmin_dev/WordSort/back
2022-07-13 12:15:46,387 DEBUG [86219] [] ------------------------------session_check_true
2022-07-13 12:15:46,387 DEBUG [86219] [] backAction start
2022-07-13 12:15:46,387 DEBUG [86219] [] backAction end
2022-07-13 12:15:46,387 DEBUG [86219] [] WordSortController end
2022-07-13 12:15:46,388 DEBUG [86219] [] finally
2022-07-13 12:15:46,411 DEBUG [86219] [] Request URI : /eccadmin_dev/WordBookList/Search
2022-07-13 12:15:46,416 DEBUG [86219] [] WordBookListController start
2022-07-13 12:15:46,416 DEBUG [86219] [] controllers/WordBookListController.php: is exist
2022-07-13 12:15:46,418 DEBUG [86219] [] WordBookListForm: is exist
2022-07-13 12:15:46,418 DEBUG [86219] [] WordBookListForm: form value set 
2022-07-13 12:15:46,419 DEBUG [86219] [] ------------------------------/eccadmin_dev/WordBookList/Search
2022-07-13 12:15:46,419 DEBUG [86219] [] SearchAction start
2022-07-13 12:15:46,419 DEBUG [86219] [] admin_no is 1
2022-07-13 12:15:46,491 DEBUG [86219] [] SearchAction end
2022-07-13 12:15:46,492 DEBUG [86219] [] WordBookListController end
2022-07-13 12:15:46,492 DEBUG [86219] [] finally
2022-07-13 12:15:52,078 DEBUG [86214] [] Request URI : /eccadmin_dev/WordBookList
2022-07-13 12:15:52,084 DEBUG [86214] [] WordBookListController start
2022-07-13 12:15:52,084 DEBUG [86214] [] controllers/WordBookListController.php: is exist
2022-07-13 12:15:52,087 DEBUG [86214] [] WordBookListForm: is exist
2022-07-13 12:15:52,087 DEBUG [86214] [] WordBookListForm: form value set 
2022-07-13 12:15:52,088 DEBUG [86214] [] ------------------------------/eccadmin_dev/WordBookList
2022-07-13 12:15:52,088 DEBUG [86214] [] indexAction start
2022-07-13 12:15:52,088 DEBUG [86214] [] admin_no is 1
2022-07-13 12:15:52,168 DEBUG [86214] [] indexAction end
2022-07-13 12:15:52,168 DEBUG [86214] [] WordBookListController end
2022-07-13 12:15:52,168 DEBUG [86214] [] finally
2022-07-13 12:44:20,987 DEBUG [86477] [] Request URI : /eccadmin_dev/WordBookList
2022-07-13 12:44:20,992 DEBUG [86477] [] WordBookListController start
2022-07-13 12:44:20,992 DEBUG [86477] [] controllers/WordBookListController.php: is exist
2022-07-13 12:44:20,995 DEBUG [86477] [] WordBookListForm: is exist
2022-07-13 12:44:20,995 DEBUG [86477] [] WordBookListForm: form value set 
2022-07-13 12:44:20,996 DEBUG [86477] [] ------------------------------/eccadmin_dev/WordBookList
2022-07-13 12:44:20,996 DEBUG [86477] [] indexAction start
2022-07-13 12:44:20,996 DEBUG [86477] [] admin_no is 1
2022-07-13 12:44:21,074 DEBUG [86477] [] indexAction end
2022-07-13 12:44:21,074 DEBUG [86477] [] WordBookListController end
2022-07-13 12:44:21,074 DEBUG [86477] [] finally
2022-07-13 12:44:23,505 DEBUG [86477] [] Request URI : /eccadmin_dev/WordSort/index
2022-07-13 12:44:23,510 DEBUG [86477] [] WordSortController start
2022-07-13 12:44:23,510 DEBUG [86477] [] controllers/WordSortController.php: is exist
2022-07-13 12:44:23,514 DEBUG [86477] [] WordSortForm: is exist
2022-07-13 12:44:23,514 DEBUG [86477] [] WordSortForm: form value set 
2022-07-13 12:44:23,515 DEBUG [86477] [] ------------------------------/eccadmin_dev/WordSort/index
2022-07-13 12:44:23,515 DEBUG [86477] [] ------------------------------session_check_true
2022-07-13 12:44:23,515 DEBUG [86477] [] indexAction start
2022-07-13 12:44:23,515 DEBUG [86477] [] admin_no is 1
2022-07-13 12:44:23,618 DEBUG [86477] [] indexAction end
2022-07-13 12:44:23,618 DEBUG [86477] [] WordSortController end
2022-07-13 12:44:23,618 DEBUG [86477] [] finally
2022-07-13 12:44:24,991 DEBUG [86477] [] Request URI : /eccadmin_dev/WordSort/save
2022-07-13 12:44:24,997 DEBUG [86477] [] WordSortController start
2022-07-13 12:44:24,997 DEBUG [86477] [] controllers/WordSortController.php: is exist
2022-07-13 12:44:25,000 DEBUG [86477] [] WordSortForm: is exist
2022-07-13 12:44:25,001 DEBUG [86477] [] WordSortForm: form value set 
2022-07-13 12:44:25,001 DEBUG [86477] [] ------------------------------/eccadmin_dev/WordSort/save
2022-07-13 12:44:25,001 DEBUG [86477] [] ------------------------------session_check_true
2022-07-13 12:44:25,001 DEBUG [86477] [] saveAction start
2022-07-13 12:44:25,002 DEBUG [86477] [] admin_no is 1
2022-07-13 12:44:25,005 DEBUG [86477] [] INSERT INTO  T_WORDBOOK_WORD (org_no,wordbook_id,word_id,disp_no,creater_id,updater_id,del_flg,create_dt,update_dt ) VALUES ( :org_no,:wordbook_id,:word_id,:disp_no,:creater_id,:updater_id,:del_flg,:create_dt,:update_dt );
2022-07-13 12:44:25,006 DEBUG [86477] [] INSERT INTO  T_WORDBOOK_WORD (org_no,wordbook_id,word_id,disp_no,creater_id,updater_id,del_flg,create_dt,update_dt ) VALUES ( :org_no,:wordbook_id,:word_id,:disp_no,:creater_id,:updater_id,:del_flg,:create_dt,:update_dt );
2022-07-13 12:44:25,012 DEBUG [86477] [] INSERT INTO  T_WORDBOOK_WORD (org_no,wordbook_id,word_id,disp_no,creater_id,updater_id,del_flg,create_dt,update_dt ) VALUES ( :org_no,:wordbook_id,:word_id,:disp_no,:creater_id,:updater_id,:del_flg,:create_dt,:update_dt );
2022-07-13 12:44:25,014 DEBUG [86477] [] INSERT INTO  T_WORDBOOK_WORD (org_no,wordbook_id,word_id,disp_no,creater_id,updater_id,del_flg,create_dt,update_dt ) VALUES ( :org_no,:wordbook_id,:word_id,:disp_no,:creater_id,:updater_id,:del_flg,:create_dt,:update_dt );
2022-07-13 12:44:25,015 DEBUG [86477] [] INSERT INTO  T_WORDBOOK_WORD (org_no,wordbook_id,word_id,disp_no,creater_id,updater_id,del_flg,create_dt,update_dt ) VALUES ( :org_no,:wordbook_id,:word_id,:disp_no,:creater_id,:updater_id,:del_flg,:create_dt,:update_dt );
2022-07-13 12:44:25,016 DEBUG [86477] [] INSERT INTO  T_WORDBOOK_WORD (org_no,wordbook_id,word_id,disp_no,creater_id,updater_id,del_flg,create_dt,update_dt ) VALUES ( :org_no,:wordbook_id,:word_id,:disp_no,:creater_id,:updater_id,:del_flg,:create_dt,:update_dt );
2022-07-13 12:44:25,018 DEBUG [86477] [] INSERT INTO  T_WORDBOOK_WORD (org_no,wordbook_id,word_id,disp_no,creater_id,updater_id,del_flg,create_dt,update_dt ) VALUES ( :org_no,:wordbook_id,:word_id,:disp_no,:creater_id,:updater_id,:del_flg,:create_dt,:update_dt );
2022-07-13 12:44:25,019 DEBUG [86477] [] INSERT INTO  T_WORDBOOK_WORD (org_no,wordbook_id,word_id,disp_no,creater_id,updater_id,del_flg,create_dt,update_dt ) VALUES ( :org_no,:wordbook_id,:word_id,:disp_no,:creater_id,:updater_id,:del_flg,:create_dt,:update_dt );
2022-07-13 12:44:25,020 DEBUG [86477] [] INSERT INTO  T_WORDBOOK_WORD (org_no,wordbook_id,word_id,disp_no,creater_id,updater_id,del_flg,create_dt,update_dt ) VALUES ( :org_no,:wordbook_id,:word_id,:disp_no,:creater_id,:updater_id,:del_flg,:create_dt,:update_dt );
2022-07-13 12:44:25,022 DEBUG [86477] [] INSERT INTO  T_WORDBOOK_WORD (org_no,wordbook_id,word_id,disp_no,creater_id,updater_id,del_flg,create_dt,update_dt ) VALUES ( :org_no,:wordbook_id,:word_id,:disp_no,:creater_id,:updater_id,:del_flg,:create_dt,:update_dt );
2022-07-13 12:44:25,023 DEBUG [86477] [] INSERT INTO  T_WORDBOOK_WORD (org_no,wordbook_id,word_id,disp_no,creater_id,updater_id,del_flg,create_dt,update_dt ) VALUES ( :org_no,:wordbook_id,:word_id,:disp_no,:creater_id,:updater_id,:del_flg,:create_dt,:update_dt );
2022-07-13 12:44:25,024 DEBUG [86477] [] INSERT INTO  T_WORDBOOK_WORD (org_no,wordbook_id,word_id,disp_no,creater_id,updater_id,del_flg,create_dt,update_dt ) VALUES ( :org_no,:wordbook_id,:word_id,:disp_no,:creater_id,:updater_id,:del_flg,:create_dt,:update_dt );
2022-07-13 12:44:25,025 DEBUG [86477] [] INSERT INTO  T_WORDBOOK_WORD (org_no,wordbook_id,word_id,disp_no,creater_id,updater_id,del_flg,create_dt,update_dt ) VALUES ( :org_no,:wordbook_id,:word_id,:disp_no,:creater_id,:updater_id,:del_flg,:create_dt,:update_dt );
2022-07-13 12:44:25,026 DEBUG [86477] [] INSERT INTO  T_WORDBOOK_WORD (org_no,wordbook_id,word_id,disp_no,creater_id,updater_id,del_flg,create_dt,update_dt ) VALUES ( :org_no,:wordbook_id,:word_id,:disp_no,:creater_id,:updater_id,:del_flg,:create_dt,:update_dt );
2022-07-13 12:44:25,027 DEBUG [86477] [] INSERT INTO  T_WORDBOOK_WORD (org_no,wordbook_id,word_id,disp_no,creater_id,updater_id,del_flg,create_dt,update_dt ) VALUES ( :org_no,:wordbook_id,:word_id,:disp_no,:creater_id,:updater_id,:del_flg,:create_dt,:update_dt );
2022-07-13 12:44:25,029 DEBUG [86477] [] INSERT INTO  T_WORDBOOK_WORD (org_no,wordbook_id,word_id,disp_no,creater_id,updater_id,del_flg,create_dt,update_dt ) VALUES ( :org_no,:wordbook_id,:word_id,:disp_no,:creater_id,:updater_id,:del_flg,:create_dt,:update_dt );
2022-07-13 12:44:25,030 DEBUG [86477] [] INSERT INTO  T_WORDBOOK_WORD (org_no,wordbook_id,word_id,disp_no,creater_id,updater_id,del_flg,create_dt,update_dt ) VALUES ( :org_no,:wordbook_id,:word_id,:disp_no,:creater_id,:updater_id,:del_flg,:create_dt,:update_dt );
2022-07-13 12:44:25,031 DEBUG [86477] [] INSERT INTO  T_WORDBOOK_WORD (org_no,wordbook_id,word_id,disp_no,creater_id,updater_id,del_flg,create_dt,update_dt ) VALUES ( :org_no,:wordbook_id,:word_id,:disp_no,:creater_id,:updater_id,:del_flg,:create_dt,:update_dt );
2022-07-13 12:44:25,032 DEBUG [86477] [] INSERT INTO  T_WORDBOOK_WORD (org_no,wordbook_id,word_id,disp_no,creater_id,updater_id,del_flg,create_dt,update_dt ) VALUES ( :org_no,:wordbook_id,:word_id,:disp_no,:creater_id,:updater_id,:del_flg,:create_dt,:update_dt );
2022-07-13 12:44:25,033 DEBUG [86477] [] INSERT INTO  T_WORDBOOK_WORD (org_no,wordbook_id,word_id,disp_no,creater_id,updater_id,del_flg,create_dt,update_dt ) VALUES ( :org_no,:wordbook_id,:word_id,:disp_no,:creater_id,:updater_id,:del_flg,:create_dt,:update_dt );
2022-07-13 12:44:25,035 DEBUG [86477] [] INSERT INTO  T_WORDBOOK_WORD (org_no,wordbook_id,word_id,disp_no,creater_id,updater_id,del_flg,create_dt,update_dt ) VALUES ( :org_no,:wordbook_id,:word_id,:disp_no,:creater_id,:updater_id,:del_flg,:create_dt,:update_dt );
2022-07-13 12:44:25,036 DEBUG [86477] [] INSERT INTO  T_WORDBOOK_WORD (org_no,wordbook_id,word_id,disp_no,creater_id,updater_id,del_flg,create_dt,update_dt ) VALUES ( :org_no,:wordbook_id,:word_id,:disp_no,:creater_id,:updater_id,:del_flg,:create_dt,:update_dt );
2022-07-13 12:44:25,037 DEBUG [86477] [] INSERT INTO  T_WORDBOOK_WORD (org_no,wordbook_id,word_id,disp_no,creater_id,updater_id,del_flg,create_dt,update_dt ) VALUES ( :org_no,:wordbook_id,:word_id,:disp_no,:creater_id,:updater_id,:del_flg,:create_dt,:update_dt );
2022-07-13 12:44:25,038 DEBUG [86477] [] INSERT INTO  T_WORDBOOK_WORD (org_no,wordbook_id,word_id,disp_no,creater_id,updater_id,del_flg,create_dt,update_dt ) VALUES ( :org_no,:wordbook_id,:word_id,:disp_no,:creater_id,:updater_id,:del_flg,:create_dt,:update_dt );
2022-07-13 12:44:25,040 DEBUG [86477] [] INSERT INTO  T_WORDBOOK_WORD (org_no,wordbook_id,word_id,disp_no,creater_id,updater_id,del_flg,create_dt,update_dt ) VALUES ( :org_no,:wordbook_id,:word_id,:disp_no,:creater_id,:updater_id,:del_flg,:create_dt,:update_dt );
2022-07-13 12:44:25,041 DEBUG [86477] [] INSERT INTO  T_WORDBOOK_WORD (org_no,wordbook_id,word_id,disp_no,creater_id,updater_id,del_flg,create_dt,update_dt ) VALUES ( :org_no,:wordbook_id,:word_id,:disp_no,:creater_id,:updater_id,:del_flg,:create_dt,:update_dt );
2022-07-13 12:44:25,043 DEBUG [86477] [] INSERT INTO  T_WORDBOOK_WORD (org_no,wordbook_id,word_id,disp_no,creater_id,updater_id,del_flg,create_dt,update_dt ) VALUES ( :org_no,:wordbook_id,:word_id,:disp_no,:creater_id,:updater_id,:del_flg,:create_dt,:update_dt );
2022-07-13 12:44:25,044 DEBUG [86477] [] INSERT INTO  T_WORDBOOK_WORD (org_no,wordbook_id,word_id,disp_no,creater_id,updater_id,del_flg,create_dt,update_dt ) VALUES ( :org_no,:wordbook_id,:word_id,:disp_no,:creater_id,:updater_id,:del_flg,:create_dt,:update_dt );
2022-07-13 12:44:25,045 DEBUG [86477] [] INSERT INTO  T_WORDBOOK_WORD (org_no,wordbook_id,word_id,disp_no,creater_id,updater_id,del_flg,create_dt,update_dt ) VALUES ( :org_no,:wordbook_id,:word_id,:disp_no,:creater_id,:updater_id,:del_flg,:create_dt,:update_dt );
2022-07-13 12:44:25,046 DEBUG [86477] [] INSERT INTO  T_WORDBOOK_WORD (org_no,wordbook_id,word_id,disp_no,creater_id,updater_id,del_flg,create_dt,update_dt ) VALUES ( :org_no,:wordbook_id,:word_id,:disp_no,:creater_id,:updater_id,:del_flg,:create_dt,:update_dt );
2022-07-13 12:44:25,047 DEBUG [86477] [] INSERT INTO  T_WORDBOOK_WORD (org_no,wordbook_id,word_id,disp_no,creater_id,updater_id,del_flg,create_dt,update_dt ) VALUES ( :org_no,:wordbook_id,:word_id,:disp_no,:creater_id,:updater_id,:del_flg,:create_dt,:update_dt );
2022-07-13 12:44:25,048 DEBUG [86477] [] INSERT INTO  T_WORDBOOK_WORD (org_no,wordbook_id,word_id,disp_no,creater_id,updater_id,del_flg,create_dt,update_dt ) VALUES ( :org_no,:wordbook_id,:word_id,:disp_no,:creater_id,:updater_id,:del_flg,:create_dt,:update_dt );
2022-07-13 12:44:25,049 DEBUG [86477] [] INSERT INTO  T_WORDBOOK_WORD (org_no,wordbook_id,word_id,disp_no,creater_id,updater_id,del_flg,create_dt,update_dt ) VALUES ( :org_no,:wordbook_id,:word_id,:disp_no,:creater_id,:updater_id,:del_flg,:create_dt,:update_dt );
2022-07-13 12:44:25,051 DEBUG [86477] [] INSERT INTO  T_WORDBOOK_WORD (org_no,wordbook_id,word_id,disp_no,creater_id,updater_id,del_flg,create_dt,update_dt ) VALUES ( :org_no,:wordbook_id,:word_id,:disp_no,:creater_id,:updater_id,:del_flg,:create_dt,:update_dt );
2022-07-13 12:44:25,137 DEBUG [86477] [] saveAction end
2022-07-13 12:44:25,137 DEBUG [86477] [] WordSortController end
2022-07-13 12:44:25,138 DEBUG [86477] [] finally
2022-07-13 12:50:30,211 DEBUG [86498] [] Request URI : /eccadmin_dev/WordBookList
2022-07-13 12:50:30,216 DEBUG [86498] [] WordBookListController start
2022-07-13 12:50:30,216 DEBUG [86498] [] controllers/WordBookListController.php: is exist
2022-07-13 12:50:30,219 DEBUG [86498] [] WordBookListForm: is exist
2022-07-13 12:50:30,220 DEBUG [86498] [] WordBookListForm: form value set 
2022-07-13 12:50:30,220 DEBUG [86498] [] ------------------------------/eccadmin_dev/WordBookList
2022-07-13 12:50:30,220 DEBUG [86498] [] indexAction start
2022-07-13 12:50:30,220 DEBUG [86498] [] admin_no is 1
2022-07-13 12:50:30,299 DEBUG [86498] [] indexAction end
2022-07-13 12:50:30,299 DEBUG [86498] [] WordBookListController end
2022-07-13 12:50:30,299 DEBUG [86498] [] finally
2022-07-13 12:51:24,625 DEBUG [86473] [] Request URI : /eccadmin_dev/WordBookList
2022-07-13 12:51:24,630 DEBUG [86473] [] WordBookListController start
2022-07-13 12:51:24,630 DEBUG [86473] [] controllers/WordBookListController.php: is exist
2022-07-13 12:51:24,633 DEBUG [86473] [] WordBookListForm: is exist
2022-07-13 12:51:24,633 DEBUG [86473] [] WordBookListForm: form value set 
2022-07-13 12:51:24,634 DEBUG [86473] [] ------------------------------/eccadmin_dev/WordBookList
2022-07-13 12:51:24,634 DEBUG [86473] [] indexAction start
2022-07-13 12:51:24,634 DEBUG [86473] [] admin_no is 1
2022-07-13 12:51:24,709 DEBUG [86473] [] indexAction end
2022-07-13 12:51:24,709 DEBUG [86473] [] WordBookListController end
2022-07-13 12:51:24,709 DEBUG [86473] [] finally
2022-07-13 13:09:59,699 DEBUG [86719] [] Request URI : /eccadmin_dev/WordRegist
2022-07-13 13:09:59,707 DEBUG [86719] [] WordRegistController start
2022-07-13 13:09:59,707 DEBUG [86719] [] controllers/WordRegistController.php: is exist
2022-07-13 13:09:59,712 DEBUG [86719] [] WordRegistForm: is exist
2022-07-13 13:09:59,713 DEBUG [86719] [] WordRegistForm: form value set 
2022-07-13 13:09:59,713 DEBUG [86719] [] ------------------------------/eccadmin_dev/WordRegist
2022-07-13 13:09:59,713 DEBUG [86719] [] ------------------------------session_check_true
2022-07-13 13:09:59,713 DEBUG [86719] [] indexAction start
2022-07-13 13:09:59,714 DEBUG [86719] [] admin_no is 1
2022-07-13 13:09:59,716 DEBUG [86719] [] word_id
2022-07-13 13:09:59,809 DEBUG [86719] [] indexAction end
2022-07-13 13:09:59,809 DEBUG [86719] [] WordRegistController end
2022-07-13 13:09:59,809 DEBUG [86719] [] finally
2022-07-13 13:10:02,082 DEBUG [86690] [] Request URI : /eccadmin_dev/WordList
2022-07-13 13:10:02,087 DEBUG [86690] [] WordListController start
2022-07-13 13:10:02,088 DEBUG [86690] [] controllers/WordListController.php: is exist
2022-07-13 13:10:02,090 DEBUG [86690] [] WordListForm: is exist
2022-07-13 13:10:02,090 DEBUG [86690] [] WordListForm: form value set 
2022-07-13 13:10:02,091 DEBUG [86690] [] ------------------------------/eccadmin_dev/WordList
2022-07-13 13:10:02,091 DEBUG [86690] [] indexAction start
2022-07-13 13:10:02,091 DEBUG [86690] [] admin_no is 1
2022-07-13 13:10:02,166 DEBUG [86690] [] indexAction end
2022-07-13 13:10:02,166 DEBUG [86690] [] WordListController end
2022-07-13 13:10:02,166 DEBUG [86690] [] finally
2022-07-13 13:10:03,201 DEBUG [86690] [] Request URI : /eccadmin_dev/WordRegist/index
2022-07-13 13:10:03,206 DEBUG [86690] [] WordRegistController start
2022-07-13 13:10:03,206 DEBUG [86690] [] controllers/WordRegistController.php: is exist
2022-07-13 13:10:03,210 DEBUG [86690] [] WordRegistForm: is exist
2022-07-13 13:10:03,210 DEBUG [86690] [] WordRegistForm: form value set 
2022-07-13 13:10:03,211 DEBUG [86690] [] ------------------------------/eccadmin_dev/WordRegist/index
2022-07-13 13:10:03,211 DEBUG [86690] [] ------------------------------session_check_true
2022-07-13 13:10:03,211 DEBUG [86690] [] indexAction start
2022-07-13 13:10:03,211 DEBUG [86690] [] admin_no is 1
2022-07-13 13:10:03,293 DEBUG [86690] [] indexAction end
2022-07-13 13:10:03,293 DEBUG [86690] [] WordRegistController end
2022-07-13 13:10:03,294 DEBUG [86690] [] finally
2022-07-13 13:19:28,511 DEBUG [86845] [] Request URI : /eccadmin_dev/Login
2022-07-13 13:19:28,515 DEBUG [86845] [] LoginController start
2022-07-13 13:19:28,515 DEBUG [86845] [] controllers/LoginController.php: is exist
2022-07-13 13:19:28,517 DEBUG [86845] [] LoginForm: is exist
2022-07-13 13:19:28,518 DEBUG [86845] [] LoginForm: form value set 
2022-07-13 13:19:28,518 DEBUG [86845] [] ------------------------------/eccadmin_dev/Login
2022-07-13 13:19:28,518 DEBUG [86845] [] ------------------------------login_start_check
2022-07-13 13:19:28,518 DEBUG [86845] [] indexAction start
2022-07-13 13:19:28,544 DEBUG [86845] [] indexAction end
2022-07-13 13:19:28,544 DEBUG [86845] [] LoginController end
2022-07-13 13:19:28,544 DEBUG [86845] [] finally
2022-07-13 13:19:31,321 DEBUG [86845] [] Request URI : /eccadmin_dev/Login/login
2022-07-13 13:19:31,327 DEBUG [86845] [] LoginController start
2022-07-13 13:19:31,327 DEBUG [86845] [] controllers/LoginController.php: is exist
2022-07-13 13:19:31,330 DEBUG [86845] [] LoginForm: is exist
2022-07-13 13:19:31,330 DEBUG [86845] [] LoginForm: form value set 
2022-07-13 13:19:31,331 DEBUG [86845] [] ------------------------------/eccadmin_dev/Login/login
2022-07-13 13:19:31,331 DEBUG [86845] [] ------------------------------login_start_check
2022-07-13 13:19:31,331 DEBUG [86845] [] loginAction start
2022-07-13 13:19:31,630 DEBUG [86845] [] loginAction end
2022-07-13 13:19:31,630 DEBUG [86845] [] LoginController end
2022-07-13 13:19:31,630 DEBUG [86845] [] finally
2022-07-13 13:19:31,653 DEBUG [86845] [] Request URI : /eccadmin_dev/Menu
2022-07-13 13:19:31,655 DEBUG [86845] [] MenuController start
2022-07-13 13:19:31,655 DEBUG [86845] [] controllers/MenuController.php: is exist
2022-07-13 13:19:31,657 DEBUG [86845] [] MenuForm: is exist
2022-07-13 13:19:31,657 DEBUG [86845] [] MenuForm: form value set 
2022-07-13 13:19:31,657 DEBUG [86845] [] ------------------------------/eccadmin_dev/Menu
2022-07-13 13:19:31,657 DEBUG [86845] [] ------------------------------login_start_check
2022-07-13 13:19:31,657 DEBUG [86845] [] indexAction start
2022-07-13 13:19:31,658 DEBUG [86845] [] admin_no is 1
2022-07-13 13:19:31,696 DEBUG [86845] [] indexAction end
2022-07-13 13:19:31,696 DEBUG [86845] [] MenuController end
2022-07-13 13:19:31,696 DEBUG [86845] [] finally
2022-07-13 13:19:34,182 DEBUG [86847] [] Request URI : /eccadmin_dev/WordBookList
2022-07-13 13:19:34,188 DEBUG [86847] [] WordBookListController start
2022-07-13 13:19:34,188 DEBUG [86847] [] controllers/WordBookListController.php: is exist
2022-07-13 13:19:34,191 DEBUG [86847] [] WordBookListForm: is exist
2022-07-13 13:19:34,191 DEBUG [86847] [] WordBookListForm: form value set 
2022-07-13 13:19:34,192 DEBUG [86847] [] ------------------------------/eccadmin_dev/WordBookList
2022-07-13 13:19:34,192 DEBUG [86847] [] indexAction start
2022-07-13 13:19:34,192 DEBUG [86847] [] admin_no is 1
2022-07-13 13:19:34,271 DEBUG [86847] [] indexAction end
2022-07-13 13:19:34,271 DEBUG [86847] [] WordBookListController end
2022-07-13 13:19:34,271 DEBUG [86847] [] finally
2022-07-13 13:19:41,926 DEBUG [86856] [] Request URI : /eccadmin_dev/WordBookWord/index
2022-07-13 13:19:41,929 DEBUG [86856] [] WordBookWordController start
2022-07-13 13:19:41,929 DEBUG [86856] [] controllers/WordBookWordController.php: is exist
2022-07-13 13:19:41,932 DEBUG [86856] [] WordBookWordForm: is exist
2022-07-13 13:19:41,933 DEBUG [86856] [] WordBookWordForm: form value set 
2022-07-13 13:19:41,933 DEBUG [86856] [] ------------------------------/eccadmin_dev/WordBookWord/index
2022-07-13 13:19:41,933 DEBUG [86856] [] ------------------------------session_check_true
2022-07-13 13:19:41,933 DEBUG [86856] [] indexAction start
2022-07-13 13:19:41,934 DEBUG [86856] [] admin_no is 1
2022-07-13 13:19:41,934 DEBUG [86856] [] unselectedSELECT  tw.org_no ,tw.word_id  ,tw.word  ,tw.translation  FROM T_WORD as tw  WHERE  tw.org_no=:org_no  AND tw.del_flg ='0'  ORDER BY  tw.org_no,tw.word_id ASC
2022-07-13 13:19:42,017 DEBUG [86856] [] indexAction end
2022-07-13 13:19:42,017 DEBUG [86856] [] WordBookWordController end
2022-07-13 13:19:42,017 DEBUG [86856] [] finally
2022-07-13 13:19:54,582 DEBUG [86861] [] Request URI : /eccadmin_dev/WordBookWord/back
2022-07-13 13:19:54,590 DEBUG [86861] [] WordBookWordController start
2022-07-13 13:19:54,590 DEBUG [86861] [] controllers/WordBookWordController.php: is exist
2022-07-13 13:19:54,595 DEBUG [86861] [] WordBookWordForm: is exist
2022-07-13 13:19:54,596 DEBUG [86861] [] WordBookWordForm: form value set 
2022-07-13 13:19:54,597 DEBUG [86861] [] ------------------------------/eccadmin_dev/WordBookWord/back
2022-07-13 13:19:54,597 DEBUG [86861] [] ------------------------------session_check_true
2022-07-13 13:19:54,597 DEBUG [86861] [] backAction start
2022-07-13 13:19:54,597 DEBUG [86861] [] backAction end
2022-07-13 13:19:54,597 DEBUG [86861] [] WordBookWordController end
2022-07-13 13:19:54,597 DEBUG [86861] [] finally
2022-07-13 13:19:54,624 DEBUG [86861] [] Request URI : /eccadmin_dev/WordBookList/Search
2022-07-13 13:19:54,628 DEBUG [86861] [] WordBookListController start
2022-07-13 13:19:54,628 DEBUG [86861] [] controllers/WordBookListController.php: is exist
2022-07-13 13:19:54,631 DEBUG [86861] [] WordBookListForm: is exist
2022-07-13 13:19:54,631 DEBUG [86861] [] WordBookListForm: form value set 
2022-07-13 13:19:54,632 DEBUG [86861] [] ------------------------------/eccadmin_dev/WordBookList/Search
2022-07-13 13:19:54,632 DEBUG [86861] [] SearchAction start
2022-07-13 13:19:54,632 DEBUG [86861] [] admin_no is 1
2022-07-13 13:19:54,707 DEBUG [86861] [] SearchAction end
2022-07-13 13:19:54,707 DEBUG [86861] [] WordBookListController end
2022-07-13 13:19:54,707 DEBUG [86861] [] finally
2022-07-13 13:19:55,810 DEBUG [86861] [] Request URI : /eccadmin_dev/WordSort/index
2022-07-13 13:19:55,815 DEBUG [86861] [] WordSortController start
2022-07-13 13:19:55,816 DEBUG [86861] [] controllers/WordSortController.php: is exist
2022-07-13 13:19:55,819 DEBUG [86861] [] WordSortForm: is exist
2022-07-13 13:19:55,819 DEBUG [86861] [] WordSortForm: form value set 
2022-07-13 13:19:55,820 DEBUG [86861] [] ------------------------------/eccadmin_dev/WordSort/index
2022-07-13 13:19:55,820 DEBUG [86861] [] ------------------------------session_check_true
2022-07-13 13:19:55,820 DEBUG [86861] [] indexAction start
2022-07-13 13:19:55,820 DEBUG [86861] [] admin_no is 1
2022-07-13 13:19:55,906 DEBUG [86861] [] indexAction end
2022-07-13 13:19:55,906 DEBUG [86861] [] WordSortController end
2022-07-13 13:19:55,906 DEBUG [86861] [] finally
2022-07-13 13:20:03,735 DEBUG [86837] [] Request URI : /eccadmin_dev/WordSort/back
2022-07-13 13:20:03,740 DEBUG [86837] [] WordSortController start
2022-07-13 13:20:03,741 DEBUG [86837] [] controllers/WordSortController.php: is exist
2022-07-13 13:20:03,744 DEBUG [86837] [] WordSortForm: is exist
2022-07-13 13:20:03,744 DEBUG [86837] [] WordSortForm: form value set 
2022-07-13 13:20:03,745 DEBUG [86837] [] ------------------------------/eccadmin_dev/WordSort/back
2022-07-13 13:20:03,745 DEBUG [86837] [] ------------------------------session_check_true
2022-07-13 13:20:03,745 DEBUG [86837] [] backAction start
2022-07-13 13:20:03,745 DEBUG [86837] [] backAction end
2022-07-13 13:20:03,745 DEBUG [86837] [] WordSortController end
2022-07-13 13:20:03,745 DEBUG [86837] [] finally
2022-07-13 13:20:03,777 DEBUG [86837] [] Request URI : /eccadmin_dev/WordBookList/Search
2022-07-13 13:20:03,782 DEBUG [86837] [] WordBookListController start
2022-07-13 13:20:03,782 DEBUG [86837] [] controllers/WordBookListController.php: is exist
2022-07-13 13:20:03,784 DEBUG [86837] [] WordBookListForm: is exist
2022-07-13 13:20:03,784 DEBUG [86837] [] WordBookListForm: form value set 
2022-07-13 13:20:03,785 DEBUG [86837] [] ------------------------------/eccadmin_dev/WordBookList/Search
2022-07-13 13:20:03,785 DEBUG [86837] [] SearchAction start
2022-07-13 13:20:03,785 DEBUG [86837] [] admin_no is 1
2022-07-13 13:20:03,850 DEBUG [86837] [] SearchAction end
2022-07-13 13:20:03,850 DEBUG [86837] [] WordBookListController end
2022-07-13 13:20:03,850 DEBUG [86837] [] finally
2022-07-13 13:20:06,354 DEBUG [86837] [] Request URI : /eccadmin_dev/WordList
2022-07-13 13:20:06,359 DEBUG [86837] [] WordListController start
2022-07-13 13:20:06,359 DEBUG [86837] [] controllers/WordListController.php: is exist
2022-07-13 13:20:06,362 DEBUG [86837] [] WordListForm: is exist
2022-07-13 13:20:06,362 DEBUG [86837] [] WordListForm: form value set 
2022-07-13 13:20:06,363 DEBUG [86837] [] ------------------------------/eccadmin_dev/WordList
2022-07-13 13:20:06,363 DEBUG [86837] [] indexAction start
2022-07-13 13:20:06,363 DEBUG [86837] [] admin_no is 1
2022-07-13 13:20:06,440 DEBUG [86837] [] indexAction end
2022-07-13 13:20:06,440 DEBUG [86837] [] WordListController end
2022-07-13 13:20:06,440 DEBUG [86837] [] finally
2022-07-13 13:20:09,789 DEBUG [86837] [] Request URI : /eccadmin_dev/WordRegist/index
2022-07-13 13:20:09,794 DEBUG [86837] [] WordRegistController start
2022-07-13 13:20:09,794 DEBUG [86837] [] controllers/WordRegistController.php: is exist
2022-07-13 13:20:09,799 DEBUG [86837] [] WordRegistForm: is exist
2022-07-13 13:20:09,799 DEBUG [86837] [] WordRegistForm: form value set 
2022-07-13 13:20:09,800 DEBUG [86837] [] ------------------------------/eccadmin_dev/WordRegist/index
2022-07-13 13:20:09,800 DEBUG [86837] [] ------------------------------session_check_true
2022-07-13 13:20:09,800 DEBUG [86837] [] indexAction start
2022-07-13 13:20:09,800 DEBUG [86837] [] admin_no is 1
2022-07-13 13:20:09,891 DEBUG [86837] [] indexAction end
2022-07-13 13:20:09,891 DEBUG [86837] [] WordRegistController end
2022-07-13 13:20:09,891 DEBUG [86837] [] finally
2022-07-13 13:20:11,296 DEBUG [86837] [] Request URI : /eccadmin_dev/WordRegist/back
2022-07-13 13:20:11,302 DEBUG [86837] [] WordRegistController start
2022-07-13 13:20:11,302 DEBUG [86837] [] controllers/WordRegistController.php: is exist
2022-07-13 13:20:11,307 DEBUG [86837] [] WordRegistForm: is exist
2022-07-13 13:20:11,307 DEBUG [86837] [] WordRegistForm: form value set 
2022-07-13 13:20:11,307 DEBUG [86837] [] ------------------------------/eccadmin_dev/WordRegist/back
2022-07-13 13:20:11,308 DEBUG [86837] [] ------------------------------session_check_true
2022-07-13 13:20:11,308 DEBUG [86837] [] backAction start
2022-07-13 13:20:11,308 DEBUG [86837] [] backAction end
2022-07-13 13:20:11,308 DEBUG [86837] [] WordRegistController end
2022-07-13 13:20:11,308 DEBUG [86837] [] finally
2022-07-13 13:20:11,339 DEBUG [86837] [] Request URI : /eccadmin_dev/WordList/Search
2022-07-13 13:20:11,344 DEBUG [86837] [] WordListController start
2022-07-13 13:20:11,344 DEBUG [86837] [] controllers/WordListController.php: is exist
2022-07-13 13:20:11,347 DEBUG [86837] [] WordListForm: is exist
2022-07-13 13:20:11,347 DEBUG [86837] [] WordListForm: form value set 
2022-07-13 13:20:11,348 DEBUG [86837] [] ------------------------------/eccadmin_dev/WordList/Search
2022-07-13 13:20:11,348 DEBUG [86837] [] SearchAction start
2022-07-13 13:20:11,348 DEBUG [86837] [] admin_no is 1
2022-07-13 13:20:11,425 DEBUG [86837] [] SearchAction end
2022-07-13 13:20:11,425 DEBUG [86837] [] WordListController end
2022-07-13 13:20:11,425 DEBUG [86837] [] finally
2022-07-13 13:20:12,263 DEBUG [86847] [] Request URI : /eccadmin_dev/WordRegist/index
2022-07-13 13:20:12,269 DEBUG [86847] [] WordRegistController start
2022-07-13 13:20:12,269 DEBUG [86847] [] controllers/WordRegistController.php: is exist
2022-07-13 13:20:12,274 DEBUG [86847] [] WordRegistForm: is exist
2022-07-13 13:20:12,274 DEBUG [86847] [] WordRegistForm: form value set 
2022-07-13 13:20:12,275 DEBUG [86847] [] ------------------------------/eccadmin_dev/WordRegist/index
2022-07-13 13:20:12,275 DEBUG [86847] [] ------------------------------session_check_true
2022-07-13 13:20:12,275 DEBUG [86847] [] indexAction start
2022-07-13 13:20:12,275 DEBUG [86847] [] admin_no is 1
2022-07-13 13:20:12,278 DEBUG [86847] [] word_id
2022-07-13 13:20:12,369 DEBUG [86847] [] indexAction end
2022-07-13 13:20:12,369 DEBUG [86847] [] WordRegistController end
2022-07-13 13:20:12,370 DEBUG [86847] [] finally
2022-07-13 13:20:17,180 DEBUG [86847] [] Request URI : /eccadmin_dev/WordRegist/back
2022-07-13 13:20:17,186 DEBUG [86847] [] WordRegistController start
2022-07-13 13:20:17,186 DEBUG [86847] [] controllers/WordRegistController.php: is exist
2022-07-13 13:20:17,191 DEBUG [86847] [] WordRegistForm: is exist
2022-07-13 13:20:17,191 DEBUG [86847] [] WordRegistForm: form value set 
2022-07-13 13:20:17,192 DEBUG [86847] [] ------------------------------/eccadmin_dev/WordRegist/back
2022-07-13 13:20:17,192 DEBUG [86847] [] ------------------------------session_check_true
2022-07-13 13:20:17,192 DEBUG [86847] [] backAction start
2022-07-13 13:20:17,192 DEBUG [86847] [] backAction end
2022-07-13 13:20:17,192 DEBUG [86847] [] WordRegistController end
2022-07-13 13:20:17,192 DEBUG [86847] [] finally
2022-07-13 13:20:17,223 DEBUG [86847] [] Request URI : /eccadmin_dev/WordList/Search
2022-07-13 13:20:17,228 DEBUG [86847] [] WordListController start
2022-07-13 13:20:17,229 DEBUG [86847] [] controllers/WordListController.php: is exist
2022-07-13 13:20:17,231 DEBUG [86847] [] WordListForm: is exist
2022-07-13 13:20:17,231 DEBUG [86847] [] WordListForm: form value set 
2022-07-13 13:20:17,232 DEBUG [86847] [] ------------------------------/eccadmin_dev/WordList/Search
2022-07-13 13:20:17,232 DEBUG [86847] [] SearchAction start
2022-07-13 13:20:17,232 DEBUG [86847] [] admin_no is 1
2022-07-13 13:20:17,306 DEBUG [86847] [] SearchAction end
2022-07-13 13:20:17,307 DEBUG [86847] [] WordListController end
2022-07-13 13:20:17,307 DEBUG [86847] [] finally
2022-07-13 13:20:18,980 DEBUG [86847] [] Request URI : /eccadmin_dev/WordRegist/index
2022-07-13 13:20:18,985 DEBUG [86847] [] WordRegistController start
2022-07-13 13:20:18,986 DEBUG [86847] [] controllers/WordRegistController.php: is exist
2022-07-13 13:20:18,991 DEBUG [86847] [] WordRegistForm: is exist
2022-07-13 13:20:18,991 DEBUG [86847] [] WordRegistForm: form value set 
2022-07-13 13:20:18,991 DEBUG [86847] [] ------------------------------/eccadmin_dev/WordRegist/index
2022-07-13 13:20:18,992 DEBUG [86847] [] ------------------------------session_check_true
2022-07-13 13:20:18,992 DEBUG [86847] [] indexAction start
2022-07-13 13:20:18,992 DEBUG [86847] [] admin_no is 1
2022-07-13 13:20:19,079 DEBUG [86847] [] indexAction end
2022-07-13 13:20:19,079 DEBUG [86847] [] WordRegistController end
2022-07-13 13:20:19,079 DEBUG [86847] [] finally
2022-07-13 13:20:52,230 DEBUG [86855] [] Request URI : /eccadmin_dev/Login/logout
2022-07-13 13:20:52,236 DEBUG [86855] [] LoginController start
2022-07-13 13:20:52,236 DEBUG [86855] [] controllers/LoginController.php: is exist
2022-07-13 13:20:52,239 DEBUG [86855] [] LoginForm: is exist
2022-07-13 13:20:52,240 DEBUG [86855] [] LoginForm: form value set 
2022-07-13 13:20:52,240 DEBUG [86855] [] ------------------------------/eccadmin_dev/Login/logout
2022-07-13 13:20:52,240 DEBUG [86855] [] ------------------------------login_start_check
2022-07-13 13:20:52,240 DEBUG [86855] [] logoutAction start
2022-07-13 13:20:52,241 DEBUG [86855] [] logoutAction end
2022-07-13 13:20:52,241 DEBUG [86855] [] LoginController end
2022-07-13 13:20:52,241 DEBUG [86855] [] finally
2022-07-13 13:20:52,266 DEBUG [86855] [] Request URI : /eccadmin_dev/Login
2022-07-13 13:20:52,270 DEBUG [86855] [] LoginController start
2022-07-13 13:20:52,270 DEBUG [86855] [] controllers/LoginController.php: is exist
2022-07-13 13:20:52,273 DEBUG [86855] [] LoginForm: is exist
2022-07-13 13:20:52,273 DEBUG [86855] [] LoginForm: form value set 
2022-07-13 13:20:52,274 DEBUG [86855] [] ------------------------------/eccadmin_dev/Login
2022-07-13 13:20:52,274 DEBUG [86855] [] ------------------------------login_start_check
2022-07-13 13:20:52,274 DEBUG [86855] [] indexAction start
2022-07-13 13:20:52,301 DEBUG [86855] [] indexAction end
2022-07-13 13:20:52,301 DEBUG [86855] [] LoginController end
2022-07-13 13:20:52,301 DEBUG [86855] [] finally
