2022-08-02 18:56:13,859 DEBUG [77700] [] Request URI : /eccadmin_dev/Login
2022-08-02 18:56:13,882 DEBUG [77700] [] LoginController start
2022-08-02 18:56:13,882 DEBUG [77700] [] controllers/LoginController.php: is exist
2022-08-02 18:56:13,883 DEBUG [77700] [] LoginForm: is exist
2022-08-02 18:56:13,883 DEBUG [77700] [] LoginForm: form value set 
2022-08-02 18:56:13,883 DEBUG [77700] [] ------------------------------/eccadmin_dev/Login
2022-08-02 18:56:13,883 DEBUG [77700] [] ------------------------------login_start_check
2022-08-02 18:56:13,884 DEBUG [77700] [] indexAction start
2022-08-02 18:56:13,923 DEBUG [77700] [] indexAction end
2022-08-02 18:56:13,923 DEBUG [77700] [] LoginController end
2022-08-02 18:56:13,924 DEBUG [77700] [] finally
2022-08-02 18:56:17,398 DEBUG [77700] [] Request URI : /eccadmin_dev/Login/login
2022-08-02 18:56:17,398 DEBUG [77700] [] LoginController start
2022-08-02 18:56:17,398 DEBUG [77700] [] controllers/LoginController.php: is exist
2022-08-02 18:56:17,398 DEBUG [77700] [] LoginForm: is exist
2022-08-02 18:56:17,399 DEBUG [77700] [] LoginForm: form value set 
2022-08-02 18:56:17,399 DEBUG [77700] [] ------------------------------/eccadmin_dev/Login/login
2022-08-02 18:56:17,399 DEBUG [77700] [] ------------------------------login_start_check
2022-08-02 18:56:17,399 DEBUG [77700] [] loginAction start
2022-08-02 18:56:17,699 DEBUG [77700] [] loginAction end
2022-08-02 18:56:17,699 DEBUG [77700] [] LoginController end
2022-08-02 18:56:17,700 DEBUG [77700] [] finally
2022-08-02 18:56:17,720 DEBUG [77700] [] Request URI : /eccadmin_dev/Menu
2022-08-02 18:56:17,721 DEBUG [77700] [] MenuController start
2022-08-02 18:56:17,721 DEBUG [77700] [] controllers/MenuController.php: is exist
2022-08-02 18:56:17,721 DEBUG [77700] [] MenuForm: is exist
2022-08-02 18:56:17,721 DEBUG [77700] [] MenuForm: form value set 
2022-08-02 18:56:17,721 DEBUG [77700] [] ------------------------------/eccadmin_dev/Menu
2022-08-02 18:56:17,721 DEBUG [77700] [] ------------------------------login_start_check
2022-08-02 18:56:17,721 DEBUG [77700] [] indexAction start
2022-08-02 18:56:17,722 DEBUG [77700] [] admin_no is 1
2022-08-02 18:56:17,749 DEBUG [77700] [] indexAction end
2022-08-02 18:56:17,749 DEBUG [77700] [] MenuController end
2022-08-02 18:56:17,749 DEBUG [77700] [] finally
2022-08-02 18:56:22,083 DEBUG [77700] [] Request URI : /eccadmin_dev/ReportList
2022-08-02 18:56:22,083 DEBUG [77700] [] ReportListController start
2022-08-02 18:56:22,083 DEBUG [77700] [] controllers/ReportListController.php: is exist
2022-08-02 18:56:22,087 DEBUG [77700] [] ReportListForm: is exist
2022-08-02 18:56:22,088 DEBUG [77700] [] ReportListForm: form value set 
2022-08-02 18:56:22,088 DEBUG [77700] [] ------------------------------/eccadmin_dev/ReportList
2022-08-02 18:56:22,088 DEBUG [77700] [] indexAction start
2022-08-02 18:56:22,088 DEBUG [77700] [] admin_no is 1
2022-08-02 18:56:22,153 DEBUG [77700] [] indexAction end
2022-08-02 18:56:22,153 DEBUG [77700] [] ReportListController end
2022-08-02 18:56:22,153 DEBUG [77700] [] finally
2022-08-02 18:56:26,194 DEBUG [77639] [] Request URI : /eccadmin_dev/ReportRegist/index
2022-08-02 18:56:26,195 DEBUG [77639] [] ReportRegistController start
2022-08-02 18:56:26,195 DEBUG [77639] [] controllers/ReportRegistController.php: is exist
2022-08-02 18:56:26,199 DEBUG [77639] [] ReportRegistForm: is exist
2022-08-02 18:56:26,200 DEBUG [77639] [] ReportRegistForm: form value set 
2022-08-02 18:56:26,200 DEBUG [77639] [] ------------------------------/eccadmin_dev/ReportRegist/index
2022-08-02 18:56:26,200 DEBUG [77639] [] ------------------------------session_check_true
2022-08-02 18:56:26,200 DEBUG [77639] [] indexAction start
2022-08-02 18:56:26,200 DEBUG [77639] [] admin_no is 1
2022-08-02 18:56:26,268 DEBUG [77639] [] indexAction end
2022-08-02 18:56:26,269 DEBUG [77639] [] ReportRegistController end
2022-08-02 18:56:26,269 DEBUG [77639] [] finally
2022-08-02 18:56:50,280 DEBUG [77675] [] Request URI : /eccadmin_dev/ReportRegist/save
2022-08-02 18:56:50,281 DEBUG [77675] [] ReportRegistController start
2022-08-02 18:56:50,281 DEBUG [77675] [] controllers/ReportRegistController.php: is exist
2022-08-02 18:56:50,285 DEBUG [77675] [] ReportRegistForm: is exist
2022-08-02 18:56:50,286 DEBUG [77675] [] ReportRegistForm: form value set 
2022-08-02 18:56:50,286 DEBUG [77675] [] ------------------------------/eccadmin_dev/ReportRegist/save
2022-08-02 18:56:50,286 DEBUG [77675] [] ------------------------------session_check_true
2022-08-02 18:56:50,286 DEBUG [77675] [] saveAction start
2022-08-02 18:56:50,365 DEBUG [77675] [] saveAction end
2022-08-02 18:56:50,365 DEBUG [77675] [] ReportRegistController end
2022-08-02 18:56:50,365 DEBUG [77675] [] finally
2022-08-02 18:58:32,723 DEBUG [77700] [] Request URI : /eccadmin_dev/ReportRegist/save
2022-08-02 18:58:32,724 DEBUG [77700] [] ReportRegistController start
2022-08-02 18:58:32,724 DEBUG [77700] [] controllers/ReportRegistController.php: is exist
2022-08-02 18:58:32,728 DEBUG [77700] [] ReportRegistForm: is exist
2022-08-02 18:58:32,729 DEBUG [77700] [] ReportRegistForm: form value set 
2022-08-02 18:58:32,729 DEBUG [77700] [] ------------------------------/eccadmin_dev/ReportRegist/save
2022-08-02 18:58:32,729 DEBUG [77700] [] ------------------------------session_check_true
2022-08-02 18:58:32,729 DEBUG [77700] [] saveAction start
2022-08-02 18:58:32,806 DEBUG [77700] [] saveAction end
2022-08-02 18:58:32,806 DEBUG [77700] [] ReportRegistController end
2022-08-02 18:58:32,806 DEBUG [77700] [] finally
2022-08-02 18:59:39,471 DEBUG [77686] [] Request URI : /eccadmin_dev/ReportRegist/save
2022-08-02 18:59:39,472 DEBUG [77686] [] ReportRegistController start
2022-08-02 18:59:39,472 DEBUG [77686] [] controllers/ReportRegistController.php: is exist
2022-08-02 18:59:39,476 DEBUG [77686] [] ReportRegistForm: is exist
2022-08-02 18:59:39,477 DEBUG [77686] [] ReportRegistForm: form value set 
2022-08-02 18:59:39,477 DEBUG [77686] [] ------------------------------/eccadmin_dev/ReportRegist/save
2022-08-02 18:59:39,477 DEBUG [77686] [] ------------------------------session_check_true
2022-08-02 18:59:39,477 DEBUG [77686] [] saveAction start
2022-08-02 18:59:39,550 DEBUG [77686] [] saveAction end
2022-08-02 18:59:39,550 DEBUG [77686] [] ReportRegistController end
2022-08-02 18:59:39,550 DEBUG [77686] [] finally
2022-08-02 19:00:46,150 DEBUG [77686] [] Request URI : /eccadmin_dev/ReportRegist/save
2022-08-02 19:00:46,150 DEBUG [77686] [] ReportRegistController start
2022-08-02 19:00:46,151 DEBUG [77686] [] controllers/ReportRegistController.php: is exist
2022-08-02 19:00:46,155 DEBUG [77686] [] ReportRegistForm: is exist
2022-08-02 19:00:46,155 DEBUG [77686] [] ReportRegistForm: form value set 
2022-08-02 19:00:46,156 DEBUG [77686] [] ------------------------------/eccadmin_dev/ReportRegist/save
2022-08-02 19:00:46,156 DEBUG [77686] [] ------------------------------session_check_true
2022-08-02 19:00:46,156 DEBUG [77686] [] saveAction start
2022-08-02 19:00:46,229 DEBUG [77686] [] saveAction end
2022-08-02 19:00:46,229 DEBUG [77686] [] ReportRegistController end
2022-08-02 19:00:46,229 DEBUG [77686] [] finally
2022-08-02 19:01:47,907 DEBUG [77700] [] Request URI : /eccadmin_dev/ReportRegist/save
2022-08-02 19:01:47,908 DEBUG [77700] [] ReportRegistController start
2022-08-02 19:01:47,908 DEBUG [77700] [] controllers/ReportRegistController.php: is exist
2022-08-02 19:01:47,913 DEBUG [77700] [] ReportRegistForm: is exist
2022-08-02 19:01:47,913 DEBUG [77700] [] ReportRegistForm: form value set 
2022-08-02 19:01:47,914 DEBUG [77700] [] ------------------------------/eccadmin_dev/ReportRegist/save
2022-08-02 19:01:47,914 DEBUG [77700] [] ------------------------------session_check_true
2022-08-02 19:01:47,914 DEBUG [77700] [] saveAction start
2022-08-02 19:01:47,987 DEBUG [77700] [] saveAction end
2022-08-02 19:01:47,987 DEBUG [77700] [] ReportRegistController end
2022-08-02 19:01:47,987 DEBUG [77700] [] finally
