2022-02-15 09:51:25,340 DEBUG [162736] [] Request URI : /eccadmin_dev/AtReportList
2022-02-15 09:51:25,356 DEBUG [162736] [] AtReportListController start
2022-02-15 09:51:25,356 DEBUG [162736] [] controllers/AtReportListController.php: is exist
2022-02-15 09:51:25,356 DEBUG [162736] [] AtReportListForm: is exist
2022-02-15 09:51:25,356 DEBUG [162736] [] AtReportListForm: form value set 
2022-02-15 09:51:25,357 DEBUG [162736] [] ------------------------------/eccadmin_dev/AtReportList
2022-02-15 09:51:25,357 DEBUG [162736] [] indexAction start
2022-02-15 09:51:25,357 DEBUG [162736] [] admin_no is 
2022-02-15 09:51:25,357 DEBUG [162736] [] indexAction end
2022-02-15 09:51:25,358 DEBUG [162736] [] AtReportListController end
2022-02-15 09:51:25,358 DEBUG [162736] [] finally
2022-02-15 09:51:25,376 DEBUG [162736] [] Request URI : /eccadmin_dev/Error/disp
2022-02-15 09:51:25,377 DEBUG [162736] [] ErrorController start
2022-02-15 09:51:25,377 DEBUG [162736] [] controllers/ErrorController.php: is exist
2022-02-15 09:51:25,377 DEBUG [162736] [] ErrorForm: is exist
2022-02-15 09:51:25,378 DEBUG [162736] [] ErrorForm: form value set 
2022-02-15 09:51:25,378 DEBUG [162736] [] ------------------------------/eccadmin_dev/Error/disp
2022-02-15 09:51:25,378 DEBUG [162736] [] ------------------------------login_start_check
2022-02-15 09:51:25,378 DEBUG [162736] [] dispAction start
2022-02-15 09:51:25,414 DEBUG [162736] [] dispAction end
2022-02-15 09:51:25,414 DEBUG [162736] [] ErrorController end
2022-02-15 09:51:25,414 DEBUG [162736] [] finally
2022-02-15 09:58:36,632 DEBUG [162792] [] Request URI : /eccadmin_dev/Login
2022-02-15 09:58:36,633 DEBUG [162792] [] LoginController start
2022-02-15 09:58:36,633 DEBUG [162792] [] controllers/LoginController.php: is exist
2022-02-15 09:58:36,633 DEBUG [162792] [] LoginForm: is exist
2022-02-15 09:58:36,633 DEBUG [162792] [] LoginForm: form value set 
2022-02-15 09:58:36,634 DEBUG [162792] [] ------------------------------/eccadmin_dev/Login
2022-02-15 09:58:36,634 DEBUG [162792] [] ------------------------------login_start_check
2022-02-15 09:58:36,634 DEBUG [162792] [] indexAction start
2022-02-15 09:58:36,649 DEBUG [162792] [] indexAction end
2022-02-15 09:58:36,649 DEBUG [162792] [] LoginController end
2022-02-15 09:58:36,649 DEBUG [162792] [] finally
2022-02-15 10:12:17,310 DEBUG [162877] [] Request URI : /eccadmin_dev/Login/login
2022-02-15 10:12:17,310 DEBUG [162877] [] LoginController start
2022-02-15 10:12:17,311 DEBUG [162877] [] controllers/LoginController.php: is exist
2022-02-15 10:12:17,311 DEBUG [162877] [] LoginForm: is exist
2022-02-15 10:12:17,311 DEBUG [162877] [] LoginForm: form value set 
2022-02-15 10:12:17,311 DEBUG [162877] [] ------------------------------/eccadmin_dev/Login/login
2022-02-15 10:12:17,312 DEBUG [162877] [] ------------------------------login_start_check
2022-02-15 10:12:17,312 DEBUG [162877] [] loginAction start
2022-02-15 10:12:17,603 DEBUG [162877] [] loginAction end
2022-02-15 10:12:17,603 DEBUG [162877] [] LoginController end
2022-02-15 10:12:17,603 DEBUG [162877] [] finally
2022-02-15 10:12:17,641 DEBUG [162877] [] Request URI : /eccadmin_dev/Menu
2022-02-15 10:12:17,641 DEBUG [162877] [] MenuController start
2022-02-15 10:12:17,641 DEBUG [162877] [] controllers/MenuController.php: is exist
2022-02-15 10:12:17,642 DEBUG [162877] [] MenuForm: is exist
2022-02-15 10:12:17,642 DEBUG [162877] [] MenuForm: form value set 
2022-02-15 10:12:17,642 DEBUG [162877] [] ------------------------------/eccadmin_dev/Menu
2022-02-15 10:12:17,642 DEBUG [162877] [] ------------------------------login_start_check
2022-02-15 10:12:17,642 DEBUG [162877] [] indexAction start
2022-02-15 10:12:17,642 DEBUG [162877] [] admin_no is 1
2022-02-15 10:12:17,683 DEBUG [162877] [] indexAction end
2022-02-15 10:12:17,684 DEBUG [162877] [] MenuController end
2022-02-15 10:12:17,684 DEBUG [162877] [] finally
2022-02-15 10:12:56,218 DEBUG [162792] [] Request URI : /eccadmin_dev/AtReportList
2022-02-15 10:12:56,219 DEBUG [162792] [] AtReportListController start
2022-02-15 10:12:56,219 DEBUG [162792] [] controllers/AtReportListController.php: is exist
2022-02-15 10:12:56,219 DEBUG [162792] [] AtReportListForm: is exist
2022-02-15 10:12:56,220 DEBUG [162792] [] AtReportListForm: form value set 
2022-02-15 10:12:56,220 DEBUG [162792] [] ------------------------------/eccadmin_dev/AtReportList
2022-02-15 10:12:56,220 DEBUG [162792] [] indexAction start
2022-02-15 10:12:56,220 DEBUG [162792] [] admin_no is 1
2022-02-15 10:12:56,300 DEBUG [162792] [] indexAction end
2022-02-15 10:12:56,300 DEBUG [162792] [] AtReportListController end
2022-02-15 10:12:56,300 DEBUG [162792] [] finally
2022-02-15 10:12:58,647 DEBUG [162792] [] Request URI : /eccadmin_dev/AtReportRegist/index
2022-02-15 10:12:58,648 DEBUG [162792] [] AtReportRegistController start
2022-02-15 10:12:58,648 DEBUG [162792] [] controllers/AtReportRegistController.php: is exist
2022-02-15 10:12:58,648 DEBUG [162792] [] AtReportRegistForm: is exist
2022-02-15 10:12:58,648 DEBUG [162792] [] AtReportRegistForm: form value set 
2022-02-15 10:12:58,649 DEBUG [162792] [] ------------------------------/eccadmin_dev/AtReportRegist/index
2022-02-15 10:12:58,649 DEBUG [162792] [] ------------------------------session_check_true
2022-02-15 10:12:58,649 DEBUG [162792] [] indexAction start
2022-02-15 10:12:58,649 DEBUG [162792] [] admin_no is 1
2022-02-15 10:12:58,730 DEBUG [162792] [] indexAction end
2022-02-15 10:12:58,730 DEBUG [162792] [] AtReportRegistController end
2022-02-15 10:12:58,730 DEBUG [162792] [] finally
2022-02-15 10:13:18,684 DEBUG [162883] [] Request URI : /eccadmin_dev/AtReportRegist/save
2022-02-15 10:13:18,685 DEBUG [162883] [] AtReportRegistController start
2022-02-15 10:13:18,685 DEBUG [162883] [] controllers/AtReportRegistController.php: is exist
2022-02-15 10:13:18,686 DEBUG [162883] [] AtReportRegistForm: is exist
2022-02-15 10:13:18,686 DEBUG [162883] [] AtReportRegistForm: form value set 
2022-02-15 10:13:18,686 DEBUG [162883] [] ------------------------------/eccadmin_dev/AtReportRegist/save
2022-02-15 10:13:18,687 DEBUG [162883] [] ------------------------------session_check_true
2022-02-15 10:13:18,687 DEBUG [162883] [] saveAction start
2022-02-15 10:13:18,690 DEBUG [162883] [] admin_no is 1
2022-02-15 10:13:18,690 DEBUG [162883] [] saveAction end
2022-02-15 10:13:18,690 DEBUG [162883] [] AtReportRegistController end
2022-02-15 10:13:18,691 DEBUG [162883] [] finally
2022-02-15 10:13:18,713 DEBUG [162883] [] Request URI : /eccadmin_dev/AtReportList/Search
2022-02-15 10:13:18,714 DEBUG [162883] [] AtReportListController start
2022-02-15 10:13:18,714 DEBUG [162883] [] controllers/AtReportListController.php: is exist
2022-02-15 10:13:18,714 DEBUG [162883] [] AtReportListForm: is exist
2022-02-15 10:13:18,714 DEBUG [162883] [] AtReportListForm: form value set 
2022-02-15 10:13:18,715 DEBUG [162883] [] ------------------------------/eccadmin_dev/AtReportList/Search
2022-02-15 10:13:18,715 DEBUG [162883] [] SearchAction start
2022-02-15 10:13:18,715 DEBUG [162883] [] --------back--------
2022-02-15 10:13:18,715 DEBUG [162883] [] admin_no is 1
2022-02-15 10:13:18,777 DEBUG [162883] [] SearchAction end
2022-02-15 10:13:18,777 DEBUG [162883] [] AtReportListController end
2022-02-15 10:13:18,777 DEBUG [162883] [] finally
2022-02-15 10:15:31,044 DEBUG [162848] [] Request URI : /eccadmin_dev/AtReportRegist/index
2022-02-15 10:15:31,045 DEBUG [162848] [] AtReportRegistController start
2022-02-15 10:15:31,045 DEBUG [162848] [] controllers/AtReportRegistController.php: is exist
2022-02-15 10:15:31,045 DEBUG [162848] [] AtReportRegistForm: is exist
2022-02-15 10:15:31,046 DEBUG [162848] [] AtReportRegistForm: form value set 
2022-02-15 10:15:31,046 DEBUG [162848] [] ------------------------------/eccadmin_dev/AtReportRegist/index
2022-02-15 10:15:31,046 DEBUG [162848] [] ------------------------------session_check_true
2022-02-15 10:15:31,046 DEBUG [162848] [] indexAction start
2022-02-15 10:15:31,047 DEBUG [162848] [] admin_no is 1
2022-02-15 10:15:31,124 DEBUG [162848] [] indexAction end
2022-02-15 10:15:31,124 DEBUG [162848] [] AtReportRegistController end
2022-02-15 10:15:31,124 DEBUG [162848] [] finally
2022-02-15 10:15:40,467 DEBUG [162883] [] Request URI : /eccadmin_dev/AtReportRegist/save
2022-02-15 10:15:40,468 DEBUG [162883] [] AtReportRegistController start
2022-02-15 10:15:40,468 DEBUG [162883] [] controllers/AtReportRegistController.php: is exist
2022-02-15 10:15:40,468 DEBUG [162883] [] AtReportRegistForm: is exist
2022-02-15 10:15:40,469 DEBUG [162883] [] AtReportRegistForm: form value set 
2022-02-15 10:15:40,469 DEBUG [162883] [] ------------------------------/eccadmin_dev/AtReportRegist/save
2022-02-15 10:15:40,469 DEBUG [162883] [] ------------------------------session_check_true
2022-02-15 10:15:40,469 DEBUG [162883] [] saveAction start
2022-02-15 10:15:40,473 DEBUG [162883] [] admin_no is 1
2022-02-15 10:15:40,473 DEBUG [162883] [] saveAction end
2022-02-15 10:15:40,473 DEBUG [162883] [] AtReportRegistController end
2022-02-15 10:15:40,473 DEBUG [162883] [] finally
2022-02-15 10:15:40,519 DEBUG [162883] [] Request URI : /eccadmin_dev/AtReportList/Search
2022-02-15 10:15:40,519 DEBUG [162883] [] AtReportListController start
2022-02-15 10:15:40,519 DEBUG [162883] [] controllers/AtReportListController.php: is exist
2022-02-15 10:15:40,519 DEBUG [162883] [] AtReportListForm: is exist
2022-02-15 10:15:40,520 DEBUG [162883] [] AtReportListForm: form value set 
2022-02-15 10:15:40,520 DEBUG [162883] [] ------------------------------/eccadmin_dev/AtReportList/Search
2022-02-15 10:15:40,520 DEBUG [162883] [] SearchAction start
2022-02-15 10:15:40,520 DEBUG [162883] [] --------back--------
2022-02-15 10:15:40,520 DEBUG [162883] [] admin_no is 1
2022-02-15 10:15:40,581 DEBUG [162883] [] SearchAction end
2022-02-15 10:15:40,581 DEBUG [162883] [] AtReportListController end
2022-02-15 10:15:40,581 DEBUG [162883] [] finally
2022-02-15 10:17:20,126 DEBUG [162964] [] Request URI : /eccadmin_dev/AtReportRegist/index
2022-02-15 10:17:20,130 DEBUG [162964] [] AtReportRegistController start
2022-02-15 10:17:20,130 DEBUG [162964] [] controllers/AtReportRegistController.php: is exist
2022-02-15 10:17:20,131 DEBUG [162964] [] AtReportRegistForm: is exist
2022-02-15 10:17:20,131 DEBUG [162964] [] AtReportRegistForm: form value set 
2022-02-15 10:17:20,132 DEBUG [162964] [] ------------------------------/eccadmin_dev/AtReportRegist/index
2022-02-15 10:17:20,132 DEBUG [162964] [] ------------------------------session_check_true
2022-02-15 10:17:20,132 DEBUG [162964] [] indexAction start
2022-02-15 10:17:20,132 DEBUG [162964] [] admin_no is 1
2022-02-15 10:17:20,204 DEBUG [162964] [] indexAction end
2022-02-15 10:17:20,204 DEBUG [162964] [] AtReportRegistController end
2022-02-15 10:17:20,205 DEBUG [162964] [] finally
2022-02-15 10:17:28,249 DEBUG [162965] [] Request URI : /eccadmin_dev/AtReportRegist/save
2022-02-15 10:17:28,253 DEBUG [162965] [] AtReportRegistController start
2022-02-15 10:17:28,253 DEBUG [162965] [] controllers/AtReportRegistController.php: is exist
2022-02-15 10:17:28,254 DEBUG [162965] [] AtReportRegistForm: is exist
2022-02-15 10:17:28,254 DEBUG [162965] [] AtReportRegistForm: form value set 
2022-02-15 10:17:28,255 DEBUG [162965] [] ------------------------------/eccadmin_dev/AtReportRegist/save
2022-02-15 10:17:28,255 DEBUG [162965] [] ------------------------------session_check_true
2022-02-15 10:17:28,255 DEBUG [162965] [] saveAction start
2022-02-15 10:17:28,259 DEBUG [162965] [] admin_no is 1
2022-02-15 10:17:28,259 DEBUG [162965] [] saveAction end
2022-02-15 10:17:28,259 DEBUG [162965] [] AtReportRegistController end
2022-02-15 10:17:28,260 DEBUG [162965] [] finally
2022-02-15 10:17:28,301 DEBUG [162965] [] Request URI : /eccadmin_dev/AtReportList/Search
2022-02-15 10:17:28,301 DEBUG [162965] [] AtReportListController start
2022-02-15 10:17:28,301 DEBUG [162965] [] controllers/AtReportListController.php: is exist
2022-02-15 10:17:28,301 DEBUG [162965] [] AtReportListForm: is exist
2022-02-15 10:17:28,301 DEBUG [162965] [] AtReportListForm: form value set 
2022-02-15 10:17:28,302 DEBUG [162965] [] ------------------------------/eccadmin_dev/AtReportList/Search
2022-02-15 10:17:28,302 DEBUG [162965] [] SearchAction start
2022-02-15 10:17:28,302 DEBUG [162965] [] --------back--------
2022-02-15 10:17:28,302 DEBUG [162965] [] admin_no is 1
2022-02-15 10:17:28,365 DEBUG [162965] [] SearchAction end
2022-02-15 10:17:28,365 DEBUG [162965] [] AtReportListController end
2022-02-15 10:17:28,365 DEBUG [162965] [] finally
2022-02-15 10:18:49,234 DEBUG [162977] [] Request URI : /eccadmin_dev/AtReportRegist/index
2022-02-15 10:18:49,234 DEBUG [162977] [] AtReportRegistController start
2022-02-15 10:18:49,234 DEBUG [162977] [] controllers/AtReportRegistController.php: is exist
2022-02-15 10:18:49,235 DEBUG [162977] [] AtReportRegistForm: is exist
2022-02-15 10:18:49,235 DEBUG [162977] [] AtReportRegistForm: form value set 
2022-02-15 10:18:49,236 DEBUG [162977] [] ------------------------------/eccadmin_dev/AtReportRegist/index
2022-02-15 10:18:49,236 DEBUG [162977] [] ------------------------------session_check_true
2022-02-15 10:18:49,236 DEBUG [162977] [] indexAction start
2022-02-15 10:18:49,236 DEBUG [162977] [] admin_no is 1
2022-02-15 10:18:49,317 DEBUG [162977] [] indexAction end
2022-02-15 10:18:49,317 DEBUG [162977] [] AtReportRegistController end
2022-02-15 10:18:49,317 DEBUG [162977] [] finally
2022-02-15 10:18:58,268 DEBUG [162883] [] Request URI : /eccadmin_dev/AtReportRegist/save
2022-02-15 10:18:58,268 DEBUG [162883] [] AtReportRegistController start
2022-02-15 10:18:58,268 DEBUG [162883] [] controllers/AtReportRegistController.php: is exist
2022-02-15 10:18:58,269 DEBUG [162883] [] AtReportRegistForm: is exist
2022-02-15 10:18:58,269 DEBUG [162883] [] AtReportRegistForm: form value set 
2022-02-15 10:18:58,270 DEBUG [162883] [] ------------------------------/eccadmin_dev/AtReportRegist/save
2022-02-15 10:18:58,270 DEBUG [162883] [] ------------------------------session_check_true
2022-02-15 10:18:58,270 DEBUG [162883] [] saveAction start
2022-02-15 10:18:58,274 DEBUG [162883] [] admin_no is 1
2022-02-15 10:18:58,274 DEBUG [162883] [] saveAction end
2022-02-15 10:18:58,274 DEBUG [162883] [] AtReportRegistController end
2022-02-15 10:18:58,274 DEBUG [162883] [] finally
2022-02-15 10:18:58,303 DEBUG [162883] [] Request URI : /eccadmin_dev/AtReportList/Search
2022-02-15 10:18:58,304 DEBUG [162883] [] AtReportListController start
2022-02-15 10:18:58,304 DEBUG [162883] [] controllers/AtReportListController.php: is exist
2022-02-15 10:18:58,304 DEBUG [162883] [] AtReportListForm: is exist
2022-02-15 10:18:58,304 DEBUG [162883] [] AtReportListForm: form value set 
2022-02-15 10:18:58,305 DEBUG [162883] [] ------------------------------/eccadmin_dev/AtReportList/Search
2022-02-15 10:18:58,305 DEBUG [162883] [] SearchAction start
2022-02-15 10:18:58,305 DEBUG [162883] [] --------back--------
2022-02-15 10:18:58,305 DEBUG [162883] [] admin_no is 1
2022-02-15 10:18:58,366 DEBUG [162883] [] SearchAction end
2022-02-15 10:18:58,366 DEBUG [162883] [] AtReportListController end
2022-02-15 10:18:58,367 DEBUG [162883] [] finally
2022-02-15 10:21:59,084 DEBUG [162976] [] Request URI : /eccadmin_dev/AtReportRegist/index
2022-02-15 10:21:59,084 DEBUG [162976] [] AtReportRegistController start
2022-02-15 10:21:59,084 DEBUG [162976] [] controllers/AtReportRegistController.php: is exist
2022-02-15 10:21:59,085 DEBUG [162976] [] AtReportRegistForm: is exist
2022-02-15 10:21:59,085 DEBUG [162976] [] AtReportRegistForm: form value set 
2022-02-15 10:21:59,086 DEBUG [162976] [] ------------------------------/eccadmin_dev/AtReportRegist/index
2022-02-15 10:21:59,086 DEBUG [162976] [] ------------------------------session_check_true
2022-02-15 10:21:59,086 DEBUG [162976] [] indexAction start
2022-02-15 10:21:59,086 DEBUG [162976] [] admin_no is 1
2022-02-15 10:21:59,164 DEBUG [162976] [] indexAction end
2022-02-15 10:21:59,164 DEBUG [162976] [] AtReportRegistController end
2022-02-15 10:21:59,164 DEBUG [162976] [] finally
2022-02-15 10:22:12,333 DEBUG [163022] [] Request URI : /eccadmin_dev/AtReportRegist/save
2022-02-15 10:22:12,337 DEBUG [163022] [] AtReportRegistController start
2022-02-15 10:22:12,337 DEBUG [163022] [] controllers/AtReportRegistController.php: is exist
2022-02-15 10:22:12,338 DEBUG [163022] [] AtReportRegistForm: is exist
2022-02-15 10:22:12,339 DEBUG [163022] [] AtReportRegistForm: form value set 
2022-02-15 10:22:12,339 DEBUG [163022] [] ------------------------------/eccadmin_dev/AtReportRegist/save
2022-02-15 10:22:12,339 DEBUG [163022] [] ------------------------------session_check_true
2022-02-15 10:22:12,339 DEBUG [163022] [] saveAction start
2022-02-15 10:22:12,343 DEBUG [163022] [] admin_no is 1
2022-02-15 10:22:12,343 DEBUG [163022] [] saveAction end
2022-02-15 10:22:12,343 DEBUG [163022] [] AtReportRegistController end
2022-02-15 10:22:12,343 DEBUG [163022] [] finally
2022-02-15 10:22:12,401 DEBUG [163022] [] Request URI : /eccadmin_dev/AtReportList/Search
2022-02-15 10:22:12,401 DEBUG [163022] [] AtReportListController start
2022-02-15 10:22:12,401 DEBUG [163022] [] controllers/AtReportListController.php: is exist
2022-02-15 10:22:12,402 DEBUG [163022] [] AtReportListForm: is exist
2022-02-15 10:22:12,402 DEBUG [163022] [] AtReportListForm: form value set 
2022-02-15 10:22:12,402 DEBUG [163022] [] ------------------------------/eccadmin_dev/AtReportList/Search
2022-02-15 10:22:12,403 DEBUG [163022] [] SearchAction start
2022-02-15 10:22:12,403 DEBUG [163022] [] --------back--------
2022-02-15 10:22:12,403 DEBUG [163022] [] admin_no is 1
2022-02-15 10:22:12,474 DEBUG [163022] [] SearchAction end
2022-02-15 10:22:12,474 DEBUG [163022] [] AtReportListController end
2022-02-15 10:22:12,474 DEBUG [163022] [] finally
2022-02-15 10:24:27,137 DEBUG [162881] [] Request URI : /eccadmin_dev/AtReportRegist/index
2022-02-15 10:24:27,138 DEBUG [162881] [] AtReportRegistController start
2022-02-15 10:24:27,138 DEBUG [162881] [] controllers/AtReportRegistController.php: is exist
2022-02-15 10:24:27,139 DEBUG [162881] [] AtReportRegistForm: is exist
2022-02-15 10:24:27,139 DEBUG [162881] [] AtReportRegistForm: form value set 
2022-02-15 10:24:27,140 DEBUG [162881] [] ------------------------------/eccadmin_dev/AtReportRegist/index
2022-02-15 10:24:27,140 DEBUG [162881] [] ------------------------------session_check_true
2022-02-15 10:24:27,140 DEBUG [162881] [] indexAction start
2022-02-15 10:24:27,140 DEBUG [162881] [] admin_no is 1
2022-02-15 10:24:27,222 DEBUG [162881] [] indexAction end
2022-02-15 10:24:27,222 DEBUG [162881] [] AtReportRegistController end
2022-02-15 10:24:27,222 DEBUG [162881] [] finally
2022-02-15 10:24:55,348 DEBUG [163084] [] Request URI : /eccadmin_dev/AtReportRegist/save
2022-02-15 10:24:55,352 DEBUG [163084] [] AtReportRegistController start
2022-02-15 10:24:55,352 DEBUG [163084] [] controllers/AtReportRegistController.php: is exist
2022-02-15 10:24:55,353 DEBUG [163084] [] AtReportRegistForm: is exist
2022-02-15 10:24:55,353 DEBUG [163084] [] AtReportRegistForm: form value set 
2022-02-15 10:24:55,354 DEBUG [163084] [] ------------------------------/eccadmin_dev/AtReportRegist/save
2022-02-15 10:24:55,354 DEBUG [163084] [] ------------------------------session_check_true
2022-02-15 10:24:55,354 DEBUG [163084] [] saveAction start
2022-02-15 10:24:55,358 DEBUG [163084] [] admin_no is 1
2022-02-15 10:24:55,358 DEBUG [163084] [] saveAction end
2022-02-15 10:24:55,358 DEBUG [163084] [] AtReportRegistController end
2022-02-15 10:24:55,358 DEBUG [163084] [] finally
2022-02-15 10:24:55,479 DEBUG [163084] [] Request URI : /eccadmin_dev/AtReportList/Search
2022-02-15 10:24:55,480 DEBUG [163084] [] AtReportListController start
2022-02-15 10:24:55,480 DEBUG [163084] [] controllers/AtReportListController.php: is exist
2022-02-15 10:24:55,480 DEBUG [163084] [] AtReportListForm: is exist
2022-02-15 10:24:55,480 DEBUG [163084] [] AtReportListForm: form value set 
2022-02-15 10:24:55,481 DEBUG [163084] [] ------------------------------/eccadmin_dev/AtReportList/Search
2022-02-15 10:24:55,481 DEBUG [163084] [] SearchAction start
2022-02-15 10:24:55,481 DEBUG [163084] [] --------back--------
2022-02-15 10:24:55,481 DEBUG [163084] [] admin_no is 1
2022-02-15 10:24:55,547 DEBUG [163084] [] SearchAction end
2022-02-15 10:24:55,547 DEBUG [163084] [] AtReportListController end
2022-02-15 10:24:55,547 DEBUG [163084] [] finally
2022-02-15 10:44:24,896 DEBUG [163201] [] Request URI : /eccadmin_dev/AtReportList
2022-02-15 10:44:24,900 DEBUG [163201] [] AtReportListController start
2022-02-15 10:44:24,900 DEBUG [163201] [] controllers/AtReportListController.php: is exist
2022-02-15 10:44:24,901 DEBUG [163201] [] AtReportListForm: is exist
2022-02-15 10:44:24,901 DEBUG [163201] [] AtReportListForm: form value set 
2022-02-15 10:44:24,902 DEBUG [163201] [] ------------------------------/eccadmin_dev/AtReportList
2022-02-15 10:44:24,902 DEBUG [163201] [] indexAction start
2022-02-15 10:44:24,902 DEBUG [163201] [] admin_no is 1
2022-02-15 10:44:24,964 DEBUG [163201] [] indexAction end
2022-02-15 10:44:24,964 DEBUG [163201] [] AtReportListController end
2022-02-15 10:44:24,964 DEBUG [163201] [] finally
2022-02-15 10:46:37,993 DEBUG [163213] [] Request URI : /eccadmin_dev/AtReportRegist/index
2022-02-15 10:46:37,994 DEBUG [163213] [] AtReportRegistController start
2022-02-15 10:46:37,994 DEBUG [163213] [] controllers/AtReportRegistController.php: is exist
2022-02-15 10:46:37,995 DEBUG [163213] [] AtReportRegistForm: is exist
2022-02-15 10:46:37,995 DEBUG [163213] [] AtReportRegistForm: form value set 
2022-02-15 10:46:37,996 DEBUG [163213] [] ------------------------------/eccadmin_dev/AtReportRegist/index
2022-02-15 10:46:37,996 DEBUG [163213] [] ------------------------------session_check_true
2022-02-15 10:46:37,996 DEBUG [163213] [] indexAction start
2022-02-15 10:46:37,996 DEBUG [163213] [] admin_no is 1
2022-02-15 10:46:38,080 DEBUG [163213] [] indexAction end
2022-02-15 10:46:38,080 DEBUG [163213] [] AtReportRegistController end
2022-02-15 10:46:38,080 DEBUG [163213] [] finally
2022-02-15 10:46:50,251 DEBUG [163221] [] Request URI : /eccadmin_dev/AtReportRegist/save
2022-02-15 10:46:50,255 DEBUG [163221] [] AtReportRegistController start
2022-02-15 10:46:50,255 DEBUG [163221] [] controllers/AtReportRegistController.php: is exist
2022-02-15 10:46:50,256 DEBUG [163221] [] AtReportRegistForm: is exist
2022-02-15 10:46:50,257 DEBUG [163221] [] AtReportRegistForm: form value set 
2022-02-15 10:46:50,257 DEBUG [163221] [] ------------------------------/eccadmin_dev/AtReportRegist/save
2022-02-15 10:46:50,257 DEBUG [163221] [] ------------------------------session_check_true
2022-02-15 10:46:50,258 DEBUG [163221] [] saveAction start
2022-02-15 10:46:50,261 DEBUG [163221] [] admin_no is 1
2022-02-15 10:46:50,262 DEBUG [163221] [] saveAction end
2022-02-15 10:46:50,262 DEBUG [163221] [] AtReportRegistController end
2022-02-15 10:46:50,262 DEBUG [163221] [] finally
2022-02-15 10:46:50,296 DEBUG [163221] [] Request URI : /eccadmin_dev/AtReportList/Search
2022-02-15 10:46:50,296 DEBUG [163221] [] AtReportListController start
2022-02-15 10:46:50,297 DEBUG [163221] [] controllers/AtReportListController.php: is exist
2022-02-15 10:46:50,297 DEBUG [163221] [] AtReportListForm: is exist
2022-02-15 10:46:50,297 DEBUG [163221] [] AtReportListForm: form value set 
2022-02-15 10:46:50,297 DEBUG [163221] [] ------------------------------/eccadmin_dev/AtReportList/Search
2022-02-15 10:46:50,298 DEBUG [163221] [] SearchAction start
2022-02-15 10:46:50,298 DEBUG [163221] [] --------back--------
2022-02-15 10:46:50,298 DEBUG [163221] [] admin_no is 1
2022-02-15 10:46:50,361 DEBUG [163221] [] SearchAction end
2022-02-15 10:46:50,362 DEBUG [163221] [] AtReportListController end
2022-02-15 10:46:50,362 DEBUG [163221] [] finally
2022-02-15 10:48:05,758 DEBUG [163216] [] Request URI : /eccadmin_dev/ReportList
2022-02-15 10:48:05,759 DEBUG [163216] [] ReportListController start
2022-02-15 10:48:05,759 DEBUG [163216] [] controllers/ReportListController.php: is exist
2022-02-15 10:48:05,762 DEBUG [163216] [] ReportListForm: is exist
2022-02-15 10:48:05,763 DEBUG [163216] [] ReportListForm: form value set 
2022-02-15 10:48:05,763 DEBUG [163216] [] ------------------------------/eccadmin_dev/ReportList
2022-02-15 10:48:05,763 DEBUG [163216] [] indexAction start
2022-02-15 10:48:05,763 DEBUG [163216] [] admin_no is 1
2022-02-15 10:48:05,843 DEBUG [163216] [] indexAction end
2022-02-15 10:48:05,843 DEBUG [163216] [] ReportListController end
2022-02-15 10:48:05,843 DEBUG [163216] [] finally
2022-02-15 10:48:44,511 DEBUG [163240] [] Request URI : /eccadmin_dev/ReportList/Search
2022-02-15 10:48:44,512 DEBUG [163240] [] ReportListController start
2022-02-15 10:48:44,512 DEBUG [163240] [] controllers/ReportListController.php: is exist
2022-02-15 10:48:44,515 DEBUG [163240] [] ReportListForm: is exist
2022-02-15 10:48:44,516 DEBUG [163240] [] ReportListForm: form value set 
2022-02-15 10:48:44,516 DEBUG [163240] [] ------------------------------/eccadmin_dev/ReportList/Search
2022-02-15 10:48:44,516 DEBUG [163240] [] SearchAction start
2022-02-15 10:48:44,516 DEBUG [163240] [] admin_no is 1
2022-02-15 10:48:44,576 DEBUG [163240] [] SearchAction end
2022-02-15 10:48:44,576 DEBUG [163240] [] ReportListController end
2022-02-15 10:48:44,576 DEBUG [163240] [] finally
2022-02-15 10:48:46,830 DEBUG [163240] [] Request URI : /eccadmin_dev/ReportRegist/index
2022-02-15 10:48:46,830 DEBUG [163240] [] ReportRegistController start
2022-02-15 10:48:46,831 DEBUG [163240] [] controllers/ReportRegistController.php: is exist
2022-02-15 10:48:46,835 DEBUG [163240] [] ReportRegistForm: is exist
2022-02-15 10:48:46,835 DEBUG [163240] [] ReportRegistForm: form value set 
2022-02-15 10:48:46,836 DEBUG [163240] [] ------------------------------/eccadmin_dev/ReportRegist/index
2022-02-15 10:48:46,836 DEBUG [163240] [] ------------------------------session_check_true
2022-02-15 10:48:46,836 DEBUG [163240] [] indexAction start
2022-02-15 10:48:46,836 DEBUG [163240] [] admin_no is 1
2022-02-15 10:48:46,906 DEBUG [163240] [] indexAction end
2022-02-15 10:48:46,906 DEBUG [163240] [] ReportRegistController end
2022-02-15 10:48:46,906 DEBUG [163240] [] finally
2022-02-15 10:48:54,478 DEBUG [163256] [] Request URI : /eccadmin_dev/ReportRegist/save
2022-02-15 10:48:54,482 DEBUG [163256] [] ReportRegistController start
2022-02-15 10:48:54,482 DEBUG [163256] [] controllers/ReportRegistController.php: is exist
2022-02-15 10:48:54,487 DEBUG [163256] [] ReportRegistForm: is exist
2022-02-15 10:48:54,487 DEBUG [163256] [] ReportRegistForm: form value set 
2022-02-15 10:48:54,488 DEBUG [163256] [] ------------------------------/eccadmin_dev/ReportRegist/save
2022-02-15 10:48:54,488 DEBUG [163256] [] ------------------------------session_check_true
2022-02-15 10:48:54,488 DEBUG [163256] [] saveAction start
2022-02-15 10:48:54,561 DEBUG [163256] [] saveAction end
2022-02-15 10:48:54,561 DEBUG [163256] [] ReportRegistController end
2022-02-15 10:48:54,561 DEBUG [163256] [] finally
2022-02-15 10:49:15,121 DEBUG [163259] [] Request URI : /eccadmin_dev/ReportRegist/save
2022-02-15 10:49:15,125 DEBUG [163259] [] ReportRegistController start
2022-02-15 10:49:15,125 DEBUG [163259] [] controllers/ReportRegistController.php: is exist
2022-02-15 10:49:15,130 DEBUG [163259] [] ReportRegistForm: is exist
2022-02-15 10:49:15,130 DEBUG [163259] [] ReportRegistForm: form value set 
2022-02-15 10:49:15,131 DEBUG [163259] [] ------------------------------/eccadmin_dev/ReportRegist/save
2022-02-15 10:49:15,131 DEBUG [163259] [] ------------------------------session_check_true
2022-02-15 10:49:15,131 DEBUG [163259] [] saveAction start
2022-02-15 10:49:15,200 DEBUG [163259] [] saveAction end
2022-02-15 10:49:15,200 DEBUG [163259] [] ReportRegistController end
2022-02-15 10:49:15,200 DEBUG [163259] [] finally
2022-02-15 10:58:51,423 DEBUG [163240] [] Request URI : /eccadmin_dev/ReportRegist/save
2022-02-15 10:58:51,424 DEBUG [163240] [] ReportRegistController start
2022-02-15 10:58:51,424 DEBUG [163240] [] controllers/ReportRegistController.php: is exist
2022-02-15 10:58:51,428 DEBUG [163240] [] ReportRegistForm: is exist
2022-02-15 10:58:51,428 DEBUG [163240] [] ReportRegistForm: form value set 
2022-02-15 10:58:51,429 DEBUG [163240] [] ------------------------------/eccadmin_dev/ReportRegist/save
2022-02-15 10:58:51,429 DEBUG [163240] [] ------------------------------session_check_true
2022-02-15 10:58:51,429 DEBUG [163240] [] saveAction start
2022-02-15 10:58:51,501 DEBUG [163240] [] saveAction end
2022-02-15 10:58:51,501 DEBUG [163240] [] ReportRegistController end
2022-02-15 10:58:51,501 DEBUG [163240] [] finally
2022-02-15 11:17:14,696 DEBUG [163430] [] Request URI : /eccadmin_dev/ReportRegist/save
2022-02-15 11:17:14,697 DEBUG [163430] [] ReportRegistController start
2022-02-15 11:17:14,697 DEBUG [163430] [] controllers/ReportRegistController.php: is exist
2022-02-15 11:17:14,701 DEBUG [163430] [] ReportRegistForm: is exist
2022-02-15 11:17:14,702 DEBUG [163430] [] ReportRegistForm: form value set 
2022-02-15 11:17:14,702 DEBUG [163430] [] ------------------------------/eccadmin_dev/ReportRegist/save
2022-02-15 11:17:14,702 DEBUG [163430] [] ------------------------------session_check_true
2022-02-15 11:17:14,702 DEBUG [163430] [] saveAction start
2022-02-15 11:17:14,773 DEBUG [163430] [] saveAction end
2022-02-15 11:17:14,773 DEBUG [163430] [] ReportRegistController end
2022-02-15 11:17:14,773 DEBUG [163430] [] finally
2022-02-15 11:29:53,303 DEBUG [163485] [] Request URI : /eccadmin_dev/ReportRegist/save
2022-02-15 11:29:53,304 DEBUG [163485] [] ReportRegistController start
2022-02-15 11:29:53,304 DEBUG [163485] [] controllers/ReportRegistController.php: is exist
2022-02-15 11:29:53,308 DEBUG [163485] [] ReportRegistForm: is exist
2022-02-15 11:29:53,308 DEBUG [163485] [] ReportRegistForm: form value set 
2022-02-15 11:29:53,308 DEBUG [163485] [] ------------------------------/eccadmin_dev/ReportRegist/save
2022-02-15 11:29:53,309 DEBUG [163485] [] ------------------------------session_check_true
2022-02-15 11:29:53,309 DEBUG [163485] [] saveAction start
2022-02-15 11:29:53,378 DEBUG [163485] [] saveAction end
2022-02-15 11:29:53,378 DEBUG [163485] [] ReportRegistController end
2022-02-15 11:29:53,378 DEBUG [163485] [] finally
2022-02-15 11:30:47,629 DEBUG [163485] [] Request URI : /eccadmin_dev/ReportRegist/save
2022-02-15 11:30:47,630 DEBUG [163485] [] ReportRegistController start
2022-02-15 11:30:47,630 DEBUG [163485] [] controllers/ReportRegistController.php: is exist
2022-02-15 11:30:47,634 DEBUG [163485] [] ReportRegistForm: is exist
2022-02-15 11:30:47,635 DEBUG [163485] [] ReportRegistForm: form value set 
2022-02-15 11:30:47,635 DEBUG [163485] [] ------------------------------/eccadmin_dev/ReportRegist/save
2022-02-15 11:30:47,635 DEBUG [163485] [] ------------------------------session_check_true
2022-02-15 11:30:47,635 DEBUG [163485] [] saveAction start
2022-02-15 11:30:47,710 DEBUG [163485] [] saveAction end
2022-02-15 11:30:47,710 DEBUG [163485] [] ReportRegistController end
2022-02-15 11:30:47,710 DEBUG [163485] [] finally
2022-02-15 11:31:08,408 DEBUG [163526] [] Request URI : /eccadmin_dev/ReportRegist/save
2022-02-15 11:31:08,409 DEBUG [163526] [] ReportRegistController start
2022-02-15 11:31:08,409 DEBUG [163526] [] controllers/ReportRegistController.php: is exist
2022-02-15 11:31:08,413 DEBUG [163526] [] ReportRegistForm: is exist
2022-02-15 11:31:08,414 DEBUG [163526] [] ReportRegistForm: form value set 
2022-02-15 11:31:08,414 DEBUG [163526] [] ------------------------------/eccadmin_dev/ReportRegist/save
2022-02-15 11:31:08,414 DEBUG [163526] [] ------------------------------session_check_true
2022-02-15 11:31:08,414 DEBUG [163526] [] saveAction start
2022-02-15 11:31:08,491 DEBUG [163526] [] saveAction end
2022-02-15 11:31:08,491 DEBUG [163526] [] ReportRegistController end
2022-02-15 11:31:08,492 DEBUG [163526] [] finally
2022-02-15 11:44:38,010 DEBUG [163528] [] Request URI : /eccadmin_dev/ReportRegist/save
2022-02-15 11:44:38,010 DEBUG [163528] [] ReportRegistController start
2022-02-15 11:44:38,010 DEBUG [163528] [] controllers/ReportRegistController.php: is exist
2022-02-15 11:44:38,014 DEBUG [163528] [] ReportRegistForm: is exist
2022-02-15 11:44:38,015 DEBUG [163528] [] ReportRegistForm: form value set 
2022-02-15 11:44:38,015 DEBUG [163528] [] ------------------------------/eccadmin_dev/ReportRegist/save
2022-02-15 11:44:38,015 DEBUG [163528] [] ------------------------------session_check_true
2022-02-15 11:44:38,015 DEBUG [163528] [] saveAction start
2022-02-15 11:44:38,087 DEBUG [163528] [] saveAction end
2022-02-15 11:44:38,087 DEBUG [163528] [] ReportRegistController end
2022-02-15 11:44:38,087 DEBUG [163528] [] finally
2022-02-15 11:48:32,012 DEBUG [163679] [] Request URI : /eccadmin_dev/ReportRegist/save
2022-02-15 11:48:32,012 DEBUG [163679] [] ReportRegistController start
2022-02-15 11:48:32,013 DEBUG [163679] [] controllers/ReportRegistController.php: is exist
2022-02-15 11:48:32,017 DEBUG [163679] [] ReportRegistForm: is exist
2022-02-15 11:48:32,017 DEBUG [163679] [] ReportRegistForm: form value set 
2022-02-15 11:48:32,018 DEBUG [163679] [] ------------------------------/eccadmin_dev/ReportRegist/save
2022-02-15 11:48:32,018 DEBUG [163679] [] ------------------------------session_check_true
2022-02-15 11:48:32,018 DEBUG [163679] [] saveAction start
2022-02-15 11:48:32,097 DEBUG [163679] [] saveAction end
2022-02-15 11:48:32,097 DEBUG [163679] [] ReportRegistController end
2022-02-15 11:48:32,097 DEBUG [163679] [] finally
2022-02-15 11:49:35,240 DEBUG [163705] [] Request URI : /eccadmin_dev/ReportRegist/save
2022-02-15 11:49:35,244 DEBUG [163705] [] ReportRegistController start
2022-02-15 11:49:35,244 DEBUG [163705] [] controllers/ReportRegistController.php: is exist
2022-02-15 11:49:35,248 DEBUG [163705] [] ReportRegistForm: is exist
2022-02-15 11:49:35,249 DEBUG [163705] [] ReportRegistForm: form value set 
2022-02-15 11:49:35,249 DEBUG [163705] [] ------------------------------/eccadmin_dev/ReportRegist/save
2022-02-15 11:49:35,249 DEBUG [163705] [] ------------------------------session_check_true
2022-02-15 11:49:35,250 DEBUG [163705] [] saveAction start
2022-02-15 11:49:35,318 DEBUG [163705] [] saveAction end
2022-02-15 11:49:35,319 DEBUG [163705] [] ReportRegistController end
2022-02-15 11:49:35,319 DEBUG [163705] [] finally
2022-02-15 11:53:39,374 DEBUG [163706] [] Request URI : /eccadmin_dev/ReportRegist/save
2022-02-15 11:53:39,374 DEBUG [163706] [] ReportRegistController start
2022-02-15 11:53:39,374 DEBUG [163706] [] controllers/ReportRegistController.php: is exist
2022-02-15 11:53:39,379 DEBUG [163706] [] ReportRegistForm: is exist
2022-02-15 11:53:39,379 DEBUG [163706] [] ReportRegistForm: form value set 
2022-02-15 11:53:39,380 DEBUG [163706] [] ------------------------------/eccadmin_dev/ReportRegist/save
2022-02-15 11:53:39,380 DEBUG [163706] [] ------------------------------session_check_true
2022-02-15 11:53:39,380 DEBUG [163706] [] saveAction start
2022-02-15 11:53:39,457 DEBUG [163706] [] saveAction end
2022-02-15 11:53:39,457 DEBUG [163706] [] ReportRegistController end
2022-02-15 11:53:39,457 DEBUG [163706] [] finally
2022-02-15 11:56:16,279 DEBUG [163706] [] Request URI : /eccadmin_dev/ReportRegist/save
2022-02-15 11:56:16,280 DEBUG [163706] [] ReportRegistController start
2022-02-15 11:56:16,280 DEBUG [163706] [] controllers/ReportRegistController.php: is exist
2022-02-15 11:56:16,283 DEBUG [163706] [] ReportRegistForm: is exist
2022-02-15 11:56:16,284 DEBUG [163706] [] ReportRegistForm: form value set 
2022-02-15 11:56:16,284 DEBUG [163706] [] ------------------------------/eccadmin_dev/ReportRegist/save
2022-02-15 11:56:16,284 DEBUG [163706] [] ------------------------------session_check_true
2022-02-15 11:56:16,285 DEBUG [163706] [] saveAction start
2022-02-15 11:56:16,354 DEBUG [163706] [] saveAction end
2022-02-15 11:56:16,354 DEBUG [163706] [] ReportRegistController end
2022-02-15 11:56:16,354 DEBUG [163706] [] finally
2022-02-15 11:57:00,391 DEBUG [163485] [] Request URI : /eccadmin_dev/ReportRegist/save
2022-02-15 11:57:00,392 DEBUG [163485] [] ReportRegistController start
2022-02-15 11:57:00,392 DEBUG [163485] [] controllers/ReportRegistController.php: is exist
2022-02-15 11:57:00,396 DEBUG [163485] [] ReportRegistForm: is exist
2022-02-15 11:57:00,396 DEBUG [163485] [] ReportRegistForm: form value set 
2022-02-15 11:57:00,397 DEBUG [163485] [] ------------------------------/eccadmin_dev/ReportRegist/save
2022-02-15 11:57:00,397 DEBUG [163485] [] ------------------------------session_check_true
2022-02-15 11:57:00,397 DEBUG [163485] [] saveAction start
2022-02-15 11:57:00,466 DEBUG [163485] [] saveAction end
2022-02-15 11:57:00,466 DEBUG [163485] [] ReportRegistController end
2022-02-15 11:57:00,466 DEBUG [163485] [] finally
2022-02-15 11:58:27,614 DEBUG [163638] [] Request URI : /eccadmin_dev/ReportRegist/save
2022-02-15 11:58:27,615 DEBUG [163638] [] ReportRegistController start
2022-02-15 11:58:27,615 DEBUG [163638] [] controllers/ReportRegistController.php: is exist
2022-02-15 11:58:27,618 DEBUG [163638] [] ReportRegistForm: is exist
2022-02-15 11:58:27,619 DEBUG [163638] [] ReportRegistForm: form value set 
2022-02-15 11:58:27,619 DEBUG [163638] [] ------------------------------/eccadmin_dev/ReportRegist/save
2022-02-15 11:58:27,619 DEBUG [163638] [] ------------------------------session_check_true
2022-02-15 11:58:27,619 DEBUG [163638] [] saveAction start
2022-02-15 11:58:27,686 DEBUG [163638] [] saveAction end
2022-02-15 11:58:27,686 DEBUG [163638] [] ReportRegistController end
2022-02-15 11:58:27,686 DEBUG [163638] [] finally
2022-02-15 11:59:23,319 DEBUG [163485] [] Request URI : /eccadmin_dev/ReportRegist/save
2022-02-15 11:59:23,320 DEBUG [163485] [] ReportRegistController start
2022-02-15 11:59:23,320 DEBUG [163485] [] controllers/ReportRegistController.php: is exist
2022-02-15 11:59:23,324 DEBUG [163485] [] ReportRegistForm: is exist
2022-02-15 11:59:23,324 DEBUG [163485] [] ReportRegistForm: form value set 
2022-02-15 11:59:23,325 DEBUG [163485] [] ------------------------------/eccadmin_dev/ReportRegist/save
2022-02-15 11:59:23,325 DEBUG [163485] [] ------------------------------session_check_true
2022-02-15 11:59:23,325 DEBUG [163485] [] saveAction start
2022-02-15 11:59:23,400 DEBUG [163485] [] saveAction end
2022-02-15 11:59:23,400 DEBUG [163485] [] ReportRegistController end
2022-02-15 11:59:23,400 DEBUG [163485] [] finally
2022-02-15 12:00:49,323 DEBUG [163763] [] Request URI : /eccadmin_dev/ReportRegist/save
2022-02-15 12:00:49,327 DEBUG [163763] [] ReportRegistController start
2022-02-15 12:00:49,327 DEBUG [163763] [] controllers/ReportRegistController.php: is exist
2022-02-15 12:00:49,331 DEBUG [163763] [] ReportRegistForm: is exist
2022-02-15 12:00:49,332 DEBUG [163763] [] ReportRegistForm: form value set 
2022-02-15 12:00:49,332 DEBUG [163763] [] ------------------------------/eccadmin_dev/ReportRegist/save
2022-02-15 12:00:49,333 DEBUG [163763] [] ------------------------------session_check_true
2022-02-15 12:00:49,333 DEBUG [163763] [] saveAction start
2022-02-15 12:00:49,402 DEBUG [163763] [] saveAction end
2022-02-15 12:00:49,402 DEBUG [163763] [] ReportRegistController end
2022-02-15 12:00:49,402 DEBUG [163763] [] finally
2022-02-15 12:04:23,659 DEBUG [163678] [] Request URI : /eccadmin_dev/ReportRegist/save
2022-02-15 12:04:23,660 DEBUG [163678] [] ReportRegistController start
2022-02-15 12:04:23,660 DEBUG [163678] [] controllers/ReportRegistController.php: is exist
2022-02-15 12:04:23,664 DEBUG [163678] [] ReportRegistForm: is exist
2022-02-15 12:04:23,664 DEBUG [163678] [] ReportRegistForm: form value set 
2022-02-15 12:04:23,665 DEBUG [163678] [] ------------------------------/eccadmin_dev/ReportRegist/save
2022-02-15 12:04:23,665 DEBUG [163678] [] ------------------------------session_check_true
2022-02-15 12:04:23,665 DEBUG [163678] [] saveAction start
2022-02-15 12:04:23,735 DEBUG [163678] [] saveAction end
2022-02-15 12:04:23,735 DEBUG [163678] [] ReportRegistController end
2022-02-15 12:04:23,735 DEBUG [163678] [] finally
2022-02-15 12:10:42,539 DEBUG [163705] [] Request URI : /eccadmin_dev/ReportList
2022-02-15 12:10:42,539 DEBUG [163705] [] ReportListController start
2022-02-15 12:10:42,540 DEBUG [163705] [] controllers/ReportListController.php: is exist
2022-02-15 12:10:42,543 DEBUG [163705] [] ReportListForm: is exist
2022-02-15 12:10:42,543 DEBUG [163705] [] ReportListForm: form value set 
2022-02-15 12:10:42,544 DEBUG [163705] [] ------------------------------/eccadmin_dev/ReportList
2022-02-15 12:10:42,544 DEBUG [163705] [] indexAction start
2022-02-15 12:10:42,544 DEBUG [163705] [] admin_no is 1
2022-02-15 12:10:42,603 DEBUG [163705] [] indexAction end
2022-02-15 12:10:42,603 DEBUG [163705] [] ReportListController end
2022-02-15 12:10:42,603 DEBUG [163705] [] finally
2022-02-15 12:10:46,500 DEBUG [163705] [] Request URI : /eccadmin_dev/AtReportList
2022-02-15 12:10:46,501 DEBUG [163705] [] AtReportListController start
2022-02-15 12:10:46,501 DEBUG [163705] [] controllers/AtReportListController.php: is exist
2022-02-15 12:10:46,501 DEBUG [163705] [] AtReportListForm: is exist
2022-02-15 12:10:46,501 DEBUG [163705] [] AtReportListForm: form value set 
2022-02-15 12:10:46,502 DEBUG [163705] [] ------------------------------/eccadmin_dev/AtReportList
2022-02-15 12:10:46,502 DEBUG [163705] [] indexAction start
2022-02-15 12:10:46,502 DEBUG [163705] [] admin_no is 1
2022-02-15 12:10:46,567 DEBUG [163705] [] indexAction end
2022-02-15 12:10:46,567 DEBUG [163705] [] AtReportListController end
2022-02-15 12:10:46,567 DEBUG [163705] [] finally
2022-02-15 12:10:48,586 DEBUG [163705] [] Request URI : /eccadmin_dev/AtReportRegist/index
2022-02-15 12:10:48,586 DEBUG [163705] [] AtReportRegistController start
2022-02-15 12:10:48,587 DEBUG [163705] [] controllers/AtReportRegistController.php: is exist
2022-02-15 12:10:48,587 DEBUG [163705] [] AtReportRegistForm: is exist
2022-02-15 12:10:48,587 DEBUG [163705] [] AtReportRegistForm: form value set 
2022-02-15 12:10:48,588 DEBUG [163705] [] ------------------------------/eccadmin_dev/AtReportRegist/index
2022-02-15 12:10:48,588 DEBUG [163705] [] ------------------------------session_check_true
2022-02-15 12:10:48,588 DEBUG [163705] [] indexAction start
2022-02-15 12:10:48,588 DEBUG [163705] [] admin_no is 1
2022-02-15 12:10:48,669 DEBUG [163705] [] indexAction end
2022-02-15 12:10:48,669 DEBUG [163705] [] AtReportRegistController end
2022-02-15 12:10:48,669 DEBUG [163705] [] finally
2022-02-15 12:10:56,977 DEBUG [163657] [] Request URI : /eccadmin_dev/AtReportRegist/save
2022-02-15 12:10:56,977 DEBUG [163657] [] AtReportRegistController start
2022-02-15 12:10:56,978 DEBUG [163657] [] controllers/AtReportRegistController.php: is exist
2022-02-15 12:10:56,978 DEBUG [163657] [] AtReportRegistForm: is exist
2022-02-15 12:10:56,978 DEBUG [163657] [] AtReportRegistForm: form value set 
2022-02-15 12:10:56,979 DEBUG [163657] [] ------------------------------/eccadmin_dev/AtReportRegist/save
2022-02-15 12:10:56,979 DEBUG [163657] [] ------------------------------session_check_true
2022-02-15 12:10:56,979 DEBUG [163657] [] saveAction start
2022-02-15 12:10:56,983 DEBUG [163657] [] admin_no is 1
2022-02-15 12:10:56,983 DEBUG [163657] [] saveAction end
2022-02-15 12:10:56,983 DEBUG [163657] [] AtReportRegistController end
2022-02-15 12:10:56,983 DEBUG [163657] [] finally
2022-02-15 12:10:57,012 DEBUG [163657] [] Request URI : /eccadmin_dev/AtReportList/Search
2022-02-15 12:10:57,012 DEBUG [163657] [] AtReportListController start
2022-02-15 12:10:57,013 DEBUG [163657] [] controllers/AtReportListController.php: is exist
2022-02-15 12:10:57,013 DEBUG [163657] [] AtReportListForm: is exist
2022-02-15 12:10:57,013 DEBUG [163657] [] AtReportListForm: form value set 
2022-02-15 12:10:57,013 DEBUG [163657] [] ------------------------------/eccadmin_dev/AtReportList/Search
2022-02-15 12:10:57,014 DEBUG [163657] [] SearchAction start
2022-02-15 12:10:57,014 DEBUG [163657] [] --------back--------
2022-02-15 12:10:57,014 DEBUG [163657] [] admin_no is 1
2022-02-15 12:10:57,076 DEBUG [163657] [] SearchAction end
2022-02-15 12:10:57,076 DEBUG [163657] [] AtReportListController end
2022-02-15 12:10:57,076 DEBUG [163657] [] finally
2022-02-15 17:07:23,010 DEBUG [167702] [] Request URI : /eccadmin_dev/TeacherList
2022-02-15 17:07:23,011 DEBUG [167702] [] TeacherListController start
2022-02-15 17:07:23,011 DEBUG [167702] [] controllers/TeacherListController.php: is exist
2022-02-15 17:07:23,013 DEBUG [167702] [] TeacherListForm: is exist
2022-02-15 17:07:23,013 DEBUG [167702] [] TeacherListForm: form value set 
2022-02-15 17:07:23,014 DEBUG [167702] [] ------------------------------/eccadmin_dev/TeacherList
2022-02-15 17:07:23,014 DEBUG [167702] [] indexAction start
2022-02-15 17:07:23,014 DEBUG [167702] [] admin_no is 
2022-02-15 17:07:23,014 DEBUG [167702] [] indexAction end
2022-02-15 17:07:23,014 DEBUG [167702] [] TeacherListController end
2022-02-15 17:07:23,014 DEBUG [167702] [] finally
2022-02-15 17:07:23,036 DEBUG [167702] [] Request URI : /eccadmin_dev/Error/disp
2022-02-15 17:07:23,036 DEBUG [167702] [] ErrorController start
2022-02-15 17:07:23,036 DEBUG [167702] [] controllers/ErrorController.php: is exist
2022-02-15 17:07:23,036 DEBUG [167702] [] ErrorForm: is exist
2022-02-15 17:07:23,037 DEBUG [167702] [] ErrorForm: form value set 
2022-02-15 17:07:23,037 DEBUG [167702] [] ------------------------------/eccadmin_dev/Error/disp
2022-02-15 17:07:23,037 DEBUG [167702] [] ------------------------------login_start_check
2022-02-15 17:07:23,037 DEBUG [167702] [] dispAction start
2022-02-15 17:07:23,117 DEBUG [167702] [] dispAction end
2022-02-15 17:07:23,117 DEBUG [167702] [] ErrorController end
2022-02-15 17:07:23,117 DEBUG [167702] [] finally
2022-02-15 17:07:30,860 DEBUG [167760] [] Request URI : /eccadmin_dev/Login
2022-02-15 17:07:30,861 DEBUG [167760] [] LoginController start
2022-02-15 17:07:30,861 DEBUG [167760] [] controllers/LoginController.php: is exist
2022-02-15 17:07:30,862 DEBUG [167760] [] LoginForm: is exist
2022-02-15 17:07:30,862 DEBUG [167760] [] LoginForm: form value set 
2022-02-15 17:07:30,862 DEBUG [167760] [] ------------------------------/eccadmin_dev/Login
2022-02-15 17:07:30,862 DEBUG [167760] [] ------------------------------login_start_check
2022-02-15 17:07:30,862 DEBUG [167760] [] indexAction start
2022-02-15 17:07:30,903 DEBUG [167760] [] indexAction end
2022-02-15 17:07:30,904 DEBUG [167760] [] LoginController end
2022-02-15 17:07:30,904 DEBUG [167760] [] finally
2022-02-15 17:08:22,230 DEBUG [167788] [] Request URI : /eccadmin_dev/Login/login
2022-02-15 17:08:22,231 DEBUG [167788] [] LoginController start
2022-02-15 17:08:22,231 DEBUG [167788] [] controllers/LoginController.php: is exist
2022-02-15 17:08:22,231 DEBUG [167788] [] LoginForm: is exist
2022-02-15 17:08:22,232 DEBUG [167788] [] LoginForm: form value set 
2022-02-15 17:08:22,232 DEBUG [167788] [] ------------------------------/eccadmin_dev/Login/login
2022-02-15 17:08:22,232 DEBUG [167788] [] ------------------------------login_start_check
2022-02-15 17:08:22,232 DEBUG [167788] [] loginAction start
2022-02-15 17:08:22,530 DEBUG [167788] [] loginAction end
2022-02-15 17:08:22,530 DEBUG [167788] [] LoginController end
2022-02-15 17:08:22,530 DEBUG [167788] [] finally
2022-02-15 17:08:22,557 DEBUG [167788] [] Request URI : /eccadmin_dev/Menu
2022-02-15 17:08:22,557 DEBUG [167788] [] MenuController start
2022-02-15 17:08:22,557 DEBUG [167788] [] controllers/MenuController.php: is exist
2022-02-15 17:08:22,557 DEBUG [167788] [] MenuForm: is exist
2022-02-15 17:08:22,557 DEBUG [167788] [] MenuForm: form value set 
2022-02-15 17:08:22,558 DEBUG [167788] [] ------------------------------/eccadmin_dev/Menu
2022-02-15 17:08:22,558 DEBUG [167788] [] ------------------------------login_start_check
2022-02-15 17:08:22,558 DEBUG [167788] [] indexAction start
2022-02-15 17:08:22,558 DEBUG [167788] [] admin_no is 1
2022-02-15 17:08:22,584 DEBUG [167788] [] indexAction end
2022-02-15 17:08:22,584 DEBUG [167788] [] MenuController end
2022-02-15 17:08:22,584 DEBUG [167788] [] finally
2022-02-15 17:08:25,927 DEBUG [167788] [] Request URI : /eccadmin_dev/AtReportList
2022-02-15 17:08:25,928 DEBUG [167788] [] AtReportListController start
2022-02-15 17:08:25,928 DEBUG [167788] [] controllers/AtReportListController.php: is exist
2022-02-15 17:08:25,928 DEBUG [167788] [] AtReportListForm: is exist
2022-02-15 17:08:25,929 DEBUG [167788] [] AtReportListForm: form value set 
2022-02-15 17:08:25,929 DEBUG [167788] [] ------------------------------/eccadmin_dev/AtReportList
2022-02-15 17:08:25,929 DEBUG [167788] [] indexAction start
2022-02-15 17:08:25,929 DEBUG [167788] [] admin_no is 1
2022-02-15 17:08:26,015 DEBUG [167788] [] indexAction end
2022-02-15 17:08:26,015 DEBUG [167788] [] AtReportListController end
2022-02-15 17:08:26,015 DEBUG [167788] [] finally
2022-02-15 17:08:27,971 DEBUG [167788] [] Request URI : /eccadmin_dev/AtReportDisplayList/index
2022-02-15 17:08:27,972 DEBUG [167788] [] AtReportDisplayListController start
2022-02-15 17:08:27,972 DEBUG [167788] [] controllers/AtReportDisplayListController.php: is exist
2022-02-15 17:08:27,973 DEBUG [167788] [] AtReportDisplayListForm: is exist
2022-02-15 17:08:27,973 DEBUG [167788] [] AtReportDisplayListForm: form value set 
2022-02-15 17:08:27,974 DEBUG [167788] [] ------------------------------/eccadmin_dev/AtReportDisplayList/index
2022-02-15 17:08:27,974 DEBUG [167788] [] indexAction start
2022-02-15 17:08:27,974 DEBUG [167788] [] admin_no is 1
2022-02-15 17:08:27,974 DEBUG [167788] [] 4
2022-02-15 17:08:27,976 DEBUG [167788] [] Array
(
    [0] => T_AT_Report_DetailDto Object
        (
            [org_no] => 1
            [at_report_no] => 4
            [at_type] => 001
            [at_no] => 1
            [offer_no] => 
            [disp_no] => 
            [del_flg] => 
            [create_dt] => 
            [creater_id] => 
            [update_dt] => 
            [updater_id] => 
            [at_report_name] => AT Report 1
            [org_name] => ECC 
            [org_id] => ecc
            [test_info_name] => cherry 20201126
            [at_type_name] => 
        )

    [1] => T_AT_Report_DetailDto Object
        (
            [org_no] => 1
            [at_report_no] => 4
            [at_type] => 002
            [at_no] => 5
            [offer_no] => 
            [disp_no] => 
            [del_flg] => 
            [create_dt] => 
            [creater_id] => 
            [update_dt] => 
            [updater_id] => 
            [at_report_name] => AT Report 1
            [org_name] => ECC 
            [org_id] => ecc
            [test_info_name] => SW Speaking Course  ()
            [at_type_name] => 
        )

    [2] => T_AT_Report_DetailDto Object
        (
            [org_no] => 1
            [at_report_no] => 4
            [at_type] => 001
            [at_no] => 23
            [offer_no] => 
            [disp_no] => 
            [del_flg] => 
            [create_dt] => 
            [creater_id] => 
            [update_dt] => 
            [updater_id] => 
            [at_report_name] => AT Report 1
            [org_name] => ECC 
            [org_id] => ecc
            [test_info_name] => 1127_1_t
            [at_type_name] => 
        )

    [3] => T_AT_Report_DetailDto Object
        (
            [org_no] => 1
            [at_report_no] => 4
            [at_type] => 002
            [at_no] => 6
            [offer_no] => 
            [disp_no] => 
            [del_flg] => 
            [create_dt] => 
            [creater_id] => 
            [update_dt] => 
            [updater_id] => 
            [at_report_name] => AT Report 1
            [org_name] => ECC 
            [org_id] => ecc
            [test_info_name] => 2 Writing Course 2
            [at_type_name] => 
        )

)

2022-02-15 17:08:27,976 DEBUG [167788] [] 
2022-02-15 17:08:28,048 DEBUG [167788] [] indexAction end
2022-02-15 17:08:28,048 DEBUG [167788] [] AtReportDisplayListController end
2022-02-15 17:08:28,048 DEBUG [167788] [] finally
2022-02-15 17:08:29,808 DEBUG [167731] [] Request URI : /eccadmin_dev/AtReportDisplayList/back
2022-02-15 17:08:29,809 DEBUG [167731] [] AtReportDisplayListController start
2022-02-15 17:08:29,809 DEBUG [167731] [] controllers/AtReportDisplayListController.php: is exist
2022-02-15 17:08:29,810 DEBUG [167731] [] AtReportDisplayListForm: is exist
2022-02-15 17:08:29,810 DEBUG [167731] [] AtReportDisplayListForm: form value set 
2022-02-15 17:08:29,811 DEBUG [167731] [] ------------------------------/eccadmin_dev/AtReportDisplayList/back
2022-02-15 17:08:29,811 DEBUG [167731] [] backAction start
2022-02-15 17:08:29,811 DEBUG [167731] [] backAction end
2022-02-15 17:08:29,811 DEBUG [167731] [] AtReportDisplayListController end
2022-02-15 17:08:29,811 DEBUG [167731] [] finally
2022-02-15 17:08:29,868 DEBUG [167731] [] Request URI : /eccadmin_dev/AtReportList/Search
2022-02-15 17:08:29,868 DEBUG [167731] [] AtReportListController start
2022-02-15 17:08:29,868 DEBUG [167731] [] controllers/AtReportListController.php: is exist
2022-02-15 17:08:29,869 DEBUG [167731] [] AtReportListForm: is exist
2022-02-15 17:08:29,869 DEBUG [167731] [] AtReportListForm: form value set 
2022-02-15 17:08:29,869 DEBUG [167731] [] ------------------------------/eccadmin_dev/AtReportList/Search
2022-02-15 17:08:29,869 DEBUG [167731] [] SearchAction start
2022-02-15 17:08:29,870 DEBUG [167731] [] --------back--------
2022-02-15 17:08:29,870 DEBUG [167731] [] admin_no is 1
2022-02-15 17:08:29,931 DEBUG [167731] [] SearchAction end
2022-02-15 17:08:29,931 DEBUG [167731] [] AtReportListController end
2022-02-15 17:08:29,931 DEBUG [167731] [] finally
2022-02-15 17:08:35,888 DEBUG [167858] [] Request URI : /eccadmin_dev/TeacherList
2022-02-15 17:08:35,892 DEBUG [167858] [] TeacherListController start
2022-02-15 17:08:35,893 DEBUG [167858] [] controllers/TeacherListController.php: is exist
2022-02-15 17:08:35,895 DEBUG [167858] [] TeacherListForm: is exist
2022-02-15 17:08:35,896 DEBUG [167858] [] TeacherListForm: form value set 
2022-02-15 17:08:35,896 DEBUG [167858] [] ------------------------------/eccadmin_dev/TeacherList
2022-02-15 17:08:35,896 DEBUG [167858] [] indexAction start
2022-02-15 17:08:35,896 DEBUG [167858] [] admin_no is 1
2022-02-15 17:08:35,997 DEBUG [167858] [] indexAction end
2022-02-15 17:08:35,997 DEBUG [167858] [] TeacherListController end
2022-02-15 17:08:35,997 DEBUG [167858] [] finally
2022-02-15 17:08:46,131 DEBUG [167869] [] Request URI : /eccadmin_dev/TeacherCourseDetailAssignment/index
2022-02-15 17:08:46,135 DEBUG [167869] [] TeacherCourseDetailAssignmentController start
2022-02-15 17:08:46,135 DEBUG [167869] [] controllers/TeacherCourseDetailAssignmentController.php: is exist
2022-02-15 17:08:46,221 DEBUG [167869] [] TeacherCourseDetailAssignmentForm: is exist
2022-02-15 17:08:46,224 DEBUG [167869] [] TeacherCourseDetailAssignmentForm: form value set 
2022-02-15 17:08:46,225 DEBUG [167869] [] ------------------------------/eccadmin_dev/TeacherCourseDetailAssignment/index
2022-02-15 17:08:46,225 DEBUG [167869] [] ------------------------------session_check_true
2022-02-15 17:08:46,225 DEBUG [167869] [] indexAction start
2022-02-15 17:08:46,225 DEBUG [167869] [] admin_no is 1
2022-02-15 17:08:46,371 DEBUG [167869] [] indexAction end
2022-02-15 17:08:46,371 DEBUG [167869] [] TeacherCourseDetailAssignmentController end
2022-02-15 17:08:46,371 DEBUG [167869] [] finally
2022-02-15 17:08:56,368 DEBUG [167760] [] Request URI : /eccadmin_dev/Login/logout
2022-02-15 17:08:56,369 DEBUG [167760] [] LoginController start
2022-02-15 17:08:56,369 DEBUG [167760] [] controllers/LoginController.php: is exist
2022-02-15 17:08:56,369 DEBUG [167760] [] LoginForm: is exist
2022-02-15 17:08:56,369 DEBUG [167760] [] LoginForm: form value set 
2022-02-15 17:08:56,370 DEBUG [167760] [] ------------------------------/eccadmin_dev/Login/logout
2022-02-15 17:08:56,370 DEBUG [167760] [] ------------------------------login_start_check
2022-02-15 17:08:56,370 DEBUG [167760] [] logoutAction start
2022-02-15 17:08:56,370 DEBUG [167760] [] logoutAction end
2022-02-15 17:08:56,370 DEBUG [167760] [] LoginController end
2022-02-15 17:08:56,370 DEBUG [167760] [] finally
2022-02-15 17:08:56,419 DEBUG [167760] [] Request URI : /eccadmin_dev/Login
2022-02-15 17:08:56,420 DEBUG [167760] [] LoginController start
2022-02-15 17:08:56,420 DEBUG [167760] [] controllers/LoginController.php: is exist
2022-02-15 17:08:56,420 DEBUG [167760] [] LoginForm: is exist
2022-02-15 17:08:56,420 DEBUG [167760] [] LoginForm: form value set 
2022-02-15 17:08:56,421 DEBUG [167760] [] ------------------------------/eccadmin_dev/Login
2022-02-15 17:08:56,421 DEBUG [167760] [] ------------------------------login_start_check
2022-02-15 17:08:56,421 DEBUG [167760] [] indexAction start
2022-02-15 17:08:56,438 DEBUG [167760] [] indexAction end
2022-02-15 17:08:56,438 DEBUG [167760] [] LoginController end
2022-02-15 17:08:56,438 DEBUG [167760] [] finally
2022-02-15 17:09:30,103 DEBUG [167858] [] Request URI : /eccadmin_dev/Login/login
2022-02-15 17:09:30,103 DEBUG [167858] [] LoginController start
2022-02-15 17:09:30,103 DEBUG [167858] [] controllers/LoginController.php: is exist
2022-02-15 17:09:30,103 DEBUG [167858] [] LoginForm: is exist
2022-02-15 17:09:30,104 DEBUG [167858] [] LoginForm: form value set 
2022-02-15 17:09:30,104 DEBUG [167858] [] ------------------------------/eccadmin_dev/Login/login
2022-02-15 17:09:30,104 DEBUG [167858] [] ------------------------------login_start_check
2022-02-15 17:09:30,104 DEBUG [167858] [] loginAction start
2022-02-15 17:09:30,399 DEBUG [167858] [] loginAction end
2022-02-15 17:09:30,400 DEBUG [167858] [] LoginController end
2022-02-15 17:09:30,400 DEBUG [167858] [] finally
2022-02-15 17:09:30,422 DEBUG [167858] [] Request URI : /eccadmin_dev/Menu
2022-02-15 17:09:30,423 DEBUG [167858] [] MenuController start
2022-02-15 17:09:30,423 DEBUG [167858] [] controllers/MenuController.php: is exist
2022-02-15 17:09:30,423 DEBUG [167858] [] MenuForm: is exist
2022-02-15 17:09:30,423 DEBUG [167858] [] MenuForm: form value set 
2022-02-15 17:09:30,423 DEBUG [167858] [] ------------------------------/eccadmin_dev/Menu
2022-02-15 17:09:30,423 DEBUG [167858] [] ------------------------------login_start_check
2022-02-15 17:09:30,423 DEBUG [167858] [] indexAction start
2022-02-15 17:09:30,423 DEBUG [167858] [] admin_no is 1
2022-02-15 17:09:30,474 DEBUG [167858] [] indexAction end
2022-02-15 17:09:30,474 DEBUG [167858] [] MenuController end
2022-02-15 17:09:30,474 DEBUG [167858] [] finally
2022-02-15 17:09:35,596 DEBUG [167702] [] Request URI : /eccadmin_dev/Login/logout
2022-02-15 17:09:35,597 DEBUG [167702] [] LoginController start
2022-02-15 17:09:35,597 DEBUG [167702] [] controllers/LoginController.php: is exist
2022-02-15 17:09:35,597 DEBUG [167702] [] LoginForm: is exist
2022-02-15 17:09:35,597 DEBUG [167702] [] LoginForm: form value set 
2022-02-15 17:09:35,598 DEBUG [167702] [] ------------------------------/eccadmin_dev/Login/logout
2022-02-15 17:09:35,598 DEBUG [167702] [] ------------------------------login_start_check
2022-02-15 17:09:35,598 DEBUG [167702] [] logoutAction start
2022-02-15 17:09:35,598 DEBUG [167702] [] logoutAction end
2022-02-15 17:09:35,598 DEBUG [167702] [] LoginController end
2022-02-15 17:09:35,598 DEBUG [167702] [] finally
2022-02-15 17:09:35,627 DEBUG [167702] [] Request URI : /eccadmin_dev/Login
2022-02-15 17:09:35,628 DEBUG [167702] [] LoginController start
2022-02-15 17:09:35,628 DEBUG [167702] [] controllers/LoginController.php: is exist
2022-02-15 17:09:35,628 DEBUG [167702] [] LoginForm: is exist
2022-02-15 17:09:35,628 DEBUG [167702] [] LoginForm: form value set 
2022-02-15 17:09:35,629 DEBUG [167702] [] ------------------------------/eccadmin_dev/Login
2022-02-15 17:09:35,629 DEBUG [167702] [] ------------------------------login_start_check
2022-02-15 17:09:35,629 DEBUG [167702] [] indexAction start
2022-02-15 17:09:35,642 DEBUG [167702] [] indexAction end
2022-02-15 17:09:35,642 DEBUG [167702] [] LoginController end
2022-02-15 17:09:35,642 DEBUG [167702] [] finally
