2022-02-17 15:55:45,820 DEBUG [189617] [] Request URI : /eccadmin_dev/Login
2022-02-17 15:55:45,835 DEBUG [189617] [] LoginController start
2022-02-17 15:55:45,835 DEBUG [189617] [] controllers/LoginController.php: is exist
2022-02-17 15:55:45,836 DEBUG [189617] [] LoginForm: is exist
2022-02-17 15:55:45,836 DEBUG [189617] [] LoginForm: form value set 
2022-02-17 15:55:45,836 DEBUG [189617] [] ------------------------------/eccadmin_dev/Login
2022-02-17 15:55:45,836 DEBUG [189617] [] ------------------------------login_start_check
2022-02-17 15:55:45,836 DEBUG [189617] [] indexAction start
2022-02-17 15:55:45,872 DEBUG [189617] [] indexAction end
2022-02-17 15:55:45,872 DEBUG [189617] [] LoginController end
2022-02-17 15:55:45,872 DEBUG [189617] [] finally
2022-02-17 15:55:52,546 DEBUG [189658] [] Request URI : /eccadmin_dev/Login/login
2022-02-17 15:55:52,546 DEBUG [189658] [] LoginController start
2022-02-17 15:55:52,547 DEBUG [189658] [] controllers/LoginController.php: is exist
2022-02-17 15:55:52,547 DEBUG [189658] [] LoginForm: is exist
2022-02-17 15:55:52,547 DEBUG [189658] [] LoginForm: form value set 
2022-02-17 15:55:52,547 DEBUG [189658] [] ------------------------------/eccadmin_dev/Login/login
2022-02-17 15:55:52,548 DEBUG [189658] [] ------------------------------login_start_check
2022-02-17 15:55:52,548 DEBUG [189658] [] loginAction start
2022-02-17 15:55:52,850 DEBUG [189658] [] loginAction end
2022-02-17 15:55:52,850 DEBUG [189658] [] LoginController end
2022-02-17 15:55:52,850 DEBUG [189658] [] finally
2022-02-17 15:55:52,876 DEBUG [189658] [] Request URI : /eccadmin_dev/Menu
2022-02-17 15:55:52,876 DEBUG [189658] [] MenuController start
2022-02-17 15:55:52,876 DEBUG [189658] [] controllers/MenuController.php: is exist
2022-02-17 15:55:52,876 DEBUG [189658] [] MenuForm: is exist
2022-02-17 15:55:52,876 DEBUG [189658] [] MenuForm: form value set 
2022-02-17 15:55:52,877 DEBUG [189658] [] ------------------------------/eccadmin_dev/Menu
2022-02-17 15:55:52,877 DEBUG [189658] [] ------------------------------login_start_check
2022-02-17 15:55:52,877 DEBUG [189658] [] indexAction start
2022-02-17 15:55:52,877 DEBUG [189658] [] admin_no is 1
2022-02-17 15:55:52,903 DEBUG [189658] [] indexAction end
2022-02-17 15:55:52,903 DEBUG [189658] [] MenuController end
2022-02-17 15:55:52,903 DEBUG [189658] [] finally
2022-02-17 15:55:56,225 DEBUG [189658] [] Request URI : /eccadmin_dev/AtReportList
2022-02-17 15:55:56,226 DEBUG [189658] [] AtReportListController start
2022-02-17 15:55:56,226 DEBUG [189658] [] controllers/AtReportListController.php: is exist
2022-02-17 15:55:56,227 DEBUG [189658] [] AtReportListForm: is exist
2022-02-17 15:55:56,228 DEBUG [189658] [] AtReportListForm: form value set 
2022-02-17 15:55:56,228 DEBUG [189658] [] ------------------------------/eccadmin_dev/AtReportList
2022-02-17 15:55:56,228 DEBUG [189658] [] indexAction start
2022-02-17 15:55:56,229 DEBUG [189658] [] admin_no is 1
2022-02-17 15:55:56,313 DEBUG [189658] [] indexAction end
2022-02-17 15:55:56,313 DEBUG [189658] [] AtReportListController end
2022-02-17 15:55:56,313 DEBUG [189658] [] finally
2022-02-17 15:57:56,130 DEBUG [189596] [] Request URI : /eccadmin_dev/Login
2022-02-17 15:57:56,131 DEBUG [189596] [] LoginController start
2022-02-17 15:57:56,131 DEBUG [189596] [] controllers/LoginController.php: is exist
2022-02-17 15:57:56,132 DEBUG [189596] [] LoginForm: is exist
2022-02-17 15:57:56,132 DEBUG [189596] [] LoginForm: form value set 
2022-02-17 15:57:56,132 DEBUG [189596] [] ------------------------------/eccadmin_dev/Login
2022-02-17 15:57:56,132 DEBUG [189596] [] ------------------------------login_start_check
2022-02-17 15:57:56,132 DEBUG [189596] [] indexAction start
2022-02-17 15:57:56,147 DEBUG [189596] [] indexAction end
2022-02-17 15:57:56,147 DEBUG [189596] [] LoginController end
2022-02-17 15:57:56,147 DEBUG [189596] [] finally
2022-02-17 15:57:57,184 DEBUG [189596] [] Request URI : /eccadmin_dev/Login
2022-02-17 15:57:57,185 DEBUG [189596] [] LoginController start
2022-02-17 15:57:57,185 DEBUG [189596] [] controllers/LoginController.php: is exist
2022-02-17 15:57:57,185 DEBUG [189596] [] LoginForm: is exist
2022-02-17 15:57:57,185 DEBUG [189596] [] LoginForm: form value set 
2022-02-17 15:57:57,186 DEBUG [189596] [] ------------------------------/eccadmin_dev/Login
2022-02-17 15:57:57,186 DEBUG [189596] [] ------------------------------login_start_check
2022-02-17 15:57:57,186 DEBUG [189596] [] indexAction start
2022-02-17 15:57:57,201 DEBUG [189596] [] indexAction end
2022-02-17 15:57:57,201 DEBUG [189596] [] LoginController end
2022-02-17 15:57:57,201 DEBUG [189596] [] finally
2022-02-17 16:06:18,365 DEBUG [189789] [] Request URI : /eccadmin_dev/Login/logout
2022-02-17 16:06:18,366 DEBUG [189789] [] LoginController start
2022-02-17 16:06:18,366 DEBUG [189789] [] controllers/LoginController.php: is exist
2022-02-17 16:06:18,367 DEBUG [189789] [] LoginForm: is exist
2022-02-17 16:06:18,367 DEBUG [189789] [] LoginForm: form value set 
2022-02-17 16:06:18,367 DEBUG [189789] [] ------------------------------/eccadmin_dev/Login/logout
2022-02-17 16:06:18,367 DEBUG [189789] [] ------------------------------login_start_check
2022-02-17 16:06:18,368 DEBUG [189789] [] logoutAction start
2022-02-17 16:06:18,368 DEBUG [189789] [] logoutAction end
2022-02-17 16:06:18,368 DEBUG [189789] [] LoginController end
2022-02-17 16:06:18,368 DEBUG [189789] [] finally
2022-02-17 16:06:18,410 DEBUG [189789] [] Request URI : /eccadmin_dev/Login
2022-02-17 16:06:18,411 DEBUG [189789] [] LoginController start
2022-02-17 16:06:18,411 DEBUG [189789] [] controllers/LoginController.php: is exist
2022-02-17 16:06:18,411 DEBUG [189789] [] LoginForm: is exist
2022-02-17 16:06:18,411 DEBUG [189789] [] LoginForm: form value set 
2022-02-17 16:06:18,412 DEBUG [189789] [] ------------------------------/eccadmin_dev/Login
2022-02-17 16:06:18,412 DEBUG [189789] [] ------------------------------login_start_check
2022-02-17 16:06:18,412 DEBUG [189789] [] indexAction start
2022-02-17 16:06:18,427 DEBUG [189789] [] indexAction end
2022-02-17 16:06:18,427 DEBUG [189789] [] LoginController end
2022-02-17 16:06:18,427 DEBUG [189789] [] finally
2022-02-17 18:31:16,021 DEBUG [191453] [] Request URI : /eccadmin_dev/Login
2022-02-17 18:31:16,022 DEBUG [191453] [] LoginController start
2022-02-17 18:31:16,022 DEBUG [191453] [] controllers/LoginController.php: is exist
2022-02-17 18:31:16,022 DEBUG [191453] [] LoginForm: is exist
2022-02-17 18:31:16,022 DEBUG [191453] [] LoginForm: form value set 
2022-02-17 18:31:16,023 DEBUG [191453] [] ------------------------------/eccadmin_dev/Login
2022-02-17 18:31:16,023 DEBUG [191453] [] ------------------------------login_start_check
2022-02-17 18:31:16,023 DEBUG [191453] [] indexAction start
2022-02-17 18:31:16,099 DEBUG [191453] [] indexAction end
2022-02-17 18:31:16,099 DEBUG [191453] [] LoginController end
2022-02-17 18:31:16,099 DEBUG [191453] [] finally
2022-02-17 18:31:16,961 DEBUG [191453] [] Request URI : /eccadmin_dev/Login
2022-02-17 18:31:16,961 DEBUG [191453] [] LoginController start
2022-02-17 18:31:16,961 DEBUG [191453] [] controllers/LoginController.php: is exist
2022-02-17 18:31:16,962 DEBUG [191453] [] LoginForm: is exist
2022-02-17 18:31:16,962 DEBUG [191453] [] LoginForm: form value set 
2022-02-17 18:31:16,962 DEBUG [191453] [] ------------------------------/eccadmin_dev/Login
2022-02-17 18:31:16,962 DEBUG [191453] [] ------------------------------login_start_check
2022-02-17 18:31:16,962 DEBUG [191453] [] indexAction start
2022-02-17 18:31:16,976 DEBUG [191453] [] indexAction end
2022-02-17 18:31:16,976 DEBUG [191453] [] LoginController end
2022-02-17 18:31:16,976 DEBUG [191453] [] finally
2022-02-17 18:31:19,892 DEBUG [191453] [] Request URI : /eccadmin_dev/Login/login
2022-02-17 18:31:19,892 DEBUG [191453] [] LoginController start
2022-02-17 18:31:19,892 DEBUG [191453] [] controllers/LoginController.php: is exist
2022-02-17 18:31:19,893 DEBUG [191453] [] LoginForm: is exist
2022-02-17 18:31:19,893 DEBUG [191453] [] LoginForm: form value set 
2022-02-17 18:31:19,893 DEBUG [191453] [] ------------------------------/eccadmin_dev/Login/login
2022-02-17 18:31:19,893 DEBUG [191453] [] ------------------------------login_start_check
2022-02-17 18:31:19,894 DEBUG [191453] [] loginAction start
2022-02-17 18:31:20,200 DEBUG [191453] [] loginAction end
2022-02-17 18:31:20,200 DEBUG [191453] [] LoginController end
2022-02-17 18:31:20,200 DEBUG [191453] [] finally
2022-02-17 18:31:20,220 DEBUG [191453] [] Request URI : /eccadmin_dev/Menu
2022-02-17 18:31:20,220 DEBUG [191453] [] MenuController start
2022-02-17 18:31:20,220 DEBUG [191453] [] controllers/MenuController.php: is exist
2022-02-17 18:31:20,221 DEBUG [191453] [] MenuForm: is exist
2022-02-17 18:31:20,221 DEBUG [191453] [] MenuForm: form value set 
2022-02-17 18:31:20,221 DEBUG [191453] [] ------------------------------/eccadmin_dev/Menu
2022-02-17 18:31:20,221 DEBUG [191453] [] ------------------------------login_start_check
2022-02-17 18:31:20,221 DEBUG [191453] [] indexAction start
2022-02-17 18:31:20,221 DEBUG [191453] [] admin_no is 1
2022-02-17 18:31:20,258 DEBUG [191453] [] indexAction end
2022-02-17 18:31:20,258 DEBUG [191453] [] MenuController end
2022-02-17 18:31:20,258 DEBUG [191453] [] finally
2022-02-17 18:31:22,871 DEBUG [191453] [] Request URI : /eccadmin_dev/AtReportList
2022-02-17 18:31:22,872 DEBUG [191453] [] AtReportListController start
2022-02-17 18:31:22,872 DEBUG [191453] [] controllers/AtReportListController.php: is exist
2022-02-17 18:31:22,874 DEBUG [191453] [] AtReportListForm: is exist
2022-02-17 18:31:22,874 DEBUG [191453] [] AtReportListForm: form value set 
2022-02-17 18:31:22,874 DEBUG [191453] [] ------------------------------/eccadmin_dev/AtReportList
2022-02-17 18:31:22,875 DEBUG [191453] [] indexAction start
2022-02-17 18:31:22,875 DEBUG [191453] [] admin_no is 1
2022-02-17 18:31:22,967 DEBUG [191453] [] indexAction end
2022-02-17 18:31:22,967 DEBUG [191453] [] AtReportListController end
2022-02-17 18:31:22,967 DEBUG [191453] [] finally
2022-02-17 18:31:24,611 DEBUG [191453] [] Request URI : /eccadmin_dev/AtReportRegist/index
2022-02-17 18:31:24,612 DEBUG [191453] [] AtReportRegistController start
2022-02-17 18:31:24,612 DEBUG [191453] [] controllers/AtReportRegistController.php: is exist
2022-02-17 18:31:24,614 DEBUG [191453] [] AtReportRegistForm: is exist
2022-02-17 18:31:24,614 DEBUG [191453] [] AtReportRegistForm: form value set 
2022-02-17 18:31:24,614 DEBUG [191453] [] ------------------------------/eccadmin_dev/AtReportRegist/index
2022-02-17 18:31:24,614 DEBUG [191453] [] ------------------------------session_check_true
2022-02-17 18:31:24,615 DEBUG [191453] [] indexAction start
2022-02-17 18:31:24,615 DEBUG [191453] [] admin_no is 1
2022-02-17 18:31:24,696 DEBUG [191453] [] indexAction end
2022-02-17 18:31:24,696 DEBUG [191453] [] AtReportRegistController end
2022-02-17 18:31:24,696 DEBUG [191453] [] finally
2022-02-17 18:31:38,685 DEBUG [190666] [] Request URI : /eccadmin_dev/AtReportRegist/save
2022-02-17 18:31:38,686 DEBUG [190666] [] AtReportRegistController start
2022-02-17 18:31:38,686 DEBUG [190666] [] controllers/AtReportRegistController.php: is exist
2022-02-17 18:31:38,688 DEBUG [190666] [] AtReportRegistForm: is exist
2022-02-17 18:31:38,688 DEBUG [190666] [] AtReportRegistForm: form value set 
2022-02-17 18:31:38,689 DEBUG [190666] [] ------------------------------/eccadmin_dev/AtReportRegist/save
2022-02-17 18:31:38,689 DEBUG [190666] [] ------------------------------session_check_true
2022-02-17 18:31:38,689 DEBUG [190666] [] saveAction start
2022-02-17 18:31:38,714 DEBUG [190666] [] admin_no is 1
2022-02-17 18:31:38,714 DEBUG [190666] [] saveAction end
2022-02-17 18:31:38,714 DEBUG [190666] [] AtReportRegistController end
2022-02-17 18:31:38,714 DEBUG [190666] [] finally
2022-02-17 18:31:38,767 DEBUG [190666] [] Request URI : /eccadmin_dev/AtReportList/Search
2022-02-17 18:31:38,767 DEBUG [190666] [] AtReportListController start
2022-02-17 18:31:38,767 DEBUG [190666] [] controllers/AtReportListController.php: is exist
2022-02-17 18:31:38,769 DEBUG [190666] [] AtReportListForm: is exist
2022-02-17 18:31:38,769 DEBUG [190666] [] AtReportListForm: form value set 
2022-02-17 18:31:38,770 DEBUG [190666] [] ------------------------------/eccadmin_dev/AtReportList/Search
2022-02-17 18:31:38,770 DEBUG [190666] [] SearchAction start
2022-02-17 18:31:38,770 DEBUG [190666] [] --------back--------
2022-02-17 18:31:38,770 DEBUG [190666] [] admin_no is 1
2022-02-17 18:31:38,835 DEBUG [190666] [] SearchAction end
2022-02-17 18:31:38,835 DEBUG [190666] [] AtReportListController end
2022-02-17 18:31:38,835 DEBUG [190666] [] finally
2022-02-17 18:33:56,744 DEBUG [190822] [] Request URI : /eccadmin_dev/AtReportRegist/index
2022-02-17 18:33:56,745 DEBUG [190822] [] AtReportRegistController start
2022-02-17 18:33:56,745 DEBUG [190822] [] controllers/AtReportRegistController.php: is exist
2022-02-17 18:33:56,747 DEBUG [190822] [] AtReportRegistForm: is exist
2022-02-17 18:33:56,747 DEBUG [190822] [] AtReportRegistForm: form value set 
2022-02-17 18:33:56,748 DEBUG [190822] [] ------------------------------/eccadmin_dev/AtReportRegist/index
2022-02-17 18:33:56,748 DEBUG [190822] [] ------------------------------session_check_true
2022-02-17 18:33:56,748 DEBUG [190822] [] indexAction start
2022-02-17 18:33:56,748 DEBUG [190822] [] admin_no is 1
2022-02-17 18:33:56,828 DEBUG [190822] [] indexAction end
2022-02-17 18:33:56,828 DEBUG [190822] [] AtReportRegistController end
2022-02-17 18:33:56,828 DEBUG [190822] [] finally
2022-02-17 18:34:08,560 DEBUG [190612] [] Request URI : /eccadmin_dev/AtReportRegist/save
2022-02-17 18:34:08,560 DEBUG [190612] [] AtReportRegistController start
2022-02-17 18:34:08,560 DEBUG [190612] [] controllers/AtReportRegistController.php: is exist
2022-02-17 18:34:08,562 DEBUG [190612] [] AtReportRegistForm: is exist
2022-02-17 18:34:08,563 DEBUG [190612] [] AtReportRegistForm: form value set 
2022-02-17 18:34:08,563 DEBUG [190612] [] ------------------------------/eccadmin_dev/AtReportRegist/save
2022-02-17 18:34:08,563 DEBUG [190612] [] ------------------------------session_check_true
2022-02-17 18:34:08,563 DEBUG [190612] [] saveAction start
2022-02-17 18:34:08,567 DEBUG [190612] [] admin_no is 1
2022-02-17 18:34:08,567 DEBUG [190612] [] saveAction end
2022-02-17 18:34:08,567 DEBUG [190612] [] AtReportRegistController end
2022-02-17 18:34:08,567 DEBUG [190612] [] finally
2022-02-17 18:34:08,587 DEBUG [190612] [] Request URI : /eccadmin_dev/AtReportList/Search
2022-02-17 18:34:08,587 DEBUG [190612] [] AtReportListController start
2022-02-17 18:34:08,587 DEBUG [190612] [] controllers/AtReportListController.php: is exist
2022-02-17 18:34:08,589 DEBUG [190612] [] AtReportListForm: is exist
2022-02-17 18:34:08,589 DEBUG [190612] [] AtReportListForm: form value set 
2022-02-17 18:34:08,589 DEBUG [190612] [] ------------------------------/eccadmin_dev/AtReportList/Search
2022-02-17 18:34:08,590 DEBUG [190612] [] SearchAction start
2022-02-17 18:34:08,590 DEBUG [190612] [] --------back--------
2022-02-17 18:34:08,590 DEBUG [190612] [] admin_no is 1
2022-02-17 18:34:08,651 DEBUG [190612] [] SearchAction end
2022-02-17 18:34:08,652 DEBUG [190612] [] AtReportListController end
2022-02-17 18:34:08,652 DEBUG [190612] [] finally
2022-02-17 18:47:53,324 DEBUG [191243] [] Request URI : /eccadmin_dev/Login/logout
2022-02-17 18:47:53,325 DEBUG [191243] [] LoginController start
2022-02-17 18:47:53,325 DEBUG [191243] [] controllers/LoginController.php: is exist
2022-02-17 18:47:53,325 DEBUG [191243] [] LoginForm: is exist
2022-02-17 18:47:53,325 DEBUG [191243] [] LoginForm: form value set 
2022-02-17 18:47:53,326 DEBUG [191243] [] ------------------------------/eccadmin_dev/Login/logout
2022-02-17 18:47:53,326 DEBUG [191243] [] ------------------------------login_start_check
2022-02-17 18:47:53,326 DEBUG [191243] [] logoutAction start
2022-02-17 18:47:53,326 DEBUG [191243] [] logoutAction end
2022-02-17 18:47:53,326 DEBUG [191243] [] LoginController end
2022-02-17 18:47:53,326 DEBUG [191243] [] finally
2022-02-17 18:47:53,381 DEBUG [191243] [] Request URI : /eccadmin_dev/Login
2022-02-17 18:47:53,381 DEBUG [191243] [] LoginController start
2022-02-17 18:47:53,381 DEBUG [191243] [] controllers/LoginController.php: is exist
2022-02-17 18:47:53,382 DEBUG [191243] [] LoginForm: is exist
2022-02-17 18:47:53,382 DEBUG [191243] [] LoginForm: form value set 
2022-02-17 18:47:53,382 DEBUG [191243] [] ------------------------------/eccadmin_dev/Login
2022-02-17 18:47:53,382 DEBUG [191243] [] ------------------------------login_start_check
2022-02-17 18:47:53,382 DEBUG [191243] [] indexAction start
2022-02-17 18:47:53,397 DEBUG [191243] [] indexAction end
2022-02-17 18:47:53,398 DEBUG [191243] [] LoginController end
2022-02-17 18:47:53,398 DEBUG [191243] [] finally
