2022-10-13 11:24:43,121 DEBUG [195567] [] Request URI : /eccadmin_dev/Login
2022-10-13 11:24:43,146 DEBUG [195567] [] LoginController start
2022-10-13 11:24:43,146 DEBUG [195567] [] controllers/LoginController.php: is exist
2022-10-13 11:24:43,147 DEBUG [195567] [] LoginForm: is exist
2022-10-13 11:24:43,147 DEBUG [195567] [] LoginForm: form value set 
2022-10-13 11:24:43,148 DEBUG [195567] [] ------------------------------/eccadmin_dev/Login
2022-10-13 11:24:43,148 DEBUG [195567] [] ------------------------------login_start_check
2022-10-13 11:24:43,148 DEBUG [195567] [] indexAction start
2022-10-13 11:24:43,183 DEBUG [195567] [] indexAction end
2022-10-13 11:24:43,183 DEBUG [195567] [] LoginController end
2022-10-13 11:24:43,183 DEBUG [195567] [] finally
2022-10-13 11:24:56,130 DEBUG [195570] [] Request URI : /eccadmin_dev/Login/login
2022-10-13 11:24:56,134 DEBUG [195570] [] LoginController start
2022-10-13 11:24:56,134 DEBUG [195570] [] controllers/LoginController.php: is exist
2022-10-13 11:24:56,135 DEBUG [195570] [] LoginForm: is exist
2022-10-13 11:24:56,135 DEBUG [195570] [] LoginForm: form value set 
2022-10-13 11:24:56,136 DEBUG [195570] [] ------------------------------/eccadmin_dev/Login/login
2022-10-13 11:24:56,136 DEBUG [195570] [] ------------------------------login_start_check
2022-10-13 11:24:56,136 DEBUG [195570] [] loginAction start
2022-10-13 11:24:56,437 DEBUG [195570] [] loginAction end
2022-10-13 11:24:56,438 DEBUG [195570] [] LoginController end
2022-10-13 11:24:56,438 DEBUG [195570] [] finally
2022-10-13 11:24:59,637 DEBUG [195570] [] Request URI : /eccadmin_dev/Login/login
2022-10-13 11:24:59,637 DEBUG [195570] [] LoginController start
2022-10-13 11:24:59,637 DEBUG [195570] [] controllers/LoginController.php: is exist
2022-10-13 11:24:59,638 DEBUG [195570] [] LoginForm: is exist
2022-10-13 11:24:59,638 DEBUG [195570] [] LoginForm: form value set 
2022-10-13 11:24:59,638 DEBUG [195570] [] ------------------------------/eccadmin_dev/Login/login
2022-10-13 11:24:59,638 DEBUG [195570] [] ------------------------------login_start_check
2022-10-13 11:24:59,638 DEBUG [195570] [] loginAction start
2022-10-13 11:24:59,942 DEBUG [195570] [] loginAction end
2022-10-13 11:24:59,942 DEBUG [195570] [] LoginController end
2022-10-13 11:24:59,942 DEBUG [195570] [] finally
2022-10-13 11:25:00,228 DEBUG [195570] [] Request URI : /eccadmin_dev/Menu
2022-10-13 11:25:00,229 DEBUG [195570] [] MenuController start
2022-10-13 11:25:00,229 DEBUG [195570] [] controllers/MenuController.php: is exist
2022-10-13 11:25:00,347 DEBUG [195570] [] MenuForm: is exist
2022-10-13 11:25:00,353 DEBUG [195570] [] MenuForm: form value set 
2022-10-13 11:25:00,353 DEBUG [195570] [] ------------------------------/eccadmin_dev/Menu
2022-10-13 11:25:00,353 DEBUG [195570] [] ------------------------------login_start_check
2022-10-13 11:25:00,353 DEBUG [195570] [] indexAction start
2022-10-13 11:25:00,354 DEBUG [195570] [] admin_no is 1
2022-10-13 11:25:00,447 DEBUG [195570] [] indexAction end
2022-10-13 11:25:00,447 DEBUG [195570] [] MenuController end
2022-10-13 11:25:00,447 DEBUG [195570] [] finally
2022-10-13 11:40:31,709 DEBUG [195528] [] Request URI : /eccadmin_dev/OrganizationList
2022-10-13 11:40:31,710 DEBUG [195528] [] OrganizationListController start
2022-10-13 11:40:31,733 DEBUG [195528] [] controllers/OrganizationListController.php: is exist
2022-10-13 11:40:31,790 DEBUG [195528] [] OrganizationListForm: is exist
2022-10-13 11:40:31,804 DEBUG [195528] [] OrganizationListForm: form value set 
2022-10-13 11:40:31,804 DEBUG [195528] [] ------------------------------/eccadmin_dev/OrganizationList
2022-10-13 11:40:31,805 DEBUG [195528] [] indexAction start
2022-10-13 11:40:31,805 DEBUG [195528] [] admin_no is 
2022-10-13 11:40:31,805 DEBUG [195528] [] indexAction end
2022-10-13 11:40:31,805 DEBUG [195528] [] OrganizationListController end
2022-10-13 11:40:31,805 DEBUG [195528] [] finally
2022-10-13 11:40:31,944 DEBUG [195528] [] Request URI : /eccadmin_dev/Error/disp
2022-10-13 11:40:31,945 DEBUG [195528] [] ErrorController start
2022-10-13 11:40:31,945 DEBUG [195528] [] controllers/ErrorController.php: is exist
2022-10-13 11:40:31,956 DEBUG [195528] [] ErrorForm: is exist
2022-10-13 11:40:31,967 DEBUG [195528] [] ErrorForm: form value set 
2022-10-13 11:40:31,967 DEBUG [195528] [] ------------------------------/eccadmin_dev/Error/disp
2022-10-13 11:40:31,967 DEBUG [195528] [] ------------------------------login_start_check
2022-10-13 11:40:31,967 DEBUG [195528] [] dispAction start
2022-10-13 11:40:31,994 DEBUG [195528] [] dispAction end
2022-10-13 11:40:31,995 DEBUG [195528] [] ErrorController end
2022-10-13 11:40:31,995 DEBUG [195528] [] finally
2022-10-13 11:40:34,448 DEBUG [195528] [] Request URI : /eccadmin_dev/Login
2022-10-13 11:40:34,449 DEBUG [195528] [] LoginController start
2022-10-13 11:40:34,449 DEBUG [195528] [] controllers/LoginController.php: is exist
2022-10-13 11:40:34,449 DEBUG [195528] [] LoginForm: is exist
2022-10-13 11:40:34,449 DEBUG [195528] [] LoginForm: form value set 
2022-10-13 11:40:34,450 DEBUG [195528] [] ------------------------------/eccadmin_dev/Login
2022-10-13 11:40:34,450 DEBUG [195528] [] ------------------------------login_start_check
2022-10-13 11:40:34,450 DEBUG [195528] [] indexAction start
2022-10-13 11:40:34,465 DEBUG [195528] [] indexAction end
2022-10-13 11:40:34,465 DEBUG [195528] [] LoginController end
2022-10-13 11:40:34,465 DEBUG [195528] [] finally
2022-10-13 11:40:40,353 DEBUG [195614] [] Request URI : /eccadmin_dev/Login/login
2022-10-13 11:40:40,357 DEBUG [195614] [] LoginController start
2022-10-13 11:40:40,357 DEBUG [195614] [] controllers/LoginController.php: is exist
2022-10-13 11:40:40,358 DEBUG [195614] [] LoginForm: is exist
2022-10-13 11:40:40,358 DEBUG [195614] [] LoginForm: form value set 
2022-10-13 11:40:40,358 DEBUG [195614] [] ------------------------------/eccadmin_dev/Login/login
2022-10-13 11:40:40,359 DEBUG [195614] [] ------------------------------login_start_check
2022-10-13 11:40:40,359 DEBUG [195614] [] loginAction start
2022-10-13 11:40:40,656 DEBUG [195614] [] loginAction end
2022-10-13 11:40:40,656 DEBUG [195614] [] LoginController end
2022-10-13 11:40:40,656 DEBUG [195614] [] finally
2022-10-13 11:40:40,800 DEBUG [195614] [] Request URI : /eccadmin_dev/Menu
2022-10-13 11:40:40,801 DEBUG [195614] [] MenuController start
2022-10-13 11:40:40,801 DEBUG [195614] [] controllers/MenuController.php: is exist
2022-10-13 11:40:40,803 DEBUG [195614] [] MenuForm: is exist
2022-10-13 11:40:40,803 DEBUG [195614] [] MenuForm: form value set 
2022-10-13 11:40:40,803 DEBUG [195614] [] ------------------------------/eccadmin_dev/Menu
2022-10-13 11:40:40,803 DEBUG [195614] [] ------------------------------login_start_check
2022-10-13 11:40:40,804 DEBUG [195614] [] indexAction start
2022-10-13 11:40:40,804 DEBUG [195614] [] admin_no is 1
2022-10-13 11:40:40,836 DEBUG [195614] [] indexAction end
2022-10-13 11:40:40,836 DEBUG [195614] [] MenuController end
2022-10-13 11:40:40,836 DEBUG [195614] [] finally
2022-10-13 11:40:45,408 DEBUG [195614] [] Request URI : /eccadmin_dev/OrganizationList
2022-10-13 11:40:45,408 DEBUG [195614] [] OrganizationListController start
2022-10-13 11:40:45,408 DEBUG [195614] [] controllers/OrganizationListController.php: is exist
2022-10-13 11:40:45,410 DEBUG [195614] [] OrganizationListForm: is exist
2022-10-13 11:40:45,410 DEBUG [195614] [] OrganizationListForm: form value set 
2022-10-13 11:40:45,411 DEBUG [195614] [] ------------------------------/eccadmin_dev/OrganizationList
2022-10-13 11:40:45,411 DEBUG [195614] [] indexAction start
2022-10-13 11:40:45,411 DEBUG [195614] [] admin_no is 1
2022-10-13 11:40:45,587 DEBUG [195614] [] indexAction end
2022-10-13 11:40:45,588 DEBUG [195614] [] OrganizationListController end
2022-10-13 11:40:45,588 DEBUG [195614] [] finally
2022-10-13 11:41:00,070 DEBUG [195614] [] Request URI : /eccadmin_dev/OrganizationRegist/index
2022-10-13 11:41:00,071 DEBUG [195614] [] OrganizationRegistController start
2022-10-13 11:41:00,071 DEBUG [195614] [] controllers/OrganizationRegistController.php: is exist
2022-10-13 11:41:00,203 DEBUG [195614] [] OrganizationRegistForm: is exist
2022-10-13 11:41:00,211 DEBUG [195614] [] OrganizationRegistForm: form value set 
2022-10-13 11:41:00,211 DEBUG [195614] [] ------------------------------/eccadmin_dev/OrganizationRegist/index
2022-10-13 11:41:00,212 DEBUG [195614] [] ------------------------------session_check_true
2022-10-13 11:41:00,212 DEBUG [195614] [] indexAction start
2022-10-13 11:41:00,212 DEBUG [195614] [] admin_no is 1
2022-10-13 11:41:00,338 DEBUG [195614] [] indexAction end
2022-10-13 11:41:00,339 DEBUG [195614] [] OrganizationRegistController end
2022-10-13 11:41:00,339 DEBUG [195614] [] finally
2022-10-13 11:41:04,500 DEBUG [195573] [] Request URI : /eccadmin_dev/OrganizationRegist/index
2022-10-13 11:41:04,500 DEBUG [195573] [] OrganizationRegistController start
2022-10-13 11:41:04,501 DEBUG [195573] [] controllers/OrganizationRegistController.php: is exist
2022-10-13 11:41:04,504 DEBUG [195573] [] OrganizationRegistForm: is exist
2022-10-13 11:41:04,504 DEBUG [195573] [] OrganizationRegistForm: form value set 
2022-10-13 11:41:04,504 DEBUG [195573] [] ------------------------------/eccadmin_dev/OrganizationRegist/index
2022-10-13 11:41:04,505 DEBUG [195573] [] ------------------------------session_check_true
2022-10-13 11:41:04,505 DEBUG [195573] [] indexAction start
2022-10-13 11:41:04,505 DEBUG [195573] [] admin_no is 1
2022-10-13 11:41:04,600 DEBUG [195573] [] indexAction end
2022-10-13 11:41:04,600 DEBUG [195573] [] OrganizationRegistController end
2022-10-13 11:41:04,600 DEBUG [195573] [] finally
2022-10-13 11:41:07,979 DEBUG [195573] [] Request URI : /eccadmin_dev/CourseContractList
2022-10-13 11:41:07,980 DEBUG [195573] [] CourseContractListController start
2022-10-13 11:41:07,980 DEBUG [195573] [] controllers/CourseContractListController.php: is exist
2022-10-13 11:41:08,115 DEBUG [195573] [] CourseContractListForm: is exist
2022-10-13 11:41:08,128 DEBUG [195573] [] CourseContractListForm: form value set 
2022-10-13 11:41:08,128 DEBUG [195573] [] ------------------------------/eccadmin_dev/CourseContractList
2022-10-13 11:41:08,128 DEBUG [195573] [] indexAction start
2022-10-13 11:41:08,128 DEBUG [195573] [] admin_no is 1
2022-10-13 11:41:08,330 DEBUG [195573] [] indexAction end
2022-10-13 11:41:08,330 DEBUG [195573] [] CourseContractListController end
2022-10-13 11:41:08,330 DEBUG [195573] [] finally
2022-10-13 11:41:21,334 DEBUG [195602] [] Request URI : /eccadmin_dev/CourseContractConfirmList
2022-10-13 11:41:21,335 DEBUG [195602] [] CourseContractConfirmListController start
2022-10-13 11:41:21,353 DEBUG [195602] [] controllers/CourseContractConfirmListController.php: is exist
2022-10-13 11:41:21,364 DEBUG [195602] [] CourseContractConfirmListForm: is exist
2022-10-13 11:41:21,377 DEBUG [195602] [] CourseContractConfirmListForm: form value set 
2022-10-13 11:41:21,377 DEBUG [195602] [] ------------------------------/eccadmin_dev/CourseContractConfirmList
2022-10-13 11:41:21,378 DEBUG [195602] [] indexAction start
2022-10-13 11:41:21,378 DEBUG [195602] [] admin_no is 1
2022-10-13 11:41:21,497 DEBUG [195602] [] indexAction end
2022-10-13 11:41:21,497 DEBUG [195602] [] CourseContractConfirmListController end
2022-10-13 11:41:21,497 DEBUG [195602] [] finally
2022-10-13 11:41:25,272 DEBUG [195602] [] Request URI : /eccadmin_dev/CourseStatusList
2022-10-13 11:41:25,272 DEBUG [195602] [] CourseStatusListController start
2022-10-13 11:41:25,272 DEBUG [195602] [] controllers/CourseStatusListController.php: is exist
2022-10-13 11:41:25,328 DEBUG [195602] [] CourseStatusListForm: is exist
2022-10-13 11:41:25,335 DEBUG [195602] [] CourseStatusListForm: form value set 
2022-10-13 11:41:25,335 DEBUG [195602] [] ------------------------------/eccadmin_dev/CourseStatusList
2022-10-13 11:41:25,335 DEBUG [195602] [] indexAction start
2022-10-13 11:41:25,336 DEBUG [195602] [] admin_no is 1
2022-10-13 11:41:25,459 DEBUG [195602] [] indexAction end
2022-10-13 11:41:25,459 DEBUG [195602] [] CourseStatusListController end
2022-10-13 11:41:25,460 DEBUG [195602] [] finally
2022-10-13 11:41:29,638 DEBUG [195602] [] Request URI : /eccadmin_dev/SWPracticeReferenceList
2022-10-13 11:41:29,639 DEBUG [195602] [] SWPracticeReferenceListController start
2022-10-13 11:41:29,639 DEBUG [195602] [] controllers/SWPracticeReferenceListController.php: is exist
2022-10-13 11:41:29,683 DEBUG [195602] [] SWPracticeReferenceListForm: is exist
2022-10-13 11:41:29,684 DEBUG [195602] [] SWPracticeReferenceListForm: form value set 
2022-10-13 11:41:29,684 DEBUG [195602] [] ------------------------------/eccadmin_dev/SWPracticeReferenceList
2022-10-13 11:41:29,684 DEBUG [195602] [] indexAction start
2022-10-13 11:41:29,685 DEBUG [195602] [] admin_no is 1
2022-10-13 11:41:29,830 DEBUG [195602] [] indexAction end
2022-10-13 11:41:29,830 DEBUG [195602] [] SWPracticeReferenceListController end
2022-10-13 11:41:29,830 DEBUG [195602] [] finally
2022-10-13 11:41:33,567 DEBUG [195602] [] Request URI : /eccadmin_dev/WordBookList
2022-10-13 11:41:33,567 DEBUG [195602] [] WordBookListController start
2022-10-13 11:41:33,567 DEBUG [195602] [] controllers/WordBookListController.php: is exist
2022-10-13 11:41:33,656 DEBUG [195602] [] WordBookListForm: is exist
2022-10-13 11:41:33,662 DEBUG [195602] [] WordBookListForm: form value set 
2022-10-13 11:41:33,662 DEBUG [195602] [] ------------------------------/eccadmin_dev/WordBookList
2022-10-13 11:41:33,662 DEBUG [195602] [] indexAction start
2022-10-13 11:41:33,663 DEBUG [195602] [] admin_no is 1
2022-10-13 11:41:33,760 DEBUG [195602] [] indexAction end
2022-10-13 11:41:33,760 DEBUG [195602] [] WordBookListController end
2022-10-13 11:41:33,760 DEBUG [195602] [] finally
2022-10-13 11:41:38,578 DEBUG [195567] [] Request URI : /eccadmin_dev/WordBookRegist
2022-10-13 11:41:38,579 DEBUG [195567] [] WordBookRegistController start
2022-10-13 11:41:38,579 DEBUG [195567] [] controllers/WordBookRegistController.php: is exist
2022-10-13 11:41:38,694 DEBUG [195567] [] WordBookRegistForm: is exist
2022-10-13 11:41:38,705 DEBUG [195567] [] WordBookRegistForm: form value set 
2022-10-13 11:41:38,705 DEBUG [195567] [] ------------------------------/eccadmin_dev/WordBookRegist
2022-10-13 11:41:38,705 DEBUG [195567] [] ------------------------------session_check_true
2022-10-13 11:41:38,705 DEBUG [195567] [] indexAction start
2022-10-13 11:41:38,705 DEBUG [195567] [] admin_no is 1
2022-10-13 11:41:38,813 DEBUG [195567] [] indexAction end
2022-10-13 11:41:38,813 DEBUG [195567] [] WordBookRegistController end
2022-10-13 11:41:38,813 DEBUG [195567] [] finally
2022-10-13 11:41:41,431 DEBUG [195567] [] Request URI : /eccadmin_dev/WordList
2022-10-13 11:41:41,431 DEBUG [195567] [] WordListController start
2022-10-13 11:41:41,431 DEBUG [195567] [] controllers/WordListController.php: is exist
2022-10-13 11:41:41,484 DEBUG [195567] [] WordListForm: is exist
2022-10-13 11:41:41,484 DEBUG [195567] [] WordListForm: form value set 
2022-10-13 11:41:41,485 DEBUG [195567] [] ------------------------------/eccadmin_dev/WordList
2022-10-13 11:41:41,485 DEBUG [195567] [] indexAction start
2022-10-13 11:41:41,485 DEBUG [195567] [] admin_no is 1
2022-10-13 11:41:41,567 DEBUG [195567] [] indexAction end
2022-10-13 11:41:41,567 DEBUG [195567] [] WordListController end
2022-10-13 11:41:41,567 DEBUG [195567] [] finally
2022-10-13 11:41:59,385 DEBUG [195614] [] Request URI : /eccadmin_dev/WordRegist
2022-10-13 11:41:59,386 DEBUG [195614] [] WordRegistController start
2022-10-13 11:41:59,386 DEBUG [195614] [] controllers/WordRegistController.php: is exist
2022-10-13 11:41:59,411 DEBUG [195614] [] WordRegistForm: is exist
2022-10-13 11:41:59,420 DEBUG [195614] [] WordRegistForm: form value set 
2022-10-13 11:41:59,421 DEBUG [195614] [] ------------------------------/eccadmin_dev/WordRegist
2022-10-13 11:41:59,421 DEBUG [195614] [] ------------------------------session_check_true
2022-10-13 11:41:59,421 DEBUG [195614] [] indexAction start
2022-10-13 11:41:59,421 DEBUG [195614] [] admin_no is 1
2022-10-13 11:41:59,424 DEBUG [195614] [] word_id
2022-10-13 11:41:59,541 DEBUG [195614] [] indexAction end
2022-10-13 11:41:59,541 DEBUG [195614] [] WordRegistController end
2022-10-13 11:41:59,541 DEBUG [195614] [] finally
2022-10-13 11:42:06,150 DEBUG [195603] [] Request URI : /eccadmin_dev/TestList
2022-10-13 11:42:06,151 DEBUG [195603] [] TestListController start
2022-10-13 11:42:06,151 DEBUG [195603] [] controllers/TestListController.php: is exist
2022-10-13 11:42:06,251 DEBUG [195603] [] TestListForm: is exist
2022-10-13 11:42:06,263 DEBUG [195603] [] TestListForm: form value set 
2022-10-13 11:42:06,264 DEBUG [195603] [] ------------------------------/eccadmin_dev/TestList
2022-10-13 11:42:06,264 DEBUG [195603] [] indexAction start
2022-10-13 11:42:06,264 DEBUG [195603] [] admin_no is 1
2022-10-13 11:42:06,264 DEBUG [195603] [] TestListForm Object
(
    [org_no] => 
    [test_no] => 
    [test_name] => 
    [start_period] => 2022/09/13
    [end_period] => 2022/11/13
    [remark] => 
    [del_flg] => 
    [create_dt] => 
    [creater_id] => 
    [update_dt] => 
    [updater_id] => 
    [count] => 
    [page] => 
    [rd_status1] => 
    [rd_status2] => 
    [chk_status1] => 
    [chk_status2] => 
    [quiz_count] => 
    [status] => 
    [rdstatus] => 
    [back_flg] => 
    [search_page] => 0
    [search_start_period] => 
    [search_end_period] => 
    [search_test_name] => 
    [search_remark] => 
    [search_rd_status1] => 
    [search_rd_status2] => 
    [search_rdstatus] => 
    [search_chk_status1] => 
    [search_chk_status2] => 
    [search_status] => 
    [search_org_id] => 99999
    [search_page_row] => 10
    [search_page_order_column] => 1
    [search_page_order_dir] => 1
    [menuOpen] => open
    [menuStatus] => testMenu
    [uid] => 0a72494c16ce7dd27284205ba5ea85bb
    [admin_kbn] => 001
    [remarks] => 
)

2022-10-13 11:42:06,265 DEBUG [195603] []  SELECT  distinct test.test_no test_no  ,test.org_no org_no  ,org.org_id org_id  ,test.test_name test_name  ,mtype.name test_type_name  ,test.remarks remark ,test.test_quiz_count quiz_count ,date_format(test.start_period,'%Y/%m/%d') as start_period  ,date_format(test.end_period,'%Y/%m/%d') as end_period  ,CASE WHEN test.status = 0 THEN  '非公開'  ELSE '公開' END AS status  FROM  T_TEST test  LEFT JOIN T_TEST_QUIZ as test_quiz  ON test.org_no = test_quiz.org_no  AND test.test_no = test_quiz.test_no  INNER JOIN M_TYPE mtype ON test.test_type = mtype.type  AND mtype.category = :mcategory  INNER JOIN M_ORGANIZATION as org  ON test.org_no = org.org_no  AND org.del_flg =  '0'  WHERE test.start_period <= :end_period  AND test.end_period >= :start_period  AND org.org_id LIKE :org_id  AND test.del_flg = '0'  ORDER BY  test_name ASC ,remark ASC
2022-10-13 11:42:06,266 DEBUG [195603] [] count of list :10
2022-10-13 11:42:06,373 DEBUG [195603] [] indexAction end
2022-10-13 11:42:06,373 DEBUG [195603] [] TestListController end
2022-10-13 11:42:06,373 DEBUG [195603] [] finally
2022-10-13 11:42:17,310 DEBUG [195591] [] Request URI : /eccadmin_dev/TestRegist
2022-10-13 11:42:17,310 DEBUG [195591] [] TestRegistController start
2022-10-13 11:42:17,310 DEBUG [195591] [] controllers/TestRegistController.php: is exist
2022-10-13 11:42:17,332 DEBUG [195591] [] TestRegistForm: is exist
2022-10-13 11:42:17,360 DEBUG [195591] [] TestRegistForm: form value set 
2022-10-13 11:42:17,360 DEBUG [195591] [] ------------------------------/eccadmin_dev/TestRegist
2022-10-13 11:42:17,361 DEBUG [195591] [] ------------------------------session_check_true
2022-10-13 11:42:17,361 DEBUG [195591] [] indexAction start
2022-10-13 11:42:17,361 DEBUG [195591] [] admin_no is 1
2022-10-13 11:42:17,361 DEBUG [195591] [] org_no : 
2022-10-13 11:42:17,363 DEBUG [195591] [] test_no
2022-10-13 11:42:17,495 DEBUG [195591] [] indexAction end
2022-10-13 11:42:17,495 DEBUG [195591] [] TestRegistController end
2022-10-13 11:42:17,496 DEBUG [195591] [] finally
2022-10-13 11:42:21,786 DEBUG [195591] [] Request URI : /eccadmin_dev/QuizList
2022-10-13 11:42:21,786 DEBUG [195591] [] QuizListController start
2022-10-13 11:42:21,787 DEBUG [195591] [] controllers/QuizListController.php: is exist
2022-10-13 11:42:21,894 DEBUG [195591] [] QuizListForm: is exist
2022-10-13 11:42:21,904 DEBUG [195591] [] QuizListForm: form value set 
2022-10-13 11:42:21,904 DEBUG [195591] [] ------------------------------/eccadmin_dev/QuizList
2022-10-13 11:42:21,904 DEBUG [195591] [] indexAction start
2022-10-13 11:42:21,905 DEBUG [195591] [] admin_no is 1
2022-10-13 11:42:21,999 DEBUG [195591] [] indexAction end
2022-10-13 11:42:21,999 DEBUG [195591] [] QuizListController end
2022-10-13 11:42:22,000 DEBUG [195591] [] finally
2022-10-13 11:42:27,855 DEBUG [195571] [] Request URI : /eccadmin_dev/QuizRegist
2022-10-13 11:42:27,856 DEBUG [195571] [] QuizRegistController start
2022-10-13 11:42:27,856 DEBUG [195571] [] controllers/QuizRegistController.php: is exist
2022-10-13 11:42:27,900 DEBUG [195571] [] QuizRegistForm: is exist
2022-10-13 11:42:27,922 DEBUG [195571] [] QuizRegistForm: form value set 
2022-10-13 11:42:27,923 DEBUG [195571] [] ------------------------------/eccadmin_dev/QuizRegist
2022-10-13 11:42:27,923 DEBUG [195571] [] ------------------------------session_check_true
2022-10-13 11:42:27,923 DEBUG [195571] [] indexAction start
2022-10-13 11:42:27,923 DEBUG [195571] [] admin_no is 1
2022-10-13 11:42:27,924 DEBUG [195571] [] quiz_no
2022-10-13 11:42:27,926 DEBUG [195571] []  SELECT  distinct name  ,type FROM M_TYPE  WHERE  del_flg = '0'   AND category = '010'   ORDER BY  type ASC 
2022-10-13 11:42:28,064 DEBUG [195571] [] indexAction end
2022-10-13 11:42:28,064 DEBUG [195571] [] QuizRegistController end
2022-10-13 11:42:28,064 DEBUG [195571] [] finally
2022-10-13 11:44:57,371 DEBUG [195627] [] Request URI : /eccadmin_dev/TestInfoList
2022-10-13 11:44:57,375 DEBUG [195627] [] TestInfoListController start
2022-10-13 11:44:57,375 DEBUG [195627] [] controllers/TestInfoListController.php: is exist
2022-10-13 11:44:57,465 DEBUG [195627] [] TestInfoListForm: is exist
2022-10-13 11:44:57,472 DEBUG [195627] [] TestInfoListForm: form value set 
2022-10-13 11:44:57,473 DEBUG [195627] [] ------------------------------/eccadmin_dev/TestInfoList
2022-10-13 11:44:57,473 DEBUG [195627] [] indexAction start
2022-10-13 11:44:57,473 DEBUG [195627] [] admin_no is 
2022-10-13 11:44:57,473 DEBUG [195627] [] indexAction end
2022-10-13 11:44:57,473 DEBUG [195627] [] TestInfoListController end
2022-10-13 11:44:57,474 DEBUG [195627] [] finally
2022-10-13 11:44:57,641 DEBUG [195627] [] Request URI : /eccadmin_dev/Error/disp
2022-10-13 11:44:57,642 DEBUG [195627] [] ErrorController start
2022-10-13 11:44:57,642 DEBUG [195627] [] controllers/ErrorController.php: is exist
2022-10-13 11:44:57,642 DEBUG [195627] [] ErrorForm: is exist
2022-10-13 11:44:57,642 DEBUG [195627] [] ErrorForm: form value set 
2022-10-13 11:44:57,643 DEBUG [195627] [] ------------------------------/eccadmin_dev/Error/disp
2022-10-13 11:44:57,643 DEBUG [195627] [] ------------------------------login_start_check
2022-10-13 11:44:57,643 DEBUG [195627] [] dispAction start
2022-10-13 11:44:57,657 DEBUG [195627] [] dispAction end
2022-10-13 11:44:57,657 DEBUG [195627] [] ErrorController end
2022-10-13 11:44:57,657 DEBUG [195627] [] finally
2022-10-13 11:44:59,589 DEBUG [195627] [] Request URI : /eccadmin_dev/Login
2022-10-13 11:44:59,590 DEBUG [195627] [] LoginController start
2022-10-13 11:44:59,590 DEBUG [195627] [] controllers/LoginController.php: is exist
2022-10-13 11:44:59,590 DEBUG [195627] [] LoginForm: is exist
2022-10-13 11:44:59,590 DEBUG [195627] [] LoginForm: form value set 
2022-10-13 11:44:59,591 DEBUG [195627] [] ------------------------------/eccadmin_dev/Login
2022-10-13 11:44:59,591 DEBUG [195627] [] ------------------------------login_start_check
2022-10-13 11:44:59,591 DEBUG [195627] [] indexAction start
2022-10-13 11:44:59,606 DEBUG [195627] [] indexAction end
2022-10-13 11:44:59,606 DEBUG [195627] [] LoginController end
2022-10-13 11:44:59,606 DEBUG [195627] [] finally
2022-10-13 11:45:02,181 DEBUG [195627] [] Request URI : /eccadmin_dev/Login/login
2022-10-13 11:45:02,181 DEBUG [195627] [] LoginController start
2022-10-13 11:45:02,181 DEBUG [195627] [] controllers/LoginController.php: is exist
2022-10-13 11:45:02,182 DEBUG [195627] [] LoginForm: is exist
2022-10-13 11:45:02,182 DEBUG [195627] [] LoginForm: form value set 
2022-10-13 11:45:02,182 DEBUG [195627] [] ------------------------------/eccadmin_dev/Login/login
2022-10-13 11:45:02,182 DEBUG [195627] [] ------------------------------login_start_check
2022-10-13 11:45:02,183 DEBUG [195627] [] loginAction start
2022-10-13 11:45:02,479 DEBUG [195627] [] loginAction end
2022-10-13 11:45:02,479 DEBUG [195627] [] LoginController end
2022-10-13 11:45:02,479 DEBUG [195627] [] finally
2022-10-13 11:45:05,877 DEBUG [195627] [] Request URI : /eccadmin_dev/Login/login
2022-10-13 11:45:05,878 DEBUG [195627] [] LoginController start
2022-10-13 11:45:05,878 DEBUG [195627] [] controllers/LoginController.php: is exist
2022-10-13 11:45:05,878 DEBUG [195627] [] LoginForm: is exist
2022-10-13 11:45:05,878 DEBUG [195627] [] LoginForm: form value set 
2022-10-13 11:45:05,879 DEBUG [195627] [] ------------------------------/eccadmin_dev/Login/login
2022-10-13 11:45:05,879 DEBUG [195627] [] ------------------------------login_start_check
2022-10-13 11:45:05,879 DEBUG [195627] [] loginAction start
2022-10-13 11:45:06,181 DEBUG [195627] [] loginAction end
2022-10-13 11:45:06,181 DEBUG [195627] [] LoginController end
2022-10-13 11:45:06,181 DEBUG [195627] [] finally
2022-10-13 11:45:06,334 DEBUG [195627] [] Request URI : /eccadmin_dev/Menu
2022-10-13 11:45:06,335 DEBUG [195627] [] MenuController start
2022-10-13 11:45:06,335 DEBUG [195627] [] controllers/MenuController.php: is exist
2022-10-13 11:45:06,337 DEBUG [195627] [] MenuForm: is exist
2022-10-13 11:45:06,337 DEBUG [195627] [] MenuForm: form value set 
2022-10-13 11:45:06,337 DEBUG [195627] [] ------------------------------/eccadmin_dev/Menu
2022-10-13 11:45:06,338 DEBUG [195627] [] ------------------------------login_start_check
2022-10-13 11:45:06,338 DEBUG [195627] [] indexAction start
2022-10-13 11:45:06,338 DEBUG [195627] [] admin_no is 1
2022-10-13 11:45:06,392 DEBUG [195627] [] indexAction end
2022-10-13 11:45:06,392 DEBUG [195627] [] MenuController end
2022-10-13 11:45:06,392 DEBUG [195627] [] finally
2022-10-13 11:45:09,830 DEBUG [195627] [] Request URI : /eccadmin_dev/TestInfoRegist
2022-10-13 11:45:09,831 DEBUG [195627] [] TestInfoRegistController start
2022-10-13 11:45:09,831 DEBUG [195627] [] controllers/TestInfoRegistController.php: is exist
2022-10-13 11:45:09,856 DEBUG [195627] [] TestInfoRegistForm: is exist
2022-10-13 11:45:09,871 DEBUG [195627] [] TestInfoRegistForm: form value set 
2022-10-13 11:45:09,871 DEBUG [195627] [] ------------------------------/eccadmin_dev/TestInfoRegist
2022-10-13 11:45:09,871 DEBUG [195627] [] ------------------------------session_check_true
2022-10-13 11:45:09,871 DEBUG [195627] [] indexAction start
2022-10-13 11:45:09,872 DEBUG [195627] [] admin_no is 1
2022-10-13 11:45:09,873 DEBUG [195627] [] test_info_no
2022-10-13 11:45:09,979 DEBUG [195627] [] indexAction end
2022-10-13 11:45:09,979 DEBUG [195627] [] TestInfoRegistController end
2022-10-13 11:45:09,979 DEBUG [195627] [] finally
2022-10-13 11:45:14,185 DEBUG [195627] [] Request URI : /eccadmin_dev/QuizInfoList
2022-10-13 11:45:14,185 DEBUG [195627] [] QuizInfoListController start
2022-10-13 11:45:14,186 DEBUG [195627] [] controllers/QuizInfoListController.php: is exist
2022-10-13 11:45:14,245 DEBUG [195627] [] QuizInfoListForm: is exist
2022-10-13 11:45:14,250 DEBUG [195627] [] QuizInfoListForm: form value set 
2022-10-13 11:45:14,250 DEBUG [195627] [] ------------------------------/eccadmin_dev/QuizInfoList
2022-10-13 11:45:14,250 DEBUG [195627] [] indexAction start
2022-10-13 11:45:14,251 DEBUG [195627] [] admin_no is 1
2022-10-13 11:45:14,251 DEBUG [195627] [] 
2022-10-13 11:45:14,335 DEBUG [195627] [] indexAction end
2022-10-13 11:45:14,335 DEBUG [195627] [] QuizInfoListController end
2022-10-13 11:45:14,335 DEBUG [195627] [] finally
2022-10-13 11:45:19,098 DEBUG [195627] [] Request URI : /eccadmin_dev/QuizInfoRegist
2022-10-13 11:45:19,099 DEBUG [195627] [] QuizInfoRegistController start
2022-10-13 11:45:19,099 DEBUG [195627] [] controllers/QuizInfoRegistController.php: is exist
2022-10-13 11:45:19,125 DEBUG [195627] [] QuizInfoRegistForm: is exist
2022-10-13 11:45:19,144 DEBUG [195627] [] QuizInfoRegistForm: form value set 
2022-10-13 11:45:19,144 DEBUG [195627] [] ------------------------------/eccadmin_dev/QuizInfoRegist
2022-10-13 11:45:19,144 DEBUG [195627] [] ------------------------------session_check_true
2022-10-13 11:45:19,144 DEBUG [195627] [] indexAction start
2022-10-13 11:45:19,145 DEBUG [195627] [] admin_no is 1
2022-10-13 11:45:19,145 DEBUG [195627] [] org_no : 
2022-10-13 11:45:19,146 DEBUG [195627] [] quiz_info_no
2022-10-13 11:45:19,243 DEBUG [195627] [] indexAction end
2022-10-13 11:45:19,243 DEBUG [195627] [] QuizInfoRegistController end
2022-10-13 11:45:19,244 DEBUG [195627] [] finally
2022-10-13 11:45:31,340 DEBUG [195626] [] Request URI : /eccadmin_dev/TeacherList
2022-10-13 11:45:31,344 DEBUG [195626] [] TeacherListController start
2022-10-13 11:45:31,344 DEBUG [195626] [] controllers/TeacherListController.php: is exist
2022-10-13 11:45:31,423 DEBUG [195626] [] TeacherListForm: is exist
2022-10-13 11:45:31,424 DEBUG [195626] [] TeacherListForm: form value set 
2022-10-13 11:45:31,425 DEBUG [195626] [] ------------------------------/eccadmin_dev/TeacherList
2022-10-13 11:45:31,425 DEBUG [195626] [] indexAction start
2022-10-13 11:45:31,425 DEBUG [195626] [] admin_no is 1
2022-10-13 11:45:31,585 DEBUG [195626] [] indexAction end
2022-10-13 11:45:31,585 DEBUG [195626] [] TeacherListController end
2022-10-13 11:45:31,585 DEBUG [195626] [] finally
2022-10-13 11:45:36,499 DEBUG [195626] [] Request URI : /eccadmin_dev/TeacherRegist
2022-10-13 11:45:36,500 DEBUG [195626] [] TeacherRegistController start
2022-10-13 11:45:36,500 DEBUG [195626] [] controllers/TeacherRegistController.php: is exist
2022-10-13 11:45:36,520 DEBUG [195626] [] TeacherRegistForm: is exist
2022-10-13 11:45:36,536 DEBUG [195626] [] TeacherRegistForm: form value set 
2022-10-13 11:45:36,537 DEBUG [195626] [] ------------------------------/eccadmin_dev/TeacherRegist
2022-10-13 11:45:36,537 DEBUG [195626] [] ------------------------------session_check_true
2022-10-13 11:45:36,537 DEBUG [195626] [] indexAction start
2022-10-13 11:45:36,537 DEBUG [195626] [] admin_no is 1
2022-10-13 11:45:36,649 DEBUG [195626] [] indexAction end
2022-10-13 11:45:36,649 DEBUG [195626] [] TeacherRegistController end
2022-10-13 11:45:36,649 DEBUG [195626] [] finally
2022-10-13 11:45:44,047 DEBUG [195602] [] Request URI : /eccadmin_dev/ReportList
2022-10-13 11:45:44,047 DEBUG [195602] [] ReportListController start
2022-10-13 11:45:44,047 DEBUG [195602] [] controllers/ReportListController.php: is exist
2022-10-13 11:45:44,211 DEBUG [195602] [] ReportListForm: is exist
2022-10-13 11:45:44,212 DEBUG [195602] [] ReportListForm: form value set 
2022-10-13 11:45:44,213 DEBUG [195602] [] ------------------------------/eccadmin_dev/ReportList
2022-10-13 11:45:44,213 DEBUG [195602] [] indexAction start
2022-10-13 11:45:44,213 DEBUG [195602] [] admin_no is 1
2022-10-13 11:45:44,322 DEBUG [195602] [] indexAction end
2022-10-13 11:45:44,322 DEBUG [195602] [] ReportListController end
2022-10-13 11:45:44,322 DEBUG [195602] [] finally
2022-10-13 11:45:51,344 DEBUG [195571] [] Request URI : /eccadmin_dev/ReportRegist
2022-10-13 11:45:51,345 DEBUG [195571] [] ReportRegistController start
2022-10-13 11:45:51,345 DEBUG [195571] [] controllers/ReportRegistController.php: is exist
2022-10-13 11:45:51,370 DEBUG [195571] [] ReportRegistForm: is exist
2022-10-13 11:45:51,378 DEBUG [195571] [] ReportRegistForm: form value set 
2022-10-13 11:45:51,379 DEBUG [195571] [] ------------------------------/eccadmin_dev/ReportRegist
2022-10-13 11:45:51,379 DEBUG [195571] [] ------------------------------session_check_true
2022-10-13 11:45:51,379 DEBUG [195571] [] indexAction start
2022-10-13 11:45:51,379 DEBUG [195571] [] admin_no is 1
2022-10-13 11:45:51,380 DEBUG [195571] [] report_no
2022-10-13 11:45:51,503 DEBUG [195571] [] indexAction end
2022-10-13 11:45:51,503 DEBUG [195571] [] ReportRegistController end
2022-10-13 11:45:51,503 DEBUG [195571] [] finally
2022-10-13 11:46:00,580 DEBUG [195627] [] Request URI : /eccadmin_dev/AtReportList
2022-10-13 11:46:00,581 DEBUG [195627] [] AtReportListController start
2022-10-13 11:46:00,581 DEBUG [195627] [] controllers/AtReportListController.php: is exist
2022-10-13 11:46:00,584 DEBUG [195627] [] AtReportListForm: is exist
2022-10-13 11:46:00,584 DEBUG [195627] [] AtReportListForm: form value set 
2022-10-13 11:46:00,585 DEBUG [195627] [] ------------------------------/eccadmin_dev/AtReportList
2022-10-13 11:46:00,585 DEBUG [195627] [] indexAction start
2022-10-13 11:46:00,585 DEBUG [195627] [] admin_no is 1
2022-10-13 11:46:00,656 DEBUG [195627] [] indexAction end
2022-10-13 11:46:00,656 DEBUG [195627] [] AtReportListController end
2022-10-13 11:46:00,657 DEBUG [195627] [] finally
2022-10-13 11:46:08,227 DEBUG [195614] [] Request URI : /eccadmin_dev/AtReportRegist
2022-10-13 11:46:08,228 DEBUG [195614] [] AtReportRegistController start
2022-10-13 11:46:08,228 DEBUG [195614] [] controllers/AtReportRegistController.php: is exist
2022-10-13 11:46:08,233 DEBUG [195614] [] AtReportRegistForm: is exist
2022-10-13 11:46:08,233 DEBUG [195614] [] AtReportRegistForm: form value set 
2022-10-13 11:46:08,234 DEBUG [195614] [] ------------------------------/eccadmin_dev/AtReportRegist
2022-10-13 11:46:08,234 DEBUG [195614] [] ------------------------------session_check_true
2022-10-13 11:46:08,234 DEBUG [195614] [] indexAction start
2022-10-13 11:46:08,234 DEBUG [195614] [] admin_no is 1
2022-10-13 11:46:08,347 DEBUG [195614] [] indexAction end
2022-10-13 11:46:08,347 DEBUG [195614] [] AtReportRegistController end
2022-10-13 11:46:08,347 DEBUG [195614] [] finally
2022-10-13 11:46:19,857 DEBUG [195626] [] Request URI : /eccadmin_dev/SubjectAreaSubjectDataExport
2022-10-13 11:46:19,858 DEBUG [195626] [] SubjectAreaSubjectDataExportController start
2022-10-13 11:46:19,858 DEBUG [195626] [] controllers/SubjectAreaSubjectDataExportController.php: is exist
2022-10-13 11:46:19,946 DEBUG [195626] [] SubjectAreaSubjectDataExportForm: is exist
2022-10-13 11:46:19,954 DEBUG [195626] [] SubjectAreaSubjectDataExportForm: form value set 
2022-10-13 11:46:19,954 DEBUG [195626] [] ------------------------------/eccadmin_dev/SubjectAreaSubjectDataExport
2022-10-13 11:46:19,954 DEBUG [195626] [] ------------------------------/eccadmin_dev/SubjectAreaSubjectDataExport
2022-10-13 11:46:19,955 DEBUG [195626] [] indexAction start
2022-10-13 11:46:19,955 DEBUG [195626] [] admin_no is 1
2022-10-13 11:46:20,010 DEBUG [195626] [] indexAction end
2022-10-13 11:46:20,010 DEBUG [195626] [] SubjectAreaSubjectDataExportController end
2022-10-13 11:46:20,011 DEBUG [195626] [] finally
2022-10-13 11:46:23,841 DEBUG [195626] [] Request URI : /eccadmin_dev/ManagerDataExport
2022-10-13 11:46:23,841 DEBUG [195626] [] ManagerDataExportController start
2022-10-13 11:46:23,842 DEBUG [195626] [] controllers/ManagerDataExportController.php: is exist
2022-10-13 11:46:23,933 DEBUG [195626] [] ManagerDataExportForm: is exist
2022-10-13 11:46:23,944 DEBUG [195626] [] ManagerDataExportForm: form value set 
2022-10-13 11:46:23,945 DEBUG [195626] [] ------------------------------/eccadmin_dev/ManagerDataExport
2022-10-13 11:46:23,945 DEBUG [195626] [] ------------------------------/eccadmin_dev/ManagerDataExport
2022-10-13 11:46:23,945 DEBUG [195626] [] indexAction start
2022-10-13 11:46:23,945 DEBUG [195626] [] admin_no is 1
2022-10-13 11:46:24,016 DEBUG [195626] [] indexAction end
2022-10-13 11:46:24,016 DEBUG [195626] [] ManagerDataExportController end
2022-10-13 11:46:24,016 DEBUG [195626] [] finally
2022-10-13 11:46:26,384 DEBUG [195626] [] Request URI : /eccadmin_dev/LessonDataExport
2022-10-13 11:46:26,385 DEBUG [195626] [] LessonDataExportController start
2022-10-13 11:46:26,385 DEBUG [195626] [] controllers/LessonDataExportController.php: is exist
2022-10-13 11:46:26,473 DEBUG [195626] [] LessonDataExportForm: is exist
2022-10-13 11:46:26,474 DEBUG [195626] [] LessonDataExportForm: form value set 
2022-10-13 11:46:26,475 DEBUG [195626] [] ------------------------------/eccadmin_dev/LessonDataExport
2022-10-13 11:46:26,475 DEBUG [195626] [] ------------------------------/eccadmin_dev/LessonDataExport
2022-10-13 11:46:26,475 DEBUG [195626] [] indexAction start
2022-10-13 11:46:26,475 DEBUG [195626] [] admin_no is 1
2022-10-13 11:46:26,542 DEBUG [195626] [] indexAction end
2022-10-13 11:46:26,542 DEBUG [195626] [] LessonDataExportController end
2022-10-13 11:46:26,542 DEBUG [195626] [] finally
2022-10-13 11:46:29,966 DEBUG [195626] [] Request URI : /eccadmin_dev/GroupDataExport
2022-10-13 11:46:29,967 DEBUG [195626] [] GroupDataExportController start
2022-10-13 11:46:29,967 DEBUG [195626] [] controllers/GroupDataExportController.php: is exist
2022-10-13 11:46:30,066 DEBUG [195626] [] GroupDataExportForm: is exist
2022-10-13 11:46:30,067 DEBUG [195626] [] GroupDataExportForm: form value set 
2022-10-13 11:46:30,067 DEBUG [195626] [] ------------------------------/eccadmin_dev/GroupDataExport
2022-10-13 11:46:30,067 DEBUG [195626] [] ------------------------------/eccadmin_dev/GroupDataExport
2022-10-13 11:46:30,068 DEBUG [195626] [] indexAction start
2022-10-13 11:46:30,068 DEBUG [195626] [] admin_no is 1
2022-10-13 11:46:30,127 DEBUG [195626] [] indexAction end
2022-10-13 11:46:30,127 DEBUG [195626] [] GroupDataExportController end
2022-10-13 11:46:30,128 DEBUG [195626] [] finally
2022-10-13 11:46:36,916 DEBUG [195625] [] Request URI : /eccadmin_dev/StudentDataExport
2022-10-13 11:46:36,916 DEBUG [195625] [] StudentDataExportController start
2022-10-13 11:46:36,917 DEBUG [195625] [] controllers/StudentDataExportController.php: is exist
2022-10-13 11:46:36,959 DEBUG [195625] [] StudentDataExportForm: is exist
2022-10-13 11:46:36,961 DEBUG [195625] [] StudentDataExportForm: form value set 
2022-10-13 11:46:36,962 DEBUG [195625] [] ------------------------------/eccadmin_dev/StudentDataExport
2022-10-13 11:46:36,962 DEBUG [195625] [] ------------------------------/eccadmin_dev/StudentDataExport
2022-10-13 11:46:36,962 DEBUG [195625] [] indexAction start
2022-10-13 11:46:36,962 DEBUG [195625] [] admin_no is 1
2022-10-13 11:46:37,024 DEBUG [195625] [] indexAction end
2022-10-13 11:46:37,024 DEBUG [195625] [] StudentDataExportController end
2022-10-13 11:46:37,024 DEBUG [195625] [] finally
2022-10-13 11:46:45,209 DEBUG [195624] [] Request URI : /eccadmin_dev/ManagerSubjectLessonDataExport
2022-10-13 11:46:45,210 DEBUG [195624] [] ManagerSubjectLessonDataExportController start
2022-10-13 11:46:45,210 DEBUG [195624] [] controllers/ManagerSubjectLessonDataExportController.php: is exist
2022-10-13 11:46:45,226 DEBUG [195624] [] ManagerSubjectLessonDataExportForm: is exist
2022-10-13 11:46:45,226 DEBUG [195624] [] ManagerSubjectLessonDataExportForm: form value set 
2022-10-13 11:46:45,227 DEBUG [195624] [] ------------------------------/eccadmin_dev/ManagerSubjectLessonDataExport
2022-10-13 11:46:45,227 DEBUG [195624] [] ------------------------------/eccadmin_dev/ManagerSubjectLessonDataExport
2022-10-13 11:46:45,227 DEBUG [195624] [] indexAction start
2022-10-13 11:46:45,227 DEBUG [195624] [] admin_no is 1
2022-10-13 11:46:45,312 DEBUG [195624] [] indexAction end
2022-10-13 11:46:45,312 DEBUG [195624] [] ManagerSubjectLessonDataExportController end
2022-10-13 11:46:45,313 DEBUG [195624] [] finally
2022-10-13 11:46:48,679 DEBUG [195624] [] Request URI : /eccadmin_dev/GroupStudentDataExport
2022-10-13 11:46:48,679 DEBUG [195624] [] GroupStudentDataExportController start
2022-10-13 11:46:48,679 DEBUG [195624] [] controllers/GroupStudentDataExportController.php: is exist
2022-10-13 11:46:48,751 DEBUG [195624] [] GroupStudentDataExportForm: is exist
2022-10-13 11:46:48,753 DEBUG [195624] [] GroupStudentDataExportForm: form value set 
2022-10-13 11:46:48,754 DEBUG [195624] [] ------------------------------/eccadmin_dev/GroupStudentDataExport
2022-10-13 11:46:48,754 DEBUG [195624] [] ------------------------------/eccadmin_dev/GroupStudentDataExport
2022-10-13 11:46:48,754 DEBUG [195624] [] indexAction start
2022-10-13 11:46:48,754 DEBUG [195624] [] admin_no is 1
2022-10-13 11:46:48,831 DEBUG [195624] [] indexAction end
2022-10-13 11:46:48,831 DEBUG [195624] [] GroupStudentDataExportController end
2022-10-13 11:46:48,832 DEBUG [195624] [] finally
2022-10-13 11:46:52,439 DEBUG [195624] [] Request URI : /eccadmin_dev/LessonGroupStudentDataExport
2022-10-13 11:46:52,439 DEBUG [195624] [] LessonGroupStudentDataExportController start
2022-10-13 11:46:52,440 DEBUG [195624] [] controllers/LessonGroupStudentDataExportController.php: is exist
2022-10-13 11:46:52,443 DEBUG [195624] [] LessonGroupStudentDataExportForm: is exist
2022-10-13 11:46:52,449 DEBUG [195624] [] LessonGroupStudentDataExportForm: form value set 
2022-10-13 11:46:52,449 DEBUG [195624] [] ------------------------------/eccadmin_dev/LessonGroupStudentDataExport
2022-10-13 11:46:52,449 DEBUG [195624] [] ------------------------------/eccadmin_dev/LessonGroupStudentDataExport
2022-10-13 11:46:52,449 DEBUG [195624] [] indexAction start
2022-10-13 11:46:52,449 DEBUG [195624] [] admin_no is 1
2022-10-13 11:46:52,517 DEBUG [195624] [] indexAction end
2022-10-13 11:46:52,517 DEBUG [195624] [] LessonGroupStudentDataExportController end
2022-10-13 11:46:52,518 DEBUG [195624] [] finally
2022-10-13 11:46:58,018 DEBUG [195626] [] Request URI : /eccadmin_dev/ExcelSubjectAreaList
2022-10-13 11:46:58,019 DEBUG [195626] [] ExcelSubjectAreaListController start
2022-10-13 11:46:58,019 DEBUG [195626] [] controllers/ExcelSubjectAreaListController.php: is exist
2022-10-13 11:46:58,066 DEBUG [195626] [] ExcelSubjectAreaListForm: is exist
2022-10-13 11:46:58,067 DEBUG [195626] [] ExcelSubjectAreaListForm: form value set 
2022-10-13 11:46:58,067 DEBUG [195626] [] ------------------------------/eccadmin_dev/ExcelSubjectAreaList
2022-10-13 11:46:58,067 DEBUG [195626] [] indexAction start
2022-10-13 11:46:58,068 DEBUG [195626] [] admin_no is 1
2022-10-13 11:46:58,174 DEBUG [195626] [] indexAction end
2022-10-13 11:46:58,174 DEBUG [195626] [] ExcelSubjectAreaListController end
2022-10-13 11:46:58,175 DEBUG [195626] [] finally
2022-10-13 11:47:01,900 DEBUG [195626] [] Request URI : /eccadmin_dev/ExcelSubjectList
2022-10-13 11:47:01,901 DEBUG [195626] [] ExcelSubjectListController start
2022-10-13 11:47:01,901 DEBUG [195626] [] controllers/ExcelSubjectListController.php: is exist
2022-10-13 11:47:01,949 DEBUG [195626] [] ExcelSubjectListForm: is exist
2022-10-13 11:47:01,962 DEBUG [195626] [] ExcelSubjectListForm: form value set 
2022-10-13 11:47:01,962 DEBUG [195626] [] ------------------------------/eccadmin_dev/ExcelSubjectList
2022-10-13 11:47:01,963 DEBUG [195626] [] indexAction start
2022-10-13 11:47:01,963 DEBUG [195626] [] admin_no is 1
2022-10-13 11:47:02,070 DEBUG [195626] [] indexAction end
2022-10-13 11:47:02,070 DEBUG [195626] [] ExcelSubjectListController end
2022-10-13 11:47:02,070 DEBUG [195626] [] finally
2022-10-13 11:47:06,100 DEBUG [195626] [] Request URI : /eccadmin_dev/ExcelLessonManagerList
2022-10-13 11:47:06,100 DEBUG [195626] [] ExcelLessonManagerListController start
2022-10-13 11:47:06,101 DEBUG [195626] [] controllers/ExcelLessonManagerListController.php: is exist
2022-10-13 11:47:06,172 DEBUG [195626] [] ExcelLessonManagerListForm: is exist
2022-10-13 11:47:06,174 DEBUG [195626] [] ExcelLessonManagerListForm: form value set 
2022-10-13 11:47:06,175 DEBUG [195626] [] ------------------------------/eccadmin_dev/ExcelLessonManagerList
2022-10-13 11:47:06,175 DEBUG [195626] [] indexAction start
2022-10-13 11:47:06,175 DEBUG [195626] [] admin_no is 1
2022-10-13 11:47:06,289 DEBUG [195626] [] indexAction end
2022-10-13 11:47:06,289 DEBUG [195626] [] ExcelLessonManagerListController end
2022-10-13 11:47:06,289 DEBUG [195626] [] finally
2022-10-13 11:47:09,601 DEBUG [195626] [] Request URI : /eccadmin_dev/ExcelLessonList
2022-10-13 11:47:09,602 DEBUG [195626] [] ExcelLessonListController start
2022-10-13 11:47:09,602 DEBUG [195626] [] controllers/ExcelLessonListController.php: is exist
2022-10-13 11:47:09,624 DEBUG [195626] [] ExcelLessonListForm: is exist
2022-10-13 11:47:09,632 DEBUG [195626] [] ExcelLessonListForm: form value set 
2022-10-13 11:47:09,633 DEBUG [195626] [] ------------------------------/eccadmin_dev/ExcelLessonList
2022-10-13 11:47:09,633 DEBUG [195626] [] indexAction start
2022-10-13 11:47:09,633 DEBUG [195626] [] admin_no is 1
2022-10-13 11:47:09,758 DEBUG [195626] [] indexAction end
2022-10-13 11:47:09,758 DEBUG [195626] [] ExcelLessonListController end
2022-10-13 11:47:09,759 DEBUG [195626] [] finally
2022-10-13 11:47:19,060 DEBUG [195603] [] Request URI : /eccadmin_dev/ExcelGroupList
2022-10-13 11:47:19,060 DEBUG [195603] [] ExcelGroupListController start
2022-10-13 11:47:19,060 DEBUG [195603] [] controllers/ExcelGroupListController.php: is exist
2022-10-13 11:47:19,089 DEBUG [195603] [] ExcelGroupListForm: is exist
2022-10-13 11:47:19,090 DEBUG [195603] [] ExcelGroupListForm: form value set 
2022-10-13 11:47:19,090 DEBUG [195603] [] ------------------------------/eccadmin_dev/ExcelGroupList
2022-10-13 11:47:19,090 DEBUG [195603] [] indexAction start
2022-10-13 11:47:19,090 DEBUG [195603] [] admin_no is 1
2022-10-13 11:47:19,198 DEBUG [195603] [] indexAction end
2022-10-13 11:47:19,198 DEBUG [195603] [] ExcelGroupListController end
2022-10-13 11:47:19,198 DEBUG [195603] [] finally
2022-10-13 11:47:23,003 DEBUG [195603] [] Request URI : /eccadmin_dev/ExcelStudentList
2022-10-13 11:47:23,004 DEBUG [195603] [] ExcelStudentListController start
2022-10-13 11:47:23,004 DEBUG [195603] [] controllers/ExcelStudentListController.php: is exist
2022-10-13 11:47:23,027 DEBUG [195603] [] ExcelStudentListForm: is exist
2022-10-13 11:47:23,052 DEBUG [195603] [] ExcelStudentListForm: form value set 
2022-10-13 11:47:23,053 DEBUG [195603] [] ------------------------------/eccadmin_dev/ExcelStudentList
2022-10-13 11:47:23,053 DEBUG [195603] [] indexAction start
2022-10-13 11:47:23,053 DEBUG [195603] [] admin_no is 1
2022-10-13 11:47:23,174 DEBUG [195603] [] indexAction end
2022-10-13 11:47:23,174 DEBUG [195603] [] ExcelStudentListController end
2022-10-13 11:47:23,174 DEBUG [195603] [] finally
2022-10-13 11:47:31,911 DEBUG [195633] [] Request URI : /eccadmin_dev/ExcelContractList
2022-10-13 11:47:31,916 DEBUG [195633] [] ExcelContractListController start
2022-10-13 11:47:31,916 DEBUG [195633] [] controllers/ExcelContractListController.php: is exist
2022-10-13 11:47:32,163 DEBUG [195633] [] ExcelContractListForm: is exist
2022-10-13 11:47:32,166 DEBUG [195633] [] ExcelContractListForm: form value set 
2022-10-13 11:47:32,167 DEBUG [195633] [] ------------------------------/eccadmin_dev/ExcelContractList
2022-10-13 11:47:32,167 DEBUG [195633] [] indexAction start
2022-10-13 11:47:32,167 DEBUG [195633] [] admin_no is 1
2022-10-13 11:47:32,262 DEBUG [195633] [] indexAction end
2022-10-13 11:47:32,262 DEBUG [195633] [] ExcelContractListController end
2022-10-13 11:47:32,262 DEBUG [195633] [] finally
2022-10-13 11:47:34,949 DEBUG [195633] [] Request URI : /eccadmin_dev/ExcelContractList
2022-10-13 11:47:34,950 DEBUG [195633] [] ExcelContractListController start
2022-10-13 11:47:34,950 DEBUG [195633] [] controllers/ExcelContractListController.php: is exist
2022-10-13 11:47:34,961 DEBUG [195633] [] ExcelContractListForm: is exist
2022-10-13 11:47:34,961 DEBUG [195633] [] ExcelContractListForm: form value set 
2022-10-13 11:47:34,962 DEBUG [195633] [] ------------------------------/eccadmin_dev/ExcelContractList
2022-10-13 11:47:34,962 DEBUG [195633] [] indexAction start
2022-10-13 11:47:34,962 DEBUG [195633] [] admin_no is 1
2022-10-13 11:47:35,042 DEBUG [195633] [] indexAction end
2022-10-13 11:47:35,042 DEBUG [195633] [] ExcelContractListController end
2022-10-13 11:47:35,042 DEBUG [195633] [] finally
2022-10-13 11:47:37,268 DEBUG [195633] [] Request URI : /eccadmin_dev/ExcelContract2SkillList
2022-10-13 11:47:37,268 DEBUG [195633] [] ExcelContract2SkillListController start
2022-10-13 11:47:37,268 DEBUG [195633] [] controllers/ExcelContract2SkillListController.php: is exist
2022-10-13 11:47:37,299 DEBUG [195633] [] ExcelContract2SkillListForm: is exist
2022-10-13 11:47:37,315 DEBUG [195633] [] ExcelContract2SkillListForm: form value set 
2022-10-13 11:47:37,316 DEBUG [195633] [] ------------------------------/eccadmin_dev/ExcelContract2SkillList
2022-10-13 11:47:37,316 DEBUG [195633] [] indexAction start
2022-10-13 11:47:37,316 DEBUG [195633] [] admin_no is 1
2022-10-13 11:47:37,427 DEBUG [195633] [] indexAction end
2022-10-13 11:47:37,427 DEBUG [195633] [] ExcelContract2SkillListController end
2022-10-13 11:47:37,428 DEBUG [195633] [] finally
2022-10-13 11:47:41,607 DEBUG [195633] [] Request URI : /eccadmin_dev/SystemNoticeRegist
2022-10-13 11:47:41,608 DEBUG [195633] [] SystemNoticeRegistController start
2022-10-13 11:47:41,608 DEBUG [195633] [] controllers/SystemNoticeRegistController.php: is exist
2022-10-13 11:47:41,663 DEBUG [195633] [] SystemNoticeRegistForm: is exist
2022-10-13 11:47:41,680 DEBUG [195633] [] SystemNoticeRegistForm: form value set 
2022-10-13 11:47:41,681 DEBUG [195633] [] ------------------------------/eccadmin_dev/SystemNoticeRegist
2022-10-13 11:47:41,681 DEBUG [195633] [] ------------------------------session_check_true
2022-10-13 11:47:41,681 DEBUG [195633] [] indexAction start
2022-10-13 11:47:41,681 DEBUG [195633] [] admin_no is 1
2022-10-13 11:47:41,799 DEBUG [195633] [] indexAction end
2022-10-13 11:47:41,799 DEBUG [195633] [] SystemNoticeRegistController end
2022-10-13 11:47:41,799 DEBUG [195633] [] finally
2022-10-13 11:47:47,155 DEBUG [195638] [] Request URI : /eccadmin_dev/SystemNoticeRegist/index
2022-10-13 11:47:47,159 DEBUG [195638] [] SystemNoticeRegistController start
2022-10-13 11:47:47,159 DEBUG [195638] [] controllers/SystemNoticeRegistController.php: is exist
2022-10-13 11:47:47,161 DEBUG [195638] [] SystemNoticeRegistForm: is exist
2022-10-13 11:47:47,162 DEBUG [195638] [] SystemNoticeRegistForm: form value set 
2022-10-13 11:47:47,162 DEBUG [195638] [] ------------------------------/eccadmin_dev/SystemNoticeRegist/index
2022-10-13 11:47:47,162 DEBUG [195638] [] ------------------------------session_check_true
2022-10-13 11:47:47,163 DEBUG [195638] [] indexAction start
2022-10-13 11:47:47,163 DEBUG [195638] [] admin_no is 1
2022-10-13 11:47:47,257 DEBUG [195638] [] indexAction end
2022-10-13 11:47:47,257 DEBUG [195638] [] SystemNoticeRegistController end
2022-10-13 11:47:47,258 DEBUG [195638] [] finally
2022-10-13 11:48:00,079 DEBUG [195626] [] Request URI : /eccadmin_dev/CourseList
2022-10-13 11:48:00,080 DEBUG [195626] [] CourseListController start
2022-10-13 11:48:00,080 DEBUG [195626] [] controllers/CourseListController.php: is exist
2022-10-13 11:48:00,109 DEBUG [195626] [] CourseListForm: is exist
2022-10-13 11:48:00,132 DEBUG [195626] [] CourseListForm: form value set 
2022-10-13 11:48:00,133 DEBUG [195626] [] ------------------------------/eccadmin_dev/CourseList
2022-10-13 11:48:00,133 DEBUG [195626] [] indexAction start
2022-10-13 11:48:00,133 DEBUG [195626] [] admin_no is 1
2022-10-13 11:48:00,256 DEBUG [195626] [] indexAction end
2022-10-13 11:48:00,256 DEBUG [195626] [] CourseListController end
2022-10-13 11:48:00,256 DEBUG [195626] [] finally
2022-10-13 11:48:06,389 DEBUG [195624] [] Request URI : /eccadmin_dev/CourseDetailList
2022-10-13 11:48:06,389 DEBUG [195624] [] CourseDetailListController start
2022-10-13 11:48:06,390 DEBUG [195624] [] controllers/CourseDetailListController.php: is exist
2022-10-13 11:48:06,456 DEBUG [195624] [] CourseDetailListForm: is exist
2022-10-13 11:48:06,470 DEBUG [195624] [] CourseDetailListForm: form value set 
2022-10-13 11:48:06,471 DEBUG [195624] [] ------------------------------/eccadmin_dev/CourseDetailList
2022-10-13 11:48:06,471 DEBUG [195624] [] indexAction start
2022-10-13 11:48:06,471 DEBUG [195624] [] admin_no is 1
2022-10-13 11:48:06,586 DEBUG [195624] [] indexAction end
2022-10-13 11:48:06,586 DEBUG [195624] [] CourseDetailListController end
2022-10-13 11:48:06,586 DEBUG [195624] [] finally
2022-10-13 11:48:11,137 DEBUG [195624] [] Request URI : /eccadmin_dev/QuestionList
2022-10-13 11:48:11,138 DEBUG [195624] [] QuestionListController start
2022-10-13 11:48:11,138 DEBUG [195624] [] controllers/QuestionListController.php: is exist
2022-10-13 11:48:11,164 DEBUG [195624] [] QuestionListForm: is exist
2022-10-13 11:48:11,179 DEBUG [195624] [] QuestionListForm: form value set 
2022-10-13 11:48:11,179 DEBUG [195624] [] ------------------------------/eccadmin_dev/QuestionList
2022-10-13 11:48:11,179 DEBUG [195624] [] indexAction start
2022-10-13 11:48:11,180 DEBUG [195624] [] admin_no is 1
2022-10-13 11:48:11,181 DEBUG [195624] [] QuestionListForm Object
(
    [question_no] => 
    [question_name] => 
    [qa_description] => 
    [description] => 
    [test_kbn] => 
    [course_level] => 
    [qa_pattern] => 
    [score_pattern] => 
    [audio_name] => 
    [audio_description] => 
    [prepare_time] => 
    [answer_time] => 
    [audio_yes] => 
    [yes_description] => 
    [audio_no] => 
    [no_description] => 
    [status] => 
    [sample_answer] => 
    [byosha_point] => 
    [remarks] => 
    [chk_status1] => 
    [chk_status2] => 
    [page] => 1
    [max_page] => 
    [test_kbn_list] => Array
        (
            [0] => M_typeDto Object
                (
                    [category] => 016
                    [type] => 001
                    [name] => Speaking
                    [name_kana] => 
                    [disp_no] => 1
                    [del_flg] => 0
                    [create_dt] => 
                    [creater_id] => 
                    [update_dt] => 
                    [updater_id] => 
                )

            [1] => M_typeDto Object
                (
                    [category] => 016
                    [type] => 002
                    [name] => Writing
                    [name_kana] => 
                    [disp_no] => 3
                    [del_flg] => 0
                    [create_dt] => 
                    [creater_id] => 
                    [update_dt] => 
                    [updater_id] => 
                )

        )

    [course_level_list] => Array
        (
            [0] => M_typeDto Object
                (
                    [category] => 021
                    [type] => 001
                    [name] => Level 5
                    [name_kana] => 
                    [disp_no] => 1
                    [del_flg] => 0
                    [create_dt] => 
                    [creater_id] => 
                    [update_dt] => 
                    [updater_id] => 
                )

            [1] => M_typeDto Object
                (
                    [category] => 021
                    [type] => 002
                    [name] => Level 4
                    [name_kana] => 
                    [disp_no] => 2
                    [del_flg] => 0
                    [create_dt] => 
                    [creater_id] => 
                    [update_dt] => 
                    [updater_id] => 
                )

            [2] => M_typeDto Object
                (
                    [category] => 021
                    [type] => 003
                    [name] => Level 3
                    [name_kana] => 
                    [disp_no] => 3
                    [del_flg] => 0
                    [create_dt] => 
                    [creater_id] => 
                    [update_dt] => 
                    [updater_id] => 
                )

            [3] => M_typeDto Object
                (
                    [category] => 021
                    [type] => 004
                    [name] => Level 6
                    [name_kana] => 
                    [disp_no] => 4
                    [del_flg] => 0
                    [create_dt] => 
                    [creater_id] => 
                    [update_dt] => 
                    [updater_id] => 
                )

        )

    [search_page] => 
    [search_question_name] => 
    [search_test_kbn] => 
    [search_course_level] => 
    [search_chk_status1] => 
    [search_chk_status2] => 
    [search_status] => 
    [menuOpen] => open
    [menuStatus] => settingMenu
    [uid] => b07635ffef29e3a04ac2b41bc3eb8fa5
    [admin_kbn] => 001
)

2022-10-13 11:48:11,226 DEBUG [195624] [] QuestionListForm Object
(
    [question_no] => 
    [question_name] => 
    [qa_description] => 
    [description] => 
    [test_kbn] => 
    [course_level] => 
    [qa_pattern] => 
    [score_pattern] => 
    [audio_name] => 
    [audio_description] => 
    [prepare_time] => 
    [answer_time] => 
    [audio_yes] => 
    [yes_description] => 
    [audio_no] => 
    [no_description] => 
    [status] => 
    [sample_answer] => 
    [byosha_point] => 
    [remarks] => 
    [chk_status1] => 
    [chk_status2] => 
    [page] => 1
    [max_page] => 27
    [test_kbn_list] => Array
        (
            [0] => M_typeDto Object
                (
                    [category] => 016
                    [type] => 001
                    [name] => Speaking
                    [name_kana] => 
                    [disp_no] => 1
                    [del_flg] => 0
                    [create_dt] => 
                    [creater_id] => 
                    [update_dt] => 
                    [updater_id] => 
                )

            [1] => M_typeDto Object
                (
                    [category] => 016
                    [type] => 002
                    [name] => Writing
                    [name_kana] => 
                    [disp_no] => 3
                    [del_flg] => 0
                    [create_dt] => 
                    [creater_id] => 
                    [update_dt] => 
                    [updater_id] => 
                )

        )

    [course_level_list] => Array
        (
            [0] => M_typeDto Object
                (
                    [category] => 021
                    [type] => 001
                    [name] => Level 5
                    [name_kana] => 
                    [disp_no] => 1
                    [del_flg] => 0
                    [create_dt] => 
                    [creater_id] => 
                    [update_dt] => 
                    [updater_id] => 
                )

            [1] => M_typeDto Object
                (
                    [category] => 021
                    [type] => 002
                    [name] => Level 4
                    [name_kana] => 
                    [disp_no] => 2
                    [del_flg] => 0
                    [create_dt] => 
                    [creater_id] => 
                    [update_dt] => 
                    [updater_id] => 
                )

            [2] => M_typeDto Object
                (
                    [category] => 021
                    [type] => 003
                    [name] => Level 3
                    [name_kana] => 
                    [disp_no] => 3
                    [del_flg] => 0
                    [create_dt] => 
                    [creater_id] => 
                    [update_dt] => 
                    [updater_id] => 
                )

            [3] => M_typeDto Object
                (
                    [category] => 021
                    [type] => 004
                    [name] => Level 6
                    [name_kana] => 
                    [disp_no] => 4
                    [del_flg] => 0
                    [create_dt] => 
                    [creater_id] => 
                    [update_dt] => 
                    [updater_id] => 
                )

        )

    [search_page] => 
    [search_question_name] => 
    [search_test_kbn] => 
    [search_course_level] => 
    [search_chk_status1] => 
    [search_chk_status2] => 
    [search_status] => 
    [menuOpen] => open
    [menuStatus] => settingMenu
    [uid] => b07635ffef29e3a04ac2b41bc3eb8fa5
    [admin_kbn] => 001
)

2022-10-13 11:48:11,356 DEBUG [195624] [] indexAction end
2022-10-13 11:48:11,356 DEBUG [195624] [] QuestionListController end
2022-10-13 11:48:11,356 DEBUG [195624] [] finally
2022-10-13 11:48:14,363 DEBUG [195624] [] Request URI : /eccadmin_dev/AdminList
2022-10-13 11:48:14,363 DEBUG [195624] [] AdminListController start
2022-10-13 11:48:14,363 DEBUG [195624] [] controllers/AdminListController.php: is exist
2022-10-13 11:48:14,411 DEBUG [195624] [] AdminListForm: is exist
2022-10-13 11:48:14,424 DEBUG [195624] [] AdminListForm: form value set 
2022-10-13 11:48:14,425 DEBUG [195624] [] ------------------------------/eccadmin_dev/AdminList
2022-10-13 11:48:14,425 DEBUG [195624] [] indexAction start
2022-10-13 11:48:14,425 DEBUG [195624] [] admin_no is 1
2022-10-13 11:48:14,425 DEBUG [195624] [] indexAction
2022-10-13 11:48:14,427 DEBUG [195624] [] 
2022-10-13 11:48:14,525 DEBUG [195624] [] indexAction end
2022-10-13 11:48:14,525 DEBUG [195624] [] AdminListController end
2022-10-13 11:48:14,525 DEBUG [195624] [] finally
2022-10-13 11:48:17,559 DEBUG [195624] [] Request URI : /eccadmin_dev/Maintenance
2022-10-13 11:48:17,559 DEBUG [195624] [] MaintenanceController start
2022-10-13 11:48:17,560 DEBUG [195624] [] controllers/MaintenanceController.php: is exist
2022-10-13 11:48:17,561 DEBUG [195624] [] MaintenanceForm: is exist
2022-10-13 11:48:17,577 DEBUG [195624] [] MaintenanceForm: form value set 
2022-10-13 11:48:17,578 DEBUG [195624] [] ------------------------------/eccadmin_dev/Maintenance
2022-10-13 11:48:17,578 DEBUG [195624] [] ------------------------------session_check_true
2022-10-13 11:48:17,578 DEBUG [195624] [] indexAction start
2022-10-13 11:48:17,578 DEBUG [195624] [] admin_no is 1
2022-10-13 11:48:17,578 DEBUG [195624] [] admin_no is 1
2022-10-13 11:48:17,580 DEBUG [195624] [] SELECT  status.no, type.name, status.system_status ,CASE WHEN status.system_status = '0' THEN '起動'  WHEN status.system_status = '1' THEN '停止' END AS system_status , status.description  ,date_format(status.update_dt,'%Y/%m/%d %H:%i') as update_dt , status.updater_id , admin.login_id , admin.admin_name FROM T_STATUS_HISTORY status INNER JOIN T_ADMIN as admin  ON admin.admin_no = status.creater_id  AND status.del_flg = '0'  AND admin.del_flg = '0'  INNER JOIN M_TYPE as type  ON type.type = status.system_kbn  AND type.del_flg = '0'  WHERE category = :kbn  ORDER BY  status.create_dt DESC
2022-10-13 11:48:17,587 DEBUG [195624] [] SELECT  status.no, type.name, status.system_status ,CASE WHEN status.system_status = '0' THEN '起動'  WHEN status.system_status = '1' THEN '停止' END AS system_status , status.description  ,date_format(status.update_dt,'%Y/%m/%d %H:%i') as update_dt , status.updater_id , admin.login_id , admin.admin_name FROM T_STATUS_HISTORY status INNER JOIN T_ADMIN as admin  ON admin.admin_no = status.creater_id  AND status.del_flg = '0'  AND admin.del_flg = '0'  INNER JOIN M_TYPE as type  ON type.type = status.system_kbn  AND type.del_flg = '0'  WHERE category = :kbn  ORDER BY  status.create_dt DESC LIMIT 0 ,  10
2022-10-13 11:48:17,693 DEBUG [195624] [] indexAction end
2022-10-13 11:48:17,693 DEBUG [195624] [] MaintenanceController end
2022-10-13 11:48:17,694 DEBUG [195624] [] finally
2022-10-13 11:48:24,594 DEBUG [195528] [] Request URI : /eccadmin_dev/PasswordChange
2022-10-13 11:48:24,595 DEBUG [195528] [] PasswordChangeController start
2022-10-13 11:48:24,595 DEBUG [195528] [] controllers/PasswordChangeController.php: is exist
2022-10-13 11:48:24,596 DEBUG [195528] [] PasswordChangeForm: is exist
2022-10-13 11:48:24,623 DEBUG [195528] [] PasswordChangeForm: form value set 
2022-10-13 11:48:24,624 DEBUG [195528] [] ------------------------------/eccadmin_dev/PasswordChange
2022-10-13 11:48:24,624 DEBUG [195528] [] ------------------------------session_check_true
2022-10-13 11:48:24,624 DEBUG [195528] [] indexAction start
2022-10-13 11:48:24,624 DEBUG [195528] [] admin_no is 1
2022-10-13 11:48:24,701 DEBUG [195528] [] indexAction end
2022-10-13 11:48:24,701 DEBUG [195528] [] PasswordChangeController end
2022-10-13 11:48:24,701 DEBUG [195528] [] finally
2022-10-13 17:04:46,296 DEBUG [8069] [] Request URI : /eccadmin_dev/PasswordChange
2022-10-13 17:04:46,297 DEBUG [8069] [] PasswordChangeController start
2022-10-13 17:04:46,297 DEBUG [8069] [] controllers/PasswordChangeController.php: is exist
2022-10-13 17:04:46,298 DEBUG [8069] [] PasswordChangeForm: is exist
2022-10-13 17:04:46,299 DEBUG [8069] [] PasswordChangeForm: form value set 
2022-10-13 17:04:46,299 DEBUG [8069] [] ------------------------------/eccadmin_dev/PasswordChange
2022-10-13 17:04:46,299 DEBUG [8069] [] ------------------------------session_check_true
2022-10-13 17:04:46,299 DEBUG [8069] [] indexAction start
2022-10-13 17:04:46,300 DEBUG [8069] [] admin_no is 
2022-10-13 17:04:46,300 DEBUG [8069] [] indexAction end
2022-10-13 17:04:46,300 DEBUG [8069] [] PasswordChangeController end
2022-10-13 17:04:46,300 DEBUG [8069] [] finally
2022-10-13 17:04:46,443 DEBUG [8069] [] Request URI : /eccadmin_dev/Error/disp
2022-10-13 17:04:46,443 DEBUG [8069] [] ErrorController start
2022-10-13 17:04:46,443 DEBUG [8069] [] controllers/ErrorController.php: is exist
2022-10-13 17:04:46,444 DEBUG [8069] [] ErrorForm: is exist
2022-10-13 17:04:46,444 DEBUG [8069] [] ErrorForm: form value set 
2022-10-13 17:04:46,444 DEBUG [8069] [] ------------------------------/eccadmin_dev/Error/disp
2022-10-13 17:04:46,444 DEBUG [8069] [] ------------------------------login_start_check
2022-10-13 17:04:46,445 DEBUG [8069] [] dispAction start
2022-10-13 17:04:46,487 DEBUG [8069] [] dispAction end
2022-10-13 17:04:46,487 DEBUG [8069] [] ErrorController end
2022-10-13 17:04:46,487 DEBUG [8069] [] finally
2022-10-13 17:05:56,686 DEBUG [8527] [] Request URI : /eccadmin_dev/Login
2022-10-13 17:05:56,687 DEBUG [8527] [] LoginController start
2022-10-13 17:05:56,687 DEBUG [8527] [] controllers/LoginController.php: is exist
2022-10-13 17:05:56,687 DEBUG [8527] [] LoginForm: is exist
2022-10-13 17:05:56,687 DEBUG [8527] [] LoginForm: form value set 
2022-10-13 17:05:56,688 DEBUG [8527] [] ------------------------------/eccadmin_dev/Login
2022-10-13 17:05:56,688 DEBUG [8527] [] ------------------------------login_start_check
2022-10-13 17:05:56,688 DEBUG [8527] [] indexAction start
2022-10-13 17:05:56,708 DEBUG [8527] [] indexAction end
2022-10-13 17:05:56,708 DEBUG [8527] [] LoginController end
2022-10-13 17:05:56,708 DEBUG [8527] [] finally
2022-10-13 17:05:59,869 DEBUG [8527] [] Request URI : /eccadmin_dev/Login/login
2022-10-13 17:05:59,870 DEBUG [8527] [] LoginController start
2022-10-13 17:05:59,870 DEBUG [8527] [] controllers/LoginController.php: is exist
2022-10-13 17:05:59,870 DEBUG [8527] [] LoginForm: is exist
2022-10-13 17:05:59,870 DEBUG [8527] [] LoginForm: form value set 
2022-10-13 17:05:59,871 DEBUG [8527] [] ------------------------------/eccadmin_dev/Login/login
2022-10-13 17:05:59,871 DEBUG [8527] [] ------------------------------login_start_check
2022-10-13 17:05:59,871 DEBUG [8527] [] loginAction start
2022-10-13 17:06:00,171 DEBUG [8527] [] loginAction end
2022-10-13 17:06:00,171 DEBUG [8527] [] LoginController end
2022-10-13 17:06:00,171 DEBUG [8527] [] finally
2022-10-13 17:06:04,989 DEBUG [8527] [] Request URI : /eccadmin_dev/Login/login
2022-10-13 17:06:04,990 DEBUG [8527] [] LoginController start
2022-10-13 17:06:04,990 DEBUG [8527] [] controllers/LoginController.php: is exist
2022-10-13 17:06:04,990 DEBUG [8527] [] LoginForm: is exist
2022-10-13 17:06:04,990 DEBUG [8527] [] LoginForm: form value set 
2022-10-13 17:06:04,990 DEBUG [8527] [] ------------------------------/eccadmin_dev/Login/login
2022-10-13 17:06:04,991 DEBUG [8527] [] ------------------------------login_start_check
2022-10-13 17:06:04,991 DEBUG [8527] [] loginAction start
2022-10-13 17:06:05,283 DEBUG [8527] [] loginAction end
2022-10-13 17:06:05,283 DEBUG [8527] [] LoginController end
2022-10-13 17:06:05,283 DEBUG [8527] [] finally
2022-10-13 17:06:05,436 DEBUG [8527] [] Request URI : /eccadmin_dev/Menu
2022-10-13 17:06:05,436 DEBUG [8527] [] MenuController start
2022-10-13 17:06:05,436 DEBUG [8527] [] controllers/MenuController.php: is exist
2022-10-13 17:06:05,438 DEBUG [8527] [] MenuForm: is exist
2022-10-13 17:06:05,438 DEBUG [8527] [] MenuForm: form value set 
2022-10-13 17:06:05,439 DEBUG [8527] [] ------------------------------/eccadmin_dev/Menu
2022-10-13 17:06:05,439 DEBUG [8527] [] ------------------------------login_start_check
2022-10-13 17:06:05,439 DEBUG [8527] [] indexAction start
2022-10-13 17:06:05,439 DEBUG [8527] [] admin_no is 1
2022-10-13 17:06:05,558 DEBUG [8527] [] indexAction end
2022-10-13 17:06:05,558 DEBUG [8527] [] MenuController end
2022-10-13 17:06:05,559 DEBUG [8527] [] finally
2022-10-13 20:27:49,742 DEBUG [11417] [] Request URI : /eccadmin_dev/Login
2022-10-13 20:27:49,746 DEBUG [11417] [] LoginController start
2022-10-13 20:27:49,746 DEBUG [11417] [] controllers/LoginController.php: is exist
2022-10-13 20:27:49,747 DEBUG [11417] [] LoginForm: is exist
2022-10-13 20:27:49,747 DEBUG [11417] [] LoginForm: form value set 
2022-10-13 20:27:49,748 DEBUG [11417] [] ------------------------------/eccadmin_dev/Login
2022-10-13 20:27:49,748 DEBUG [11417] [] ------------------------------login_start_check
2022-10-13 20:27:49,748 DEBUG [11417] [] indexAction start
2022-10-13 20:27:49,765 DEBUG [11417] [] indexAction end
2022-10-13 20:27:49,765 DEBUG [11417] [] LoginController end
2022-10-13 20:27:49,765 DEBUG [11417] [] finally
