2022-05-07 16:34:28,864 DEBUG [85951] [] Request URI : /eccadmin_dev/Login
2022-05-07 16:34:28,882 DEBUG [85951] [] LoginController start
2022-05-07 16:34:28,882 DEBUG [85951] [] controllers/LoginController.php: is exist
2022-05-07 16:34:28,883 DEBUG [85951] [] LoginForm: is exist
2022-05-07 16:34:28,883 DEBUG [85951] [] LoginForm: form value set 
2022-05-07 16:34:28,883 DEBUG [85951] [] ------------------------------/eccadmin_dev/Login
2022-05-07 16:34:28,883 DEBUG [85951] [] ------------------------------login_start_check
2022-05-07 16:34:28,883 DEBUG [85951] [] indexAction start
2022-05-07 16:34:28,920 DEBUG [85951] [] indexAction end
2022-05-07 16:34:28,920 DEBUG [85951] [] LoginController end
2022-05-07 16:34:28,920 DEBUG [85951] [] finally
2022-05-07 16:34:32,495 DEBUG [86494] [] Request URI : /eccadmin_dev/Login/login
2022-05-07 16:34:32,498 DEBUG [86494] [] LoginController start
2022-05-07 16:34:32,499 DEBUG [86494] [] controllers/LoginController.php: is exist
2022-05-07 16:34:32,499 DEBUG [86494] [] LoginForm: is exist
2022-05-07 16:34:32,499 DEBUG [86494] [] LoginForm: form value set 
2022-05-07 16:34:32,500 DEBUG [86494] [] ------------------------------/eccadmin_dev/Login/login
2022-05-07 16:34:32,500 DEBUG [86494] [] ------------------------------login_start_check
2022-05-07 16:34:32,500 DEBUG [86494] [] loginAction start
2022-05-07 16:34:32,517 DEBUG [86494] [] loginAction end
2022-05-07 16:34:32,517 DEBUG [86494] [] LoginController end
2022-05-07 16:34:32,517 DEBUG [86494] [] finally
2022-05-07 16:34:35,461 DEBUG [86494] [] Request URI : /eccadmin_dev/Login/login
2022-05-07 16:34:35,462 DEBUG [86494] [] LoginController start
2022-05-07 16:34:35,462 DEBUG [86494] [] controllers/LoginController.php: is exist
2022-05-07 16:34:35,462 DEBUG [86494] [] LoginForm: is exist
2022-05-07 16:34:35,462 DEBUG [86494] [] LoginForm: form value set 
2022-05-07 16:34:35,463 DEBUG [86494] [] ------------------------------/eccadmin_dev/Login/login
2022-05-07 16:34:35,463 DEBUG [86494] [] ------------------------------login_start_check
2022-05-07 16:34:35,463 DEBUG [86494] [] loginAction start
2022-05-07 16:34:35,777 DEBUG [86494] [] loginAction end
2022-05-07 16:34:35,777 DEBUG [86494] [] LoginController end
2022-05-07 16:34:35,778 DEBUG [86494] [] finally
2022-05-07 16:34:35,802 DEBUG [86494] [] Request URI : /eccadmin_dev/Menu
2022-05-07 16:34:35,802 DEBUG [86494] [] MenuController start
2022-05-07 16:34:35,802 DEBUG [86494] [] controllers/MenuController.php: is exist
2022-05-07 16:34:35,905 DEBUG [86494] [] MenuForm: is exist
2022-05-07 16:34:35,910 DEBUG [86494] [] MenuForm: form value set 
2022-05-07 16:34:35,911 DEBUG [86494] [] ------------------------------/eccadmin_dev/Menu
2022-05-07 16:34:35,911 DEBUG [86494] [] ------------------------------login_start_check
2022-05-07 16:34:35,911 DEBUG [86494] [] indexAction start
2022-05-07 16:34:35,911 DEBUG [86494] [] admin_no is 1
2022-05-07 16:34:36,007 DEBUG [86494] [] indexAction end
2022-05-07 16:34:36,007 DEBUG [86494] [] MenuController end
2022-05-07 16:34:36,007 DEBUG [86494] [] finally
2022-05-07 16:34:40,692 DEBUG [86469] [] Request URI : /eccadmin_dev/ReportList
2022-05-07 16:34:40,693 DEBUG [86469] [] ReportListController start
2022-05-07 16:34:40,693 DEBUG [86469] [] controllers/ReportListController.php: is exist
2022-05-07 16:34:40,818 DEBUG [86469] [] ReportListForm: is exist
2022-05-07 16:34:40,821 DEBUG [86469] [] ReportListForm: form value set 
2022-05-07 16:34:40,822 DEBUG [86469] [] ------------------------------/eccadmin_dev/ReportList
2022-05-07 16:34:40,822 DEBUG [86469] [] indexAction start
2022-05-07 16:34:40,822 DEBUG [86469] [] admin_no is 1
2022-05-07 16:34:40,922 DEBUG [86469] [] indexAction end
2022-05-07 16:34:40,922 DEBUG [86469] [] ReportListController end
2022-05-07 16:34:40,922 DEBUG [86469] [] finally
2022-05-07 16:41:31,305 DEBUG [86469] [] Request URI : /eccadmin_dev/AtReportList
2022-05-07 16:41:31,306 DEBUG [86469] [] AtReportListController start
2022-05-07 16:41:31,306 DEBUG [86469] [] controllers/AtReportListController.php: is exist
2022-05-07 16:41:31,385 DEBUG [86469] [] AtReportListForm: is exist
2022-05-07 16:41:31,399 DEBUG [86469] [] AtReportListForm: form value set 
2022-05-07 16:41:31,399 DEBUG [86469] [] ------------------------------/eccadmin_dev/AtReportList
2022-05-07 16:41:31,400 DEBUG [86469] [] indexAction start
2022-05-07 16:41:31,400 DEBUG [86469] [] admin_no is 1
2022-05-07 16:41:31,480 DEBUG [86469] [] indexAction end
2022-05-07 16:41:31,480 DEBUG [86469] [] AtReportListController end
2022-05-07 16:41:31,481 DEBUG [86469] [] finally
2022-05-07 16:46:55,093 DEBUG [86490] [] Request URI : /eccadmin_dev/ReportList
2022-05-07 16:46:55,094 DEBUG [86490] [] ReportListController start
2022-05-07 16:46:55,094 DEBUG [86490] [] controllers/ReportListController.php: is exist
2022-05-07 16:46:55,098 DEBUG [86490] [] ReportListForm: is exist
2022-05-07 16:46:55,098 DEBUG [86490] [] ReportListForm: form value set 
2022-05-07 16:46:55,099 DEBUG [86490] [] ------------------------------/eccadmin_dev/ReportList
2022-05-07 16:46:55,099 DEBUG [86490] [] indexAction start
2022-05-07 16:46:55,099 DEBUG [86490] [] admin_no is 1
2022-05-07 16:46:55,162 DEBUG [86490] [] indexAction end
2022-05-07 16:46:55,162 DEBUG [86490] [] ReportListController end
2022-05-07 16:46:55,162 DEBUG [86490] [] finally
2022-05-07 16:57:22,081 DEBUG [86490] [] Request URI : /eccadmin_dev/ReportList
2022-05-07 16:57:22,081 DEBUG [86490] [] ReportListController start
2022-05-07 16:57:22,082 DEBUG [86490] [] controllers/ReportListController.php: is exist
2022-05-07 16:57:22,086 DEBUG [86490] [] ReportListForm: is exist
2022-05-07 16:57:22,086 DEBUG [86490] [] ReportListForm: form value set 
2022-05-07 16:57:22,087 DEBUG [86490] [] ------------------------------/eccadmin_dev/ReportList
2022-05-07 16:57:22,087 DEBUG [86490] [] indexAction start
2022-05-07 16:57:22,087 DEBUG [86490] [] admin_no is 1
2022-05-07 16:57:22,154 DEBUG [86490] [] indexAction end
2022-05-07 16:57:22,155 DEBUG [86490] [] ReportListController end
2022-05-07 16:57:22,155 DEBUG [86490] [] finally
2022-05-07 17:00:25,788 DEBUG [86830] [] Request URI : /eccadmin_dev/ReportList
2022-05-07 17:00:25,788 DEBUG [86830] [] ReportListController start
2022-05-07 17:00:25,788 DEBUG [86830] [] controllers/ReportListController.php: is exist
2022-05-07 17:00:25,793 DEBUG [86830] [] ReportListForm: is exist
2022-05-07 17:00:25,793 DEBUG [86830] [] ReportListForm: form value set 
2022-05-07 17:00:25,794 DEBUG [86830] [] ------------------------------/eccadmin_dev/ReportList
2022-05-07 17:00:25,794 DEBUG [86830] [] indexAction start
2022-05-07 17:00:25,794 DEBUG [86830] [] admin_no is 1
2022-05-07 17:00:25,866 DEBUG [86830] [] indexAction end
2022-05-07 17:00:25,866 DEBUG [86830] [] ReportListController end
2022-05-07 17:00:25,866 DEBUG [86830] [] finally
2022-05-07 17:00:58,140 DEBUG [85737] [] Request URI : /eccadmin_dev/ReportList
2022-05-07 17:00:58,140 DEBUG [85737] [] ReportListController start
2022-05-07 17:00:58,141 DEBUG [85737] [] controllers/ReportListController.php: is exist
2022-05-07 17:00:58,145 DEBUG [85737] [] ReportListForm: is exist
2022-05-07 17:00:58,145 DEBUG [85737] [] ReportListForm: form value set 
2022-05-07 17:00:58,146 DEBUG [85737] [] ------------------------------/eccadmin_dev/ReportList
2022-05-07 17:00:58,146 DEBUG [85737] [] indexAction start
2022-05-07 17:00:58,146 DEBUG [85737] [] admin_no is 1
2022-05-07 17:00:58,213 DEBUG [85737] [] indexAction end
2022-05-07 17:00:58,213 DEBUG [85737] [] ReportListController end
2022-05-07 17:00:58,213 DEBUG [85737] [] finally
2022-05-07 17:02:05,559 DEBUG [86489] [] Request URI : /eccadmin_dev/ReportList
2022-05-07 17:02:05,560 DEBUG [86489] [] ReportListController start
2022-05-07 17:02:05,560 DEBUG [86489] [] controllers/ReportListController.php: is exist
2022-05-07 17:02:05,564 DEBUG [86489] [] ReportListForm: is exist
2022-05-07 17:02:05,564 DEBUG [86489] [] ReportListForm: form value set 
2022-05-07 17:02:05,565 DEBUG [86489] [] ------------------------------/eccadmin_dev/ReportList
2022-05-07 17:02:05,565 DEBUG [86489] [] indexAction start
2022-05-07 17:02:05,565 DEBUG [86489] [] admin_no is 1
2022-05-07 17:02:05,630 DEBUG [86489] [] indexAction end
2022-05-07 17:02:05,630 DEBUG [86489] [] ReportListController end
2022-05-07 17:02:05,630 DEBUG [86489] [] finally
2022-05-07 17:02:11,214 DEBUG [86490] [] Request URI : /eccadmin_dev/ReportList
2022-05-07 17:02:11,215 DEBUG [86490] [] ReportListController start
2022-05-07 17:02:11,215 DEBUG [86490] [] controllers/ReportListController.php: is exist
2022-05-07 17:02:11,219 DEBUG [86490] [] ReportListForm: is exist
2022-05-07 17:02:11,219 DEBUG [86490] [] ReportListForm: form value set 
2022-05-07 17:02:11,220 DEBUG [86490] [] ------------------------------/eccadmin_dev/ReportList
2022-05-07 17:02:11,220 DEBUG [86490] [] indexAction start
2022-05-07 17:02:11,220 DEBUG [86490] [] admin_no is 1
2022-05-07 17:02:11,284 DEBUG [86490] [] indexAction end
2022-05-07 17:02:11,284 DEBUG [86490] [] ReportListController end
2022-05-07 17:02:11,285 DEBUG [86490] [] finally
2022-05-07 17:03:25,525 DEBUG [85737] [] Request URI : /eccadmin_dev/ReportList
2022-05-07 17:03:25,525 DEBUG [85737] [] ReportListController start
2022-05-07 17:03:25,525 DEBUG [85737] [] controllers/ReportListController.php: is exist
2022-05-07 17:03:25,529 DEBUG [85737] [] ReportListForm: is exist
2022-05-07 17:03:25,530 DEBUG [85737] [] ReportListForm: form value set 
2022-05-07 17:03:25,530 DEBUG [85737] [] ------------------------------/eccadmin_dev/ReportList
2022-05-07 17:03:25,530 DEBUG [85737] [] indexAction start
2022-05-07 17:03:25,531 DEBUG [85737] [] admin_no is 1
2022-05-07 17:03:25,598 DEBUG [85737] [] indexAction end
2022-05-07 17:03:25,598 DEBUG [85737] [] ReportListController end
2022-05-07 17:03:25,598 DEBUG [85737] [] finally
2022-05-07 17:03:40,023 DEBUG [86441] [] Request URI : /eccadmin_dev/ReportList
2022-05-07 17:03:40,024 DEBUG [86441] [] ReportListController start
2022-05-07 17:03:40,024 DEBUG [86441] [] controllers/ReportListController.php: is exist
2022-05-07 17:03:40,028 DEBUG [86441] [] ReportListForm: is exist
2022-05-07 17:03:40,029 DEBUG [86441] [] ReportListForm: form value set 
2022-05-07 17:03:40,029 DEBUG [86441] [] ------------------------------/eccadmin_dev/ReportList
2022-05-07 17:03:40,030 DEBUG [86441] [] indexAction start
2022-05-07 17:03:40,030 DEBUG [86441] [] admin_no is 1
2022-05-07 17:03:40,097 DEBUG [86441] [] indexAction end
2022-05-07 17:03:40,097 DEBUG [86441] [] ReportListController end
2022-05-07 17:03:40,097 DEBUG [86441] [] finally
2022-05-07 17:04:01,992 DEBUG [86494] [] Request URI : /eccadmin_dev/ReportList
2022-05-07 17:04:01,992 DEBUG [86494] [] ReportListController start
2022-05-07 17:04:01,993 DEBUG [86494] [] controllers/ReportListController.php: is exist
2022-05-07 17:04:01,997 DEBUG [86494] [] ReportListForm: is exist
2022-05-07 17:04:01,997 DEBUG [86494] [] ReportListForm: form value set 
2022-05-07 17:04:01,997 DEBUG [86494] [] ------------------------------/eccadmin_dev/ReportList
2022-05-07 17:04:01,998 DEBUG [86494] [] indexAction start
2022-05-07 17:04:01,998 DEBUG [86494] [] admin_no is 1
2022-05-07 17:04:02,062 DEBUG [86494] [] indexAction end
2022-05-07 17:04:02,062 DEBUG [86494] [] ReportListController end
2022-05-07 17:04:02,062 DEBUG [86494] [] finally
2022-05-07 17:11:18,547 DEBUG [86822] [] Request URI : /eccadmin_dev/Login/logout
2022-05-07 17:11:18,547 DEBUG [86822] [] LoginController start
2022-05-07 17:11:18,547 DEBUG [86822] [] controllers/LoginController.php: is exist
2022-05-07 17:11:18,548 DEBUG [86822] [] LoginForm: is exist
2022-05-07 17:11:18,548 DEBUG [86822] [] LoginForm: form value set 
2022-05-07 17:11:18,548 DEBUG [86822] [] ------------------------------/eccadmin_dev/Login/logout
2022-05-07 17:11:18,548 DEBUG [86822] [] ------------------------------login_start_check
2022-05-07 17:11:18,549 DEBUG [86822] [] logoutAction start
2022-05-07 17:11:18,549 DEBUG [86822] [] logoutAction end
2022-05-07 17:11:18,549 DEBUG [86822] [] LoginController end
2022-05-07 17:11:18,549 DEBUG [86822] [] finally
2022-05-07 17:11:18,572 DEBUG [86822] [] Request URI : /eccadmin_dev/Login
2022-05-07 17:11:18,572 DEBUG [86822] [] LoginController start
2022-05-07 17:11:18,572 DEBUG [86822] [] controllers/LoginController.php: is exist
2022-05-07 17:11:18,572 DEBUG [86822] [] LoginForm: is exist
2022-05-07 17:11:18,572 DEBUG [86822] [] LoginForm: form value set 
2022-05-07 17:11:18,573 DEBUG [86822] [] ------------------------------/eccadmin_dev/Login
2022-05-07 17:11:18,573 DEBUG [86822] [] ------------------------------login_start_check
2022-05-07 17:11:18,573 DEBUG [86822] [] indexAction start
2022-05-07 17:11:18,586 DEBUG [86822] [] indexAction end
2022-05-07 17:11:18,586 DEBUG [86822] [] LoginController end
2022-05-07 17:11:18,586 DEBUG [86822] [] finally
2022-05-07 17:28:56,007 DEBUG [87211] [] Request URI : /eccadmin_dev/Login
2022-05-07 17:28:56,008 DEBUG [87211] [] LoginController start
2022-05-07 17:28:56,008 DEBUG [87211] [] controllers/LoginController.php: is exist
2022-05-07 17:28:56,009 DEBUG [87211] [] LoginForm: is exist
2022-05-07 17:28:56,009 DEBUG [87211] [] LoginForm: form value set 
2022-05-07 17:28:56,009 DEBUG [87211] [] ------------------------------/eccadmin_dev/Login
2022-05-07 17:28:56,009 DEBUG [87211] [] ------------------------------login_start_check
2022-05-07 17:28:56,009 DEBUG [87211] [] indexAction start
2022-05-07 17:28:56,025 DEBUG [87211] [] indexAction end
2022-05-07 17:28:56,025 DEBUG [87211] [] LoginController end
2022-05-07 17:28:56,025 DEBUG [87211] [] finally
2022-05-07 17:28:59,972 DEBUG [87211] [] Request URI : /eccadmin_dev/Login/login
2022-05-07 17:28:59,973 DEBUG [87211] [] LoginController start
2022-05-07 17:28:59,973 DEBUG [87211] [] controllers/LoginController.php: is exist
2022-05-07 17:28:59,973 DEBUG [87211] [] LoginForm: is exist
2022-05-07 17:28:59,973 DEBUG [87211] [] LoginForm: form value set 
2022-05-07 17:28:59,974 DEBUG [87211] [] ------------------------------/eccadmin_dev/Login/login
2022-05-07 17:28:59,974 DEBUG [87211] [] ------------------------------login_start_check
2022-05-07 17:28:59,974 DEBUG [87211] [] loginAction start
2022-05-07 17:29:00,271 DEBUG [87211] [] loginAction end
2022-05-07 17:29:00,271 DEBUG [87211] [] LoginController end
2022-05-07 17:29:00,271 DEBUG [87211] [] finally
2022-05-07 17:29:00,286 DEBUG [87211] [] Request URI : /eccadmin_dev/Menu
2022-05-07 17:29:00,286 DEBUG [87211] [] MenuController start
2022-05-07 17:29:00,286 DEBUG [87211] [] controllers/MenuController.php: is exist
2022-05-07 17:29:00,287 DEBUG [87211] [] MenuForm: is exist
2022-05-07 17:29:00,287 DEBUG [87211] [] MenuForm: form value set 
2022-05-07 17:29:00,288 DEBUG [87211] [] ------------------------------/eccadmin_dev/Menu
2022-05-07 17:29:00,288 DEBUG [87211] [] ------------------------------login_start_check
2022-05-07 17:29:00,288 DEBUG [87211] [] indexAction start
2022-05-07 17:29:00,288 DEBUG [87211] [] admin_no is 1
2022-05-07 17:29:00,316 DEBUG [87211] [] indexAction end
2022-05-07 17:29:00,316 DEBUG [87211] [] MenuController end
2022-05-07 17:29:00,316 DEBUG [87211] [] finally
2022-05-07 17:29:02,782 DEBUG [86830] [] Request URI : /eccadmin_dev/AtReportList
2022-05-07 17:29:02,783 DEBUG [86830] [] AtReportListController start
2022-05-07 17:29:02,783 DEBUG [86830] [] controllers/AtReportListController.php: is exist
2022-05-07 17:29:02,785 DEBUG [86830] [] AtReportListForm: is exist
2022-05-07 17:29:02,786 DEBUG [86830] [] AtReportListForm: form value set 
2022-05-07 17:29:02,786 DEBUG [86830] [] ------------------------------/eccadmin_dev/AtReportList
2022-05-07 17:29:02,786 DEBUG [86830] [] indexAction start
2022-05-07 17:29:02,786 DEBUG [86830] [] admin_no is 1
2022-05-07 17:29:02,847 DEBUG [86830] [] indexAction end
2022-05-07 17:29:02,848 DEBUG [86830] [] AtReportListController end
2022-05-07 17:29:02,848 DEBUG [86830] [] finally
2022-05-07 17:29:40,877 DEBUG [87102] [] Request URI : /eccadmin_dev/AtReportList
2022-05-07 17:29:40,878 DEBUG [87102] [] AtReportListController start
2022-05-07 17:29:40,878 DEBUG [87102] [] controllers/AtReportListController.php: is exist
2022-05-07 17:29:40,881 DEBUG [87102] [] AtReportListForm: is exist
2022-05-07 17:29:40,881 DEBUG [87102] [] AtReportListForm: form value set 
2022-05-07 17:29:40,881 DEBUG [87102] [] ------------------------------/eccadmin_dev/AtReportList
2022-05-07 17:29:40,882 DEBUG [87102] [] indexAction start
2022-05-07 17:29:40,882 DEBUG [87102] [] admin_no is 1
2022-05-07 17:29:40,949 DEBUG [87102] [] indexAction end
2022-05-07 17:29:40,949 DEBUG [87102] [] AtReportListController end
2022-05-07 17:29:40,949 DEBUG [87102] [] finally
2022-05-07 17:56:27,399 DEBUG [87705] [] Request URI : /eccadmin_dev/TestInfoList
2022-05-07 17:56:27,402 DEBUG [87705] [] TestInfoListController start
2022-05-07 17:56:27,402 DEBUG [87705] [] controllers/TestInfoListController.php: is exist
2022-05-07 17:56:27,405 DEBUG [87705] [] TestInfoListForm: is exist
2022-05-07 17:56:27,406 DEBUG [87705] [] TestInfoListForm: form value set 
2022-05-07 17:56:27,406 DEBUG [87705] [] ------------------------------/eccadmin_dev/TestInfoList
2022-05-07 17:56:27,406 DEBUG [87705] [] indexAction start
2022-05-07 17:56:27,407 DEBUG [87705] [] admin_no is 1
2022-05-07 17:56:27,409 DEBUG [87705] [] test List count:5
2022-05-07 17:56:27,572 DEBUG [87705] [] indexAction end
2022-05-07 17:56:27,572 DEBUG [87705] [] TestInfoListController end
2022-05-07 17:56:27,572 DEBUG [87705] [] finally
2022-05-07 17:57:24,960 DEBUG [87705] [] Request URI : /eccadmin_dev/AtReportList
2022-05-07 17:57:24,960 DEBUG [87705] [] AtReportListController start
2022-05-07 17:57:24,960 DEBUG [87705] [] controllers/AtReportListController.php: is exist
2022-05-07 17:57:24,963 DEBUG [87705] [] AtReportListForm: is exist
2022-05-07 17:57:24,964 DEBUG [87705] [] AtReportListForm: form value set 
2022-05-07 17:57:24,964 DEBUG [87705] [] ------------------------------/eccadmin_dev/AtReportList
2022-05-07 17:57:24,964 DEBUG [87705] [] indexAction start
2022-05-07 17:57:24,965 DEBUG [87705] [] admin_no is 1
2022-05-07 17:57:25,036 DEBUG [87705] [] indexAction end
2022-05-07 17:57:25,036 DEBUG [87705] [] AtReportListController end
2022-05-07 17:57:25,036 DEBUG [87705] [] finally
2022-05-07 17:59:57,985 DEBUG [87705] [] Request URI : /eccadmin_dev/AtReportList
2022-05-07 17:59:57,985 DEBUG [87705] [] AtReportListController start
2022-05-07 17:59:57,985 DEBUG [87705] [] controllers/AtReportListController.php: is exist
2022-05-07 17:59:57,988 DEBUG [87705] [] AtReportListForm: is exist
2022-05-07 17:59:57,989 DEBUG [87705] [] AtReportListForm: form value set 
2022-05-07 17:59:57,989 DEBUG [87705] [] ------------------------------/eccadmin_dev/AtReportList
2022-05-07 17:59:57,990 DEBUG [87705] [] indexAction start
2022-05-07 17:59:57,990 DEBUG [87705] [] admin_no is 1
2022-05-07 17:59:58,057 DEBUG [87705] [] indexAction end
2022-05-07 17:59:58,057 DEBUG [87705] [] AtReportListController end
2022-05-07 17:59:58,058 DEBUG [87705] [] finally
2022-05-07 18:00:41,093 DEBUG [87247] [] Request URI : /eccadmin_dev/AtReportList
2022-05-07 18:00:41,094 DEBUG [87247] [] AtReportListController start
2022-05-07 18:00:41,094 DEBUG [87247] [] controllers/AtReportListController.php: is exist
2022-05-07 18:00:41,097 DEBUG [87247] [] AtReportListForm: is exist
2022-05-07 18:00:41,097 DEBUG [87247] [] AtReportListForm: form value set 
2022-05-07 18:00:41,098 DEBUG [87247] [] ------------------------------/eccadmin_dev/AtReportList
2022-05-07 18:00:41,098 DEBUG [87247] [] indexAction start
2022-05-07 18:00:41,098 DEBUG [87247] [] admin_no is 1
2022-05-07 18:00:41,168 DEBUG [87247] [] indexAction end
2022-05-07 18:00:41,168 DEBUG [87247] [] AtReportListController end
2022-05-07 18:00:41,169 DEBUG [87247] [] finally
2022-05-07 18:10:12,664 DEBUG [87704] [] Request URI : /eccadmin_dev/Login/logout
2022-05-07 18:10:12,665 DEBUG [87704] [] LoginController start
2022-05-07 18:10:12,665 DEBUG [87704] [] controllers/LoginController.php: is exist
2022-05-07 18:10:12,666 DEBUG [87704] [] LoginForm: is exist
2022-05-07 18:10:12,666 DEBUG [87704] [] LoginForm: form value set 
2022-05-07 18:10:12,666 DEBUG [87704] [] ------------------------------/eccadmin_dev/Login/logout
2022-05-07 18:10:12,666 DEBUG [87704] [] ------------------------------login_start_check
2022-05-07 18:10:12,666 DEBUG [87704] [] logoutAction start
2022-05-07 18:10:12,667 DEBUG [87704] [] logoutAction end
2022-05-07 18:10:12,667 DEBUG [87704] [] LoginController end
2022-05-07 18:10:12,667 DEBUG [87704] [] finally
2022-05-07 18:10:12,684 DEBUG [87704] [] Request URI : /eccadmin_dev/Login
2022-05-07 18:10:12,684 DEBUG [87704] [] LoginController start
2022-05-07 18:10:12,684 DEBUG [87704] [] controllers/LoginController.php: is exist
2022-05-07 18:10:12,685 DEBUG [87704] [] LoginForm: is exist
2022-05-07 18:10:12,685 DEBUG [87704] [] LoginForm: form value set 
2022-05-07 18:10:12,685 DEBUG [87704] [] ------------------------------/eccadmin_dev/Login
2022-05-07 18:10:12,685 DEBUG [87704] [] ------------------------------login_start_check
2022-05-07 18:10:12,685 DEBUG [87704] [] indexAction start
2022-05-07 18:10:12,701 DEBUG [87704] [] indexAction end
2022-05-07 18:10:12,701 DEBUG [87704] [] LoginController end
2022-05-07 18:10:12,702 DEBUG [87704] [] finally
