2022-04-05 16:42:07,004 DEBUG [130910] [] Request URI : /eccadmin_dev/Login
2022-04-05 16:42:07,035 DEBUG [130910] [] LoginController start
2022-04-05 16:42:07,035 DEBUG [130910] [] controllers/LoginController.php: is exist
2022-04-05 16:42:07,036 DEBUG [130910] [] LoginForm: is exist
2022-04-05 16:42:07,036 DEBUG [130910] [] LoginForm: form value set 
2022-04-05 16:42:07,036 DEBUG [130910] [] ------------------------------/eccadmin_dev/Login
2022-04-05 16:42:07,036 DEBUG [130910] [] ------------------------------login_start_check
2022-04-05 16:42:07,036 DEBUG [130910] [] indexAction start
2022-04-05 16:42:07,068 DEBUG [130910] [] indexAction end
2022-04-05 16:42:07,068 DEBUG [130910] [] LoginController end
2022-04-05 16:42:07,068 DEBUG [130910] [] finally
2022-04-05 16:42:10,538 DEBUG [130537] [] Request URI : /eccadmin_dev/Login/login
2022-04-05 16:42:10,539 DEBUG [130537] [] LoginController start
2022-04-05 16:42:10,539 DEBUG [130537] [] controllers/LoginController.php: is exist
2022-04-05 16:42:10,540 DEBUG [130537] [] LoginForm: is exist
2022-04-05 16:42:10,540 DEBUG [130537] [] LoginForm: form value set 
2022-04-05 16:42:10,540 DEBUG [130537] [] ------------------------------/eccadmin_dev/Login/login
2022-04-05 16:42:10,540 DEBUG [130537] [] ------------------------------login_start_check
2022-04-05 16:42:10,540 DEBUG [130537] [] loginAction start
2022-04-05 16:42:10,847 DEBUG [130537] [] loginAction end
2022-04-05 16:42:10,847 DEBUG [130537] [] LoginController end
2022-04-05 16:42:10,848 DEBUG [130537] [] finally
2022-04-05 16:42:10,874 DEBUG [130537] [] Request URI : /eccadmin_dev/Menu
2022-04-05 16:42:10,874 DEBUG [130537] [] MenuController start
2022-04-05 16:42:10,874 DEBUG [130537] [] controllers/MenuController.php: is exist
2022-04-05 16:42:10,875 DEBUG [130537] [] MenuForm: is exist
2022-04-05 16:42:10,875 DEBUG [130537] [] MenuForm: form value set 
2022-04-05 16:42:10,875 DEBUG [130537] [] ------------------------------/eccadmin_dev/Menu
2022-04-05 16:42:10,875 DEBUG [130537] [] ------------------------------login_start_check
2022-04-05 16:42:10,875 DEBUG [130537] [] indexAction start
2022-04-05 16:42:10,875 DEBUG [130537] [] admin_no is 1
2022-04-05 16:42:10,950 DEBUG [130537] [] indexAction end
2022-04-05 16:42:10,950 DEBUG [130537] [] MenuController end
2022-04-05 16:42:10,950 DEBUG [130537] [] finally
2022-04-05 16:44:39,532 DEBUG [130726] [] Request URI : /eccadmin_dev/AtReportList
2022-04-05 16:44:39,532 DEBUG [130726] [] AtReportListController start
2022-04-05 16:44:39,532 DEBUG [130726] [] controllers/AtReportListController.php: is exist
2022-04-05 16:44:39,535 DEBUG [130726] [] AtReportListForm: is exist
2022-04-05 16:44:39,536 DEBUG [130726] [] AtReportListForm: form value set 
2022-04-05 16:44:39,536 DEBUG [130726] [] ------------------------------/eccadmin_dev/AtReportList
2022-04-05 16:44:39,536 DEBUG [130726] [] indexAction start
2022-04-05 16:44:39,536 DEBUG [130726] [] admin_no is 1
2022-04-05 16:44:39,628 DEBUG [130726] [] indexAction end
2022-04-05 16:44:39,628 DEBUG [130726] [] AtReportListController end
2022-04-05 16:44:39,628 DEBUG [130726] [] finally
2022-04-05 16:44:44,991 DEBUG [131301] [] Request URI : /eccadmin_dev/AtReportRegist/index
2022-04-05 16:44:44,992 DEBUG [131301] [] AtReportRegistController start
2022-04-05 16:44:44,992 DEBUG [131301] [] controllers/AtReportRegistController.php: is exist
2022-04-05 16:44:44,997 DEBUG [131301] [] AtReportRegistForm: is exist
2022-04-05 16:44:44,997 DEBUG [131301] [] AtReportRegistForm: form value set 
2022-04-05 16:44:44,998 DEBUG [131301] [] ------------------------------/eccadmin_dev/AtReportRegist/index
2022-04-05 16:44:44,998 DEBUG [131301] [] ------------------------------session_check_true
2022-04-05 16:44:44,998 DEBUG [131301] [] indexAction start
2022-04-05 16:44:44,998 DEBUG [131301] [] admin_no is 1
2022-04-05 16:44:45,100 DEBUG [131301] [] indexAction end
2022-04-05 16:44:45,100 DEBUG [131301] [] AtReportRegistController end
2022-04-05 16:44:45,100 DEBUG [131301] [] finally
2022-04-05 16:44:57,517 DEBUG [131300] [] Request URI : /eccadmin_dev/Login/logout
2022-04-05 16:44:57,517 DEBUG [131300] [] LoginController start
2022-04-05 16:44:57,517 DEBUG [131300] [] controllers/LoginController.php: is exist
2022-04-05 16:44:57,518 DEBUG [131300] [] LoginForm: is exist
2022-04-05 16:44:57,518 DEBUG [131300] [] LoginForm: form value set 
2022-04-05 16:44:57,518 DEBUG [131300] [] ------------------------------/eccadmin_dev/Login/logout
2022-04-05 16:44:57,518 DEBUG [131300] [] ------------------------------login_start_check
2022-04-05 16:44:57,519 DEBUG [131300] [] logoutAction start
2022-04-05 16:44:57,519 DEBUG [131300] [] logoutAction end
2022-04-05 16:44:57,519 DEBUG [131300] [] LoginController end
2022-04-05 16:44:57,519 DEBUG [131300] [] finally
2022-04-05 16:44:57,536 DEBUG [131300] [] Request URI : /eccadmin_dev/Login
2022-04-05 16:44:57,536 DEBUG [131300] [] LoginController start
2022-04-05 16:44:57,536 DEBUG [131300] [] controllers/LoginController.php: is exist
2022-04-05 16:44:57,537 DEBUG [131300] [] LoginForm: is exist
2022-04-05 16:44:57,537 DEBUG [131300] [] LoginForm: form value set 
2022-04-05 16:44:57,537 DEBUG [131300] [] ------------------------------/eccadmin_dev/Login
2022-04-05 16:44:57,537 DEBUG [131300] [] ------------------------------login_start_check
2022-04-05 16:44:57,537 DEBUG [131300] [] indexAction start
2022-04-05 16:44:57,551 DEBUG [131300] [] indexAction end
2022-04-05 16:44:57,551 DEBUG [131300] [] LoginController end
2022-04-05 16:44:57,551 DEBUG [131300] [] finally
2022-04-05 16:49:16,882 DEBUG [131028] [] Request URI : /eccadmin_dev/Login
2022-04-05 16:49:16,883 DEBUG [131028] [] LoginController start
2022-04-05 16:49:16,883 DEBUG [131028] [] controllers/LoginController.php: is exist
2022-04-05 16:49:16,883 DEBUG [131028] [] LoginForm: is exist
2022-04-05 16:49:16,883 DEBUG [131028] [] LoginForm: form value set 
2022-04-05 16:49:16,884 DEBUG [131028] [] ------------------------------/eccadmin_dev/Login
2022-04-05 16:49:16,884 DEBUG [131028] [] ------------------------------login_start_check
2022-04-05 16:49:16,884 DEBUG [131028] [] indexAction start
2022-04-05 16:49:16,900 DEBUG [131028] [] indexAction end
2022-04-05 16:49:16,900 DEBUG [131028] [] LoginController end
2022-04-05 16:49:16,900 DEBUG [131028] [] finally
2022-04-05 16:49:20,094 DEBUG [131028] [] Request URI : /eccadmin_dev/Login/login
2022-04-05 16:49:20,094 DEBUG [131028] [] LoginController start
2022-04-05 16:49:20,094 DEBUG [131028] [] controllers/LoginController.php: is exist
2022-04-05 16:49:20,094 DEBUG [131028] [] LoginForm: is exist
2022-04-05 16:49:20,095 DEBUG [131028] [] LoginForm: form value set 
2022-04-05 16:49:20,095 DEBUG [131028] [] ------------------------------/eccadmin_dev/Login/login
2022-04-05 16:49:20,095 DEBUG [131028] [] ------------------------------login_start_check
2022-04-05 16:49:20,095 DEBUG [131028] [] loginAction start
2022-04-05 16:49:20,392 DEBUG [131028] [] loginAction end
2022-04-05 16:49:20,392 DEBUG [131028] [] LoginController end
2022-04-05 16:49:20,393 DEBUG [131028] [] finally
2022-04-05 16:49:20,413 DEBUG [131028] [] Request URI : /eccadmin_dev/Menu
2022-04-05 16:49:20,413 DEBUG [131028] [] MenuController start
2022-04-05 16:49:20,413 DEBUG [131028] [] controllers/MenuController.php: is exist
2022-04-05 16:49:20,414 DEBUG [131028] [] MenuForm: is exist
2022-04-05 16:49:20,414 DEBUG [131028] [] MenuForm: form value set 
2022-04-05 16:49:20,414 DEBUG [131028] [] ------------------------------/eccadmin_dev/Menu
2022-04-05 16:49:20,414 DEBUG [131028] [] ------------------------------login_start_check
2022-04-05 16:49:20,414 DEBUG [131028] [] indexAction start
2022-04-05 16:49:20,414 DEBUG [131028] [] admin_no is 1
2022-04-05 16:49:20,440 DEBUG [131028] [] indexAction end
2022-04-05 16:49:20,440 DEBUG [131028] [] MenuController end
2022-04-05 16:49:20,441 DEBUG [131028] [] finally
2022-04-05 16:49:22,556 DEBUG [131339] [] Request URI : /eccadmin_dev/AtReportList
2022-04-05 16:49:22,557 DEBUG [131339] [] AtReportListController start
2022-04-05 16:49:22,557 DEBUG [131339] [] controllers/AtReportListController.php: is exist
2022-04-05 16:49:22,560 DEBUG [131339] [] AtReportListForm: is exist
2022-04-05 16:49:22,560 DEBUG [131339] [] AtReportListForm: form value set 
2022-04-05 16:49:22,561 DEBUG [131339] [] ------------------------------/eccadmin_dev/AtReportList
2022-04-05 16:49:22,561 DEBUG [131339] [] indexAction start
2022-04-05 16:49:22,561 DEBUG [131339] [] admin_no is 1
2022-04-05 16:49:22,627 DEBUG [131339] [] indexAction end
2022-04-05 16:49:22,627 DEBUG [131339] [] AtReportListController end
2022-04-05 16:49:22,627 DEBUG [131339] [] finally
2022-04-05 16:49:24,803 DEBUG [131367] [] Request URI : /eccadmin_dev/AtReportRegist/index
2022-04-05 16:49:24,804 DEBUG [131367] [] AtReportRegistController start
2022-04-05 16:49:24,804 DEBUG [131367] [] controllers/AtReportRegistController.php: is exist
2022-04-05 16:49:24,808 DEBUG [131367] [] AtReportRegistForm: is exist
2022-04-05 16:49:24,809 DEBUG [131367] [] AtReportRegistForm: form value set 
2022-04-05 16:49:24,809 DEBUG [131367] [] ------------------------------/eccadmin_dev/AtReportRegist/index
2022-04-05 16:49:24,809 DEBUG [131367] [] ------------------------------session_check_true
2022-04-05 16:49:24,809 DEBUG [131367] [] indexAction start
2022-04-05 16:49:24,810 DEBUG [131367] [] admin_no is 1
2022-04-05 16:49:24,887 DEBUG [131367] [] indexAction end
2022-04-05 16:49:24,887 DEBUG [131367] [] AtReportRegistController end
2022-04-05 16:49:24,887 DEBUG [131367] [] finally
2022-04-05 16:49:33,654 DEBUG [131028] [] Request URI : /eccadmin_dev/AtReportRegist/save
2022-04-05 16:49:33,654 DEBUG [131028] [] AtReportRegistController start
2022-04-05 16:49:33,654 DEBUG [131028] [] controllers/AtReportRegistController.php: is exist
2022-04-05 16:49:33,659 DEBUG [131028] [] AtReportRegistForm: is exist
2022-04-05 16:49:33,660 DEBUG [131028] [] AtReportRegistForm: form value set 
2022-04-05 16:49:33,660 DEBUG [131028] [] ------------------------------/eccadmin_dev/AtReportRegist/save
2022-04-05 16:49:33,660 DEBUG [131028] [] ------------------------------session_check_true
2022-04-05 16:49:33,660 DEBUG [131028] [] saveAction start
2022-04-05 16:49:33,680 DEBUG [131028] [] admin_no is 1
2022-04-05 16:49:33,680 DEBUG [131028] [] saveAction end
2022-04-05 16:49:33,680 DEBUG [131028] [] AtReportRegistController end
2022-04-05 16:49:33,680 DEBUG [131028] [] finally
2022-04-05 16:49:33,696 DEBUG [131028] [] Request URI : /eccadmin_dev/AtReportList/Search
2022-04-05 16:49:33,697 DEBUG [131028] [] AtReportListController start
2022-04-05 16:49:33,697 DEBUG [131028] [] controllers/AtReportListController.php: is exist
2022-04-05 16:49:33,700 DEBUG [131028] [] AtReportListForm: is exist
2022-04-05 16:49:33,700 DEBUG [131028] [] AtReportListForm: form value set 
2022-04-05 16:49:33,700 DEBUG [131028] [] ------------------------------/eccadmin_dev/AtReportList/Search
2022-04-05 16:49:33,700 DEBUG [131028] [] SearchAction start
2022-04-05 16:49:33,701 DEBUG [131028] [] --------back--------
2022-04-05 16:49:33,701 DEBUG [131028] [] admin_no is 1
2022-04-05 16:49:33,771 DEBUG [131028] [] SearchAction end
2022-04-05 16:49:33,771 DEBUG [131028] [] AtReportListController end
2022-04-05 16:49:33,771 DEBUG [131028] [] finally
2022-04-05 16:49:38,782 DEBUG [131310] [] Request URI : /eccadmin_dev/Login/logout
2022-04-05 16:49:38,783 DEBUG [131310] [] LoginController start
2022-04-05 16:49:38,783 DEBUG [131310] [] controllers/LoginController.php: is exist
2022-04-05 16:49:38,783 DEBUG [131310] [] LoginForm: is exist
2022-04-05 16:49:38,783 DEBUG [131310] [] LoginForm: form value set 
2022-04-05 16:49:38,784 DEBUG [131310] [] ------------------------------/eccadmin_dev/Login/logout
2022-04-05 16:49:38,784 DEBUG [131310] [] ------------------------------login_start_check
2022-04-05 16:49:38,784 DEBUG [131310] [] logoutAction start
2022-04-05 16:49:38,784 DEBUG [131310] [] logoutAction end
2022-04-05 16:49:38,784 DEBUG [131310] [] LoginController end
2022-04-05 16:49:38,784 DEBUG [131310] [] finally
2022-04-05 16:49:38,802 DEBUG [131310] [] Request URI : /eccadmin_dev/Login
2022-04-05 16:49:38,802 DEBUG [131310] [] LoginController start
2022-04-05 16:49:38,802 DEBUG [131310] [] controllers/LoginController.php: is exist
2022-04-05 16:49:38,803 DEBUG [131310] [] LoginForm: is exist
2022-04-05 16:49:38,803 DEBUG [131310] [] LoginForm: form value set 
2022-04-05 16:49:38,803 DEBUG [131310] [] ------------------------------/eccadmin_dev/Login
2022-04-05 16:49:38,803 DEBUG [131310] [] ------------------------------login_start_check
2022-04-05 16:49:38,803 DEBUG [131310] [] indexAction start
2022-04-05 16:49:38,819 DEBUG [131310] [] indexAction end
2022-04-05 16:49:38,819 DEBUG [131310] [] LoginController end
2022-04-05 16:49:38,820 DEBUG [131310] [] finally
