2022-05-13 04:56:24,007 DEBUG [49911] [] Request URI : /eccadmin_dev/Login
2022-05-13 04:56:24,032 DEBUG [49911] [] LoginController start
2022-05-13 04:56:24,032 DEBUG [49911] [] controllers/LoginController.php: is exist
2022-05-13 04:56:24,032 DEBUG [49911] [] LoginForm: is exist
2022-05-13 04:56:24,032 DEBUG [49911] [] LoginForm: form value set 
2022-05-13 04:56:24,033 DEBUG [49911] [] ------------------------------/eccadmin_dev/Login
2022-05-13 04:56:24,033 DEBUG [49911] [] ------------------------------login_start_check
2022-05-13 04:56:24,033 DEBUG [49911] [] indexAction start
2022-05-13 04:56:24,092 DEBUG [49911] [] indexAction end
2022-05-13 04:56:24,092 DEBUG [49911] [] LoginController end
2022-05-13 04:56:24,092 DEBUG [49911] [] finally
2022-05-13 11:50:53,191 DEBUG [65349] [] Request URI : /eccadmin_dev/Login
2022-05-13 11:50:53,192 DEBUG [65349] [] LoginController start
2022-05-13 11:50:53,192 DEBUG [65349] [] controllers/LoginController.php: is exist
2022-05-13 11:50:53,192 DEBUG [65349] [] LoginForm: is exist
2022-05-13 11:50:53,192 DEBUG [65349] [] LoginForm: form value set 
2022-05-13 11:50:53,193 DEBUG [65349] [] ------------------------------/eccadmin_dev/Login
2022-05-13 11:50:53,193 DEBUG [65349] [] ------------------------------login_start_check
2022-05-13 11:50:53,193 DEBUG [65349] [] indexAction start
2022-05-13 11:50:53,208 DEBUG [65349] [] indexAction end
2022-05-13 11:50:53,209 DEBUG [65349] [] LoginController end
2022-05-13 11:50:53,209 DEBUG [65349] [] finally
2022-05-13 11:50:55,894 DEBUG [65349] [] Request URI : /eccadmin_dev/Login/login
2022-05-13 11:50:55,895 DEBUG [65349] [] LoginController start
2022-05-13 11:50:55,895 DEBUG [65349] [] controllers/LoginController.php: is exist
2022-05-13 11:50:55,895 DEBUG [65349] [] LoginForm: is exist
2022-05-13 11:50:55,895 DEBUG [65349] [] LoginForm: form value set 
2022-05-13 11:50:55,896 DEBUG [65349] [] ------------------------------/eccadmin_dev/Login/login
2022-05-13 11:50:55,896 DEBUG [65349] [] ------------------------------login_start_check
2022-05-13 11:50:55,896 DEBUG [65349] [] loginAction start
2022-05-13 11:50:56,227 DEBUG [65349] [] loginAction end
2022-05-13 11:50:56,228 DEBUG [65349] [] LoginController end
2022-05-13 11:50:56,228 DEBUG [65349] [] finally
2022-05-13 11:50:56,246 DEBUG [65349] [] Request URI : /eccadmin_dev/Menu
2022-05-13 11:50:56,246 DEBUG [65349] [] MenuController start
2022-05-13 11:50:56,263 DEBUG [65349] [] controllers/MenuController.php: is exist
2022-05-13 11:50:56,284 DEBUG [65349] [] MenuForm: is exist
2022-05-13 11:50:56,290 DEBUG [65349] [] MenuForm: form value set 
2022-05-13 11:50:56,290 DEBUG [65349] [] ------------------------------/eccadmin_dev/Menu
2022-05-13 11:50:56,290 DEBUG [65349] [] ------------------------------login_start_check
2022-05-13 11:50:56,290 DEBUG [65349] [] indexAction start
2022-05-13 11:50:56,291 DEBUG [65349] [] admin_no is 1
2022-05-13 11:50:56,387 DEBUG [65349] [] indexAction end
2022-05-13 11:50:56,387 DEBUG [65349] [] MenuController end
2022-05-13 11:50:56,387 DEBUG [65349] [] finally
2022-05-13 11:51:00,090 DEBUG [64362] [] Request URI : /eccadmin_dev/ReportList
2022-05-13 11:51:00,090 DEBUG [64362] [] ReportListController start
2022-05-13 11:51:00,090 DEBUG [64362] [] controllers/ReportListController.php: is exist
2022-05-13 11:51:00,095 DEBUG [64362] [] ReportListForm: is exist
2022-05-13 11:51:00,095 DEBUG [64362] [] ReportListForm: form value set 
2022-05-13 11:51:00,096 DEBUG [64362] [] ------------------------------/eccadmin_dev/ReportList
2022-05-13 11:51:00,096 DEBUG [64362] [] indexAction start
2022-05-13 11:51:00,096 DEBUG [64362] [] admin_no is 1
2022-05-13 11:51:00,186 DEBUG [64362] [] indexAction end
2022-05-13 11:51:00,186 DEBUG [64362] [] ReportListController end
2022-05-13 11:51:00,187 DEBUG [64362] [] finally
2022-05-13 11:56:55,733 DEBUG [65640] [] Request URI : /eccadmin_dev/ReportRegist/index
2022-05-13 11:56:55,734 DEBUG [65640] [] ReportRegistController start
2022-05-13 11:56:55,734 DEBUG [65640] [] controllers/ReportRegistController.php: is exist
2022-05-13 11:56:55,781 DEBUG [65640] [] ReportRegistForm: is exist
2022-05-13 11:56:55,794 DEBUG [65640] [] ReportRegistForm: form value set 
2022-05-13 11:56:55,794 DEBUG [65640] [] ------------------------------/eccadmin_dev/ReportRegist/index
2022-05-13 11:56:55,794 DEBUG [65640] [] ------------------------------session_check_true
2022-05-13 11:56:55,794 DEBUG [65640] [] indexAction start
2022-05-13 11:56:55,795 DEBUG [65640] [] admin_no is 1
2022-05-13 11:56:55,866 DEBUG [65640] [] indexAction end
2022-05-13 11:56:55,866 DEBUG [65640] [] ReportRegistController end
2022-05-13 11:56:55,866 DEBUG [65640] [] finally
2022-05-13 11:57:09,757 DEBUG [65349] [] Request URI : /eccadmin_dev/ReportRegist/save
2022-05-13 11:57:09,758 DEBUG [65349] [] ReportRegistController start
2022-05-13 11:57:09,758 DEBUG [65349] [] controllers/ReportRegistController.php: is exist
2022-05-13 11:57:09,763 DEBUG [65349] [] ReportRegistForm: is exist
2022-05-13 11:57:09,764 DEBUG [65349] [] ReportRegistForm: form value set 
2022-05-13 11:57:09,764 DEBUG [65349] [] ------------------------------/eccadmin_dev/ReportRegist/save
2022-05-13 11:57:09,764 DEBUG [65349] [] ------------------------------session_check_true
2022-05-13 11:57:09,765 DEBUG [65349] [] saveAction start
2022-05-13 11:57:09,837 DEBUG [65349] [] saveAction end
2022-05-13 11:57:09,837 DEBUG [65349] [] ReportRegistController end
2022-05-13 11:57:09,837 DEBUG [65349] [] finally
2022-05-13 12:00:25,683 DEBUG [65779] [] Request URI : /eccadmin_dev/ReportRegist/save
2022-05-13 12:00:25,687 DEBUG [65779] [] ReportRegistController start
2022-05-13 12:00:25,687 DEBUG [65779] [] controllers/ReportRegistController.php: is exist
2022-05-13 12:00:25,694 DEBUG [65779] [] ReportRegistForm: is exist
2022-05-13 12:00:25,694 DEBUG [65779] [] ReportRegistForm: form value set 
2022-05-13 12:00:25,695 DEBUG [65779] [] ------------------------------/eccadmin_dev/ReportRegist/save
2022-05-13 12:00:25,695 DEBUG [65779] [] ------------------------------session_check_true
2022-05-13 12:00:25,695 DEBUG [65779] [] saveAction start
2022-05-13 12:00:25,768 DEBUG [65779] [] saveAction end
2022-05-13 12:00:25,768 DEBUG [65779] [] ReportRegistController end
2022-05-13 12:00:25,768 DEBUG [65779] [] finally
2022-05-13 12:17:19,162 DEBUG [66227] [] Request URI : /eccadmin_dev/ReportRegist/save
2022-05-13 12:17:19,163 DEBUG [66227] [] ReportRegistController start
2022-05-13 12:17:19,163 DEBUG [66227] [] controllers/ReportRegistController.php: is exist
2022-05-13 12:17:19,168 DEBUG [66227] [] ReportRegistForm: is exist
2022-05-13 12:17:19,169 DEBUG [66227] [] ReportRegistForm: form value set 
2022-05-13 12:17:19,169 DEBUG [66227] [] ------------------------------/eccadmin_dev/ReportRegist/save
2022-05-13 12:17:19,169 DEBUG [66227] [] ------------------------------session_check_true
2022-05-13 12:17:19,169 DEBUG [66227] [] saveAction start
2022-05-13 12:17:19,242 DEBUG [66227] [] saveAction end
2022-05-13 12:17:19,242 DEBUG [66227] [] ReportRegistController end
2022-05-13 12:17:19,242 DEBUG [66227] [] finally
2022-05-13 12:18:47,170 DEBUG [66225] [] Request URI : /eccadmin_dev/ReportRegist/save
2022-05-13 12:18:47,171 DEBUG [66225] [] ReportRegistController start
2022-05-13 12:18:47,171 DEBUG [66225] [] controllers/ReportRegistController.php: is exist
2022-05-13 12:18:47,177 DEBUG [66225] [] ReportRegistForm: is exist
2022-05-13 12:18:47,177 DEBUG [66225] [] ReportRegistForm: form value set 
2022-05-13 12:18:47,178 DEBUG [66225] [] ------------------------------/eccadmin_dev/ReportRegist/save
2022-05-13 12:18:47,178 DEBUG [66225] [] ------------------------------session_check_true
2022-05-13 12:18:47,178 DEBUG [66225] [] saveAction start
2022-05-13 12:18:47,248 DEBUG [66225] [] saveAction end
2022-05-13 12:18:47,248 DEBUG [66225] [] ReportRegistController end
2022-05-13 12:18:47,249 DEBUG [66225] [] finally
2022-05-13 12:52:40,048 DEBUG [67586] [] Request URI : /eccadmin_dev/ReportRegist/save
2022-05-13 12:52:40,049 DEBUG [67586] [] ReportRegistController start
2022-05-13 12:52:40,049 DEBUG [67586] [] controllers/ReportRegistController.php: is exist
2022-05-13 12:52:40,054 DEBUG [67586] [] ReportRegistForm: is exist
2022-05-13 12:52:40,055 DEBUG [67586] [] ReportRegistForm: form value set 
2022-05-13 12:52:40,055 DEBUG [67586] [] ------------------------------/eccadmin_dev/ReportRegist/save
2022-05-13 12:52:40,055 DEBUG [67586] [] ------------------------------session_check_true
2022-05-13 12:52:40,055 DEBUG [67586] [] saveAction start
2022-05-13 12:52:40,132 DEBUG [67586] [] saveAction end
2022-05-13 12:52:40,132 DEBUG [67586] [] ReportRegistController end
2022-05-13 12:52:40,133 DEBUG [67586] [] finally
2022-05-13 13:23:40,405 DEBUG [67688] [] Request URI : /eccadmin_dev/Login
2022-05-13 13:23:40,405 DEBUG [67688] [] LoginController start
2022-05-13 13:23:40,405 DEBUG [67688] [] controllers/LoginController.php: is exist
2022-05-13 13:23:40,406 DEBUG [67688] [] LoginForm: is exist
2022-05-13 13:23:40,406 DEBUG [67688] [] LoginForm: form value set 
2022-05-13 13:23:40,406 DEBUG [67688] [] ------------------------------/eccadmin_dev/Login
2022-05-13 13:23:40,406 DEBUG [67688] [] ------------------------------login_start_check
2022-05-13 13:23:40,406 DEBUG [67688] [] indexAction start
2022-05-13 13:23:40,421 DEBUG [67688] [] indexAction end
2022-05-13 13:23:40,421 DEBUG [67688] [] LoginController end
2022-05-13 13:23:40,421 DEBUG [67688] [] finally
2022-05-13 13:23:43,311 DEBUG [67688] [] Request URI : /eccadmin_dev/Login/login
2022-05-13 13:23:43,311 DEBUG [67688] [] LoginController start
2022-05-13 13:23:43,311 DEBUG [67688] [] controllers/LoginController.php: is exist
2022-05-13 13:23:43,312 DEBUG [67688] [] LoginForm: is exist
2022-05-13 13:23:43,312 DEBUG [67688] [] LoginForm: form value set 
2022-05-13 13:23:43,312 DEBUG [67688] [] ------------------------------/eccadmin_dev/Login/login
2022-05-13 13:23:43,312 DEBUG [67688] [] ------------------------------login_start_check
2022-05-13 13:23:43,312 DEBUG [67688] [] loginAction start
2022-05-13 13:23:43,613 DEBUG [67688] [] loginAction end
2022-05-13 13:23:43,614 DEBUG [67688] [] LoginController end
2022-05-13 13:23:43,614 DEBUG [67688] [] finally
2022-05-13 13:23:43,639 DEBUG [67688] [] Request URI : /eccadmin_dev/Menu
2022-05-13 13:23:43,640 DEBUG [67688] [] MenuController start
2022-05-13 13:23:43,640 DEBUG [67688] [] controllers/MenuController.php: is exist
2022-05-13 13:23:43,640 DEBUG [67688] [] MenuForm: is exist
2022-05-13 13:23:43,640 DEBUG [67688] [] MenuForm: form value set 
2022-05-13 13:23:43,641 DEBUG [67688] [] ------------------------------/eccadmin_dev/Menu
2022-05-13 13:23:43,641 DEBUG [67688] [] ------------------------------login_start_check
2022-05-13 13:23:43,641 DEBUG [67688] [] indexAction start
2022-05-13 13:23:43,641 DEBUG [67688] [] admin_no is 1
2022-05-13 13:23:43,692 DEBUG [67688] [] indexAction end
2022-05-13 13:23:43,692 DEBUG [67688] [] MenuController end
2022-05-13 13:23:43,692 DEBUG [67688] [] finally
2022-05-13 13:23:45,809 DEBUG [68924] [] Request URI : /eccadmin_dev/ReportList
2022-05-13 13:23:45,809 DEBUG [68924] [] ReportListController start
2022-05-13 13:23:45,809 DEBUG [68924] [] controllers/ReportListController.php: is exist
2022-05-13 13:23:45,813 DEBUG [68924] [] ReportListForm: is exist
2022-05-13 13:23:45,813 DEBUG [68924] [] ReportListForm: form value set 
2022-05-13 13:23:45,814 DEBUG [68924] [] ------------------------------/eccadmin_dev/ReportList
2022-05-13 13:23:45,814 DEBUG [68924] [] indexAction start
2022-05-13 13:23:45,814 DEBUG [68924] [] admin_no is 1
2022-05-13 13:23:45,876 DEBUG [68924] [] indexAction end
2022-05-13 13:23:45,876 DEBUG [68924] [] ReportListController end
2022-05-13 13:23:45,877 DEBUG [68924] [] finally
2022-05-13 13:23:49,597 DEBUG [68924] [] Request URI : /eccadmin_dev/ReportRegist/index
2022-05-13 13:23:49,598 DEBUG [68924] [] ReportRegistController start
2022-05-13 13:23:49,598 DEBUG [68924] [] controllers/ReportRegistController.php: is exist
2022-05-13 13:23:49,604 DEBUG [68924] [] ReportRegistForm: is exist
2022-05-13 13:23:49,604 DEBUG [68924] [] ReportRegistForm: form value set 
2022-05-13 13:23:49,605 DEBUG [68924] [] ------------------------------/eccadmin_dev/ReportRegist/index
2022-05-13 13:23:49,605 DEBUG [68924] [] ------------------------------session_check_true
2022-05-13 13:23:49,605 DEBUG [68924] [] indexAction start
2022-05-13 13:23:49,605 DEBUG [68924] [] admin_no is 1
2022-05-13 13:23:49,680 DEBUG [68924] [] indexAction end
2022-05-13 13:23:49,680 DEBUG [68924] [] ReportRegistController end
2022-05-13 13:23:49,681 DEBUG [68924] [] finally
2022-05-13 13:23:55,344 DEBUG [68739] [] Request URI : /eccadmin_dev/ReportRegist/save
2022-05-13 13:23:55,345 DEBUG [68739] [] ReportRegistController start
2022-05-13 13:23:55,345 DEBUG [68739] [] controllers/ReportRegistController.php: is exist
2022-05-13 13:23:55,351 DEBUG [68739] [] ReportRegistForm: is exist
2022-05-13 13:23:55,351 DEBUG [68739] [] ReportRegistForm: form value set 
2022-05-13 13:23:55,352 DEBUG [68739] [] ------------------------------/eccadmin_dev/ReportRegist/save
2022-05-13 13:23:55,352 DEBUG [68739] [] ------------------------------session_check_true
2022-05-13 13:23:55,352 DEBUG [68739] [] saveAction start
2022-05-13 13:23:55,421 DEBUG [68739] [] saveAction end
2022-05-13 13:23:55,422 DEBUG [68739] [] ReportRegistController end
2022-05-13 13:23:55,422 DEBUG [68739] [] finally
2022-05-13 17:22:18,960 DEBUG [77083] [] Request URI : /eccadmin_dev/ReportList
2022-05-13 17:22:18,964 DEBUG [77083] [] ReportListController start
2022-05-13 17:22:18,964 DEBUG [77083] [] controllers/ReportListController.php: is exist
2022-05-13 17:22:18,969 DEBUG [77083] [] ReportListForm: is exist
2022-05-13 17:22:18,970 DEBUG [77083] [] ReportListForm: form value set 
2022-05-13 17:22:18,970 DEBUG [77083] [] ------------------------------/eccadmin_dev/ReportList
2022-05-13 17:22:18,970 DEBUG [77083] [] indexAction start
2022-05-13 17:22:18,971 DEBUG [77083] [] admin_no is 
2022-05-13 17:22:18,971 DEBUG [77083] [] indexAction end
2022-05-13 17:22:18,971 DEBUG [77083] [] ReportListController end
2022-05-13 17:22:18,971 DEBUG [77083] [] finally
2022-05-13 17:22:18,988 DEBUG [77083] [] Request URI : /eccadmin_dev/Error/disp
2022-05-13 17:22:18,988 DEBUG [77083] [] ErrorController start
2022-05-13 17:22:18,988 DEBUG [77083] [] controllers/ErrorController.php: is exist
2022-05-13 17:22:18,994 DEBUG [77083] [] ErrorForm: is exist
2022-05-13 17:22:19,008 DEBUG [77083] [] ErrorForm: form value set 
2022-05-13 17:22:19,009 DEBUG [77083] [] ------------------------------/eccadmin_dev/Error/disp
2022-05-13 17:22:19,009 DEBUG [77083] [] ------------------------------login_start_check
2022-05-13 17:22:19,009 DEBUG [77083] [] dispAction start
2022-05-13 17:22:19,033 DEBUG [77083] [] dispAction end
2022-05-13 17:22:19,033 DEBUG [77083] [] ErrorController end
2022-05-13 17:22:19,033 DEBUG [77083] [] finally
2022-05-13 17:22:20,408 DEBUG [77083] [] Request URI : /eccadmin_dev/Login
2022-05-13 17:22:20,408 DEBUG [77083] [] LoginController start
2022-05-13 17:22:20,409 DEBUG [77083] [] controllers/LoginController.php: is exist
2022-05-13 17:22:20,409 DEBUG [77083] [] LoginForm: is exist
2022-05-13 17:22:20,409 DEBUG [77083] [] LoginForm: form value set 
2022-05-13 17:22:20,409 DEBUG [77083] [] ------------------------------/eccadmin_dev/Login
2022-05-13 17:22:20,409 DEBUG [77083] [] ------------------------------login_start_check
2022-05-13 17:22:20,410 DEBUG [77083] [] indexAction start
2022-05-13 17:22:20,424 DEBUG [77083] [] indexAction end
2022-05-13 17:22:20,425 DEBUG [77083] [] LoginController end
2022-05-13 17:22:20,425 DEBUG [77083] [] finally
2022-05-13 17:22:23,162 DEBUG [77083] [] Request URI : /eccadmin_dev/Login/login
2022-05-13 17:22:23,162 DEBUG [77083] [] LoginController start
2022-05-13 17:22:23,162 DEBUG [77083] [] controllers/LoginController.php: is exist
2022-05-13 17:22:23,163 DEBUG [77083] [] LoginForm: is exist
2022-05-13 17:22:23,163 DEBUG [77083] [] LoginForm: form value set 
2022-05-13 17:22:23,163 DEBUG [77083] [] ------------------------------/eccadmin_dev/Login/login
2022-05-13 17:22:23,163 DEBUG [77083] [] ------------------------------login_start_check
2022-05-13 17:22:23,164 DEBUG [77083] [] loginAction start
2022-05-13 17:22:23,471 DEBUG [77083] [] loginAction end
2022-05-13 17:22:23,472 DEBUG [77083] [] LoginController end
2022-05-13 17:22:23,472 DEBUG [77083] [] finally
2022-05-13 17:22:23,489 DEBUG [77083] [] Request URI : /eccadmin_dev/Menu
2022-05-13 17:22:23,489 DEBUG [77083] [] MenuController start
2022-05-13 17:22:23,489 DEBUG [77083] [] controllers/MenuController.php: is exist
2022-05-13 17:22:23,489 DEBUG [77083] [] MenuForm: is exist
2022-05-13 17:22:23,489 DEBUG [77083] [] MenuForm: form value set 
2022-05-13 17:22:23,490 DEBUG [77083] [] ------------------------------/eccadmin_dev/Menu
2022-05-13 17:22:23,490 DEBUG [77083] [] ------------------------------login_start_check
2022-05-13 17:22:23,490 DEBUG [77083] [] indexAction start
2022-05-13 17:22:23,490 DEBUG [77083] [] admin_no is 1
2022-05-13 17:22:23,517 DEBUG [77083] [] indexAction end
2022-05-13 17:22:23,517 DEBUG [77083] [] MenuController end
2022-05-13 17:22:23,517 DEBUG [77083] [] finally
2022-05-13 17:23:41,107 DEBUG [74614] [] Request URI : /eccadmin_dev/ReportList
2022-05-13 17:23:41,108 DEBUG [74614] [] ReportListController start
2022-05-13 17:23:41,108 DEBUG [74614] [] controllers/ReportListController.php: is exist
2022-05-13 17:23:41,112 DEBUG [74614] [] ReportListForm: is exist
2022-05-13 17:23:41,112 DEBUG [74614] [] ReportListForm: form value set 
2022-05-13 17:23:41,113 DEBUG [74614] [] ------------------------------/eccadmin_dev/ReportList
2022-05-13 17:23:41,113 DEBUG [74614] [] indexAction start
2022-05-13 17:23:41,113 DEBUG [74614] [] admin_no is 1
2022-05-13 17:23:41,178 DEBUG [74614] [] indexAction end
2022-05-13 17:23:41,178 DEBUG [74614] [] ReportListController end
2022-05-13 17:23:41,178 DEBUG [74614] [] finally
2022-05-13 17:24:06,572 DEBUG [74554] [] Request URI : /eccadmin_dev/ReportList
2022-05-13 17:24:06,573 DEBUG [74554] [] ReportListController start
2022-05-13 17:24:06,573 DEBUG [74554] [] controllers/ReportListController.php: is exist
2022-05-13 17:24:06,577 DEBUG [74554] [] ReportListForm: is exist
2022-05-13 17:24:06,577 DEBUG [74554] [] ReportListForm: form value set 
2022-05-13 17:24:06,577 DEBUG [74554] [] ------------------------------/eccadmin_dev/ReportList
2022-05-13 17:24:06,578 DEBUG [74554] [] indexAction start
2022-05-13 17:24:06,578 DEBUG [74554] [] admin_no is 1
2022-05-13 17:24:06,640 DEBUG [74554] [] indexAction end
2022-05-13 17:24:06,640 DEBUG [74554] [] ReportListController end
2022-05-13 17:24:06,640 DEBUG [74554] [] finally
2022-05-13 17:24:09,345 DEBUG [76612] [] Request URI : /eccadmin_dev/ReportRegist/index
2022-05-13 17:24:09,346 DEBUG [76612] [] ReportRegistController start
2022-05-13 17:24:09,346 DEBUG [76612] [] controllers/ReportRegistController.php: is exist
2022-05-13 17:24:09,352 DEBUG [76612] [] ReportRegistForm: is exist
2022-05-13 17:24:09,352 DEBUG [76612] [] ReportRegistForm: form value set 
2022-05-13 17:24:09,353 DEBUG [76612] [] ------------------------------/eccadmin_dev/ReportRegist/index
2022-05-13 17:24:09,353 DEBUG [76612] [] ------------------------------session_check_true
2022-05-13 17:24:09,353 DEBUG [76612] [] indexAction start
2022-05-13 17:24:09,353 DEBUG [76612] [] admin_no is 1
2022-05-13 17:24:09,424 DEBUG [76612] [] indexAction end
2022-05-13 17:24:09,424 DEBUG [76612] [] ReportRegistController end
2022-05-13 17:24:09,424 DEBUG [76612] [] finally
2022-05-13 17:24:16,483 DEBUG [76141] [] Request URI : /eccadmin_dev/ReportRegist/save
2022-05-13 17:24:16,484 DEBUG [76141] [] ReportRegistController start
2022-05-13 17:24:16,484 DEBUG [76141] [] controllers/ReportRegistController.php: is exist
2022-05-13 17:24:16,490 DEBUG [76141] [] ReportRegistForm: is exist
2022-05-13 17:24:16,490 DEBUG [76141] [] ReportRegistForm: form value set 
2022-05-13 17:24:16,490 DEBUG [76141] [] ------------------------------/eccadmin_dev/ReportRegist/save
2022-05-13 17:24:16,491 DEBUG [76141] [] ------------------------------session_check_true
2022-05-13 17:24:16,491 DEBUG [76141] [] saveAction start
2022-05-13 17:24:16,559 DEBUG [76141] [] saveAction end
2022-05-13 17:24:16,559 DEBUG [76141] [] ReportRegistController end
2022-05-13 17:24:16,559 DEBUG [76141] [] finally
2022-05-13 18:34:31,129 DEBUG [76612] [] Request URI : /eccadmin_dev/ReportList
2022-05-13 18:34:31,130 DEBUG [76612] [] ReportListController start
2022-05-13 18:34:31,130 DEBUG [76612] [] controllers/ReportListController.php: is exist
2022-05-13 18:34:31,134 DEBUG [76612] [] ReportListForm: is exist
2022-05-13 18:34:31,135 DEBUG [76612] [] ReportListForm: form value set 
2022-05-13 18:34:31,135 DEBUG [76612] [] ------------------------------/eccadmin_dev/ReportList
2022-05-13 18:34:31,135 DEBUG [76612] [] indexAction start
2022-05-13 18:34:31,136 DEBUG [76612] [] admin_no is 1
2022-05-13 18:34:31,201 DEBUG [76612] [] indexAction end
2022-05-13 18:34:31,201 DEBUG [76612] [] ReportListController end
2022-05-13 18:34:31,201 DEBUG [76612] [] finally
2022-05-13 18:34:46,989 DEBUG [80293] [] Request URI : /eccadmin_dev/ReportRegist/index
2022-05-13 18:34:46,993 DEBUG [80293] [] ReportRegistController start
2022-05-13 18:34:46,993 DEBUG [80293] [] controllers/ReportRegistController.php: is exist
2022-05-13 18:34:46,999 DEBUG [80293] [] ReportRegistForm: is exist
2022-05-13 18:34:47,000 DEBUG [80293] [] ReportRegistForm: form value set 
2022-05-13 18:34:47,000 DEBUG [80293] [] ------------------------------/eccadmin_dev/ReportRegist/index
2022-05-13 18:34:47,000 DEBUG [80293] [] ------------------------------session_check_true
2022-05-13 18:34:47,001 DEBUG [80293] [] indexAction start
2022-05-13 18:34:47,001 DEBUG [80293] [] admin_no is 1
2022-05-13 18:34:47,075 DEBUG [80293] [] indexAction end
2022-05-13 18:34:47,075 DEBUG [80293] [] ReportRegistController end
2022-05-13 18:34:47,075 DEBUG [80293] [] finally
2022-05-13 18:34:53,066 DEBUG [76097] [] Request URI : /eccadmin_dev/ReportRegist/save
2022-05-13 18:34:53,067 DEBUG [76097] [] ReportRegistController start
2022-05-13 18:34:53,067 DEBUG [76097] [] controllers/ReportRegistController.php: is exist
2022-05-13 18:34:53,073 DEBUG [76097] [] ReportRegistForm: is exist
2022-05-13 18:34:53,073 DEBUG [76097] [] ReportRegistForm: form value set 
2022-05-13 18:34:53,073 DEBUG [76097] [] ------------------------------/eccadmin_dev/ReportRegist/save
2022-05-13 18:34:53,073 DEBUG [76097] [] ------------------------------session_check_true
2022-05-13 18:34:53,074 DEBUG [76097] [] saveAction start
2022-05-13 18:34:53,154 DEBUG [76097] [] saveAction end
2022-05-13 18:34:53,154 DEBUG [76097] [] ReportRegistController end
2022-05-13 18:34:53,154 DEBUG [76097] [] finally
2022-05-13 18:34:54,730 DEBUG [74614] [] Request URI : /eccadmin_dev/ReportRegist/back
2022-05-13 18:34:54,730 DEBUG [74614] [] ReportRegistController start
2022-05-13 18:34:54,730 DEBUG [74614] [] controllers/ReportRegistController.php: is exist
2022-05-13 18:34:54,736 DEBUG [74614] [] ReportRegistForm: is exist
2022-05-13 18:34:54,736 DEBUG [74614] [] ReportRegistForm: form value set 
2022-05-13 18:34:54,737 DEBUG [74614] [] ------------------------------/eccadmin_dev/ReportRegist/back
2022-05-13 18:34:54,737 DEBUG [74614] [] ------------------------------session_check_true
2022-05-13 18:34:54,737 DEBUG [74614] [] backAction start
2022-05-13 18:34:54,737 DEBUG [74614] [] admin_no is 1
2022-05-13 18:34:54,737 DEBUG [74614] [] backAction end
2022-05-13 18:34:54,737 DEBUG [74614] [] ReportRegistController end
2022-05-13 18:34:54,737 DEBUG [74614] [] finally
2022-05-13 18:34:54,754 DEBUG [74614] [] Request URI : /eccadmin_dev/ReportList/Search
2022-05-13 18:34:54,754 DEBUG [74614] [] ReportListController start
2022-05-13 18:34:54,754 DEBUG [74614] [] controllers/ReportListController.php: is exist
2022-05-13 18:34:54,758 DEBUG [74614] [] ReportListForm: is exist
2022-05-13 18:34:54,758 DEBUG [74614] [] ReportListForm: form value set 
2022-05-13 18:34:54,759 DEBUG [74614] [] ------------------------------/eccadmin_dev/ReportList/Search
2022-05-13 18:34:54,759 DEBUG [74614] [] SearchAction start
2022-05-13 18:34:54,759 DEBUG [74614] [] --------back--------
2022-05-13 18:34:54,759 DEBUG [74614] [] admin_no is 1
2022-05-13 18:34:54,818 DEBUG [74614] [] SearchAction end
2022-05-13 18:34:54,818 DEBUG [74614] [] ReportListController end
2022-05-13 18:34:54,818 DEBUG [74614] [] finally
