2022-05-26 14:36:18,638 DEBUG [173790] [] Request URI : /eccadmin_dev/Login
2022-05-26 14:36:18,665 DEBUG [173790] [] LoginController start
2022-05-26 14:36:18,665 DEBUG [173790] [] controllers/LoginController.php: is exist
2022-05-26 14:36:18,668 DEBUG [173790] [] LoginForm: is exist
2022-05-26 14:36:18,668 DEBUG [173790] [] LoginForm: form value set 
2022-05-26 14:36:18,669 DEBUG [173790] [] ------------------------------/eccadmin_dev/Login
2022-05-26 14:36:18,669 DEBUG [173790] [] ------------------------------login_start_check
2022-05-26 14:36:18,669 DEBUG [173790] [] indexAction start
2022-05-26 14:36:18,735 DEBUG [173790] [] indexAction end
2022-05-26 14:36:18,735 DEBUG [173790] [] LoginController end
2022-05-26 14:36:18,735 DEBUG [173790] [] finally
2022-05-26 22:13:07,703 DEBUG [185127] [] Request URI : /eccadmin_dev/Login
2022-05-26 22:13:07,708 DEBUG [185127] [] LoginController start
2022-05-26 22:13:07,708 DEBUG [185127] [] controllers/LoginController.php: is exist
2022-05-26 22:13:07,711 DEBUG [185127] [] LoginForm: is exist
2022-05-26 22:13:07,712 DEBUG [185127] [] LoginForm: form value set 
2022-05-26 22:13:07,712 DEBUG [185127] [] ------------------------------/eccadmin_dev/Login
2022-05-26 22:13:07,712 DEBUG [185127] [] ------------------------------login_start_check
2022-05-26 22:13:07,712 DEBUG [185127] [] indexAction start
2022-05-26 22:13:07,782 DEBUG [185127] [] indexAction end
2022-05-26 22:13:07,782 DEBUG [185127] [] LoginController end
2022-05-26 22:13:07,782 DEBUG [185127] [] finally
