2022-08-07 14:47:56,879 DEBUG [140163] [] Request URI : /eccadmin_dev/Login
2022-08-07 14:47:56,924 DEBUG [140163] [] LoginController start
2022-08-07 14:47:56,924 DEBUG [140163] [] controllers/LoginController.php: is exist
2022-08-07 14:47:56,931 DEBUG [140163] [] LoginForm: is exist
2022-08-07 14:47:56,932 DEBUG [140163] [] LoginForm: form value set 
2022-08-07 14:47:56,932 DEBUG [140163] [] ------------------------------/eccadmin_dev/Login
2022-08-07 14:47:56,933 DEBUG [140163] [] ------------------------------login_start_check
2022-08-07 14:47:56,933 DEBUG [140163] [] indexAction start
2022-08-07 14:47:57,013 DEBUG [140163] [] indexAction end
2022-08-07 14:47:57,013 DEBUG [140163] [] LoginController end
2022-08-07 14:47:57,013 DEBUG [140163] [] finally
2022-08-07 23:56:22,052 DEBUG [141455] [] Request URI : /eccadmin_dev/Login
2022-08-07 23:56:22,053 DEBUG [141455] [] LoginController start
2022-08-07 23:56:22,053 DEBUG [141455] [] controllers/LoginController.php: is exist
2022-08-07 23:56:22,053 DEBUG [141455] [] LoginForm: is exist
2022-08-07 23:56:22,053 DEBUG [141455] [] LoginForm: form value set 
2022-08-07 23:56:22,054 DEBUG [141455] [] ------------------------------/eccadmin_dev/Login
2022-08-07 23:56:22,054 DEBUG [141455] [] ------------------------------login_start_check
2022-08-07 23:56:22,054 DEBUG [141455] [] indexAction start
2022-08-07 23:56:22,070 DEBUG [141455] [] indexAction end
2022-08-07 23:56:22,070 DEBUG [141455] [] LoginController end
2022-08-07 23:56:22,070 DEBUG [141455] [] finally
