2022-05-19 08:10:31,787 DEBUG [31484] [] Request URI : /eccadmin_dev/Login/login
2022-05-19 08:10:31,815 DEBUG [31484] [] LoginController start
2022-05-19 08:10:31,815 DEBUG [31484] [] controllers/LoginController.php: is exist
2022-05-19 08:10:31,815 DEBUG [31484] [] LoginForm: is exist
2022-05-19 08:10:31,815 DEBUG [31484] [] LoginForm: form value set 
2022-05-19 08:10:31,816 DEBUG [31484] [] ------------------------------/eccadmin_dev/Login/login
2022-05-19 08:10:31,816 DEBUG [31484] [] ------------------------------login_start_check
2022-05-19 08:10:31,816 DEBUG [31484] [] loginAction start
2022-05-19 08:10:31,859 DEBUG [31484] [] loginAction end
2022-05-19 08:10:31,859 DEBUG [31484] [] LoginController end
2022-05-19 08:10:31,859 DEBUG [31484] [] finally
2022-05-19 09:55:37,338 DEBUG [33027] [] Request URI : /eccadmin_dev/ReportList/Search
2022-05-19 09:55:37,339 DEBUG [33027] [] ReportListController start
2022-05-19 09:55:37,339 DEBUG [33027] [] controllers/ReportListController.php: is exist
2022-05-19 09:55:37,343 DEBUG [33027] [] ReportListForm: is exist
2022-05-19 09:55:37,344 DEBUG [33027] [] ReportListForm: form value set 
2022-05-19 09:55:37,344 DEBUG [33027] [] ------------------------------/eccadmin_dev/ReportList/Search
2022-05-19 09:55:37,344 DEBUG [33027] [] SearchAction start
2022-05-19 09:55:37,344 DEBUG [33027] [] admin_no is 
2022-05-19 09:55:37,345 DEBUG [33027] [] SearchAction end
2022-05-19 09:55:37,345 DEBUG [33027] [] ReportListController end
2022-05-19 09:55:37,345 DEBUG [33027] [] finally
2022-05-19 09:55:37,515 DEBUG [33027] [] Request URI : /eccadmin_dev/Error/disp
2022-05-19 09:55:37,515 DEBUG [33027] [] ErrorController start
2022-05-19 09:55:37,515 DEBUG [33027] [] controllers/ErrorController.php: is exist
2022-05-19 09:55:37,515 DEBUG [33027] [] ErrorForm: is exist
2022-05-19 09:55:37,516 DEBUG [33027] [] ErrorForm: form value set 
2022-05-19 09:55:37,516 DEBUG [33027] [] ------------------------------/eccadmin_dev/Error/disp
2022-05-19 09:55:37,516 DEBUG [33027] [] ------------------------------login_start_check
2022-05-19 09:55:37,516 DEBUG [33027] [] dispAction start
2022-05-19 09:55:37,530 DEBUG [33027] [] dispAction end
2022-05-19 09:55:37,530 DEBUG [33027] [] ErrorController end
2022-05-19 09:55:37,530 DEBUG [33027] [] finally
2022-05-19 14:58:26,457 DEBUG [36659] [] Request URI : /eccadmin_dev/Error/disp
2022-05-19 14:58:26,458 DEBUG [36659] [] ErrorController start
2022-05-19 14:58:26,458 DEBUG [36659] [] controllers/ErrorController.php: is exist
2022-05-19 14:58:26,459 DEBUG [36659] [] ErrorForm: is exist
2022-05-19 14:58:26,459 DEBUG [36659] [] ErrorForm: form value set 
2022-05-19 14:58:26,459 DEBUG [36659] [] ------------------------------/eccadmin_dev/Error/disp
2022-05-19 14:58:26,460 DEBUG [36659] [] ------------------------------login_start_check
2022-05-19 14:58:26,460 DEBUG [36659] [] dispAction start
2022-05-19 14:58:26,503 DEBUG [36659] [] dispAction end
2022-05-19 14:58:26,503 DEBUG [36659] [] ErrorController end
2022-05-19 14:58:26,503 DEBUG [36659] [] finally
2022-05-19 17:07:16,628 DEBUG [38248] [] Request URI : /eccadmin_dev/Login
2022-05-19 17:07:16,629 DEBUG [38248] [] LoginController start
2022-05-19 17:07:16,629 DEBUG [38248] [] controllers/LoginController.php: is exist
2022-05-19 17:07:16,629 DEBUG [38248] [] LoginForm: is exist
2022-05-19 17:07:16,629 DEBUG [38248] [] LoginForm: form value set 
2022-05-19 17:07:16,630 DEBUG [38248] [] ------------------------------/eccadmin_dev/Login
2022-05-19 17:07:16,630 DEBUG [38248] [] ------------------------------login_start_check
2022-05-19 17:07:16,630 DEBUG [38248] [] indexAction start
2022-05-19 17:07:16,646 DEBUG [38248] [] indexAction end
2022-05-19 17:07:16,646 DEBUG [38248] [] LoginController end
2022-05-19 17:07:16,646 DEBUG [38248] [] finally
2022-05-19 17:07:20,779 DEBUG [38824] [] Request URI : /eccadmin_dev/Login/login
2022-05-19 17:07:20,779 DEBUG [38824] [] LoginController start
2022-05-19 17:07:20,779 DEBUG [38824] [] controllers/LoginController.php: is exist
2022-05-19 17:07:20,780 DEBUG [38824] [] LoginForm: is exist
2022-05-19 17:07:20,780 DEBUG [38824] [] LoginForm: form value set 
2022-05-19 17:07:20,780 DEBUG [38824] [] ------------------------------/eccadmin_dev/Login/login
2022-05-19 17:07:20,781 DEBUG [38824] [] ------------------------------login_start_check
2022-05-19 17:07:20,781 DEBUG [38824] [] loginAction start
2022-05-19 17:07:21,083 DEBUG [38824] [] loginAction end
2022-05-19 17:07:21,083 DEBUG [38824] [] LoginController end
2022-05-19 17:07:21,083 DEBUG [38824] [] finally
2022-05-19 17:07:21,107 DEBUG [38824] [] Request URI : /eccadmin_dev/Menu
2022-05-19 17:07:21,107 DEBUG [38824] [] MenuController start
2022-05-19 17:07:21,107 DEBUG [38824] [] controllers/MenuController.php: is exist
2022-05-19 17:07:21,108 DEBUG [38824] [] MenuForm: is exist
2022-05-19 17:07:21,108 DEBUG [38824] [] MenuForm: form value set 
2022-05-19 17:07:21,109 DEBUG [38824] [] ------------------------------/eccadmin_dev/Menu
2022-05-19 17:07:21,109 DEBUG [38824] [] ------------------------------login_start_check
2022-05-19 17:07:21,109 DEBUG [38824] [] indexAction start
2022-05-19 17:07:21,109 DEBUG [38824] [] admin_no is 1
2022-05-19 17:07:21,144 DEBUG [38824] [] indexAction end
2022-05-19 17:07:21,144 DEBUG [38824] [] MenuController end
2022-05-19 17:07:21,145 DEBUG [38824] [] finally
2022-05-19 17:07:24,770 DEBUG [38824] [] Request URI : /eccadmin_dev/TestRegist
2022-05-19 17:07:24,770 DEBUG [38824] [] TestRegistController start
2022-05-19 17:07:24,795 DEBUG [38824] [] controllers/TestRegistController.php: is exist
2022-05-19 17:07:24,902 DEBUG [38824] [] TestRegistForm: is exist
2022-05-19 17:07:24,924 DEBUG [38824] [] TestRegistForm: form value set 
2022-05-19 17:07:24,924 DEBUG [38824] [] ------------------------------/eccadmin_dev/TestRegist
2022-05-19 17:07:24,924 DEBUG [38824] [] ------------------------------session_check_true
2022-05-19 17:07:24,925 DEBUG [38824] [] indexAction start
2022-05-19 17:07:24,925 DEBUG [38824] [] admin_no is 1
2022-05-19 17:07:24,925 DEBUG [38824] [] org_no : 
2022-05-19 17:07:24,926 DEBUG [38824] [] test_no
2022-05-19 17:07:25,063 DEBUG [38824] [] indexAction end
2022-05-19 17:07:25,063 DEBUG [38824] [] TestRegistController end
2022-05-19 17:07:25,063 DEBUG [38824] [] finally
2022-05-19 17:07:25,082 DEBUG [38812] [] Request URI : /eccadmin_dev/TestRegist
2022-05-19 17:07:25,082 DEBUG [38812] [] TestRegistController start
2022-05-19 17:07:25,082 DEBUG [38812] [] controllers/TestRegistController.php: is exist
2022-05-19 17:07:25,087 DEBUG [38812] [] TestRegistForm: is exist
2022-05-19 17:07:25,087 DEBUG [38812] [] TestRegistForm: form value set 
2022-05-19 17:07:25,088 DEBUG [38812] [] ------------------------------/eccadmin_dev/TestRegist
2022-05-19 17:07:25,088 DEBUG [38812] [] ------------------------------session_check_false:uid=6e7aca027420285738cb68cbe54f3a20-----&-----ece7e3492f15846df72166f9d440424a
2022-05-19 17:07:25,088 DEBUG [38812] [] indexAction start
2022-05-19 17:07:25,088 DEBUG [38812] [] admin_no is 1
2022-05-19 17:07:25,088 DEBUG [38812] [] org_no : 
2022-05-19 17:07:25,089 DEBUG [38812] [] test_no
2022-05-19 17:07:25,177 DEBUG [38812] [] indexAction end
2022-05-19 17:07:25,177 DEBUG [38812] [] TestRegistController end
2022-05-19 17:07:25,177 DEBUG [38812] [] finally
2022-05-19 17:07:25,199 DEBUG [38302] [] Request URI : /eccadmin_dev/Error/disp
2022-05-19 17:07:25,200 DEBUG [38302] [] ErrorController start
2022-05-19 17:07:25,200 DEBUG [38302] [] controllers/ErrorController.php: is exist
2022-05-19 17:07:25,200 DEBUG [38302] [] ErrorForm: is exist
2022-05-19 17:07:25,200 DEBUG [38302] [] ErrorForm: form value set 
2022-05-19 17:07:25,201 DEBUG [38302] [] ------------------------------/eccadmin_dev/Error/disp
2022-05-19 17:07:25,201 DEBUG [38302] [] ------------------------------login_start_check
2022-05-19 17:07:25,201 DEBUG [38302] [] dispAction start
2022-05-19 17:07:25,213 DEBUG [38302] [] dispAction end
2022-05-19 17:07:25,213 DEBUG [38302] [] ErrorController end
2022-05-19 17:07:25,213 DEBUG [38302] [] finally
2022-05-19 17:07:26,537 DEBUG [38302] [] Request URI : /eccadmin_dev/Login
2022-05-19 17:07:26,538 DEBUG [38302] [] LoginController start
2022-05-19 17:07:26,538 DEBUG [38302] [] controllers/LoginController.php: is exist
2022-05-19 17:07:26,538 DEBUG [38302] [] LoginForm: is exist
2022-05-19 17:07:26,538 DEBUG [38302] [] LoginForm: form value set 
2022-05-19 17:07:26,539 DEBUG [38302] [] ------------------------------/eccadmin_dev/Login
2022-05-19 17:07:26,539 DEBUG [38302] [] ------------------------------login_start_check
2022-05-19 17:07:26,539 DEBUG [38302] [] indexAction start
2022-05-19 17:07:26,554 DEBUG [38302] [] indexAction end
2022-05-19 17:07:26,554 DEBUG [38302] [] LoginController end
2022-05-19 17:07:26,554 DEBUG [38302] [] finally
2022-05-19 17:07:30,380 DEBUG [38148] [] Request URI : /eccadmin_dev/Login/login
2022-05-19 17:07:30,380 DEBUG [38148] [] LoginController start
2022-05-19 17:07:30,380 DEBUG [38148] [] controllers/LoginController.php: is exist
2022-05-19 17:07:30,381 DEBUG [38148] [] LoginForm: is exist
2022-05-19 17:07:30,381 DEBUG [38148] [] LoginForm: form value set 
2022-05-19 17:07:30,381 DEBUG [38148] [] ------------------------------/eccadmin_dev/Login/login
2022-05-19 17:07:30,381 DEBUG [38148] [] ------------------------------login_start_check
2022-05-19 17:07:30,381 DEBUG [38148] [] loginAction start
2022-05-19 17:07:30,668 DEBUG [38148] [] loginAction end
2022-05-19 17:07:30,668 DEBUG [38148] [] LoginController end
2022-05-19 17:07:30,668 DEBUG [38148] [] finally
2022-05-19 17:07:30,691 DEBUG [38148] [] Request URI : /eccadmin_dev/Menu
2022-05-19 17:07:30,691 DEBUG [38148] [] MenuController start
2022-05-19 17:07:30,691 DEBUG [38148] [] controllers/MenuController.php: is exist
2022-05-19 17:07:30,692 DEBUG [38148] [] MenuForm: is exist
2022-05-19 17:07:30,692 DEBUG [38148] [] MenuForm: form value set 
2022-05-19 17:07:30,692 DEBUG [38148] [] ------------------------------/eccadmin_dev/Menu
2022-05-19 17:07:30,693 DEBUG [38148] [] ------------------------------login_start_check
2022-05-19 17:07:30,693 DEBUG [38148] [] indexAction start
2022-05-19 17:07:30,693 DEBUG [38148] [] admin_no is 1
2022-05-19 17:07:30,720 DEBUG [38148] [] indexAction end
2022-05-19 17:07:30,720 DEBUG [38148] [] MenuController end
2022-05-19 17:07:30,720 DEBUG [38148] [] finally
2022-05-19 17:07:33,375 DEBUG [38148] [] Request URI : /eccadmin_dev/TestList
2022-05-19 17:07:33,376 DEBUG [38148] [] TestListController start
2022-05-19 17:07:33,376 DEBUG [38148] [] controllers/TestListController.php: is exist
2022-05-19 17:07:33,398 DEBUG [38148] [] TestListForm: is exist
2022-05-19 17:07:33,410 DEBUG [38148] [] TestListForm: form value set 
2022-05-19 17:07:33,411 DEBUG [38148] [] ------------------------------/eccadmin_dev/TestList
2022-05-19 17:07:33,411 DEBUG [38148] [] indexAction start
2022-05-19 17:07:33,411 DEBUG [38148] [] admin_no is 1
2022-05-19 17:07:33,411 DEBUG [38148] [] TestListForm Object
(
    [org_no] => 
    [test_no] => 
    [test_name] => 
    [start_period] => 2022/04/19
    [end_period] => 2022/06/19
    [remark] => 
    [del_flg] => 
    [create_dt] => 
    [creater_id] => 
    [update_dt] => 
    [updater_id] => 
    [count] => 
    [page] => 
    [rd_status1] => 
    [rd_status2] => 
    [chk_status1] => 
    [chk_status2] => 
    [quiz_count] => 
    [status] => 
    [rdstatus] => 
    [back_flg] => 
    [search_page] => 0
    [search_start_period] => 
    [search_end_period] => 
    [search_test_name] => 
    [search_remark] => 
    [search_rd_status1] => 
    [search_rd_status2] => 
    [search_rdstatus] => 
    [search_chk_status1] => 
    [search_chk_status2] => 
    [search_status] => 
    [search_org_id] => 99999
    [search_page_row] => 10
    [search_page_order_column] => 1
    [search_page_order_dir] => 1
    [menuOpen] => open
    [menuStatus] => testMenu
    [uid] => 2919ccfe7aa2cfe586dd3b77a16badc2
    [admin_kbn] => 001
    [remarks] => 
)

2022-05-19 17:07:33,412 DEBUG [38148] []  SELECT  distinct test.test_no test_no  ,test.org_no org_no  ,org.org_id org_id  ,test.test_name test_name  ,mtype.name test_type_name  ,test.remarks remark ,test.test_quiz_count quiz_count ,date_format(test.start_period,'%Y/%m/%d') as start_period  ,date_format(test.end_period,'%Y/%m/%d') as end_period  ,CASE WHEN test.status = 0 THEN  '非公開'  ELSE '公開' END AS status  FROM  T_TEST test  LEFT JOIN T_TEST_QUIZ as test_quiz  ON test.org_no = test_quiz.org_no  AND test.test_no = test_quiz.test_no  INNER JOIN M_TYPE mtype ON test.test_type = mtype.type  AND mtype.category = :mcategory  INNER JOIN M_ORGANIZATION as org  ON test.org_no = org.org_no  AND org.del_flg =  '0'  WHERE test.start_period <= :end_period  AND test.end_period >= :start_period  AND org.org_id LIKE :org_id  AND test.del_flg = '0'  ORDER BY  test_name ASC ,remark ASC
2022-05-19 17:07:33,414 DEBUG [38148] [] count of list :9
2022-05-19 17:07:33,530 DEBUG [38148] [] indexAction end
2022-05-19 17:07:33,530 DEBUG [38148] [] TestListController end
2022-05-19 17:07:33,530 DEBUG [38148] [] finally
2022-05-19 17:07:39,472 DEBUG [38811] [] Request URI : /eccadmin_dev/TestList/Search
2022-05-19 17:07:39,473 DEBUG [38811] [] TestListController start
2022-05-19 17:07:39,473 DEBUG [38811] [] controllers/TestListController.php: is exist
2022-05-19 17:07:39,477 DEBUG [38811] [] TestListForm: is exist
2022-05-19 17:07:39,477 DEBUG [38811] [] TestListForm: form value set 
2022-05-19 17:07:39,478 DEBUG [38811] [] ------------------------------/eccadmin_dev/TestList/Search
2022-05-19 17:07:39,478 DEBUG [38811] [] SearchAction start
2022-05-19 17:07:39,478 DEBUG [38811] [] admin_no is 1
2022-05-19 17:07:39,478 DEBUG [38811] [] TestListForm Object
(
    [org_no] => 99999
    [test_no] => 
    [test_name] => sample
    [start_period] => 2022/04/19
    [end_period] => 2022/06/19
    [remark] => 
    [del_flg] => 
    [create_dt] => 
    [creater_id] => 
    [update_dt] => 
    [updater_id] => 
    [count] => 
    [page] => 1
    [rd_status1] => 0
    [rd_status2] => 
    [chk_status1] => 
    [chk_status2] => 
    [quiz_count] => 
    [status] => 
    [rdstatus] => 
    [back_flg] => 
    [search_page] => 0
    [search_start_period] => 
    [search_end_period] => 
    [search_test_name] => 
    [search_remark] => 
    [search_rd_status1] => 
    [search_rd_status2] => 
    [search_rdstatus] => 
    [search_chk_status1] => 
    [search_chk_status2] => 
    [search_status] => 
    [search_org_id] => ecc
    [search_page_row] => 10
    [search_page_order_column] => 1
    [search_page_order_dir] => 1
    [menuOpen] => open
    [menuStatus] => testMenu
    [uid] => e999f1088184f66dc8e9f3b6b3188a6f
    [admin_kbn] => 001
)

2022-05-19 17:07:39,479 DEBUG [38811] []  SELECT  distinct test.test_no test_no  ,test.org_no org_no  ,org.org_id org_id  ,test.test_name test_name  ,mtype.name test_type_name  ,test.remarks remark ,test.test_quiz_count quiz_count ,date_format(test.start_period,'%Y/%m/%d') as start_period  ,date_format(test.end_period,'%Y/%m/%d') as end_period  ,CASE WHEN test.status = 0 THEN  '非公開'  ELSE '公開' END AS status  FROM  T_TEST test  LEFT JOIN T_TEST_QUIZ as test_quiz  ON test.org_no = test_quiz.org_no  AND test.test_no = test_quiz.test_no  INNER JOIN M_TYPE mtype ON test.test_type = mtype.type  AND mtype.category = :mcategory  INNER JOIN M_ORGANIZATION as org  ON test.org_no = org.org_no  AND org.del_flg =  '0'  WHERE test.start_period <= :end_period  AND test.end_period >= :start_period  AND org.org_id LIKE :org_id  AND (test.test_name LIKE :test_name)  AND test.del_flg = '0'  ORDER BY  test_name ASC ,remark ASC
2022-05-19 17:07:39,481 DEBUG [38811] [] Array
(
    [0] => T_TestDto Object
        (
            [org_no] => 1
            [test_no] => 1409
            [test_name] => Sample Test
            [test_type] => 
            [test_type_name] => 反復(SRS)
            [test_quiz_count] => 
            [description] => 
            [status] => 公開
            [start_period] => 2019/01/16
            [end_period] => 2999/12/31
            [remarks] => 
            [del_flg] => 
            [create_dt] => 
            [creater_id] => 
            [update_dt] => 
            [updater_id] => 
            [org_id] => ecc
            [remark] => 
            [quiz_count] => 2
        )

    [1] => T_TestDto Object
        (
            [org_no] => 1
            [test_no] => 1797
            [test_name] => Sample test
            [test_type] => 
            [test_type_name] => 反復(SRS)
            [test_quiz_count] => 
            [description] => 
            [status] => 公開
            [start_period] => 2022/03/28
            [end_period] => 2999/12/31
            [remarks] => 
            [del_flg] => 
            [create_dt] => 
            [creater_id] => 
            [update_dt] => 
            [updater_id] => 
            [org_id] => ecc
            [remark] => 
            [quiz_count] => 10
        )

)

2022-05-19 17:07:39,564 DEBUG [38811] [] SearchAction end
2022-05-19 17:07:39,564 DEBUG [38811] [] TestListController end
2022-05-19 17:07:39,564 DEBUG [38811] [] finally
2022-05-19 17:07:47,958 DEBUG [38813] [] Request URI : /eccadmin_dev/TestPreview/index
2022-05-19 17:07:47,959 DEBUG [38813] [] TestPreviewController start
2022-05-19 17:07:47,959 DEBUG [38813] [] controllers/TestPreviewController.php: is exist
2022-05-19 17:07:47,973 DEBUG [38813] [] TestPreviewForm: is exist
2022-05-19 17:07:47,999 DEBUG [38813] [] TestPreviewForm: form value set 
2022-05-19 17:07:48,000 DEBUG [38813] [] ------------------------------/eccadmin_dev/TestPreview/index
2022-05-19 17:07:48,000 DEBUG [38813] [] ------------------------------session_check_true
2022-05-19 17:07:48,000 DEBUG [38813] [] indexAction start
2022-05-19 17:07:48,000 DEBUG [38813] [] admin_no is 1
2022-05-19 17:07:48,002 DEBUG [38813] [] quiz list is Array
2022-05-19 17:07:48,002 DEBUG [38813] [] /var/www/html/admin_dev/
2022-05-19 17:07:48,148 DEBUG [38813] [] indexAction end
2022-05-19 17:07:48,148 DEBUG [38813] [] TestPreviewController end
2022-05-19 17:07:48,149 DEBUG [38813] [] finally
2022-05-19 17:15:36,632 DEBUG [38811] [] Request URI : /eccadmin_dev/TestList
2022-05-19 17:15:36,632 DEBUG [38811] [] TestListController start
2022-05-19 17:15:36,632 DEBUG [38811] [] controllers/TestListController.php: is exist
2022-05-19 17:15:36,636 DEBUG [38811] [] TestListForm: is exist
2022-05-19 17:15:36,636 DEBUG [38811] [] TestListForm: form value set 
2022-05-19 17:15:36,636 DEBUG [38811] [] ------------------------------/eccadmin_dev/TestList
2022-05-19 17:15:36,636 DEBUG [38811] [] indexAction start
2022-05-19 17:15:36,637 DEBUG [38811] [] admin_no is 1
2022-05-19 17:15:36,637 DEBUG [38811] [] TestListForm Object
(
    [org_no] => 
    [test_no] => 
    [test_name] => 
    [start_period] => 2022/04/19
    [end_period] => 2022/06/19
    [remark] => 
    [del_flg] => 
    [create_dt] => 
    [creater_id] => 
    [update_dt] => 
    [updater_id] => 
    [count] => 
    [page] => 
    [rd_status1] => 
    [rd_status2] => 
    [chk_status1] => 
    [chk_status2] => 
    [quiz_count] => 
    [status] => 
    [rdstatus] => 
    [back_flg] => 
    [search_page] => 0
    [search_start_period] => 
    [search_end_period] => 
    [search_test_name] => 
    [search_remark] => 
    [search_rd_status1] => 
    [search_rd_status2] => 
    [search_rdstatus] => 
    [search_chk_status1] => 
    [search_chk_status2] => 
    [search_status] => 
    [search_org_id] => 99999
    [search_page_row] => 10
    [search_page_order_column] => 1
    [search_page_order_dir] => 1
    [menuOpen] => open
    [menuStatus] => testMenu
    [uid] => 455cee55899c9683f38d1cfd36cb0a22
    [admin_kbn] => 001
    [remarks] => 
)

2022-05-19 17:15:36,638 DEBUG [38811] []  SELECT  distinct test.test_no test_no  ,test.org_no org_no  ,org.org_id org_id  ,test.test_name test_name  ,mtype.name test_type_name  ,test.remarks remark ,test.test_quiz_count quiz_count ,date_format(test.start_period,'%Y/%m/%d') as start_period  ,date_format(test.end_period,'%Y/%m/%d') as end_period  ,CASE WHEN test.status = 0 THEN  '非公開'  ELSE '公開' END AS status  FROM  T_TEST test  LEFT JOIN T_TEST_QUIZ as test_quiz  ON test.org_no = test_quiz.org_no  AND test.test_no = test_quiz.test_no  INNER JOIN M_TYPE mtype ON test.test_type = mtype.type  AND mtype.category = :mcategory  INNER JOIN M_ORGANIZATION as org  ON test.org_no = org.org_no  AND org.del_flg =  '0'  WHERE test.start_period <= :end_period  AND test.end_period >= :start_period  AND org.org_id LIKE :org_id  AND test.del_flg = '0'  ORDER BY  test_name ASC ,remark ASC
2022-05-19 17:15:36,639 DEBUG [38811] [] count of list :9
2022-05-19 17:15:36,721 DEBUG [38811] [] indexAction end
2022-05-19 17:15:36,721 DEBUG [38811] [] TestListController end
2022-05-19 17:15:36,721 DEBUG [38811] [] finally
2022-05-19 17:15:42,855 DEBUG [38595] [] Request URI : /eccadmin_dev/TestList/Search
2022-05-19 17:15:42,855 DEBUG [38595] [] TestListController start
2022-05-19 17:15:42,855 DEBUG [38595] [] controllers/TestListController.php: is exist
2022-05-19 17:15:42,858 DEBUG [38595] [] TestListForm: is exist
2022-05-19 17:15:42,859 DEBUG [38595] [] TestListForm: form value set 
2022-05-19 17:15:42,859 DEBUG [38595] [] ------------------------------/eccadmin_dev/TestList/Search
2022-05-19 17:15:42,859 DEBUG [38595] [] SearchAction start
2022-05-19 17:15:42,859 DEBUG [38595] [] admin_no is 1
2022-05-19 17:15:42,859 DEBUG [38595] [] TestListForm Object
(
    [org_no] => 99999
    [test_no] => 
    [test_name] => sample
    [start_period] => 2022/04/19
    [end_period] => 2022/06/19
    [remark] => 
    [del_flg] => 
    [create_dt] => 
    [creater_id] => 
    [update_dt] => 
    [updater_id] => 
    [count] => 
    [page] => 1
    [rd_status1] => 0
    [rd_status2] => 
    [chk_status1] => 
    [chk_status2] => 
    [quiz_count] => 
    [status] => 
    [rdstatus] => 
    [back_flg] => 
    [search_page] => 0
    [search_start_period] => 
    [search_end_period] => 
    [search_test_name] => 
    [search_remark] => 
    [search_rd_status1] => 
    [search_rd_status2] => 
    [search_rdstatus] => 
    [search_chk_status1] => 
    [search_chk_status2] => 
    [search_status] => 
    [search_org_id] => ecc
    [search_page_row] => 10
    [search_page_order_column] => 1
    [search_page_order_dir] => 1
    [menuOpen] => open
    [menuStatus] => testMenu
    [uid] => 0d4099ab4c6f35d82b55439f523fadf1
    [admin_kbn] => 001
)

2022-05-19 17:15:42,860 DEBUG [38595] []  SELECT  distinct test.test_no test_no  ,test.org_no org_no  ,org.org_id org_id  ,test.test_name test_name  ,mtype.name test_type_name  ,test.remarks remark ,test.test_quiz_count quiz_count ,date_format(test.start_period,'%Y/%m/%d') as start_period  ,date_format(test.end_period,'%Y/%m/%d') as end_period  ,CASE WHEN test.status = 0 THEN  '非公開'  ELSE '公開' END AS status  FROM  T_TEST test  LEFT JOIN T_TEST_QUIZ as test_quiz  ON test.org_no = test_quiz.org_no  AND test.test_no = test_quiz.test_no  INNER JOIN M_TYPE mtype ON test.test_type = mtype.type  AND mtype.category = :mcategory  INNER JOIN M_ORGANIZATION as org  ON test.org_no = org.org_no  AND org.del_flg =  '0'  WHERE test.start_period <= :end_period  AND test.end_period >= :start_period  AND org.org_id LIKE :org_id  AND (test.test_name LIKE :test_name)  AND test.del_flg = '0'  ORDER BY  test_name ASC ,remark ASC
2022-05-19 17:15:42,862 DEBUG [38595] [] Array
(
    [0] => T_TestDto Object
        (
            [org_no] => 1
            [test_no] => 1409
            [test_name] => Sample Test
            [test_type] => 
            [test_type_name] => 反復(SRS)
            [test_quiz_count] => 
            [description] => 
            [status] => 公開
            [start_period] => 2019/01/16
            [end_period] => 2999/12/31
            [remarks] => 
            [del_flg] => 
            [create_dt] => 
            [creater_id] => 
            [update_dt] => 
            [updater_id] => 
            [org_id] => ecc
            [remark] => 
            [quiz_count] => 2
        )

    [1] => T_TestDto Object
        (
            [org_no] => 1
            [test_no] => 1797
            [test_name] => Sample test
            [test_type] => 
            [test_type_name] => 反復(SRS)
            [test_quiz_count] => 
            [description] => 
            [status] => 公開
            [start_period] => 2022/03/28
            [end_period] => 2999/12/31
            [remarks] => 
            [del_flg] => 
            [create_dt] => 
            [creater_id] => 
            [update_dt] => 
            [updater_id] => 
            [org_id] => ecc
            [remark] => 
            [quiz_count] => 10
        )

)

2022-05-19 17:15:42,960 DEBUG [38595] [] SearchAction end
2022-05-19 17:15:42,960 DEBUG [38595] [] TestListController end
2022-05-19 17:15:42,960 DEBUG [38595] [] finally
2022-05-19 17:15:45,880 DEBUG [38932] [] Request URI : /eccadmin_dev/QuizAssignmentCheckbox/index
2022-05-19 17:15:45,881 DEBUG [38932] [] QuizAssignmentCheckboxController start
2022-05-19 17:15:45,881 DEBUG [38932] [] controllers/QuizAssignmentCheckboxController.php: is exist
2022-05-19 17:15:45,946 DEBUG [38932] [] QuizAssignmentCheckboxForm: is exist
2022-05-19 17:15:45,956 DEBUG [38932] [] QuizAssignmentCheckboxForm: form value set 
2022-05-19 17:15:45,957 DEBUG [38932] [] ------------------------------/eccadmin_dev/QuizAssignmentCheckbox/index
2022-05-19 17:15:45,957 DEBUG [38932] [] ------------------------------session_check_true
2022-05-19 17:15:45,957 DEBUG [38932] [] indexAction start
2022-05-19 17:15:45,957 DEBUG [38932] [] admin_no is 1
2022-05-19 17:15:46,063 DEBUG [38932] [] indexAction end
2022-05-19 17:15:46,063 DEBUG [38932] [] QuizAssignmentCheckboxController end
2022-05-19 17:15:46,063 DEBUG [38932] [] finally
2022-05-19 17:15:47,921 DEBUG [38932] [] Request URI : /eccadmin_dev/QuizAssignmentCheckbox/search
2022-05-19 17:15:47,921 DEBUG [38932] [] QuizAssignmentCheckboxController start
2022-05-19 17:15:47,921 DEBUG [38932] [] controllers/QuizAssignmentCheckboxController.php: is exist
2022-05-19 17:15:47,924 DEBUG [38932] [] QuizAssignmentCheckboxForm: is exist
2022-05-19 17:15:47,924 DEBUG [38932] [] QuizAssignmentCheckboxForm: form value set 
2022-05-19 17:15:47,925 DEBUG [38932] [] ------------------------------/eccadmin_dev/QuizAssignmentCheckbox/search
2022-05-19 17:15:47,925 DEBUG [38932] [] ------------------------------session_check_true
2022-05-19 17:15:47,925 DEBUG [38932] [] searchAction start
2022-05-19 17:15:47,926 DEBUG [38932] [] admin_no is 1
2022-05-19 17:15:48,908 DEBUG [38932] [] searchAction end
2022-05-19 17:15:48,908 DEBUG [38932] [] QuizAssignmentCheckboxController end
2022-05-19 17:15:48,908 DEBUG [38932] [] finally
2022-05-19 17:16:05,451 DEBUG [38813] [] Request URI : /eccadmin_dev/QuizAssignmentCheckbox/save
2022-05-19 17:16:05,452 DEBUG [38813] [] QuizAssignmentCheckboxController start
2022-05-19 17:16:05,452 DEBUG [38813] [] controllers/QuizAssignmentCheckboxController.php: is exist
2022-05-19 17:16:05,456 DEBUG [38813] [] QuizAssignmentCheckboxForm: is exist
2022-05-19 17:16:05,456 DEBUG [38813] [] QuizAssignmentCheckboxForm: form value set 
2022-05-19 17:16:05,457 DEBUG [38813] [] ------------------------------/eccadmin_dev/QuizAssignmentCheckbox/save
2022-05-19 17:16:05,457 DEBUG [38813] [] ------------------------------session_check_true
2022-05-19 17:16:05,457 DEBUG [38813] [] saveAction start
2022-05-19 17:16:05,457 DEBUG [38813] [] admin_no is 1
2022-05-19 17:16:05,459 DEBUG [38813] [] INSERT INTO  T_TEST_QUIZ (org_no,test_no,quiz_no,disp_no,del_flg,create_dt,creater_id,update_dt,updater_id ) VALUES ( :org_no,:test_no,:quiz_no,:disp_no,:del_flg,:create_dt,:creater_id,:update_dt,:updater_id );
2022-05-19 17:16:05,460 DEBUG [38813] [] INSERT INTO  T_TEST_QUIZ (org_no,test_no,quiz_no,disp_no,del_flg,create_dt,creater_id,update_dt,updater_id ) VALUES ( :org_no,:test_no,:quiz_no,:disp_no,:del_flg,:create_dt,:creater_id,:update_dt,:updater_id );
2022-05-19 17:16:06,156 DEBUG [38813] [] saveAction end
2022-05-19 17:16:06,157 DEBUG [38813] [] QuizAssignmentCheckboxController end
2022-05-19 17:16:06,158 DEBUG [38813] [] finally
2022-05-19 17:16:35,458 DEBUG [39002] [] Request URI : /eccadmin_dev/TestList
2022-05-19 17:16:35,458 DEBUG [39002] [] TestListController start
2022-05-19 17:16:35,459 DEBUG [39002] [] controllers/TestListController.php: is exist
2022-05-19 17:16:35,462 DEBUG [39002] [] TestListForm: is exist
2022-05-19 17:16:35,463 DEBUG [39002] [] TestListForm: form value set 
2022-05-19 17:16:35,463 DEBUG [39002] [] ------------------------------/eccadmin_dev/TestList
2022-05-19 17:16:35,463 DEBUG [39002] [] indexAction start
2022-05-19 17:16:35,463 DEBUG [39002] [] admin_no is 1
2022-05-19 17:16:35,464 DEBUG [39002] [] TestListForm Object
(
    [org_no] => 
    [test_no] => 
    [test_name] => 
    [start_period] => 2022/04/19
    [end_period] => 2022/06/19
    [remark] => 
    [del_flg] => 
    [create_dt] => 
    [creater_id] => 
    [update_dt] => 
    [updater_id] => 
    [count] => 
    [page] => 
    [rd_status1] => 
    [rd_status2] => 
    [chk_status1] => 
    [chk_status2] => 
    [quiz_count] => 
    [status] => 
    [rdstatus] => 
    [back_flg] => 
    [search_page] => 0
    [search_start_period] => 
    [search_end_period] => 
    [search_test_name] => 
    [search_remark] => 
    [search_rd_status1] => 
    [search_rd_status2] => 
    [search_rdstatus] => 
    [search_chk_status1] => 
    [search_chk_status2] => 
    [search_status] => 
    [search_org_id] => 99999
    [search_page_row] => 10
    [search_page_order_column] => 1
    [search_page_order_dir] => 1
    [menuOpen] => open
    [menuStatus] => testMenu
    [uid] => b34101f6e18f24c1a0a20d2a4810261e
    [admin_kbn] => 001
    [remarks] => 
)

2022-05-19 17:16:35,464 DEBUG [39002] []  SELECT  distinct test.test_no test_no  ,test.org_no org_no  ,org.org_id org_id  ,test.test_name test_name  ,mtype.name test_type_name  ,test.remarks remark ,test.test_quiz_count quiz_count ,date_format(test.start_period,'%Y/%m/%d') as start_period  ,date_format(test.end_period,'%Y/%m/%d') as end_period  ,CASE WHEN test.status = 0 THEN  '非公開'  ELSE '公開' END AS status  FROM  T_TEST test  LEFT JOIN T_TEST_QUIZ as test_quiz  ON test.org_no = test_quiz.org_no  AND test.test_no = test_quiz.test_no  INNER JOIN M_TYPE mtype ON test.test_type = mtype.type  AND mtype.category = :mcategory  INNER JOIN M_ORGANIZATION as org  ON test.org_no = org.org_no  AND org.del_flg =  '0'  WHERE test.start_period <= :end_period  AND test.end_period >= :start_period  AND org.org_id LIKE :org_id  AND test.del_flg = '0'  ORDER BY  test_name ASC ,remark ASC
2022-05-19 17:16:35,466 DEBUG [39002] [] count of list :9
2022-05-19 17:16:35,552 DEBUG [39002] [] indexAction end
2022-05-19 17:16:35,552 DEBUG [39002] [] TestListController end
2022-05-19 17:16:35,552 DEBUG [39002] [] finally
2022-05-19 17:16:40,927 DEBUG [39001] [] Request URI : /eccadmin_dev/TestList/Search
2022-05-19 17:16:40,927 DEBUG [39001] [] TestListController start
2022-05-19 17:16:40,928 DEBUG [39001] [] controllers/TestListController.php: is exist
2022-05-19 17:16:40,931 DEBUG [39001] [] TestListForm: is exist
2022-05-19 17:16:40,932 DEBUG [39001] [] TestListForm: form value set 
2022-05-19 17:16:40,932 DEBUG [39001] [] ------------------------------/eccadmin_dev/TestList/Search
2022-05-19 17:16:40,933 DEBUG [39001] [] SearchAction start
2022-05-19 17:16:40,933 DEBUG [39001] [] admin_no is 1
2022-05-19 17:16:40,933 DEBUG [39001] [] TestListForm Object
(
    [org_no] => 99999
    [test_no] => 
    [test_name] => sample
    [start_period] => 2022/04/19
    [end_period] => 2022/06/19
    [remark] => 
    [del_flg] => 
    [create_dt] => 
    [creater_id] => 
    [update_dt] => 
    [updater_id] => 
    [count] => 
    [page] => 1
    [rd_status1] => 0
    [rd_status2] => 
    [chk_status1] => 
    [chk_status2] => 
    [quiz_count] => 
    [status] => 
    [rdstatus] => 
    [back_flg] => 
    [search_page] => 0
    [search_start_period] => 
    [search_end_period] => 
    [search_test_name] => 
    [search_remark] => 
    [search_rd_status1] => 
    [search_rd_status2] => 
    [search_rdstatus] => 
    [search_chk_status1] => 
    [search_chk_status2] => 
    [search_status] => 
    [search_org_id] => ecc
    [search_page_row] => 10
    [search_page_order_column] => 1
    [search_page_order_dir] => 1
    [menuOpen] => open
    [menuStatus] => testMenu
    [uid] => ca622a194533bcd14d9217f3a26272c6
    [admin_kbn] => 001
)

2022-05-19 17:16:40,934 DEBUG [39001] []  SELECT  distinct test.test_no test_no  ,test.org_no org_no  ,org.org_id org_id  ,test.test_name test_name  ,mtype.name test_type_name  ,test.remarks remark ,test.test_quiz_count quiz_count ,date_format(test.start_period,'%Y/%m/%d') as start_period  ,date_format(test.end_period,'%Y/%m/%d') as end_period  ,CASE WHEN test.status = 0 THEN  '非公開'  ELSE '公開' END AS status  FROM  T_TEST test  LEFT JOIN T_TEST_QUIZ as test_quiz  ON test.org_no = test_quiz.org_no  AND test.test_no = test_quiz.test_no  INNER JOIN M_TYPE mtype ON test.test_type = mtype.type  AND mtype.category = :mcategory  INNER JOIN M_ORGANIZATION as org  ON test.org_no = org.org_no  AND org.del_flg =  '0'  WHERE test.start_period <= :end_period  AND test.end_period >= :start_period  AND org.org_id LIKE :org_id  AND (test.test_name LIKE :test_name)  AND test.del_flg = '0'  ORDER BY  test_name ASC ,remark ASC
2022-05-19 17:16:40,935 DEBUG [39001] [] Array
(
    [0] => T_TestDto Object
        (
            [org_no] => 1
            [test_no] => 1409
            [test_name] => Sample Test
            [test_type] => 
            [test_type_name] => 反復(SRS)
            [test_quiz_count] => 
            [description] => 
            [status] => 公開
            [start_period] => 2019/01/16
            [end_period] => 2999/12/31
            [remarks] => 
            [del_flg] => 
            [create_dt] => 
            [creater_id] => 
            [update_dt] => 
            [updater_id] => 
            [org_id] => ecc
            [remark] => 
            [quiz_count] => 2
        )

    [1] => T_TestDto Object
        (
            [org_no] => 1
            [test_no] => 1797
            [test_name] => Sample test
            [test_type] => 
            [test_type_name] => 反復(SRS)
            [test_quiz_count] => 
            [description] => 
            [status] => 公開
            [start_period] => 2022/03/28
            [end_period] => 2999/12/31
            [remarks] => 
            [del_flg] => 
            [create_dt] => 
            [creater_id] => 
            [update_dt] => 
            [updater_id] => 
            [org_id] => ecc
            [remark] => 
            [quiz_count] => 10
        )

)

2022-05-19 17:16:41,025 DEBUG [39001] [] SearchAction end
2022-05-19 17:16:41,025 DEBUG [39001] [] TestListController end
2022-05-19 17:16:41,025 DEBUG [39001] [] finally
2022-05-19 17:16:42,186 DEBUG [38824] [] Request URI : /eccadmin_dev/TestPreview/index
2022-05-19 17:16:42,186 DEBUG [38824] [] TestPreviewController start
2022-05-19 17:16:42,186 DEBUG [38824] [] controllers/TestPreviewController.php: is exist
2022-05-19 17:16:42,190 DEBUG [38824] [] TestPreviewForm: is exist
2022-05-19 17:16:42,191 DEBUG [38824] [] TestPreviewForm: form value set 
2022-05-19 17:16:42,191 DEBUG [38824] [] ------------------------------/eccadmin_dev/TestPreview/index
2022-05-19 17:16:42,191 DEBUG [38824] [] ------------------------------session_check_true
2022-05-19 17:16:42,191 DEBUG [38824] [] indexAction start
2022-05-19 17:16:42,192 DEBUG [38824] [] admin_no is 1
2022-05-19 17:16:42,193 DEBUG [38824] [] quiz list is Array
2022-05-19 17:16:42,193 DEBUG [38824] [] /var/www/html/admin_dev/
2022-05-19 17:16:42,292 DEBUG [38824] [] indexAction end
2022-05-19 17:16:42,292 DEBUG [38824] [] TestPreviewController end
2022-05-19 17:16:42,292 DEBUG [38824] [] finally
2022-05-19 17:16:46,774 DEBUG [39012] [] Request URI : /eccadmin_dev/TestList
2022-05-19 17:16:46,775 DEBUG [39012] [] TestListController start
2022-05-19 17:16:46,775 DEBUG [39012] [] controllers/TestListController.php: is exist
2022-05-19 17:16:46,779 DEBUG [39012] [] TestListForm: is exist
2022-05-19 17:16:46,779 DEBUG [39012] [] TestListForm: form value set 
2022-05-19 17:16:46,779 DEBUG [39012] [] ------------------------------/eccadmin_dev/TestList
2022-05-19 17:16:46,780 DEBUG [39012] [] indexAction start
2022-05-19 17:16:46,780 DEBUG [39012] [] admin_no is 1
2022-05-19 17:16:46,780 DEBUG [39012] [] TestListForm Object
(
    [org_no] => 
    [test_no] => 
    [test_name] => 
    [start_period] => 2022/04/19
    [end_period] => 2022/06/19
    [remark] => 
    [del_flg] => 
    [create_dt] => 
    [creater_id] => 
    [update_dt] => 
    [updater_id] => 
    [count] => 
    [page] => 
    [rd_status1] => 
    [rd_status2] => 
    [chk_status1] => 
    [chk_status2] => 
    [quiz_count] => 
    [status] => 
    [rdstatus] => 
    [back_flg] => 
    [search_page] => 0
    [search_start_period] => 
    [search_end_period] => 
    [search_test_name] => 
    [search_remark] => 
    [search_rd_status1] => 
    [search_rd_status2] => 
    [search_rdstatus] => 
    [search_chk_status1] => 
    [search_chk_status2] => 
    [search_status] => 
    [search_org_id] => 99999
    [search_page_row] => 10
    [search_page_order_column] => 1
    [search_page_order_dir] => 1
    [menuOpen] => open
    [menuStatus] => testMenu
    [uid] => 2a79597942b2c08a01d0e513b60d1e99
    [admin_kbn] => 001
    [remarks] => 
)

2022-05-19 17:16:46,781 DEBUG [39012] []  SELECT  distinct test.test_no test_no  ,test.org_no org_no  ,org.org_id org_id  ,test.test_name test_name  ,mtype.name test_type_name  ,test.remarks remark ,test.test_quiz_count quiz_count ,date_format(test.start_period,'%Y/%m/%d') as start_period  ,date_format(test.end_period,'%Y/%m/%d') as end_period  ,CASE WHEN test.status = 0 THEN  '非公開'  ELSE '公開' END AS status  FROM  T_TEST test  LEFT JOIN T_TEST_QUIZ as test_quiz  ON test.org_no = test_quiz.org_no  AND test.test_no = test_quiz.test_no  INNER JOIN M_TYPE mtype ON test.test_type = mtype.type  AND mtype.category = :mcategory  INNER JOIN M_ORGANIZATION as org  ON test.org_no = org.org_no  AND org.del_flg =  '0'  WHERE test.start_period <= :end_period  AND test.end_period >= :start_period  AND org.org_id LIKE :org_id  AND test.del_flg = '0'  ORDER BY  test_name ASC ,remark ASC
2022-05-19 17:16:46,782 DEBUG [39012] [] count of list :9
2022-05-19 17:16:46,870 DEBUG [39012] [] indexAction end
2022-05-19 17:16:46,870 DEBUG [39012] [] TestListController end
2022-05-19 17:16:46,871 DEBUG [39012] [] finally
2022-05-19 17:17:03,319 DEBUG [38997] [] Request URI : /eccadmin_dev/TestList/Search
2022-05-19 17:17:03,320 DEBUG [38997] [] TestListController start
2022-05-19 17:17:03,320 DEBUG [38997] [] controllers/TestListController.php: is exist
2022-05-19 17:17:03,324 DEBUG [38997] [] TestListForm: is exist
2022-05-19 17:17:03,324 DEBUG [38997] [] TestListForm: form value set 
2022-05-19 17:17:03,325 DEBUG [38997] [] ------------------------------/eccadmin_dev/TestList/Search
2022-05-19 17:17:03,325 DEBUG [38997] [] SearchAction start
2022-05-19 17:17:03,326 DEBUG [38997] [] admin_no is 1
2022-05-19 17:17:03,326 DEBUG [38997] [] TestListForm Object
(
    [org_no] => 99999
    [test_no] => 
    [test_name] => sample
    [start_period] => 2022/04/19
    [end_period] => 2022/06/19
    [remark] => 
    [del_flg] => 
    [create_dt] => 
    [creater_id] => 
    [update_dt] => 
    [updater_id] => 
    [count] => 
    [page] => 1
    [rd_status1] => 0
    [rd_status2] => 
    [chk_status1] => 
    [chk_status2] => 
    [quiz_count] => 
    [status] => 
    [rdstatus] => 
    [back_flg] => 
    [search_page] => 0
    [search_start_period] => 
    [search_end_period] => 
    [search_test_name] => 
    [search_remark] => 
    [search_rd_status1] => 
    [search_rd_status2] => 
    [search_rdstatus] => 
    [search_chk_status1] => 
    [search_chk_status2] => 
    [search_status] => 
    [search_org_id] => ecc
    [search_page_row] => 10
    [search_page_order_column] => 1
    [search_page_order_dir] => 1
    [menuOpen] => open
    [menuStatus] => testMenu
    [uid] => 15c2a691f7d59896d148d891c8b3de1f
    [admin_kbn] => 001
)

2022-05-19 17:17:03,327 DEBUG [38997] []  SELECT  distinct test.test_no test_no  ,test.org_no org_no  ,org.org_id org_id  ,test.test_name test_name  ,mtype.name test_type_name  ,test.remarks remark ,test.test_quiz_count quiz_count ,date_format(test.start_period,'%Y/%m/%d') as start_period  ,date_format(test.end_period,'%Y/%m/%d') as end_period  ,CASE WHEN test.status = 0 THEN  '非公開'  ELSE '公開' END AS status  FROM  T_TEST test  LEFT JOIN T_TEST_QUIZ as test_quiz  ON test.org_no = test_quiz.org_no  AND test.test_no = test_quiz.test_no  INNER JOIN M_TYPE mtype ON test.test_type = mtype.type  AND mtype.category = :mcategory  INNER JOIN M_ORGANIZATION as org  ON test.org_no = org.org_no  AND org.del_flg =  '0'  WHERE test.start_period <= :end_period  AND test.end_period >= :start_period  AND org.org_id LIKE :org_id  AND (test.test_name LIKE :test_name)  AND test.del_flg = '0'  ORDER BY  test_name ASC ,remark ASC
2022-05-19 17:17:03,328 DEBUG [38997] [] Array
(
    [0] => T_TestDto Object
        (
            [org_no] => 1
            [test_no] => 1409
            [test_name] => Sample Test
            [test_type] => 
            [test_type_name] => 反復(SRS)
            [test_quiz_count] => 
            [description] => 
            [status] => 公開
            [start_period] => 2019/01/16
            [end_period] => 2999/12/31
            [remarks] => 
            [del_flg] => 
            [create_dt] => 
            [creater_id] => 
            [update_dt] => 
            [updater_id] => 
            [org_id] => ecc
            [remark] => 
            [quiz_count] => 2
        )

    [1] => T_TestDto Object
        (
            [org_no] => 1
            [test_no] => 1797
            [test_name] => Sample test
            [test_type] => 
            [test_type_name] => 反復(SRS)
            [test_quiz_count] => 
            [description] => 
            [status] => 公開
            [start_period] => 2022/03/28
            [end_period] => 2999/12/31
            [remarks] => 
            [del_flg] => 
            [create_dt] => 
            [creater_id] => 
            [update_dt] => 
            [updater_id] => 
            [org_id] => ecc
            [remark] => 
            [quiz_count] => 10
        )

)

2022-05-19 17:17:03,418 DEBUG [38997] [] SearchAction end
2022-05-19 17:17:03,418 DEBUG [38997] [] TestListController end
2022-05-19 17:17:03,419 DEBUG [38997] [] finally
2022-05-19 17:17:08,943 DEBUG [38571] [] Request URI : /eccadmin_dev/QuizAssignmentCheckbox/index
2022-05-19 17:17:08,943 DEBUG [38571] [] QuizAssignmentCheckboxController start
2022-05-19 17:17:08,943 DEBUG [38571] [] controllers/QuizAssignmentCheckboxController.php: is exist
2022-05-19 17:17:08,947 DEBUG [38571] [] QuizAssignmentCheckboxForm: is exist
2022-05-19 17:17:08,947 DEBUG [38571] [] QuizAssignmentCheckboxForm: form value set 
2022-05-19 17:17:08,948 DEBUG [38571] [] ------------------------------/eccadmin_dev/QuizAssignmentCheckbox/index
2022-05-19 17:17:08,948 DEBUG [38571] [] ------------------------------session_check_true
2022-05-19 17:17:08,948 DEBUG [38571] [] indexAction start
2022-05-19 17:17:08,948 DEBUG [38571] [] admin_no is 1
2022-05-19 17:17:09,029 DEBUG [38571] [] indexAction end
2022-05-19 17:17:09,029 DEBUG [38571] [] QuizAssignmentCheckboxController end
2022-05-19 17:17:09,029 DEBUG [38571] [] finally
2022-05-19 17:17:13,633 DEBUG [38571] [] Request URI : /eccadmin_dev/QuizAssignmentCheckbox/search
2022-05-19 17:17:13,634 DEBUG [38571] [] QuizAssignmentCheckboxController start
2022-05-19 17:17:13,634 DEBUG [38571] [] controllers/QuizAssignmentCheckboxController.php: is exist
2022-05-19 17:17:13,638 DEBUG [38571] [] QuizAssignmentCheckboxForm: is exist
2022-05-19 17:17:13,638 DEBUG [38571] [] QuizAssignmentCheckboxForm: form value set 
2022-05-19 17:17:13,639 DEBUG [38571] [] ------------------------------/eccadmin_dev/QuizAssignmentCheckbox/search
2022-05-19 17:17:13,639 DEBUG [38571] [] ------------------------------session_check_true
2022-05-19 17:17:13,639 DEBUG [38571] [] searchAction start
2022-05-19 17:17:13,639 DEBUG [38571] [] admin_no is 1
2022-05-19 17:17:13,731 DEBUG [38571] [] searchAction end
2022-05-19 17:17:13,731 DEBUG [38571] [] QuizAssignmentCheckboxController end
2022-05-19 17:17:13,731 DEBUG [38571] [] finally
2022-05-19 17:17:32,788 DEBUG [38990] [] Request URI : /eccadmin_dev/QuizAssignmentCheckbox/save
2022-05-19 17:17:32,789 DEBUG [38990] [] QuizAssignmentCheckboxController start
2022-05-19 17:17:32,789 DEBUG [38990] [] controllers/QuizAssignmentCheckboxController.php: is exist
2022-05-19 17:17:32,792 DEBUG [38990] [] QuizAssignmentCheckboxForm: is exist
2022-05-19 17:17:32,793 DEBUG [38990] [] QuizAssignmentCheckboxForm: form value set 
2022-05-19 17:17:32,793 DEBUG [38990] [] ------------------------------/eccadmin_dev/QuizAssignmentCheckbox/save
2022-05-19 17:17:32,793 DEBUG [38990] [] ------------------------------session_check_true
2022-05-19 17:17:32,793 DEBUG [38990] [] saveAction start
2022-05-19 17:17:32,794 DEBUG [38990] [] admin_no is 1
2022-05-19 17:17:32,795 DEBUG [38990] [] INSERT INTO  T_TEST_QUIZ (org_no,test_no,quiz_no,disp_no,del_flg,create_dt,creater_id,update_dt,updater_id ) VALUES ( :org_no,:test_no,:quiz_no,:disp_no,:del_flg,:create_dt,:creater_id,:update_dt,:updater_id );
2022-05-19 17:17:32,796 DEBUG [38990] [] INSERT INTO  T_TEST_QUIZ (org_no,test_no,quiz_no,disp_no,del_flg,create_dt,creater_id,update_dt,updater_id ) VALUES ( :org_no,:test_no,:quiz_no,:disp_no,:del_flg,:create_dt,:creater_id,:update_dt,:updater_id );
2022-05-19 17:17:32,797 DEBUG [38990] [] INSERT INTO  T_TEST_QUIZ (org_no,test_no,quiz_no,disp_no,del_flg,create_dt,creater_id,update_dt,updater_id ) VALUES ( :org_no,:test_no,:quiz_no,:disp_no,:del_flg,:create_dt,:creater_id,:update_dt,:updater_id );
2022-05-19 17:17:32,798 DEBUG [38990] [] INSERT INTO  T_TEST_QUIZ (org_no,test_no,quiz_no,disp_no,del_flg,create_dt,creater_id,update_dt,updater_id ) VALUES ( :org_no,:test_no,:quiz_no,:disp_no,:del_flg,:create_dt,:creater_id,:update_dt,:updater_id );
2022-05-19 17:17:32,831 DEBUG [38990] [] INSERT INTO  T_TEST_QUIZ (org_no,test_no,quiz_no,disp_no,del_flg,create_dt,creater_id,update_dt,updater_id ) VALUES ( :org_no,:test_no,:quiz_no,:disp_no,:del_flg,:create_dt,:creater_id,:update_dt,:updater_id );
2022-05-19 17:17:32,832 DEBUG [38990] [] INSERT INTO  T_TEST_QUIZ (org_no,test_no,quiz_no,disp_no,del_flg,create_dt,creater_id,update_dt,updater_id ) VALUES ( :org_no,:test_no,:quiz_no,:disp_no,:del_flg,:create_dt,:creater_id,:update_dt,:updater_id );
2022-05-19 17:17:32,833 DEBUG [38990] [] INSERT INTO  T_TEST_QUIZ (org_no,test_no,quiz_no,disp_no,del_flg,create_dt,creater_id,update_dt,updater_id ) VALUES ( :org_no,:test_no,:quiz_no,:disp_no,:del_flg,:create_dt,:creater_id,:update_dt,:updater_id );
2022-05-19 17:17:32,833 DEBUG [38990] [] INSERT INTO  T_TEST_QUIZ (org_no,test_no,quiz_no,disp_no,del_flg,create_dt,creater_id,update_dt,updater_id ) VALUES ( :org_no,:test_no,:quiz_no,:disp_no,:del_flg,:create_dt,:creater_id,:update_dt,:updater_id );
2022-05-19 17:17:32,834 DEBUG [38990] [] INSERT INTO  T_TEST_QUIZ (org_no,test_no,quiz_no,disp_no,del_flg,create_dt,creater_id,update_dt,updater_id ) VALUES ( :org_no,:test_no,:quiz_no,:disp_no,:del_flg,:create_dt,:creater_id,:update_dt,:updater_id );
2022-05-19 17:17:32,835 DEBUG [38990] [] INSERT INTO  T_TEST_QUIZ (org_no,test_no,quiz_no,disp_no,del_flg,create_dt,creater_id,update_dt,updater_id ) VALUES ( :org_no,:test_no,:quiz_no,:disp_no,:del_flg,:create_dt,:creater_id,:update_dt,:updater_id );
2022-05-19 17:17:33,347 DEBUG [38990] [] saveAction end
2022-05-19 17:17:33,347 DEBUG [38990] [] QuizAssignmentCheckboxController end
2022-05-19 17:17:33,348 DEBUG [38990] [] finally
2022-05-19 17:18:05,536 DEBUG [39048] [] Request URI : /eccadmin_dev/TestRegist/back
2022-05-19 17:18:05,537 DEBUG [39048] [] TestRegistController start
2022-05-19 17:18:05,537 DEBUG [39048] [] controllers/TestRegistController.php: is exist
2022-05-19 17:18:05,541 DEBUG [39048] [] TestRegistForm: is exist
2022-05-19 17:18:05,541 DEBUG [39048] [] TestRegistForm: form value set 
2022-05-19 17:18:05,542 DEBUG [39048] [] ------------------------------/eccadmin_dev/TestRegist/back
2022-05-19 17:18:05,542 DEBUG [39048] [] ------------------------------session_check_true
2022-05-19 17:18:05,542 DEBUG [39048] [] backAction start
2022-05-19 17:18:05,542 DEBUG [39048] [] backAction end
2022-05-19 17:18:05,542 DEBUG [39048] [] TestRegistController end
2022-05-19 17:18:05,542 DEBUG [39048] [] finally
2022-05-19 17:18:05,564 DEBUG [39048] [] Request URI : /eccadmin_dev/TestList/Search
2022-05-19 17:18:05,565 DEBUG [39048] [] TestListController start
2022-05-19 17:18:05,565 DEBUG [39048] [] controllers/TestListController.php: is exist
2022-05-19 17:18:05,568 DEBUG [39048] [] TestListForm: is exist
2022-05-19 17:18:05,568 DEBUG [39048] [] TestListForm: form value set 
2022-05-19 17:18:05,569 DEBUG [39048] [] ------------------------------/eccadmin_dev/TestList/Search
2022-05-19 17:18:05,569 DEBUG [39048] [] SearchAction start
2022-05-19 17:18:05,569 DEBUG [39048] [] admin_no is 1
2022-05-19 17:18:05,569 DEBUG [39048] [] TestListForm Object
(
    [org_no] => 99999
    [test_no] => 
    [test_name] => sample
    [start_period] => 2022/04/19
    [end_period] => 2022/06/19
    [remark] => 
    [del_flg] => 
    [create_dt] => 
    [creater_id] => 
    [update_dt] => 
    [updater_id] => 
    [count] => 
    [page] => 0
    [rd_status1] => 0
    [rd_status2] => 1
    [chk_status1] => 
    [chk_status2] => 
    [quiz_count] => 
    [status] => 
    [rdstatus] => 
    [back_flg] => 
    [search_page] => 0
    [search_start_period] => 
    [search_end_period] => 
    [search_test_name] => 
    [search_remark] => 
    [search_rd_status1] => 
    [search_rd_status2] => 
    [search_rdstatus] => 
    [search_chk_status1] => 
    [search_chk_status2] => 
    [search_status] => 
    [search_org_id] => ecc
    [search_page_row] => 10
    [search_page_order_column] => 1
    [search_page_order_dir] => 1
    [menuOpen] => open
    [menuStatus] => testMenu
    [uid] => 483e1589075fff70768c36b63aba0b47
    [admin_kbn] => 001
)

2022-05-19 17:18:05,570 DEBUG [39048] []  SELECT  distinct test.test_no test_no  ,test.org_no org_no  ,org.org_id org_id  ,test.test_name test_name  ,mtype.name test_type_name  ,test.remarks remark ,test.test_quiz_count quiz_count ,date_format(test.start_period,'%Y/%m/%d') as start_period  ,date_format(test.end_period,'%Y/%m/%d') as end_period  ,CASE WHEN test.status = 0 THEN  '非公開'  ELSE '公開' END AS status  FROM  T_TEST test  LEFT JOIN T_TEST_QUIZ as test_quiz  ON test.org_no = test_quiz.org_no  AND test.test_no = test_quiz.test_no  INNER JOIN M_TYPE mtype ON test.test_type = mtype.type  AND mtype.category = :mcategory  INNER JOIN M_ORGANIZATION as org  ON test.org_no = org.org_no  AND org.del_flg =  '0'  WHERE test.start_period <= :end_period  AND test.end_period >= :start_period  AND org.org_id LIKE :org_id  AND (test.test_name LIKE :test_name)  AND test.del_flg = '0'  ORDER BY  test_name ASC ,remark ASC
2022-05-19 17:18:05,572 DEBUG [39048] [] Array
(
    [0] => T_TestDto Object
        (
            [org_no] => 1
            [test_no] => 1409
            [test_name] => Sample Test
            [test_type] => 
            [test_type_name] => 反復(SRS)
            [test_quiz_count] => 
            [description] => 
            [status] => 公開
            [start_period] => 2019/01/16
            [end_period] => 2999/12/31
            [remarks] => 
            [del_flg] => 
            [create_dt] => 
            [creater_id] => 
            [update_dt] => 
            [updater_id] => 
            [org_id] => ecc
            [remark] => 
            [quiz_count] => 2
        )

    [1] => T_TestDto Object
        (
            [org_no] => 1
            [test_no] => 1797
            [test_name] => Sample test
            [test_type] => 
            [test_type_name] => 反復(SRS)
            [test_quiz_count] => 
            [description] => 
            [status] => 公開
            [start_period] => 2022/03/28
            [end_period] => 2999/12/31
            [remarks] => 
            [del_flg] => 
            [create_dt] => 
            [creater_id] => 
            [update_dt] => 
            [updater_id] => 
            [org_id] => ecc
            [remark] => 
            [quiz_count] => 10
        )

)

2022-05-19 17:18:05,658 DEBUG [39048] [] SearchAction end
2022-05-19 17:18:05,658 DEBUG [39048] [] TestListController end
2022-05-19 17:18:05,658 DEBUG [39048] [] finally
2022-05-19 17:18:08,074 DEBUG [38571] [] Request URI : /eccadmin_dev/TestPreview/index
2022-05-19 17:18:08,074 DEBUG [38571] [] TestPreviewController start
2022-05-19 17:18:08,074 DEBUG [38571] [] controllers/TestPreviewController.php: is exist
2022-05-19 17:18:08,078 DEBUG [38571] [] TestPreviewForm: is exist
2022-05-19 17:18:08,079 DEBUG [38571] [] TestPreviewForm: form value set 
2022-05-19 17:18:08,079 DEBUG [38571] [] ------------------------------/eccadmin_dev/TestPreview/index
2022-05-19 17:18:08,079 DEBUG [38571] [] ------------------------------session_check_true
2022-05-19 17:18:08,079 DEBUG [38571] [] indexAction start
2022-05-19 17:18:08,080 DEBUG [38571] [] admin_no is 1
2022-05-19 17:18:08,081 DEBUG [38571] [] quiz list is Array
2022-05-19 17:18:08,082 DEBUG [38571] [] /var/www/html/admin_dev/
2022-05-19 17:18:08,185 DEBUG [38571] [] indexAction end
2022-05-19 17:18:08,185 DEBUG [38571] [] TestPreviewController end
2022-05-19 17:18:08,185 DEBUG [38571] [] finally
2022-05-19 17:18:32,106 DEBUG [39048] [] Request URI : /eccadmin_dev/TestList
2022-05-19 17:18:32,106 DEBUG [39048] [] TestListController start
2022-05-19 17:18:32,106 DEBUG [39048] [] controllers/TestListController.php: is exist
2022-05-19 17:18:32,110 DEBUG [39048] [] TestListForm: is exist
2022-05-19 17:18:32,110 DEBUG [39048] [] TestListForm: form value set 
2022-05-19 17:18:32,111 DEBUG [39048] [] ------------------------------/eccadmin_dev/TestList
2022-05-19 17:18:32,111 DEBUG [39048] [] indexAction start
2022-05-19 17:18:32,111 DEBUG [39048] [] admin_no is 1
2022-05-19 17:18:32,111 DEBUG [39048] [] TestListForm Object
(
    [org_no] => 
    [test_no] => 
    [test_name] => 
    [start_period] => 2022/04/19
    [end_period] => 2022/06/19
    [remark] => 
    [del_flg] => 
    [create_dt] => 
    [creater_id] => 
    [update_dt] => 
    [updater_id] => 
    [count] => 
    [page] => 
    [rd_status1] => 
    [rd_status2] => 
    [chk_status1] => 
    [chk_status2] => 
    [quiz_count] => 
    [status] => 
    [rdstatus] => 
    [back_flg] => 
    [search_page] => 0
    [search_start_period] => 
    [search_end_period] => 
    [search_test_name] => 
    [search_remark] => 
    [search_rd_status1] => 
    [search_rd_status2] => 
    [search_rdstatus] => 
    [search_chk_status1] => 
    [search_chk_status2] => 
    [search_status] => 
    [search_org_id] => 99999
    [search_page_row] => 10
    [search_page_order_column] => 1
    [search_page_order_dir] => 1
    [menuOpen] => open
    [menuStatus] => testMenu
    [uid] => f2394af61309dee0f8befd5467fe2d89
    [admin_kbn] => 001
    [remarks] => 
)

2022-05-19 17:18:32,112 DEBUG [39048] []  SELECT  distinct test.test_no test_no  ,test.org_no org_no  ,org.org_id org_id  ,test.test_name test_name  ,mtype.name test_type_name  ,test.remarks remark ,test.test_quiz_count quiz_count ,date_format(test.start_period,'%Y/%m/%d') as start_period  ,date_format(test.end_period,'%Y/%m/%d') as end_period  ,CASE WHEN test.status = 0 THEN  '非公開'  ELSE '公開' END AS status  FROM  T_TEST test  LEFT JOIN T_TEST_QUIZ as test_quiz  ON test.org_no = test_quiz.org_no  AND test.test_no = test_quiz.test_no  INNER JOIN M_TYPE mtype ON test.test_type = mtype.type  AND mtype.category = :mcategory  INNER JOIN M_ORGANIZATION as org  ON test.org_no = org.org_no  AND org.del_flg =  '0'  WHERE test.start_period <= :end_period  AND test.end_period >= :start_period  AND org.org_id LIKE :org_id  AND test.del_flg = '0'  ORDER BY  test_name ASC ,remark ASC
2022-05-19 17:18:32,113 DEBUG [39048] [] count of list :9
2022-05-19 17:18:32,199 DEBUG [39048] [] indexAction end
2022-05-19 17:18:32,199 DEBUG [39048] [] TestListController end
2022-05-19 17:18:32,199 DEBUG [39048] [] finally
2022-05-19 17:18:37,507 DEBUG [39047] [] Request URI : /eccadmin_dev/TestList/Search
2022-05-19 17:18:37,507 DEBUG [39047] [] TestListController start
2022-05-19 17:18:37,507 DEBUG [39047] [] controllers/TestListController.php: is exist
2022-05-19 17:18:37,511 DEBUG [39047] [] TestListForm: is exist
2022-05-19 17:18:37,511 DEBUG [39047] [] TestListForm: form value set 
2022-05-19 17:18:37,512 DEBUG [39047] [] ------------------------------/eccadmin_dev/TestList/Search
2022-05-19 17:18:37,512 DEBUG [39047] [] SearchAction start
2022-05-19 17:18:37,512 DEBUG [39047] [] admin_no is 1
2022-05-19 17:18:37,513 DEBUG [39047] [] TestListForm Object
(
    [org_no] => 99999
    [test_no] => 
    [test_name] => sample
    [start_period] => 2022/04/19
    [end_period] => 2022/06/19
    [remark] => 
    [del_flg] => 
    [create_dt] => 
    [creater_id] => 
    [update_dt] => 
    [updater_id] => 
    [count] => 
    [page] => 1
    [rd_status1] => 0
    [rd_status2] => 
    [chk_status1] => 
    [chk_status2] => 
    [quiz_count] => 
    [status] => 
    [rdstatus] => 
    [back_flg] => 
    [search_page] => 0
    [search_start_period] => 
    [search_end_period] => 
    [search_test_name] => 
    [search_remark] => 
    [search_rd_status1] => 
    [search_rd_status2] => 
    [search_rdstatus] => 
    [search_chk_status1] => 
    [search_chk_status2] => 
    [search_status] => 
    [search_org_id] => ecc
    [search_page_row] => 10
    [search_page_order_column] => 1
    [search_page_order_dir] => 1
    [menuOpen] => open
    [menuStatus] => testMenu
    [uid] => e3928094bcd4fbb19645abe47afe0ed9
    [admin_kbn] => 001
)

2022-05-19 17:18:37,513 DEBUG [39047] []  SELECT  distinct test.test_no test_no  ,test.org_no org_no  ,org.org_id org_id  ,test.test_name test_name  ,mtype.name test_type_name  ,test.remarks remark ,test.test_quiz_count quiz_count ,date_format(test.start_period,'%Y/%m/%d') as start_period  ,date_format(test.end_period,'%Y/%m/%d') as end_period  ,CASE WHEN test.status = 0 THEN  '非公開'  ELSE '公開' END AS status  FROM  T_TEST test  LEFT JOIN T_TEST_QUIZ as test_quiz  ON test.org_no = test_quiz.org_no  AND test.test_no = test_quiz.test_no  INNER JOIN M_TYPE mtype ON test.test_type = mtype.type  AND mtype.category = :mcategory  INNER JOIN M_ORGANIZATION as org  ON test.org_no = org.org_no  AND org.del_flg =  '0'  WHERE test.start_period <= :end_period  AND test.end_period >= :start_period  AND org.org_id LIKE :org_id  AND (test.test_name LIKE :test_name)  AND test.del_flg = '0'  ORDER BY  test_name ASC ,remark ASC
2022-05-19 17:18:37,515 DEBUG [39047] [] Array
(
    [0] => T_TestDto Object
        (
            [org_no] => 1
            [test_no] => 1409
            [test_name] => Sample Test
            [test_type] => 
            [test_type_name] => 反復(SRS)
            [test_quiz_count] => 
            [description] => 
            [status] => 公開
            [start_period] => 2019/01/16
            [end_period] => 2999/12/31
            [remarks] => 
            [del_flg] => 
            [create_dt] => 
            [creater_id] => 
            [update_dt] => 
            [updater_id] => 
            [org_id] => ecc
            [remark] => 
            [quiz_count] => 2
        )

    [1] => T_TestDto Object
        (
            [org_no] => 1
            [test_no] => 1797
            [test_name] => Sample test
            [test_type] => 
            [test_type_name] => 反復(SRS)
            [test_quiz_count] => 
            [description] => 
            [status] => 公開
            [start_period] => 2022/03/28
            [end_period] => 2999/12/31
            [remarks] => 
            [del_flg] => 
            [create_dt] => 
            [creater_id] => 
            [update_dt] => 
            [updater_id] => 
            [org_id] => ecc
            [remark] => 
            [quiz_count] => 10
        )

)

2022-05-19 17:18:37,601 DEBUG [39047] [] SearchAction end
2022-05-19 17:18:37,601 DEBUG [39047] [] TestListController end
2022-05-19 17:18:37,601 DEBUG [39047] [] finally
2022-05-19 17:18:43,965 DEBUG [38991] [] Request URI : /eccadmin_dev/QuizAssignmentCheckbox/index
2022-05-19 17:18:43,966 DEBUG [38991] [] QuizAssignmentCheckboxController start
2022-05-19 17:18:43,966 DEBUG [38991] [] controllers/QuizAssignmentCheckboxController.php: is exist
2022-05-19 17:18:43,970 DEBUG [38991] [] QuizAssignmentCheckboxForm: is exist
2022-05-19 17:18:43,970 DEBUG [38991] [] QuizAssignmentCheckboxForm: form value set 
2022-05-19 17:18:43,970 DEBUG [38991] [] ------------------------------/eccadmin_dev/QuizAssignmentCheckbox/index
2022-05-19 17:18:43,971 DEBUG [38991] [] ------------------------------session_check_true
2022-05-19 17:18:43,971 DEBUG [38991] [] indexAction start
2022-05-19 17:18:43,971 DEBUG [38991] [] admin_no is 1
2022-05-19 17:18:44,052 DEBUG [38991] [] indexAction end
2022-05-19 17:18:44,052 DEBUG [38991] [] QuizAssignmentCheckboxController end
2022-05-19 17:18:44,052 DEBUG [38991] [] finally
2022-05-19 17:18:46,206 DEBUG [38991] [] Request URI : /eccadmin_dev/QuizAssignmentCheckbox/search
2022-05-19 17:18:46,207 DEBUG [38991] [] QuizAssignmentCheckboxController start
2022-05-19 17:18:46,207 DEBUG [38991] [] controllers/QuizAssignmentCheckboxController.php: is exist
2022-05-19 17:18:46,211 DEBUG [38991] [] QuizAssignmentCheckboxForm: is exist
2022-05-19 17:18:46,211 DEBUG [38991] [] QuizAssignmentCheckboxForm: form value set 
2022-05-19 17:18:46,211 DEBUG [38991] [] ------------------------------/eccadmin_dev/QuizAssignmentCheckbox/search
2022-05-19 17:18:46,212 DEBUG [38991] [] ------------------------------session_check_true
2022-05-19 17:18:46,212 DEBUG [38991] [] searchAction start
2022-05-19 17:18:46,212 DEBUG [38991] [] admin_no is 1
2022-05-19 17:18:47,423 DEBUG [38991] [] searchAction end
2022-05-19 17:18:47,423 DEBUG [38991] [] QuizAssignmentCheckboxController end
2022-05-19 17:18:47,423 DEBUG [38991] [] finally
2022-05-19 18:37:46,924 DEBUG [40824] [] Request URI : /eccadmin_dev/Login
2022-05-19 18:37:46,924 DEBUG [40824] [] LoginController start
2022-05-19 18:37:46,925 DEBUG [40824] [] controllers/LoginController.php: is exist
2022-05-19 18:37:46,925 DEBUG [40824] [] LoginForm: is exist
2022-05-19 18:37:46,925 DEBUG [40824] [] LoginForm: form value set 
2022-05-19 18:37:46,925 DEBUG [40824] [] ------------------------------/eccadmin_dev/Login
2022-05-19 18:37:46,926 DEBUG [40824] [] ------------------------------login_start_check
2022-05-19 18:37:46,926 DEBUG [40824] [] indexAction start
2022-05-19 18:37:46,958 DEBUG [40824] [] indexAction end
2022-05-19 18:37:46,959 DEBUG [40824] [] LoginController end
2022-05-19 18:37:46,959 DEBUG [40824] [] finally
2022-05-19 18:37:49,763 DEBUG [40824] [] Request URI : /eccadmin_dev/Login/login
2022-05-19 18:37:49,764 DEBUG [40824] [] LoginController start
2022-05-19 18:37:49,764 DEBUG [40824] [] controllers/LoginController.php: is exist
2022-05-19 18:37:49,764 DEBUG [40824] [] LoginForm: is exist
2022-05-19 18:37:49,764 DEBUG [40824] [] LoginForm: form value set 
2022-05-19 18:37:49,765 DEBUG [40824] [] ------------------------------/eccadmin_dev/Login/login
2022-05-19 18:37:49,765 DEBUG [40824] [] ------------------------------login_start_check
2022-05-19 18:37:49,765 DEBUG [40824] [] loginAction start
2022-05-19 18:37:50,064 DEBUG [40824] [] loginAction end
2022-05-19 18:37:50,064 DEBUG [40824] [] LoginController end
2022-05-19 18:37:50,064 DEBUG [40824] [] finally
2022-05-19 18:37:50,087 DEBUG [40824] [] Request URI : /eccadmin_dev/Menu
2022-05-19 18:37:50,087 DEBUG [40824] [] MenuController start
2022-05-19 18:37:50,087 DEBUG [40824] [] controllers/MenuController.php: is exist
2022-05-19 18:37:50,088 DEBUG [40824] [] MenuForm: is exist
2022-05-19 18:37:50,088 DEBUG [40824] [] MenuForm: form value set 
2022-05-19 18:37:50,088 DEBUG [40824] [] ------------------------------/eccadmin_dev/Menu
2022-05-19 18:37:50,088 DEBUG [40824] [] ------------------------------login_start_check
2022-05-19 18:37:50,088 DEBUG [40824] [] indexAction start
2022-05-19 18:37:50,088 DEBUG [40824] [] admin_no is 1
2022-05-19 18:37:50,138 DEBUG [40824] [] indexAction end
2022-05-19 18:37:50,138 DEBUG [40824] [] MenuController end
2022-05-19 18:37:50,138 DEBUG [40824] [] finally
2022-05-19 18:37:53,023 DEBUG [40824] [] Request URI : /eccadmin_dev/TestList
2022-05-19 18:37:53,024 DEBUG [40824] [] TestListController start
2022-05-19 18:37:53,024 DEBUG [40824] [] controllers/TestListController.php: is exist
2022-05-19 18:37:53,028 DEBUG [40824] [] TestListForm: is exist
2022-05-19 18:37:53,028 DEBUG [40824] [] TestListForm: form value set 
2022-05-19 18:37:53,029 DEBUG [40824] [] ------------------------------/eccadmin_dev/TestList
2022-05-19 18:37:53,029 DEBUG [40824] [] indexAction start
2022-05-19 18:37:53,029 DEBUG [40824] [] admin_no is 1
2022-05-19 18:37:53,029 DEBUG [40824] [] TestListForm Object
(
    [org_no] => 
    [test_no] => 
    [test_name] => 
    [start_period] => 2022/04/19
    [end_period] => 2022/06/19
    [remark] => 
    [del_flg] => 
    [create_dt] => 
    [creater_id] => 
    [update_dt] => 
    [updater_id] => 
    [count] => 
    [page] => 
    [rd_status1] => 
    [rd_status2] => 
    [chk_status1] => 
    [chk_status2] => 
    [quiz_count] => 
    [status] => 
    [rdstatus] => 
    [back_flg] => 
    [search_page] => 0
    [search_start_period] => 
    [search_end_period] => 
    [search_test_name] => 
    [search_remark] => 
    [search_rd_status1] => 
    [search_rd_status2] => 
    [search_rdstatus] => 
    [search_chk_status1] => 
    [search_chk_status2] => 
    [search_status] => 
    [search_org_id] => 99999
    [search_page_row] => 10
    [search_page_order_column] => 1
    [search_page_order_dir] => 1
    [menuOpen] => open
    [menuStatus] => testMenu
    [uid] => c3f6795b5e80211b87eebc4913939cad
    [admin_kbn] => 001
    [remarks] => 
)

2022-05-19 18:37:53,030 DEBUG [40824] []  SELECT  distinct test.test_no test_no  ,test.org_no org_no  ,org.org_id org_id  ,test.test_name test_name  ,mtype.name test_type_name  ,test.remarks remark ,test.test_quiz_count quiz_count ,date_format(test.start_period,'%Y/%m/%d') as start_period  ,date_format(test.end_period,'%Y/%m/%d') as end_period  ,CASE WHEN test.status = 0 THEN  '非公開'  ELSE '公開' END AS status  FROM  T_TEST test  LEFT JOIN T_TEST_QUIZ as test_quiz  ON test.org_no = test_quiz.org_no  AND test.test_no = test_quiz.test_no  INNER JOIN M_TYPE mtype ON test.test_type = mtype.type  AND mtype.category = :mcategory  INNER JOIN M_ORGANIZATION as org  ON test.org_no = org.org_no  AND org.del_flg =  '0'  WHERE test.start_period <= :end_period  AND test.end_period >= :start_period  AND org.org_id LIKE :org_id  AND test.del_flg = '0'  ORDER BY  test_name ASC ,remark ASC
2022-05-19 18:37:53,031 DEBUG [40824] [] count of list :9
2022-05-19 18:37:53,120 DEBUG [40824] [] indexAction end
2022-05-19 18:37:53,120 DEBUG [40824] [] TestListController end
2022-05-19 18:37:53,121 DEBUG [40824] [] finally
2022-05-19 18:37:56,725 DEBUG [40822] [] Request URI : /eccadmin_dev/TestList/Search
2022-05-19 18:37:56,726 DEBUG [40822] [] TestListController start
2022-05-19 18:37:56,726 DEBUG [40822] [] controllers/TestListController.php: is exist
2022-05-19 18:37:56,730 DEBUG [40822] [] TestListForm: is exist
2022-05-19 18:37:56,730 DEBUG [40822] [] TestListForm: form value set 
2022-05-19 18:37:56,731 DEBUG [40822] [] ------------------------------/eccadmin_dev/TestList/Search
2022-05-19 18:37:56,731 DEBUG [40822] [] SearchAction start
2022-05-19 18:37:56,731 DEBUG [40822] [] admin_no is 1
2022-05-19 18:37:56,731 DEBUG [40822] [] TestListForm Object
(
    [org_no] => 99999
    [test_no] => 
    [test_name] => NNH Test 1 (HO)
    [start_period] => 2022/04/19
    [end_period] => 2022/06/19
    [remark] => 
    [del_flg] => 
    [create_dt] => 
    [creater_id] => 
    [update_dt] => 
    [updater_id] => 
    [count] => 
    [page] => 1
    [rd_status1] => 0
    [rd_status2] => 
    [chk_status1] => 
    [chk_status2] => 
    [quiz_count] => 
    [status] => 
    [rdstatus] => 
    [back_flg] => 
    [search_page] => 0
    [search_start_period] => 
    [search_end_period] => 
    [search_test_name] => 
    [search_remark] => 
    [search_rd_status1] => 
    [search_rd_status2] => 
    [search_rdstatus] => 
    [search_chk_status1] => 
    [search_chk_status2] => 
    [search_status] => 
    [search_org_id] => ecc
    [search_page_row] => 10
    [search_page_order_column] => 1
    [search_page_order_dir] => 1
    [menuOpen] => open
    [menuStatus] => testMenu
    [uid] => 22950d20cf3461fe86ffd119b820fd13
    [admin_kbn] => 001
)

2022-05-19 18:37:56,732 DEBUG [40822] []  SELECT  distinct test.test_no test_no  ,test.org_no org_no  ,org.org_id org_id  ,test.test_name test_name  ,mtype.name test_type_name  ,test.remarks remark ,test.test_quiz_count quiz_count ,date_format(test.start_period,'%Y/%m/%d') as start_period  ,date_format(test.end_period,'%Y/%m/%d') as end_period  ,CASE WHEN test.status = 0 THEN  '非公開'  ELSE '公開' END AS status  FROM  T_TEST test  LEFT JOIN T_TEST_QUIZ as test_quiz  ON test.org_no = test_quiz.org_no  AND test.test_no = test_quiz.test_no  INNER JOIN M_TYPE mtype ON test.test_type = mtype.type  AND mtype.category = :mcategory  INNER JOIN M_ORGANIZATION as org  ON test.org_no = org.org_no  AND org.del_flg =  '0'  WHERE test.start_period <= :end_period  AND test.end_period >= :start_period  AND org.org_id LIKE :org_id  AND (test.test_name LIKE :test_name)  AND test.del_flg = '0'  ORDER BY  test_name ASC ,remark ASC
2022-05-19 18:37:56,734 DEBUG [40822] [] Array
(
    [0] => T_TestDto Object
        (
            [org_no] => 1
            [test_no] => 1784
            [test_name] => NNH Test 1 (HO)
            [test_type] => 
            [test_type_name] => 反復(SRS)
            [test_quiz_count] => 
            [description] => 
            [status] => 公開
            [start_period] => 2022/03/08
            [end_period] => 2999/12/31
            [remarks] => 
            [del_flg] => 
            [create_dt] => 
            [creater_id] => 
            [update_dt] => 
            [updater_id] => 
            [org_id] => ecc
            [remark] => null
            [quiz_count] => 2
        )

)

2022-05-19 18:37:56,824 DEBUG [40822] [] SearchAction end
2022-05-19 18:37:56,824 DEBUG [40822] [] TestListController end
2022-05-19 18:37:56,824 DEBUG [40822] [] finally
2022-05-19 18:37:59,346 DEBUG [40649] [] Request URI : /eccadmin_dev/TestPreview/index
2022-05-19 18:37:59,346 DEBUG [40649] [] TestPreviewController start
2022-05-19 18:37:59,347 DEBUG [40649] [] controllers/TestPreviewController.php: is exist
2022-05-19 18:37:59,350 DEBUG [40649] [] TestPreviewForm: is exist
2022-05-19 18:37:59,351 DEBUG [40649] [] TestPreviewForm: form value set 
2022-05-19 18:37:59,351 DEBUG [40649] [] ------------------------------/eccadmin_dev/TestPreview/index
2022-05-19 18:37:59,351 DEBUG [40649] [] ------------------------------session_check_true
2022-05-19 18:37:59,352 DEBUG [40649] [] indexAction start
2022-05-19 18:37:59,352 DEBUG [40649] [] admin_no is 1
2022-05-19 18:37:59,353 DEBUG [40649] [] quiz list is Array
2022-05-19 18:37:59,353 DEBUG [40649] [] /var/www/html/admin_dev/
2022-05-19 18:37:59,464 DEBUG [40649] [] indexAction end
2022-05-19 18:37:59,464 DEBUG [40649] [] TestPreviewController end
2022-05-19 18:37:59,464 DEBUG [40649] [] finally
2022-05-19 18:38:05,576 DEBUG [39890] [] Request URI : /eccadmin_dev/TestPreview/back
2022-05-19 18:38:05,576 DEBUG [39890] [] TestPreviewController start
2022-05-19 18:38:05,576 DEBUG [39890] [] controllers/TestPreviewController.php: is exist
2022-05-19 18:38:05,580 DEBUG [39890] [] TestPreviewForm: is exist
2022-05-19 18:38:05,580 DEBUG [39890] [] TestPreviewForm: form value set 
2022-05-19 18:38:05,581 DEBUG [39890] [] ------------------------------/eccadmin_dev/TestPreview/back
2022-05-19 18:38:05,581 DEBUG [39890] [] ------------------------------session_check_true
2022-05-19 18:38:05,581 DEBUG [39890] [] backAction start
2022-05-19 18:38:05,581 DEBUG [39890] [] backAction end
2022-05-19 18:38:05,581 DEBUG [39890] [] TestPreviewController end
2022-05-19 18:38:05,581 DEBUG [39890] [] finally
2022-05-19 18:38:05,598 DEBUG [39890] [] Request URI : /eccadmin_dev/TestList/Search
2022-05-19 18:38:05,598 DEBUG [39890] [] TestListController start
2022-05-19 18:38:05,598 DEBUG [39890] [] controllers/TestListController.php: is exist
2022-05-19 18:38:05,601 DEBUG [39890] [] TestListForm: is exist
2022-05-19 18:38:05,602 DEBUG [39890] [] TestListForm: form value set 
2022-05-19 18:38:05,602 DEBUG [39890] [] ------------------------------/eccadmin_dev/TestList/Search
2022-05-19 18:38:05,602 DEBUG [39890] [] SearchAction start
2022-05-19 18:38:05,602 DEBUG [39890] [] admin_no is 1
2022-05-19 18:38:05,603 DEBUG [39890] [] TestListForm Object
(
    [org_no] => 99999
    [test_no] => 
    [test_name] => NNH Test 1 (HO)
    [start_period] => 2022/04/19
    [end_period] => 2022/06/19
    [remark] => 
    [del_flg] => 
    [create_dt] => 
    [creater_id] => 
    [update_dt] => 
    [updater_id] => 
    [count] => 
    [page] => 0
    [rd_status1] => 0
    [rd_status2] => 1
    [chk_status1] => 
    [chk_status2] => 
    [quiz_count] => 
    [status] => 
    [rdstatus] => 
    [back_flg] => 
    [search_page] => 0
    [search_start_period] => 
    [search_end_period] => 
    [search_test_name] => 
    [search_remark] => 
    [search_rd_status1] => 
    [search_rd_status2] => 
    [search_rdstatus] => 
    [search_chk_status1] => 
    [search_chk_status2] => 
    [search_status] => 
    [search_org_id] => ecc
    [search_page_row] => 10
    [search_page_order_column] => 1
    [search_page_order_dir] => 1
    [menuOpen] => open
    [menuStatus] => testMenu
    [uid] => b93c6a060217e03aad8a965d9725b05d
    [admin_kbn] => 001
)

2022-05-19 18:38:05,603 DEBUG [39890] []  SELECT  distinct test.test_no test_no  ,test.org_no org_no  ,org.org_id org_id  ,test.test_name test_name  ,mtype.name test_type_name  ,test.remarks remark ,test.test_quiz_count quiz_count ,date_format(test.start_period,'%Y/%m/%d') as start_period  ,date_format(test.end_period,'%Y/%m/%d') as end_period  ,CASE WHEN test.status = 0 THEN  '非公開'  ELSE '公開' END AS status  FROM  T_TEST test  LEFT JOIN T_TEST_QUIZ as test_quiz  ON test.org_no = test_quiz.org_no  AND test.test_no = test_quiz.test_no  INNER JOIN M_TYPE mtype ON test.test_type = mtype.type  AND mtype.category = :mcategory  INNER JOIN M_ORGANIZATION as org  ON test.org_no = org.org_no  AND org.del_flg =  '0'  WHERE test.start_period <= :end_period  AND test.end_period >= :start_period  AND org.org_id LIKE :org_id  AND (test.test_name LIKE :test_name)  AND test.del_flg = '0'  ORDER BY  test_name ASC ,remark ASC
2022-05-19 18:38:05,605 DEBUG [39890] [] Array
(
    [0] => T_TestDto Object
        (
            [org_no] => 1
            [test_no] => 1784
            [test_name] => NNH Test 1 (HO)
            [test_type] => 
            [test_type_name] => 反復(SRS)
            [test_quiz_count] => 
            [description] => 
            [status] => 公開
            [start_period] => 2022/03/08
            [end_period] => 2999/12/31
            [remarks] => 
            [del_flg] => 
            [create_dt] => 
            [creater_id] => 
            [update_dt] => 
            [updater_id] => 
            [org_id] => ecc
            [remark] => null
            [quiz_count] => 2
        )

)

2022-05-19 18:38:05,688 DEBUG [39890] [] SearchAction end
2022-05-19 18:38:05,688 DEBUG [39890] [] TestListController end
2022-05-19 18:38:05,688 DEBUG [39890] [] finally
2022-05-19 18:38:07,092 DEBUG [40823] [] Request URI : /eccadmin_dev/QuizAssignmentCheckbox/index
2022-05-19 18:38:07,096 DEBUG [40823] [] QuizAssignmentCheckboxController start
2022-05-19 18:38:07,096 DEBUG [40823] [] controllers/QuizAssignmentCheckboxController.php: is exist
2022-05-19 18:38:07,101 DEBUG [40823] [] QuizAssignmentCheckboxForm: is exist
2022-05-19 18:38:07,101 DEBUG [40823] [] QuizAssignmentCheckboxForm: form value set 
2022-05-19 18:38:07,102 DEBUG [40823] [] ------------------------------/eccadmin_dev/QuizAssignmentCheckbox/index
2022-05-19 18:38:07,102 DEBUG [40823] [] ------------------------------session_check_true
2022-05-19 18:38:07,102 DEBUG [40823] [] indexAction start
2022-05-19 18:38:07,102 DEBUG [40823] [] admin_no is 1
2022-05-19 18:38:07,187 DEBUG [40823] [] indexAction end
2022-05-19 18:38:07,187 DEBUG [40823] [] QuizAssignmentCheckboxController end
2022-05-19 18:38:07,188 DEBUG [40823] [] finally
2022-05-19 18:38:10,847 DEBUG [40823] [] Request URI : /eccadmin_dev/QuizAssignmentCheckbox/search
2022-05-19 18:38:10,847 DEBUG [40823] [] QuizAssignmentCheckboxController start
2022-05-19 18:38:10,847 DEBUG [40823] [] controllers/QuizAssignmentCheckboxController.php: is exist
2022-05-19 18:38:10,850 DEBUG [40823] [] QuizAssignmentCheckboxForm: is exist
2022-05-19 18:38:10,850 DEBUG [40823] [] QuizAssignmentCheckboxForm: form value set 
2022-05-19 18:38:10,850 DEBUG [40823] [] ------------------------------/eccadmin_dev/QuizAssignmentCheckbox/search
2022-05-19 18:38:10,851 DEBUG [40823] [] ------------------------------session_check_true
2022-05-19 18:38:10,851 DEBUG [40823] [] searchAction start
2022-05-19 18:38:10,851 DEBUG [40823] [] admin_no is 1
2022-05-19 18:38:10,910 DEBUG [40823] [] searchAction end
2022-05-19 18:38:10,910 DEBUG [40823] [] QuizAssignmentCheckboxController end
2022-05-19 18:38:10,910 DEBUG [40823] [] finally
2022-05-19 18:38:26,802 DEBUG [40649] [] Request URI : /eccadmin_dev/QuizAssignmentCheckbox/save
2022-05-19 18:38:26,802 DEBUG [40649] [] QuizAssignmentCheckboxController start
2022-05-19 18:38:26,802 DEBUG [40649] [] controllers/QuizAssignmentCheckboxController.php: is exist
2022-05-19 18:38:26,806 DEBUG [40649] [] QuizAssignmentCheckboxForm: is exist
2022-05-19 18:38:26,806 DEBUG [40649] [] QuizAssignmentCheckboxForm: form value set 
2022-05-19 18:38:26,807 DEBUG [40649] [] ------------------------------/eccadmin_dev/QuizAssignmentCheckbox/save
2022-05-19 18:38:26,807 DEBUG [40649] [] ------------------------------session_check_true
2022-05-19 18:38:26,807 DEBUG [40649] [] saveAction start
2022-05-19 18:38:26,807 DEBUG [40649] [] admin_no is 1
2022-05-19 18:38:26,809 DEBUG [40649] [] INSERT INTO  T_TEST_QUIZ (org_no,test_no,quiz_no,disp_no,del_flg,create_dt,creater_id,update_dt,updater_id ) VALUES ( :org_no,:test_no,:quiz_no,:disp_no,:del_flg,:create_dt,:creater_id,:update_dt,:updater_id );
2022-05-19 18:38:26,810 DEBUG [40649] [] INSERT INTO  T_TEST_QUIZ (org_no,test_no,quiz_no,disp_no,del_flg,create_dt,creater_id,update_dt,updater_id ) VALUES ( :org_no,:test_no,:quiz_no,:disp_no,:del_flg,:create_dt,:creater_id,:update_dt,:updater_id );
2022-05-19 18:38:26,811 DEBUG [40649] [] INSERT INTO  T_TEST_QUIZ (org_no,test_no,quiz_no,disp_no,del_flg,create_dt,creater_id,update_dt,updater_id ) VALUES ( :org_no,:test_no,:quiz_no,:disp_no,:del_flg,:create_dt,:creater_id,:update_dt,:updater_id );
2022-05-19 18:38:26,811 DEBUG [40649] [] INSERT INTO  T_TEST_QUIZ (org_no,test_no,quiz_no,disp_no,del_flg,create_dt,creater_id,update_dt,updater_id ) VALUES ( :org_no,:test_no,:quiz_no,:disp_no,:del_flg,:create_dt,:creater_id,:update_dt,:updater_id );
2022-05-19 18:38:26,812 DEBUG [40649] [] INSERT INTO  T_TEST_QUIZ (org_no,test_no,quiz_no,disp_no,del_flg,create_dt,creater_id,update_dt,updater_id ) VALUES ( :org_no,:test_no,:quiz_no,:disp_no,:del_flg,:create_dt,:creater_id,:update_dt,:updater_id );
2022-05-19 18:38:26,813 DEBUG [40649] [] INSERT INTO  T_TEST_QUIZ (org_no,test_no,quiz_no,disp_no,del_flg,create_dt,creater_id,update_dt,updater_id ) VALUES ( :org_no,:test_no,:quiz_no,:disp_no,:del_flg,:create_dt,:creater_id,:update_dt,:updater_id );
2022-05-19 18:38:27,290 DEBUG [40649] [] saveAction end
2022-05-19 18:38:27,290 DEBUG [40649] [] QuizAssignmentCheckboxController end
2022-05-19 18:38:27,291 DEBUG [40649] [] finally
2022-05-19 18:38:37,338 DEBUG [40855] [] Request URI : /eccadmin_dev/QuizAssignmentCheckbox/search
2022-05-19 18:38:37,339 DEBUG [40855] [] QuizAssignmentCheckboxController start
2022-05-19 18:38:37,339 DEBUG [40855] [] controllers/QuizAssignmentCheckboxController.php: is exist
2022-05-19 18:38:37,342 DEBUG [40855] [] QuizAssignmentCheckboxForm: is exist
2022-05-19 18:38:37,343 DEBUG [40855] [] QuizAssignmentCheckboxForm: form value set 
2022-05-19 18:38:37,343 DEBUG [40855] [] ------------------------------/eccadmin_dev/QuizAssignmentCheckbox/search
2022-05-19 18:38:37,343 DEBUG [40855] [] ------------------------------session_check_true
2022-05-19 18:38:37,343 DEBUG [40855] [] searchAction start
2022-05-19 18:38:37,344 DEBUG [40855] [] admin_no is 1
2022-05-19 18:38:38,148 DEBUG [40855] [] searchAction end
2022-05-19 18:38:38,148 DEBUG [40855] [] QuizAssignmentCheckboxController end
2022-05-19 18:38:38,148 DEBUG [40855] [] finally
2022-05-19 18:39:09,885 DEBUG [40727] [] Request URI : /eccadmin_dev/QuizAssignmentCheckbox/save
2022-05-19 18:39:09,886 DEBUG [40727] [] QuizAssignmentCheckboxController start
2022-05-19 18:39:09,886 DEBUG [40727] [] controllers/QuizAssignmentCheckboxController.php: is exist
2022-05-19 18:39:09,889 DEBUG [40727] [] QuizAssignmentCheckboxForm: is exist
2022-05-19 18:39:09,890 DEBUG [40727] [] QuizAssignmentCheckboxForm: form value set 
2022-05-19 18:39:09,890 DEBUG [40727] [] ------------------------------/eccadmin_dev/QuizAssignmentCheckbox/save
2022-05-19 18:39:09,890 DEBUG [40727] [] ------------------------------session_check_true
2022-05-19 18:39:09,890 DEBUG [40727] [] saveAction start
2022-05-19 18:39:09,891 DEBUG [40727] [] admin_no is 1
2022-05-19 18:39:09,893 DEBUG [40727] [] INSERT INTO  T_TEST_QUIZ (org_no,test_no,quiz_no,disp_no,del_flg,create_dt,creater_id,update_dt,updater_id ) VALUES ( :org_no,:test_no,:quiz_no,:disp_no,:del_flg,:create_dt,:creater_id,:update_dt,:updater_id );
2022-05-19 18:39:09,893 DEBUG [40727] [] INSERT INTO  T_TEST_QUIZ (org_no,test_no,quiz_no,disp_no,del_flg,create_dt,creater_id,update_dt,updater_id ) VALUES ( :org_no,:test_no,:quiz_no,:disp_no,:del_flg,:create_dt,:creater_id,:update_dt,:updater_id );
2022-05-19 18:39:09,894 DEBUG [40727] [] INSERT INTO  T_TEST_QUIZ (org_no,test_no,quiz_no,disp_no,del_flg,create_dt,creater_id,update_dt,updater_id ) VALUES ( :org_no,:test_no,:quiz_no,:disp_no,:del_flg,:create_dt,:creater_id,:update_dt,:updater_id );
2022-05-19 18:39:09,894 DEBUG [40727] [] INSERT INTO  T_TEST_QUIZ (org_no,test_no,quiz_no,disp_no,del_flg,create_dt,creater_id,update_dt,updater_id ) VALUES ( :org_no,:test_no,:quiz_no,:disp_no,:del_flg,:create_dt,:creater_id,:update_dt,:updater_id );
2022-05-19 18:39:09,895 DEBUG [40727] [] INSERT INTO  T_TEST_QUIZ (org_no,test_no,quiz_no,disp_no,del_flg,create_dt,creater_id,update_dt,updater_id ) VALUES ( :org_no,:test_no,:quiz_no,:disp_no,:del_flg,:create_dt,:creater_id,:update_dt,:updater_id );
2022-05-19 18:39:09,896 DEBUG [40727] [] INSERT INTO  T_TEST_QUIZ (org_no,test_no,quiz_no,disp_no,del_flg,create_dt,creater_id,update_dt,updater_id ) VALUES ( :org_no,:test_no,:quiz_no,:disp_no,:del_flg,:create_dt,:creater_id,:update_dt,:updater_id );
2022-05-19 18:39:10,601 DEBUG [40727] [] saveAction end
2022-05-19 18:39:10,602 DEBUG [40727] [] QuizAssignmentCheckboxController end
2022-05-19 18:39:10,603 DEBUG [40727] [] finally
