2022-08-13 08:11:10,181 DEBUG [23632] [] Request URI : /eccadmin_dev/Login
2022-08-13 08:11:10,208 DEBUG [23632] [] LoginController start
2022-08-13 08:11:10,209 DEBUG [23632] [] controllers/LoginController.php: is exist
2022-08-13 08:11:10,209 DEBUG [23632] [] LoginForm: is exist
2022-08-13 08:11:10,209 DEBUG [23632] [] LoginForm: form value set 
2022-08-13 08:11:10,209 DEBUG [23632] [] ------------------------------/eccadmin_dev/Login
2022-08-13 08:11:10,210 DEBUG [23632] [] ------------------------------login_start_check
2022-08-13 08:11:10,210 DEBUG [23632] [] indexAction start
2022-08-13 08:11:10,267 DEBUG [23632] [] indexAction end
2022-08-13 08:11:10,267 DEBUG [23632] [] LoginController end
2022-08-13 08:11:10,267 DEBUG [23632] [] finally
2022-08-13 15:52:13,834 DEBUG [30522] [] Request URI : /eccadmin_dev/Login
2022-08-13 15:52:13,835 DEBUG [30522] [] LoginController start
2022-08-13 15:52:13,835 DEBUG [30522] [] controllers/LoginController.php: is exist
2022-08-13 15:52:13,835 DEBUG [30522] [] LoginForm: is exist
2022-08-13 15:52:13,835 DEBUG [30522] [] LoginForm: form value set 
2022-08-13 15:52:13,836 DEBUG [30522] [] ------------------------------/eccadmin_dev/Login
2022-08-13 15:52:13,836 DEBUG [30522] [] ------------------------------login_start_check
2022-08-13 15:52:13,836 DEBUG [30522] [] indexAction start
2022-08-13 15:52:13,852 DEBUG [30522] [] indexAction end
2022-08-13 15:52:13,852 DEBUG [30522] [] LoginController end
2022-08-13 15:52:13,852 DEBUG [30522] [] finally
