2022-04-12 11:25:30,180 DEBUG [107923] [] Request URI : /eccadmin_dev/Login
2022-04-12 11:25:30,266 DEBUG [107923] [] LoginController start
2022-04-12 11:25:30,285 DEBUG [107923] [] controllers/LoginController.php: is exist
2022-04-12 11:25:30,385 DEBUG [107923] [] LoginForm: is exist
2022-04-12 11:25:30,410 DEBUG [107923] [] LoginForm: form value set 
2022-04-12 11:25:30,411 DEBUG [107923] [] ------------------------------/eccadmin_dev/Login
2022-04-12 11:25:30,411 DEBUG [107923] [] ------------------------------login_start_check
2022-04-12 11:25:30,411 DEBUG [107923] [] indexAction start
2022-04-12 11:25:30,517 DEBUG [107923] [] indexAction end
2022-04-12 11:25:30,517 DEBUG [107923] [] LoginController end
2022-04-12 11:25:30,517 DEBUG [107923] [] finally
2022-04-12 11:25:33,932 DEBUG [107934] [] Request URI : /eccadmin_dev/Login/login
2022-04-12 11:25:33,941 DEBUG [107934] [] LoginController start
2022-04-12 11:25:33,941 DEBUG [107934] [] controllers/LoginController.php: is exist
2022-04-12 11:25:33,944 DEBUG [107934] [] LoginForm: is exist
2022-04-12 11:25:33,944 DEBUG [107934] [] LoginForm: form value set 
2022-04-12 11:25:33,945 DEBUG [107934] [] ------------------------------/eccadmin_dev/Login/login
2022-04-12 11:25:33,945 DEBUG [107934] [] ------------------------------login_start_check
2022-04-12 11:25:33,945 DEBUG [107934] [] loginAction start
2022-04-12 11:25:34,253 DEBUG [107934] [] loginAction end
2022-04-12 11:25:34,253 DEBUG [107934] [] LoginController end
2022-04-12 11:25:34,253 DEBUG [107934] [] finally
2022-04-12 11:25:34,273 DEBUG [107934] [] Request URI : /eccadmin_dev/Menu
2022-04-12 11:25:34,275 DEBUG [107934] [] MenuController start
2022-04-12 11:25:34,276 DEBUG [107934] [] controllers/MenuController.php: is exist
2022-04-12 11:25:34,392 DEBUG [107934] [] MenuForm: is exist
2022-04-12 11:25:34,397 DEBUG [107934] [] MenuForm: form value set 
2022-04-12 11:25:34,398 DEBUG [107934] [] ------------------------------/eccadmin_dev/Menu
2022-04-12 11:25:34,398 DEBUG [107934] [] ------------------------------login_start_check
2022-04-12 11:25:34,398 DEBUG [107934] [] indexAction start
2022-04-12 11:25:34,398 DEBUG [107934] [] admin_no is 1
2022-04-12 11:25:34,528 DEBUG [107934] [] indexAction end
2022-04-12 11:25:34,529 DEBUG [107934] [] MenuController end
2022-04-12 11:25:34,529 DEBUG [107934] [] finally
2022-04-12 11:25:37,347 DEBUG [107178] [] Request URI : /eccadmin_dev/AtReportList
2022-04-12 11:25:37,352 DEBUG [107178] [] AtReportListController start
2022-04-12 11:25:37,371 DEBUG [107178] [] controllers/AtReportListController.php: is exist
2022-04-12 11:25:37,498 DEBUG [107178] [] AtReportListForm: is exist
2022-04-12 11:25:37,505 DEBUG [107178] [] AtReportListForm: form value set 
2022-04-12 11:25:37,505 DEBUG [107178] [] ------------------------------/eccadmin_dev/AtReportList
2022-04-12 11:25:37,506 DEBUG [107178] [] indexAction start
2022-04-12 11:25:37,506 DEBUG [107178] [] admin_no is 1
2022-04-12 11:25:37,660 DEBUG [107178] [] indexAction end
2022-04-12 11:25:37,661 DEBUG [107178] [] AtReportListController end
2022-04-12 11:25:37,661 DEBUG [107178] [] finally
2022-04-12 11:25:42,469 DEBUG [106829] [] Request URI : /eccadmin_dev/AtReportRegist/index
2022-04-12 11:25:42,474 DEBUG [106829] [] AtReportRegistController start
2022-04-12 11:25:42,494 DEBUG [106829] [] controllers/AtReportRegistController.php: is exist
2022-04-12 11:25:42,550 DEBUG [106829] [] AtReportRegistForm: is exist
2022-04-12 11:25:42,560 DEBUG [106829] [] AtReportRegistForm: form value set 
2022-04-12 11:25:42,561 DEBUG [106829] [] ------------------------------/eccadmin_dev/AtReportRegist/index
2022-04-12 11:25:42,561 DEBUG [106829] [] ------------------------------session_check_true
2022-04-12 11:25:42,561 DEBUG [106829] [] indexAction start
2022-04-12 11:25:42,561 DEBUG [106829] [] admin_no is 1
2022-04-12 11:25:42,687 DEBUG [106829] [] indexAction end
2022-04-12 11:25:42,687 DEBUG [106829] [] AtReportRegistController end
2022-04-12 11:25:42,687 DEBUG [106829] [] finally
2022-04-12 11:25:49,701 DEBUG [106570] [] Request URI : /eccadmin_dev/AtReportRegist/save
2022-04-12 11:25:49,706 DEBUG [106570] [] AtReportRegistController start
2022-04-12 11:25:49,706 DEBUG [106570] [] controllers/AtReportRegistController.php: is exist
2022-04-12 11:25:49,712 DEBUG [106570] [] AtReportRegistForm: is exist
2022-04-12 11:25:49,713 DEBUG [106570] [] AtReportRegistForm: form value set 
2022-04-12 11:25:49,713 DEBUG [106570] [] ------------------------------/eccadmin_dev/AtReportRegist/save
2022-04-12 11:25:49,713 DEBUG [106570] [] ------------------------------session_check_true
2022-04-12 11:25:49,713 DEBUG [106570] [] saveAction start
2022-04-12 11:25:49,765 DEBUG [106570] [] admin_no is 1
2022-04-12 11:25:49,765 DEBUG [106570] [] saveAction end
2022-04-12 11:25:49,766 DEBUG [106570] [] AtReportRegistController end
2022-04-12 11:25:49,766 DEBUG [106570] [] finally
2022-04-12 11:25:49,798 DEBUG [106570] [] Request URI : /eccadmin_dev/AtReportList/Search
2022-04-12 11:25:49,803 DEBUG [106570] [] AtReportListController start
2022-04-12 11:25:49,803 DEBUG [106570] [] controllers/AtReportListController.php: is exist
2022-04-12 11:25:49,807 DEBUG [106570] [] AtReportListForm: is exist
2022-04-12 11:25:49,807 DEBUG [106570] [] AtReportListForm: form value set 
2022-04-12 11:25:49,808 DEBUG [106570] [] ------------------------------/eccadmin_dev/AtReportList/Search
2022-04-12 11:25:49,808 DEBUG [106570] [] SearchAction start
2022-04-12 11:25:49,808 DEBUG [106570] [] --------back--------
2022-04-12 11:25:49,808 DEBUG [106570] [] admin_no is 1
2022-04-12 11:25:49,878 DEBUG [106570] [] SearchAction end
2022-04-12 11:25:49,878 DEBUG [106570] [] AtReportListController end
2022-04-12 11:25:49,878 DEBUG [106570] [] finally
2022-04-12 11:25:52,672 DEBUG [106795] [] Request URI : /eccadmin_dev/Login/logout
2022-04-12 11:25:52,677 DEBUG [106795] [] LoginController start
2022-04-12 11:25:52,677 DEBUG [106795] [] controllers/LoginController.php: is exist
2022-04-12 11:25:52,680 DEBUG [106795] [] LoginForm: is exist
2022-04-12 11:25:52,680 DEBUG [106795] [] LoginForm: form value set 
2022-04-12 11:25:52,680 DEBUG [106795] [] ------------------------------/eccadmin_dev/Login/logout
2022-04-12 11:25:52,680 DEBUG [106795] [] ------------------------------login_start_check
2022-04-12 11:25:52,681 DEBUG [106795] [] logoutAction start
2022-04-12 11:25:52,681 DEBUG [106795] [] logoutAction end
2022-04-12 11:25:52,681 DEBUG [106795] [] LoginController end
2022-04-12 11:25:52,681 DEBUG [106795] [] finally
2022-04-12 11:25:52,710 DEBUG [106795] [] Request URI : /eccadmin_dev/Login
2022-04-12 11:25:52,715 DEBUG [106795] [] LoginController start
2022-04-12 11:25:52,715 DEBUG [106795] [] controllers/LoginController.php: is exist
2022-04-12 11:25:52,717 DEBUG [106795] [] LoginForm: is exist
2022-04-12 11:25:52,717 DEBUG [106795] [] LoginForm: form value set 
2022-04-12 11:25:52,718 DEBUG [106795] [] ------------------------------/eccadmin_dev/Login
2022-04-12 11:25:52,718 DEBUG [106795] [] ------------------------------login_start_check
2022-04-12 11:25:52,718 DEBUG [106795] [] indexAction start
2022-04-12 11:25:52,743 DEBUG [106795] [] indexAction end
2022-04-12 11:25:52,743 DEBUG [106795] [] LoginController end
2022-04-12 11:25:52,743 DEBUG [106795] [] finally
2022-04-12 11:36:14,792 DEBUG [108184] [] Request URI : /eccadmin_dev/Login
2022-04-12 11:36:14,797 DEBUG [108184] [] LoginController start
2022-04-12 11:36:14,797 DEBUG [108184] [] controllers/LoginController.php: is exist
2022-04-12 11:36:14,800 DEBUG [108184] [] LoginForm: is exist
2022-04-12 11:36:14,800 DEBUG [108184] [] LoginForm: form value set 
2022-04-12 11:36:14,801 DEBUG [108184] [] ------------------------------/eccadmin_dev/Login
2022-04-12 11:36:14,801 DEBUG [108184] [] ------------------------------login_start_check
2022-04-12 11:36:14,801 DEBUG [108184] [] indexAction start
2022-04-12 11:36:14,831 DEBUG [108184] [] indexAction end
2022-04-12 11:36:14,831 DEBUG [108184] [] LoginController end
2022-04-12 11:36:14,831 DEBUG [108184] [] finally
2022-04-12 11:37:15,576 DEBUG [107928] [] Request URI : /eccadmin_dev/Login/login
2022-04-12 11:37:15,581 DEBUG [107928] [] LoginController start
2022-04-12 11:37:15,582 DEBUG [107928] [] controllers/LoginController.php: is exist
2022-04-12 11:37:15,584 DEBUG [107928] [] LoginForm: is exist
2022-04-12 11:37:15,585 DEBUG [107928] [] LoginForm: form value set 
2022-04-12 11:37:15,585 DEBUG [107928] [] ------------------------------/eccadmin_dev/Login/login
2022-04-12 11:37:15,585 DEBUG [107928] [] ------------------------------login_start_check
2022-04-12 11:37:15,585 DEBUG [107928] [] loginAction start
2022-04-12 11:37:15,880 DEBUG [107928] [] loginAction end
2022-04-12 11:37:15,880 DEBUG [107928] [] LoginController end
2022-04-12 11:37:15,880 DEBUG [107928] [] finally
2022-04-12 11:37:15,909 DEBUG [107928] [] Request URI : /eccadmin_dev/Menu
2022-04-12 11:37:15,913 DEBUG [107928] [] MenuController start
2022-04-12 11:37:15,913 DEBUG [107928] [] controllers/MenuController.php: is exist
2022-04-12 11:37:15,915 DEBUG [107928] [] MenuForm: is exist
2022-04-12 11:37:15,915 DEBUG [107928] [] MenuForm: form value set 
2022-04-12 11:37:15,915 DEBUG [107928] [] ------------------------------/eccadmin_dev/Menu
2022-04-12 11:37:15,915 DEBUG [107928] [] ------------------------------login_start_check
2022-04-12 11:37:15,916 DEBUG [107928] [] indexAction start
2022-04-12 11:37:15,916 DEBUG [107928] [] admin_no is 1
2022-04-12 11:37:15,957 DEBUG [107928] [] indexAction end
2022-04-12 11:37:15,957 DEBUG [107928] [] MenuController end
2022-04-12 11:37:15,957 DEBUG [107928] [] finally
2022-04-12 11:37:19,459 DEBUG [107930] [] Request URI : /eccadmin_dev/AtReportList
2022-04-12 11:37:19,464 DEBUG [107930] [] AtReportListController start
2022-04-12 11:37:19,464 DEBUG [107930] [] controllers/AtReportListController.php: is exist
2022-04-12 11:37:19,468 DEBUG [107930] [] AtReportListForm: is exist
2022-04-12 11:37:19,468 DEBUG [107930] [] AtReportListForm: form value set 
2022-04-12 11:37:19,468 DEBUG [107930] [] ------------------------------/eccadmin_dev/AtReportList
2022-04-12 11:37:19,468 DEBUG [107930] [] indexAction start
2022-04-12 11:37:19,469 DEBUG [107930] [] admin_no is 1
2022-04-12 11:37:19,538 DEBUG [107930] [] indexAction end
2022-04-12 11:37:19,538 DEBUG [107930] [] AtReportListController end
2022-04-12 11:37:19,538 DEBUG [107930] [] finally
2022-04-12 11:37:26,507 DEBUG [108184] [] Request URI : /eccadmin_dev/AtReportRegist/index
2022-04-12 11:37:26,513 DEBUG [108184] [] AtReportRegistController start
2022-04-12 11:37:26,513 DEBUG [108184] [] controllers/AtReportRegistController.php: is exist
2022-04-12 11:37:26,519 DEBUG [108184] [] AtReportRegistForm: is exist
2022-04-12 11:37:26,519 DEBUG [108184] [] AtReportRegistForm: form value set 
2022-04-12 11:37:26,520 DEBUG [108184] [] ------------------------------/eccadmin_dev/AtReportRegist/index
2022-04-12 11:37:26,520 DEBUG [108184] [] ------------------------------session_check_true
2022-04-12 11:37:26,520 DEBUG [108184] [] indexAction start
2022-04-12 11:37:26,520 DEBUG [108184] [] admin_no is 1
2022-04-12 11:37:26,607 DEBUG [108184] [] indexAction end
2022-04-12 11:37:26,607 DEBUG [108184] [] AtReportRegistController end
2022-04-12 11:37:26,607 DEBUG [108184] [] finally
2022-04-12 11:37:34,905 DEBUG [108290] [] Request URI : /eccadmin_dev/AtReportRegist/save
2022-04-12 11:37:34,911 DEBUG [108290] [] AtReportRegistController start
2022-04-12 11:37:34,911 DEBUG [108290] [] controllers/AtReportRegistController.php: is exist
2022-04-12 11:37:34,917 DEBUG [108290] [] AtReportRegistForm: is exist
2022-04-12 11:37:34,917 DEBUG [108290] [] AtReportRegistForm: form value set 
2022-04-12 11:37:34,918 DEBUG [108290] [] ------------------------------/eccadmin_dev/AtReportRegist/save
2022-04-12 11:37:34,918 DEBUG [108290] [] ------------------------------session_check_true
2022-04-12 11:37:34,918 DEBUG [108290] [] saveAction start
2022-04-12 11:37:34,926 DEBUG [108290] [] admin_no is 1
2022-04-12 11:37:34,926 DEBUG [108290] [] saveAction end
2022-04-12 11:37:34,926 DEBUG [108290] [] AtReportRegistController end
2022-04-12 11:37:34,926 DEBUG [108290] [] finally
2022-04-12 11:37:34,958 DEBUG [108290] [] Request URI : /eccadmin_dev/AtReportList/Search
2022-04-12 11:37:34,963 DEBUG [108290] [] AtReportListController start
2022-04-12 11:37:34,963 DEBUG [108290] [] controllers/AtReportListController.php: is exist
2022-04-12 11:37:34,967 DEBUG [108290] [] AtReportListForm: is exist
2022-04-12 11:37:34,967 DEBUG [108290] [] AtReportListForm: form value set 
2022-04-12 11:37:34,968 DEBUG [108290] [] ------------------------------/eccadmin_dev/AtReportList/Search
2022-04-12 11:37:34,968 DEBUG [108290] [] SearchAction start
2022-04-12 11:37:34,968 DEBUG [108290] [] --------back--------
2022-04-12 11:37:34,968 DEBUG [108290] [] admin_no is 1
2022-04-12 11:37:35,036 DEBUG [108290] [] SearchAction end
2022-04-12 11:37:35,036 DEBUG [108290] [] AtReportListController end
2022-04-12 11:37:35,037 DEBUG [108290] [] finally
2022-04-12 11:37:37,682 DEBUG [108290] [] Request URI : /eccadmin_dev/Login/logout
2022-04-12 11:37:37,687 DEBUG [108290] [] LoginController start
2022-04-12 11:37:37,687 DEBUG [108290] [] controllers/LoginController.php: is exist
2022-04-12 11:37:37,690 DEBUG [108290] [] LoginForm: is exist
2022-04-12 11:37:37,690 DEBUG [108290] [] LoginForm: form value set 
2022-04-12 11:37:37,691 DEBUG [108290] [] ------------------------------/eccadmin_dev/Login/logout
2022-04-12 11:37:37,691 DEBUG [108290] [] ------------------------------login_start_check
2022-04-12 11:37:37,691 DEBUG [108290] [] logoutAction start
2022-04-12 11:37:37,691 DEBUG [108290] [] logoutAction end
2022-04-12 11:37:37,692 DEBUG [108290] [] LoginController end
2022-04-12 11:37:37,692 DEBUG [108290] [] finally
2022-04-12 11:37:37,724 DEBUG [108290] [] Request URI : /eccadmin_dev/Login
2022-04-12 11:37:37,729 DEBUG [108290] [] LoginController start
2022-04-12 11:37:37,729 DEBUG [108290] [] controllers/LoginController.php: is exist
2022-04-12 11:37:37,732 DEBUG [108290] [] LoginForm: is exist
2022-04-12 11:37:37,732 DEBUG [108290] [] LoginForm: form value set 
2022-04-12 11:37:37,733 DEBUG [108290] [] ------------------------------/eccadmin_dev/Login
2022-04-12 11:37:37,733 DEBUG [108290] [] ------------------------------login_start_check
2022-04-12 11:37:37,733 DEBUG [108290] [] indexAction start
2022-04-12 11:37:37,762 DEBUG [108290] [] indexAction end
2022-04-12 11:37:37,762 DEBUG [108290] [] LoginController end
2022-04-12 11:37:37,762 DEBUG [108290] [] finally
