2022-02-22 09:49:48,278 DEBUG [70825] [] Request URI : /eccadmin_dev/AtReportList/Search
2022-02-22 09:49:48,291 DEBUG [70825] [] AtReportListController start
2022-02-22 09:49:48,291 DEBUG [70825] [] controllers/AtReportListController.php: is exist
2022-02-22 09:49:48,292 DEBUG [70825] [] AtReportListForm: is exist
2022-02-22 09:49:48,292 DEBUG [70825] [] AtReportListForm: form value set 
2022-02-22 09:49:48,292 DEBUG [70825] [] ------------------------------/eccadmin_dev/AtReportList/Search
2022-02-22 09:49:48,293 DEBUG [70825] [] SearchAction start
2022-02-22 09:49:48,293 DEBUG [70825] [] admin_no is 1
2022-02-22 09:49:48,383 DEBUG [70825] [] SearchAction end
2022-02-22 09:49:48,383 DEBUG [70825] [] AtReportListController end
2022-02-22 09:49:48,383 DEBUG [70825] [] finally
2022-02-22 10:35:00,731 DEBUG [71695] [] Request URI : /eccadmin_dev/Menu
2022-02-22 10:35:00,732 DEBUG [71695] [] MenuController start
2022-02-22 10:35:00,732 DEBUG [71695] [] controllers/MenuController.php: is exist
2022-02-22 10:35:00,732 DEBUG [71695] [] MenuForm: is exist
2022-02-22 10:35:00,732 DEBUG [71695] [] MenuForm: form value set 
2022-02-22 10:35:00,733 DEBUG [71695] [] ------------------------------/eccadmin_dev/Menu
2022-02-22 10:35:00,733 DEBUG [71695] [] ------------------------------login_start_check
2022-02-22 10:35:00,733 DEBUG [71695] [] indexAction start
2022-02-22 10:35:00,733 DEBUG [71695] [] admin_no is 
2022-02-22 10:35:00,733 DEBUG [71695] [] indexAction end
2022-02-22 10:35:00,733 DEBUG [71695] [] MenuController end
2022-02-22 10:35:00,733 DEBUG [71695] [] finally
2022-02-22 10:35:00,768 DEBUG [71695] [] Request URI : /eccadmin_dev/Error/disp
2022-02-22 10:35:00,769 DEBUG [71695] [] ErrorController start
2022-02-22 10:35:00,769 DEBUG [71695] [] controllers/ErrorController.php: is exist
2022-02-22 10:35:00,769 DEBUG [71695] [] ErrorForm: is exist
2022-02-22 10:35:00,769 DEBUG [71695] [] ErrorForm: form value set 
2022-02-22 10:35:00,770 DEBUG [71695] [] ------------------------------/eccadmin_dev/Error/disp
2022-02-22 10:35:00,770 DEBUG [71695] [] ------------------------------login_start_check
2022-02-22 10:35:00,770 DEBUG [71695] [] dispAction start
2022-02-22 10:35:00,782 DEBUG [71695] [] dispAction end
2022-02-22 10:35:00,782 DEBUG [71695] [] ErrorController end
2022-02-22 10:35:00,782 DEBUG [71695] [] finally
2022-02-22 10:35:02,285 DEBUG [71695] [] Request URI : /eccadmin_dev/Login
2022-02-22 10:35:02,286 DEBUG [71695] [] LoginController start
2022-02-22 10:35:02,286 DEBUG [71695] [] controllers/LoginController.php: is exist
2022-02-22 10:35:02,286 DEBUG [71695] [] LoginForm: is exist
2022-02-22 10:35:02,286 DEBUG [71695] [] LoginForm: form value set 
2022-02-22 10:35:02,287 DEBUG [71695] [] ------------------------------/eccadmin_dev/Login
2022-02-22 10:35:02,287 DEBUG [71695] [] ------------------------------login_start_check
2022-02-22 10:35:02,287 DEBUG [71695] [] indexAction start
2022-02-22 10:35:02,302 DEBUG [71695] [] indexAction end
2022-02-22 10:35:02,302 DEBUG [71695] [] LoginController end
2022-02-22 10:35:02,302 DEBUG [71695] [] finally
2022-02-22 10:35:05,038 DEBUG [71695] [] Request URI : /eccadmin_dev/Login/login
2022-02-22 10:35:05,039 DEBUG [71695] [] LoginController start
2022-02-22 10:35:05,039 DEBUG [71695] [] controllers/LoginController.php: is exist
2022-02-22 10:35:05,039 DEBUG [71695] [] LoginForm: is exist
2022-02-22 10:35:05,039 DEBUG [71695] [] LoginForm: form value set 
2022-02-22 10:35:05,040 DEBUG [71695] [] ------------------------------/eccadmin_dev/Login/login
2022-02-22 10:35:05,040 DEBUG [71695] [] ------------------------------login_start_check
2022-02-22 10:35:05,040 DEBUG [71695] [] loginAction start
2022-02-22 10:35:05,344 DEBUG [71695] [] loginAction end
2022-02-22 10:35:05,344 DEBUG [71695] [] LoginController end
2022-02-22 10:35:05,344 DEBUG [71695] [] finally
2022-02-22 10:35:05,367 DEBUG [71695] [] Request URI : /eccadmin_dev/Menu
2022-02-22 10:35:05,368 DEBUG [71695] [] MenuController start
2022-02-22 10:35:05,368 DEBUG [71695] [] controllers/MenuController.php: is exist
2022-02-22 10:35:05,368 DEBUG [71695] [] MenuForm: is exist
2022-02-22 10:35:05,368 DEBUG [71695] [] MenuForm: form value set 
2022-02-22 10:35:05,368 DEBUG [71695] [] ------------------------------/eccadmin_dev/Menu
2022-02-22 10:35:05,368 DEBUG [71695] [] ------------------------------login_start_check
2022-02-22 10:35:05,368 DEBUG [71695] [] indexAction start
2022-02-22 10:35:05,368 DEBUG [71695] [] admin_no is 1
2022-02-22 10:35:05,408 DEBUG [71695] [] indexAction end
2022-02-22 10:35:05,408 DEBUG [71695] [] MenuController end
2022-02-22 10:35:05,408 DEBUG [71695] [] finally
2022-02-22 10:35:09,426 DEBUG [71695] [] Request URI : /eccadmin_dev/AtReportList
2022-02-22 10:35:09,426 DEBUG [71695] [] AtReportListController start
2022-02-22 10:35:09,426 DEBUG [71695] [] controllers/AtReportListController.php: is exist
2022-02-22 10:35:09,427 DEBUG [71695] [] AtReportListForm: is exist
2022-02-22 10:35:09,427 DEBUG [71695] [] AtReportListForm: form value set 
2022-02-22 10:35:09,427 DEBUG [71695] [] ------------------------------/eccadmin_dev/AtReportList
2022-02-22 10:35:09,427 DEBUG [71695] [] indexAction start
2022-02-22 10:35:09,428 DEBUG [71695] [] admin_no is 1
2022-02-22 10:35:09,493 DEBUG [71695] [] indexAction end
2022-02-22 10:35:09,493 DEBUG [71695] [] AtReportListController end
2022-02-22 10:35:09,493 DEBUG [71695] [] finally
2022-02-22 10:35:11,908 DEBUG [71695] [] Request URI : /eccadmin_dev/AtReportRegist/index
2022-02-22 10:35:11,908 DEBUG [71695] [] AtReportRegistController start
2022-02-22 10:35:11,908 DEBUG [71695] [] controllers/AtReportRegistController.php: is exist
2022-02-22 10:35:11,909 DEBUG [71695] [] AtReportRegistForm: is exist
2022-02-22 10:35:11,909 DEBUG [71695] [] AtReportRegistForm: form value set 
2022-02-22 10:35:11,909 DEBUG [71695] [] ------------------------------/eccadmin_dev/AtReportRegist/index
2022-02-22 10:35:11,910 DEBUG [71695] [] ------------------------------session_check_true
2022-02-22 10:35:11,910 DEBUG [71695] [] indexAction start
2022-02-22 10:35:11,910 DEBUG [71695] [] admin_no is 1
2022-02-22 10:35:11,992 DEBUG [71695] [] indexAction end
2022-02-22 10:35:11,992 DEBUG [71695] [] AtReportRegistController end
2022-02-22 10:35:11,992 DEBUG [71695] [] finally
2022-02-22 10:35:28,771 DEBUG [71782] [] Request URI : /eccadmin_dev/AtReportRegist/save
2022-02-22 10:35:28,772 DEBUG [71782] [] AtReportRegistController start
2022-02-22 10:35:28,772 DEBUG [71782] [] controllers/AtReportRegistController.php: is exist
2022-02-22 10:35:28,773 DEBUG [71782] [] AtReportRegistForm: is exist
2022-02-22 10:35:28,773 DEBUG [71782] [] AtReportRegistForm: form value set 
2022-02-22 10:35:28,773 DEBUG [71782] [] ------------------------------/eccadmin_dev/AtReportRegist/save
2022-02-22 10:35:28,773 DEBUG [71782] [] ------------------------------session_check_true
2022-02-22 10:35:28,773 DEBUG [71782] [] saveAction start
2022-02-22 10:35:28,777 DEBUG [71782] [] admin_no is 1
2022-02-22 10:35:28,777 DEBUG [71782] [] saveAction end
2022-02-22 10:35:28,777 DEBUG [71782] [] AtReportRegistController end
2022-02-22 10:35:28,777 DEBUG [71782] [] finally
2022-02-22 10:35:28,803 DEBUG [71782] [] Request URI : /eccadmin_dev/AtReportList/Search
2022-02-22 10:35:28,804 DEBUG [71782] [] AtReportListController start
2022-02-22 10:35:28,804 DEBUG [71782] [] controllers/AtReportListController.php: is exist
2022-02-22 10:35:28,804 DEBUG [71782] [] AtReportListForm: is exist
2022-02-22 10:35:28,804 DEBUG [71782] [] AtReportListForm: form value set 
2022-02-22 10:35:28,805 DEBUG [71782] [] ------------------------------/eccadmin_dev/AtReportList/Search
2022-02-22 10:35:28,805 DEBUG [71782] [] SearchAction start
2022-02-22 10:35:28,805 DEBUG [71782] [] --------back--------
2022-02-22 10:35:28,805 DEBUG [71782] [] admin_no is 1
2022-02-22 10:35:28,874 DEBUG [71782] [] SearchAction end
2022-02-22 10:35:28,874 DEBUG [71782] [] AtReportListController end
2022-02-22 10:35:28,874 DEBUG [71782] [] finally
2022-02-22 10:36:05,430 DEBUG [71680] [] Request URI : /eccadmin_dev/AtReportRegist/index
2022-02-22 10:36:05,431 DEBUG [71680] [] AtReportRegistController start
2022-02-22 10:36:05,431 DEBUG [71680] [] controllers/AtReportRegistController.php: is exist
2022-02-22 10:36:05,432 DEBUG [71680] [] AtReportRegistForm: is exist
2022-02-22 10:36:05,432 DEBUG [71680] [] AtReportRegistForm: form value set 
2022-02-22 10:36:05,433 DEBUG [71680] [] ------------------------------/eccadmin_dev/AtReportRegist/index
2022-02-22 10:36:05,433 DEBUG [71680] [] ------------------------------session_check_true
2022-02-22 10:36:05,433 DEBUG [71680] [] indexAction start
2022-02-22 10:36:05,433 DEBUG [71680] [] admin_no is 1
2022-02-22 10:36:05,512 DEBUG [71680] [] indexAction end
2022-02-22 10:36:05,512 DEBUG [71680] [] AtReportRegistController end
2022-02-22 10:36:05,512 DEBUG [71680] [] finally
2022-02-22 10:36:19,780 DEBUG [71693] [] Request URI : /eccadmin_dev/AtReportRegist/save
2022-02-22 10:36:19,781 DEBUG [71693] [] AtReportRegistController start
2022-02-22 10:36:19,781 DEBUG [71693] [] controllers/AtReportRegistController.php: is exist
2022-02-22 10:36:19,781 DEBUG [71693] [] AtReportRegistForm: is exist
2022-02-22 10:36:19,781 DEBUG [71693] [] AtReportRegistForm: form value set 
2022-02-22 10:36:19,782 DEBUG [71693] [] ------------------------------/eccadmin_dev/AtReportRegist/save
2022-02-22 10:36:19,782 DEBUG [71693] [] ------------------------------session_check_true
2022-02-22 10:36:19,782 DEBUG [71693] [] saveAction start
2022-02-22 10:36:19,786 DEBUG [71693] [] admin_no is 1
2022-02-22 10:36:19,786 DEBUG [71693] [] saveAction end
2022-02-22 10:36:19,786 DEBUG [71693] [] AtReportRegistController end
2022-02-22 10:36:19,787 DEBUG [71693] [] finally
2022-02-22 10:36:20,029 DEBUG [71693] [] Request URI : /eccadmin_dev/AtReportList/Search
2022-02-22 10:36:20,029 DEBUG [71693] [] AtReportListController start
2022-02-22 10:36:20,030 DEBUG [71693] [] controllers/AtReportListController.php: is exist
2022-02-22 10:36:20,030 DEBUG [71693] [] AtReportListForm: is exist
2022-02-22 10:36:20,030 DEBUG [71693] [] AtReportListForm: form value set 
2022-02-22 10:36:20,030 DEBUG [71693] [] ------------------------------/eccadmin_dev/AtReportList/Search
2022-02-22 10:36:20,030 DEBUG [71693] [] SearchAction start
2022-02-22 10:36:20,031 DEBUG [71693] [] --------back--------
2022-02-22 10:36:20,031 DEBUG [71693] [] admin_no is 1
2022-02-22 10:36:20,096 DEBUG [71693] [] SearchAction end
2022-02-22 10:36:20,096 DEBUG [71693] [] AtReportListController end
2022-02-22 10:36:20,096 DEBUG [71693] [] finally
2022-02-22 10:37:10,592 DEBUG [71694] [] Request URI : /eccadmin_dev/AtReportRegist/index
2022-02-22 10:37:10,593 DEBUG [71694] [] AtReportRegistController start
2022-02-22 10:37:10,593 DEBUG [71694] [] controllers/AtReportRegistController.php: is exist
2022-02-22 10:37:10,593 DEBUG [71694] [] AtReportRegistForm: is exist
2022-02-22 10:37:10,593 DEBUG [71694] [] AtReportRegistForm: form value set 
2022-02-22 10:37:10,594 DEBUG [71694] [] ------------------------------/eccadmin_dev/AtReportRegist/index
2022-02-22 10:37:10,594 DEBUG [71694] [] ------------------------------session_check_true
2022-02-22 10:37:10,594 DEBUG [71694] [] indexAction start
2022-02-22 10:37:10,594 DEBUG [71694] [] admin_no is 1
2022-02-22 10:37:10,677 DEBUG [71694] [] indexAction end
2022-02-22 10:37:10,677 DEBUG [71694] [] AtReportRegistController end
2022-02-22 10:37:10,677 DEBUG [71694] [] finally
2022-02-22 10:37:18,877 DEBUG [71693] [] Request URI : /eccadmin_dev/AtReportRegist/save
2022-02-22 10:37:18,877 DEBUG [71693] [] AtReportRegistController start
2022-02-22 10:37:18,877 DEBUG [71693] [] controllers/AtReportRegistController.php: is exist
2022-02-22 10:37:18,878 DEBUG [71693] [] AtReportRegistForm: is exist
2022-02-22 10:37:18,878 DEBUG [71693] [] AtReportRegistForm: form value set 
2022-02-22 10:37:18,878 DEBUG [71693] [] ------------------------------/eccadmin_dev/AtReportRegist/save
2022-02-22 10:37:18,878 DEBUG [71693] [] ------------------------------session_check_true
2022-02-22 10:37:18,879 DEBUG [71693] [] saveAction start
2022-02-22 10:37:18,882 DEBUG [71693] [] admin_no is 1
2022-02-22 10:37:18,882 DEBUG [71693] [] saveAction end
2022-02-22 10:37:18,882 DEBUG [71693] [] AtReportRegistController end
2022-02-22 10:37:18,882 DEBUG [71693] [] finally
2022-02-22 10:37:18,911 DEBUG [71693] [] Request URI : /eccadmin_dev/AtReportList/Search
2022-02-22 10:37:18,911 DEBUG [71693] [] AtReportListController start
2022-02-22 10:37:18,911 DEBUG [71693] [] controllers/AtReportListController.php: is exist
2022-02-22 10:37:18,911 DEBUG [71693] [] AtReportListForm: is exist
2022-02-22 10:37:18,912 DEBUG [71693] [] AtReportListForm: form value set 
2022-02-22 10:37:18,912 DEBUG [71693] [] ------------------------------/eccadmin_dev/AtReportList/Search
2022-02-22 10:37:18,912 DEBUG [71693] [] SearchAction start
2022-02-22 10:37:18,912 DEBUG [71693] [] --------back--------
2022-02-22 10:37:18,912 DEBUG [71693] [] admin_no is 1
2022-02-22 10:37:18,975 DEBUG [71693] [] SearchAction end
2022-02-22 10:37:18,975 DEBUG [71693] [] AtReportListController end
2022-02-22 10:37:18,975 DEBUG [71693] [] finally
2022-02-22 10:46:27,722 DEBUG [71847] [] Request URI : /eccadmin_dev/AtReportRegist/index
2022-02-22 10:46:27,722 DEBUG [71847] [] AtReportRegistController start
2022-02-22 10:46:27,723 DEBUG [71847] [] controllers/AtReportRegistController.php: is exist
2022-02-22 10:46:27,723 DEBUG [71847] [] AtReportRegistForm: is exist
2022-02-22 10:46:27,723 DEBUG [71847] [] AtReportRegistForm: form value set 
2022-02-22 10:46:27,724 DEBUG [71847] [] ------------------------------/eccadmin_dev/AtReportRegist/index
2022-02-22 10:46:27,724 DEBUG [71847] [] ------------------------------session_check_true
2022-02-22 10:46:27,724 DEBUG [71847] [] indexAction start
2022-02-22 10:46:27,724 DEBUG [71847] [] admin_no is 1
2022-02-22 10:46:27,805 DEBUG [71847] [] indexAction end
2022-02-22 10:46:27,805 DEBUG [71847] [] AtReportRegistController end
2022-02-22 10:46:27,805 DEBUG [71847] [] finally
2022-02-22 10:46:40,710 DEBUG [71693] [] Request URI : /eccadmin_dev/AtReportRegist/save
2022-02-22 10:46:40,711 DEBUG [71693] [] AtReportRegistController start
2022-02-22 10:46:40,711 DEBUG [71693] [] controllers/AtReportRegistController.php: is exist
2022-02-22 10:46:40,711 DEBUG [71693] [] AtReportRegistForm: is exist
2022-02-22 10:46:40,711 DEBUG [71693] [] AtReportRegistForm: form value set 
2022-02-22 10:46:40,712 DEBUG [71693] [] ------------------------------/eccadmin_dev/AtReportRegist/save
2022-02-22 10:46:40,712 DEBUG [71693] [] ------------------------------session_check_true
2022-02-22 10:46:40,712 DEBUG [71693] [] saveAction start
2022-02-22 10:46:40,716 DEBUG [71693] [] admin_no is 1
2022-02-22 10:46:40,716 DEBUG [71693] [] saveAction end
2022-02-22 10:46:40,716 DEBUG [71693] [] AtReportRegistController end
2022-02-22 10:46:40,716 DEBUG [71693] [] finally
2022-02-22 10:46:40,751 DEBUG [71693] [] Request URI : /eccadmin_dev/AtReportList/Search
2022-02-22 10:46:40,751 DEBUG [71693] [] AtReportListController start
2022-02-22 10:46:40,751 DEBUG [71693] [] controllers/AtReportListController.php: is exist
2022-02-22 10:46:40,752 DEBUG [71693] [] AtReportListForm: is exist
2022-02-22 10:46:40,752 DEBUG [71693] [] AtReportListForm: form value set 
2022-02-22 10:46:40,752 DEBUG [71693] [] ------------------------------/eccadmin_dev/AtReportList/Search
2022-02-22 10:46:40,752 DEBUG [71693] [] SearchAction start
2022-02-22 10:46:40,753 DEBUG [71693] [] --------back--------
2022-02-22 10:46:40,753 DEBUG [71693] [] admin_no is 1
2022-02-22 10:46:40,817 DEBUG [71693] [] SearchAction end
2022-02-22 10:46:40,817 DEBUG [71693] [] AtReportListController end
2022-02-22 10:46:40,817 DEBUG [71693] [] finally
2022-02-22 10:47:30,869 DEBUG [71839] [] Request URI : /eccadmin_dev/AtReportRegist/index
2022-02-22 10:47:30,869 DEBUG [71839] [] AtReportRegistController start
2022-02-22 10:47:30,869 DEBUG [71839] [] controllers/AtReportRegistController.php: is exist
2022-02-22 10:47:30,870 DEBUG [71839] [] AtReportRegistForm: is exist
2022-02-22 10:47:30,870 DEBUG [71839] [] AtReportRegistForm: form value set 
2022-02-22 10:47:30,870 DEBUG [71839] [] ------------------------------/eccadmin_dev/AtReportRegist/index
2022-02-22 10:47:30,870 DEBUG [71839] [] ------------------------------session_check_true
2022-02-22 10:47:30,871 DEBUG [71839] [] indexAction start
2022-02-22 10:47:30,871 DEBUG [71839] [] admin_no is 1
2022-02-22 10:47:30,940 DEBUG [71839] [] indexAction end
2022-02-22 10:47:30,940 DEBUG [71839] [] AtReportRegistController end
2022-02-22 10:47:30,941 DEBUG [71839] [] finally
2022-02-22 10:47:42,960 DEBUG [71973] [] Request URI : /eccadmin_dev/AtReportRegist/save
2022-02-22 10:47:42,961 DEBUG [71973] [] AtReportRegistController start
2022-02-22 10:47:42,961 DEBUG [71973] [] controllers/AtReportRegistController.php: is exist
2022-02-22 10:47:42,961 DEBUG [71973] [] AtReportRegistForm: is exist
2022-02-22 10:47:42,961 DEBUG [71973] [] AtReportRegistForm: form value set 
2022-02-22 10:47:42,962 DEBUG [71973] [] ------------------------------/eccadmin_dev/AtReportRegist/save
2022-02-22 10:47:42,962 DEBUG [71973] [] ------------------------------session_check_true
2022-02-22 10:47:42,962 DEBUG [71973] [] saveAction start
2022-02-22 10:47:42,968 DEBUG [71973] [] admin_no is 1
2022-02-22 10:47:42,968 DEBUG [71973] [] saveAction end
2022-02-22 10:47:42,968 DEBUG [71973] [] AtReportRegistController end
2022-02-22 10:47:42,968 DEBUG [71973] [] finally
2022-02-22 10:47:43,164 DEBUG [71973] [] Request URI : /eccadmin_dev/AtReportList/Search
2022-02-22 10:47:43,164 DEBUG [71973] [] AtReportListController start
2022-02-22 10:47:43,165 DEBUG [71973] [] controllers/AtReportListController.php: is exist
2022-02-22 10:47:43,165 DEBUG [71973] [] AtReportListForm: is exist
2022-02-22 10:47:43,165 DEBUG [71973] [] AtReportListForm: form value set 
2022-02-22 10:47:43,165 DEBUG [71973] [] ------------------------------/eccadmin_dev/AtReportList/Search
2022-02-22 10:47:43,166 DEBUG [71973] [] SearchAction start
2022-02-22 10:47:43,166 DEBUG [71973] [] --------back--------
2022-02-22 10:47:43,166 DEBUG [71973] [] admin_no is 1
2022-02-22 10:47:43,231 DEBUG [71973] [] SearchAction end
2022-02-22 10:47:43,231 DEBUG [71973] [] AtReportListController end
2022-02-22 10:47:43,231 DEBUG [71973] [] finally
2022-02-22 10:54:40,947 DEBUG [72194] [] Request URI : /eccadmin_dev/AtReportRegist/index
2022-02-22 10:54:40,948 DEBUG [72194] [] AtReportRegistController start
2022-02-22 10:54:40,948 DEBUG [72194] [] controllers/AtReportRegistController.php: is exist
2022-02-22 10:54:40,949 DEBUG [72194] [] AtReportRegistForm: is exist
2022-02-22 10:54:40,949 DEBUG [72194] [] AtReportRegistForm: form value set 
2022-02-22 10:54:40,949 DEBUG [72194] [] ------------------------------/eccadmin_dev/AtReportRegist/index
2022-02-22 10:54:40,949 DEBUG [72194] [] ------------------------------session_check_true
2022-02-22 10:54:40,950 DEBUG [72194] [] indexAction start
2022-02-22 10:54:40,950 DEBUG [72194] [] admin_no is 1
2022-02-22 10:54:41,045 DEBUG [72194] [] indexAction end
2022-02-22 10:54:41,045 DEBUG [72194] [] AtReportRegistController end
2022-02-22 10:54:41,045 DEBUG [72194] [] finally
2022-02-22 10:54:50,176 DEBUG [72288] [] Request URI : /eccadmin_dev/AtReportRegist/save
2022-02-22 10:54:50,177 DEBUG [72288] [] AtReportRegistController start
2022-02-22 10:54:50,177 DEBUG [72288] [] controllers/AtReportRegistController.php: is exist
2022-02-22 10:54:50,178 DEBUG [72288] [] AtReportRegistForm: is exist
2022-02-22 10:54:50,178 DEBUG [72288] [] AtReportRegistForm: form value set 
2022-02-22 10:54:50,178 DEBUG [72288] [] ------------------------------/eccadmin_dev/AtReportRegist/save
2022-02-22 10:54:50,178 DEBUG [72288] [] ------------------------------session_check_true
2022-02-22 10:54:50,179 DEBUG [72288] [] saveAction start
2022-02-22 10:54:50,182 DEBUG [72288] [] admin_no is 1
2022-02-22 10:54:50,182 DEBUG [72288] [] saveAction end
2022-02-22 10:54:50,182 DEBUG [72288] [] AtReportRegistController end
2022-02-22 10:54:50,182 DEBUG [72288] [] finally
2022-02-22 10:54:50,214 DEBUG [72288] [] Request URI : /eccadmin_dev/AtReportList/Search
2022-02-22 10:54:50,215 DEBUG [72288] [] AtReportListController start
2022-02-22 10:54:50,215 DEBUG [72288] [] controllers/AtReportListController.php: is exist
2022-02-22 10:54:50,215 DEBUG [72288] [] AtReportListForm: is exist
2022-02-22 10:54:50,215 DEBUG [72288] [] AtReportListForm: form value set 
2022-02-22 10:54:50,216 DEBUG [72288] [] ------------------------------/eccadmin_dev/AtReportList/Search
2022-02-22 10:54:50,216 DEBUG [72288] [] SearchAction start
2022-02-22 10:54:50,216 DEBUG [72288] [] --------back--------
2022-02-22 10:54:50,216 DEBUG [72288] [] admin_no is 1
2022-02-22 10:54:50,278 DEBUG [72288] [] SearchAction end
2022-02-22 10:54:50,279 DEBUG [72288] [] AtReportListController end
2022-02-22 10:54:50,279 DEBUG [72288] [] finally
2022-02-22 11:33:03,896 DEBUG [72675] [] Request URI : /eccadmin_dev/AtReportRegist/index
2022-02-22 11:33:03,897 DEBUG [72675] [] AtReportRegistController start
2022-02-22 11:33:03,897 DEBUG [72675] [] controllers/AtReportRegistController.php: is exist
2022-02-22 11:33:03,898 DEBUG [72675] [] AtReportRegistForm: is exist
2022-02-22 11:33:03,898 DEBUG [72675] [] AtReportRegistForm: form value set 
2022-02-22 11:33:03,898 DEBUG [72675] [] ------------------------------/eccadmin_dev/AtReportRegist/index
2022-02-22 11:33:03,898 DEBUG [72675] [] ------------------------------session_check_true
2022-02-22 11:33:03,899 DEBUG [72675] [] indexAction start
2022-02-22 11:33:03,899 DEBUG [72675] [] admin_no is 1
2022-02-22 11:33:03,980 DEBUG [72675] [] indexAction end
2022-02-22 11:33:03,980 DEBUG [72675] [] AtReportRegistController end
2022-02-22 11:33:03,981 DEBUG [72675] [] finally
2022-02-22 11:33:21,057 DEBUG [72763] [] Request URI : /eccadmin_dev/AtReportRegist/save
2022-02-22 11:33:21,057 DEBUG [72763] [] AtReportRegistController start
2022-02-22 11:33:21,058 DEBUG [72763] [] controllers/AtReportRegistController.php: is exist
2022-02-22 11:33:21,058 DEBUG [72763] [] AtReportRegistForm: is exist
2022-02-22 11:33:21,058 DEBUG [72763] [] AtReportRegistForm: form value set 
2022-02-22 11:33:21,059 DEBUG [72763] [] ------------------------------/eccadmin_dev/AtReportRegist/save
2022-02-22 11:33:21,059 DEBUG [72763] [] ------------------------------session_check_true
2022-02-22 11:33:21,059 DEBUG [72763] [] saveAction start
2022-02-22 11:33:21,064 DEBUG [72763] [] admin_no is 1
2022-02-22 11:33:21,064 DEBUG [72763] [] saveAction end
2022-02-22 11:33:21,064 DEBUG [72763] [] AtReportRegistController end
2022-02-22 11:33:21,064 DEBUG [72763] [] finally
2022-02-22 11:33:21,104 DEBUG [72763] [] Request URI : /eccadmin_dev/AtReportList/Search
2022-02-22 11:33:21,105 DEBUG [72763] [] AtReportListController start
2022-02-22 11:33:21,105 DEBUG [72763] [] controllers/AtReportListController.php: is exist
2022-02-22 11:33:21,105 DEBUG [72763] [] AtReportListForm: is exist
2022-02-22 11:33:21,105 DEBUG [72763] [] AtReportListForm: form value set 
2022-02-22 11:33:21,106 DEBUG [72763] [] ------------------------------/eccadmin_dev/AtReportList/Search
2022-02-22 11:33:21,106 DEBUG [72763] [] SearchAction start
2022-02-22 11:33:21,106 DEBUG [72763] [] --------back--------
2022-02-22 11:33:21,106 DEBUG [72763] [] admin_no is 1
2022-02-22 11:33:21,169 DEBUG [72763] [] SearchAction end
2022-02-22 11:33:21,169 DEBUG [72763] [] AtReportListController end
2022-02-22 11:33:21,169 DEBUG [72763] [] finally
2022-02-22 11:34:37,679 DEBUG [72763] [] Request URI : /eccadmin_dev/AtReportRegist/index
2022-02-22 11:34:37,680 DEBUG [72763] [] AtReportRegistController start
2022-02-22 11:34:37,680 DEBUG [72763] [] controllers/AtReportRegistController.php: is exist
2022-02-22 11:34:37,680 DEBUG [72763] [] AtReportRegistForm: is exist
2022-02-22 11:34:37,680 DEBUG [72763] [] AtReportRegistForm: form value set 
2022-02-22 11:34:37,681 DEBUG [72763] [] ------------------------------/eccadmin_dev/AtReportRegist/index
2022-02-22 11:34:37,681 DEBUG [72763] [] ------------------------------session_check_true
2022-02-22 11:34:37,681 DEBUG [72763] [] indexAction start
2022-02-22 11:34:37,681 DEBUG [72763] [] admin_no is 1
2022-02-22 11:34:37,763 DEBUG [72763] [] indexAction end
2022-02-22 11:34:37,763 DEBUG [72763] [] AtReportRegistController end
2022-02-22 11:34:37,763 DEBUG [72763] [] finally
2022-02-22 11:34:45,190 DEBUG [72326] [] Request URI : /eccadmin_dev/AtReportRegist/save
2022-02-22 11:34:45,191 DEBUG [72326] [] AtReportRegistController start
2022-02-22 11:34:45,191 DEBUG [72326] [] controllers/AtReportRegistController.php: is exist
2022-02-22 11:34:45,192 DEBUG [72326] [] AtReportRegistForm: is exist
2022-02-22 11:34:45,192 DEBUG [72326] [] AtReportRegistForm: form value set 
2022-02-22 11:34:45,192 DEBUG [72326] [] ------------------------------/eccadmin_dev/AtReportRegist/save
2022-02-22 11:34:45,193 DEBUG [72326] [] ------------------------------session_check_true
2022-02-22 11:34:45,193 DEBUG [72326] [] saveAction start
2022-02-22 11:34:45,200 DEBUG [72326] [] admin_no is 1
2022-02-22 11:34:45,200 DEBUG [72326] [] saveAction end
2022-02-22 11:34:45,200 DEBUG [72326] [] AtReportRegistController end
2022-02-22 11:34:45,201 DEBUG [72326] [] finally
2022-02-22 11:34:45,227 DEBUG [72326] [] Request URI : /eccadmin_dev/AtReportList/Search
2022-02-22 11:34:45,227 DEBUG [72326] [] AtReportListController start
2022-02-22 11:34:45,227 DEBUG [72326] [] controllers/AtReportListController.php: is exist
2022-02-22 11:34:45,227 DEBUG [72326] [] AtReportListForm: is exist
2022-02-22 11:34:45,227 DEBUG [72326] [] AtReportListForm: form value set 
2022-02-22 11:34:45,228 DEBUG [72326] [] ------------------------------/eccadmin_dev/AtReportList/Search
2022-02-22 11:34:45,228 DEBUG [72326] [] SearchAction start
2022-02-22 11:34:45,228 DEBUG [72326] [] --------back--------
2022-02-22 11:34:45,228 DEBUG [72326] [] admin_no is 1
2022-02-22 11:34:45,287 DEBUG [72326] [] SearchAction end
2022-02-22 11:34:45,287 DEBUG [72326] [] AtReportListController end
2022-02-22 11:34:45,287 DEBUG [72326] [] finally
2022-02-22 11:57:11,183 DEBUG [73108] [] Request URI : /eccadmin_dev/AtReportList
2022-02-22 11:57:11,184 DEBUG [73108] [] AtReportListController start
2022-02-22 11:57:11,184 DEBUG [73108] [] controllers/AtReportListController.php: is exist
2022-02-22 11:57:11,185 DEBUG [73108] [] AtReportListForm: is exist
2022-02-22 11:57:11,185 DEBUG [73108] [] AtReportListForm: form value set 
2022-02-22 11:57:11,185 DEBUG [73108] [] ------------------------------/eccadmin_dev/AtReportList
2022-02-22 11:57:11,185 DEBUG [73108] [] indexAction start
2022-02-22 11:57:11,186 DEBUG [73108] [] admin_no is 1
2022-02-22 11:57:11,247 DEBUG [73108] [] indexAction end
2022-02-22 11:57:11,247 DEBUG [73108] [] AtReportListController end
2022-02-22 11:57:11,248 DEBUG [73108] [] finally
2022-02-22 11:57:13,103 DEBUG [73108] [] Request URI : /eccadmin_dev/AtReportRegist/index
2022-02-22 11:57:13,104 DEBUG [73108] [] AtReportRegistController start
2022-02-22 11:57:13,104 DEBUG [73108] [] controllers/AtReportRegistController.php: is exist
2022-02-22 11:57:13,104 DEBUG [73108] [] AtReportRegistForm: is exist
2022-02-22 11:57:13,105 DEBUG [73108] [] AtReportRegistForm: form value set 
2022-02-22 11:57:13,105 DEBUG [73108] [] ------------------------------/eccadmin_dev/AtReportRegist/index
2022-02-22 11:57:13,105 DEBUG [73108] [] ------------------------------session_check_true
2022-02-22 11:57:13,105 DEBUG [73108] [] indexAction start
2022-02-22 11:57:13,106 DEBUG [73108] [] admin_no is 1
2022-02-22 11:57:13,187 DEBUG [73108] [] indexAction end
2022-02-22 11:57:13,187 DEBUG [73108] [] AtReportRegistController end
2022-02-22 11:57:13,187 DEBUG [73108] [] finally
2022-02-22 11:57:21,440 DEBUG [73137] [] Request URI : /eccadmin_dev/AtReportRegist/save
2022-02-22 11:57:21,444 DEBUG [73137] [] AtReportRegistController start
2022-02-22 11:57:21,444 DEBUG [73137] [] controllers/AtReportRegistController.php: is exist
2022-02-22 11:57:21,445 DEBUG [73137] [] AtReportRegistForm: is exist
2022-02-22 11:57:21,446 DEBUG [73137] [] AtReportRegistForm: form value set 
2022-02-22 11:57:21,446 DEBUG [73137] [] ------------------------------/eccadmin_dev/AtReportRegist/save
2022-02-22 11:57:21,446 DEBUG [73137] [] ------------------------------session_check_true
2022-02-22 11:57:21,446 DEBUG [73137] [] saveAction start
2022-02-22 11:57:21,451 DEBUG [73137] [] admin_no is 1
2022-02-22 11:57:21,451 DEBUG [73137] [] saveAction end
2022-02-22 11:57:21,451 DEBUG [73137] [] AtReportRegistController end
2022-02-22 11:57:21,451 DEBUG [73137] [] finally
2022-02-22 11:57:21,482 DEBUG [73137] [] Request URI : /eccadmin_dev/AtReportList/Search
2022-02-22 11:57:21,483 DEBUG [73137] [] AtReportListController start
2022-02-22 11:57:21,483 DEBUG [73137] [] controllers/AtReportListController.php: is exist
2022-02-22 11:57:21,483 DEBUG [73137] [] AtReportListForm: is exist
2022-02-22 11:57:21,483 DEBUG [73137] [] AtReportListForm: form value set 
2022-02-22 11:57:21,484 DEBUG [73137] [] ------------------------------/eccadmin_dev/AtReportList/Search
2022-02-22 11:57:21,484 DEBUG [73137] [] SearchAction start
2022-02-22 11:57:21,484 DEBUG [73137] [] --------back--------
2022-02-22 11:57:21,484 DEBUG [73137] [] admin_no is 1
2022-02-22 11:57:21,546 DEBUG [73137] [] SearchAction end
2022-02-22 11:57:21,546 DEBUG [73137] [] AtReportListController end
2022-02-22 11:57:21,547 DEBUG [73137] [] finally
2022-02-22 12:00:31,022 DEBUG [73147] [] Request URI : /eccadmin_dev/AtReportRegist/index
2022-02-22 12:00:31,023 DEBUG [73147] [] AtReportRegistController start
2022-02-22 12:00:31,023 DEBUG [73147] [] controllers/AtReportRegistController.php: is exist
2022-02-22 12:00:31,024 DEBUG [73147] [] AtReportRegistForm: is exist
2022-02-22 12:00:31,024 DEBUG [73147] [] AtReportRegistForm: form value set 
2022-02-22 12:00:31,024 DEBUG [73147] [] ------------------------------/eccadmin_dev/AtReportRegist/index
2022-02-22 12:00:31,025 DEBUG [73147] [] ------------------------------session_check_true
2022-02-22 12:00:31,025 DEBUG [73147] [] indexAction start
2022-02-22 12:00:31,025 DEBUG [73147] [] admin_no is 1
2022-02-22 12:00:31,108 DEBUG [73147] [] indexAction end
2022-02-22 12:00:31,108 DEBUG [73147] [] AtReportRegistController end
2022-02-22 12:00:31,108 DEBUG [73147] [] finally
2022-02-22 12:00:39,478 DEBUG [73108] [] Request URI : /eccadmin_dev/AtReportRegist/save
2022-02-22 12:00:39,478 DEBUG [73108] [] AtReportRegistController start
2022-02-22 12:00:39,478 DEBUG [73108] [] controllers/AtReportRegistController.php: is exist
2022-02-22 12:00:39,479 DEBUG [73108] [] AtReportRegistForm: is exist
2022-02-22 12:00:39,479 DEBUG [73108] [] AtReportRegistForm: form value set 
2022-02-22 12:00:39,480 DEBUG [73108] [] ------------------------------/eccadmin_dev/AtReportRegist/save
2022-02-22 12:00:39,480 DEBUG [73108] [] ------------------------------session_check_true
2022-02-22 12:00:39,480 DEBUG [73108] [] saveAction start
2022-02-22 12:00:39,488 DEBUG [73108] [] admin_no is 1
2022-02-22 12:00:39,489 DEBUG [73108] [] saveAction end
2022-02-22 12:00:39,489 DEBUG [73108] [] AtReportRegistController end
2022-02-22 12:00:39,489 DEBUG [73108] [] finally
2022-02-22 12:00:39,527 DEBUG [73108] [] Request URI : /eccadmin_dev/AtReportList/Search
2022-02-22 12:00:39,527 DEBUG [73108] [] AtReportListController start
2022-02-22 12:00:39,528 DEBUG [73108] [] controllers/AtReportListController.php: is exist
2022-02-22 12:00:39,528 DEBUG [73108] [] AtReportListForm: is exist
2022-02-22 12:00:39,528 DEBUG [73108] [] AtReportListForm: form value set 
2022-02-22 12:00:39,528 DEBUG [73108] [] ------------------------------/eccadmin_dev/AtReportList/Search
2022-02-22 12:00:39,529 DEBUG [73108] [] SearchAction start
2022-02-22 12:00:39,529 DEBUG [73108] [] --------back--------
2022-02-22 12:00:39,529 DEBUG [73108] [] admin_no is 1
2022-02-22 12:00:39,594 DEBUG [73108] [] SearchAction end
2022-02-22 12:00:39,594 DEBUG [73108] [] AtReportListController end
2022-02-22 12:00:39,594 DEBUG [73108] [] finally
2022-02-22 12:01:29,666 DEBUG [73134] [] Request URI : /eccadmin_dev/AtReportRegist/index
2022-02-22 12:01:29,667 DEBUG [73134] [] AtReportRegistController start
2022-02-22 12:01:29,667 DEBUG [73134] [] controllers/AtReportRegistController.php: is exist
2022-02-22 12:01:29,668 DEBUG [73134] [] AtReportRegistForm: is exist
2022-02-22 12:01:29,668 DEBUG [73134] [] AtReportRegistForm: form value set 
2022-02-22 12:01:29,668 DEBUG [73134] [] ------------------------------/eccadmin_dev/AtReportRegist/index
2022-02-22 12:01:29,669 DEBUG [73134] [] ------------------------------session_check_true
2022-02-22 12:01:29,669 DEBUG [73134] [] indexAction start
2022-02-22 12:01:29,669 DEBUG [73134] [] admin_no is 1
2022-02-22 12:01:29,747 DEBUG [73134] [] indexAction end
2022-02-22 12:01:29,747 DEBUG [73134] [] AtReportRegistController end
2022-02-22 12:01:29,747 DEBUG [73134] [] finally
2022-02-22 12:01:38,475 DEBUG [73147] [] Request URI : /eccadmin_dev/AtReportRegist/save
2022-02-22 12:01:38,476 DEBUG [73147] [] AtReportRegistController start
2022-02-22 12:01:38,476 DEBUG [73147] [] controllers/AtReportRegistController.php: is exist
2022-02-22 12:01:38,476 DEBUG [73147] [] AtReportRegistForm: is exist
2022-02-22 12:01:38,476 DEBUG [73147] [] AtReportRegistForm: form value set 
2022-02-22 12:01:38,477 DEBUG [73147] [] ------------------------------/eccadmin_dev/AtReportRegist/save
2022-02-22 12:01:38,477 DEBUG [73147] [] ------------------------------session_check_true
2022-02-22 12:01:38,477 DEBUG [73147] [] saveAction start
2022-02-22 12:01:38,481 DEBUG [73147] [] admin_no is 1
2022-02-22 12:01:38,481 DEBUG [73147] [] saveAction end
2022-02-22 12:01:38,481 DEBUG [73147] [] AtReportRegistController end
2022-02-22 12:01:38,481 DEBUG [73147] [] finally
2022-02-22 12:01:38,512 DEBUG [73147] [] Request URI : /eccadmin_dev/AtReportList/Search
2022-02-22 12:01:38,513 DEBUG [73147] [] AtReportListController start
2022-02-22 12:01:38,513 DEBUG [73147] [] controllers/AtReportListController.php: is exist
2022-02-22 12:01:38,513 DEBUG [73147] [] AtReportListForm: is exist
2022-02-22 12:01:38,513 DEBUG [73147] [] AtReportListForm: form value set 
2022-02-22 12:01:38,514 DEBUG [73147] [] ------------------------------/eccadmin_dev/AtReportList/Search
2022-02-22 12:01:38,514 DEBUG [73147] [] SearchAction start
2022-02-22 12:01:38,514 DEBUG [73147] [] --------back--------
2022-02-22 12:01:38,514 DEBUG [73147] [] admin_no is 1
2022-02-22 12:01:38,576 DEBUG [73147] [] SearchAction end
2022-02-22 12:01:38,576 DEBUG [73147] [] AtReportListController end
2022-02-22 12:01:38,576 DEBUG [73147] [] finally
2022-02-22 12:29:54,213 DEBUG [73283] [] Request URI : /eccadmin_dev/AtReportRegist/index
2022-02-22 12:29:54,214 DEBUG [73283] [] AtReportRegistController start
2022-02-22 12:29:54,214 DEBUG [73283] [] controllers/AtReportRegistController.php: is exist
2022-02-22 12:29:54,214 DEBUG [73283] [] AtReportRegistForm: is exist
2022-02-22 12:29:54,215 DEBUG [73283] [] AtReportRegistForm: form value set 
2022-02-22 12:29:54,215 DEBUG [73283] [] ------------------------------/eccadmin_dev/AtReportRegist/index
2022-02-22 12:29:54,215 DEBUG [73283] [] ------------------------------session_check_true
2022-02-22 12:29:54,215 DEBUG [73283] [] indexAction start
2022-02-22 12:29:54,215 DEBUG [73283] [] admin_no is 1
2022-02-22 12:29:54,393 DEBUG [73283] [] indexAction end
2022-02-22 12:29:54,394 DEBUG [73283] [] AtReportRegistController end
2022-02-22 12:29:54,394 DEBUG [73283] [] finally
2022-02-22 12:30:05,475 DEBUG [73285] [] Request URI : /eccadmin_dev/AtReportRegist/save
2022-02-22 12:30:05,476 DEBUG [73285] [] AtReportRegistController start
2022-02-22 12:30:05,476 DEBUG [73285] [] controllers/AtReportRegistController.php: is exist
2022-02-22 12:30:05,476 DEBUG [73285] [] AtReportRegistForm: is exist
2022-02-22 12:30:05,477 DEBUG [73285] [] AtReportRegistForm: form value set 
2022-02-22 12:30:05,477 DEBUG [73285] [] ------------------------------/eccadmin_dev/AtReportRegist/save
2022-02-22 12:30:05,477 DEBUG [73285] [] ------------------------------session_check_true
2022-02-22 12:30:05,477 DEBUG [73285] [] saveAction start
2022-02-22 12:30:05,488 DEBUG [73285] [] admin_no is 1
2022-02-22 12:30:05,488 DEBUG [73285] [] saveAction end
2022-02-22 12:30:05,488 DEBUG [73285] [] AtReportRegistController end
2022-02-22 12:30:05,488 DEBUG [73285] [] finally
2022-02-22 12:30:05,512 DEBUG [73285] [] Request URI : /eccadmin_dev/AtReportList/Search
2022-02-22 12:30:05,513 DEBUG [73285] [] AtReportListController start
2022-02-22 12:30:05,513 DEBUG [73285] [] controllers/AtReportListController.php: is exist
2022-02-22 12:30:05,513 DEBUG [73285] [] AtReportListForm: is exist
2022-02-22 12:30:05,513 DEBUG [73285] [] AtReportListForm: form value set 
2022-02-22 12:30:05,514 DEBUG [73285] [] ------------------------------/eccadmin_dev/AtReportList/Search
2022-02-22 12:30:05,514 DEBUG [73285] [] SearchAction start
2022-02-22 12:30:05,514 DEBUG [73285] [] --------back--------
2022-02-22 12:30:05,514 DEBUG [73285] [] admin_no is 1
2022-02-22 12:30:05,576 DEBUG [73285] [] SearchAction end
2022-02-22 12:30:05,576 DEBUG [73285] [] AtReportListController end
2022-02-22 12:30:05,576 DEBUG [73285] [] finally
2022-02-22 12:30:57,623 DEBUG [73226] [] Request URI : /eccadmin_dev/AtReportRegist/index
2022-02-22 12:30:57,624 DEBUG [73226] [] AtReportRegistController start
2022-02-22 12:30:57,624 DEBUG [73226] [] controllers/AtReportRegistController.php: is exist
2022-02-22 12:30:57,625 DEBUG [73226] [] AtReportRegistForm: is exist
2022-02-22 12:30:57,625 DEBUG [73226] [] AtReportRegistForm: form value set 
2022-02-22 12:30:57,625 DEBUG [73226] [] ------------------------------/eccadmin_dev/AtReportRegist/index
2022-02-22 12:30:57,626 DEBUG [73226] [] ------------------------------session_check_true
2022-02-22 12:30:57,626 DEBUG [73226] [] indexAction start
2022-02-22 12:30:57,626 DEBUG [73226] [] admin_no is 1
2022-02-22 12:30:57,710 DEBUG [73226] [] indexAction end
2022-02-22 12:30:57,710 DEBUG [73226] [] AtReportRegistController end
2022-02-22 12:30:57,710 DEBUG [73226] [] finally
2022-02-22 12:31:06,339 DEBUG [73126] [] Request URI : /eccadmin_dev/AtReportRegist/save
2022-02-22 12:31:06,340 DEBUG [73126] [] AtReportRegistController start
2022-02-22 12:31:06,340 DEBUG [73126] [] controllers/AtReportRegistController.php: is exist
2022-02-22 12:31:06,340 DEBUG [73126] [] AtReportRegistForm: is exist
2022-02-22 12:31:06,341 DEBUG [73126] [] AtReportRegistForm: form value set 
2022-02-22 12:31:06,341 DEBUG [73126] [] ------------------------------/eccadmin_dev/AtReportRegist/save
2022-02-22 12:31:06,341 DEBUG [73126] [] ------------------------------session_check_true
2022-02-22 12:31:06,341 DEBUG [73126] [] saveAction start
2022-02-22 12:31:06,346 DEBUG [73126] [] admin_no is 1
2022-02-22 12:31:06,346 DEBUG [73126] [] saveAction end
2022-02-22 12:31:06,346 DEBUG [73126] [] AtReportRegistController end
2022-02-22 12:31:06,346 DEBUG [73126] [] finally
2022-02-22 12:31:06,383 DEBUG [73126] [] Request URI : /eccadmin_dev/AtReportList/Search
2022-02-22 12:31:06,383 DEBUG [73126] [] AtReportListController start
2022-02-22 12:31:06,383 DEBUG [73126] [] controllers/AtReportListController.php: is exist
2022-02-22 12:31:06,384 DEBUG [73126] [] AtReportListForm: is exist
2022-02-22 12:31:06,384 DEBUG [73126] [] AtReportListForm: form value set 
2022-02-22 12:31:06,384 DEBUG [73126] [] ------------------------------/eccadmin_dev/AtReportList/Search
2022-02-22 12:31:06,384 DEBUG [73126] [] SearchAction start
2022-02-22 12:31:06,385 DEBUG [73126] [] --------back--------
2022-02-22 12:31:06,385 DEBUG [73126] [] admin_no is 1
2022-02-22 12:31:06,451 DEBUG [73126] [] SearchAction end
2022-02-22 12:31:06,451 DEBUG [73126] [] AtReportListController end
2022-02-22 12:31:06,451 DEBUG [73126] [] finally
2022-02-22 12:40:36,203 DEBUG [73648] [] Request URI : /eccadmin_dev/AtReportList
2022-02-22 12:40:36,204 DEBUG [73648] [] AtReportListController start
2022-02-22 12:40:36,204 DEBUG [73648] [] controllers/AtReportListController.php: is exist
2022-02-22 12:40:36,204 DEBUG [73648] [] AtReportListForm: is exist
2022-02-22 12:40:36,204 DEBUG [73648] [] AtReportListForm: form value set 
2022-02-22 12:40:36,205 DEBUG [73648] [] ------------------------------/eccadmin_dev/AtReportList
2022-02-22 12:40:36,205 DEBUG [73648] [] indexAction start
2022-02-22 12:40:36,205 DEBUG [73648] [] admin_no is 1
2022-02-22 12:40:36,267 DEBUG [73648] [] indexAction end
2022-02-22 12:40:36,267 DEBUG [73648] [] AtReportListController end
2022-02-22 12:40:36,267 DEBUG [73648] [] finally
2022-02-22 12:40:38,310 DEBUG [73648] [] Request URI : /eccadmin_dev/AtReportRegist/index
2022-02-22 12:40:38,310 DEBUG [73648] [] AtReportRegistController start
2022-02-22 12:40:38,310 DEBUG [73648] [] controllers/AtReportRegistController.php: is exist
2022-02-22 12:40:38,311 DEBUG [73648] [] AtReportRegistForm: is exist
2022-02-22 12:40:38,311 DEBUG [73648] [] AtReportRegistForm: form value set 
2022-02-22 12:40:38,311 DEBUG [73648] [] ------------------------------/eccadmin_dev/AtReportRegist/index
2022-02-22 12:40:38,312 DEBUG [73648] [] ------------------------------session_check_true
2022-02-22 12:40:38,312 DEBUG [73648] [] indexAction start
2022-02-22 12:40:38,312 DEBUG [73648] [] admin_no is 1
2022-02-22 12:40:38,392 DEBUG [73648] [] indexAction end
2022-02-22 12:40:38,392 DEBUG [73648] [] AtReportRegistController end
2022-02-22 12:40:38,392 DEBUG [73648] [] finally
2022-02-22 12:40:48,116 DEBUG [73704] [] Request URI : /eccadmin_dev/AtReportRegist/save
2022-02-22 12:40:48,117 DEBUG [73704] [] AtReportRegistController start
2022-02-22 12:40:48,117 DEBUG [73704] [] controllers/AtReportRegistController.php: is exist
2022-02-22 12:40:48,118 DEBUG [73704] [] AtReportRegistForm: is exist
2022-02-22 12:40:48,118 DEBUG [73704] [] AtReportRegistForm: form value set 
2022-02-22 12:40:48,119 DEBUG [73704] [] ------------------------------/eccadmin_dev/AtReportRegist/save
2022-02-22 12:40:48,119 DEBUG [73704] [] ------------------------------session_check_true
2022-02-22 12:40:48,119 DEBUG [73704] [] saveAction start
2022-02-22 12:40:48,123 DEBUG [73704] [] admin_no is 1
2022-02-22 12:40:48,123 DEBUG [73704] [] saveAction end
2022-02-22 12:40:48,123 DEBUG [73704] [] AtReportRegistController end
2022-02-22 12:40:48,123 DEBUG [73704] [] finally
2022-02-22 12:40:48,145 DEBUG [73704] [] Request URI : /eccadmin_dev/AtReportList/Search
2022-02-22 12:40:48,146 DEBUG [73704] [] AtReportListController start
2022-02-22 12:40:48,146 DEBUG [73704] [] controllers/AtReportListController.php: is exist
2022-02-22 12:40:48,146 DEBUG [73704] [] AtReportListForm: is exist
2022-02-22 12:40:48,146 DEBUG [73704] [] AtReportListForm: form value set 
2022-02-22 12:40:48,147 DEBUG [73704] [] ------------------------------/eccadmin_dev/AtReportList/Search
2022-02-22 12:40:48,147 DEBUG [73704] [] SearchAction start
2022-02-22 12:40:48,147 DEBUG [73704] [] --------back--------
2022-02-22 12:40:48,147 DEBUG [73704] [] admin_no is 1
2022-02-22 12:40:48,206 DEBUG [73704] [] SearchAction end
2022-02-22 12:40:48,206 DEBUG [73704] [] AtReportListController end
2022-02-22 12:40:48,207 DEBUG [73704] [] finally
2022-02-22 12:47:07,929 DEBUG [73126] [] Request URI : /eccadmin_dev/AtReportRegist/index
2022-02-22 12:47:07,930 DEBUG [73126] [] AtReportRegistController start
2022-02-22 12:47:07,930 DEBUG [73126] [] controllers/AtReportRegistController.php: is exist
2022-02-22 12:47:07,931 DEBUG [73126] [] AtReportRegistForm: is exist
2022-02-22 12:47:07,931 DEBUG [73126] [] AtReportRegistForm: form value set 
2022-02-22 12:47:07,931 DEBUG [73126] [] ------------------------------/eccadmin_dev/AtReportRegist/index
2022-02-22 12:47:07,931 DEBUG [73126] [] ------------------------------session_check_true
2022-02-22 12:47:07,932 DEBUG [73126] [] indexAction start
2022-02-22 12:47:07,932 DEBUG [73126] [] admin_no is 1
2022-02-22 12:47:08,012 DEBUG [73126] [] indexAction end
2022-02-22 12:47:08,012 DEBUG [73126] [] AtReportRegistController end
2022-02-22 12:47:08,012 DEBUG [73126] [] finally
2022-02-22 12:47:20,764 DEBUG [73135] [] Request URI : /eccadmin_dev/AtReportRegist/save
2022-02-22 12:47:20,765 DEBUG [73135] [] AtReportRegistController start
2022-02-22 12:47:20,765 DEBUG [73135] [] controllers/AtReportRegistController.php: is exist
2022-02-22 12:47:20,765 DEBUG [73135] [] AtReportRegistForm: is exist
2022-02-22 12:47:20,766 DEBUG [73135] [] AtReportRegistForm: form value set 
2022-02-22 12:47:20,766 DEBUG [73135] [] ------------------------------/eccadmin_dev/AtReportRegist/save
2022-02-22 12:47:20,766 DEBUG [73135] [] ------------------------------session_check_true
2022-02-22 12:47:20,766 DEBUG [73135] [] saveAction start
2022-02-22 12:47:20,783 DEBUG [73135] [] admin_no is 1
2022-02-22 12:47:20,783 DEBUG [73135] [] saveAction end
2022-02-22 12:47:20,783 DEBUG [73135] [] AtReportRegistController end
2022-02-22 12:47:20,783 DEBUG [73135] [] finally
2022-02-22 12:47:20,813 DEBUG [73135] [] Request URI : /eccadmin_dev/AtReportList/Search
2022-02-22 12:47:20,813 DEBUG [73135] [] AtReportListController start
2022-02-22 12:47:20,813 DEBUG [73135] [] controllers/AtReportListController.php: is exist
2022-02-22 12:47:20,813 DEBUG [73135] [] AtReportListForm: is exist
2022-02-22 12:47:20,814 DEBUG [73135] [] AtReportListForm: form value set 
2022-02-22 12:47:20,814 DEBUG [73135] [] ------------------------------/eccadmin_dev/AtReportList/Search
2022-02-22 12:47:20,814 DEBUG [73135] [] SearchAction start
2022-02-22 12:47:20,814 DEBUG [73135] [] --------back--------
2022-02-22 12:47:20,814 DEBUG [73135] [] admin_no is 1
2022-02-22 12:47:20,874 DEBUG [73135] [] SearchAction end
2022-02-22 12:47:20,874 DEBUG [73135] [] AtReportListController end
2022-02-22 12:47:20,874 DEBUG [73135] [] finally
2022-02-22 12:53:28,813 DEBUG [73667] [] Request URI : /eccadmin_dev/AtReportRegist/index
2022-02-22 12:53:28,814 DEBUG [73667] [] AtReportRegistController start
2022-02-22 12:53:28,814 DEBUG [73667] [] controllers/AtReportRegistController.php: is exist
2022-02-22 12:53:28,814 DEBUG [73667] [] AtReportRegistForm: is exist
2022-02-22 12:53:28,815 DEBUG [73667] [] AtReportRegistForm: form value set 
2022-02-22 12:53:28,815 DEBUG [73667] [] ------------------------------/eccadmin_dev/AtReportRegist/index
2022-02-22 12:53:28,815 DEBUG [73667] [] ------------------------------session_check_true
2022-02-22 12:53:28,815 DEBUG [73667] [] indexAction start
2022-02-22 12:53:28,816 DEBUG [73667] [] admin_no is 1
2022-02-22 12:53:28,893 DEBUG [73667] [] indexAction end
2022-02-22 12:53:28,893 DEBUG [73667] [] AtReportRegistController end
2022-02-22 12:53:28,893 DEBUG [73667] [] finally
2022-02-22 12:53:41,697 DEBUG [73672] [] Request URI : /eccadmin_dev/AtReportRegist/save
2022-02-22 12:53:41,698 DEBUG [73672] [] AtReportRegistController start
2022-02-22 12:53:41,698 DEBUG [73672] [] controllers/AtReportRegistController.php: is exist
2022-02-22 12:53:41,698 DEBUG [73672] [] AtReportRegistForm: is exist
2022-02-22 12:53:41,698 DEBUG [73672] [] AtReportRegistForm: form value set 
2022-02-22 12:53:41,699 DEBUG [73672] [] ------------------------------/eccadmin_dev/AtReportRegist/save
2022-02-22 12:53:41,699 DEBUG [73672] [] ------------------------------session_check_true
2022-02-22 12:53:41,699 DEBUG [73672] [] saveAction start
2022-02-22 12:53:41,702 DEBUG [73672] [] admin_no is 1
2022-02-22 12:53:41,702 DEBUG [73672] [] saveAction end
2022-02-22 12:53:41,702 DEBUG [73672] [] AtReportRegistController end
2022-02-22 12:53:41,703 DEBUG [73672] [] finally
2022-02-22 12:53:41,727 DEBUG [73672] [] Request URI : /eccadmin_dev/AtReportList/Search
2022-02-22 12:53:41,727 DEBUG [73672] [] AtReportListController start
2022-02-22 12:53:41,727 DEBUG [73672] [] controllers/AtReportListController.php: is exist
2022-02-22 12:53:41,727 DEBUG [73672] [] AtReportListForm: is exist
2022-02-22 12:53:41,728 DEBUG [73672] [] AtReportListForm: form value set 
2022-02-22 12:53:41,728 DEBUG [73672] [] ------------------------------/eccadmin_dev/AtReportList/Search
2022-02-22 12:53:41,728 DEBUG [73672] [] SearchAction start
2022-02-22 12:53:41,728 DEBUG [73672] [] --------back--------
2022-02-22 12:53:41,728 DEBUG [73672] [] admin_no is 1
2022-02-22 12:53:41,785 DEBUG [73672] [] SearchAction end
2022-02-22 12:53:41,786 DEBUG [73672] [] AtReportListController end
2022-02-22 12:53:41,786 DEBUG [73672] [] finally
2022-02-22 13:10:52,782 DEBUG [74104] [] Request URI : /eccadmin_dev/AtReportRegist/index
2022-02-22 13:10:52,786 DEBUG [74104] [] AtReportRegistController start
2022-02-22 13:10:52,786 DEBUG [74104] [] controllers/AtReportRegistController.php: is exist
2022-02-22 13:10:52,788 DEBUG [74104] [] AtReportRegistForm: is exist
2022-02-22 13:10:52,788 DEBUG [74104] [] AtReportRegistForm: form value set 
2022-02-22 13:10:52,789 DEBUG [74104] [] ------------------------------/eccadmin_dev/AtReportRegist/index
2022-02-22 13:10:52,789 DEBUG [74104] [] ------------------------------session_check_true
2022-02-22 13:10:52,789 DEBUG [74104] [] indexAction start
2022-02-22 13:10:52,789 DEBUG [74104] [] admin_no is 1
2022-02-22 13:10:52,869 DEBUG [74104] [] indexAction end
2022-02-22 13:10:52,870 DEBUG [74104] [] AtReportRegistController end
2022-02-22 13:10:52,870 DEBUG [74104] [] finally
2022-02-22 13:11:01,308 DEBUG [74030] [] Request URI : /eccadmin_dev/AtReportRegist/save
2022-02-22 13:11:01,309 DEBUG [74030] [] AtReportRegistController start
2022-02-22 13:11:01,309 DEBUG [74030] [] controllers/AtReportRegistController.php: is exist
2022-02-22 13:11:01,309 DEBUG [74030] [] AtReportRegistForm: is exist
2022-02-22 13:11:01,309 DEBUG [74030] [] AtReportRegistForm: form value set 
2022-02-22 13:11:01,310 DEBUG [74030] [] ------------------------------/eccadmin_dev/AtReportRegist/save
2022-02-22 13:11:01,310 DEBUG [74030] [] ------------------------------session_check_true
2022-02-22 13:11:01,310 DEBUG [74030] [] saveAction start
2022-02-22 13:11:01,314 DEBUG [74030] [] admin_no is 1
2022-02-22 13:11:01,314 DEBUG [74030] [] saveAction end
2022-02-22 13:11:01,315 DEBUG [74030] [] AtReportRegistController end
2022-02-22 13:11:01,315 DEBUG [74030] [] finally
2022-02-22 13:11:01,354 DEBUG [74030] [] Request URI : /eccadmin_dev/AtReportList/Search
2022-02-22 13:11:01,355 DEBUG [74030] [] AtReportListController start
2022-02-22 13:11:01,355 DEBUG [74030] [] controllers/AtReportListController.php: is exist
2022-02-22 13:11:01,355 DEBUG [74030] [] AtReportListForm: is exist
2022-02-22 13:11:01,355 DEBUG [74030] [] AtReportListForm: form value set 
2022-02-22 13:11:01,356 DEBUG [74030] [] ------------------------------/eccadmin_dev/AtReportList/Search
2022-02-22 13:11:01,356 DEBUG [74030] [] SearchAction start
2022-02-22 13:11:01,356 DEBUG [74030] [] --------back--------
2022-02-22 13:11:01,356 DEBUG [74030] [] admin_no is 1
2022-02-22 13:11:01,422 DEBUG [74030] [] SearchAction end
2022-02-22 13:11:01,422 DEBUG [74030] [] AtReportListController end
2022-02-22 13:11:01,422 DEBUG [74030] [] finally
2022-02-22 13:12:05,113 DEBUG [74118] [] Request URI : /eccadmin_dev/AtReportRegist/index
2022-02-22 13:12:05,117 DEBUG [74118] [] AtReportRegistController start
2022-02-22 13:12:05,117 DEBUG [74118] [] controllers/AtReportRegistController.php: is exist
2022-02-22 13:12:05,118 DEBUG [74118] [] AtReportRegistForm: is exist
2022-02-22 13:12:05,118 DEBUG [74118] [] AtReportRegistForm: form value set 
2022-02-22 13:12:05,119 DEBUG [74118] [] ------------------------------/eccadmin_dev/AtReportRegist/index
2022-02-22 13:12:05,119 DEBUG [74118] [] ------------------------------session_check_true
2022-02-22 13:12:05,119 DEBUG [74118] [] indexAction start
2022-02-22 13:12:05,119 DEBUG [74118] [] admin_no is 1
2022-02-22 13:12:05,200 DEBUG [74118] [] indexAction end
2022-02-22 13:12:05,200 DEBUG [74118] [] AtReportRegistController end
2022-02-22 13:12:05,200 DEBUG [74118] [] finally
2022-02-22 13:12:14,339 DEBUG [74030] [] Request URI : /eccadmin_dev/AtReportRegist/save
2022-02-22 13:12:14,340 DEBUG [74030] [] AtReportRegistController start
2022-02-22 13:12:14,340 DEBUG [74030] [] controllers/AtReportRegistController.php: is exist
2022-02-22 13:12:14,340 DEBUG [74030] [] AtReportRegistForm: is exist
2022-02-22 13:12:14,340 DEBUG [74030] [] AtReportRegistForm: form value set 
2022-02-22 13:12:14,341 DEBUG [74030] [] ------------------------------/eccadmin_dev/AtReportRegist/save
2022-02-22 13:12:14,341 DEBUG [74030] [] ------------------------------session_check_true
2022-02-22 13:12:14,341 DEBUG [74030] [] saveAction start
2022-02-22 13:12:14,344 DEBUG [74030] [] admin_no is 1
2022-02-22 13:12:14,345 DEBUG [74030] [] saveAction end
2022-02-22 13:12:14,345 DEBUG [74030] [] AtReportRegistController end
2022-02-22 13:12:14,345 DEBUG [74030] [] finally
2022-02-22 13:12:14,365 DEBUG [74030] [] Request URI : /eccadmin_dev/AtReportList/Search
2022-02-22 13:12:14,366 DEBUG [74030] [] AtReportListController start
2022-02-22 13:12:14,366 DEBUG [74030] [] controllers/AtReportListController.php: is exist
2022-02-22 13:12:14,366 DEBUG [74030] [] AtReportListForm: is exist
2022-02-22 13:12:14,366 DEBUG [74030] [] AtReportListForm: form value set 
2022-02-22 13:12:14,367 DEBUG [74030] [] ------------------------------/eccadmin_dev/AtReportList/Search
2022-02-22 13:12:14,367 DEBUG [74030] [] SearchAction start
2022-02-22 13:12:14,367 DEBUG [74030] [] --------back--------
2022-02-22 13:12:14,367 DEBUG [74030] [] admin_no is 1
2022-02-22 13:12:14,426 DEBUG [74030] [] SearchAction end
2022-02-22 13:12:14,426 DEBUG [74030] [] AtReportListController end
2022-02-22 13:12:14,427 DEBUG [74030] [] finally
2022-02-22 17:37:46,419 DEBUG [78244] [] Request URI : /eccadmin_dev/Login
2022-02-22 17:37:46,419 DEBUG [78244] [] LoginController start
2022-02-22 17:37:46,419 DEBUG [78244] [] controllers/LoginController.php: is exist
2022-02-22 17:37:46,420 DEBUG [78244] [] LoginForm: is exist
2022-02-22 17:37:46,420 DEBUG [78244] [] LoginForm: form value set 
2022-02-22 17:37:46,420 DEBUG [78244] [] ------------------------------/eccadmin_dev/Login
2022-02-22 17:37:46,420 DEBUG [78244] [] ------------------------------login_start_check
2022-02-22 17:37:46,421 DEBUG [78244] [] indexAction start
2022-02-22 17:37:46,435 DEBUG [78244] [] indexAction end
2022-02-22 17:37:46,435 DEBUG [78244] [] LoginController end
2022-02-22 17:37:46,435 DEBUG [78244] [] finally
2022-02-22 17:51:04,088 DEBUG [78849] [] Request URI : /eccadmin_dev/Login
2022-02-22 17:51:04,088 DEBUG [78849] [] LoginController start
2022-02-22 17:51:04,089 DEBUG [78849] [] controllers/LoginController.php: is exist
2022-02-22 17:51:04,089 DEBUG [78849] [] LoginForm: is exist
2022-02-22 17:51:04,089 DEBUG [78849] [] LoginForm: form value set 
2022-02-22 17:51:04,089 DEBUG [78849] [] ------------------------------/eccadmin_dev/Login
2022-02-22 17:51:04,089 DEBUG [78849] [] ------------------------------login_start_check
2022-02-22 17:51:04,090 DEBUG [78849] [] indexAction start
2022-02-22 17:51:04,104 DEBUG [78849] [] indexAction end
2022-02-22 17:51:04,104 DEBUG [78849] [] LoginController end
2022-02-22 17:51:04,104 DEBUG [78849] [] finally
2022-02-22 17:51:04,983 DEBUG [78849] [] Request URI : /eccadmin_dev/Login
2022-02-22 17:51:04,983 DEBUG [78849] [] LoginController start
2022-02-22 17:51:04,983 DEBUG [78849] [] controllers/LoginController.php: is exist
2022-02-22 17:51:04,983 DEBUG [78849] [] LoginForm: is exist
2022-02-22 17:51:04,984 DEBUG [78849] [] LoginForm: form value set 
2022-02-22 17:51:04,984 DEBUG [78849] [] ------------------------------/eccadmin_dev/Login
2022-02-22 17:51:04,984 DEBUG [78849] [] ------------------------------login_start_check
2022-02-22 17:51:04,984 DEBUG [78849] [] indexAction start
2022-02-22 17:51:04,998 DEBUG [78849] [] indexAction end
2022-02-22 17:51:04,998 DEBUG [78849] [] LoginController end
2022-02-22 17:51:04,998 DEBUG [78849] [] finally
2022-02-22 17:51:08,163 DEBUG [78849] [] Request URI : /eccadmin_dev/Login/login
2022-02-22 17:51:08,163 DEBUG [78849] [] LoginController start
2022-02-22 17:51:08,163 DEBUG [78849] [] controllers/LoginController.php: is exist
2022-02-22 17:51:08,164 DEBUG [78849] [] LoginForm: is exist
2022-02-22 17:51:08,164 DEBUG [78849] [] LoginForm: form value set 
2022-02-22 17:51:08,164 DEBUG [78849] [] ------------------------------/eccadmin_dev/Login/login
2022-02-22 17:51:08,164 DEBUG [78849] [] ------------------------------login_start_check
2022-02-22 17:51:08,164 DEBUG [78849] [] loginAction start
2022-02-22 17:51:08,474 DEBUG [78849] [] loginAction end
2022-02-22 17:51:08,474 DEBUG [78849] [] LoginController end
2022-02-22 17:51:08,474 DEBUG [78849] [] finally
2022-02-22 17:51:08,497 DEBUG [78849] [] Request URI : /eccadmin_dev/Menu
2022-02-22 17:51:08,497 DEBUG [78849] [] MenuController start
2022-02-22 17:51:08,497 DEBUG [78849] [] controllers/MenuController.php: is exist
2022-02-22 17:51:08,497 DEBUG [78849] [] MenuForm: is exist
2022-02-22 17:51:08,497 DEBUG [78849] [] MenuForm: form value set 
2022-02-22 17:51:08,498 DEBUG [78849] [] ------------------------------/eccadmin_dev/Menu
2022-02-22 17:51:08,498 DEBUG [78849] [] ------------------------------login_start_check
2022-02-22 17:51:08,498 DEBUG [78849] [] indexAction start
2022-02-22 17:51:08,498 DEBUG [78849] [] admin_no is 1
2022-02-22 17:51:08,524 DEBUG [78849] [] indexAction end
2022-02-22 17:51:08,524 DEBUG [78849] [] MenuController end
2022-02-22 17:51:08,524 DEBUG [78849] [] finally
2022-02-22 17:51:12,846 DEBUG [78849] [] Request URI : /eccadmin_dev/AtReportList
2022-02-22 17:51:12,846 DEBUG [78849] [] AtReportListController start
2022-02-22 17:51:12,846 DEBUG [78849] [] controllers/AtReportListController.php: is exist
2022-02-22 17:51:12,847 DEBUG [78849] [] AtReportListForm: is exist
2022-02-22 17:51:12,847 DEBUG [78849] [] AtReportListForm: form value set 
2022-02-22 17:51:12,847 DEBUG [78849] [] ------------------------------/eccadmin_dev/AtReportList
2022-02-22 17:51:12,847 DEBUG [78849] [] indexAction start
2022-02-22 17:51:12,848 DEBUG [78849] [] admin_no is 1
2022-02-22 17:51:12,912 DEBUG [78849] [] indexAction end
2022-02-22 17:51:12,912 DEBUG [78849] [] AtReportListController end
2022-02-22 17:51:12,912 DEBUG [78849] [] finally
2022-02-22 17:51:14,498 DEBUG [78849] [] Request URI : /eccadmin_dev/AtReportRegist/index
2022-02-22 17:51:14,498 DEBUG [78849] [] AtReportRegistController start
2022-02-22 17:51:14,498 DEBUG [78849] [] controllers/AtReportRegistController.php: is exist
2022-02-22 17:51:14,499 DEBUG [78849] [] AtReportRegistForm: is exist
2022-02-22 17:51:14,499 DEBUG [78849] [] AtReportRegistForm: form value set 
2022-02-22 17:51:14,499 DEBUG [78849] [] ------------------------------/eccadmin_dev/AtReportRegist/index
2022-02-22 17:51:14,499 DEBUG [78849] [] ------------------------------session_check_true
2022-02-22 17:51:14,499 DEBUG [78849] [] indexAction start
2022-02-22 17:51:14,500 DEBUG [78849] [] admin_no is 1
2022-02-22 17:51:14,577 DEBUG [78849] [] indexAction end
2022-02-22 17:51:14,577 DEBUG [78849] [] AtReportRegistController end
2022-02-22 17:51:14,577 DEBUG [78849] [] finally
2022-02-22 17:51:22,941 DEBUG [78884] [] Request URI : /eccadmin_dev/AtReportRegist/save
2022-02-22 17:51:22,942 DEBUG [78884] [] AtReportRegistController start
2022-02-22 17:51:22,942 DEBUG [78884] [] controllers/AtReportRegistController.php: is exist
2022-02-22 17:51:22,943 DEBUG [78884] [] AtReportRegistForm: is exist
2022-02-22 17:51:22,943 DEBUG [78884] [] AtReportRegistForm: form value set 
2022-02-22 17:51:22,943 DEBUG [78884] [] ------------------------------/eccadmin_dev/AtReportRegist/save
2022-02-22 17:51:22,943 DEBUG [78884] [] ------------------------------session_check_true
2022-02-22 17:51:22,944 DEBUG [78884] [] saveAction start
2022-02-22 17:51:22,948 DEBUG [78884] [] admin_no is 1
2022-02-22 17:51:22,948 DEBUG [78884] [] saveAction end
2022-02-22 17:51:22,948 DEBUG [78884] [] AtReportRegistController end
2022-02-22 17:51:22,948 DEBUG [78884] [] finally
2022-02-22 17:51:22,966 DEBUG [78884] [] Request URI : /eccadmin_dev/AtReportList/Search
2022-02-22 17:51:22,966 DEBUG [78884] [] AtReportListController start
2022-02-22 17:51:22,966 DEBUG [78884] [] controllers/AtReportListController.php: is exist
2022-02-22 17:51:22,967 DEBUG [78884] [] AtReportListForm: is exist
2022-02-22 17:51:22,967 DEBUG [78884] [] AtReportListForm: form value set 
2022-02-22 17:51:22,967 DEBUG [78884] [] ------------------------------/eccadmin_dev/AtReportList/Search
2022-02-22 17:51:22,967 DEBUG [78884] [] SearchAction start
2022-02-22 17:51:22,967 DEBUG [78884] [] --------back--------
2022-02-22 17:51:22,968 DEBUG [78884] [] admin_no is 1
2022-02-22 17:51:23,027 DEBUG [78884] [] SearchAction end
2022-02-22 17:51:23,028 DEBUG [78884] [] AtReportListController end
2022-02-22 17:51:23,028 DEBUG [78884] [] finally
2022-02-22 17:54:07,620 DEBUG [79057] [] Request URI : /eccadmin_dev/AtReportRegist/index
2022-02-22 17:54:07,621 DEBUG [79057] [] AtReportRegistController start
2022-02-22 17:54:07,621 DEBUG [79057] [] controllers/AtReportRegistController.php: is exist
2022-02-22 17:54:07,622 DEBUG [79057] [] AtReportRegistForm: is exist
2022-02-22 17:54:07,622 DEBUG [79057] [] AtReportRegistForm: form value set 
2022-02-22 17:54:07,622 DEBUG [79057] [] ------------------------------/eccadmin_dev/AtReportRegist/index
2022-02-22 17:54:07,623 DEBUG [79057] [] ------------------------------session_check_true
2022-02-22 17:54:07,623 DEBUG [79057] [] indexAction start
2022-02-22 17:54:07,623 DEBUG [79057] [] admin_no is 1
2022-02-22 17:54:07,704 DEBUG [79057] [] indexAction end
2022-02-22 17:54:07,704 DEBUG [79057] [] AtReportRegistController end
2022-02-22 17:54:07,704 DEBUG [79057] [] finally
2022-02-22 17:54:15,537 DEBUG [78949] [] Request URI : /eccadmin_dev/AtReportRegist/save
2022-02-22 17:54:15,538 DEBUG [78949] [] AtReportRegistController start
2022-02-22 17:54:15,538 DEBUG [78949] [] controllers/AtReportRegistController.php: is exist
2022-02-22 17:54:15,538 DEBUG [78949] [] AtReportRegistForm: is exist
2022-02-22 17:54:15,539 DEBUG [78949] [] AtReportRegistForm: form value set 
2022-02-22 17:54:15,539 DEBUG [78949] [] ------------------------------/eccadmin_dev/AtReportRegist/save
2022-02-22 17:54:15,539 DEBUG [78949] [] ------------------------------session_check_true
2022-02-22 17:54:15,539 DEBUG [78949] [] saveAction start
2022-02-22 17:54:15,547 DEBUG [78949] [] admin_no is 1
2022-02-22 17:54:15,547 DEBUG [78949] [] saveAction end
2022-02-22 17:54:15,547 DEBUG [78949] [] AtReportRegistController end
2022-02-22 17:54:15,547 DEBUG [78949] [] finally
2022-02-22 17:54:15,576 DEBUG [78949] [] Request URI : /eccadmin_dev/AtReportList/Search
2022-02-22 17:54:15,577 DEBUG [78949] [] AtReportListController start
2022-02-22 17:54:15,577 DEBUG [78949] [] controllers/AtReportListController.php: is exist
2022-02-22 17:54:15,577 DEBUG [78949] [] AtReportListForm: is exist
2022-02-22 17:54:15,577 DEBUG [78949] [] AtReportListForm: form value set 
2022-02-22 17:54:15,578 DEBUG [78949] [] ------------------------------/eccadmin_dev/AtReportList/Search
2022-02-22 17:54:15,578 DEBUG [78949] [] SearchAction start
2022-02-22 17:54:15,578 DEBUG [78949] [] --------back--------
2022-02-22 17:54:15,578 DEBUG [78949] [] admin_no is 1
2022-02-22 17:54:15,641 DEBUG [78949] [] SearchAction end
2022-02-22 17:54:15,641 DEBUG [78949] [] AtReportListController end
2022-02-22 17:54:15,641 DEBUG [78949] [] finally
2022-02-22 18:34:57,121 DEBUG [79383] [] Request URI : /eccadmin_dev/AtReportRegist/index
2022-02-22 18:34:57,122 DEBUG [79383] [] AtReportRegistController start
2022-02-22 18:34:57,122 DEBUG [79383] [] controllers/AtReportRegistController.php: is exist
2022-02-22 18:34:57,123 DEBUG [79383] [] AtReportRegistForm: is exist
2022-02-22 18:34:57,123 DEBUG [79383] [] AtReportRegistForm: form value set 
2022-02-22 18:34:57,123 DEBUG [79383] [] ------------------------------/eccadmin_dev/AtReportRegist/index
2022-02-22 18:34:57,123 DEBUG [79383] [] ------------------------------session_check_true
2022-02-22 18:34:57,124 DEBUG [79383] [] indexAction start
2022-02-22 18:34:57,124 DEBUG [79383] [] admin_no is 1
2022-02-22 18:34:57,202 DEBUG [79383] [] indexAction end
2022-02-22 18:34:57,202 DEBUG [79383] [] AtReportRegistController end
2022-02-22 18:34:57,202 DEBUG [79383] [] finally
2022-02-22 18:35:16,901 DEBUG [79063] [] Request URI : /eccadmin_dev/AtReportRegist/save
2022-02-22 18:35:16,902 DEBUG [79063] [] AtReportRegistController start
2022-02-22 18:35:16,902 DEBUG [79063] [] controllers/AtReportRegistController.php: is exist
2022-02-22 18:35:16,903 DEBUG [79063] [] AtReportRegistForm: is exist
2022-02-22 18:35:16,903 DEBUG [79063] [] AtReportRegistForm: form value set 
2022-02-22 18:35:16,903 DEBUG [79063] [] ------------------------------/eccadmin_dev/AtReportRegist/save
2022-02-22 18:35:16,904 DEBUG [79063] [] ------------------------------session_check_true
2022-02-22 18:35:16,904 DEBUG [79063] [] saveAction start
2022-02-22 18:35:16,907 DEBUG [79063] [] admin_no is 1
2022-02-22 18:35:16,908 DEBUG [79063] [] saveAction end
2022-02-22 18:35:16,908 DEBUG [79063] [] AtReportRegistController end
2022-02-22 18:35:16,908 DEBUG [79063] [] finally
2022-02-22 18:35:16,935 DEBUG [79063] [] Request URI : /eccadmin_dev/AtReportList/Search
2022-02-22 18:35:16,935 DEBUG [79063] [] AtReportListController start
2022-02-22 18:35:16,935 DEBUG [79063] [] controllers/AtReportListController.php: is exist
2022-02-22 18:35:16,935 DEBUG [79063] [] AtReportListForm: is exist
2022-02-22 18:35:16,935 DEBUG [79063] [] AtReportListForm: form value set 
2022-02-22 18:35:16,936 DEBUG [79063] [] ------------------------------/eccadmin_dev/AtReportList/Search
2022-02-22 18:35:16,936 DEBUG [79063] [] SearchAction start
2022-02-22 18:35:16,936 DEBUG [79063] [] --------back--------
2022-02-22 18:35:16,936 DEBUG [79063] [] admin_no is 1
2022-02-22 18:35:16,995 DEBUG [79063] [] SearchAction end
2022-02-22 18:35:16,996 DEBUG [79063] [] AtReportListController end
2022-02-22 18:35:16,996 DEBUG [79063] [] finally
2022-02-22 18:40:19,891 DEBUG [79598] [] Request URI : /eccadmin_dev/AtReportRegist/index
2022-02-22 18:40:19,892 DEBUG [79598] [] AtReportRegistController start
2022-02-22 18:40:19,892 DEBUG [79598] [] controllers/AtReportRegistController.php: is exist
2022-02-22 18:40:19,893 DEBUG [79598] [] AtReportRegistForm: is exist
2022-02-22 18:40:19,893 DEBUG [79598] [] AtReportRegistForm: form value set 
2022-02-22 18:40:19,894 DEBUG [79598] [] ------------------------------/eccadmin_dev/AtReportRegist/index
2022-02-22 18:40:19,894 DEBUG [79598] [] ------------------------------session_check_true
2022-02-22 18:40:19,894 DEBUG [79598] [] indexAction start
2022-02-22 18:40:19,894 DEBUG [79598] [] admin_no is 1
2022-02-22 18:40:19,976 DEBUG [79598] [] indexAction end
2022-02-22 18:40:19,976 DEBUG [79598] [] AtReportRegistController end
2022-02-22 18:40:19,977 DEBUG [79598] [] finally
2022-02-22 18:40:34,301 DEBUG [78847] [] Request URI : /eccadmin_dev/AtReportRegist/save
2022-02-22 18:40:34,302 DEBUG [78847] [] AtReportRegistController start
2022-02-22 18:40:34,302 DEBUG [78847] [] controllers/AtReportRegistController.php: is exist
2022-02-22 18:40:34,303 DEBUG [78847] [] AtReportRegistForm: is exist
2022-02-22 18:40:34,303 DEBUG [78847] [] AtReportRegistForm: form value set 
2022-02-22 18:40:34,304 DEBUG [78847] [] ------------------------------/eccadmin_dev/AtReportRegist/save
2022-02-22 18:40:34,304 DEBUG [78847] [] ------------------------------session_check_true
2022-02-22 18:40:34,304 DEBUG [78847] [] saveAction start
2022-02-22 18:40:34,307 DEBUG [78847] [] admin_no is 1
2022-02-22 18:40:34,307 DEBUG [78847] [] saveAction end
2022-02-22 18:40:34,307 DEBUG [78847] [] AtReportRegistController end
2022-02-22 18:40:34,307 DEBUG [78847] [] finally
2022-02-22 18:40:34,349 DEBUG [78847] [] Request URI : /eccadmin_dev/AtReportList/Search
2022-02-22 18:40:34,349 DEBUG [78847] [] AtReportListController start
2022-02-22 18:40:34,349 DEBUG [78847] [] controllers/AtReportListController.php: is exist
2022-02-22 18:40:34,350 DEBUG [78847] [] AtReportListForm: is exist
2022-02-22 18:40:34,350 DEBUG [78847] [] AtReportListForm: form value set 
2022-02-22 18:40:34,350 DEBUG [78847] [] ------------------------------/eccadmin_dev/AtReportList/Search
2022-02-22 18:40:34,350 DEBUG [78847] [] SearchAction start
2022-02-22 18:40:34,351 DEBUG [78847] [] --------back--------
2022-02-22 18:40:34,351 DEBUG [78847] [] admin_no is 1
2022-02-22 18:40:34,416 DEBUG [78847] [] SearchAction end
2022-02-22 18:40:34,416 DEBUG [78847] [] AtReportListController end
2022-02-22 18:40:34,417 DEBUG [78847] [] finally
2022-02-22 18:40:38,106 DEBUG [78847] [] Request URI : /eccadmin_dev/AtReportRegist/index
2022-02-22 18:40:38,106 DEBUG [78847] [] AtReportRegistController start
2022-02-22 18:40:38,106 DEBUG [78847] [] controllers/AtReportRegistController.php: is exist
2022-02-22 18:40:38,107 DEBUG [78847] [] AtReportRegistForm: is exist
2022-02-22 18:40:38,107 DEBUG [78847] [] AtReportRegistForm: form value set 
2022-02-22 18:40:38,107 DEBUG [78847] [] ------------------------------/eccadmin_dev/AtReportRegist/index
2022-02-22 18:40:38,108 DEBUG [78847] [] ------------------------------session_check_true
2022-02-22 18:40:38,108 DEBUG [78847] [] indexAction start
2022-02-22 18:40:38,108 DEBUG [78847] [] admin_no is 1
2022-02-22 18:40:38,192 DEBUG [78847] [] indexAction end
2022-02-22 18:40:38,192 DEBUG [78847] [] AtReportRegistController end
2022-02-22 18:40:38,192 DEBUG [78847] [] finally
2022-02-22 18:40:56,282 DEBUG [79122] [] Request URI : /eccadmin_dev/AtReportRegist/save
2022-02-22 18:40:56,283 DEBUG [79122] [] AtReportRegistController start
2022-02-22 18:40:56,283 DEBUG [79122] [] controllers/AtReportRegistController.php: is exist
2022-02-22 18:40:56,284 DEBUG [79122] [] AtReportRegistForm: is exist
2022-02-22 18:40:56,284 DEBUG [79122] [] AtReportRegistForm: form value set 
2022-02-22 18:40:56,285 DEBUG [79122] [] ------------------------------/eccadmin_dev/AtReportRegist/save
2022-02-22 18:40:56,285 DEBUG [79122] [] ------------------------------session_check_true
2022-02-22 18:40:56,285 DEBUG [79122] [] saveAction start
2022-02-22 18:40:56,289 DEBUG [79122] [] admin_no is 1
2022-02-22 18:40:56,290 DEBUG [79122] [] saveAction end
2022-02-22 18:40:56,290 DEBUG [79122] [] AtReportRegistController end
2022-02-22 18:40:56,290 DEBUG [79122] [] finally
2022-02-22 18:40:56,330 DEBUG [79122] [] Request URI : /eccadmin_dev/AtReportList/Search
2022-02-22 18:40:56,330 DEBUG [79122] [] AtReportListController start
2022-02-22 18:40:56,330 DEBUG [79122] [] controllers/AtReportListController.php: is exist
2022-02-22 18:40:56,330 DEBUG [79122] [] AtReportListForm: is exist
2022-02-22 18:40:56,331 DEBUG [79122] [] AtReportListForm: form value set 
2022-02-22 18:40:56,331 DEBUG [79122] [] ------------------------------/eccadmin_dev/AtReportList/Search
2022-02-22 18:40:56,331 DEBUG [79122] [] SearchAction start
2022-02-22 18:40:56,331 DEBUG [79122] [] --------back--------
2022-02-22 18:40:56,331 DEBUG [79122] [] admin_no is 1
2022-02-22 18:40:56,397 DEBUG [79122] [] SearchAction end
2022-02-22 18:40:56,397 DEBUG [79122] [] AtReportListController end
2022-02-22 18:40:56,397 DEBUG [79122] [] finally
2022-02-22 18:47:24,987 DEBUG [79854] [] Request URI : /eccadmin_dev/AtReportRegist/index
2022-02-22 18:47:24,991 DEBUG [79854] [] AtReportRegistController start
2022-02-22 18:47:24,991 DEBUG [79854] [] controllers/AtReportRegistController.php: is exist
2022-02-22 18:47:24,992 DEBUG [79854] [] AtReportRegistForm: is exist
2022-02-22 18:47:24,992 DEBUG [79854] [] AtReportRegistForm: form value set 
2022-02-22 18:47:24,993 DEBUG [79854] [] ------------------------------/eccadmin_dev/AtReportRegist/index
2022-02-22 18:47:24,993 DEBUG [79854] [] ------------------------------session_check_true
2022-02-22 18:47:24,993 DEBUG [79854] [] indexAction start
2022-02-22 18:47:24,993 DEBUG [79854] [] admin_no is 1
2022-02-22 18:47:25,066 DEBUG [79854] [] indexAction end
2022-02-22 18:47:25,066 DEBUG [79854] [] AtReportRegistController end
2022-02-22 18:47:25,066 DEBUG [79854] [] finally
2022-02-22 18:47:34,530 DEBUG [79855] [] Request URI : /eccadmin_dev/AtReportRegist/save
2022-02-22 18:47:34,534 DEBUG [79855] [] AtReportRegistController start
2022-02-22 18:47:34,534 DEBUG [79855] [] controllers/AtReportRegistController.php: is exist
2022-02-22 18:47:34,535 DEBUG [79855] [] AtReportRegistForm: is exist
2022-02-22 18:47:34,535 DEBUG [79855] [] AtReportRegistForm: form value set 
2022-02-22 18:47:34,536 DEBUG [79855] [] ------------------------------/eccadmin_dev/AtReportRegist/save
2022-02-22 18:47:34,536 DEBUG [79855] [] ------------------------------session_check_true
2022-02-22 18:47:34,536 DEBUG [79855] [] saveAction start
2022-02-22 18:47:34,540 DEBUG [79855] [] admin_no is 1
2022-02-22 18:47:34,540 DEBUG [79855] [] saveAction end
2022-02-22 18:47:34,540 DEBUG [79855] [] AtReportRegistController end
2022-02-22 18:47:34,541 DEBUG [79855] [] finally
2022-02-22 18:47:34,575 DEBUG [79855] [] Request URI : /eccadmin_dev/AtReportList/Search
2022-02-22 18:47:34,575 DEBUG [79855] [] AtReportListController start
2022-02-22 18:47:34,575 DEBUG [79855] [] controllers/AtReportListController.php: is exist
2022-02-22 18:47:34,575 DEBUG [79855] [] AtReportListForm: is exist
2022-02-22 18:47:34,576 DEBUG [79855] [] AtReportListForm: form value set 
2022-02-22 18:47:34,576 DEBUG [79855] [] ------------------------------/eccadmin_dev/AtReportList/Search
2022-02-22 18:47:34,576 DEBUG [79855] [] SearchAction start
2022-02-22 18:47:34,576 DEBUG [79855] [] --------back--------
2022-02-22 18:47:34,576 DEBUG [79855] [] admin_no is 1
2022-02-22 18:47:34,637 DEBUG [79855] [] SearchAction end
2022-02-22 18:47:34,637 DEBUG [79855] [] AtReportListController end
2022-02-22 18:47:34,637 DEBUG [79855] [] finally
2022-02-22 18:50:46,141 DEBUG [78849] [] Request URI : /eccadmin_dev/AtReportRegist/index
2022-02-22 18:50:46,142 DEBUG [78849] [] AtReportRegistController start
2022-02-22 18:50:46,142 DEBUG [78849] [] controllers/AtReportRegistController.php: is exist
2022-02-22 18:50:46,142 DEBUG [78849] [] AtReportRegistForm: is exist
2022-02-22 18:50:46,143 DEBUG [78849] [] AtReportRegistForm: form value set 
2022-02-22 18:50:46,143 DEBUG [78849] [] ------------------------------/eccadmin_dev/AtReportRegist/index
2022-02-22 18:50:46,143 DEBUG [78849] [] ------------------------------session_check_true
2022-02-22 18:50:46,143 DEBUG [78849] [] indexAction start
2022-02-22 18:50:46,143 DEBUG [78849] [] admin_no is 1
2022-02-22 18:50:46,228 DEBUG [78849] [] indexAction end
2022-02-22 18:50:46,228 DEBUG [78849] [] AtReportRegistController end
2022-02-22 18:50:46,228 DEBUG [78849] [] finally
2022-02-22 18:50:53,628 DEBUG [79851] [] Request URI : /eccadmin_dev/AtReportRegist/save
2022-02-22 18:50:53,629 DEBUG [79851] [] AtReportRegistController start
2022-02-22 18:50:53,629 DEBUG [79851] [] controllers/AtReportRegistController.php: is exist
2022-02-22 18:50:53,630 DEBUG [79851] [] AtReportRegistForm: is exist
2022-02-22 18:50:53,630 DEBUG [79851] [] AtReportRegistForm: form value set 
2022-02-22 18:50:53,630 DEBUG [79851] [] ------------------------------/eccadmin_dev/AtReportRegist/save
2022-02-22 18:50:53,631 DEBUG [79851] [] ------------------------------session_check_true
2022-02-22 18:50:53,631 DEBUG [79851] [] saveAction start
2022-02-22 18:50:53,634 DEBUG [79851] [] admin_no is 1
2022-02-22 18:50:53,634 DEBUG [79851] [] saveAction end
2022-02-22 18:50:53,634 DEBUG [79851] [] AtReportRegistController end
2022-02-22 18:50:53,635 DEBUG [79851] [] finally
2022-02-22 18:50:53,653 DEBUG [79851] [] Request URI : /eccadmin_dev/AtReportList/Search
2022-02-22 18:50:53,653 DEBUG [79851] [] AtReportListController start
2022-02-22 18:50:53,653 DEBUG [79851] [] controllers/AtReportListController.php: is exist
2022-02-22 18:50:53,654 DEBUG [79851] [] AtReportListForm: is exist
2022-02-22 18:50:53,654 DEBUG [79851] [] AtReportListForm: form value set 
2022-02-22 18:50:53,654 DEBUG [79851] [] ------------------------------/eccadmin_dev/AtReportList/Search
2022-02-22 18:50:53,654 DEBUG [79851] [] SearchAction start
2022-02-22 18:50:53,654 DEBUG [79851] [] --------back--------
2022-02-22 18:50:53,655 DEBUG [79851] [] admin_no is 1
2022-02-22 18:50:53,714 DEBUG [79851] [] SearchAction end
2022-02-22 18:50:53,714 DEBUG [79851] [] AtReportListController end
2022-02-22 18:50:53,714 DEBUG [79851] [] finally
2022-02-22 18:55:08,528 DEBUG [79800] [] Request URI : /eccadmin_dev/AtReportRegist/index
2022-02-22 18:55:08,529 DEBUG [79800] [] AtReportRegistController start
2022-02-22 18:55:08,529 DEBUG [79800] [] controllers/AtReportRegistController.php: is exist
2022-02-22 18:55:08,529 DEBUG [79800] [] AtReportRegistForm: is exist
2022-02-22 18:55:08,530 DEBUG [79800] [] AtReportRegistForm: form value set 
2022-02-22 18:55:08,530 DEBUG [79800] [] ------------------------------/eccadmin_dev/AtReportRegist/index
2022-02-22 18:55:08,530 DEBUG [79800] [] ------------------------------session_check_true
2022-02-22 18:55:08,530 DEBUG [79800] [] indexAction start
2022-02-22 18:55:08,530 DEBUG [79800] [] admin_no is 1
2022-02-22 18:55:08,613 DEBUG [79800] [] indexAction end
2022-02-22 18:55:08,613 DEBUG [79800] [] AtReportRegistController end
2022-02-22 18:55:08,613 DEBUG [79800] [] finally
2022-02-22 18:55:22,637 DEBUG [79598] [] Request URI : /eccadmin_dev/AtReportRegist/save
2022-02-22 18:55:22,638 DEBUG [79598] [] AtReportRegistController start
2022-02-22 18:55:22,638 DEBUG [79598] [] controllers/AtReportRegistController.php: is exist
2022-02-22 18:55:22,638 DEBUG [79598] [] AtReportRegistForm: is exist
2022-02-22 18:55:22,638 DEBUG [79598] [] AtReportRegistForm: form value set 
2022-02-22 18:55:22,639 DEBUG [79598] [] ------------------------------/eccadmin_dev/AtReportRegist/save
2022-02-22 18:55:22,639 DEBUG [79598] [] ------------------------------session_check_true
2022-02-22 18:55:22,639 DEBUG [79598] [] saveAction start
2022-02-22 18:55:22,644 DEBUG [79598] [] admin_no is 1
2022-02-22 18:55:22,644 DEBUG [79598] [] saveAction end
2022-02-22 18:55:22,644 DEBUG [79598] [] AtReportRegistController end
2022-02-22 18:55:22,644 DEBUG [79598] [] finally
2022-02-22 18:55:22,691 DEBUG [79598] [] Request URI : /eccadmin_dev/AtReportList/Search
2022-02-22 18:55:22,692 DEBUG [79598] [] AtReportListController start
2022-02-22 18:55:22,692 DEBUG [79598] [] controllers/AtReportListController.php: is exist
2022-02-22 18:55:22,692 DEBUG [79598] [] AtReportListForm: is exist
2022-02-22 18:55:22,692 DEBUG [79598] [] AtReportListForm: form value set 
2022-02-22 18:55:22,693 DEBUG [79598] [] ------------------------------/eccadmin_dev/AtReportList/Search
2022-02-22 18:55:22,693 DEBUG [79598] [] SearchAction start
2022-02-22 18:55:22,693 DEBUG [79598] [] --------back--------
2022-02-22 18:55:22,693 DEBUG [79598] [] admin_no is 1
2022-02-22 18:55:22,755 DEBUG [79598] [] SearchAction end
2022-02-22 18:55:22,755 DEBUG [79598] [] AtReportListController end
2022-02-22 18:55:22,755 DEBUG [79598] [] finally
2022-02-22 18:58:08,636 DEBUG [79851] [] Request URI : /eccadmin_dev/AtReportRegist/index
2022-02-22 18:58:08,637 DEBUG [79851] [] AtReportRegistController start
2022-02-22 18:58:08,637 DEBUG [79851] [] controllers/AtReportRegistController.php: is exist
2022-02-22 18:58:08,637 DEBUG [79851] [] AtReportRegistForm: is exist
2022-02-22 18:58:08,637 DEBUG [79851] [] AtReportRegistForm: form value set 
2022-02-22 18:58:08,638 DEBUG [79851] [] ------------------------------/eccadmin_dev/AtReportRegist/index
2022-02-22 18:58:08,638 DEBUG [79851] [] ------------------------------session_check_true
2022-02-22 18:58:08,638 DEBUG [79851] [] indexAction start
2022-02-22 18:58:08,638 DEBUG [79851] [] admin_no is 1
2022-02-22 18:58:08,715 DEBUG [79851] [] indexAction end
2022-02-22 18:58:08,715 DEBUG [79851] [] AtReportRegistController end
2022-02-22 18:58:08,715 DEBUG [79851] [] finally
2022-02-22 18:58:16,438 DEBUG [79670] [] Request URI : /eccadmin_dev/AtReportRegist/save
2022-02-22 18:58:16,439 DEBUG [79670] [] AtReportRegistController start
2022-02-22 18:58:16,439 DEBUG [79670] [] controllers/AtReportRegistController.php: is exist
2022-02-22 18:58:16,439 DEBUG [79670] [] AtReportRegistForm: is exist
2022-02-22 18:58:16,440 DEBUG [79670] [] AtReportRegistForm: form value set 
2022-02-22 18:58:16,440 DEBUG [79670] [] ------------------------------/eccadmin_dev/AtReportRegist/save
2022-02-22 18:58:16,440 DEBUG [79670] [] ------------------------------session_check_true
2022-02-22 18:58:16,440 DEBUG [79670] [] saveAction start
2022-02-22 18:58:16,445 DEBUG [79670] [] admin_no is 1
2022-02-22 18:58:16,445 DEBUG [79670] [] saveAction end
2022-02-22 18:58:16,445 DEBUG [79670] [] AtReportRegistController end
2022-02-22 18:58:16,445 DEBUG [79670] [] finally
2022-02-22 18:58:16,465 DEBUG [79670] [] Request URI : /eccadmin_dev/AtReportList/Search
2022-02-22 18:58:16,466 DEBUG [79670] [] AtReportListController start
2022-02-22 18:58:16,466 DEBUG [79670] [] controllers/AtReportListController.php: is exist
2022-02-22 18:58:16,466 DEBUG [79670] [] AtReportListForm: is exist
2022-02-22 18:58:16,466 DEBUG [79670] [] AtReportListForm: form value set 
2022-02-22 18:58:16,466 DEBUG [79670] [] ------------------------------/eccadmin_dev/AtReportList/Search
2022-02-22 18:58:16,467 DEBUG [79670] [] SearchAction start
2022-02-22 18:58:16,467 DEBUG [79670] [] --------back--------
2022-02-22 18:58:16,467 DEBUG [79670] [] admin_no is 1
2022-02-22 18:58:16,526 DEBUG [79670] [] SearchAction end
2022-02-22 18:58:16,526 DEBUG [79670] [] AtReportListController end
2022-02-22 18:58:16,526 DEBUG [79670] [] finally
2022-02-22 18:58:36,365 DEBUG [79855] [] Request URI : /eccadmin_dev/AtReportRegist/index
2022-02-22 18:58:36,365 DEBUG [79855] [] AtReportRegistController start
2022-02-22 18:58:36,365 DEBUG [79855] [] controllers/AtReportRegistController.php: is exist
2022-02-22 18:58:36,366 DEBUG [79855] [] AtReportRegistForm: is exist
2022-02-22 18:58:36,366 DEBUG [79855] [] AtReportRegistForm: form value set 
2022-02-22 18:58:36,366 DEBUG [79855] [] ------------------------------/eccadmin_dev/AtReportRegist/index
2022-02-22 18:58:36,366 DEBUG [79855] [] ------------------------------session_check_true
2022-02-22 18:58:36,367 DEBUG [79855] [] indexAction start
2022-02-22 18:58:36,367 DEBUG [79855] [] admin_no is 1
2022-02-22 18:58:36,445 DEBUG [79855] [] indexAction end
2022-02-22 18:58:36,445 DEBUG [79855] [] AtReportRegistController end
2022-02-22 18:58:36,445 DEBUG [79855] [] finally
2022-02-22 18:58:54,083 DEBUG [79800] [] Request URI : /eccadmin_dev/AtReportRegist/save
2022-02-22 18:58:54,084 DEBUG [79800] [] AtReportRegistController start
2022-02-22 18:58:54,084 DEBUG [79800] [] controllers/AtReportRegistController.php: is exist
2022-02-22 18:58:54,084 DEBUG [79800] [] AtReportRegistForm: is exist
2022-02-22 18:58:54,085 DEBUG [79800] [] AtReportRegistForm: form value set 
2022-02-22 18:58:54,085 DEBUG [79800] [] ------------------------------/eccadmin_dev/AtReportRegist/save
2022-02-22 18:58:54,085 DEBUG [79800] [] ------------------------------session_check_true
2022-02-22 18:58:54,085 DEBUG [79800] [] saveAction start
2022-02-22 18:58:54,089 DEBUG [79800] [] admin_no is 1
2022-02-22 18:58:54,089 DEBUG [79800] [] saveAction end
2022-02-22 18:58:54,089 DEBUG [79800] [] AtReportRegistController end
2022-02-22 18:58:54,089 DEBUG [79800] [] finally
2022-02-22 18:58:54,110 DEBUG [79800] [] Request URI : /eccadmin_dev/AtReportList/Search
2022-02-22 18:58:54,111 DEBUG [79800] [] AtReportListController start
2022-02-22 18:58:54,111 DEBUG [79800] [] controllers/AtReportListController.php: is exist
2022-02-22 18:58:54,111 DEBUG [79800] [] AtReportListForm: is exist
2022-02-22 18:58:54,111 DEBUG [79800] [] AtReportListForm: form value set 
2022-02-22 18:58:54,112 DEBUG [79800] [] ------------------------------/eccadmin_dev/AtReportList/Search
2022-02-22 18:58:54,112 DEBUG [79800] [] SearchAction start
2022-02-22 18:58:54,112 DEBUG [79800] [] --------back--------
2022-02-22 18:58:54,112 DEBUG [79800] [] admin_no is 1
2022-02-22 18:58:54,174 DEBUG [79800] [] SearchAction end
2022-02-22 18:58:54,174 DEBUG [79800] [] AtReportListController end
2022-02-22 18:58:54,175 DEBUG [79800] [] finally
2022-02-22 19:03:54,618 DEBUG [79851] [] Request URI : /eccadmin_dev/AtReportRegist/index
2022-02-22 19:03:54,619 DEBUG [79851] [] AtReportRegistController start
2022-02-22 19:03:54,619 DEBUG [79851] [] controllers/AtReportRegistController.php: is exist
2022-02-22 19:03:54,619 DEBUG [79851] [] AtReportRegistForm: is exist
2022-02-22 19:03:54,619 DEBUG [79851] [] AtReportRegistForm: form value set 
2022-02-22 19:03:54,620 DEBUG [79851] [] ------------------------------/eccadmin_dev/AtReportRegist/index
2022-02-22 19:03:54,620 DEBUG [79851] [] ------------------------------session_check_true
2022-02-22 19:03:54,620 DEBUG [79851] [] indexAction start
2022-02-22 19:03:54,620 DEBUG [79851] [] admin_no is 1
2022-02-22 19:03:54,698 DEBUG [79851] [] indexAction end
2022-02-22 19:03:54,698 DEBUG [79851] [] AtReportRegistController end
2022-02-22 19:03:54,698 DEBUG [79851] [] finally
2022-02-22 19:04:03,046 DEBUG [79950] [] Request URI : /eccadmin_dev/AtReportRegist/save
2022-02-22 19:04:03,047 DEBUG [79950] [] AtReportRegistController start
2022-02-22 19:04:03,047 DEBUG [79950] [] controllers/AtReportRegistController.php: is exist
2022-02-22 19:04:03,047 DEBUG [79950] [] AtReportRegistForm: is exist
2022-02-22 19:04:03,047 DEBUG [79950] [] AtReportRegistForm: form value set 
2022-02-22 19:04:03,048 DEBUG [79950] [] ------------------------------/eccadmin_dev/AtReportRegist/save
2022-02-22 19:04:03,048 DEBUG [79950] [] ------------------------------session_check_true
2022-02-22 19:04:03,048 DEBUG [79950] [] saveAction start
2022-02-22 19:04:03,052 DEBUG [79950] [] admin_no is 1
2022-02-22 19:04:03,052 DEBUG [79950] [] saveAction end
2022-02-22 19:04:03,052 DEBUG [79950] [] AtReportRegistController end
2022-02-22 19:04:03,052 DEBUG [79950] [] finally
2022-02-22 19:04:03,080 DEBUG [79950] [] Request URI : /eccadmin_dev/AtReportList/Search
2022-02-22 19:04:03,080 DEBUG [79950] [] AtReportListController start
2022-02-22 19:04:03,080 DEBUG [79950] [] controllers/AtReportListController.php: is exist
2022-02-22 19:04:03,081 DEBUG [79950] [] AtReportListForm: is exist
2022-02-22 19:04:03,081 DEBUG [79950] [] AtReportListForm: form value set 
2022-02-22 19:04:03,081 DEBUG [79950] [] ------------------------------/eccadmin_dev/AtReportList/Search
2022-02-22 19:04:03,081 DEBUG [79950] [] SearchAction start
2022-02-22 19:04:03,081 DEBUG [79950] [] --------back--------
2022-02-22 19:04:03,082 DEBUG [79950] [] admin_no is 1
2022-02-22 19:04:03,141 DEBUG [79950] [] SearchAction end
2022-02-22 19:04:03,141 DEBUG [79950] [] AtReportListController end
2022-02-22 19:04:03,141 DEBUG [79950] [] finally
