2022-07-30 01:00:16,796 DEBUG [26407] [] Request URI : /eccadmin_dev/Login
2022-07-30 01:00:16,822 DEBUG [26407] [] LoginController start
2022-07-30 01:00:16,822 DEBUG [26407] [] controllers/LoginController.php: is exist
2022-07-30 01:00:16,825 DEBUG [26407] [] LoginForm: is exist
2022-07-30 01:00:16,825 DEBUG [26407] [] LoginForm: form value set 
2022-07-30 01:00:16,826 DEBUG [26407] [] ------------------------------/eccadmin_dev/Login
2022-07-30 01:00:16,826 DEBUG [26407] [] ------------------------------login_start_check
2022-07-30 01:00:16,826 DEBUG [26407] [] indexAction start
2022-07-30 01:00:16,933 DEBUG [26407] [] indexAction end
2022-07-30 01:00:16,933 DEBUG [26407] [] LoginController end
2022-07-30 01:00:16,933 DEBUG [26407] [] finally
2022-07-30 05:30:30,672 DEBUG [29535] [] Request URI : /eccadmin_dev/Login
2022-07-30 05:30:30,678 DEBUG [29535] [] LoginController start
2022-07-30 05:30:30,678 DEBUG [29535] [] controllers/LoginController.php: is exist
2022-07-30 05:30:30,681 DEBUG [29535] [] LoginForm: is exist
2022-07-30 05:30:30,681 DEBUG [29535] [] LoginForm: form value set 
2022-07-30 05:30:30,682 DEBUG [29535] [] ------------------------------/eccadmin_dev/Login
2022-07-30 05:30:30,682 DEBUG [29535] [] ------------------------------login_start_check
2022-07-30 05:30:30,682 DEBUG [29535] [] indexAction start
2022-07-30 05:30:30,711 DEBUG [29535] [] indexAction end
2022-07-30 05:30:30,711 DEBUG [29535] [] LoginController end
2022-07-30 05:30:30,711 DEBUG [29535] [] finally
2022-07-30 11:41:48,775 DEBUG [34237] [] Request URI : /eccadmin_dev/Login
2022-07-30 11:41:48,780 DEBUG [34237] [] LoginController start
2022-07-30 11:41:48,780 DEBUG [34237] [] controllers/LoginController.php: is exist
2022-07-30 11:41:48,783 DEBUG [34237] [] LoginForm: is exist
2022-07-30 11:41:48,783 DEBUG [34237] [] LoginForm: form value set 
2022-07-30 11:41:48,784 DEBUG [34237] [] ------------------------------/eccadmin_dev/Login
2022-07-30 11:41:48,784 DEBUG [34237] [] ------------------------------login_start_check
2022-07-30 11:41:48,784 DEBUG [34237] [] indexAction start
2022-07-30 11:41:48,813 DEBUG [34237] [] indexAction end
2022-07-30 11:41:48,813 DEBUG [34237] [] LoginController end
2022-07-30 11:41:48,813 DEBUG [34237] [] finally
