2022-03-20 09:47:21,565 DEBUG [113776] [] Request URI : /eccadmin_dev/Login
2022-03-20 09:47:21,625 DEBUG [113776] [] LoginController start
2022-03-20 09:47:21,625 DEBUG [113776] [] controllers/LoginController.php: is exist
2022-03-20 09:47:21,632 DEBUG [113776] [] LoginForm: is exist
2022-03-20 09:47:21,633 DEBUG [113776] [] LoginForm: form value set 
2022-03-20 09:47:21,633 DEBUG [113776] [] ------------------------------/eccadmin_dev/Login
2022-03-20 09:47:21,633 DEBUG [113776] [] ------------------------------login_start_check
2022-03-20 09:47:21,633 DEBUG [113776] [] indexAction start
2022-03-20 09:47:21,778 DEBUG [113776] [] indexAction end
2022-03-20 09:47:21,778 DEBUG [113776] [] LoginController end
2022-03-20 09:47:21,778 DEBUG [113776] [] finally
2022-03-20 09:47:37,934 DEBUG [117821] [] Request URI : /eccadmin_dev/Login
2022-03-20 09:47:37,935 DEBUG [117821] [] LoginController start
2022-03-20 09:47:37,935 DEBUG [117821] [] controllers/LoginController.php: is exist
2022-03-20 09:47:37,935 DEBUG [117821] [] LoginForm: is exist
2022-03-20 09:47:37,935 DEBUG [117821] [] LoginForm: form value set 
2022-03-20 09:47:37,936 DEBUG [117821] [] ------------------------------/eccadmin_dev/Login
2022-03-20 09:47:37,936 DEBUG [117821] [] ------------------------------login_start_check
2022-03-20 09:47:37,936 DEBUG [117821] [] indexAction start
2022-03-20 09:47:37,952 DEBUG [117821] [] indexAction end
2022-03-20 09:47:37,952 DEBUG [117821] [] LoginController end
2022-03-20 09:47:37,952 DEBUG [117821] [] finally
