2022-03-29 10:07:30,085 DEBUG [146629] [] Request URI : /eccadmin_dev/TestList/Search
2022-03-29 10:07:30,103 DEBUG [146629] [] TestListController start
2022-03-29 10:07:30,103 DEBUG [146629] [] controllers/TestListController.php: is exist
2022-03-29 10:07:30,107 DEBUG [146629] [] TestListForm: is exist
2022-03-29 10:07:30,107 DEBUG [146629] [] TestListForm: form value set 
2022-03-29 10:07:30,108 DEBUG [146629] [] ------------------------------/eccadmin_dev/TestList/Search
2022-03-29 10:07:30,108 DEBUG [146629] [] SearchAction start
2022-03-29 10:07:30,108 DEBUG [146629] [] admin_no is 
2022-03-29 10:07:30,108 DEBUG [146629] [] SearchAction end
2022-03-29 10:07:30,108 DEBUG [146629] [] TestListController end
2022-03-29 10:07:30,108 DEBUG [146629] [] finally
2022-03-29 10:07:30,432 DEBUG [146629] [] Request URI : /eccadmin_dev/Error/disp
2022-03-29 10:07:30,432 DEBUG [146629] [] ErrorController start
2022-03-29 10:07:30,432 DEBUG [146629] [] controllers/ErrorController.php: is exist
2022-03-29 10:07:30,432 DEBUG [146629] [] ErrorForm: is exist
2022-03-29 10:07:30,468 DEBUG [146629] [] ErrorForm: form value set 
2022-03-29 10:07:30,468 DEBUG [146629] [] ------------------------------/eccadmin_dev/Error/disp
2022-03-29 10:07:30,468 DEBUG [146629] [] ------------------------------login_start_check
2022-03-29 10:07:30,468 DEBUG [146629] [] dispAction start
2022-03-29 10:07:30,489 DEBUG [146629] [] dispAction end
2022-03-29 10:07:30,490 DEBUG [146629] [] ErrorController end
2022-03-29 10:07:30,490 DEBUG [146629] [] finally
2022-03-29 10:44:28,221 DEBUG [147293] [] Request URI : /eccadmin_dev/Login
2022-03-29 10:44:28,225 DEBUG [147293] [] LoginController start
2022-03-29 10:44:28,225 DEBUG [147293] [] controllers/LoginController.php: is exist
2022-03-29 10:44:28,226 DEBUG [147293] [] LoginForm: is exist
2022-03-29 10:44:28,226 DEBUG [147293] [] LoginForm: form value set 
2022-03-29 10:44:28,226 DEBUG [147293] [] ------------------------------/eccadmin_dev/Login
2022-03-29 10:44:28,226 DEBUG [147293] [] ------------------------------login_start_check
2022-03-29 10:44:28,226 DEBUG [147293] [] indexAction start
2022-03-29 10:44:28,243 DEBUG [147293] [] indexAction end
2022-03-29 10:44:28,243 DEBUG [147293] [] LoginController end
2022-03-29 10:44:28,243 DEBUG [147293] [] finally
2022-03-29 14:34:13,615 DEBUG [157528] [] Request URI : /eccadmin_dev/Login
2022-03-29 14:34:13,616 DEBUG [157528] [] LoginController start
2022-03-29 14:34:13,616 DEBUG [157528] [] controllers/LoginController.php: is exist
2022-03-29 14:34:13,616 DEBUG [157528] [] LoginForm: is exist
2022-03-29 14:34:13,616 DEBUG [157528] [] LoginForm: form value set 
2022-03-29 14:34:13,617 DEBUG [157528] [] ------------------------------/eccadmin_dev/Login
2022-03-29 14:34:13,617 DEBUG [157528] [] ------------------------------login_start_check
2022-03-29 14:34:13,617 DEBUG [157528] [] indexAction start
2022-03-29 14:34:13,673 DEBUG [157528] [] indexAction end
2022-03-29 14:34:13,673 DEBUG [157528] [] LoginController end
2022-03-29 14:34:13,673 DEBUG [157528] [] finally
2022-03-29 14:34:19,140 DEBUG [157668] [] Request URI : /eccadmin_dev/Login/login
2022-03-29 14:34:19,144 DEBUG [157668] [] LoginController start
2022-03-29 14:34:19,144 DEBUG [157668] [] controllers/LoginController.php: is exist
2022-03-29 14:34:19,145 DEBUG [157668] [] LoginForm: is exist
2022-03-29 14:34:19,145 DEBUG [157668] [] LoginForm: form value set 
2022-03-29 14:34:19,145 DEBUG [157668] [] ------------------------------/eccadmin_dev/Login/login
2022-03-29 14:34:19,145 DEBUG [157668] [] ------------------------------login_start_check
2022-03-29 14:34:19,146 DEBUG [157668] [] loginAction start
2022-03-29 14:34:19,467 DEBUG [157668] [] loginAction end
2022-03-29 14:34:19,467 DEBUG [157668] [] LoginController end
2022-03-29 14:34:19,467 DEBUG [157668] [] finally
2022-03-29 14:34:19,484 DEBUG [157668] [] Request URI : /eccadmin_dev/Menu
2022-03-29 14:34:19,485 DEBUG [157668] [] MenuController start
2022-03-29 14:34:19,485 DEBUG [157668] [] controllers/MenuController.php: is exist
2022-03-29 14:34:19,486 DEBUG [157668] [] MenuForm: is exist
2022-03-29 14:34:19,486 DEBUG [157668] [] MenuForm: form value set 
2022-03-29 14:34:19,486 DEBUG [157668] [] ------------------------------/eccadmin_dev/Menu
2022-03-29 14:34:19,487 DEBUG [157668] [] ------------------------------login_start_check
2022-03-29 14:34:19,487 DEBUG [157668] [] indexAction start
2022-03-29 14:34:19,487 DEBUG [157668] [] admin_no is 1
2022-03-29 14:34:19,536 DEBUG [157668] [] indexAction end
2022-03-29 14:34:19,536 DEBUG [157668] [] MenuController end
2022-03-29 14:34:19,536 DEBUG [157668] [] finally
2022-03-29 14:34:23,739 DEBUG [157679] [] Request URI : /eccadmin_dev/QuizList
2022-03-29 14:34:23,743 DEBUG [157679] [] QuizListController start
2022-03-29 14:34:23,743 DEBUG [157679] [] controllers/QuizListController.php: is exist
2022-03-29 14:34:23,746 DEBUG [157679] [] QuizListForm: is exist
2022-03-29 14:34:23,746 DEBUG [157679] [] QuizListForm: form value set 
2022-03-29 14:34:23,747 DEBUG [157679] [] ------------------------------/eccadmin_dev/QuizList
2022-03-29 14:34:23,747 DEBUG [157679] [] indexAction start
2022-03-29 14:34:23,747 DEBUG [157679] [] admin_no is 1
2022-03-29 14:34:23,810 DEBUG [157679] [] indexAction end
2022-03-29 14:34:23,811 DEBUG [157679] [] QuizListController end
2022-03-29 14:34:23,811 DEBUG [157679] [] finally
2022-03-29 14:34:26,770 DEBUG [157668] [] Request URI : /eccadmin_dev/QuizList/Search
2022-03-29 14:34:26,771 DEBUG [157668] [] QuizListController start
2022-03-29 14:34:26,771 DEBUG [157668] [] controllers/QuizListController.php: is exist
2022-03-29 14:34:26,774 DEBUG [157668] [] QuizListForm: is exist
2022-03-29 14:34:26,774 DEBUG [157668] [] QuizListForm: form value set 
2022-03-29 14:34:26,774 DEBUG [157668] [] ------------------------------/eccadmin_dev/QuizList/Search
2022-03-29 14:34:26,775 DEBUG [157668] [] SearchAction start
2022-03-29 14:34:26,775 DEBUG [157668] [] admin_no is 1
2022-03-29 14:34:26,775 DEBUG [157668] [] org id : ecc
2022-03-29 14:34:29,197 DEBUG [157668] [] SearchAction end
2022-03-29 14:34:29,197 DEBUG [157668] [] QuizListController end
2022-03-29 14:34:29,198 DEBUG [157668] [] finally
2022-03-29 14:35:26,544 DEBUG [157747] [] Request URI : /eccadmin_dev/QuizRegist/index
2022-03-29 14:35:26,545 DEBUG [157747] [] QuizRegistController start
2022-03-29 14:35:26,545 DEBUG [157747] [] controllers/QuizRegistController.php: is exist
2022-03-29 14:35:26,549 DEBUG [157747] [] QuizRegistForm: is exist
2022-03-29 14:35:26,549 DEBUG [157747] [] QuizRegistForm: form value set 
2022-03-29 14:35:26,550 DEBUG [157747] [] ------------------------------/eccadmin_dev/QuizRegist/index
2022-03-29 14:35:26,550 DEBUG [157747] [] ------------------------------session_check_true
2022-03-29 14:35:26,550 DEBUG [157747] [] indexAction start
2022-03-29 14:35:26,550 DEBUG [157747] [] admin_no is 1
2022-03-29 14:35:26,552 DEBUG [157747] []  SELECT  distinct name  ,type FROM M_TYPE  WHERE  del_flg = '0'   AND category = '010'   ORDER BY  type ASC 
2022-03-29 14:35:26,649 DEBUG [157747] [] indexAction end
2022-03-29 14:35:26,649 DEBUG [157747] [] QuizRegistController end
2022-03-29 14:35:26,649 DEBUG [157747] [] finally
2022-03-29 14:36:08,511 DEBUG [157777] [] Request URI : /eccadmin_dev/QuizRegist/back
2022-03-29 14:36:08,515 DEBUG [157777] [] QuizRegistController start
2022-03-29 14:36:08,515 DEBUG [157777] [] controllers/QuizRegistController.php: is exist
2022-03-29 14:36:08,519 DEBUG [157777] [] QuizRegistForm: is exist
2022-03-29 14:36:08,519 DEBUG [157777] [] QuizRegistForm: form value set 
2022-03-29 14:36:08,520 DEBUG [157777] [] ------------------------------/eccadmin_dev/QuizRegist/back
2022-03-29 14:36:08,520 DEBUG [157777] [] ------------------------------session_check_true
2022-03-29 14:36:08,520 DEBUG [157777] [] backAction start
2022-03-29 14:36:08,521 DEBUG [157777] [] backAction end
2022-03-29 14:36:08,521 DEBUG [157777] [] QuizRegistController end
2022-03-29 14:36:08,521 DEBUG [157777] [] finally
2022-03-29 14:36:08,544 DEBUG [157777] [] Request URI : /eccadmin_dev/QuizList/Search
2022-03-29 14:36:08,545 DEBUG [157777] [] QuizListController start
2022-03-29 14:36:08,545 DEBUG [157777] [] controllers/QuizListController.php: is exist
2022-03-29 14:36:08,547 DEBUG [157777] [] QuizListForm: is exist
2022-03-29 14:36:08,547 DEBUG [157777] [] QuizListForm: form value set 
2022-03-29 14:36:08,547 DEBUG [157777] [] ------------------------------/eccadmin_dev/QuizList/Search
2022-03-29 14:36:08,548 DEBUG [157777] [] SearchAction start
2022-03-29 14:36:08,548 DEBUG [157777] [] admin_no is 1
2022-03-29 14:36:08,548 DEBUG [157777] [] org id : ecc
2022-03-29 14:36:09,825 DEBUG [157777] [] SearchAction end
2022-03-29 14:36:09,825 DEBUG [157777] [] QuizListController end
2022-03-29 14:36:09,825 DEBUG [157777] [] finally
2022-03-29 14:36:40,879 DEBUG [157775] [] Request URI : /eccadmin_dev/QuizList/Search
2022-03-29 14:36:40,880 DEBUG [157775] [] QuizListController start
2022-03-29 14:36:40,880 DEBUG [157775] [] controllers/QuizListController.php: is exist
2022-03-29 14:36:40,883 DEBUG [157775] [] QuizListForm: is exist
2022-03-29 14:36:40,883 DEBUG [157775] [] QuizListForm: form value set 
2022-03-29 14:36:40,884 DEBUG [157775] [] ------------------------------/eccadmin_dev/QuizList/Search
2022-03-29 14:36:40,884 DEBUG [157775] [] SearchAction start
2022-03-29 14:36:40,884 DEBUG [157775] [] admin_no is 1
2022-03-29 14:36:40,884 DEBUG [157775] [] org id : ecc
2022-03-29 14:36:40,957 DEBUG [157775] [] SearchAction end
2022-03-29 14:36:40,957 DEBUG [157775] [] QuizListController end
2022-03-29 14:36:40,957 DEBUG [157775] [] finally
2022-03-29 14:36:44,497 DEBUG [157775] [] Request URI : /eccadmin_dev/QuizRegist/index
2022-03-29 14:36:44,498 DEBUG [157775] [] QuizRegistController start
2022-03-29 14:36:44,498 DEBUG [157775] [] controllers/QuizRegistController.php: is exist
2022-03-29 14:36:44,501 DEBUG [157775] [] QuizRegistForm: is exist
2022-03-29 14:36:44,501 DEBUG [157775] [] QuizRegistForm: form value set 
2022-03-29 14:36:44,502 DEBUG [157775] [] ------------------------------/eccadmin_dev/QuizRegist/index
2022-03-29 14:36:44,502 DEBUG [157775] [] ------------------------------session_check_true
2022-03-29 14:36:44,502 DEBUG [157775] [] indexAction start
2022-03-29 14:36:44,502 DEBUG [157775] [] admin_no is 1
2022-03-29 14:36:44,504 DEBUG [157775] []  SELECT  distinct name  ,type FROM M_TYPE  WHERE  del_flg = '0'   AND category = '010'   ORDER BY  type ASC 
2022-03-29 14:36:44,600 DEBUG [157775] [] indexAction end
2022-03-29 14:36:44,600 DEBUG [157775] [] QuizRegistController end
2022-03-29 14:36:44,601 DEBUG [157775] [] finally
2022-03-29 14:36:47,227 DEBUG [157775] [] Request URI : /eccadmin_dev/QuizRegist/Save
2022-03-29 14:36:47,228 DEBUG [157775] [] QuizRegistController start
2022-03-29 14:36:47,228 DEBUG [157775] [] controllers/QuizRegistController.php: is exist
2022-03-29 14:36:47,231 DEBUG [157775] [] QuizRegistForm: is exist
2022-03-29 14:36:47,232 DEBUG [157775] [] QuizRegistForm: form value set 
2022-03-29 14:36:47,232 DEBUG [157775] [] ------------------------------/eccadmin_dev/QuizRegist/Save
2022-03-29 14:36:47,232 DEBUG [157775] [] ------------------------------session_check_true
2022-03-29 14:36:47,232 DEBUG [157775] [] SaveAction start
2022-03-29 14:36:47,233 DEBUG [157775] [] admin_no is 1
2022-03-29 14:36:47,298 DEBUG [157775] [] SaveAction end
2022-03-29 14:36:47,298 DEBUG [157775] [] QuizRegistController end
2022-03-29 14:36:47,298 DEBUG [157775] [] finally
2022-03-29 14:36:47,316 DEBUG [157775] [] Request URI : /eccadmin_dev/QuizList/search
2022-03-29 14:36:47,317 DEBUG [157775] [] QuizListController start
2022-03-29 14:36:47,317 DEBUG [157775] [] controllers/QuizListController.php: is exist
2022-03-29 14:36:47,319 DEBUG [157775] [] QuizListForm: is exist
2022-03-29 14:36:47,319 DEBUG [157775] [] QuizListForm: form value set 
2022-03-29 14:36:47,319 DEBUG [157775] [] ------------------------------/eccadmin_dev/QuizList/search
2022-03-29 14:36:47,320 DEBUG [157775] [] searchAction start
2022-03-29 14:36:47,320 DEBUG [157775] [] admin_no is 1
2022-03-29 14:36:47,320 DEBUG [157775] [] org id : ecc
2022-03-29 14:36:47,390 DEBUG [157775] [] searchAction end
2022-03-29 14:36:47,390 DEBUG [157775] [] QuizListController end
2022-03-29 14:36:47,390 DEBUG [157775] [] finally
2022-03-29 14:36:50,640 DEBUG [157775] [] Request URI : /eccadmin_dev/QuizRegist/index
2022-03-29 14:36:50,641 DEBUG [157775] [] QuizRegistController start
2022-03-29 14:36:50,641 DEBUG [157775] [] controllers/QuizRegistController.php: is exist
2022-03-29 14:36:50,644 DEBUG [157775] [] QuizRegistForm: is exist
2022-03-29 14:36:50,645 DEBUG [157775] [] QuizRegistForm: form value set 
2022-03-29 14:36:50,645 DEBUG [157775] [] ------------------------------/eccadmin_dev/QuizRegist/index
2022-03-29 14:36:50,645 DEBUG [157775] [] ------------------------------session_check_true
2022-03-29 14:36:50,646 DEBUG [157775] [] indexAction start
2022-03-29 14:36:50,646 DEBUG [157775] [] admin_no is 1
2022-03-29 14:36:50,647 DEBUG [157775] []  SELECT  distinct name  ,type FROM M_TYPE  WHERE  del_flg = '0'   AND category = '010'   ORDER BY  type ASC 
2022-03-29 14:36:50,744 DEBUG [157775] [] indexAction end
2022-03-29 14:36:50,744 DEBUG [157775] [] QuizRegistController end
2022-03-29 14:36:50,745 DEBUG [157775] [] finally
2022-03-29 14:36:52,763 DEBUG [157775] [] Request URI : /eccadmin_dev/QuizRegist/back
2022-03-29 14:36:52,764 DEBUG [157775] [] QuizRegistController start
2022-03-29 14:36:52,764 DEBUG [157775] [] controllers/QuizRegistController.php: is exist
2022-03-29 14:36:52,767 DEBUG [157775] [] QuizRegistForm: is exist
2022-03-29 14:36:52,768 DEBUG [157775] [] QuizRegistForm: form value set 
2022-03-29 14:36:52,768 DEBUG [157775] [] ------------------------------/eccadmin_dev/QuizRegist/back
2022-03-29 14:36:52,769 DEBUG [157775] [] ------------------------------session_check_true
2022-03-29 14:36:52,769 DEBUG [157775] [] backAction start
2022-03-29 14:36:52,769 DEBUG [157775] [] backAction end
2022-03-29 14:36:52,769 DEBUG [157775] [] QuizRegistController end
2022-03-29 14:36:52,769 DEBUG [157775] [] finally
2022-03-29 14:36:52,789 DEBUG [157775] [] Request URI : /eccadmin_dev/QuizList/Search
2022-03-29 14:36:52,790 DEBUG [157775] [] QuizListController start
2022-03-29 14:36:52,790 DEBUG [157775] [] controllers/QuizListController.php: is exist
2022-03-29 14:36:52,792 DEBUG [157775] [] QuizListForm: is exist
2022-03-29 14:36:52,792 DEBUG [157775] [] QuizListForm: form value set 
2022-03-29 14:36:52,793 DEBUG [157775] [] ------------------------------/eccadmin_dev/QuizList/Search
2022-03-29 14:36:52,793 DEBUG [157775] [] SearchAction start
2022-03-29 14:36:52,793 DEBUG [157775] [] admin_no is 1
2022-03-29 14:36:52,793 DEBUG [157775] [] org id : ecc
2022-03-29 14:36:52,865 DEBUG [157775] [] SearchAction end
2022-03-29 14:36:52,865 DEBUG [157775] [] QuizListController end
2022-03-29 14:36:52,865 DEBUG [157775] [] finally
2022-03-29 14:37:01,317 DEBUG [157860] [] Request URI : /eccadmin_dev/QuizRegist/index
2022-03-29 14:37:01,321 DEBUG [157860] [] QuizRegistController start
2022-03-29 14:37:01,321 DEBUG [157860] [] controllers/QuizRegistController.php: is exist
2022-03-29 14:37:01,325 DEBUG [157860] [] QuizRegistForm: is exist
2022-03-29 14:37:01,325 DEBUG [157860] [] QuizRegistForm: form value set 
2022-03-29 14:37:01,326 DEBUG [157860] [] ------------------------------/eccadmin_dev/QuizRegist/index
2022-03-29 14:37:01,326 DEBUG [157860] [] ------------------------------session_check_true
2022-03-29 14:37:01,326 DEBUG [157860] [] indexAction start
2022-03-29 14:37:01,326 DEBUG [157860] [] admin_no is 1
2022-03-29 14:37:01,328 DEBUG [157860] []  SELECT  distinct name  ,type FROM M_TYPE  WHERE  del_flg = '0'   AND category = '010'   ORDER BY  type ASC 
2022-03-29 14:37:01,427 DEBUG [157860] [] indexAction end
2022-03-29 14:37:01,427 DEBUG [157860] [] QuizRegistController end
2022-03-29 14:37:01,427 DEBUG [157860] [] finally
2022-03-29 14:37:04,635 DEBUG [157860] [] Request URI : /eccadmin_dev/QuizRegist/Save
2022-03-29 14:37:04,635 DEBUG [157860] [] QuizRegistController start
2022-03-29 14:37:04,635 DEBUG [157860] [] controllers/QuizRegistController.php: is exist
2022-03-29 14:37:04,639 DEBUG [157860] [] QuizRegistForm: is exist
2022-03-29 14:37:04,639 DEBUG [157860] [] QuizRegistForm: form value set 
2022-03-29 14:37:04,640 DEBUG [157860] [] ------------------------------/eccadmin_dev/QuizRegist/Save
2022-03-29 14:37:04,640 DEBUG [157860] [] ------------------------------session_check_true
2022-03-29 14:37:04,640 DEBUG [157860] [] SaveAction start
2022-03-29 14:37:04,640 DEBUG [157860] [] admin_no is 1
2022-03-29 14:37:04,650 DEBUG [157860] [] SaveAction end
2022-03-29 14:37:04,650 DEBUG [157860] [] QuizRegistController end
2022-03-29 14:37:04,650 DEBUG [157860] [] finally
2022-03-29 14:37:04,675 DEBUG [157860] [] Request URI : /eccadmin_dev/QuizList/search
2022-03-29 14:37:04,676 DEBUG [157860] [] QuizListController start
2022-03-29 14:37:04,676 DEBUG [157860] [] controllers/QuizListController.php: is exist
2022-03-29 14:37:04,678 DEBUG [157860] [] QuizListForm: is exist
2022-03-29 14:37:04,679 DEBUG [157860] [] QuizListForm: form value set 
2022-03-29 14:37:04,679 DEBUG [157860] [] ------------------------------/eccadmin_dev/QuizList/search
2022-03-29 14:37:04,679 DEBUG [157860] [] searchAction start
2022-03-29 14:37:04,679 DEBUG [157860] [] admin_no is 1
2022-03-29 14:37:04,679 DEBUG [157860] [] org id : ecc
2022-03-29 14:37:04,748 DEBUG [157860] [] searchAction end
2022-03-29 14:37:04,748 DEBUG [157860] [] QuizListController end
2022-03-29 14:37:04,748 DEBUG [157860] [] finally
2022-03-29 14:37:07,795 DEBUG [157860] [] Request URI : /eccadmin_dev/QuizRegist/index
2022-03-29 14:37:07,795 DEBUG [157860] [] QuizRegistController start
2022-03-29 14:37:07,796 DEBUG [157860] [] controllers/QuizRegistController.php: is exist
2022-03-29 14:37:07,799 DEBUG [157860] [] QuizRegistForm: is exist
2022-03-29 14:37:07,799 DEBUG [157860] [] QuizRegistForm: form value set 
2022-03-29 14:37:07,800 DEBUG [157860] [] ------------------------------/eccadmin_dev/QuizRegist/index
2022-03-29 14:37:07,800 DEBUG [157860] [] ------------------------------session_check_true
2022-03-29 14:37:07,800 DEBUG [157860] [] indexAction start
2022-03-29 14:37:07,800 DEBUG [157860] [] admin_no is 1
2022-03-29 14:37:07,802 DEBUG [157860] []  SELECT  distinct name  ,type FROM M_TYPE  WHERE  del_flg = '0'   AND category = '010'   ORDER BY  type ASC 
2022-03-29 14:37:07,900 DEBUG [157860] [] indexAction end
2022-03-29 14:37:07,900 DEBUG [157860] [] QuizRegistController end
2022-03-29 14:37:07,900 DEBUG [157860] [] finally
2022-03-29 14:37:45,104 DEBUG [157678] [] Request URI : /eccadmin_dev/QuizRegist/Save
2022-03-29 14:37:45,104 DEBUG [157678] [] QuizRegistController start
2022-03-29 14:37:45,105 DEBUG [157678] [] controllers/QuizRegistController.php: is exist
2022-03-29 14:37:45,108 DEBUG [157678] [] QuizRegistForm: is exist
2022-03-29 14:37:45,108 DEBUG [157678] [] QuizRegistForm: form value set 
2022-03-29 14:37:45,109 DEBUG [157678] [] ------------------------------/eccadmin_dev/QuizRegist/Save
2022-03-29 14:37:45,109 DEBUG [157678] [] ------------------------------session_check_true
2022-03-29 14:37:45,109 DEBUG [157678] [] SaveAction start
2022-03-29 14:37:45,109 DEBUG [157678] [] admin_no is 1
2022-03-29 14:37:45,147 DEBUG [157678] [] audio dir is /var/www/html/admin_dev/files/99999/Quiz/audio/
2022-03-29 14:37:45,153 DEBUG [157678] [] audio name is QuizNo_6386.mp3
2022-03-29 14:37:45,155 DEBUG [157678] [] SaveAction end
2022-03-29 14:37:45,156 DEBUG [157678] [] QuizRegistController end
2022-03-29 14:37:45,156 DEBUG [157678] [] finally
2022-03-29 14:37:45,180 DEBUG [157678] [] Request URI : /eccadmin_dev/QuizList/search
2022-03-29 14:37:45,181 DEBUG [157678] [] QuizListController start
2022-03-29 14:37:45,181 DEBUG [157678] [] controllers/QuizListController.php: is exist
2022-03-29 14:37:45,183 DEBUG [157678] [] QuizListForm: is exist
2022-03-29 14:37:45,183 DEBUG [157678] [] QuizListForm: form value set 
2022-03-29 14:37:45,184 DEBUG [157678] [] ------------------------------/eccadmin_dev/QuizList/search
2022-03-29 14:37:45,184 DEBUG [157678] [] searchAction start
2022-03-29 14:37:45,184 DEBUG [157678] [] admin_no is 1
2022-03-29 14:37:45,184 DEBUG [157678] [] org id : ecc
2022-03-29 14:37:45,251 DEBUG [157678] [] searchAction end
2022-03-29 14:37:45,251 DEBUG [157678] [] QuizListController end
2022-03-29 14:37:45,251 DEBUG [157678] [] finally
2022-03-29 14:37:48,224 DEBUG [157678] [] Request URI : /eccadmin_dev/QuizRegist/index
2022-03-29 14:37:48,224 DEBUG [157678] [] QuizRegistController start
2022-03-29 14:37:48,224 DEBUG [157678] [] controllers/QuizRegistController.php: is exist
2022-03-29 14:37:48,227 DEBUG [157678] [] QuizRegistForm: is exist
2022-03-29 14:37:48,228 DEBUG [157678] [] QuizRegistForm: form value set 
2022-03-29 14:37:48,228 DEBUG [157678] [] ------------------------------/eccadmin_dev/QuizRegist/index
2022-03-29 14:37:48,228 DEBUG [157678] [] ------------------------------session_check_true
2022-03-29 14:37:48,228 DEBUG [157678] [] indexAction start
2022-03-29 14:37:48,229 DEBUG [157678] [] admin_no is 1
2022-03-29 14:37:48,230 DEBUG [157678] []  SELECT  distinct name  ,type FROM M_TYPE  WHERE  del_flg = '0'   AND category = '010'   ORDER BY  type ASC 
2022-03-29 14:37:48,326 DEBUG [157678] [] indexAction end
2022-03-29 14:37:48,326 DEBUG [157678] [] QuizRegistController end
2022-03-29 14:37:48,326 DEBUG [157678] [] finally
2022-03-29 14:37:57,259 DEBUG [157874] [] Request URI : /eccadmin_dev/QuizRegist/back
2022-03-29 14:37:57,260 DEBUG [157874] [] QuizRegistController start
2022-03-29 14:37:57,260 DEBUG [157874] [] controllers/QuizRegistController.php: is exist
2022-03-29 14:37:57,263 DEBUG [157874] [] QuizRegistForm: is exist
2022-03-29 14:37:57,264 DEBUG [157874] [] QuizRegistForm: form value set 
2022-03-29 14:37:57,264 DEBUG [157874] [] ------------------------------/eccadmin_dev/QuizRegist/back
2022-03-29 14:37:57,265 DEBUG [157874] [] ------------------------------session_check_true
2022-03-29 14:37:57,265 DEBUG [157874] [] backAction start
2022-03-29 14:37:57,265 DEBUG [157874] [] backAction end
2022-03-29 14:37:57,265 DEBUG [157874] [] QuizRegistController end
2022-03-29 14:37:57,265 DEBUG [157874] [] finally
2022-03-29 14:37:57,294 DEBUG [157874] [] Request URI : /eccadmin_dev/QuizList/Search
2022-03-29 14:37:57,294 DEBUG [157874] [] QuizListController start
2022-03-29 14:37:57,294 DEBUG [157874] [] controllers/QuizListController.php: is exist
2022-03-29 14:37:57,297 DEBUG [157874] [] QuizListForm: is exist
2022-03-29 14:37:57,297 DEBUG [157874] [] QuizListForm: form value set 
2022-03-29 14:37:57,297 DEBUG [157874] [] ------------------------------/eccadmin_dev/QuizList/Search
2022-03-29 14:37:57,297 DEBUG [157874] [] SearchAction start
2022-03-29 14:37:57,298 DEBUG [157874] [] admin_no is 1
2022-03-29 14:37:57,298 DEBUG [157874] [] org id : ecc
2022-03-29 14:37:57,368 DEBUG [157874] [] SearchAction end
2022-03-29 14:37:57,368 DEBUG [157874] [] QuizListController end
2022-03-29 14:37:57,368 DEBUG [157874] [] finally
2022-03-29 14:38:00,219 DEBUG [157874] [] Request URI : /eccadmin_dev/QuizRegist/index
2022-03-29 14:38:00,220 DEBUG [157874] [] QuizRegistController start
2022-03-29 14:38:00,220 DEBUG [157874] [] controllers/QuizRegistController.php: is exist
2022-03-29 14:38:00,223 DEBUG [157874] [] QuizRegistForm: is exist
2022-03-29 14:38:00,224 DEBUG [157874] [] QuizRegistForm: form value set 
2022-03-29 14:38:00,224 DEBUG [157874] [] ------------------------------/eccadmin_dev/QuizRegist/index
2022-03-29 14:38:00,224 DEBUG [157874] [] ------------------------------session_check_true
2022-03-29 14:38:00,225 DEBUG [157874] [] indexAction start
2022-03-29 14:38:00,225 DEBUG [157874] [] admin_no is 1
2022-03-29 14:38:00,226 DEBUG [157874] []  SELECT  distinct name  ,type FROM M_TYPE  WHERE  del_flg = '0'   AND category = '010'   ORDER BY  type ASC 
2022-03-29 14:38:00,320 DEBUG [157874] [] indexAction end
2022-03-29 14:38:00,320 DEBUG [157874] [] QuizRegistController end
2022-03-29 14:38:00,321 DEBUG [157874] [] finally
2022-03-29 14:38:10,460 DEBUG [157914] [] Request URI : /eccadmin_dev/QuizRegist/Save
2022-03-29 14:38:10,461 DEBUG [157914] [] QuizRegistController start
2022-03-29 14:38:10,461 DEBUG [157914] [] controllers/QuizRegistController.php: is exist
2022-03-29 14:38:10,464 DEBUG [157914] [] QuizRegistForm: is exist
2022-03-29 14:38:10,465 DEBUG [157914] [] QuizRegistForm: form value set 
2022-03-29 14:38:10,465 DEBUG [157914] [] ------------------------------/eccadmin_dev/QuizRegist/Save
2022-03-29 14:38:10,466 DEBUG [157914] [] ------------------------------session_check_true
2022-03-29 14:38:10,466 DEBUG [157914] [] SaveAction start
2022-03-29 14:38:10,466 DEBUG [157914] [] admin_no is 1
2022-03-29 14:38:10,476 DEBUG [157914] [] SaveAction end
2022-03-29 14:38:10,476 DEBUG [157914] [] QuizRegistController end
2022-03-29 14:38:10,476 DEBUG [157914] [] finally
2022-03-29 14:38:10,505 DEBUG [157914] [] Request URI : /eccadmin_dev/QuizList/search
2022-03-29 14:38:10,506 DEBUG [157914] [] QuizListController start
2022-03-29 14:38:10,506 DEBUG [157914] [] controllers/QuizListController.php: is exist
2022-03-29 14:38:10,508 DEBUG [157914] [] QuizListForm: is exist
2022-03-29 14:38:10,508 DEBUG [157914] [] QuizListForm: form value set 
2022-03-29 14:38:10,509 DEBUG [157914] [] ------------------------------/eccadmin_dev/QuizList/search
2022-03-29 14:38:10,509 DEBUG [157914] [] searchAction start
2022-03-29 14:38:10,509 DEBUG [157914] [] admin_no is 1
2022-03-29 14:38:10,509 DEBUG [157914] [] org id : ecc
2022-03-29 14:38:10,581 DEBUG [157914] [] searchAction end
2022-03-29 14:38:10,581 DEBUG [157914] [] QuizListController end
2022-03-29 14:38:10,581 DEBUG [157914] [] finally
2022-03-29 14:38:13,284 DEBUG [157914] [] Request URI : /eccadmin_dev/QuizRegist/index
2022-03-29 14:38:13,284 DEBUG [157914] [] QuizRegistController start
2022-03-29 14:38:13,284 DEBUG [157914] [] controllers/QuizRegistController.php: is exist
2022-03-29 14:38:13,288 DEBUG [157914] [] QuizRegistForm: is exist
2022-03-29 14:38:13,288 DEBUG [157914] [] QuizRegistForm: form value set 
2022-03-29 14:38:13,289 DEBUG [157914] [] ------------------------------/eccadmin_dev/QuizRegist/index
2022-03-29 14:38:13,289 DEBUG [157914] [] ------------------------------session_check_true
2022-03-29 14:38:13,289 DEBUG [157914] [] indexAction start
2022-03-29 14:38:13,289 DEBUG [157914] [] admin_no is 1
2022-03-29 14:38:13,291 DEBUG [157914] []  SELECT  distinct name  ,type FROM M_TYPE  WHERE  del_flg = '0'   AND category = '010'   ORDER BY  type ASC 
2022-03-29 14:38:13,384 DEBUG [157914] [] indexAction end
2022-03-29 14:38:13,384 DEBUG [157914] [] QuizRegistController end
2022-03-29 14:38:13,384 DEBUG [157914] [] finally
2022-03-29 14:38:18,691 DEBUG [157941] [] Request URI : /eccadmin_dev/QuizList
2022-03-29 14:38:18,695 DEBUG [157941] [] QuizListController start
2022-03-29 14:38:18,695 DEBUG [157941] [] controllers/QuizListController.php: is exist
2022-03-29 14:38:18,698 DEBUG [157941] [] QuizListForm: is exist
2022-03-29 14:38:18,699 DEBUG [157941] [] QuizListForm: form value set 
2022-03-29 14:38:18,699 DEBUG [157941] [] ------------------------------/eccadmin_dev/QuizList
2022-03-29 14:38:18,699 DEBUG [157941] [] indexAction start
2022-03-29 14:38:18,699 DEBUG [157941] [] admin_no is 1
2022-03-29 14:38:18,764 DEBUG [157941] [] indexAction end
2022-03-29 14:38:18,764 DEBUG [157941] [] QuizListController end
2022-03-29 14:38:18,764 DEBUG [157941] [] finally
2022-03-29 15:01:12,466 DEBUG [158766] [] Request URI : /eccadmin_dev/QuizList
2022-03-29 15:01:12,467 DEBUG [158766] [] QuizListController start
2022-03-29 15:01:12,467 DEBUG [158766] [] controllers/QuizListController.php: is exist
2022-03-29 15:01:12,468 DEBUG [158766] [] QuizListForm: is exist
2022-03-29 15:01:12,468 DEBUG [158766] [] QuizListForm: form value set 
2022-03-29 15:01:12,468 DEBUG [158766] [] ------------------------------/eccadmin_dev/QuizList
2022-03-29 15:01:12,468 DEBUG [158766] [] indexAction start
2022-03-29 15:01:12,468 DEBUG [158766] [] admin_no is 1
2022-03-29 15:01:12,578 DEBUG [158766] [] indexAction end
2022-03-29 15:01:12,578 DEBUG [158766] [] QuizListController end
2022-03-29 15:01:12,578 DEBUG [158766] [] finally
2022-03-29 15:01:17,499 DEBUG [159069] [] Request URI : /eccadmin_dev/Login/logout
2022-03-29 15:01:17,500 DEBUG [159069] [] LoginController start
2022-03-29 15:01:17,500 DEBUG [159069] [] controllers/LoginController.php: is exist
2022-03-29 15:01:17,501 DEBUG [159069] [] LoginForm: is exist
2022-03-29 15:01:17,501 DEBUG [159069] [] LoginForm: form value set 
2022-03-29 15:01:17,501 DEBUG [159069] [] ------------------------------/eccadmin_dev/Login/logout
2022-03-29 15:01:17,501 DEBUG [159069] [] ------------------------------login_start_check
2022-03-29 15:01:17,501 DEBUG [159069] [] logoutAction start
2022-03-29 15:01:17,502 DEBUG [159069] [] logoutAction end
2022-03-29 15:01:17,502 DEBUG [159069] [] LoginController end
2022-03-29 15:01:17,502 DEBUG [159069] [] finally
2022-03-29 15:01:17,575 DEBUG [159069] [] Request URI : /eccadmin_dev/Login
2022-03-29 15:01:17,575 DEBUG [159069] [] LoginController start
2022-03-29 15:01:17,576 DEBUG [159069] [] controllers/LoginController.php: is exist
2022-03-29 15:01:17,576 DEBUG [159069] [] LoginForm: is exist
2022-03-29 15:01:17,576 DEBUG [159069] [] LoginForm: form value set 
2022-03-29 15:01:17,576 DEBUG [159069] [] ------------------------------/eccadmin_dev/Login
2022-03-29 15:01:17,576 DEBUG [159069] [] ------------------------------login_start_check
2022-03-29 15:01:17,576 DEBUG [159069] [] indexAction start
2022-03-29 15:01:17,593 DEBUG [159069] [] indexAction end
2022-03-29 15:01:17,593 DEBUG [159069] [] LoginController end
2022-03-29 15:01:17,593 DEBUG [159069] [] finally
2022-03-29 15:17:31,829 DEBUG [159559] [] Request URI : /eccadmin_dev/Login
2022-03-29 15:17:31,830 DEBUG [159559] [] LoginController start
2022-03-29 15:17:31,830 DEBUG [159559] [] controllers/LoginController.php: is exist
2022-03-29 15:17:31,830 DEBUG [159559] [] LoginForm: is exist
2022-03-29 15:17:31,831 DEBUG [159559] [] LoginForm: form value set 
2022-03-29 15:17:31,831 DEBUG [159559] [] ------------------------------/eccadmin_dev/Login
2022-03-29 15:17:31,831 DEBUG [159559] [] ------------------------------login_start_check
2022-03-29 15:17:31,831 DEBUG [159559] [] indexAction start
2022-03-29 15:17:31,847 DEBUG [159559] [] indexAction end
2022-03-29 15:17:31,847 DEBUG [159559] [] LoginController end
2022-03-29 15:17:31,847 DEBUG [159559] [] finally
2022-03-29 16:26:23,313 DEBUG [162106] [] Request URI : /eccadmin_dev/Login
2022-03-29 16:26:23,313 DEBUG [162106] [] LoginController start
2022-03-29 16:26:23,313 DEBUG [162106] [] controllers/LoginController.php: is exist
2022-03-29 16:26:23,314 DEBUG [162106] [] LoginForm: is exist
2022-03-29 16:26:23,314 DEBUG [162106] [] LoginForm: form value set 
2022-03-29 16:26:23,314 DEBUG [162106] [] ------------------------------/eccadmin_dev/Login
2022-03-29 16:26:23,314 DEBUG [162106] [] ------------------------------login_start_check
2022-03-29 16:26:23,315 DEBUG [162106] [] indexAction start
2022-03-29 16:26:23,408 DEBUG [162106] [] indexAction end
2022-03-29 16:26:23,408 DEBUG [162106] [] LoginController end
2022-03-29 16:26:23,408 DEBUG [162106] [] finally
2022-03-29 16:55:03,433 DEBUG [163675] [] Request URI : /eccadmin_dev/Login
2022-03-29 16:55:03,434 DEBUG [163675] [] LoginController start
2022-03-29 16:55:03,434 DEBUG [163675] [] controllers/LoginController.php: is exist
2022-03-29 16:55:03,434 DEBUG [163675] [] LoginForm: is exist
2022-03-29 16:55:03,434 DEBUG [163675] [] LoginForm: form value set 
2022-03-29 16:55:03,435 DEBUG [163675] [] ------------------------------/eccadmin_dev/Login
2022-03-29 16:55:03,435 DEBUG [163675] [] ------------------------------login_start_check
2022-03-29 16:55:03,435 DEBUG [163675] [] indexAction start
2022-03-29 16:55:03,450 DEBUG [163675] [] indexAction end
2022-03-29 16:55:03,450 DEBUG [163675] [] LoginController end
2022-03-29 16:55:03,450 DEBUG [163675] [] finally
2022-03-29 18:18:59,298 DEBUG [166859] [] Request URI : /eccadmin_dev/Login
2022-03-29 18:18:59,299 DEBUG [166859] [] LoginController start
2022-03-29 18:18:59,299 DEBUG [166859] [] controllers/LoginController.php: is exist
2022-03-29 18:18:59,300 DEBUG [166859] [] LoginForm: is exist
2022-03-29 18:18:59,300 DEBUG [166859] [] LoginForm: form value set 
2022-03-29 18:18:59,300 DEBUG [166859] [] ------------------------------/eccadmin_dev/Login
2022-03-29 18:18:59,300 DEBUG [166859] [] ------------------------------login_start_check
2022-03-29 18:18:59,300 DEBUG [166859] [] indexAction start
2022-03-29 18:18:59,399 DEBUG [166859] [] indexAction end
2022-03-29 18:18:59,399 DEBUG [166859] [] LoginController end
2022-03-29 18:18:59,399 DEBUG [166859] [] finally
2022-03-29 18:19:07,795 DEBUG [165368] [] Request URI : /eccadmin_dev/Login/login
2022-03-29 18:19:07,796 DEBUG [165368] [] LoginController start
2022-03-29 18:19:07,796 DEBUG [165368] [] controllers/LoginController.php: is exist
2022-03-29 18:19:07,797 DEBUG [165368] [] LoginForm: is exist
2022-03-29 18:19:07,797 DEBUG [165368] [] LoginForm: form value set 
2022-03-29 18:19:07,797 DEBUG [165368] [] ------------------------------/eccadmin_dev/Login/login
2022-03-29 18:19:07,797 DEBUG [165368] [] ------------------------------login_start_check
2022-03-29 18:19:07,798 DEBUG [165368] [] loginAction start
2022-03-29 18:19:08,102 DEBUG [165368] [] loginAction end
2022-03-29 18:19:08,103 DEBUG [165368] [] LoginController end
2022-03-29 18:19:08,103 DEBUG [165368] [] finally
2022-03-29 18:19:08,251 DEBUG [165368] [] Request URI : /eccadmin_dev/Menu
2022-03-29 18:19:08,252 DEBUG [165368] [] MenuController start
2022-03-29 18:19:08,252 DEBUG [165368] [] controllers/MenuController.php: is exist
2022-03-29 18:19:08,253 DEBUG [165368] [] MenuForm: is exist
2022-03-29 18:19:08,254 DEBUG [165368] [] MenuForm: form value set 
2022-03-29 18:19:08,254 DEBUG [165368] [] ------------------------------/eccadmin_dev/Menu
2022-03-29 18:19:08,254 DEBUG [165368] [] ------------------------------login_start_check
2022-03-29 18:19:08,254 DEBUG [165368] [] indexAction start
2022-03-29 18:19:08,255 DEBUG [165368] [] admin_no is 1
2022-03-29 18:19:08,336 DEBUG [165368] [] indexAction end
2022-03-29 18:19:08,336 DEBUG [165368] [] MenuController end
2022-03-29 18:19:08,337 DEBUG [165368] [] finally
2022-03-29 18:19:19,897 DEBUG [167418] [] Request URI : /eccadmin_dev/OrganizationList
2022-03-29 18:19:19,898 DEBUG [167418] [] OrganizationListController start
2022-03-29 18:19:19,898 DEBUG [167418] [] controllers/OrganizationListController.php: is exist
2022-03-29 18:19:19,944 DEBUG [167418] [] OrganizationListForm: is exist
2022-03-29 18:19:19,954 DEBUG [167418] [] OrganizationListForm: form value set 
2022-03-29 18:19:19,955 DEBUG [167418] [] ------------------------------/eccadmin_dev/OrganizationList
2022-03-29 18:19:19,955 DEBUG [167418] [] indexAction start
2022-03-29 18:19:19,955 DEBUG [167418] [] admin_no is 1
2022-03-29 18:19:20,084 DEBUG [167418] [] indexAction end
2022-03-29 18:19:20,084 DEBUG [167418] [] OrganizationListController end
2022-03-29 18:19:20,084 DEBUG [167418] [] finally
2022-03-29 18:19:27,437 DEBUG [165639] [] Request URI : /eccadmin_dev/OrganizationRegist/index
2022-03-29 18:19:27,438 DEBUG [165639] [] OrganizationRegistController start
2022-03-29 18:19:27,438 DEBUG [165639] [] controllers/OrganizationRegistController.php: is exist
2022-03-29 18:19:27,460 DEBUG [165639] [] OrganizationRegistForm: is exist
2022-03-29 18:19:27,461 DEBUG [165639] [] OrganizationRegistForm: form value set 
2022-03-29 18:19:27,461 DEBUG [165639] [] ------------------------------/eccadmin_dev/OrganizationRegist/index
2022-03-29 18:19:27,461 DEBUG [165639] [] ------------------------------session_check_true
2022-03-29 18:19:27,462 DEBUG [165639] [] indexAction start
2022-03-29 18:19:27,462 DEBUG [165639] [] admin_no is 1
2022-03-29 18:19:27,555 DEBUG [165639] [] indexAction end
2022-03-29 18:19:27,555 DEBUG [165639] [] OrganizationRegistController end
2022-03-29 18:19:27,556 DEBUG [165639] [] finally
2022-03-29 18:19:32,697 DEBUG [167418] [] Request URI : /eccadmin_dev/CourseContractList
2022-03-29 18:19:32,698 DEBUG [167418] [] CourseContractListController start
2022-03-29 18:19:32,698 DEBUG [167418] [] controllers/CourseContractListController.php: is exist
2022-03-29 18:19:32,703 DEBUG [167418] [] CourseContractListForm: is exist
2022-03-29 18:19:32,703 DEBUG [167418] [] CourseContractListForm: form value set 
2022-03-29 18:19:32,704 DEBUG [167418] [] ------------------------------/eccadmin_dev/CourseContractList
2022-03-29 18:19:32,704 DEBUG [167418] [] indexAction start
2022-03-29 18:19:32,704 DEBUG [167418] [] admin_no is 1
2022-03-29 18:19:32,859 DEBUG [167418] [] indexAction end
2022-03-29 18:19:32,859 DEBUG [167418] [] CourseContractListController end
2022-03-29 18:19:32,859 DEBUG [167418] [] finally
2022-03-29 18:19:38,717 DEBUG [167418] [] Request URI : /eccadmin_dev/CourseContractConfirmList
2022-03-29 18:19:38,717 DEBUG [167418] [] CourseContractConfirmListController start
2022-03-29 18:19:38,717 DEBUG [167418] [] controllers/CourseContractConfirmListController.php: is exist
2022-03-29 18:19:38,720 DEBUG [167418] [] CourseContractConfirmListForm: is exist
2022-03-29 18:19:38,721 DEBUG [167418] [] CourseContractConfirmListForm: form value set 
2022-03-29 18:19:38,721 DEBUG [167418] [] ------------------------------/eccadmin_dev/CourseContractConfirmList
2022-03-29 18:19:38,722 DEBUG [167418] [] indexAction start
2022-03-29 18:19:38,722 DEBUG [167418] [] admin_no is 1
2022-03-29 18:19:38,846 DEBUG [167418] [] indexAction end
2022-03-29 18:19:38,846 DEBUG [167418] [] CourseContractConfirmListController end
2022-03-29 18:19:38,846 DEBUG [167418] [] finally
2022-03-29 18:19:43,029 DEBUG [167418] [] Request URI : /eccadmin_dev/CourseStatusList
2022-03-29 18:19:43,030 DEBUG [167418] [] CourseStatusListController start
2022-03-29 18:19:43,030 DEBUG [167418] [] controllers/CourseStatusListController.php: is exist
2022-03-29 18:19:43,031 DEBUG [167418] [] CourseStatusListForm: is exist
2022-03-29 18:19:43,040 DEBUG [167418] [] CourseStatusListForm: form value set 
2022-03-29 18:19:43,041 DEBUG [167418] [] ------------------------------/eccadmin_dev/CourseStatusList
2022-03-29 18:19:43,041 DEBUG [167418] [] indexAction start
2022-03-29 18:19:43,041 DEBUG [167418] [] admin_no is 1
2022-03-29 18:19:43,151 DEBUG [167418] [] indexAction end
2022-03-29 18:19:43,151 DEBUG [167418] [] CourseStatusListController end
2022-03-29 18:19:43,151 DEBUG [167418] [] finally
2022-03-29 18:19:47,138 DEBUG [167418] [] Request URI : /eccadmin_dev/SWPracticeReferenceList
2022-03-29 18:19:47,138 DEBUG [167418] [] SWPracticeReferenceListController start
2022-03-29 18:19:47,138 DEBUG [167418] [] controllers/SWPracticeReferenceListController.php: is exist
2022-03-29 18:19:47,142 DEBUG [167418] [] SWPracticeReferenceListForm: is exist
2022-03-29 18:19:47,142 DEBUG [167418] [] SWPracticeReferenceListForm: form value set 
2022-03-29 18:19:47,143 DEBUG [167418] [] ------------------------------/eccadmin_dev/SWPracticeReferenceList
2022-03-29 18:19:47,143 DEBUG [167418] [] indexAction start
2022-03-29 18:19:47,143 DEBUG [167418] [] admin_no is 1
2022-03-29 18:19:47,280 DEBUG [167418] [] indexAction end
2022-03-29 18:19:47,280 DEBUG [167418] [] SWPracticeReferenceListController end
2022-03-29 18:19:47,280 DEBUG [167418] [] finally
2022-03-29 18:19:53,735 DEBUG [167881] [] Request URI : /eccadmin_dev/WordBookList
2022-03-29 18:19:53,736 DEBUG [167881] [] WordBookListController start
2022-03-29 18:19:53,736 DEBUG [167881] [] controllers/WordBookListController.php: is exist
2022-03-29 18:19:53,756 DEBUG [167881] [] WordBookListForm: is exist
2022-03-29 18:19:53,763 DEBUG [167881] [] WordBookListForm: form value set 
2022-03-29 18:19:53,764 DEBUG [167881] [] ------------------------------/eccadmin_dev/WordBookList
2022-03-29 18:19:53,764 DEBUG [167881] [] indexAction start
2022-03-29 18:19:53,764 DEBUG [167881] [] admin_no is 1
2022-03-29 18:19:53,865 DEBUG [167881] [] indexAction end
2022-03-29 18:19:53,865 DEBUG [167881] [] WordBookListController end
2022-03-29 18:19:53,865 DEBUG [167881] [] finally
2022-03-29 18:19:59,469 DEBUG [166458] [] Request URI : /eccadmin_dev/WordBookRegist
2022-03-29 18:19:59,470 DEBUG [166458] [] WordBookRegistController start
2022-03-29 18:19:59,470 DEBUG [166458] [] controllers/WordBookRegistController.php: is exist
2022-03-29 18:19:59,529 DEBUG [166458] [] WordBookRegistForm: is exist
2022-03-29 18:19:59,541 DEBUG [166458] [] WordBookRegistForm: form value set 
2022-03-29 18:19:59,542 DEBUG [166458] [] ------------------------------/eccadmin_dev/WordBookRegist
2022-03-29 18:19:59,542 DEBUG [166458] [] ------------------------------session_check_true
2022-03-29 18:19:59,542 DEBUG [166458] [] indexAction start
2022-03-29 18:19:59,542 DEBUG [166458] [] admin_no is 1
2022-03-29 18:19:59,669 DEBUG [166458] [] indexAction end
2022-03-29 18:19:59,669 DEBUG [166458] [] WordBookRegistController end
2022-03-29 18:19:59,669 DEBUG [166458] [] finally
2022-03-29 18:20:03,641 DEBUG [166458] [] Request URI : /eccadmin_dev/WordList
2022-03-29 18:20:03,642 DEBUG [166458] [] WordListController start
2022-03-29 18:20:03,642 DEBUG [166458] [] controllers/WordListController.php: is exist
2022-03-29 18:20:03,643 DEBUG [166458] [] WordListForm: is exist
2022-03-29 18:20:03,644 DEBUG [166458] [] WordListForm: form value set 
2022-03-29 18:20:03,644 DEBUG [166458] [] ------------------------------/eccadmin_dev/WordList
2022-03-29 18:20:03,645 DEBUG [166458] [] indexAction start
2022-03-29 18:20:03,645 DEBUG [166458] [] admin_no is 1
2022-03-29 18:20:03,750 DEBUG [166458] [] indexAction end
2022-03-29 18:20:03,750 DEBUG [166458] [] WordListController end
2022-03-29 18:20:03,750 DEBUG [166458] [] finally
2022-03-29 18:20:07,662 DEBUG [166458] [] Request URI : /eccadmin_dev/WordRegist
2022-03-29 18:20:07,663 DEBUG [166458] [] WordRegistController start
2022-03-29 18:20:07,663 DEBUG [166458] [] controllers/WordRegistController.php: is exist
2022-03-29 18:20:07,665 DEBUG [166458] [] WordRegistForm: is exist
2022-03-29 18:20:07,675 DEBUG [166458] [] WordRegistForm: form value set 
2022-03-29 18:20:07,675 DEBUG [166458] [] ------------------------------/eccadmin_dev/WordRegist
2022-03-29 18:20:07,676 DEBUG [166458] [] ------------------------------session_check_true
2022-03-29 18:20:07,676 DEBUG [166458] [] indexAction start
2022-03-29 18:20:07,676 DEBUG [166458] [] admin_no is 1
2022-03-29 18:20:07,679 DEBUG [166458] [] word_id
2022-03-29 18:20:07,767 DEBUG [166458] [] indexAction end
2022-03-29 18:20:07,767 DEBUG [166458] [] WordRegistController end
2022-03-29 18:20:07,767 DEBUG [166458] [] finally
2022-03-29 18:20:13,605 DEBUG [165639] [] Request URI : /eccadmin_dev/TestList
2022-03-29 18:20:13,606 DEBUG [165639] [] TestListController start
2022-03-29 18:20:13,606 DEBUG [165639] [] controllers/TestListController.php: is exist
2022-03-29 18:20:13,610 DEBUG [165639] [] TestListForm: is exist
2022-03-29 18:20:13,610 DEBUG [165639] [] TestListForm: form value set 
2022-03-29 18:20:13,611 DEBUG [165639] [] ------------------------------/eccadmin_dev/TestList
2022-03-29 18:20:13,611 DEBUG [165639] [] indexAction start
2022-03-29 18:20:13,611 DEBUG [165639] [] admin_no is 1
2022-03-29 18:20:13,611 DEBUG [165639] [] TestListForm Object
(
    [org_no] => 
    [test_no] => 
    [test_name] => 
    [start_period] => 2022/03/01
    [end_period] => 2022/04/29
    [remark] => 
    [del_flg] => 
    [create_dt] => 
    [creater_id] => 
    [update_dt] => 
    [updater_id] => 
    [count] => 
    [page] => 
    [rd_status1] => 
    [rd_status2] => 
    [chk_status1] => 
    [chk_status2] => 
    [quiz_count] => 
    [status] => 
    [rdstatus] => 
    [back_flg] => 
    [search_page] => 0
    [search_start_period] => 
    [search_end_period] => 
    [search_test_name] => 
    [search_remark] => 
    [search_rd_status1] => 
    [search_rd_status2] => 
    [search_rdstatus] => 
    [search_chk_status1] => 
    [search_chk_status2] => 
    [search_status] => 
    [search_org_id] => 99999
    [search_page_row] => 10
    [search_page_order_column] => 1
    [search_page_order_dir] => 1
    [menuOpen] => open
    [menuStatus] => testMenu
    [uid] => 53a6a2d971477c89a57399966cd0757d
    [admin_kbn] => 001
    [remarks] => 
)

2022-03-29 18:20:13,612 DEBUG [165639] []  SELECT  distinct test.test_no test_no  ,test.org_no org_no  ,org.org_id org_id  ,test.test_name test_name  ,mtype.name test_type_name  ,test.remarks remark ,test.test_quiz_count quiz_count ,date_format(test.start_period,'%Y/%m/%d') as start_period  ,date_format(test.end_period,'%Y/%m/%d') as end_period  ,CASE WHEN test.status = 0 THEN  '非公開'  ELSE '公開' END AS status  FROM  T_TEST test  LEFT JOIN T_TEST_QUIZ as test_quiz  ON test.org_no = test_quiz.org_no  AND test.test_no = test_quiz.test_no  INNER JOIN M_TYPE mtype ON test.test_type = mtype.type  AND mtype.category = :mcategory  INNER JOIN M_ORGANIZATION as org  ON test.org_no = org.org_no  AND org.del_flg =  '0'  WHERE test.start_period <= :end_period  AND test.end_period >= :start_period  AND org.org_id LIKE :org_id  AND test.del_flg = '0'  ORDER BY  test_name ASC ,remark ASC
2022-03-29 18:20:13,614 DEBUG [165639] [] count of list :8
2022-03-29 18:20:13,717 DEBUG [165639] [] indexAction end
2022-03-29 18:20:13,717 DEBUG [165639] [] TestListController end
2022-03-29 18:20:13,717 DEBUG [165639] [] finally
2022-03-29 18:20:21,790 DEBUG [167992] [] Request URI : /eccadmin_dev/TestRegist
2022-03-29 18:20:21,794 DEBUG [167992] [] TestRegistController start
2022-03-29 18:20:21,794 DEBUG [167992] [] controllers/TestRegistController.php: is exist
2022-03-29 18:20:21,799 DEBUG [167992] [] TestRegistForm: is exist
2022-03-29 18:20:21,800 DEBUG [167992] [] TestRegistForm: form value set 
2022-03-29 18:20:21,800 DEBUG [167992] [] ------------------------------/eccadmin_dev/TestRegist
2022-03-29 18:20:21,801 DEBUG [167992] [] ------------------------------session_check_true
2022-03-29 18:20:21,801 DEBUG [167992] [] indexAction start
2022-03-29 18:20:21,801 DEBUG [167992] [] admin_no is 1
2022-03-29 18:20:21,801 DEBUG [167992] [] org_no : 
2022-03-29 18:20:21,802 DEBUG [167992] [] test_no
2022-03-29 18:20:21,892 DEBUG [167992] [] indexAction end
2022-03-29 18:20:21,892 DEBUG [167992] [] TestRegistController end
2022-03-29 18:20:21,892 DEBUG [167992] [] finally
2022-03-29 18:20:27,956 DEBUG [167418] [] Request URI : /eccadmin_dev/QuizList
2022-03-29 18:20:27,957 DEBUG [167418] [] QuizListController start
2022-03-29 18:20:27,957 DEBUG [167418] [] controllers/QuizListController.php: is exist
2022-03-29 18:20:27,960 DEBUG [167418] [] QuizListForm: is exist
2022-03-29 18:20:27,960 DEBUG [167418] [] QuizListForm: form value set 
2022-03-29 18:20:27,961 DEBUG [167418] [] ------------------------------/eccadmin_dev/QuizList
2022-03-29 18:20:27,961 DEBUG [167418] [] indexAction start
2022-03-29 18:20:27,961 DEBUG [167418] [] admin_no is 1
2022-03-29 18:20:28,027 DEBUG [167418] [] indexAction end
2022-03-29 18:20:28,027 DEBUG [167418] [] QuizListController end
2022-03-29 18:20:28,027 DEBUG [167418] [] finally
2022-03-29 18:20:36,498 DEBUG [166859] [] Request URI : /eccadmin_dev/QuizRegist
2022-03-29 18:20:36,499 DEBUG [166859] [] QuizRegistController start
2022-03-29 18:20:36,499 DEBUG [166859] [] controllers/QuizRegistController.php: is exist
2022-03-29 18:20:36,506 DEBUG [166859] [] QuizRegistForm: is exist
2022-03-29 18:20:36,506 DEBUG [166859] [] QuizRegistForm: form value set 
2022-03-29 18:20:36,507 DEBUG [166859] [] ------------------------------/eccadmin_dev/QuizRegist
2022-03-29 18:20:36,507 DEBUG [166859] [] ------------------------------session_check_true
2022-03-29 18:20:36,507 DEBUG [166859] [] indexAction start
2022-03-29 18:20:36,507 DEBUG [166859] [] admin_no is 1
2022-03-29 18:20:36,508 DEBUG [166859] [] quiz_no
2022-03-29 18:20:36,511 DEBUG [166859] []  SELECT  distinct name  ,type FROM M_TYPE  WHERE  del_flg = '0'   AND category = '010'   ORDER BY  type ASC 
2022-03-29 18:20:36,608 DEBUG [166859] [] indexAction end
2022-03-29 18:20:36,608 DEBUG [166859] [] QuizRegistController end
2022-03-29 18:20:36,608 DEBUG [166859] [] finally
2022-03-29 18:20:45,343 DEBUG [167379] [] Request URI : /eccadmin_dev/TestInfoList
2022-03-29 18:20:45,343 DEBUG [167379] [] TestInfoListController start
2022-03-29 18:20:45,343 DEBUG [167379] [] controllers/TestInfoListController.php: is exist
2022-03-29 18:20:45,347 DEBUG [167379] [] TestInfoListForm: is exist
2022-03-29 18:20:45,347 DEBUG [167379] [] TestInfoListForm: form value set 
2022-03-29 18:20:45,348 DEBUG [167379] [] ------------------------------/eccadmin_dev/TestInfoList
2022-03-29 18:20:45,348 DEBUG [167379] [] indexAction start
2022-03-29 18:20:45,348 DEBUG [167379] [] admin_no is 1
2022-03-29 18:20:45,350 DEBUG [167379] [] test List count:5
2022-03-29 18:20:45,465 DEBUG [167379] [] indexAction end
2022-03-29 18:20:45,465 DEBUG [167379] [] TestInfoListController end
2022-03-29 18:20:45,465 DEBUG [167379] [] finally
2022-03-29 18:20:50,668 DEBUG [165639] [] Request URI : /eccadmin_dev/TestInfoRegist
2022-03-29 18:20:50,669 DEBUG [165639] [] TestInfoRegistController start
2022-03-29 18:20:50,669 DEBUG [165639] [] controllers/TestInfoRegistController.php: is exist
2022-03-29 18:20:50,672 DEBUG [165639] [] TestInfoRegistForm: is exist
2022-03-29 18:20:50,695 DEBUG [165639] [] TestInfoRegistForm: form value set 
2022-03-29 18:20:50,695 DEBUG [165639] [] ------------------------------/eccadmin_dev/TestInfoRegist
2022-03-29 18:20:50,695 DEBUG [165639] [] ------------------------------session_check_true
2022-03-29 18:20:50,696 DEBUG [165639] [] indexAction start
2022-03-29 18:20:50,696 DEBUG [165639] [] admin_no is 1
2022-03-29 18:20:50,697 DEBUG [165639] [] test_info_no
2022-03-29 18:20:50,786 DEBUG [165639] [] indexAction end
2022-03-29 18:20:50,786 DEBUG [165639] [] TestInfoRegistController end
2022-03-29 18:20:50,786 DEBUG [165639] [] finally
2022-03-29 18:20:53,877 DEBUG [165639] [] Request URI : /eccadmin_dev/QuizInfoList
2022-03-29 18:20:53,878 DEBUG [165639] [] QuizInfoListController start
2022-03-29 18:20:53,878 DEBUG [165639] [] controllers/QuizInfoListController.php: is exist
2022-03-29 18:20:53,881 DEBUG [165639] [] QuizInfoListForm: is exist
2022-03-29 18:20:53,881 DEBUG [165639] [] QuizInfoListForm: form value set 
2022-03-29 18:20:53,882 DEBUG [165639] [] ------------------------------/eccadmin_dev/QuizInfoList
2022-03-29 18:20:53,882 DEBUG [165639] [] indexAction start
2022-03-29 18:20:53,882 DEBUG [165639] [] admin_no is 1
2022-03-29 18:20:53,882 DEBUG [165639] [] 
2022-03-29 18:20:53,948 DEBUG [165639] [] indexAction end
2022-03-29 18:20:53,948 DEBUG [165639] [] QuizInfoListController end
2022-03-29 18:20:53,948 DEBUG [165639] [] finally
2022-03-29 18:20:57,028 DEBUG [165639] [] Request URI : /eccadmin_dev/QuizInfoRegist
2022-03-29 18:20:57,029 DEBUG [165639] [] QuizInfoRegistController start
2022-03-29 18:20:57,029 DEBUG [165639] [] controllers/QuizInfoRegistController.php: is exist
2022-03-29 18:20:57,033 DEBUG [165639] [] QuizInfoRegistForm: is exist
2022-03-29 18:20:57,041 DEBUG [165639] [] QuizInfoRegistForm: form value set 
2022-03-29 18:20:57,042 DEBUG [165639] [] ------------------------------/eccadmin_dev/QuizInfoRegist
2022-03-29 18:20:57,042 DEBUG [165639] [] ------------------------------session_check_true
2022-03-29 18:20:57,042 DEBUG [165639] [] indexAction start
2022-03-29 18:20:57,042 DEBUG [165639] [] admin_no is 1
2022-03-29 18:20:57,042 DEBUG [165639] [] org_no : 
2022-03-29 18:20:57,043 DEBUG [165639] [] quiz_info_no
2022-03-29 18:20:57,130 DEBUG [165639] [] indexAction end
2022-03-29 18:20:57,130 DEBUG [165639] [] QuizInfoRegistController end
2022-03-29 18:20:57,130 DEBUG [165639] [] finally
2022-03-29 18:21:02,803 DEBUG [167005] [] Request URI : /eccadmin_dev/TeacherList
2022-03-29 18:21:02,804 DEBUG [167005] [] TeacherListController start
2022-03-29 18:21:02,804 DEBUG [167005] [] controllers/TeacherListController.php: is exist
2022-03-29 18:21:02,820 DEBUG [167005] [] TeacherListForm: is exist
2022-03-29 18:21:02,824 DEBUG [167005] [] TeacherListForm: form value set 
2022-03-29 18:21:02,824 DEBUG [167005] [] ------------------------------/eccadmin_dev/TeacherList
2022-03-29 18:21:02,825 DEBUG [167005] [] indexAction start
2022-03-29 18:21:02,825 DEBUG [167005] [] admin_no is 1
2022-03-29 18:21:02,934 DEBUG [167005] [] indexAction end
2022-03-29 18:21:02,934 DEBUG [167005] [] TeacherListController end
2022-03-29 18:21:02,934 DEBUG [167005] [] finally
2022-03-29 18:21:07,573 DEBUG [167005] [] Request URI : /eccadmin_dev/TeacherRegist
2022-03-29 18:21:07,574 DEBUG [167005] [] TeacherRegistController start
2022-03-29 18:21:07,574 DEBUG [167005] [] controllers/TeacherRegistController.php: is exist
2022-03-29 18:21:07,576 DEBUG [167005] [] TeacherRegistForm: is exist
2022-03-29 18:21:07,583 DEBUG [167005] [] TeacherRegistForm: form value set 
2022-03-29 18:21:07,583 DEBUG [167005] [] ------------------------------/eccadmin_dev/TeacherRegist
2022-03-29 18:21:07,583 DEBUG [167005] [] ------------------------------session_check_true
2022-03-29 18:21:07,583 DEBUG [167005] [] indexAction start
2022-03-29 18:21:07,584 DEBUG [167005] [] admin_no is 1
2022-03-29 18:21:07,659 DEBUG [167005] [] indexAction end
2022-03-29 18:21:07,659 DEBUG [167005] [] TeacherRegistController end
2022-03-29 18:21:07,659 DEBUG [167005] [] finally
2022-03-29 18:21:12,820 DEBUG [167992] [] Request URI : /eccadmin_dev/ReportList
2022-03-29 18:21:12,821 DEBUG [167992] [] ReportListController start
2022-03-29 18:21:12,821 DEBUG [167992] [] controllers/ReportListController.php: is exist
2022-03-29 18:21:12,825 DEBUG [167992] [] ReportListForm: is exist
2022-03-29 18:21:12,826 DEBUG [167992] [] ReportListForm: form value set 
2022-03-29 18:21:12,826 DEBUG [167992] [] ------------------------------/eccadmin_dev/ReportList
2022-03-29 18:21:12,826 DEBUG [167992] [] indexAction start
2022-03-29 18:21:12,826 DEBUG [167992] [] admin_no is 1
2022-03-29 18:21:12,906 DEBUG [167992] [] indexAction end
2022-03-29 18:21:12,906 DEBUG [167992] [] ReportListController end
2022-03-29 18:21:12,906 DEBUG [167992] [] finally
2022-03-29 18:21:18,514 DEBUG [166859] [] Request URI : /eccadmin_dev/ReportRegist
2022-03-29 18:21:18,515 DEBUG [166859] [] ReportRegistController start
2022-03-29 18:21:18,515 DEBUG [166859] [] controllers/ReportRegistController.php: is exist
2022-03-29 18:21:18,544 DEBUG [166859] [] ReportRegistForm: is exist
2022-03-29 18:21:18,556 DEBUG [166859] [] ReportRegistForm: form value set 
2022-03-29 18:21:18,557 DEBUG [166859] [] ------------------------------/eccadmin_dev/ReportRegist
2022-03-29 18:21:18,557 DEBUG [166859] [] ------------------------------session_check_true
2022-03-29 18:21:18,557 DEBUG [166859] [] indexAction start
2022-03-29 18:21:18,557 DEBUG [166859] [] admin_no is 1
2022-03-29 18:21:18,558 DEBUG [166859] [] report_no
2022-03-29 18:21:18,636 DEBUG [166859] [] indexAction end
2022-03-29 18:21:18,636 DEBUG [166859] [] ReportRegistController end
2022-03-29 18:21:18,636 DEBUG [166859] [] finally
2022-03-29 18:21:24,062 DEBUG [166458] [] Request URI : /eccadmin_dev/AtReportList
2022-03-29 18:21:24,063 DEBUG [166458] [] AtReportListController start
2022-03-29 18:21:24,063 DEBUG [166458] [] controllers/AtReportListController.php: is exist
2022-03-29 18:21:24,090 DEBUG [166458] [] AtReportListForm: is exist
2022-03-29 18:21:24,099 DEBUG [166458] [] AtReportListForm: form value set 
2022-03-29 18:21:24,099 DEBUG [166458] [] ------------------------------/eccadmin_dev/AtReportList
2022-03-29 18:21:24,099 DEBUG [166458] [] indexAction start
2022-03-29 18:21:24,099 DEBUG [166458] [] admin_no is 1
2022-03-29 18:21:24,180 DEBUG [166458] [] indexAction end
2022-03-29 18:21:24,180 DEBUG [166458] [] AtReportListController end
2022-03-29 18:21:24,180 DEBUG [166458] [] finally
2022-03-29 18:21:29,061 DEBUG [166458] [] Request URI : /eccadmin_dev/AtReportRegist
2022-03-29 18:21:29,061 DEBUG [166458] [] AtReportRegistController start
2022-03-29 18:21:29,061 DEBUG [166458] [] controllers/AtReportRegistController.php: is exist
2022-03-29 18:21:29,066 DEBUG [166458] [] AtReportRegistForm: is exist
2022-03-29 18:21:29,087 DEBUG [166458] [] AtReportRegistForm: form value set 
2022-03-29 18:21:29,088 DEBUG [166458] [] ------------------------------/eccadmin_dev/AtReportRegist
2022-03-29 18:21:29,088 DEBUG [166458] [] ------------------------------session_check_true
2022-03-29 18:21:29,088 DEBUG [166458] [] indexAction start
2022-03-29 18:21:29,088 DEBUG [166458] [] admin_no is 1
2022-03-29 18:21:29,183 DEBUG [166458] [] indexAction end
2022-03-29 18:21:29,183 DEBUG [166458] [] AtReportRegistController end
2022-03-29 18:21:29,183 DEBUG [166458] [] finally
2022-03-29 18:21:34,079 DEBUG [166458] [] Request URI : /eccadmin_dev/SubjectAreaSubjectDataExport
2022-03-29 18:21:34,079 DEBUG [166458] [] SubjectAreaSubjectDataExportController start
2022-03-29 18:21:34,079 DEBUG [166458] [] controllers/SubjectAreaSubjectDataExportController.php: is exist
2022-03-29 18:21:34,112 DEBUG [166458] [] SubjectAreaSubjectDataExportForm: is exist
2022-03-29 18:21:34,119 DEBUG [166458] [] SubjectAreaSubjectDataExportForm: form value set 
2022-03-29 18:21:34,120 DEBUG [166458] [] ------------------------------/eccadmin_dev/SubjectAreaSubjectDataExport
2022-03-29 18:21:34,120 DEBUG [166458] [] ------------------------------/eccadmin_dev/SubjectAreaSubjectDataExport
2022-03-29 18:21:34,120 DEBUG [166458] [] indexAction start
2022-03-29 18:21:34,120 DEBUG [166458] [] admin_no is 1
2022-03-29 18:21:34,170 DEBUG [166458] [] indexAction end
2022-03-29 18:21:34,170 DEBUG [166458] [] SubjectAreaSubjectDataExportController end
2022-03-29 18:21:34,171 DEBUG [166458] [] finally
2022-03-29 18:22:04,374 DEBUG [167881] [] Request URI : /eccadmin_dev/LessonDataExport
2022-03-29 18:22:04,374 DEBUG [167881] [] LessonDataExportController start
2022-03-29 18:22:04,374 DEBUG [167881] [] controllers/LessonDataExportController.php: is exist
2022-03-29 18:22:04,413 DEBUG [167881] [] LessonDataExportForm: is exist
2022-03-29 18:22:04,415 DEBUG [167881] [] LessonDataExportForm: form value set 
2022-03-29 18:22:04,415 DEBUG [167881] [] ------------------------------/eccadmin_dev/LessonDataExport
2022-03-29 18:22:04,416 DEBUG [167881] [] ------------------------------/eccadmin_dev/LessonDataExport
2022-03-29 18:22:04,416 DEBUG [167881] [] indexAction start
2022-03-29 18:22:04,416 DEBUG [167881] [] admin_no is 1
2022-03-29 18:22:04,484 DEBUG [167881] [] indexAction end
2022-03-29 18:22:04,484 DEBUG [167881] [] LessonDataExportController end
2022-03-29 18:22:04,484 DEBUG [167881] [] finally
2022-03-29 18:22:08,487 DEBUG [167881] [] Request URI : /eccadmin_dev/GroupDataExport
2022-03-29 18:22:08,487 DEBUG [167881] [] GroupDataExportController start
2022-03-29 18:22:08,487 DEBUG [167881] [] controllers/GroupDataExportController.php: is exist
2022-03-29 18:22:08,499 DEBUG [167881] [] GroupDataExportForm: is exist
2022-03-29 18:22:08,500 DEBUG [167881] [] GroupDataExportForm: form value set 
2022-03-29 18:22:08,500 DEBUG [167881] [] ------------------------------/eccadmin_dev/GroupDataExport
2022-03-29 18:22:08,501 DEBUG [167881] [] ------------------------------/eccadmin_dev/GroupDataExport
2022-03-29 18:22:08,501 DEBUG [167881] [] indexAction start
2022-03-29 18:22:08,501 DEBUG [167881] [] admin_no is 1
2022-03-29 18:22:08,560 DEBUG [167881] [] indexAction end
2022-03-29 18:22:08,560 DEBUG [167881] [] GroupDataExportController end
2022-03-29 18:22:08,560 DEBUG [167881] [] finally
2022-03-29 18:22:13,022 DEBUG [167881] [] Request URI : /eccadmin_dev/StudentDataExport
2022-03-29 18:22:13,023 DEBUG [167881] [] StudentDataExportController start
2022-03-29 18:22:13,023 DEBUG [167881] [] controllers/StudentDataExportController.php: is exist
2022-03-29 18:22:13,026 DEBUG [167881] [] StudentDataExportForm: is exist
2022-03-29 18:22:13,040 DEBUG [167881] [] StudentDataExportForm: form value set 
2022-03-29 18:22:13,040 DEBUG [167881] [] ------------------------------/eccadmin_dev/StudentDataExport
2022-03-29 18:22:13,041 DEBUG [167881] [] ------------------------------/eccadmin_dev/StudentDataExport
2022-03-29 18:22:13,041 DEBUG [167881] [] indexAction start
2022-03-29 18:22:13,041 DEBUG [167881] [] admin_no is 1
2022-03-29 18:22:13,104 DEBUG [167881] [] indexAction end
2022-03-29 18:22:13,105 DEBUG [167881] [] StudentDataExportController end
2022-03-29 18:22:13,105 DEBUG [167881] [] finally
2022-03-29 18:22:15,600 DEBUG [167881] [] Request URI : /eccadmin_dev/ManagerSubjectLessonDataExport
2022-03-29 18:22:15,601 DEBUG [167881] [] ManagerSubjectLessonDataExportController start
2022-03-29 18:22:15,601 DEBUG [167881] [] controllers/ManagerSubjectLessonDataExportController.php: is exist
2022-03-29 18:22:15,619 DEBUG [167881] [] ManagerSubjectLessonDataExportForm: is exist
2022-03-29 18:22:15,620 DEBUG [167881] [] ManagerSubjectLessonDataExportForm: form value set 
2022-03-29 18:22:15,620 DEBUG [167881] [] ------------------------------/eccadmin_dev/ManagerSubjectLessonDataExport
2022-03-29 18:22:15,620 DEBUG [167881] [] ------------------------------/eccadmin_dev/ManagerSubjectLessonDataExport
2022-03-29 18:22:15,620 DEBUG [167881] [] indexAction start
2022-03-29 18:22:15,621 DEBUG [167881] [] admin_no is 1
2022-03-29 18:22:15,699 DEBUG [167881] [] indexAction end
2022-03-29 18:22:15,699 DEBUG [167881] [] ManagerSubjectLessonDataExportController end
2022-03-29 18:22:15,699 DEBUG [167881] [] finally
2022-03-29 18:22:18,751 DEBUG [167881] [] Request URI : /eccadmin_dev/GroupStudentDataExport
2022-03-29 18:22:18,751 DEBUG [167881] [] GroupStudentDataExportController start
2022-03-29 18:22:18,752 DEBUG [167881] [] controllers/GroupStudentDataExportController.php: is exist
2022-03-29 18:22:18,754 DEBUG [167881] [] GroupStudentDataExportForm: is exist
2022-03-29 18:22:18,768 DEBUG [167881] [] GroupStudentDataExportForm: form value set 
2022-03-29 18:22:18,768 DEBUG [167881] [] ------------------------------/eccadmin_dev/GroupStudentDataExport
2022-03-29 18:22:18,768 DEBUG [167881] [] ------------------------------/eccadmin_dev/GroupStudentDataExport
2022-03-29 18:22:18,768 DEBUG [167881] [] indexAction start
2022-03-29 18:22:18,769 DEBUG [167881] [] admin_no is 1
2022-03-29 18:22:18,840 DEBUG [167881] [] indexAction end
2022-03-29 18:22:18,840 DEBUG [167881] [] GroupStudentDataExportController end
2022-03-29 18:22:18,840 DEBUG [167881] [] finally
2022-03-29 18:22:21,590 DEBUG [167881] [] Request URI : /eccadmin_dev/LessonGroupStudentDataExport
2022-03-29 18:22:21,591 DEBUG [167881] [] LessonGroupStudentDataExportController start
2022-03-29 18:22:21,591 DEBUG [167881] [] controllers/LessonGroupStudentDataExportController.php: is exist
2022-03-29 18:22:21,594 DEBUG [167881] [] LessonGroupStudentDataExportForm: is exist
2022-03-29 18:22:21,604 DEBUG [167881] [] LessonGroupStudentDataExportForm: form value set 
2022-03-29 18:22:21,605 DEBUG [167881] [] ------------------------------/eccadmin_dev/LessonGroupStudentDataExport
2022-03-29 18:22:21,605 DEBUG [167881] [] ------------------------------/eccadmin_dev/LessonGroupStudentDataExport
2022-03-29 18:22:21,605 DEBUG [167881] [] indexAction start
2022-03-29 18:22:21,605 DEBUG [167881] [] admin_no is 1
2022-03-29 18:22:21,670 DEBUG [167881] [] indexAction end
2022-03-29 18:22:21,670 DEBUG [167881] [] LessonGroupStudentDataExportController end
2022-03-29 18:22:21,670 DEBUG [167881] [] finally
2022-03-29 18:22:26,272 DEBUG [167881] [] Request URI : /eccadmin_dev/ExcelSubjectAreaList
2022-03-29 18:22:26,272 DEBUG [167881] [] ExcelSubjectAreaListController start
2022-03-29 18:22:26,272 DEBUG [167881] [] controllers/ExcelSubjectAreaListController.php: is exist
2022-03-29 18:22:26,277 DEBUG [167881] [] ExcelSubjectAreaListForm: is exist
2022-03-29 18:22:26,277 DEBUG [167881] [] ExcelSubjectAreaListForm: form value set 
2022-03-29 18:22:26,278 DEBUG [167881] [] ------------------------------/eccadmin_dev/ExcelSubjectAreaList
2022-03-29 18:22:26,278 DEBUG [167881] [] indexAction start
2022-03-29 18:22:26,278 DEBUG [167881] [] admin_no is 1
2022-03-29 18:22:26,359 DEBUG [167881] [] indexAction end
2022-03-29 18:22:26,360 DEBUG [167881] [] ExcelSubjectAreaListController end
2022-03-29 18:22:26,360 DEBUG [167881] [] finally
2022-03-29 18:22:31,444 DEBUG [167881] [] Request URI : /eccadmin_dev/ExcelSubjectList
2022-03-29 18:22:31,445 DEBUG [167881] [] ExcelSubjectListController start
2022-03-29 18:22:31,445 DEBUG [167881] [] controllers/ExcelSubjectListController.php: is exist
2022-03-29 18:22:31,450 DEBUG [167881] [] ExcelSubjectListForm: is exist
2022-03-29 18:22:31,459 DEBUG [167881] [] ExcelSubjectListForm: form value set 
2022-03-29 18:22:31,460 DEBUG [167881] [] ------------------------------/eccadmin_dev/ExcelSubjectList
2022-03-29 18:22:31,460 DEBUG [167881] [] indexAction start
2022-03-29 18:22:31,460 DEBUG [167881] [] admin_no is 1
2022-03-29 18:22:31,543 DEBUG [167881] [] indexAction end
2022-03-29 18:22:31,543 DEBUG [167881] [] ExcelSubjectListController end
2022-03-29 18:22:31,543 DEBUG [167881] [] finally
2022-03-29 18:22:34,815 DEBUG [167881] [] Request URI : /eccadmin_dev/ExcelLessonManagerList
2022-03-29 18:22:34,816 DEBUG [167881] [] ExcelLessonManagerListController start
2022-03-29 18:22:34,816 DEBUG [167881] [] controllers/ExcelLessonManagerListController.php: is exist
2022-03-29 18:22:34,823 DEBUG [167881] [] ExcelLessonManagerListForm: is exist
2022-03-29 18:22:34,847 DEBUG [167881] [] ExcelLessonManagerListForm: form value set 
2022-03-29 18:22:34,847 DEBUG [167881] [] ------------------------------/eccadmin_dev/ExcelLessonManagerList
2022-03-29 18:22:34,847 DEBUG [167881] [] indexAction start
2022-03-29 18:22:34,847 DEBUG [167881] [] admin_no is 1
2022-03-29 18:22:34,946 DEBUG [167881] [] indexAction end
2022-03-29 18:22:34,946 DEBUG [167881] [] ExcelLessonManagerListController end
2022-03-29 18:22:34,946 DEBUG [167881] [] finally
2022-03-29 18:22:40,169 DEBUG [167881] [] Request URI : /eccadmin_dev/ExcelLessonList
2022-03-29 18:22:40,170 DEBUG [167881] [] ExcelLessonListController start
2022-03-29 18:22:40,170 DEBUG [167881] [] controllers/ExcelLessonListController.php: is exist
2022-03-29 18:22:40,175 DEBUG [167881] [] ExcelLessonListForm: is exist
2022-03-29 18:22:40,197 DEBUG [167881] [] ExcelLessonListForm: form value set 
2022-03-29 18:22:40,198 DEBUG [167881] [] ------------------------------/eccadmin_dev/ExcelLessonList
2022-03-29 18:22:40,198 DEBUG [167881] [] indexAction start
2022-03-29 18:22:40,198 DEBUG [167881] [] admin_no is 1
2022-03-29 18:22:40,289 DEBUG [167881] [] indexAction end
2022-03-29 18:22:40,289 DEBUG [167881] [] ExcelLessonListController end
2022-03-29 18:22:40,289 DEBUG [167881] [] finally
2022-03-29 18:22:42,966 DEBUG [167881] [] Request URI : /eccadmin_dev/ExcelGroupList
2022-03-29 18:22:42,966 DEBUG [167881] [] ExcelGroupListController start
2022-03-29 18:22:42,966 DEBUG [167881] [] controllers/ExcelGroupListController.php: is exist
2022-03-29 18:22:42,972 DEBUG [167881] [] ExcelGroupListForm: is exist
2022-03-29 18:22:42,973 DEBUG [167881] [] ExcelGroupListForm: form value set 
2022-03-29 18:22:42,973 DEBUG [167881] [] ------------------------------/eccadmin_dev/ExcelGroupList
2022-03-29 18:22:42,973 DEBUG [167881] [] indexAction start
2022-03-29 18:22:42,973 DEBUG [167881] [] admin_no is 1
2022-03-29 18:22:43,056 DEBUG [167881] [] indexAction end
2022-03-29 18:22:43,056 DEBUG [167881] [] ExcelGroupListController end
2022-03-29 18:22:43,056 DEBUG [167881] [] finally
2022-03-29 18:22:45,190 DEBUG [167881] [] Request URI : /eccadmin_dev/ExcelGroupList
2022-03-29 18:22:45,190 DEBUG [167881] [] ExcelGroupListController start
2022-03-29 18:22:45,190 DEBUG [167881] [] controllers/ExcelGroupListController.php: is exist
2022-03-29 18:22:45,196 DEBUG [167881] [] ExcelGroupListForm: is exist
2022-03-29 18:22:45,196 DEBUG [167881] [] ExcelGroupListForm: form value set 
2022-03-29 18:22:45,197 DEBUG [167881] [] ------------------------------/eccadmin_dev/ExcelGroupList
2022-03-29 18:22:45,197 DEBUG [167881] [] indexAction start
2022-03-29 18:22:45,197 DEBUG [167881] [] admin_no is 1
2022-03-29 18:22:45,280 DEBUG [167881] [] indexAction end
2022-03-29 18:22:45,280 DEBUG [167881] [] ExcelGroupListController end
2022-03-29 18:22:45,280 DEBUG [167881] [] finally
2022-03-29 18:22:55,191 DEBUG [168076] [] Request URI : /eccadmin_dev/ExcelLessonGroupList
2022-03-29 18:22:55,195 DEBUG [168076] [] ExcelLessonGroupListController start
2022-03-29 18:22:55,195 DEBUG [168076] [] controllers/ExcelLessonGroupListController.php: is exist
2022-03-29 18:22:55,201 DEBUG [168076] [] ExcelLessonGroupListForm: is exist
2022-03-29 18:22:55,202 DEBUG [168076] [] ExcelLessonGroupListForm: form value set 
2022-03-29 18:22:55,202 DEBUG [168076] [] ------------------------------/eccadmin_dev/ExcelLessonGroupList
2022-03-29 18:22:55,202 DEBUG [168076] [] indexAction start
2022-03-29 18:22:55,203 DEBUG [168076] [] admin_no is 1
2022-03-29 18:22:55,316 DEBUG [168076] [] indexAction end
2022-03-29 18:22:55,316 DEBUG [168076] [] ExcelLessonGroupListController end
2022-03-29 18:22:55,317 DEBUG [168076] [] finally
2022-03-29 18:22:58,072 DEBUG [168076] [] Request URI : /eccadmin_dev/ExcelGroupStudentList
2022-03-29 18:22:58,072 DEBUG [168076] [] ExcelGroupStudentListController start
2022-03-29 18:22:58,073 DEBUG [168076] [] controllers/ExcelGroupStudentListController.php: is exist
2022-03-29 18:22:58,079 DEBUG [168076] [] ExcelGroupStudentListForm: is exist
2022-03-29 18:22:58,079 DEBUG [168076] [] ExcelGroupStudentListForm: form value set 
2022-03-29 18:22:58,080 DEBUG [168076] [] ------------------------------/eccadmin_dev/ExcelGroupStudentList
2022-03-29 18:22:58,080 DEBUG [168076] [] indexAction start
2022-03-29 18:22:58,080 DEBUG [168076] [] admin_no is 1
2022-03-29 18:22:58,169 DEBUG [168076] [] indexAction end
2022-03-29 18:22:58,169 DEBUG [168076] [] ExcelGroupStudentListController end
2022-03-29 18:22:58,169 DEBUG [168076] [] finally
2022-03-29 18:23:00,193 DEBUG [168076] [] Request URI : /eccadmin_dev/ExcelStudentNoChangeList
2022-03-29 18:23:00,194 DEBUG [168076] [] ExcelStudentNoChangeListController start
2022-03-29 18:23:00,194 DEBUG [168076] [] controllers/ExcelStudentNoChangeListController.php: is exist
2022-03-29 18:23:00,198 DEBUG [168076] [] ExcelStudentNoChangeListForm: is exist
2022-03-29 18:23:00,210 DEBUG [168076] [] ExcelStudentNoChangeListForm: form value set 
2022-03-29 18:23:00,210 DEBUG [168076] [] ------------------------------/eccadmin_dev/ExcelStudentNoChangeList
2022-03-29 18:23:00,210 DEBUG [168076] [] indexAction start
2022-03-29 18:23:00,211 DEBUG [168076] [] admin_no is 1
2022-03-29 18:23:00,309 DEBUG [168076] [] indexAction end
2022-03-29 18:23:00,309 DEBUG [168076] [] ExcelStudentNoChangeListController end
2022-03-29 18:23:00,309 DEBUG [168076] [] finally
2022-03-29 18:23:16,153 DEBUG [167881] [] Request URI : /eccadmin_dev/SystemNoticeRegist
2022-03-29 18:23:16,153 DEBUG [167881] [] SystemNoticeRegistController start
2022-03-29 18:23:16,154 DEBUG [167881] [] controllers/SystemNoticeRegistController.php: is exist
2022-03-29 18:23:16,156 DEBUG [167881] [] SystemNoticeRegistForm: is exist
2022-03-29 18:23:16,166 DEBUG [167881] [] SystemNoticeRegistForm: form value set 
2022-03-29 18:23:16,166 DEBUG [167881] [] ------------------------------/eccadmin_dev/SystemNoticeRegist
2022-03-29 18:23:16,167 DEBUG [167881] [] ------------------------------session_check_true
2022-03-29 18:23:16,167 DEBUG [167881] [] indexAction start
2022-03-29 18:23:16,167 DEBUG [167881] [] admin_no is 1
2022-03-29 18:23:16,262 DEBUG [167881] [] indexAction end
2022-03-29 18:23:16,262 DEBUG [167881] [] SystemNoticeRegistController end
2022-03-29 18:23:16,262 DEBUG [167881] [] finally
2022-03-29 18:23:21,527 DEBUG [167992] [] Request URI : /eccadmin_dev/CourseList
2022-03-29 18:23:21,528 DEBUG [167992] [] CourseListController start
2022-03-29 18:23:21,528 DEBUG [167992] [] controllers/CourseListController.php: is exist
2022-03-29 18:23:21,531 DEBUG [167992] [] CourseListForm: is exist
2022-03-29 18:23:21,531 DEBUG [167992] [] CourseListForm: form value set 
2022-03-29 18:23:21,532 DEBUG [167992] [] ------------------------------/eccadmin_dev/CourseList
2022-03-29 18:23:21,532 DEBUG [167992] [] indexAction start
2022-03-29 18:23:21,532 DEBUG [167992] [] admin_no is 1
2022-03-29 18:23:21,631 DEBUG [167992] [] indexAction end
2022-03-29 18:23:21,631 DEBUG [167992] [] CourseListController end
2022-03-29 18:23:21,631 DEBUG [167992] [] finally
2022-03-29 18:23:26,444 DEBUG [167992] [] Request URI : /eccadmin_dev/CourseDetailList
2022-03-29 18:23:26,445 DEBUG [167992] [] CourseDetailListController start
2022-03-29 18:23:26,445 DEBUG [167992] [] controllers/CourseDetailListController.php: is exist
2022-03-29 18:23:26,448 DEBUG [167992] [] CourseDetailListForm: is exist
2022-03-29 18:23:26,459 DEBUG [167992] [] CourseDetailListForm: form value set 
2022-03-29 18:23:26,460 DEBUG [167992] [] ------------------------------/eccadmin_dev/CourseDetailList
2022-03-29 18:23:26,460 DEBUG [167992] [] indexAction start
2022-03-29 18:23:26,460 DEBUG [167992] [] admin_no is 1
2022-03-29 18:23:26,568 DEBUG [167992] [] indexAction end
2022-03-29 18:23:26,568 DEBUG [167992] [] CourseDetailListController end
2022-03-29 18:23:26,568 DEBUG [167992] [] finally
2022-03-29 18:23:31,143 DEBUG [167992] [] Request URI : /eccadmin_dev/QuestionList
2022-03-29 18:23:31,144 DEBUG [167992] [] QuestionListController start
2022-03-29 18:23:31,144 DEBUG [167992] [] controllers/QuestionListController.php: is exist
2022-03-29 18:23:31,147 DEBUG [167992] [] QuestionListForm: is exist
2022-03-29 18:23:31,147 DEBUG [167992] [] QuestionListForm: form value set 
2022-03-29 18:23:31,148 DEBUG [167992] [] ------------------------------/eccadmin_dev/QuestionList
2022-03-29 18:23:31,148 DEBUG [167992] [] indexAction start
2022-03-29 18:23:31,148 DEBUG [167992] [] admin_no is 1
2022-03-29 18:23:31,150 DEBUG [167992] [] QuestionListForm Object
(
    [question_no] => 
    [question_name] => 
    [qa_description] => 
    [description] => 
    [test_kbn] => 
    [course_level] => 
    [qa_pattern] => 
    [score_pattern] => 
    [audio_name] => 
    [audio_description] => 
    [prepare_time] => 
    [answer_time] => 
    [audio_yes] => 
    [yes_description] => 
    [audio_no] => 
    [no_description] => 
    [status] => 
    [sample_answer] => 
    [byosha_point] => 
    [remarks] => 
    [chk_status1] => 
    [chk_status2] => 
    [page] => 1
    [max_page] => 
    [test_kbn_list] => Array
        (
            [0] => M_typeDto Object
                (
                    [category] => 016
                    [type] => 001
                    [name] => Speaking
                    [name_kana] => 
                    [disp_no] => 1
                    [del_flg] => 0
                    [create_dt] => 
                    [creater_id] => 
                    [update_dt] => 
                    [updater_id] => 
                )

            [1] => M_typeDto Object
                (
                    [category] => 016
                    [type] => 002
                    [name] => Writing
                    [name_kana] => 
                    [disp_no] => 3
                    [del_flg] => 0
                    [create_dt] => 
                    [creater_id] => 
                    [update_dt] => 
                    [updater_id] => 
                )

        )

    [course_level_list] => Array
        (
            [0] => M_typeDto Object
                (
                    [category] => 021
                    [type] => 001
                    [name] => Level 5
                    [name_kana] => 
                    [disp_no] => 1
                    [del_flg] => 0
                    [create_dt] => 
                    [creater_id] => 
                    [update_dt] => 
                    [updater_id] => 
                )

            [1] => M_typeDto Object
                (
                    [category] => 021
                    [type] => 002
                    [name] => Level 4
                    [name_kana] => 
                    [disp_no] => 2
                    [del_flg] => 0
                    [create_dt] => 
                    [creater_id] => 
                    [update_dt] => 
                    [updater_id] => 
                )

            [2] => M_typeDto Object
                (
                    [category] => 021
                    [type] => 003
                    [name] => Level 3
                    [name_kana] => 
                    [disp_no] => 3
                    [del_flg] => 0
                    [create_dt] => 
                    [creater_id] => 
                    [update_dt] => 
                    [updater_id] => 
                )

            [3] => M_typeDto Object
                (
                    [category] => 021
                    [type] => 004
                    [name] => Level 6
                    [name_kana] => 
                    [disp_no] => 4
                    [del_flg] => 0
                    [create_dt] => 
                    [creater_id] => 
                    [update_dt] => 
                    [updater_id] => 
                )

        )

    [search_page] => 
    [search_question_name] => 
    [search_test_kbn] => 
    [search_course_level] => 
    [search_chk_status1] => 
    [search_chk_status2] => 
    [search_status] => 
    [menuOpen] => open
    [menuStatus] => settingMenu
    [uid] => 598d64d6dabaafa0f25971f86fd6d4ce
    [admin_kbn] => 001
)

2022-03-29 18:23:31,191 DEBUG [167992] [] QuestionListForm Object
(
    [question_no] => 
    [question_name] => 
    [qa_description] => 
    [description] => 
    [test_kbn] => 
    [course_level] => 
    [qa_pattern] => 
    [score_pattern] => 
    [audio_name] => 
    [audio_description] => 
    [prepare_time] => 
    [answer_time] => 
    [audio_yes] => 
    [yes_description] => 
    [audio_no] => 
    [no_description] => 
    [status] => 
    [sample_answer] => 
    [byosha_point] => 
    [remarks] => 
    [chk_status1] => 
    [chk_status2] => 
    [page] => 1
    [max_page] => 27
    [test_kbn_list] => Array
        (
            [0] => M_typeDto Object
                (
                    [category] => 016
                    [type] => 001
                    [name] => Speaking
                    [name_kana] => 
                    [disp_no] => 1
                    [del_flg] => 0
                    [create_dt] => 
                    [creater_id] => 
                    [update_dt] => 
                    [updater_id] => 
                )

            [1] => M_typeDto Object
                (
                    [category] => 016
                    [type] => 002
                    [name] => Writing
                    [name_kana] => 
                    [disp_no] => 3
                    [del_flg] => 0
                    [create_dt] => 
                    [creater_id] => 
                    [update_dt] => 
                    [updater_id] => 
                )

        )

    [course_level_list] => Array
        (
            [0] => M_typeDto Object
                (
                    [category] => 021
                    [type] => 001
                    [name] => Level 5
                    [name_kana] => 
                    [disp_no] => 1
                    [del_flg] => 0
                    [create_dt] => 
                    [creater_id] => 
                    [update_dt] => 
                    [updater_id] => 
                )

            [1] => M_typeDto Object
                (
                    [category] => 021
                    [type] => 002
                    [name] => Level 4
                    [name_kana] => 
                    [disp_no] => 2
                    [del_flg] => 0
                    [create_dt] => 
                    [creater_id] => 
                    [update_dt] => 
                    [updater_id] => 
                )

            [2] => M_typeDto Object
                (
                    [category] => 021
                    [type] => 003
                    [name] => Level 3
                    [name_kana] => 
                    [disp_no] => 3
                    [del_flg] => 0
                    [create_dt] => 
                    [creater_id] => 
                    [update_dt] => 
                    [updater_id] => 
                )

            [3] => M_typeDto Object
                (
                    [category] => 021
                    [type] => 004
                    [name] => Level 6
                    [name_kana] => 
                    [disp_no] => 4
                    [del_flg] => 0
                    [create_dt] => 
                    [creater_id] => 
                    [update_dt] => 
                    [updater_id] => 
                )

        )

    [search_page] => 
    [search_question_name] => 
    [search_test_kbn] => 
    [search_course_level] => 
    [search_chk_status1] => 
    [search_chk_status2] => 
    [search_status] => 
    [menuOpen] => open
    [menuStatus] => settingMenu
    [uid] => 598d64d6dabaafa0f25971f86fd6d4ce
    [admin_kbn] => 001
)

2022-03-29 18:23:31,307 DEBUG [167992] [] indexAction end
2022-03-29 18:23:31,307 DEBUG [167992] [] QuestionListController end
2022-03-29 18:23:31,308 DEBUG [167992] [] finally
2022-03-29 18:23:57,769 DEBUG [168153] [] Request URI : /eccadmin_dev/AdminList
2022-03-29 18:23:57,773 DEBUG [168153] [] AdminListController start
2022-03-29 18:23:57,774 DEBUG [168153] [] controllers/AdminListController.php: is exist
2022-03-29 18:23:57,775 DEBUG [168153] [] AdminListForm: is exist
2022-03-29 18:23:57,789 DEBUG [168153] [] AdminListForm: form value set 
2022-03-29 18:23:57,789 DEBUG [168153] [] ------------------------------/eccadmin_dev/AdminList
2022-03-29 18:23:57,790 DEBUG [168153] [] indexAction start
2022-03-29 18:23:57,790 DEBUG [168153] [] admin_no is 1
2022-03-29 18:23:57,790 DEBUG [168153] [] indexAction
2022-03-29 18:23:57,791 DEBUG [168153] [] 
2022-03-29 18:23:57,883 DEBUG [168153] [] indexAction end
2022-03-29 18:23:57,883 DEBUG [168153] [] AdminListController end
2022-03-29 18:23:57,883 DEBUG [168153] [] finally
2022-03-29 18:24:02,056 DEBUG [168153] [] Request URI : /eccadmin_dev/Maintenance
2022-03-29 18:24:02,056 DEBUG [168153] [] MaintenanceController start
2022-03-29 18:24:02,056 DEBUG [168153] [] controllers/MaintenanceController.php: is exist
2022-03-29 18:24:02,058 DEBUG [168153] [] MaintenanceForm: is exist
2022-03-29 18:24:02,067 DEBUG [168153] [] MaintenanceForm: form value set 
2022-03-29 18:24:02,067 DEBUG [168153] [] ------------------------------/eccadmin_dev/Maintenance
2022-03-29 18:24:02,067 DEBUG [168153] [] ------------------------------session_check_true
2022-03-29 18:24:02,068 DEBUG [168153] [] indexAction start
2022-03-29 18:24:02,068 DEBUG [168153] [] admin_no is 1
2022-03-29 18:24:02,068 DEBUG [168153] [] admin_no is 1
2022-03-29 18:24:02,069 DEBUG [168153] [] SELECT  status.no, type.name, status.system_status ,CASE WHEN status.system_status = '0' THEN '起動'  WHEN status.system_status = '1' THEN '停止' END AS system_status , status.description  ,date_format(status.update_dt,'%Y/%m/%d %H:%i') as update_dt , status.updater_id , admin.login_id , admin.admin_name FROM T_STATUS_HISTORY status INNER JOIN T_ADMIN as admin  ON admin.admin_no = status.creater_id  AND status.del_flg = '0'  AND admin.del_flg = '0'  INNER JOIN M_TYPE as type  ON type.type = status.system_kbn  AND type.del_flg = '0'  WHERE category = :kbn  ORDER BY  status.create_dt DESC
2022-03-29 18:24:02,076 DEBUG [168153] [] SELECT  status.no, type.name, status.system_status ,CASE WHEN status.system_status = '0' THEN '起動'  WHEN status.system_status = '1' THEN '停止' END AS system_status , status.description  ,date_format(status.update_dt,'%Y/%m/%d %H:%i') as update_dt , status.updater_id , admin.login_id , admin.admin_name FROM T_STATUS_HISTORY status INNER JOIN T_ADMIN as admin  ON admin.admin_no = status.creater_id  AND status.del_flg = '0'  AND admin.del_flg = '0'  INNER JOIN M_TYPE as type  ON type.type = status.system_kbn  AND type.del_flg = '0'  WHERE category = :kbn  ORDER BY  status.create_dt DESC LIMIT 0 ,  10
2022-03-29 18:24:02,165 DEBUG [168153] [] indexAction end
2022-03-29 18:24:02,165 DEBUG [168153] [] MaintenanceController end
2022-03-29 18:24:02,165 DEBUG [168153] [] finally
2022-03-29 18:24:19,470 DEBUG [167881] [] Request URI : /eccadmin_dev/Maintenance
2022-03-29 18:24:19,471 DEBUG [167881] [] MaintenanceController start
2022-03-29 18:24:19,471 DEBUG [167881] [] controllers/MaintenanceController.php: is exist
2022-03-29 18:24:19,473 DEBUG [167881] [] MaintenanceForm: is exist
2022-03-29 18:24:19,473 DEBUG [167881] [] MaintenanceForm: form value set 
2022-03-29 18:24:19,474 DEBUG [167881] [] ------------------------------/eccadmin_dev/Maintenance
2022-03-29 18:24:19,474 DEBUG [167881] [] ------------------------------session_check_true
2022-03-29 18:24:19,474 DEBUG [167881] [] indexAction start
2022-03-29 18:24:19,474 DEBUG [167881] [] admin_no is 1
2022-03-29 18:24:19,474 DEBUG [167881] [] admin_no is 1
2022-03-29 18:24:19,476 DEBUG [167881] [] SELECT  status.no, type.name, status.system_status ,CASE WHEN status.system_status = '0' THEN '起動'  WHEN status.system_status = '1' THEN '停止' END AS system_status , status.description  ,date_format(status.update_dt,'%Y/%m/%d %H:%i') as update_dt , status.updater_id , admin.login_id , admin.admin_name FROM T_STATUS_HISTORY status INNER JOIN T_ADMIN as admin  ON admin.admin_no = status.creater_id  AND status.del_flg = '0'  AND admin.del_flg = '0'  INNER JOIN M_TYPE as type  ON type.type = status.system_kbn  AND type.del_flg = '0'  WHERE category = :kbn  ORDER BY  status.create_dt DESC
2022-03-29 18:24:19,482 DEBUG [167881] [] SELECT  status.no, type.name, status.system_status ,CASE WHEN status.system_status = '0' THEN '起動'  WHEN status.system_status = '1' THEN '停止' END AS system_status , status.description  ,date_format(status.update_dt,'%Y/%m/%d %H:%i') as update_dt , status.updater_id , admin.login_id , admin.admin_name FROM T_STATUS_HISTORY status INNER JOIN T_ADMIN as admin  ON admin.admin_no = status.creater_id  AND status.del_flg = '0'  AND admin.del_flg = '0'  INNER JOIN M_TYPE as type  ON type.type = status.system_kbn  AND type.del_flg = '0'  WHERE category = :kbn  ORDER BY  status.create_dt DESC LIMIT 0 ,  10
2022-03-29 18:24:19,565 DEBUG [167881] [] indexAction end
2022-03-29 18:24:19,565 DEBUG [167881] [] MaintenanceController end
2022-03-29 18:24:19,565 DEBUG [167881] [] finally
2022-03-29 18:24:25,599 DEBUG [168073] [] Request URI : /eccadmin_dev/PasswordChange
2022-03-29 18:24:25,599 DEBUG [168073] [] PasswordChangeController start
2022-03-29 18:24:25,599 DEBUG [168073] [] controllers/PasswordChangeController.php: is exist
2022-03-29 18:24:25,601 DEBUG [168073] [] PasswordChangeForm: is exist
2022-03-29 18:24:25,613 DEBUG [168073] [] PasswordChangeForm: form value set 
2022-03-29 18:24:25,613 DEBUG [168073] [] ------------------------------/eccadmin_dev/PasswordChange
2022-03-29 18:24:25,614 DEBUG [168073] [] ------------------------------session_check_true
2022-03-29 18:24:25,614 DEBUG [168073] [] indexAction start
2022-03-29 18:24:25,614 DEBUG [168073] [] admin_no is 1
2022-03-29 18:24:25,666 DEBUG [168073] [] indexAction end
2022-03-29 18:24:25,666 DEBUG [168073] [] PasswordChangeController end
2022-03-29 18:24:25,666 DEBUG [168073] [] finally
