2022-07-04 10:37:56,577 DEBUG [95516] [] Request URI : /eccadmin_dev/Login
2022-07-04 10:37:56,613 DEBUG [95516] [] LoginController start
2022-07-04 10:37:56,613 DEBUG [95516] [] controllers/LoginController.php: is exist
2022-07-04 10:37:56,620 DEBUG [95516] [] LoginForm: is exist
2022-07-04 10:37:56,620 DEBUG [95516] [] LoginForm: form value set 
2022-07-04 10:37:56,620 DEBUG [95516] [] ------------------------------/eccadmin_dev/Login
2022-07-04 10:37:56,621 DEBUG [95516] [] ------------------------------login_start_check
2022-07-04 10:37:56,621 DEBUG [95516] [] indexAction start
2022-07-04 10:37:56,698 DEBUG [95516] [] indexAction end
2022-07-04 10:37:56,698 DEBUG [95516] [] LoginController end
2022-07-04 10:37:56,698 DEBUG [95516] [] finally
2022-07-04 16:30:01,340 DEBUG [101575] [] Request URI : /eccadmin_dev/Login
2022-07-04 16:30:01,341 DEBUG [101575] [] LoginController start
2022-07-04 16:30:01,341 DEBUG [101575] [] controllers/LoginController.php: is exist
2022-07-04 16:30:01,341 DEBUG [101575] [] LoginForm: is exist
2022-07-04 16:30:01,341 DEBUG [101575] [] LoginForm: form value set 
2022-07-04 16:30:01,342 DEBUG [101575] [] ------------------------------/eccadmin_dev/Login
2022-07-04 16:30:01,342 DEBUG [101575] [] ------------------------------login_start_check
2022-07-04 16:30:01,342 DEBUG [101575] [] indexAction start
2022-07-04 16:30:01,376 DEBUG [101575] [] indexAction end
2022-07-04 16:30:01,376 DEBUG [101575] [] LoginController end
2022-07-04 16:30:01,376 DEBUG [101575] [] finally
2022-07-04 16:30:05,049 DEBUG [101595] [] Request URI : /eccadmin_dev/Login/login
2022-07-04 16:30:05,050 DEBUG [101595] [] LoginController start
2022-07-04 16:30:05,050 DEBUG [101595] [] controllers/LoginController.php: is exist
2022-07-04 16:30:05,051 DEBUG [101595] [] LoginForm: is exist
2022-07-04 16:30:05,051 DEBUG [101595] [] LoginForm: form value set 
2022-07-04 16:30:05,051 DEBUG [101595] [] ------------------------------/eccadmin_dev/Login/login
2022-07-04 16:30:05,051 DEBUG [101595] [] ------------------------------login_start_check
2022-07-04 16:30:05,051 DEBUG [101595] [] loginAction start
2022-07-04 16:30:05,379 DEBUG [101595] [] loginAction end
2022-07-04 16:30:05,379 DEBUG [101595] [] LoginController end
2022-07-04 16:30:05,379 DEBUG [101595] [] finally
2022-07-04 16:30:05,396 DEBUG [101595] [] Request URI : /eccadmin_dev/Menu
2022-07-04 16:30:05,397 DEBUG [101595] [] MenuController start
2022-07-04 16:30:05,418 DEBUG [101595] [] controllers/MenuController.php: is exist
2022-07-04 16:30:05,443 DEBUG [101595] [] MenuForm: is exist
2022-07-04 16:30:05,452 DEBUG [101595] [] MenuForm: form value set 
2022-07-04 16:30:05,453 DEBUG [101595] [] ------------------------------/eccadmin_dev/Menu
2022-07-04 16:30:05,453 DEBUG [101595] [] ------------------------------login_start_check
2022-07-04 16:30:05,453 DEBUG [101595] [] indexAction start
2022-07-04 16:30:05,453 DEBUG [101595] [] admin_no is 1
2022-07-04 16:30:05,541 DEBUG [101595] [] indexAction end
2022-07-04 16:30:05,542 DEBUG [101595] [] MenuController end
2022-07-04 16:30:05,542 DEBUG [101595] [] finally
2022-07-04 16:36:20,050 DEBUG [101515] [] Request URI : /eccadmin_dev/ExcelContractList
2022-07-04 16:36:20,050 DEBUG [101515] [] ExcelContractListController start
2022-07-04 16:36:20,050 DEBUG [101515] [] controllers/ExcelContractListController.php: is exist
2022-07-04 16:36:20,185 DEBUG [101515] [] ExcelContractListForm: is exist
2022-07-04 16:36:20,197 DEBUG [101515] [] ExcelContractListForm: form value set 
2022-07-04 16:36:20,198 DEBUG [101515] [] ------------------------------/eccadmin_dev/ExcelContractList
2022-07-04 16:36:20,198 DEBUG [101515] [] indexAction start
2022-07-04 16:36:20,198 DEBUG [101515] [] admin_no is 1
2022-07-04 16:36:20,327 DEBUG [101515] [] indexAction end
2022-07-04 16:36:20,327 DEBUG [101515] [] ExcelContractListController end
2022-07-04 16:36:20,328 DEBUG [101515] [] finally
2022-07-04 17:21:30,034 DEBUG [102293] [] Request URI : /eccadmin_dev/ExcelContractList/show
2022-07-04 17:21:30,038 DEBUG [102293] [] ExcelContractListController start
2022-07-04 17:21:30,038 DEBUG [102293] [] controllers/ExcelContractListController.php: is exist
2022-07-04 17:21:30,050 DEBUG [102293] [] ExcelContractListForm: is exist
2022-07-04 17:21:30,050 DEBUG [102293] [] ExcelContractListForm: form value set 
2022-07-04 17:21:30,050 DEBUG [102293] [] ------------------------------/eccadmin_dev/ExcelContractList/show
2022-07-04 17:21:30,051 DEBUG [102293] [] showAction start
2022-07-04 17:21:30,051 DEBUG [102293] [] admin_no is 1
2022-07-04 17:21:30,094 DEBUG [102293] [] showAction end
2022-07-04 17:21:30,094 DEBUG [102293] [] ExcelContractListController end
2022-07-04 17:21:30,094 DEBUG [102293] [] finally
2022-07-04 17:21:30,119 DEBUG [102293] [] Request URI : /eccadmin_dev/ExcelContractList/viewExcelList
2022-07-04 17:21:30,119 DEBUG [102293] [] ExcelContractListController start
2022-07-04 17:21:30,119 DEBUG [102293] [] controllers/ExcelContractListController.php: is exist
2022-07-04 17:21:30,129 DEBUG [102293] [] ExcelContractListForm: is exist
2022-07-04 17:21:30,130 DEBUG [102293] [] ExcelContractListForm: form value set 
2022-07-04 17:21:30,130 DEBUG [102293] [] ------------------------------/eccadmin_dev/ExcelContractList/viewExcelList
2022-07-04 17:21:30,130 DEBUG [102293] [] viewExcelListAction start
2022-07-04 17:21:30,695 DEBUG [102293] [] viewExcelListAction end
2022-07-04 17:21:30,695 DEBUG [102293] [] ExcelContractListController end
2022-07-04 17:21:30,695 DEBUG [102293] [] finally
2022-07-04 17:23:08,392 DEBUG [102247] [] Request URI : /eccadmin_dev/ExcelContractList/show
2022-07-04 17:23:08,392 DEBUG [102247] [] ExcelContractListController start
2022-07-04 17:23:08,393 DEBUG [102247] [] controllers/ExcelContractListController.php: is exist
2022-07-04 17:23:08,403 DEBUG [102247] [] ExcelContractListForm: is exist
2022-07-04 17:23:08,404 DEBUG [102247] [] ExcelContractListForm: form value set 
2022-07-04 17:23:08,404 DEBUG [102247] [] ------------------------------/eccadmin_dev/ExcelContractList/show
2022-07-04 17:23:08,404 DEBUG [102247] [] showAction start
2022-07-04 17:23:08,404 DEBUG [102247] [] admin_no is 1
2022-07-04 17:23:08,405 DEBUG [102247] [] showAction end
2022-07-04 17:23:08,405 DEBUG [102247] [] ExcelContractListController end
2022-07-04 17:23:08,405 DEBUG [102247] [] finally
2022-07-04 17:23:08,427 DEBUG [102247] [] Request URI : /eccadmin_dev/ExcelContractList/viewExcelList
2022-07-04 17:23:08,427 DEBUG [102247] [] ExcelContractListController start
2022-07-04 17:23:08,427 DEBUG [102247] [] controllers/ExcelContractListController.php: is exist
2022-07-04 17:23:08,436 DEBUG [102247] [] ExcelContractListForm: is exist
2022-07-04 17:23:08,436 DEBUG [102247] [] ExcelContractListForm: form value set 
2022-07-04 17:23:08,437 DEBUG [102247] [] ------------------------------/eccadmin_dev/ExcelContractList/viewExcelList
2022-07-04 17:23:08,437 DEBUG [102247] [] viewExcelListAction start
2022-07-04 17:23:08,696 DEBUG [102247] [] viewExcelListAction end
2022-07-04 17:23:08,696 DEBUG [102247] [] ExcelContractListController end
2022-07-04 17:23:08,696 DEBUG [102247] [] finally
2022-07-04 17:45:33,723 DEBUG [102662] [] Request URI : /eccadmin_dev/ExcelContractList
2022-07-04 17:45:33,724 DEBUG [102662] [] ExcelContractListController start
2022-07-04 17:45:33,724 DEBUG [102662] [] controllers/ExcelContractListController.php: is exist
2022-07-04 17:45:33,735 DEBUG [102662] [] ExcelContractListForm: is exist
2022-07-04 17:45:33,735 DEBUG [102662] [] ExcelContractListForm: form value set 
2022-07-04 17:45:33,736 DEBUG [102662] [] ------------------------------/eccadmin_dev/ExcelContractList
2022-07-04 17:45:33,736 DEBUG [102662] [] indexAction start
2022-07-04 17:45:33,736 DEBUG [102662] [] admin_no is 1
2022-07-04 17:45:33,816 DEBUG [102662] [] indexAction end
2022-07-04 17:45:33,816 DEBUG [102662] [] ExcelContractListController end
2022-07-04 17:45:33,817 DEBUG [102662] [] finally
2022-07-04 17:45:42,724 DEBUG [102517] [] Request URI : /eccadmin_dev/ExcelContractList/show
2022-07-04 17:45:42,725 DEBUG [102517] [] ExcelContractListController start
2022-07-04 17:45:42,725 DEBUG [102517] [] controllers/ExcelContractListController.php: is exist
2022-07-04 17:45:42,734 DEBUG [102517] [] ExcelContractListForm: is exist
2022-07-04 17:45:42,734 DEBUG [102517] [] ExcelContractListForm: form value set 
2022-07-04 17:45:42,735 DEBUG [102517] [] ------------------------------/eccadmin_dev/ExcelContractList/show
2022-07-04 17:45:42,735 DEBUG [102517] [] showAction start
2022-07-04 17:45:42,735 DEBUG [102517] [] admin_no is 1
2022-07-04 17:45:42,735 DEBUG [102517] [] showAction end
2022-07-04 17:45:42,735 DEBUG [102517] [] ExcelContractListController end
2022-07-04 17:45:42,735 DEBUG [102517] [] finally
2022-07-04 17:45:42,752 DEBUG [102517] [] Request URI : /eccadmin_dev/ExcelContractList/viewExcelList
2022-07-04 17:45:42,753 DEBUG [102517] [] ExcelContractListController start
2022-07-04 17:45:42,753 DEBUG [102517] [] controllers/ExcelContractListController.php: is exist
2022-07-04 17:45:42,761 DEBUG [102517] [] ExcelContractListForm: is exist
2022-07-04 17:45:42,761 DEBUG [102517] [] ExcelContractListForm: form value set 
2022-07-04 17:45:42,761 DEBUG [102517] [] ------------------------------/eccadmin_dev/ExcelContractList/viewExcelList
2022-07-04 17:45:42,761 DEBUG [102517] [] viewExcelListAction start
2022-07-04 17:45:43,162 DEBUG [102517] [] viewExcelListAction end
2022-07-04 17:45:43,162 DEBUG [102517] [] ExcelContractListController end
2022-07-04 17:45:43,162 DEBUG [102517] [] finally
2022-07-04 17:46:48,790 DEBUG [102553] [] Request URI : /eccadmin_dev/ExcelContractList/show
2022-07-04 17:46:48,790 DEBUG [102553] [] ExcelContractListController start
2022-07-04 17:46:48,791 DEBUG [102553] [] controllers/ExcelContractListController.php: is exist
2022-07-04 17:46:48,802 DEBUG [102553] [] ExcelContractListForm: is exist
2022-07-04 17:46:48,802 DEBUG [102553] [] ExcelContractListForm: form value set 
2022-07-04 17:46:48,803 DEBUG [102553] [] ------------------------------/eccadmin_dev/ExcelContractList/show
2022-07-04 17:46:48,803 DEBUG [102553] [] showAction start
2022-07-04 17:46:48,803 DEBUG [102553] [] admin_no is 1
2022-07-04 17:46:48,804 DEBUG [102553] [] showAction end
2022-07-04 17:46:48,804 DEBUG [102553] [] ExcelContractListController end
2022-07-04 17:46:48,804 DEBUG [102553] [] finally
2022-07-04 17:46:48,821 DEBUG [102553] [] Request URI : /eccadmin_dev/ExcelContractList/viewExcelList
2022-07-04 17:46:48,822 DEBUG [102553] [] ExcelContractListController start
2022-07-04 17:46:48,822 DEBUG [102553] [] controllers/ExcelContractListController.php: is exist
2022-07-04 17:46:48,831 DEBUG [102553] [] ExcelContractListForm: is exist
2022-07-04 17:46:48,831 DEBUG [102553] [] ExcelContractListForm: form value set 
2022-07-04 17:46:48,832 DEBUG [102553] [] ------------------------------/eccadmin_dev/ExcelContractList/viewExcelList
2022-07-04 17:46:48,832 DEBUG [102553] [] viewExcelListAction start
2022-07-04 17:46:49,182 DEBUG [102553] [] viewExcelListAction end
2022-07-04 17:46:49,182 DEBUG [102553] [] ExcelContractListController end
2022-07-04 17:46:49,182 DEBUG [102553] [] finally
2022-07-04 18:26:26,092 DEBUG [103337] [] Request URI : /eccadmin_dev/ExcelContractList/show
2022-07-04 18:26:26,093 DEBUG [103337] [] ExcelContractListController start
2022-07-04 18:26:26,093 DEBUG [103337] [] controllers/ExcelContractListController.php: is exist
2022-07-04 18:26:26,103 DEBUG [103337] [] ExcelContractListForm: is exist
2022-07-04 18:26:26,103 DEBUG [103337] [] ExcelContractListForm: form value set 
2022-07-04 18:26:26,104 DEBUG [103337] [] ------------------------------/eccadmin_dev/ExcelContractList/show
2022-07-04 18:26:26,104 DEBUG [103337] [] showAction start
2022-07-04 18:26:26,104 DEBUG [103337] [] admin_no is 
2022-07-04 18:26:26,104 DEBUG [103337] [] showAction end
2022-07-04 18:26:26,104 DEBUG [103337] [] ExcelContractListController end
2022-07-04 18:26:26,104 DEBUG [103337] [] finally
2022-07-04 18:26:26,131 DEBUG [103337] [] Request URI : /eccadmin_dev/Error/disp
2022-07-04 18:26:26,131 DEBUG [103337] [] ErrorController start
2022-07-04 18:26:26,131 DEBUG [103337] [] controllers/ErrorController.php: is exist
2022-07-04 18:26:26,153 DEBUG [103337] [] ErrorForm: is exist
2022-07-04 18:26:26,162 DEBUG [103337] [] ErrorForm: form value set 
2022-07-04 18:26:26,162 DEBUG [103337] [] ------------------------------/eccadmin_dev/Error/disp
2022-07-04 18:26:26,162 DEBUG [103337] [] ------------------------------login_start_check
2022-07-04 18:26:26,162 DEBUG [103337] [] dispAction start
2022-07-04 18:26:26,200 DEBUG [103337] [] dispAction end
2022-07-04 18:26:26,200 DEBUG [103337] [] ErrorController end
2022-07-04 18:26:26,200 DEBUG [103337] [] finally
2022-07-04 18:26:27,542 DEBUG [103337] [] Request URI : /eccadmin_dev/Login
2022-07-04 18:26:27,543 DEBUG [103337] [] LoginController start
2022-07-04 18:26:27,543 DEBUG [103337] [] controllers/LoginController.php: is exist
2022-07-04 18:26:27,543 DEBUG [103337] [] LoginForm: is exist
2022-07-04 18:26:27,543 DEBUG [103337] [] LoginForm: form value set 
2022-07-04 18:26:27,544 DEBUG [103337] [] ------------------------------/eccadmin_dev/Login
2022-07-04 18:26:27,544 DEBUG [103337] [] ------------------------------login_start_check
2022-07-04 18:26:27,544 DEBUG [103337] [] indexAction start
2022-07-04 18:26:27,559 DEBUG [103337] [] indexAction end
2022-07-04 18:26:27,559 DEBUG [103337] [] LoginController end
2022-07-04 18:26:27,559 DEBUG [103337] [] finally
2022-07-04 18:26:32,469 DEBUG [103337] [] Request URI : /eccadmin_dev/Login/login
2022-07-04 18:26:32,469 DEBUG [103337] [] LoginController start
2022-07-04 18:26:32,469 DEBUG [103337] [] controllers/LoginController.php: is exist
2022-07-04 18:26:32,470 DEBUG [103337] [] LoginForm: is exist
2022-07-04 18:26:32,470 DEBUG [103337] [] LoginForm: form value set 
2022-07-04 18:26:32,470 DEBUG [103337] [] ------------------------------/eccadmin_dev/Login/login
2022-07-04 18:26:32,470 DEBUG [103337] [] ------------------------------login_start_check
2022-07-04 18:26:32,471 DEBUG [103337] [] loginAction start
2022-07-04 18:26:32,786 DEBUG [103337] [] loginAction end
2022-07-04 18:26:32,786 DEBUG [103337] [] LoginController end
2022-07-04 18:26:32,786 DEBUG [103337] [] finally
2022-07-04 18:26:32,809 DEBUG [103337] [] Request URI : /eccadmin_dev/Menu
2022-07-04 18:26:32,809 DEBUG [103337] [] MenuController start
2022-07-04 18:26:32,810 DEBUG [103337] [] controllers/MenuController.php: is exist
2022-07-04 18:26:32,810 DEBUG [103337] [] MenuForm: is exist
2022-07-04 18:26:32,810 DEBUG [103337] [] MenuForm: form value set 
2022-07-04 18:26:32,811 DEBUG [103337] [] ------------------------------/eccadmin_dev/Menu
2022-07-04 18:26:32,811 DEBUG [103337] [] ------------------------------login_start_check
2022-07-04 18:26:32,811 DEBUG [103337] [] indexAction start
2022-07-04 18:26:32,811 DEBUG [103337] [] admin_no is 1
2022-07-04 18:26:32,866 DEBUG [103337] [] indexAction end
2022-07-04 18:26:32,866 DEBUG [103337] [] MenuController end
2022-07-04 18:26:32,866 DEBUG [103337] [] finally
2022-07-04 18:26:41,389 DEBUG [103344] [] Request URI : /eccadmin_dev/ExcelContractList
2022-07-04 18:26:41,393 DEBUG [103344] [] ExcelContractListController start
2022-07-04 18:26:41,393 DEBUG [103344] [] controllers/ExcelContractListController.php: is exist
2022-07-04 18:26:41,405 DEBUG [103344] [] ExcelContractListForm: is exist
2022-07-04 18:26:41,405 DEBUG [103344] [] ExcelContractListForm: form value set 
2022-07-04 18:26:41,406 DEBUG [103344] [] ------------------------------/eccadmin_dev/ExcelContractList
2022-07-04 18:26:41,406 DEBUG [103344] [] indexAction start
2022-07-04 18:26:41,406 DEBUG [103344] [] admin_no is 1
2022-07-04 18:26:41,486 DEBUG [103344] [] indexAction end
2022-07-04 18:26:41,486 DEBUG [103344] [] ExcelContractListController end
2022-07-04 18:26:41,486 DEBUG [103344] [] finally
2022-07-04 18:26:47,377 DEBUG [103342] [] Request URI : /eccadmin_dev/ExcelContractList/show
2022-07-04 18:26:47,378 DEBUG [103342] [] ExcelContractListController start
2022-07-04 18:26:47,378 DEBUG [103342] [] controllers/ExcelContractListController.php: is exist
2022-07-04 18:26:47,388 DEBUG [103342] [] ExcelContractListForm: is exist
2022-07-04 18:26:47,389 DEBUG [103342] [] ExcelContractListForm: form value set 
2022-07-04 18:26:47,389 DEBUG [103342] [] ------------------------------/eccadmin_dev/ExcelContractList/show
2022-07-04 18:26:47,389 DEBUG [103342] [] showAction start
2022-07-04 18:26:47,390 DEBUG [103342] [] admin_no is 1
2022-07-04 18:26:47,390 DEBUG [103342] [] showAction end
2022-07-04 18:26:47,390 DEBUG [103342] [] ExcelContractListController end
2022-07-04 18:26:47,390 DEBUG [103342] [] finally
2022-07-04 18:26:47,413 DEBUG [103342] [] Request URI : /eccadmin_dev/ExcelContractList/viewExcelList
2022-07-04 18:26:47,413 DEBUG [103342] [] ExcelContractListController start
2022-07-04 18:26:47,413 DEBUG [103342] [] controllers/ExcelContractListController.php: is exist
2022-07-04 18:26:47,423 DEBUG [103342] [] ExcelContractListForm: is exist
2022-07-04 18:26:47,423 DEBUG [103342] [] ExcelContractListForm: form value set 
2022-07-04 18:26:47,424 DEBUG [103342] [] ------------------------------/eccadmin_dev/ExcelContractList/viewExcelList
2022-07-04 18:26:47,424 DEBUG [103342] [] viewExcelListAction start
2022-07-04 18:26:47,783 DEBUG [103342] [] viewExcelListAction end
2022-07-04 18:26:47,783 DEBUG [103342] [] ExcelContractListController end
2022-07-04 18:26:47,783 DEBUG [103342] [] finally
2022-07-04 18:27:42,127 DEBUG [103344] [] Request URI : /eccadmin_dev/ExcelContractList/show
2022-07-04 18:27:42,128 DEBUG [103344] [] ExcelContractListController start
2022-07-04 18:27:42,128 DEBUG [103344] [] controllers/ExcelContractListController.php: is exist
2022-07-04 18:27:42,138 DEBUG [103344] [] ExcelContractListForm: is exist
2022-07-04 18:27:42,139 DEBUG [103344] [] ExcelContractListForm: form value set 
2022-07-04 18:27:42,139 DEBUG [103344] [] ------------------------------/eccadmin_dev/ExcelContractList/show
2022-07-04 18:27:42,139 DEBUG [103344] [] showAction start
2022-07-04 18:27:42,139 DEBUG [103344] [] admin_no is 1
2022-07-04 18:27:42,140 DEBUG [103344] [] showAction end
2022-07-04 18:27:42,140 DEBUG [103344] [] ExcelContractListController end
2022-07-04 18:27:42,140 DEBUG [103344] [] finally
2022-07-04 18:27:42,163 DEBUG [103344] [] Request URI : /eccadmin_dev/ExcelContractList/viewExcelList
2022-07-04 18:27:42,163 DEBUG [103344] [] ExcelContractListController start
2022-07-04 18:27:42,163 DEBUG [103344] [] controllers/ExcelContractListController.php: is exist
2022-07-04 18:27:42,173 DEBUG [103344] [] ExcelContractListForm: is exist
2022-07-04 18:27:42,174 DEBUG [103344] [] ExcelContractListForm: form value set 
2022-07-04 18:27:42,174 DEBUG [103344] [] ------------------------------/eccadmin_dev/ExcelContractList/viewExcelList
2022-07-04 18:27:42,174 DEBUG [103344] [] viewExcelListAction start
2022-07-04 18:27:42,543 DEBUG [103344] [] viewExcelListAction end
2022-07-04 18:27:42,543 DEBUG [103344] [] ExcelContractListController end
2022-07-04 18:27:42,543 DEBUG [103344] [] finally
2022-07-04 18:41:22,504 DEBUG [103434] [] Request URI : /eccadmin_dev/ExcelContractList
2022-07-04 18:41:22,508 DEBUG [103434] [] ExcelContractListController start
2022-07-04 18:41:22,508 DEBUG [103434] [] controllers/ExcelContractListController.php: is exist
2022-07-04 18:41:22,520 DEBUG [103434] [] ExcelContractListForm: is exist
2022-07-04 18:41:22,520 DEBUG [103434] [] ExcelContractListForm: form value set 
2022-07-04 18:41:22,521 DEBUG [103434] [] ------------------------------/eccadmin_dev/ExcelContractList
2022-07-04 18:41:22,521 DEBUG [103434] [] indexAction start
2022-07-04 18:41:22,521 DEBUG [103434] [] admin_no is 1
2022-07-04 18:41:22,601 DEBUG [103434] [] indexAction end
2022-07-04 18:41:22,601 DEBUG [103434] [] ExcelContractListController end
2022-07-04 18:41:22,601 DEBUG [103434] [] finally
2022-07-04 18:41:29,506 DEBUG [103351] [] Request URI : /eccadmin_dev/ExcelContractList/show
2022-07-04 18:41:29,507 DEBUG [103351] [] ExcelContractListController start
2022-07-04 18:41:29,507 DEBUG [103351] [] controllers/ExcelContractListController.php: is exist
2022-07-04 18:41:29,517 DEBUG [103351] [] ExcelContractListForm: is exist
2022-07-04 18:41:29,517 DEBUG [103351] [] ExcelContractListForm: form value set 
2022-07-04 18:41:29,518 DEBUG [103351] [] ------------------------------/eccadmin_dev/ExcelContractList/show
2022-07-04 18:41:29,518 DEBUG [103351] [] showAction start
2022-07-04 18:41:29,518 DEBUG [103351] [] admin_no is 1
2022-07-04 18:41:29,519 DEBUG [103351] [] showAction end
2022-07-04 18:41:29,519 DEBUG [103351] [] ExcelContractListController end
2022-07-04 18:41:29,519 DEBUG [103351] [] finally
2022-07-04 18:41:29,542 DEBUG [103351] [] Request URI : /eccadmin_dev/ExcelContractList/viewExcelList
2022-07-04 18:41:29,542 DEBUG [103351] [] ExcelContractListController start
2022-07-04 18:41:29,542 DEBUG [103351] [] controllers/ExcelContractListController.php: is exist
2022-07-04 18:41:29,553 DEBUG [103351] [] ExcelContractListForm: is exist
2022-07-04 18:41:29,553 DEBUG [103351] [] ExcelContractListForm: form value set 
2022-07-04 18:41:29,554 DEBUG [103351] [] ------------------------------/eccadmin_dev/ExcelContractList/viewExcelList
2022-07-04 18:41:29,554 DEBUG [103351] [] viewExcelListAction start
2022-07-04 18:41:29,918 DEBUG [103351] [] viewExcelListAction end
2022-07-04 18:41:29,918 DEBUG [103351] [] ExcelContractListController end
2022-07-04 18:41:29,919 DEBUG [103351] [] finally
2022-07-04 18:45:28,793 DEBUG [103380] [] Request URI : /eccadmin_dev/ExcelContractList/show
2022-07-04 18:45:28,793 DEBUG [103380] [] ExcelContractListController start
2022-07-04 18:45:28,793 DEBUG [103380] [] controllers/ExcelContractListController.php: is exist
2022-07-04 18:45:28,804 DEBUG [103380] [] ExcelContractListForm: is exist
2022-07-04 18:45:28,804 DEBUG [103380] [] ExcelContractListForm: form value set 
2022-07-04 18:45:28,805 DEBUG [103380] [] ------------------------------/eccadmin_dev/ExcelContractList/show
2022-07-04 18:45:28,805 DEBUG [103380] [] showAction start
2022-07-04 18:45:28,805 DEBUG [103380] [] admin_no is 1
2022-07-04 18:45:28,805 DEBUG [103380] [] showAction end
2022-07-04 18:45:28,805 DEBUG [103380] [] ExcelContractListController end
2022-07-04 18:45:28,806 DEBUG [103380] [] finally
2022-07-04 18:45:28,823 DEBUG [103380] [] Request URI : /eccadmin_dev/ExcelContractList/viewExcelList
2022-07-04 18:45:28,823 DEBUG [103380] [] ExcelContractListController start
2022-07-04 18:45:28,823 DEBUG [103380] [] controllers/ExcelContractListController.php: is exist
2022-07-04 18:45:28,833 DEBUG [103380] [] ExcelContractListForm: is exist
2022-07-04 18:45:28,833 DEBUG [103380] [] ExcelContractListForm: form value set 
2022-07-04 18:45:28,834 DEBUG [103380] [] ------------------------------/eccadmin_dev/ExcelContractList/viewExcelList
2022-07-04 18:45:28,834 DEBUG [103380] [] viewExcelListAction start
2022-07-04 18:45:29,186 DEBUG [103380] [] viewExcelListAction end
2022-07-04 18:45:29,186 DEBUG [103380] [] ExcelContractListController end
2022-07-04 18:45:29,186 DEBUG [103380] [] finally
2022-07-04 18:49:56,928 DEBUG [103455] [] Request URI : /eccadmin_dev/ExcelContractList/show
2022-07-04 18:49:56,929 DEBUG [103455] [] ExcelContractListController start
2022-07-04 18:49:56,929 DEBUG [103455] [] controllers/ExcelContractListController.php: is exist
2022-07-04 18:49:56,939 DEBUG [103455] [] ExcelContractListForm: is exist
2022-07-04 18:49:56,939 DEBUG [103455] [] ExcelContractListForm: form value set 
2022-07-04 18:49:56,940 DEBUG [103455] [] ------------------------------/eccadmin_dev/ExcelContractList/show
2022-07-04 18:49:56,940 DEBUG [103455] [] showAction start
2022-07-04 18:49:56,940 DEBUG [103455] [] admin_no is 1
2022-07-04 18:49:56,940 DEBUG [103455] [] showAction end
2022-07-04 18:49:56,940 DEBUG [103455] [] ExcelContractListController end
2022-07-04 18:49:56,941 DEBUG [103455] [] finally
2022-07-04 18:49:56,964 DEBUG [103455] [] Request URI : /eccadmin_dev/ExcelContractList/viewExcelList
2022-07-04 18:49:56,965 DEBUG [103455] [] ExcelContractListController start
2022-07-04 18:49:56,965 DEBUG [103455] [] controllers/ExcelContractListController.php: is exist
2022-07-04 18:49:56,976 DEBUG [103455] [] ExcelContractListForm: is exist
2022-07-04 18:49:56,976 DEBUG [103455] [] ExcelContractListForm: form value set 
2022-07-04 18:49:56,977 DEBUG [103455] [] ------------------------------/eccadmin_dev/ExcelContractList/viewExcelList
2022-07-04 18:49:56,977 DEBUG [103455] [] viewExcelListAction start
2022-07-04 18:49:57,261 DEBUG [103455] [] viewExcelListAction end
2022-07-04 18:49:57,261 DEBUG [103455] [] ExcelContractListController end
2022-07-04 18:49:57,261 DEBUG [103455] [] finally
2022-07-04 18:50:04,393 DEBUG [103467] [] Request URI : /eccadmin_dev/ExcelContractList/show
2022-07-04 18:50:04,394 DEBUG [103467] [] ExcelContractListController start
2022-07-04 18:50:04,394 DEBUG [103467] [] controllers/ExcelContractListController.php: is exist
2022-07-04 18:50:04,404 DEBUG [103467] [] ExcelContractListForm: is exist
2022-07-04 18:50:04,405 DEBUG [103467] [] ExcelContractListForm: form value set 
2022-07-04 18:50:04,405 DEBUG [103467] [] ------------------------------/eccadmin_dev/ExcelContractList/show
2022-07-04 18:50:04,405 DEBUG [103467] [] showAction start
2022-07-04 18:50:04,406 DEBUG [103467] [] admin_no is 1
2022-07-04 18:50:04,406 DEBUG [103467] [] showAction end
2022-07-04 18:50:04,406 DEBUG [103467] [] ExcelContractListController end
2022-07-04 18:50:04,406 DEBUG [103467] [] finally
2022-07-04 18:50:04,430 DEBUG [103467] [] Request URI : /eccadmin_dev/ExcelContractList/viewExcelList
2022-07-04 18:50:04,430 DEBUG [103467] [] ExcelContractListController start
2022-07-04 18:50:04,430 DEBUG [103467] [] controllers/ExcelContractListController.php: is exist
2022-07-04 18:50:04,440 DEBUG [103467] [] ExcelContractListForm: is exist
2022-07-04 18:50:04,440 DEBUG [103467] [] ExcelContractListForm: form value set 
2022-07-04 18:50:04,440 DEBUG [103467] [] ------------------------------/eccadmin_dev/ExcelContractList/viewExcelList
2022-07-04 18:50:04,440 DEBUG [103467] [] viewExcelListAction start
2022-07-04 18:50:04,719 DEBUG [103467] [] viewExcelListAction end
2022-07-04 18:50:04,719 DEBUG [103467] [] ExcelContractListController end
2022-07-04 18:50:04,719 DEBUG [103467] [] finally
2022-07-04 18:51:10,411 DEBUG [103325] [] Request URI : /eccadmin_dev/ExcelContractList/show
2022-07-04 18:51:10,412 DEBUG [103325] [] ExcelContractListController start
2022-07-04 18:51:10,412 DEBUG [103325] [] controllers/ExcelContractListController.php: is exist
2022-07-04 18:51:10,423 DEBUG [103325] [] ExcelContractListForm: is exist
2022-07-04 18:51:10,423 DEBUG [103325] [] ExcelContractListForm: form value set 
2022-07-04 18:51:10,423 DEBUG [103325] [] ------------------------------/eccadmin_dev/ExcelContractList/show
2022-07-04 18:51:10,423 DEBUG [103325] [] showAction start
2022-07-04 18:51:10,424 DEBUG [103325] [] admin_no is 1
2022-07-04 18:51:10,424 DEBUG [103325] [] showAction end
2022-07-04 18:51:10,424 DEBUG [103325] [] ExcelContractListController end
2022-07-04 18:51:10,424 DEBUG [103325] [] finally
2022-07-04 18:51:10,446 DEBUG [103325] [] Request URI : /eccadmin_dev/ExcelContractList/viewExcelList
2022-07-04 18:51:10,446 DEBUG [103325] [] ExcelContractListController start
2022-07-04 18:51:10,446 DEBUG [103325] [] controllers/ExcelContractListController.php: is exist
2022-07-04 18:51:10,455 DEBUG [103325] [] ExcelContractListForm: is exist
2022-07-04 18:51:10,455 DEBUG [103325] [] ExcelContractListForm: form value set 
2022-07-04 18:51:10,456 DEBUG [103325] [] ------------------------------/eccadmin_dev/ExcelContractList/viewExcelList
2022-07-04 18:51:10,456 DEBUG [103325] [] viewExcelListAction start
2022-07-04 18:51:10,826 DEBUG [103325] [] viewExcelListAction end
2022-07-04 18:51:10,826 DEBUG [103325] [] ExcelContractListController end
2022-07-04 18:51:10,826 DEBUG [103325] [] finally
