2022-10-11 11:28:59,499 DEBUG [158101] [] Request URI : /eccadmin_dev/Login
2022-10-11 11:28:59,535 DEBUG [158101] [] LoginController start
2022-10-11 11:28:59,535 DEBUG [158101] [] controllers/LoginController.php: is exist
2022-10-11 11:28:59,541 DEBUG [158101] [] LoginForm: is exist
2022-10-11 11:28:59,541 DEBUG [158101] [] LoginForm: form value set 
2022-10-11 11:28:59,541 DEBUG [158101] [] ------------------------------/eccadmin_dev/Login
2022-10-11 11:28:59,542 DEBUG [158101] [] ------------------------------login_start_check
2022-10-11 11:28:59,542 DEBUG [158101] [] indexAction start
2022-10-11 11:28:59,622 DEBUG [158101] [] indexAction end
2022-10-11 11:28:59,622 DEBUG [158101] [] LoginController end
2022-10-11 11:28:59,622 DEBUG [158101] [] finally
2022-10-11 17:33:51,631 DEBUG [162174] [] Request URI : /eccadmin_dev/Login
2022-10-11 17:33:51,632 DEBUG [162174] [] LoginController start
2022-10-11 17:33:51,632 DEBUG [162174] [] controllers/LoginController.php: is exist
2022-10-11 17:33:51,632 DEBUG [162174] [] LoginForm: is exist
2022-10-11 17:33:51,632 DEBUG [162174] [] LoginForm: form value set 
2022-10-11 17:33:51,633 DEBUG [162174] [] ------------------------------/eccadmin_dev/Login
2022-10-11 17:33:51,633 DEBUG [162174] [] ------------------------------login_start_check
2022-10-11 17:33:51,633 DEBUG [162174] [] indexAction start
2022-10-11 17:33:51,648 DEBUG [162174] [] indexAction end
2022-10-11 17:33:51,648 DEBUG [162174] [] LoginController end
2022-10-11 17:33:51,649 DEBUG [162174] [] finally
2022-10-11 17:33:57,107 DEBUG [162175] [] Request URI : /eccadmin_dev/Login/login
2022-10-11 17:33:57,107 DEBUG [162175] [] LoginController start
2022-10-11 17:33:57,107 DEBUG [162175] [] controllers/LoginController.php: is exist
2022-10-11 17:33:57,108 DEBUG [162175] [] LoginForm: is exist
2022-10-11 17:33:57,108 DEBUG [162175] [] LoginForm: form value set 
2022-10-11 17:33:57,108 DEBUG [162175] [] ------------------------------/eccadmin_dev/Login/login
2022-10-11 17:33:57,108 DEBUG [162175] [] ------------------------------login_start_check
2022-10-11 17:33:57,109 DEBUG [162175] [] loginAction start
2022-10-11 17:33:57,125 DEBUG [162175] [] loginAction end
2022-10-11 17:33:57,125 DEBUG [162175] [] LoginController end
2022-10-11 17:33:57,125 DEBUG [162175] [] finally
2022-10-11 17:34:05,719 DEBUG [162131] [] Request URI : /eccadmin_dev/Login/login
2022-10-11 17:34:05,720 DEBUG [162131] [] LoginController start
2022-10-11 17:34:05,720 DEBUG [162131] [] controllers/LoginController.php: is exist
2022-10-11 17:34:05,720 DEBUG [162131] [] LoginForm: is exist
2022-10-11 17:34:05,720 DEBUG [162131] [] LoginForm: form value set 
2022-10-11 17:34:05,721 DEBUG [162131] [] ------------------------------/eccadmin_dev/Login/login
2022-10-11 17:34:05,721 DEBUG [162131] [] ------------------------------login_start_check
2022-10-11 17:34:05,721 DEBUG [162131] [] loginAction start
2022-10-11 17:34:05,735 DEBUG [162131] [] loginAction end
2022-10-11 17:34:05,735 DEBUG [162131] [] LoginController end
2022-10-11 17:34:05,735 DEBUG [162131] [] finally
