2022-07-07 18:51:27,286 DEBUG [159929] [] Request URI : /eccadmin_dev/Login
2022-07-07 18:51:27,323 DEBUG [159929] [] LoginController start
2022-07-07 18:51:27,323 DEBUG [159929] [] controllers/LoginController.php: is exist
2022-07-07 18:51:27,323 DEBUG [159929] [] LoginForm: is exist
2022-07-07 18:51:27,323 DEBUG [159929] [] LoginForm: form value set 
2022-07-07 18:51:27,324 DEBUG [159929] [] ------------------------------/eccadmin_dev/Login
2022-07-07 18:51:27,324 DEBUG [159929] [] ------------------------------login_start_check
2022-07-07 18:51:27,324 DEBUG [159929] [] indexAction start
2022-07-07 18:51:27,351 DEBUG [159929] [] indexAction end
2022-07-07 18:51:27,351 DEBUG [159929] [] LoginController end
2022-07-07 18:51:27,352 DEBUG [159929] [] finally
2022-07-07 18:51:29,774 DEBUG [159929] [] Request URI : /eccadmin_dev/Login/login
2022-07-07 18:51:29,775 DEBUG [159929] [] LoginController start
2022-07-07 18:51:29,775 DEBUG [159929] [] controllers/LoginController.php: is exist
2022-07-07 18:51:29,775 DEBUG [159929] [] LoginForm: is exist
2022-07-07 18:51:29,776 DEBUG [159929] [] LoginForm: form value set 
2022-07-07 18:51:29,776 DEBUG [159929] [] ------------------------------/eccadmin_dev/Login/login
2022-07-07 18:51:29,776 DEBUG [159929] [] ------------------------------login_start_check
2022-07-07 18:51:29,776 DEBUG [159929] [] loginAction start
2022-07-07 18:51:30,042 DEBUG [159929] [] loginAction end
2022-07-07 18:51:30,042 DEBUG [159929] [] LoginController end
2022-07-07 18:51:30,043 DEBUG [159929] [] finally
2022-07-07 18:51:30,223 DEBUG [159929] [] Request URI : /eccadmin_dev/Menu
2022-07-07 18:51:30,224 DEBUG [159929] [] MenuController start
2022-07-07 18:51:30,224 DEBUG [159929] [] controllers/MenuController.php: is exist
2022-07-07 18:51:30,226 DEBUG [159929] [] MenuForm: is exist
2022-07-07 18:51:30,226 DEBUG [159929] [] MenuForm: form value set 
2022-07-07 18:51:30,226 DEBUG [159929] [] ------------------------------/eccadmin_dev/Menu
2022-07-07 18:51:30,226 DEBUG [159929] [] ------------------------------login_start_check
2022-07-07 18:51:30,227 DEBUG [159929] [] indexAction start
2022-07-07 18:51:30,227 DEBUG [159929] [] admin_no is 1
2022-07-07 18:51:30,293 DEBUG [159929] [] indexAction end
2022-07-07 18:51:30,293 DEBUG [159929] [] MenuController end
2022-07-07 18:51:30,293 DEBUG [159929] [] finally
2022-07-07 18:51:35,266 DEBUG [159932] [] Request URI : /eccadmin_dev/WordBookList
2022-07-07 18:51:35,266 DEBUG [159932] [] WordBookListController start
2022-07-07 18:51:35,267 DEBUG [159932] [] controllers/WordBookListController.php: is exist
2022-07-07 18:51:35,269 DEBUG [159932] [] WordBookListForm: is exist
2022-07-07 18:51:35,269 DEBUG [159932] [] WordBookListForm: form value set 
2022-07-07 18:51:35,269 DEBUG [159932] [] ------------------------------/eccadmin_dev/WordBookList
2022-07-07 18:51:35,270 DEBUG [159932] [] indexAction start
2022-07-07 18:51:35,270 DEBUG [159932] [] admin_no is 1
2022-07-07 18:51:35,370 DEBUG [159932] [] indexAction end
2022-07-07 18:51:35,370 DEBUG [159932] [] WordBookListController end
2022-07-07 18:51:35,370 DEBUG [159932] [] finally
2022-07-07 18:51:41,073 DEBUG [159962] [] Request URI : /eccadmin_dev/WordBookWord/index
2022-07-07 18:51:41,077 DEBUG [159962] [] WordBookWordController start
2022-07-07 18:51:41,077 DEBUG [159962] [] controllers/WordBookWordController.php: is exist
2022-07-07 18:52:25,048 DEBUG [159766] [] Request URI : /eccadmin_dev/Menu
2022-07-07 18:52:25,049 DEBUG [159766] [] MenuController start
2022-07-07 18:52:25,049 DEBUG [159766] [] controllers/MenuController.php: is exist
2022-07-07 18:52:25,050 DEBUG [159766] [] MenuForm: is exist
2022-07-07 18:52:25,050 DEBUG [159766] [] MenuForm: form value set 
2022-07-07 18:52:25,051 DEBUG [159766] [] ------------------------------/eccadmin_dev/Menu
2022-07-07 18:52:25,051 DEBUG [159766] [] ------------------------------login_start_check
2022-07-07 18:52:25,051 DEBUG [159766] [] indexAction start
2022-07-07 18:52:25,051 DEBUG [159766] [] admin_no is 1
2022-07-07 18:52:25,093 DEBUG [159766] [] indexAction end
2022-07-07 18:52:25,093 DEBUG [159766] [] MenuController end
2022-07-07 18:52:25,093 DEBUG [159766] [] finally
2022-07-07 18:52:28,819 DEBUG [159977] [] Request URI : /eccadmin_dev/WordBookList
2022-07-07 18:52:28,823 DEBUG [159977] [] WordBookListController start
2022-07-07 18:52:28,823 DEBUG [159977] [] controllers/WordBookListController.php: is exist
2022-07-07 18:52:28,825 DEBUG [159977] [] WordBookListForm: is exist
2022-07-07 18:52:28,825 DEBUG [159977] [] WordBookListForm: form value set 
2022-07-07 18:52:28,826 DEBUG [159977] [] ------------------------------/eccadmin_dev/WordBookList
2022-07-07 18:52:28,826 DEBUG [159977] [] indexAction start
2022-07-07 18:52:28,826 DEBUG [159977] [] admin_no is 1
2022-07-07 18:52:28,895 DEBUG [159977] [] indexAction end
2022-07-07 18:52:28,895 DEBUG [159977] [] WordBookListController end
2022-07-07 18:52:28,895 DEBUG [159977] [] finally
2022-07-07 18:52:31,629 DEBUG [159977] [] Request URI : /eccadmin_dev/WordBookWord/index
2022-07-07 18:52:31,629 DEBUG [159977] [] WordBookWordController start
2022-07-07 18:52:31,629 DEBUG [159977] [] controllers/WordBookWordController.php: is exist
2022-07-07 18:52:31,633 DEBUG [159977] [] WordBookWordForm: is exist
2022-07-07 18:52:31,633 DEBUG [159977] [] WordBookWordForm: form value set 
2022-07-07 18:52:31,634 DEBUG [159977] [] ------------------------------/eccadmin_dev/WordBookWord/index
2022-07-07 18:52:31,634 DEBUG [159977] [] ------------------------------session_check_true
2022-07-07 18:52:31,634 DEBUG [159977] [] indexAction start
2022-07-07 18:52:31,634 DEBUG [159977] [] admin_no is 1
2022-07-07 18:52:31,635 DEBUG [159977] [] unselectedSELECT  tw.org_no ,tw.word_id  ,tw.word  ,tw.translation  FROM T_WORD as tw  WHERE  tw.org_no=:org_no  AND tw.del_flg ='0'  ORDER BY  tw.org_no,tw.word_id ASC
2022-07-07 18:52:31,729 DEBUG [159977] [] indexAction end
2022-07-07 18:52:31,729 DEBUG [159977] [] WordBookWordController end
2022-07-07 18:52:31,729 DEBUG [159977] [] finally
2022-07-07 18:52:33,610 DEBUG [159981] [] Request URI : /eccadmin_dev/WordBookWord/vocubRegist
2022-07-07 18:52:33,614 DEBUG [159981] [] WordBookWordController start
2022-07-07 18:52:33,614 DEBUG [159981] [] controllers/WordBookWordController.php: is exist
2022-07-07 18:52:33,618 DEBUG [159981] [] WordBookWordForm: is exist
2022-07-07 18:52:33,619 DEBUG [159981] [] WordBookWordForm: form value set 
2022-07-07 18:52:33,619 DEBUG [159981] [] ------------------------------/eccadmin_dev/WordBookWord/vocubRegist
2022-07-07 18:52:33,619 DEBUG [159981] [] ------------------------------session_check_true
2022-07-07 18:52:33,619 DEBUG [159981] [] vocubRegistAction start
2022-07-07 18:52:33,623 DEBUG [159981] [] INSERT INTO  T_WORDBOOK_WORD (org_no,wordbook_id,word_id,disp_no,creater_id,updater_id,del_flg,create_dt,update_dt ) VALUES ( :org_no,:wordbook_id,:word_id,:disp_no,:creater_id,:updater_id,:del_flg,:create_dt,:update_dt );
2022-07-07 18:52:33,623 DEBUG [159981] [] INSERT INTO  T_WORDBOOK_WORD (org_no,wordbook_id,word_id,disp_no,creater_id,updater_id,del_flg,create_dt,update_dt ) VALUES ( :org_no,:wordbook_id,:word_id,:disp_no,:creater_id,:updater_id,:del_flg,:create_dt,:update_dt );
2022-07-07 18:52:33,624 DEBUG [159981] [] INSERT INTO  T_WORDBOOK_WORD (org_no,wordbook_id,word_id,disp_no,creater_id,updater_id,del_flg,create_dt,update_dt ) VALUES ( :org_no,:wordbook_id,:word_id,:disp_no,:creater_id,:updater_id,:del_flg,:create_dt,:update_dt );
2022-07-07 18:52:33,625 DEBUG [159981] [] INSERT INTO  T_WORDBOOK_WORD (org_no,wordbook_id,word_id,disp_no,creater_id,updater_id,del_flg,create_dt,update_dt ) VALUES ( :org_no,:wordbook_id,:word_id,:disp_no,:creater_id,:updater_id,:del_flg,:create_dt,:update_dt );
2022-07-07 18:52:33,625 DEBUG [159981] [] INSERT INTO  T_WORDBOOK_WORD (org_no,wordbook_id,word_id,disp_no,creater_id,updater_id,del_flg,create_dt,update_dt ) VALUES ( :org_no,:wordbook_id,:word_id,:disp_no,:creater_id,:updater_id,:del_flg,:create_dt,:update_dt );
2022-07-07 18:52:33,626 DEBUG [159981] [] INSERT INTO  T_WORDBOOK_WORD (org_no,wordbook_id,word_id,disp_no,creater_id,updater_id,del_flg,create_dt,update_dt ) VALUES ( :org_no,:wordbook_id,:word_id,:disp_no,:creater_id,:updater_id,:del_flg,:create_dt,:update_dt );
2022-07-07 18:52:33,627 DEBUG [159981] [] INSERT INTO  T_WORDBOOK_WORD (org_no,wordbook_id,word_id,disp_no,creater_id,updater_id,del_flg,create_dt,update_dt ) VALUES ( :org_no,:wordbook_id,:word_id,:disp_no,:creater_id,:updater_id,:del_flg,:create_dt,:update_dt );
2022-07-07 18:52:33,627 DEBUG [159981] [] INSERT INTO  T_WORDBOOK_WORD (org_no,wordbook_id,word_id,disp_no,creater_id,updater_id,del_flg,create_dt,update_dt ) VALUES ( :org_no,:wordbook_id,:word_id,:disp_no,:creater_id,:updater_id,:del_flg,:create_dt,:update_dt );
2022-07-07 18:52:33,628 DEBUG [159981] [] INSERT INTO  T_WORDBOOK_WORD (org_no,wordbook_id,word_id,disp_no,creater_id,updater_id,del_flg,create_dt,update_dt ) VALUES ( :org_no,:wordbook_id,:word_id,:disp_no,:creater_id,:updater_id,:del_flg,:create_dt,:update_dt );
2022-07-07 18:52:33,629 DEBUG [159981] [] INSERT INTO  T_WORDBOOK_WORD (org_no,wordbook_id,word_id,disp_no,creater_id,updater_id,del_flg,create_dt,update_dt ) VALUES ( :org_no,:wordbook_id,:word_id,:disp_no,:creater_id,:updater_id,:del_flg,:create_dt,:update_dt );
2022-07-07 18:52:33,629 DEBUG [159981] [] INSERT INTO  T_WORDBOOK_WORD (org_no,wordbook_id,word_id,disp_no,creater_id,updater_id,del_flg,create_dt,update_dt ) VALUES ( :org_no,:wordbook_id,:word_id,:disp_no,:creater_id,:updater_id,:del_flg,:create_dt,:update_dt );
2022-07-07 18:52:33,630 DEBUG [159981] [] INSERT INTO  T_WORDBOOK_WORD (org_no,wordbook_id,word_id,disp_no,creater_id,updater_id,del_flg,create_dt,update_dt ) VALUES ( :org_no,:wordbook_id,:word_id,:disp_no,:creater_id,:updater_id,:del_flg,:create_dt,:update_dt );
2022-07-07 18:52:33,630 DEBUG [159981] [] INSERT INTO  T_WORDBOOK_WORD (org_no,wordbook_id,word_id,disp_no,creater_id,updater_id,del_flg,create_dt,update_dt ) VALUES ( :org_no,:wordbook_id,:word_id,:disp_no,:creater_id,:updater_id,:del_flg,:create_dt,:update_dt );
2022-07-07 18:52:33,631 DEBUG [159981] [] INSERT INTO  T_WORDBOOK_WORD (org_no,wordbook_id,word_id,disp_no,creater_id,updater_id,del_flg,create_dt,update_dt ) VALUES ( :org_no,:wordbook_id,:word_id,:disp_no,:creater_id,:updater_id,:del_flg,:create_dt,:update_dt );
2022-07-07 18:52:33,631 DEBUG [159981] [] INSERT INTO  T_WORDBOOK_WORD (org_no,wordbook_id,word_id,disp_no,creater_id,updater_id,del_flg,create_dt,update_dt ) VALUES ( :org_no,:wordbook_id,:word_id,:disp_no,:creater_id,:updater_id,:del_flg,:create_dt,:update_dt );
2022-07-07 18:52:33,632 DEBUG [159981] [] INSERT INTO  T_WORDBOOK_WORD (org_no,wordbook_id,word_id,disp_no,creater_id,updater_id,del_flg,create_dt,update_dt ) VALUES ( :org_no,:wordbook_id,:word_id,:disp_no,:creater_id,:updater_id,:del_flg,:create_dt,:update_dt );
2022-07-07 18:52:33,633 DEBUG [159981] [] INSERT INTO  T_WORDBOOK_WORD (org_no,wordbook_id,word_id,disp_no,creater_id,updater_id,del_flg,create_dt,update_dt ) VALUES ( :org_no,:wordbook_id,:word_id,:disp_no,:creater_id,:updater_id,:del_flg,:create_dt,:update_dt );
2022-07-07 18:52:33,633 DEBUG [159981] [] INSERT INTO  T_WORDBOOK_WORD (org_no,wordbook_id,word_id,disp_no,creater_id,updater_id,del_flg,create_dt,update_dt ) VALUES ( :org_no,:wordbook_id,:word_id,:disp_no,:creater_id,:updater_id,:del_flg,:create_dt,:update_dt );
2022-07-07 18:52:33,634 DEBUG [159981] [] INSERT INTO  T_WORDBOOK_WORD (org_no,wordbook_id,word_id,disp_no,creater_id,updater_id,del_flg,create_dt,update_dt ) VALUES ( :org_no,:wordbook_id,:word_id,:disp_no,:creater_id,:updater_id,:del_flg,:create_dt,:update_dt );
2022-07-07 18:52:33,634 DEBUG [159981] [] INSERT INTO  T_WORDBOOK_WORD (org_no,wordbook_id,word_id,disp_no,creater_id,updater_id,del_flg,create_dt,update_dt ) VALUES ( :org_no,:wordbook_id,:word_id,:disp_no,:creater_id,:updater_id,:del_flg,:create_dt,:update_dt );
2022-07-07 18:52:33,635 DEBUG [159981] [] INSERT INTO  T_WORDBOOK_WORD (org_no,wordbook_id,word_id,disp_no,creater_id,updater_id,del_flg,create_dt,update_dt ) VALUES ( :org_no,:wordbook_id,:word_id,:disp_no,:creater_id,:updater_id,:del_flg,:create_dt,:update_dt );
2022-07-07 18:52:33,636 DEBUG [159981] [] INSERT INTO  T_WORDBOOK_WORD (org_no,wordbook_id,word_id,disp_no,creater_id,updater_id,del_flg,create_dt,update_dt ) VALUES ( :org_no,:wordbook_id,:word_id,:disp_no,:creater_id,:updater_id,:del_flg,:create_dt,:update_dt );
2022-07-07 18:52:33,636 DEBUG [159981] [] INSERT INTO  T_WORDBOOK_WORD (org_no,wordbook_id,word_id,disp_no,creater_id,updater_id,del_flg,create_dt,update_dt ) VALUES ( :org_no,:wordbook_id,:word_id,:disp_no,:creater_id,:updater_id,:del_flg,:create_dt,:update_dt );
2022-07-07 18:52:33,637 DEBUG [159981] [] INSERT INTO  T_WORDBOOK_WORD (org_no,wordbook_id,word_id,disp_no,creater_id,updater_id,del_flg,create_dt,update_dt ) VALUES ( :org_no,:wordbook_id,:word_id,:disp_no,:creater_id,:updater_id,:del_flg,:create_dt,:update_dt );
2022-07-07 18:52:33,638 DEBUG [159981] [] INSERT INTO  T_WORDBOOK_WORD (org_no,wordbook_id,word_id,disp_no,creater_id,updater_id,del_flg,create_dt,update_dt ) VALUES ( :org_no,:wordbook_id,:word_id,:disp_no,:creater_id,:updater_id,:del_flg,:create_dt,:update_dt );
2022-07-07 18:52:33,638 DEBUG [159981] [] INSERT INTO  T_WORDBOOK_WORD (org_no,wordbook_id,word_id,disp_no,creater_id,updater_id,del_flg,create_dt,update_dt ) VALUES ( :org_no,:wordbook_id,:word_id,:disp_no,:creater_id,:updater_id,:del_flg,:create_dt,:update_dt );
2022-07-07 18:52:33,639 DEBUG [159981] [] INSERT INTO  T_WORDBOOK_WORD (org_no,wordbook_id,word_id,disp_no,creater_id,updater_id,del_flg,create_dt,update_dt ) VALUES ( :org_no,:wordbook_id,:word_id,:disp_no,:creater_id,:updater_id,:del_flg,:create_dt,:update_dt );
2022-07-07 18:52:33,639 DEBUG [159981] [] INSERT INTO  T_WORDBOOK_WORD (org_no,wordbook_id,word_id,disp_no,creater_id,updater_id,del_flg,create_dt,update_dt ) VALUES ( :org_no,:wordbook_id,:word_id,:disp_no,:creater_id,:updater_id,:del_flg,:create_dt,:update_dt );
2022-07-07 18:52:33,640 DEBUG [159981] [] INSERT INTO  T_WORDBOOK_WORD (org_no,wordbook_id,word_id,disp_no,creater_id,updater_id,del_flg,create_dt,update_dt ) VALUES ( :org_no,:wordbook_id,:word_id,:disp_no,:creater_id,:updater_id,:del_flg,:create_dt,:update_dt );
2022-07-07 18:52:33,640 DEBUG [159981] [] INSERT INTO  T_WORDBOOK_WORD (org_no,wordbook_id,word_id,disp_no,creater_id,updater_id,del_flg,create_dt,update_dt ) VALUES ( :org_no,:wordbook_id,:word_id,:disp_no,:creater_id,:updater_id,:del_flg,:create_dt,:update_dt );
2022-07-07 18:52:33,641 DEBUG [159981] [] start
2022-07-07 18:52:33,648 DEBUG [159981] [] unselectedSELECT  tw.org_no ,tw.word_id  ,tw.word  ,tw.translation  FROM T_WORD as tw  WHERE  tw.org_no=:org_no  AND tw.del_flg ='0'  ORDER BY  tw.org_no,tw.word_id ASC
2022-07-07 18:52:33,724 DEBUG [159981] [] vocubRegistAction end
2022-07-07 18:52:33,724 DEBUG [159981] [] WordBookWordController end
2022-07-07 18:52:33,725 DEBUG [159981] [] finally
2022-07-07 18:52:41,899 DEBUG [159962] [] Request URI : /eccadmin_dev/WordBookWord/back
2022-07-07 18:52:41,899 DEBUG [159962] [] WordBookWordController start
2022-07-07 18:52:41,899 DEBUG [159962] [] controllers/WordBookWordController.php: is exist
2022-07-07 18:52:41,903 DEBUG [159962] [] WordBookWordForm: is exist
2022-07-07 18:52:41,903 DEBUG [159962] [] WordBookWordForm: form value set 
2022-07-07 18:52:41,903 DEBUG [159962] [] ------------------------------/eccadmin_dev/WordBookWord/back
2022-07-07 18:52:41,903 DEBUG [159962] [] ------------------------------session_check_true
2022-07-07 18:52:41,904 DEBUG [159962] [] backAction start
2022-07-07 18:52:41,904 DEBUG [159962] [] backAction end
2022-07-07 18:52:41,904 DEBUG [159962] [] WordBookWordController end
2022-07-07 18:52:41,904 DEBUG [159962] [] finally
2022-07-07 18:52:41,921 DEBUG [159962] [] Request URI : /eccadmin_dev/WordBookList/Search
2022-07-07 18:52:41,921 DEBUG [159962] [] WordBookListController start
2022-07-07 18:52:41,921 DEBUG [159962] [] controllers/WordBookListController.php: is exist
2022-07-07 18:52:41,923 DEBUG [159962] [] WordBookListForm: is exist
2022-07-07 18:52:41,923 DEBUG [159962] [] WordBookListForm: form value set 
2022-07-07 18:52:41,924 DEBUG [159962] [] ------------------------------/eccadmin_dev/WordBookList/Search
2022-07-07 18:52:41,924 DEBUG [159962] [] SearchAction start
2022-07-07 18:52:41,924 DEBUG [159962] [] admin_no is 1
2022-07-07 18:52:41,993 DEBUG [159962] [] SearchAction end
2022-07-07 18:52:41,993 DEBUG [159962] [] WordBookListController end
2022-07-07 18:52:41,993 DEBUG [159962] [] finally
2022-07-07 18:52:44,119 DEBUG [159962] [] Request URI : /eccadmin_dev/WordBookWord/index
2022-07-07 18:52:44,120 DEBUG [159962] [] WordBookWordController start
2022-07-07 18:52:44,120 DEBUG [159962] [] controllers/WordBookWordController.php: is exist
2022-07-07 18:52:44,123 DEBUG [159962] [] WordBookWordForm: is exist
2022-07-07 18:52:44,123 DEBUG [159962] [] WordBookWordForm: form value set 
2022-07-07 18:52:44,124 DEBUG [159962] [] ------------------------------/eccadmin_dev/WordBookWord/index
2022-07-07 18:52:44,124 DEBUG [159962] [] ------------------------------session_check_true
2022-07-07 18:52:44,124 DEBUG [159962] [] indexAction start
2022-07-07 18:52:44,124 DEBUG [159962] [] admin_no is 1
2022-07-07 18:52:44,125 DEBUG [159962] [] unselectedSELECT  tw.org_no ,tw.word_id  ,tw.word  ,tw.translation  FROM T_WORD as tw  WHERE  tw.org_no=:org_no  AND tw.del_flg ='0'  ORDER BY  tw.org_no,tw.word_id ASC
2022-07-07 18:52:44,198 DEBUG [159962] [] indexAction end
2022-07-07 18:52:44,198 DEBUG [159962] [] WordBookWordController end
2022-07-07 18:52:44,198 DEBUG [159962] [] finally
2022-07-07 18:52:45,949 DEBUG [159962] [] Request URI : /eccadmin_dev/WordBookWord/vocubRegist
2022-07-07 18:52:45,950 DEBUG [159962] [] WordBookWordController start
2022-07-07 18:52:45,950 DEBUG [159962] [] controllers/WordBookWordController.php: is exist
2022-07-07 18:52:45,953 DEBUG [159962] [] WordBookWordForm: is exist
2022-07-07 18:52:45,953 DEBUG [159962] [] WordBookWordForm: form value set 
2022-07-07 18:52:45,954 DEBUG [159962] [] ------------------------------/eccadmin_dev/WordBookWord/vocubRegist
2022-07-07 18:52:45,954 DEBUG [159962] [] ------------------------------session_check_true
2022-07-07 18:52:45,954 DEBUG [159962] [] vocubRegistAction start
2022-07-07 18:52:45,956 DEBUG [159962] [] INSERT INTO  T_WORDBOOK_WORD (org_no,wordbook_id,word_id,disp_no,creater_id,updater_id,del_flg,create_dt,update_dt ) VALUES ( :org_no,:wordbook_id,:word_id,:disp_no,:creater_id,:updater_id,:del_flg,:create_dt,:update_dt );
2022-07-07 18:52:45,957 DEBUG [159962] [] INSERT INTO  T_WORDBOOK_WORD (org_no,wordbook_id,word_id,disp_no,creater_id,updater_id,del_flg,create_dt,update_dt ) VALUES ( :org_no,:wordbook_id,:word_id,:disp_no,:creater_id,:updater_id,:del_flg,:create_dt,:update_dt );
2022-07-07 18:52:45,957 DEBUG [159962] [] INSERT INTO  T_WORDBOOK_WORD (org_no,wordbook_id,word_id,disp_no,creater_id,updater_id,del_flg,create_dt,update_dt ) VALUES ( :org_no,:wordbook_id,:word_id,:disp_no,:creater_id,:updater_id,:del_flg,:create_dt,:update_dt );
2022-07-07 18:52:45,958 DEBUG [159962] [] start
2022-07-07 18:52:45,961 DEBUG [159962] [] unselectedSELECT  tw.org_no ,tw.word_id  ,tw.word  ,tw.translation  FROM T_WORD as tw  WHERE  tw.org_no=:org_no  AND tw.del_flg ='0'  ORDER BY  tw.org_no,tw.word_id ASC
2022-07-07 18:52:46,025 DEBUG [159962] [] vocubRegistAction end
2022-07-07 18:52:46,025 DEBUG [159962] [] WordBookWordController end
2022-07-07 18:52:46,026 DEBUG [159962] [] finally
2022-07-07 18:52:59,950 DEBUG [159973] [] Request URI : /eccadmin_dev/Login/logout
2022-07-07 18:52:59,951 DEBUG [159973] [] LoginController start
2022-07-07 18:52:59,951 DEBUG [159973] [] controllers/LoginController.php: is exist
2022-07-07 18:52:59,951 DEBUG [159973] [] LoginForm: is exist
2022-07-07 18:52:59,951 DEBUG [159973] [] LoginForm: form value set 
2022-07-07 18:52:59,952 DEBUG [159973] [] ------------------------------/eccadmin_dev/Login/logout
2022-07-07 18:52:59,952 DEBUG [159973] [] ------------------------------login_start_check
2022-07-07 18:52:59,952 DEBUG [159973] [] logoutAction start
2022-07-07 18:52:59,952 DEBUG [159973] [] logoutAction end
2022-07-07 18:52:59,952 DEBUG [159973] [] LoginController end
2022-07-07 18:52:59,952 DEBUG [159973] [] finally
2022-07-07 18:52:59,971 DEBUG [159973] [] Request URI : /eccadmin_dev/Login
2022-07-07 18:52:59,971 DEBUG [159973] [] LoginController start
2022-07-07 18:52:59,971 DEBUG [159973] [] controllers/LoginController.php: is exist
2022-07-07 18:52:59,972 DEBUG [159973] [] LoginForm: is exist
2022-07-07 18:52:59,972 DEBUG [159973] [] LoginForm: form value set 
2022-07-07 18:52:59,972 DEBUG [159973] [] ------------------------------/eccadmin_dev/Login
2022-07-07 18:52:59,972 DEBUG [159973] [] ------------------------------login_start_check
2022-07-07 18:52:59,972 DEBUG [159973] [] indexAction start
2022-07-07 18:52:59,987 DEBUG [159973] [] indexAction end
2022-07-07 18:52:59,987 DEBUG [159973] [] LoginController end
2022-07-07 18:52:59,988 DEBUG [159973] [] finally
2022-07-07 19:00:07,238 DEBUG [160004] [] Request URI : /eccadmin_dev/Login
2022-07-07 19:00:07,239 DEBUG [160004] [] LoginController start
2022-07-07 19:00:07,239 DEBUG [160004] [] controllers/LoginController.php: is exist
2022-07-07 19:00:07,239 DEBUG [160004] [] LoginForm: is exist
2022-07-07 19:00:07,239 DEBUG [160004] [] LoginForm: form value set 
2022-07-07 19:00:07,240 DEBUG [160004] [] ------------------------------/eccadmin_dev/Login
2022-07-07 19:00:07,240 DEBUG [160004] [] ------------------------------login_start_check
2022-07-07 19:00:07,240 DEBUG [160004] [] indexAction start
2022-07-07 19:00:07,256 DEBUG [160004] [] indexAction end
2022-07-07 19:00:07,256 DEBUG [160004] [] LoginController end
2022-07-07 19:00:07,256 DEBUG [160004] [] finally
2022-07-07 19:00:11,836 DEBUG [160004] [] Request URI : /eccadmin_dev/Login/login
2022-07-07 19:00:11,836 DEBUG [160004] [] LoginController start
2022-07-07 19:00:11,836 DEBUG [160004] [] controllers/LoginController.php: is exist
2022-07-07 19:00:11,837 DEBUG [160004] [] LoginForm: is exist
2022-07-07 19:00:11,837 DEBUG [160004] [] LoginForm: form value set 
2022-07-07 19:00:11,837 DEBUG [160004] [] ------------------------------/eccadmin_dev/Login/login
2022-07-07 19:00:11,837 DEBUG [160004] [] ------------------------------login_start_check
2022-07-07 19:00:11,837 DEBUG [160004] [] loginAction start
2022-07-07 19:00:12,142 DEBUG [160004] [] loginAction end
2022-07-07 19:00:12,142 DEBUG [160004] [] LoginController end
2022-07-07 19:00:12,142 DEBUG [160004] [] finally
2022-07-07 19:00:12,166 DEBUG [160004] [] Request URI : /eccadmin_dev/Menu
2022-07-07 19:00:12,166 DEBUG [160004] [] MenuController start
2022-07-07 19:00:12,166 DEBUG [160004] [] controllers/MenuController.php: is exist
2022-07-07 19:00:12,167 DEBUG [160004] [] MenuForm: is exist
2022-07-07 19:00:12,167 DEBUG [160004] [] MenuForm: form value set 
2022-07-07 19:00:12,167 DEBUG [160004] [] ------------------------------/eccadmin_dev/Menu
2022-07-07 19:00:12,167 DEBUG [160004] [] ------------------------------login_start_check
2022-07-07 19:00:12,167 DEBUG [160004] [] indexAction start
2022-07-07 19:00:12,167 DEBUG [160004] [] admin_no is 1
2022-07-07 19:00:12,197 DEBUG [160004] [] indexAction end
2022-07-07 19:00:12,197 DEBUG [160004] [] MenuController end
2022-07-07 19:00:12,197 DEBUG [160004] [] finally
2022-07-07 19:00:14,679 DEBUG [160004] [] Request URI : /eccadmin_dev/WordBookList
2022-07-07 19:00:14,680 DEBUG [160004] [] WordBookListController start
2022-07-07 19:00:14,680 DEBUG [160004] [] controllers/WordBookListController.php: is exist
2022-07-07 19:00:14,682 DEBUG [160004] [] WordBookListForm: is exist
2022-07-07 19:00:14,682 DEBUG [160004] [] WordBookListForm: form value set 
2022-07-07 19:00:14,683 DEBUG [160004] [] ------------------------------/eccadmin_dev/WordBookList
2022-07-07 19:00:14,683 DEBUG [160004] [] indexAction start
2022-07-07 19:00:14,683 DEBUG [160004] [] admin_no is 1
2022-07-07 19:00:14,756 DEBUG [160004] [] indexAction end
2022-07-07 19:00:14,756 DEBUG [160004] [] WordBookListController end
2022-07-07 19:00:14,756 DEBUG [160004] [] finally
2022-07-07 19:00:16,078 DEBUG [160004] [] Request URI : /eccadmin_dev/WordBookWord/index
2022-07-07 19:00:16,079 DEBUG [160004] [] WordBookWordController start
2022-07-07 19:00:16,079 DEBUG [160004] [] controllers/WordBookWordController.php: is exist
2022-07-07 19:00:16,082 DEBUG [160004] [] WordBookWordForm: is exist
2022-07-07 19:00:16,083 DEBUG [160004] [] WordBookWordForm: form value set 
2022-07-07 19:00:16,083 DEBUG [160004] [] ------------------------------/eccadmin_dev/WordBookWord/index
2022-07-07 19:00:16,083 DEBUG [160004] [] ------------------------------session_check_true
2022-07-07 19:00:16,084 DEBUG [160004] [] indexAction start
2022-07-07 19:00:16,084 DEBUG [160004] [] admin_no is 1
2022-07-07 19:00:16,084 DEBUG [160004] [] unselectedSELECT  tw.org_no ,tw.word_id  ,tw.word  ,tw.translation  FROM T_WORD as tw  WHERE  tw.org_no=:org_no  AND tw.del_flg ='0'  ORDER BY  tw.org_no,tw.word_id ASC
2022-07-07 19:00:16,155 DEBUG [160004] [] indexAction end
2022-07-07 19:00:16,155 DEBUG [160004] [] WordBookWordController end
2022-07-07 19:00:16,156 DEBUG [160004] [] finally
2022-07-07 19:00:21,481 DEBUG [160060] [] Request URI : /eccadmin_dev/WordBookWord/back
2022-07-07 19:00:21,485 DEBUG [160060] [] WordBookWordController start
2022-07-07 19:00:21,485 DEBUG [160060] [] controllers/WordBookWordController.php: is exist
2022-07-07 19:00:21,489 DEBUG [160060] [] WordBookWordForm: is exist
2022-07-07 19:00:21,489 DEBUG [160060] [] WordBookWordForm: form value set 
2022-07-07 19:00:21,490 DEBUG [160060] [] ------------------------------/eccadmin_dev/WordBookWord/back
2022-07-07 19:00:21,490 DEBUG [160060] [] ------------------------------session_check_true
2022-07-07 19:00:21,490 DEBUG [160060] [] backAction start
2022-07-07 19:00:21,490 DEBUG [160060] [] backAction end
2022-07-07 19:00:21,490 DEBUG [160060] [] WordBookWordController end
2022-07-07 19:00:21,490 DEBUG [160060] [] finally
2022-07-07 19:00:21,512 DEBUG [160060] [] Request URI : /eccadmin_dev/WordBookList/Search
2022-07-07 19:00:21,513 DEBUG [160060] [] WordBookListController start
2022-07-07 19:00:21,513 DEBUG [160060] [] controllers/WordBookListController.php: is exist
2022-07-07 19:00:21,514 DEBUG [160060] [] WordBookListForm: is exist
2022-07-07 19:00:21,515 DEBUG [160060] [] WordBookListForm: form value set 
2022-07-07 19:00:21,515 DEBUG [160060] [] ------------------------------/eccadmin_dev/WordBookList/Search
2022-07-07 19:00:21,515 DEBUG [160060] [] SearchAction start
2022-07-07 19:00:21,515 DEBUG [160060] [] admin_no is 1
2022-07-07 19:00:21,584 DEBUG [160060] [] SearchAction end
2022-07-07 19:00:21,584 DEBUG [160060] [] WordBookListController end
2022-07-07 19:00:21,584 DEBUG [160060] [] finally
2022-07-07 19:00:25,972 DEBUG [160060] [] Request URI : /eccadmin_dev/Login/logout
2022-07-07 19:00:25,973 DEBUG [160060] [] LoginController start
2022-07-07 19:00:25,973 DEBUG [160060] [] controllers/LoginController.php: is exist
2022-07-07 19:00:25,973 DEBUG [160060] [] LoginForm: is exist
2022-07-07 19:00:25,973 DEBUG [160060] [] LoginForm: form value set 
2022-07-07 19:00:25,974 DEBUG [160060] [] ------------------------------/eccadmin_dev/Login/logout
2022-07-07 19:00:25,974 DEBUG [160060] [] ------------------------------login_start_check
2022-07-07 19:00:25,974 DEBUG [160060] [] logoutAction start
2022-07-07 19:00:25,974 DEBUG [160060] [] logoutAction end
2022-07-07 19:00:25,974 DEBUG [160060] [] LoginController end
2022-07-07 19:00:25,975 DEBUG [160060] [] finally
2022-07-07 19:00:25,997 DEBUG [160060] [] Request URI : /eccadmin_dev/Login
2022-07-07 19:00:25,998 DEBUG [160060] [] LoginController start
2022-07-07 19:00:25,998 DEBUG [160060] [] controllers/LoginController.php: is exist
2022-07-07 19:00:25,998 DEBUG [160060] [] LoginForm: is exist
2022-07-07 19:00:25,998 DEBUG [160060] [] LoginForm: form value set 
2022-07-07 19:00:25,999 DEBUG [160060] [] ------------------------------/eccadmin_dev/Login
2022-07-07 19:00:25,999 DEBUG [160060] [] ------------------------------login_start_check
2022-07-07 19:00:25,999 DEBUG [160060] [] indexAction start
2022-07-07 19:00:26,013 DEBUG [160060] [] indexAction end
2022-07-07 19:00:26,014 DEBUG [160060] [] LoginController end
2022-07-07 19:00:26,014 DEBUG [160060] [] finally
2022-07-07 19:00:31,819 DEBUG [159983] [] Request URI : /eccadmin_dev/Login/login
2022-07-07 19:00:31,820 DEBUG [159983] [] LoginController start
2022-07-07 19:00:31,820 DEBUG [159983] [] controllers/LoginController.php: is exist
2022-07-07 19:00:31,820 DEBUG [159983] [] LoginForm: is exist
2022-07-07 19:00:31,821 DEBUG [159983] [] LoginForm: form value set 
2022-07-07 19:00:31,821 DEBUG [159983] [] ------------------------------/eccadmin_dev/Login/login
2022-07-07 19:00:31,821 DEBUG [159983] [] ------------------------------login_start_check
2022-07-07 19:00:31,821 DEBUG [159983] [] loginAction start
2022-07-07 19:00:32,114 DEBUG [159983] [] loginAction end
2022-07-07 19:00:32,114 DEBUG [159983] [] LoginController end
2022-07-07 19:00:32,114 DEBUG [159983] [] finally
2022-07-07 19:00:32,353 DEBUG [159983] [] Request URI : /eccadmin_dev/Menu
2022-07-07 19:00:32,354 DEBUG [159983] [] MenuController start
2022-07-07 19:00:32,354 DEBUG [159983] [] controllers/MenuController.php: is exist
2022-07-07 19:00:32,355 DEBUG [159983] [] MenuForm: is exist
2022-07-07 19:00:32,355 DEBUG [159983] [] MenuForm: form value set 
2022-07-07 19:00:32,356 DEBUG [159983] [] ------------------------------/eccadmin_dev/Menu
2022-07-07 19:00:32,356 DEBUG [159983] [] ------------------------------login_start_check
2022-07-07 19:00:32,356 DEBUG [159983] [] indexAction start
2022-07-07 19:00:32,356 DEBUG [159983] [] admin_no is 1
2022-07-07 19:00:32,406 DEBUG [159983] [] indexAction end
2022-07-07 19:00:32,406 DEBUG [159983] [] MenuController end
2022-07-07 19:00:32,407 DEBUG [159983] [] finally
2022-07-07 19:00:35,758 DEBUG [159983] [] Request URI : /eccadmin_dev/WordBookList
2022-07-07 19:00:35,759 DEBUG [159983] [] WordBookListController start
2022-07-07 19:00:35,759 DEBUG [159983] [] controllers/WordBookListController.php: is exist
2022-07-07 19:00:35,761 DEBUG [159983] [] WordBookListForm: is exist
2022-07-07 19:00:35,761 DEBUG [159983] [] WordBookListForm: form value set 
2022-07-07 19:00:35,762 DEBUG [159983] [] ------------------------------/eccadmin_dev/WordBookList
2022-07-07 19:00:35,762 DEBUG [159983] [] indexAction start
2022-07-07 19:00:35,762 DEBUG [159983] [] admin_no is 1
2022-07-07 19:00:35,832 DEBUG [159983] [] indexAction end
2022-07-07 19:00:35,832 DEBUG [159983] [] WordBookListController end
2022-07-07 19:00:35,832 DEBUG [159983] [] finally
2022-07-07 19:00:39,632 DEBUG [160032] [] Request URI : /eccadmin_dev/WordBookWord/index
2022-07-07 19:00:39,633 DEBUG [160032] [] WordBookWordController start
2022-07-07 19:00:39,633 DEBUG [160032] [] controllers/WordBookWordController.php: is exist
2022-07-07 19:00:39,636 DEBUG [160032] [] WordBookWordForm: is exist
2022-07-07 19:00:39,637 DEBUG [160032] [] WordBookWordForm: form value set 
2022-07-07 19:00:39,637 DEBUG [160032] [] ------------------------------/eccadmin_dev/WordBookWord/index
2022-07-07 19:00:39,637 DEBUG [160032] [] ------------------------------session_check_true
2022-07-07 19:00:39,637 DEBUG [160032] [] indexAction start
2022-07-07 19:00:39,638 DEBUG [160032] [] admin_no is 1
2022-07-07 19:00:39,638 DEBUG [160032] [] unselectedSELECT  tw.org_no ,tw.word_id  ,tw.word  ,tw.translation  FROM T_WORD as tw  WHERE  tw.org_no=:org_no  AND tw.del_flg ='0'  ORDER BY  tw.org_no,tw.word_id ASC
2022-07-07 19:00:39,707 DEBUG [160032] [] indexAction end
2022-07-07 19:00:39,707 DEBUG [160032] [] WordBookWordController end
2022-07-07 19:00:39,707 DEBUG [160032] [] finally
2022-07-07 19:00:43,919 DEBUG [160032] [] Request URI : /eccadmin_dev/Login/logout
2022-07-07 19:00:43,920 DEBUG [160032] [] LoginController start
2022-07-07 19:00:43,920 DEBUG [160032] [] controllers/LoginController.php: is exist
2022-07-07 19:00:43,920 DEBUG [160032] [] LoginForm: is exist
2022-07-07 19:00:43,920 DEBUG [160032] [] LoginForm: form value set 
2022-07-07 19:00:43,921 DEBUG [160032] [] ------------------------------/eccadmin_dev/Login/logout
2022-07-07 19:00:43,921 DEBUG [160032] [] ------------------------------login_start_check
2022-07-07 19:00:43,921 DEBUG [160032] [] logoutAction start
2022-07-07 19:00:43,921 DEBUG [160032] [] logoutAction end
2022-07-07 19:00:43,921 DEBUG [160032] [] LoginController end
2022-07-07 19:00:43,922 DEBUG [160032] [] finally
2022-07-07 19:00:43,944 DEBUG [160032] [] Request URI : /eccadmin_dev/Login
2022-07-07 19:00:43,944 DEBUG [160032] [] LoginController start
2022-07-07 19:00:43,944 DEBUG [160032] [] controllers/LoginController.php: is exist
2022-07-07 19:00:43,945 DEBUG [160032] [] LoginForm: is exist
2022-07-07 19:00:43,945 DEBUG [160032] [] LoginForm: form value set 
2022-07-07 19:00:43,945 DEBUG [160032] [] ------------------------------/eccadmin_dev/Login
2022-07-07 19:00:43,945 DEBUG [160032] [] ------------------------------login_start_check
2022-07-07 19:00:43,945 DEBUG [160032] [] indexAction start
2022-07-07 19:00:43,959 DEBUG [160032] [] indexAction end
2022-07-07 19:00:43,959 DEBUG [160032] [] LoginController end
2022-07-07 19:00:43,959 DEBUG [160032] [] finally
