2022-06-07 10:05:51,102 DEBUG [85702] [] Request URI : /eccadmin_dev/Login
2022-06-07 10:05:51,128 DEBUG [85702] [] LoginController start
2022-06-07 10:05:51,128 DEBUG [85702] [] controllers/LoginController.php: is exist
2022-06-07 10:05:51,128 DEBUG [85702] [] LoginForm: is exist
2022-06-07 10:05:51,129 DEBUG [85702] [] LoginForm: form value set 
2022-06-07 10:05:51,129 DEBUG [85702] [] ------------------------------/eccadmin_dev/Login
2022-06-07 10:05:51,129 DEBUG [85702] [] ------------------------------login_start_check
2022-06-07 10:05:51,129 DEBUG [85702] [] indexAction start
2022-06-07 10:05:51,163 DEBUG [85702] [] indexAction end
2022-06-07 10:05:51,163 DEBUG [85702] [] LoginController end
2022-06-07 10:05:51,163 DEBUG [85702] [] finally
2022-06-07 10:05:54,342 DEBUG [85702] [] Request URI : /eccadmin_dev/Login/login
2022-06-07 10:05:54,342 DEBUG [85702] [] LoginController start
2022-06-07 10:05:54,342 DEBUG [85702] [] controllers/LoginController.php: is exist
2022-06-07 10:05:54,343 DEBUG [85702] [] LoginForm: is exist
2022-06-07 10:05:54,343 DEBUG [85702] [] LoginForm: form value set 
2022-06-07 10:05:54,343 DEBUG [85702] [] ------------------------------/eccadmin_dev/Login/login
2022-06-07 10:05:54,343 DEBUG [85702] [] ------------------------------login_start_check
2022-06-07 10:05:54,344 DEBUG [85702] [] loginAction start
2022-06-07 10:05:54,642 DEBUG [85702] [] loginAction end
2022-06-07 10:05:54,642 DEBUG [85702] [] LoginController end
2022-06-07 10:05:54,642 DEBUG [85702] [] finally
2022-06-07 10:05:54,661 DEBUG [85702] [] Request URI : /eccadmin_dev/Menu
2022-06-07 10:05:54,661 DEBUG [85702] [] MenuController start
2022-06-07 10:05:54,661 DEBUG [85702] [] controllers/MenuController.php: is exist
2022-06-07 10:05:54,661 DEBUG [85702] [] MenuForm: is exist
2022-06-07 10:05:54,661 DEBUG [85702] [] MenuForm: form value set 
2022-06-07 10:05:54,662 DEBUG [85702] [] ------------------------------/eccadmin_dev/Menu
2022-06-07 10:05:54,662 DEBUG [85702] [] ------------------------------login_start_check
2022-06-07 10:05:54,662 DEBUG [85702] [] indexAction start
2022-06-07 10:05:54,662 DEBUG [85702] [] admin_no is 1
2022-06-07 10:05:54,689 DEBUG [85702] [] indexAction end
2022-06-07 10:05:54,689 DEBUG [85702] [] MenuController end
2022-06-07 10:05:54,689 DEBUG [85702] [] finally
2022-06-07 10:05:58,827 DEBUG [85526] [] Request URI : /eccadmin_dev/CourseContractList
2022-06-07 10:05:58,827 DEBUG [85526] [] CourseContractListController start
2022-06-07 10:05:58,828 DEBUG [85526] [] controllers/CourseContractListController.php: is exist
2022-06-07 10:05:58,828 DEBUG [85526] [] CourseContractListForm: is exist
2022-06-07 10:05:58,828 DEBUG [85526] [] CourseContractListForm: form value set 
2022-06-07 10:05:58,829 DEBUG [85526] [] ------------------------------/eccadmin_dev/CourseContractList
2022-06-07 10:05:58,829 DEBUG [85526] [] indexAction start
2022-06-07 10:05:58,829 DEBUG [85526] [] admin_no is 1
2022-06-07 10:05:58,945 DEBUG [85526] [] indexAction end
2022-06-07 10:05:58,945 DEBUG [85526] [] CourseContractListController end
2022-06-07 10:05:58,946 DEBUG [85526] [] finally
2022-06-07 10:06:02,951 DEBUG [85526] [] Request URI : /eccadmin_dev/CourseContractConfirmList
2022-06-07 10:06:02,951 DEBUG [85526] [] CourseContractConfirmListController start
2022-06-07 10:06:02,951 DEBUG [85526] [] controllers/CourseContractConfirmListController.php: is exist
2022-06-07 10:06:02,952 DEBUG [85526] [] CourseContractConfirmListForm: is exist
2022-06-07 10:06:02,953 DEBUG [85526] [] CourseContractConfirmListForm: form value set 
2022-06-07 10:06:02,953 DEBUG [85526] [] ------------------------------/eccadmin_dev/CourseContractConfirmList
2022-06-07 10:06:02,953 DEBUG [85526] [] indexAction start
2022-06-07 10:06:02,954 DEBUG [85526] [] admin_no is 1
2022-06-07 10:06:03,083 DEBUG [85526] [] indexAction end
2022-06-07 10:06:03,083 DEBUG [85526] [] CourseContractConfirmListController end
2022-06-07 10:06:03,084 DEBUG [85526] [] finally
2022-06-07 10:06:06,654 DEBUG [85644] [] Request URI : /eccadmin_dev/CourseContractList
2022-06-07 10:06:06,655 DEBUG [85644] [] CourseContractListController start
2022-06-07 10:06:06,655 DEBUG [85644] [] controllers/CourseContractListController.php: is exist
2022-06-07 10:06:06,655 DEBUG [85644] [] CourseContractListForm: is exist
2022-06-07 10:06:06,655 DEBUG [85644] [] CourseContractListForm: form value set 
2022-06-07 10:06:06,656 DEBUG [85644] [] ------------------------------/eccadmin_dev/CourseContractList
2022-06-07 10:06:06,656 DEBUG [85644] [] indexAction start
2022-06-07 10:06:06,656 DEBUG [85644] [] admin_no is 1
2022-06-07 10:06:06,767 DEBUG [85644] [] indexAction end
2022-06-07 10:06:06,767 DEBUG [85644] [] CourseContractListController end
2022-06-07 10:06:06,767 DEBUG [85644] [] finally
2022-06-07 10:06:28,759 DEBUG [85404] [] Request URI : /eccadmin_dev/CourseContractList/Search
2022-06-07 10:06:28,760 DEBUG [85404] [] CourseContractListController start
2022-06-07 10:06:28,760 DEBUG [85404] [] controllers/CourseContractListController.php: is exist
2022-06-07 10:06:28,760 DEBUG [85404] [] CourseContractListForm: is exist
2022-06-07 10:06:28,761 DEBUG [85404] [] CourseContractListForm: form value set 
2022-06-07 10:06:28,761 DEBUG [85404] [] ------------------------------/eccadmin_dev/CourseContractList/Search
2022-06-07 10:06:28,761 DEBUG [85404] [] SearchAction start
2022-06-07 10:06:28,761 DEBUG [85404] [] admin_no is 1
2022-06-07 10:06:28,879 DEBUG [85404] [] SearchAction end
2022-06-07 10:06:28,879 DEBUG [85404] [] CourseContractListController end
2022-06-07 10:06:28,880 DEBUG [85404] [] finally
2022-06-07 10:06:33,710 DEBUG [85404] [] Request URI : /eccadmin_dev/CourseContractRegist/index
2022-06-07 10:06:33,710 DEBUG [85404] [] CourseContractRegistController start
2022-06-07 10:06:33,710 DEBUG [85404] [] controllers/CourseContractRegistController.php: is exist
2022-06-07 10:06:33,712 DEBUG [85404] [] CourseContractRegistForm: is exist
2022-06-07 10:06:33,712 DEBUG [85404] [] CourseContractRegistForm: form value set 
2022-06-07 10:06:33,713 DEBUG [85404] [] ------------------------------/eccadmin_dev/CourseContractRegist/index
2022-06-07 10:06:33,713 DEBUG [85404] [] ------------------------------session_check_true
2022-06-07 10:06:33,713 DEBUG [85404] [] indexAction start
2022-06-07 10:06:33,713 DEBUG [85404] [] admin_no is 1
2022-06-07 10:06:33,795 DEBUG [85404] [] indexAction end
2022-06-07 10:06:33,795 DEBUG [85404] [] CourseContractRegistController end
2022-06-07 10:06:33,795 DEBUG [85404] [] finally
2022-06-07 10:06:36,209 DEBUG [85546] [] Request URI : /eccadmin_dev/CourseStudentRegist/index
2022-06-07 10:06:36,210 DEBUG [85546] [] CourseStudentRegistController start
2022-06-07 10:06:36,210 DEBUG [85546] [] controllers/CourseStudentRegistController.php: is exist
2022-06-07 10:06:36,227 DEBUG [85546] [] CourseStudentRegistForm: is exist
2022-06-07 10:06:36,237 DEBUG [85546] [] CourseStudentRegistForm: form value set 
2022-06-07 10:06:36,238 DEBUG [85546] [] ------------------------------/eccadmin_dev/CourseStudentRegist/index
2022-06-07 10:06:36,238 DEBUG [85546] [] ------------------------------session_check_true
2022-06-07 10:06:36,238 DEBUG [85546] [] indexAction start
2022-06-07 10:06:36,238 DEBUG [85546] [] admin_no is 1
2022-06-07 10:06:36,342 DEBUG [85546] [] indexAction end
2022-06-07 10:06:36,342 DEBUG [85546] [] CourseStudentRegistController end
2022-06-07 10:06:36,342 DEBUG [85546] [] finally
2022-06-07 10:06:40,014 DEBUG [85546] [] Request URI : /eccadmin_dev/CourseContractConfirmList
2022-06-07 10:06:40,015 DEBUG [85546] [] CourseContractConfirmListController start
2022-06-07 10:06:40,015 DEBUG [85546] [] controllers/CourseContractConfirmListController.php: is exist
2022-06-07 10:06:40,016 DEBUG [85546] [] CourseContractConfirmListForm: is exist
2022-06-07 10:06:40,016 DEBUG [85546] [] CourseContractConfirmListForm: form value set 
2022-06-07 10:06:40,017 DEBUG [85546] [] ------------------------------/eccadmin_dev/CourseContractConfirmList
2022-06-07 10:06:40,017 DEBUG [85546] [] indexAction start
2022-06-07 10:06:40,017 DEBUG [85546] [] admin_no is 1
2022-06-07 10:06:40,114 DEBUG [85546] [] indexAction end
2022-06-07 10:06:40,114 DEBUG [85546] [] CourseContractConfirmListController end
2022-06-07 10:06:40,114 DEBUG [85546] [] finally
2022-06-07 10:06:43,974 DEBUG [85546] [] Request URI : /eccadmin_dev/CourseContractConfirmList/Search
2022-06-07 10:06:43,975 DEBUG [85546] [] CourseContractConfirmListController start
2022-06-07 10:06:43,975 DEBUG [85546] [] controllers/CourseContractConfirmListController.php: is exist
2022-06-07 10:06:43,976 DEBUG [85546] [] CourseContractConfirmListForm: is exist
2022-06-07 10:06:43,976 DEBUG [85546] [] CourseContractConfirmListForm: form value set 
2022-06-07 10:06:43,977 DEBUG [85546] [] ------------------------------/eccadmin_dev/CourseContractConfirmList/Search
2022-06-07 10:06:43,977 DEBUG [85546] [] SearchAction start
2022-06-07 10:06:43,977 DEBUG [85546] [] admin_no is 1
2022-06-07 10:06:43,979 DEBUG [85546] [] CourseContractConfirmList　Query
2022-06-07 10:06:43,979 DEBUG [85546] []  SELECT   o.org_no    ,o.org_id  ,o.org_name  ,o.org_name_official  ,c.course_id  ,c.course_name  ,date_format(co.start_period,'%Y/%m/%d') AS  co_start_period ,date_format(co.end_period,'%Y/%m/%d') AS  co_end_period ,co.remarks  ,co.offer_no  ,d.course_detail_no  ,d.course_detail_name  ,s.student_no  ,s.student_name  ,s.login_id  ,date_format(cds.start_period,'%Y/%m/%d') AS cds_start_period  ,date_format(cds.end_period,'%Y/%m/%d') AS cds_end_period  ,date_format(answer.answer_dt,'%Y/%m/%d') AS a_answer_dt  ,date_format(r.update_dt,'%Y/%m/%d') AS u_update_dt  ,teacher.display_name AS display_name  ,teacher.login_id AS teacher_code ,teacher.name AS teacher_name ,teacher.school_kbn AS teacher_school   ,CONCAT(if (student_mark.result_marks IS NULL,'-', student_mark.result_marks ),'/',total_mark.marks) AS result  FROM M_ORGANIZATION o  INNER JOIN T_COURSE_ORG as co  ON co.org_no = o.org_no  AND co.del_flg = '0'  AND o.del_flg = '0'  INNER JOIN T_COURSE as c  ON c.course_id = co.course_id  AND c.del_flg = '0'  INNER JOIN T_COURSE_DETAIL as cd  ON cd.course_id = c.course_id  AND cd.del_flg = '0'  INNER JOIN T_DETAIL as d  ON d.course_detail_no = cd.course_detail_no  AND c.course_level = d.course_level  AND c.test_kbn = d.test_kbn  AND d.del_flg = '0'  LEFT JOIN T_COURSE_DETAIL_STUDENT as cds  ON cds.offer_no = co.offer_no  AND cds.course_id = c.course_id  AND cds.course_detail_no = cd.course_detail_no  AND cds.del_flg = '0'  LEFT JOIN T_STUDENT as s  ON s.org_no = co.org_no  AND s.student_no = cds.student_no  AND s.del_flg = '0'  LEFT JOIN T_4SKILL_RESULT as r  ON r.offer_no = co.offer_no  AND r.course_id = c.course_id  AND r.course_detail_no = cd.course_detail_no  AND r.student_no = cds.student_no  AND r.del_flg = '0'  LEFT JOIN ( SELECT teacher_no,  del_flg, display_name, login_id, name, CASE WHEN school_kbn = '001' THEN 'Philippines'  WHEN school_kbn = '002' THEN 'Japan' ELSE NULL END AS school_kbn  FROM T_TEACHER) teacher  ON r.updater_id = teacher.teacher_no  AND teacher.del_flg = '0'  LEFT JOIN (  SELECT offer_no  	,course_id course_id  	,course_detail_no course_detail_no  	,student_no  	,MIN(answer_dt) answer_dt  	FROM T_4SKILL_ANSWER  	WHERE del_flg = '0'   	GROUP BY offer_no,course_id,course_detail_no,student_no ) answer  ON c.course_id = answer.course_id  AND cd.course_detail_no = answer.course_detail_no  AND co.offer_no = answer.offer_no  AND s.student_no = answer.student_no  LEFT JOIN (  	SELECT a.offer_no ,a.student_no,a.course_id,a.course_detail_no,SUM(a.marks) as result_marks  	FROM (  		SELECT skill_answer.offer_no  		,skill_answer.student_no  		,skill_answer.course_id  		,skill_answer.course_detail_no  		,skill_result_detail.rule_no  		,skill_result_detail.sub_rule_no  		,skill_result_detail.rule_detail_no  		,mark_detail.marks  		FROM T_4SKILL_ANSWER skill_answer  		LEFT JOIN T_4SKILL_RESULT skill_result  		ON skill_answer.offer_no = skill_result.offer_no  		AND skill_answer.student_no = skill_result.student_no  		AND skill_answer.course_id = skill_result.course_id  		AND skill_answer.course_detail_no = skill_result.course_detail_no  		INNER JOIN T_4SKILL_RESULT_DETAIL skill_result_detail  		ON skill_result.result_no = skill_result_detail.result_no  		INNER JOIN M_MARK_DETAIL mark_detail  		ON skill_result_detail.rule_no = mark_detail.rule_no  		AND skill_result_detail.sub_rule_no = mark_detail.sub_rule_no  		AND skill_result_detail.rule_detail_no = mark_detail.rule_detail_no  		AND skill_answer.del_flg = '0'  		AND skill_result.del_flg = '0'  		GROUP BY skill_answer.offer_no ,skill_answer.student_no ,skill_answer.course_id,mark_detail.marks  		,skill_answer.course_detail_no ,skill_result_detail.rule_no  		,skill_result_detail.sub_rule_no ,skill_result_detail.rule_detail_no  	) as a  	GROUP BY a.offer_no  ,a.student_no  ,a.course_id  ,a.course_detail_no  ) as student_mark  ON s.student_no = student_mark.student_no  AND co.offer_no = student_mark.offer_no  AND co.course_id = student_mark.course_id  AND cd.course_detail_no = student_mark.course_detail_no  LEFT JOIN  (  	SELECT mark_rule.course_level  	, mark_rule.test_kbn  	, course.course_id  	, course_detail.course_detail_no  	, SUM(mark_detail.max_marks) marks  	FROM T_COURSE course  	INNER JOIN T_COURSE_DETAIL course_detail  	ON course.course_id = course_detail.course_id  	AND course.del_flg = '0'  	AND course_detail.del_flg = '0'  	INNER JOIN T_COURSE_DETAIL_QUESTION course_detail_qa  	ON course_detail.course_detail_no = course_detail_qa.course_detail_no  	AND course_detail_qa.del_flg = '0'  	INNER JOIN T_QUESTION ques  	ON course_detail_qa.question_no = ques.question_no  	AND ques.del_flg = '0'  	INNER JOIN  M_MARK_RULE mark_rule  	ON ques.score_pattern = mark_rule.score_pattern  	AND course.course_level = mark_rule.course_level  	AND course.test_kbn = mark_rule.test_kbn  	INNER JOIN  (  		SELECT  rule_no  			,SUM(max_marks) AS max_marks  			FROM (  				SELECT rule_no  				,sub_rule_no  				,MAX(marks) AS max_marks  				FROM M_MARK_DETAIL  				WHERE del_flg = '0'  				GROUP BY rule_no,sub_rule_no) AS max  			GROUP BY rule_no  		) mark_detail  	ON mark_rule.rule_no = mark_detail.rule_no  	GROUP BY mark_rule.course_level      ,mark_rule.test_kbn, course.course_id, course_detail.course_detail_no  ) as total_mark  ON c.course_id = total_mark.course_id  AND cd.course_detail_no = total_mark.course_detail_no  AND c.course_level =  total_mark.course_level  AND c.test_kbn =  total_mark.test_kbn  WHERE  '1' = '1'  AND c.course_id = :course_id_from  AND co.end_period >= :start_period  AND co.start_period <= :end_period  GROUP BY o.org_no,o.org_id,o.org_name,o.org_name_official,c.course_id,c.course_name,co_start_period,co_end_period,co.remarks,co.offer_no, d.course_detail_no, d.course_detail_name,s.student_no,s.student_name,s.login_id,cds_start_period,cds_end_period,a_answer_dt,u_update_dt,display_name,teacher.login_id,teacher_name,teacher.school_kbn ORDER BY o.org_no,co.offer_no, c.course_id, cd.disp_no, cds.course_detail_no,s.login_id
2022-06-07 10:06:44,137 DEBUG [85546] [] SearchAction end
2022-06-07 10:06:44,137 DEBUG [85546] [] CourseContractConfirmListController end
2022-06-07 10:06:44,137 DEBUG [85546] [] finally
2022-06-07 10:06:49,206 DEBUG [85688] [] Request URI : /eccadmin_dev/StudentCourseDetailEdit/index
2022-06-07 10:06:49,206 DEBUG [85688] [] StudentCourseDetailEditController start
2022-06-07 10:06:49,207 DEBUG [85688] [] controllers/StudentCourseDetailEditController.php: is exist
2022-06-07 10:06:49,211 DEBUG [85688] [] StudentCourseDetailEditForm: is exist
2022-06-07 10:06:49,211 DEBUG [85688] [] StudentCourseDetailEditForm: form value set 
2022-06-07 10:06:49,211 DEBUG [85688] [] ------------------------------/eccadmin_dev/StudentCourseDetailEdit/index
2022-06-07 10:06:49,212 DEBUG [85688] [] ------------------------------session_check_true
2022-06-07 10:06:49,212 DEBUG [85688] [] indexAction start
2022-06-07 10:06:49,212 DEBUG [85688] [] admin_no is 1
2022-06-07 10:06:49,213 DEBUG [85688] []  SELECT DISTINCT m_org.org_no  ,m_org.org_id  ,m_org.org_name  ,m_org.org_name_official  ,course.course_id  ,course.course_name  ,course.remarks  ,detail.course_detail_name  ,detail.course_detail_romaji  ,detail.course_detail_no  ,course_detail.disp_no  ,detail.status  ,(SELECT name FROM M_TYPE a WHERE category=:course_level AND a.type=detail.course_level) AS course_level  ,(SELECT name FROM M_TYPE a WHERE category=:test_kbn AND a.type=detail.test_kbn) AS test_kbn  ,date_format(course_org.start_period,'%Y/%m/%d') AS start_period  ,date_format(course_org.end_period,'%Y/%m/%d') AS end_period  ,student.student_no  ,student.student_name  ,student.student_name_romaji  ,student.login_id  ,date_format(detail_student.start_period,'%Y/%m/%d') AS stu_course_start_period ,date_format(detail_student.end_period,'%Y/%m/%d') AS stu_course_end_period ,date_format(skill_answer.answer_dt,'%Y/%m/%d') AS answer_dt  ,date_format(skill_result.update_dt,'%Y/%m/%d') AS update_dt FROM T_COURSE course  LEFT JOIN T_COURSE_ORG as course_org  ON course_org.course_id = course.course_id  LEFT JOIN M_ORGANIZATION as m_org  ON course_org.org_no = m_org.org_no  LEFT JOIN T_COURSE_DETAIL as course_detail   ON course.course_id = course_detail.course_id   LEFT JOIN T_DETAIL as detail  ON course_detail.course_detail_no = detail.course_detail_no  LEFT JOIN T_COURSE_DETAIL_STUDENT as detail_student  ON detail_student.offer_no = course_org.offer_no  AND detail_student.org_no = m_org.org_no  AND detail_student.course_id = course.course_id  AND detail_student.course_detail_no = course_detail.course_detail_no  LEFT JOIN T_STUDENT as student ON detail_student.student_no = student.student_no  AND m_org.org_no = student.org_no LEFT JOIN (  SELECT answer.offer_no offer_no  ,answer.course_id course_id  ,answer.course_detail_no course_detail_no  ,answer.student_no student_no  ,MIN(answer.answer_dt) answer_dt  FROM T_COURSE_DETAIL_QUESTION cdques   LEFT JOIN T_4SKILL_ANSWER as answer ON answer.course_detail_no = cdques.course_detail_no  AND answer.question_no = cdques.question_no  AND answer.del_flg = 0  AND cdques.del_flg = 0  GROUP BY offer_no ,course_id ,course_detail_no, student_no ) skill_answer  ON skill_answer.offer_no = course_org.offer_no  AND skill_answer.student_no = student.student_no  AND skill_answer.course_id = course.course_id  AND skill_answer.course_detail_no = course_detail.course_detail_no  LEFT JOIN T_4SKILL_RESULT as skill_result ON skill_result.offer_no = course_org.offer_no  AND skill_result.student_no = student.student_no  AND skill_result.course_id = course.course_id  AND skill_result.course_detail_no = course_detail.course_detail_no  AND skill_result.del_flg = 0  WHERE course.course_id = :course_id  AND course_detail.course_detail_no = :course_detail_no  AND student.student_no = :student_no  AND m_org.org_no = :org_no  AND course_org.offer_no = :offer_no  AND course.del_flg = '0'  AND course_detail.del_flg = '0'  AND detail.del_flg = '0'  AND detail_student.del_flg = '0'  AND m_org.del_flg = '0'  GROUP BY  org_no,org_id, org_name,org_name_official,course_id,course_name,remarks,course_detail_name,course_detail_romaji,course_detail_no,disp_no,status,course_level,test_kbn,start_period,end_period,student_no,student_name,login_id,stu_course_end_period,stu_course_start_period,answer_dt,update_dt ORDER BY  course_detail.disp_no ASC 
2022-06-07 10:06:49,502 DEBUG [85688] []  SELECT DISTINCT m_org.org_no  ,m_org.org_id  ,m_org.org_name  ,m_org.org_name_official  ,course.course_id  ,course.course_name  ,course.remarks  ,detail.course_detail_name  ,detail.course_detail_romaji  ,detail.course_detail_no  ,course_detail.disp_no  ,detail.status  ,(SELECT name FROM M_TYPE a WHERE category=:course_level AND a.type=detail.course_level) AS course_level  ,(SELECT name FROM M_TYPE a WHERE category=:test_kbn AND a.type=detail.test_kbn) AS test_kbn  ,date_format(course_org.start_period,'%Y/%m/%d') AS start_period  ,date_format(course_org.end_period,'%Y/%m/%d') AS end_period  ,student.student_no  ,student.student_name  ,student.student_name_romaji  ,student.login_id  ,date_format(detail_student.start_period,'%Y/%m/%d') AS stu_course_start_period ,date_format(detail_student.end_period,'%Y/%m/%d') AS stu_course_end_period ,date_format(skill_answer.answer_dt,'%Y/%m/%d') AS answer_dt  ,date_format(skill_result.update_dt,'%Y/%m/%d') AS update_dt FROM T_COURSE course  LEFT JOIN T_COURSE_ORG as course_org  ON course_org.course_id = course.course_id  LEFT JOIN M_ORGANIZATION as m_org  ON course_org.org_no = m_org.org_no  LEFT JOIN T_COURSE_DETAIL as course_detail   ON course.course_id = course_detail.course_id   LEFT JOIN T_DETAIL as detail  ON course_detail.course_detail_no = detail.course_detail_no  LEFT JOIN T_COURSE_DETAIL_STUDENT as detail_student  ON detail_student.offer_no = course_org.offer_no  AND detail_student.org_no = m_org.org_no  AND detail_student.course_id = course.course_id  AND detail_student.course_detail_no = course_detail.course_detail_no  LEFT JOIN T_STUDENT as student ON detail_student.student_no = student.student_no  AND m_org.org_no = student.org_no LEFT JOIN (  SELECT answer.offer_no offer_no  ,answer.course_id course_id  ,answer.course_detail_no course_detail_no  ,answer.student_no student_no  ,MIN(answer.answer_dt) answer_dt  FROM T_COURSE_DETAIL_QUESTION cdques   LEFT JOIN T_4SKILL_ANSWER as answer ON answer.course_detail_no = cdques.course_detail_no  AND answer.question_no = cdques.question_no  AND answer.del_flg = 0  AND cdques.del_flg = 0  GROUP BY offer_no ,course_id ,course_detail_no, student_no ) skill_answer  ON skill_answer.offer_no = course_org.offer_no  AND skill_answer.student_no = student.student_no  AND skill_answer.course_id = course.course_id  AND skill_answer.course_detail_no = course_detail.course_detail_no  LEFT JOIN T_4SKILL_RESULT as skill_result ON skill_result.offer_no = course_org.offer_no  AND skill_result.student_no = student.student_no  AND skill_result.course_id = course.course_id  AND skill_result.course_detail_no = course_detail.course_detail_no  AND skill_result.del_flg = 0  WHERE course.course_id = :course_id  AND student.student_no = :student_no  AND m_org.org_no = :org_no  AND course_org.offer_no = :offer_no  AND course.del_flg = '0'  AND course_detail.del_flg = '0'  AND detail.del_flg = '0'  AND detail_student.del_flg = '0'  AND m_org.del_flg = '0'  GROUP BY  org_no,org_id, org_name,org_name_official,course_id,course_name,remarks,course_detail_name,course_detail_romaji,course_detail_no,disp_no,status,course_level,test_kbn,start_period,end_period,student_no,student_name,login_id,stu_course_end_period,stu_course_start_period,answer_dt,update_dt ORDER BY  course_detail.disp_no ASC 
2022-06-07 10:06:49,802 DEBUG [85688] []  SELECT DISTINCT m_org.org_no  ,m_org.org_id  ,m_org.org_name  ,m_org.org_name_official  ,course.course_id  ,course.course_name  ,course.remarks  ,detail.course_detail_name  ,detail.course_detail_romaji  ,detail.course_detail_no  ,course_detail.disp_no  ,detail.status  ,(SELECT name FROM M_TYPE a WHERE category=:course_level AND a.type=detail.course_level) AS course_level  ,(SELECT name FROM M_TYPE a WHERE category=:test_kbn AND a.type=detail.test_kbn) AS test_kbn  ,date_format(course_org.start_period,'%Y/%m/%d') AS start_period  ,date_format(course_org.end_period,'%Y/%m/%d') AS end_period  ,student.student_no  ,student.student_name  ,student.student_name_romaji  ,student.login_id  ,date_format(detail_student.start_period,'%Y/%m/%d') AS stu_course_start_period ,date_format(detail_student.end_period,'%Y/%m/%d') AS stu_course_end_period ,date_format(skill_answer.answer_dt,'%Y/%m/%d') AS answer_dt  ,date_format(skill_result.update_dt,'%Y/%m/%d') AS update_dt FROM T_COURSE course  LEFT JOIN T_COURSE_ORG as course_org  ON course_org.course_id = course.course_id  LEFT JOIN M_ORGANIZATION as m_org  ON course_org.org_no = m_org.org_no  LEFT JOIN T_COURSE_DETAIL as course_detail   ON course.course_id = course_detail.course_id   LEFT JOIN T_DETAIL as detail  ON course_detail.course_detail_no = detail.course_detail_no  LEFT JOIN T_COURSE_DETAIL_STUDENT as detail_student  ON detail_student.offer_no = course_org.offer_no  AND detail_student.org_no = m_org.org_no  AND detail_student.course_id = course.course_id  AND detail_student.course_detail_no = course_detail.course_detail_no  LEFT JOIN T_STUDENT as student ON detail_student.student_no = student.student_no  AND m_org.org_no = student.org_no LEFT JOIN (  SELECT answer.offer_no offer_no  ,answer.course_id course_id  ,answer.course_detail_no course_detail_no  ,answer.student_no student_no  ,MIN(answer.answer_dt) answer_dt  FROM T_COURSE_DETAIL_QUESTION cdques   LEFT JOIN T_4SKILL_ANSWER as answer ON answer.course_detail_no = cdques.course_detail_no  AND answer.question_no = cdques.question_no  AND answer.del_flg = 0  AND cdques.del_flg = 0  GROUP BY offer_no ,course_id ,course_detail_no, student_no ) skill_answer  ON skill_answer.offer_no = course_org.offer_no  AND skill_answer.student_no = student.student_no  AND skill_answer.course_id = course.course_id  AND skill_answer.course_detail_no = course_detail.course_detail_no  LEFT JOIN T_4SKILL_RESULT as skill_result ON skill_result.offer_no = course_org.offer_no  AND skill_result.student_no = student.student_no  AND skill_result.course_id = course.course_id  AND skill_result.course_detail_no = course_detail.course_detail_no  AND skill_result.del_flg = 0  WHERE course.course_id = :course_id  AND course_detail.course_detail_no = :course_detail_no  AND student.student_no = :student_no  AND m_org.org_no = :org_no  AND course_org.offer_no = :offer_no  AND course.del_flg = '0'  AND course_detail.del_flg = '0'  AND detail.del_flg = '0'  AND detail_student.del_flg = '0'  AND m_org.del_flg = '0'  GROUP BY  org_no,org_id, org_name,org_name_official,course_id,course_name,remarks,course_detail_name,course_detail_romaji,course_detail_no,disp_no,status,course_level,test_kbn,start_period,end_period,student_no,student_name,login_id,stu_course_end_period,stu_course_start_period,answer_dt,update_dt ORDER BY  course_detail.disp_no ASC 
2022-06-07 10:06:50,188 DEBUG [85688] [] indexAction end
2022-06-07 10:06:50,188 DEBUG [85688] [] StudentCourseDetailEditController end
2022-06-07 10:06:50,188 DEBUG [85688] [] finally
2022-06-07 10:06:53,572 DEBUG [85688] [] Request URI : /eccadmin_dev/CourseContractConfirmList/search
2022-06-07 10:06:53,573 DEBUG [85688] [] CourseContractConfirmListController start
2022-06-07 10:06:53,573 DEBUG [85688] [] controllers/CourseContractConfirmListController.php: is exist
2022-06-07 10:06:53,574 DEBUG [85688] [] CourseContractConfirmListForm: is exist
2022-06-07 10:06:53,574 DEBUG [85688] [] CourseContractConfirmListForm: form value set 
2022-06-07 10:06:53,575 DEBUG [85688] [] ------------------------------/eccadmin_dev/CourseContractConfirmList/search
2022-06-07 10:06:53,575 DEBUG [85688] [] searchAction start
2022-06-07 10:06:53,575 DEBUG [85688] [] admin_no is 1
2022-06-07 10:06:53,577 DEBUG [85688] [] CourseContractConfirmList　Query
2022-06-07 10:06:53,577 DEBUG [85688] []  SELECT   o.org_no    ,o.org_id  ,o.org_name  ,o.org_name_official  ,c.course_id  ,c.course_name  ,date_format(co.start_period,'%Y/%m/%d') AS  co_start_period ,date_format(co.end_period,'%Y/%m/%d') AS  co_end_period ,co.remarks  ,co.offer_no  ,d.course_detail_no  ,d.course_detail_name  ,s.student_no  ,s.student_name  ,s.login_id  ,date_format(cds.start_period,'%Y/%m/%d') AS cds_start_period  ,date_format(cds.end_period,'%Y/%m/%d') AS cds_end_period  ,date_format(answer.answer_dt,'%Y/%m/%d') AS a_answer_dt  ,date_format(r.update_dt,'%Y/%m/%d') AS u_update_dt  ,teacher.display_name AS display_name  ,teacher.login_id AS teacher_code ,teacher.name AS teacher_name ,teacher.school_kbn AS teacher_school   ,CONCAT(if (student_mark.result_marks IS NULL,'-', student_mark.result_marks ),'/',total_mark.marks) AS result  FROM M_ORGANIZATION o  INNER JOIN T_COURSE_ORG as co  ON co.org_no = o.org_no  AND co.del_flg = '0'  AND o.del_flg = '0'  INNER JOIN T_COURSE as c  ON c.course_id = co.course_id  AND c.del_flg = '0'  INNER JOIN T_COURSE_DETAIL as cd  ON cd.course_id = c.course_id  AND cd.del_flg = '0'  INNER JOIN T_DETAIL as d  ON d.course_detail_no = cd.course_detail_no  AND c.course_level = d.course_level  AND c.test_kbn = d.test_kbn  AND d.del_flg = '0'  LEFT JOIN T_COURSE_DETAIL_STUDENT as cds  ON cds.offer_no = co.offer_no  AND cds.course_id = c.course_id  AND cds.course_detail_no = cd.course_detail_no  AND cds.del_flg = '0'  LEFT JOIN T_STUDENT as s  ON s.org_no = co.org_no  AND s.student_no = cds.student_no  AND s.del_flg = '0'  LEFT JOIN T_4SKILL_RESULT as r  ON r.offer_no = co.offer_no  AND r.course_id = c.course_id  AND r.course_detail_no = cd.course_detail_no  AND r.student_no = cds.student_no  AND r.del_flg = '0'  LEFT JOIN ( SELECT teacher_no,  del_flg, display_name, login_id, name, CASE WHEN school_kbn = '001' THEN 'Philippines'  WHEN school_kbn = '002' THEN 'Japan' ELSE NULL END AS school_kbn  FROM T_TEACHER) teacher  ON r.updater_id = teacher.teacher_no  AND teacher.del_flg = '0'  LEFT JOIN (  SELECT offer_no  	,course_id course_id  	,course_detail_no course_detail_no  	,student_no  	,MIN(answer_dt) answer_dt  	FROM T_4SKILL_ANSWER  	WHERE del_flg = '0'   	GROUP BY offer_no,course_id,course_detail_no,student_no ) answer  ON c.course_id = answer.course_id  AND cd.course_detail_no = answer.course_detail_no  AND co.offer_no = answer.offer_no  AND s.student_no = answer.student_no  LEFT JOIN (  	SELECT a.offer_no ,a.student_no,a.course_id,a.course_detail_no,SUM(a.marks) as result_marks  	FROM (  		SELECT skill_answer.offer_no  		,skill_answer.student_no  		,skill_answer.course_id  		,skill_answer.course_detail_no  		,skill_result_detail.rule_no  		,skill_result_detail.sub_rule_no  		,skill_result_detail.rule_detail_no  		,mark_detail.marks  		FROM T_4SKILL_ANSWER skill_answer  		LEFT JOIN T_4SKILL_RESULT skill_result  		ON skill_answer.offer_no = skill_result.offer_no  		AND skill_answer.student_no = skill_result.student_no  		AND skill_answer.course_id = skill_result.course_id  		AND skill_answer.course_detail_no = skill_result.course_detail_no  		INNER JOIN T_4SKILL_RESULT_DETAIL skill_result_detail  		ON skill_result.result_no = skill_result_detail.result_no  		INNER JOIN M_MARK_DETAIL mark_detail  		ON skill_result_detail.rule_no = mark_detail.rule_no  		AND skill_result_detail.sub_rule_no = mark_detail.sub_rule_no  		AND skill_result_detail.rule_detail_no = mark_detail.rule_detail_no  		AND skill_answer.del_flg = '0'  		AND skill_result.del_flg = '0'  		GROUP BY skill_answer.offer_no ,skill_answer.student_no ,skill_answer.course_id,mark_detail.marks  		,skill_answer.course_detail_no ,skill_result_detail.rule_no  		,skill_result_detail.sub_rule_no ,skill_result_detail.rule_detail_no  	) as a  	GROUP BY a.offer_no  ,a.student_no  ,a.course_id  ,a.course_detail_no  ) as student_mark  ON s.student_no = student_mark.student_no  AND co.offer_no = student_mark.offer_no  AND co.course_id = student_mark.course_id  AND cd.course_detail_no = student_mark.course_detail_no  LEFT JOIN  (  	SELECT mark_rule.course_level  	, mark_rule.test_kbn  	, course.course_id  	, course_detail.course_detail_no  	, SUM(mark_detail.max_marks) marks  	FROM T_COURSE course  	INNER JOIN T_COURSE_DETAIL course_detail  	ON course.course_id = course_detail.course_id  	AND course.del_flg = '0'  	AND course_detail.del_flg = '0'  	INNER JOIN T_COURSE_DETAIL_QUESTION course_detail_qa  	ON course_detail.course_detail_no = course_detail_qa.course_detail_no  	AND course_detail_qa.del_flg = '0'  	INNER JOIN T_QUESTION ques  	ON course_detail_qa.question_no = ques.question_no  	AND ques.del_flg = '0'  	INNER JOIN  M_MARK_RULE mark_rule  	ON ques.score_pattern = mark_rule.score_pattern  	AND course.course_level = mark_rule.course_level  	AND course.test_kbn = mark_rule.test_kbn  	INNER JOIN  (  		SELECT  rule_no  			,SUM(max_marks) AS max_marks  			FROM (  				SELECT rule_no  				,sub_rule_no  				,MAX(marks) AS max_marks  				FROM M_MARK_DETAIL  				WHERE del_flg = '0'  				GROUP BY rule_no,sub_rule_no) AS max  			GROUP BY rule_no  		) mark_detail  	ON mark_rule.rule_no = mark_detail.rule_no  	GROUP BY mark_rule.course_level      ,mark_rule.test_kbn, course.course_id, course_detail.course_detail_no  ) as total_mark  ON c.course_id = total_mark.course_id  AND cd.course_detail_no = total_mark.course_detail_no  AND c.course_level =  total_mark.course_level  AND c.test_kbn =  total_mark.test_kbn  WHERE  '1' = '1'  AND c.course_id = :course_id_from  AND co.end_period >= :start_period  AND co.start_period <= :end_period  GROUP BY o.org_no,o.org_id,o.org_name,o.org_name_official,c.course_id,c.course_name,co_start_period,co_end_period,co.remarks,co.offer_no, d.course_detail_no, d.course_detail_name,s.student_no,s.student_name,s.login_id,cds_start_period,cds_end_period,a_answer_dt,u_update_dt,display_name,teacher.login_id,teacher_name,teacher.school_kbn ORDER BY o.org_no,co.offer_no, c.course_id, cd.disp_no, cds.course_detail_no,s.login_id
2022-06-07 10:06:53,780 DEBUG [85688] [] searchAction end
2022-06-07 10:06:53,780 DEBUG [85688] [] CourseContractConfirmListController end
2022-06-07 10:06:53,780 DEBUG [85688] [] finally
2022-06-07 10:06:59,676 DEBUG [85751] [] Request URI : /eccadmin_dev/CourseContractConfirmList/Search
2022-06-07 10:06:59,680 DEBUG [85751] [] CourseContractConfirmListController start
2022-06-07 10:06:59,680 DEBUG [85751] [] controllers/CourseContractConfirmListController.php: is exist
2022-06-07 10:06:59,681 DEBUG [85751] [] CourseContractConfirmListForm: is exist
2022-06-07 10:06:59,682 DEBUG [85751] [] CourseContractConfirmListForm: form value set 
2022-06-07 10:06:59,682 DEBUG [85751] [] ------------------------------/eccadmin_dev/CourseContractConfirmList/Search
2022-06-07 10:06:59,683 DEBUG [85751] [] SearchAction start
2022-06-07 10:06:59,683 DEBUG [85751] [] admin_no is 1
2022-06-07 10:06:59,685 DEBUG [85751] [] CourseContractConfirmList　Query
2022-06-07 10:06:59,685 DEBUG [85751] []  SELECT   o.org_no    ,o.org_id  ,o.org_name  ,o.org_name_official  ,c.course_id  ,c.course_name  ,date_format(co.start_period,'%Y/%m/%d') AS  co_start_period ,date_format(co.end_period,'%Y/%m/%d') AS  co_end_period ,co.remarks  ,co.offer_no  ,d.course_detail_no  ,d.course_detail_name  ,s.student_no  ,s.student_name  ,s.login_id  ,date_format(cds.start_period,'%Y/%m/%d') AS cds_start_period  ,date_format(cds.end_period,'%Y/%m/%d') AS cds_end_period  ,date_format(answer.answer_dt,'%Y/%m/%d') AS a_answer_dt  ,date_format(r.update_dt,'%Y/%m/%d') AS u_update_dt  ,teacher.display_name AS display_name  ,teacher.login_id AS teacher_code ,teacher.name AS teacher_name ,teacher.school_kbn AS teacher_school   ,CONCAT(if (student_mark.result_marks IS NULL,'-', student_mark.result_marks ),'/',total_mark.marks) AS result  FROM M_ORGANIZATION o  INNER JOIN T_COURSE_ORG as co  ON co.org_no = o.org_no  AND co.del_flg = '0'  AND o.del_flg = '0'  INNER JOIN T_COURSE as c  ON c.course_id = co.course_id  AND c.del_flg = '0'  INNER JOIN T_COURSE_DETAIL as cd  ON cd.course_id = c.course_id  AND cd.del_flg = '0'  INNER JOIN T_DETAIL as d  ON d.course_detail_no = cd.course_detail_no  AND c.course_level = d.course_level  AND c.test_kbn = d.test_kbn  AND d.del_flg = '0'  LEFT JOIN T_COURSE_DETAIL_STUDENT as cds  ON cds.offer_no = co.offer_no  AND cds.course_id = c.course_id  AND cds.course_detail_no = cd.course_detail_no  AND cds.del_flg = '0'  LEFT JOIN T_STUDENT as s  ON s.org_no = co.org_no  AND s.student_no = cds.student_no  AND s.del_flg = '0'  LEFT JOIN T_4SKILL_RESULT as r  ON r.offer_no = co.offer_no  AND r.course_id = c.course_id  AND r.course_detail_no = cd.course_detail_no  AND r.student_no = cds.student_no  AND r.del_flg = '0'  LEFT JOIN ( SELECT teacher_no,  del_flg, display_name, login_id, name, CASE WHEN school_kbn = '001' THEN 'Philippines'  WHEN school_kbn = '002' THEN 'Japan' ELSE NULL END AS school_kbn  FROM T_TEACHER) teacher  ON r.updater_id = teacher.teacher_no  AND teacher.del_flg = '0'  LEFT JOIN (  SELECT offer_no  	,course_id course_id  	,course_detail_no course_detail_no  	,student_no  	,MIN(answer_dt) answer_dt  	FROM T_4SKILL_ANSWER  	WHERE del_flg = '0'   	GROUP BY offer_no,course_id,course_detail_no,student_no ) answer  ON c.course_id = answer.course_id  AND cd.course_detail_no = answer.course_detail_no  AND co.offer_no = answer.offer_no  AND s.student_no = answer.student_no  LEFT JOIN (  	SELECT a.offer_no ,a.student_no,a.course_id,a.course_detail_no,SUM(a.marks) as result_marks  	FROM (  		SELECT skill_answer.offer_no  		,skill_answer.student_no  		,skill_answer.course_id  		,skill_answer.course_detail_no  		,skill_result_detail.rule_no  		,skill_result_detail.sub_rule_no  		,skill_result_detail.rule_detail_no  		,mark_detail.marks  		FROM T_4SKILL_ANSWER skill_answer  		LEFT JOIN T_4SKILL_RESULT skill_result  		ON skill_answer.offer_no = skill_result.offer_no  		AND skill_answer.student_no = skill_result.student_no  		AND skill_answer.course_id = skill_result.course_id  		AND skill_answer.course_detail_no = skill_result.course_detail_no  		INNER JOIN T_4SKILL_RESULT_DETAIL skill_result_detail  		ON skill_result.result_no = skill_result_detail.result_no  		INNER JOIN M_MARK_DETAIL mark_detail  		ON skill_result_detail.rule_no = mark_detail.rule_no  		AND skill_result_detail.sub_rule_no = mark_detail.sub_rule_no  		AND skill_result_detail.rule_detail_no = mark_detail.rule_detail_no  		AND skill_answer.del_flg = '0'  		AND skill_result.del_flg = '0'  		GROUP BY skill_answer.offer_no ,skill_answer.student_no ,skill_answer.course_id,mark_detail.marks  		,skill_answer.course_detail_no ,skill_result_detail.rule_no  		,skill_result_detail.sub_rule_no ,skill_result_detail.rule_detail_no  	) as a  	GROUP BY a.offer_no  ,a.student_no  ,a.course_id  ,a.course_detail_no  ) as student_mark  ON s.student_no = student_mark.student_no  AND co.offer_no = student_mark.offer_no  AND co.course_id = student_mark.course_id  AND cd.course_detail_no = student_mark.course_detail_no  LEFT JOIN  (  	SELECT mark_rule.course_level  	, mark_rule.test_kbn  	, course.course_id  	, course_detail.course_detail_no  	, SUM(mark_detail.max_marks) marks  	FROM T_COURSE course  	INNER JOIN T_COURSE_DETAIL course_detail  	ON course.course_id = course_detail.course_id  	AND course.del_flg = '0'  	AND course_detail.del_flg = '0'  	INNER JOIN T_COURSE_DETAIL_QUESTION course_detail_qa  	ON course_detail.course_detail_no = course_detail_qa.course_detail_no  	AND course_detail_qa.del_flg = '0'  	INNER JOIN T_QUESTION ques  	ON course_detail_qa.question_no = ques.question_no  	AND ques.del_flg = '0'  	INNER JOIN  M_MARK_RULE mark_rule  	ON ques.score_pattern = mark_rule.score_pattern  	AND course.course_level = mark_rule.course_level  	AND course.test_kbn = mark_rule.test_kbn  	INNER JOIN  (  		SELECT  rule_no  			,SUM(max_marks) AS max_marks  			FROM (  				SELECT rule_no  				,sub_rule_no  				,MAX(marks) AS max_marks  				FROM M_MARK_DETAIL  				WHERE del_flg = '0'  				GROUP BY rule_no,sub_rule_no) AS max  			GROUP BY rule_no  		) mark_detail  	ON mark_rule.rule_no = mark_detail.rule_no  	GROUP BY mark_rule.course_level      ,mark_rule.test_kbn, course.course_id, course_detail.course_detail_no  ) as total_mark  ON c.course_id = total_mark.course_id  AND cd.course_detail_no = total_mark.course_detail_no  AND c.course_level =  total_mark.course_level  AND c.test_kbn =  total_mark.test_kbn  WHERE  '1' = '1'  AND c.course_id = :course_id_from  AND co.end_period >= :start_period  AND co.start_period <= :end_period  GROUP BY o.org_no,o.org_id,o.org_name,o.org_name_official,c.course_id,c.course_name,co_start_period,co_end_period,co.remarks,co.offer_no, d.course_detail_no, d.course_detail_name,s.student_no,s.student_name,s.login_id,cds_start_period,cds_end_period,a_answer_dt,u_update_dt,display_name,teacher.login_id,teacher_name,teacher.school_kbn ORDER BY o.org_no,co.offer_no, c.course_id, cd.disp_no, cds.course_detail_no,s.login_id
2022-06-07 10:06:59,888 DEBUG [85751] [] SearchAction end
2022-06-07 10:06:59,888 DEBUG [85751] [] CourseContractConfirmListController end
2022-06-07 10:06:59,889 DEBUG [85751] [] finally
2022-06-07 10:07:04,919 DEBUG [85752] [] Request URI : /eccadmin_dev/StudentCourseDetailEdit/index
2022-06-07 10:07:04,922 DEBUG [85752] [] StudentCourseDetailEditController start
2022-06-07 10:07:04,922 DEBUG [85752] [] controllers/StudentCourseDetailEditController.php: is exist
2022-06-07 10:07:04,925 DEBUG [85752] [] StudentCourseDetailEditForm: is exist
2022-06-07 10:07:04,925 DEBUG [85752] [] StudentCourseDetailEditForm: form value set 
2022-06-07 10:07:04,925 DEBUG [85752] [] ------------------------------/eccadmin_dev/StudentCourseDetailEdit/index
2022-06-07 10:07:04,926 DEBUG [85752] [] ------------------------------session_check_true
2022-06-07 10:07:04,926 DEBUG [85752] [] indexAction start
2022-06-07 10:07:04,926 DEBUG [85752] [] admin_no is 1
2022-06-07 10:07:04,927 DEBUG [85752] []  SELECT DISTINCT m_org.org_no  ,m_org.org_id  ,m_org.org_name  ,m_org.org_name_official  ,course.course_id  ,course.course_name  ,course.remarks  ,detail.course_detail_name  ,detail.course_detail_romaji  ,detail.course_detail_no  ,course_detail.disp_no  ,detail.status  ,(SELECT name FROM M_TYPE a WHERE category=:course_level AND a.type=detail.course_level) AS course_level  ,(SELECT name FROM M_TYPE a WHERE category=:test_kbn AND a.type=detail.test_kbn) AS test_kbn  ,date_format(course_org.start_period,'%Y/%m/%d') AS start_period  ,date_format(course_org.end_period,'%Y/%m/%d') AS end_period  ,student.student_no  ,student.student_name  ,student.student_name_romaji  ,student.login_id  ,date_format(detail_student.start_period,'%Y/%m/%d') AS stu_course_start_period ,date_format(detail_student.end_period,'%Y/%m/%d') AS stu_course_end_period ,date_format(skill_answer.answer_dt,'%Y/%m/%d') AS answer_dt  ,date_format(skill_result.update_dt,'%Y/%m/%d') AS update_dt FROM T_COURSE course  LEFT JOIN T_COURSE_ORG as course_org  ON course_org.course_id = course.course_id  LEFT JOIN M_ORGANIZATION as m_org  ON course_org.org_no = m_org.org_no  LEFT JOIN T_COURSE_DETAIL as course_detail   ON course.course_id = course_detail.course_id   LEFT JOIN T_DETAIL as detail  ON course_detail.course_detail_no = detail.course_detail_no  LEFT JOIN T_COURSE_DETAIL_STUDENT as detail_student  ON detail_student.offer_no = course_org.offer_no  AND detail_student.org_no = m_org.org_no  AND detail_student.course_id = course.course_id  AND detail_student.course_detail_no = course_detail.course_detail_no  LEFT JOIN T_STUDENT as student ON detail_student.student_no = student.student_no  AND m_org.org_no = student.org_no LEFT JOIN (  SELECT answer.offer_no offer_no  ,answer.course_id course_id  ,answer.course_detail_no course_detail_no  ,answer.student_no student_no  ,MIN(answer.answer_dt) answer_dt  FROM T_COURSE_DETAIL_QUESTION cdques   LEFT JOIN T_4SKILL_ANSWER as answer ON answer.course_detail_no = cdques.course_detail_no  AND answer.question_no = cdques.question_no  AND answer.del_flg = 0  AND cdques.del_flg = 0  GROUP BY offer_no ,course_id ,course_detail_no, student_no ) skill_answer  ON skill_answer.offer_no = course_org.offer_no  AND skill_answer.student_no = student.student_no  AND skill_answer.course_id = course.course_id  AND skill_answer.course_detail_no = course_detail.course_detail_no  LEFT JOIN T_4SKILL_RESULT as skill_result ON skill_result.offer_no = course_org.offer_no  AND skill_result.student_no = student.student_no  AND skill_result.course_id = course.course_id  AND skill_result.course_detail_no = course_detail.course_detail_no  AND skill_result.del_flg = 0  WHERE course.course_id = :course_id  AND course_detail.course_detail_no = :course_detail_no  AND student.student_no = :student_no  AND m_org.org_no = :org_no  AND course_org.offer_no = :offer_no  AND course.del_flg = '0'  AND course_detail.del_flg = '0'  AND detail.del_flg = '0'  AND detail_student.del_flg = '0'  AND m_org.del_flg = '0'  GROUP BY  org_no,org_id, org_name,org_name_official,course_id,course_name,remarks,course_detail_name,course_detail_romaji,course_detail_no,disp_no,status,course_level,test_kbn,start_period,end_period,student_no,student_name,login_id,stu_course_end_period,stu_course_start_period,answer_dt,update_dt ORDER BY  course_detail.disp_no ASC 
2022-06-07 10:07:05,222 DEBUG [85752] []  SELECT DISTINCT m_org.org_no  ,m_org.org_id  ,m_org.org_name  ,m_org.org_name_official  ,course.course_id  ,course.course_name  ,course.remarks  ,detail.course_detail_name  ,detail.course_detail_romaji  ,detail.course_detail_no  ,course_detail.disp_no  ,detail.status  ,(SELECT name FROM M_TYPE a WHERE category=:course_level AND a.type=detail.course_level) AS course_level  ,(SELECT name FROM M_TYPE a WHERE category=:test_kbn AND a.type=detail.test_kbn) AS test_kbn  ,date_format(course_org.start_period,'%Y/%m/%d') AS start_period  ,date_format(course_org.end_period,'%Y/%m/%d') AS end_period  ,student.student_no  ,student.student_name  ,student.student_name_romaji  ,student.login_id  ,date_format(detail_student.start_period,'%Y/%m/%d') AS stu_course_start_period ,date_format(detail_student.end_period,'%Y/%m/%d') AS stu_course_end_period ,date_format(skill_answer.answer_dt,'%Y/%m/%d') AS answer_dt  ,date_format(skill_result.update_dt,'%Y/%m/%d') AS update_dt FROM T_COURSE course  LEFT JOIN T_COURSE_ORG as course_org  ON course_org.course_id = course.course_id  LEFT JOIN M_ORGANIZATION as m_org  ON course_org.org_no = m_org.org_no  LEFT JOIN T_COURSE_DETAIL as course_detail   ON course.course_id = course_detail.course_id   LEFT JOIN T_DETAIL as detail  ON course_detail.course_detail_no = detail.course_detail_no  LEFT JOIN T_COURSE_DETAIL_STUDENT as detail_student  ON detail_student.offer_no = course_org.offer_no  AND detail_student.org_no = m_org.org_no  AND detail_student.course_id = course.course_id  AND detail_student.course_detail_no = course_detail.course_detail_no  LEFT JOIN T_STUDENT as student ON detail_student.student_no = student.student_no  AND m_org.org_no = student.org_no LEFT JOIN (  SELECT answer.offer_no offer_no  ,answer.course_id course_id  ,answer.course_detail_no course_detail_no  ,answer.student_no student_no  ,MIN(answer.answer_dt) answer_dt  FROM T_COURSE_DETAIL_QUESTION cdques   LEFT JOIN T_4SKILL_ANSWER as answer ON answer.course_detail_no = cdques.course_detail_no  AND answer.question_no = cdques.question_no  AND answer.del_flg = 0  AND cdques.del_flg = 0  GROUP BY offer_no ,course_id ,course_detail_no, student_no ) skill_answer  ON skill_answer.offer_no = course_org.offer_no  AND skill_answer.student_no = student.student_no  AND skill_answer.course_id = course.course_id  AND skill_answer.course_detail_no = course_detail.course_detail_no  LEFT JOIN T_4SKILL_RESULT as skill_result ON skill_result.offer_no = course_org.offer_no  AND skill_result.student_no = student.student_no  AND skill_result.course_id = course.course_id  AND skill_result.course_detail_no = course_detail.course_detail_no  AND skill_result.del_flg = 0  WHERE course.course_id = :course_id  AND student.student_no = :student_no  AND m_org.org_no = :org_no  AND course_org.offer_no = :offer_no  AND course.del_flg = '0'  AND course_detail.del_flg = '0'  AND detail.del_flg = '0'  AND detail_student.del_flg = '0'  AND m_org.del_flg = '0'  GROUP BY  org_no,org_id, org_name,org_name_official,course_id,course_name,remarks,course_detail_name,course_detail_romaji,course_detail_no,disp_no,status,course_level,test_kbn,start_period,end_period,student_no,student_name,login_id,stu_course_end_period,stu_course_start_period,answer_dt,update_dt ORDER BY  course_detail.disp_no ASC 
2022-06-07 10:07:05,527 DEBUG [85752] []  SELECT DISTINCT m_org.org_no  ,m_org.org_id  ,m_org.org_name  ,m_org.org_name_official  ,course.course_id  ,course.course_name  ,course.remarks  ,detail.course_detail_name  ,detail.course_detail_romaji  ,detail.course_detail_no  ,course_detail.disp_no  ,detail.status  ,(SELECT name FROM M_TYPE a WHERE category=:course_level AND a.type=detail.course_level) AS course_level  ,(SELECT name FROM M_TYPE a WHERE category=:test_kbn AND a.type=detail.test_kbn) AS test_kbn  ,date_format(course_org.start_period,'%Y/%m/%d') AS start_period  ,date_format(course_org.end_period,'%Y/%m/%d') AS end_period  ,student.student_no  ,student.student_name  ,student.student_name_romaji  ,student.login_id  ,date_format(detail_student.start_period,'%Y/%m/%d') AS stu_course_start_period ,date_format(detail_student.end_period,'%Y/%m/%d') AS stu_course_end_period ,date_format(skill_answer.answer_dt,'%Y/%m/%d') AS answer_dt  ,date_format(skill_result.update_dt,'%Y/%m/%d') AS update_dt FROM T_COURSE course  LEFT JOIN T_COURSE_ORG as course_org  ON course_org.course_id = course.course_id  LEFT JOIN M_ORGANIZATION as m_org  ON course_org.org_no = m_org.org_no  LEFT JOIN T_COURSE_DETAIL as course_detail   ON course.course_id = course_detail.course_id   LEFT JOIN T_DETAIL as detail  ON course_detail.course_detail_no = detail.course_detail_no  LEFT JOIN T_COURSE_DETAIL_STUDENT as detail_student  ON detail_student.offer_no = course_org.offer_no  AND detail_student.org_no = m_org.org_no  AND detail_student.course_id = course.course_id  AND detail_student.course_detail_no = course_detail.course_detail_no  LEFT JOIN T_STUDENT as student ON detail_student.student_no = student.student_no  AND m_org.org_no = student.org_no LEFT JOIN (  SELECT answer.offer_no offer_no  ,answer.course_id course_id  ,answer.course_detail_no course_detail_no  ,answer.student_no student_no  ,MIN(answer.answer_dt) answer_dt  FROM T_COURSE_DETAIL_QUESTION cdques   LEFT JOIN T_4SKILL_ANSWER as answer ON answer.course_detail_no = cdques.course_detail_no  AND answer.question_no = cdques.question_no  AND answer.del_flg = 0  AND cdques.del_flg = 0  GROUP BY offer_no ,course_id ,course_detail_no, student_no ) skill_answer  ON skill_answer.offer_no = course_org.offer_no  AND skill_answer.student_no = student.student_no  AND skill_answer.course_id = course.course_id  AND skill_answer.course_detail_no = course_detail.course_detail_no  LEFT JOIN T_4SKILL_RESULT as skill_result ON skill_result.offer_no = course_org.offer_no  AND skill_result.student_no = student.student_no  AND skill_result.course_id = course.course_id  AND skill_result.course_detail_no = course_detail.course_detail_no  AND skill_result.del_flg = 0  WHERE course.course_id = :course_id  AND course_detail.course_detail_no = :course_detail_no  AND student.student_no = :student_no  AND m_org.org_no = :org_no  AND course_org.offer_no = :offer_no  AND course.del_flg = '0'  AND course_detail.del_flg = '0'  AND detail.del_flg = '0'  AND detail_student.del_flg = '0'  AND m_org.del_flg = '0'  GROUP BY  org_no,org_id, org_name,org_name_official,course_id,course_name,remarks,course_detail_name,course_detail_romaji,course_detail_no,disp_no,status,course_level,test_kbn,start_period,end_period,student_no,student_name,login_id,stu_course_end_period,stu_course_start_period,answer_dt,update_dt ORDER BY  course_detail.disp_no ASC 
2022-06-07 10:07:05,917 DEBUG [85752] [] indexAction end
2022-06-07 10:07:05,917 DEBUG [85752] [] StudentCourseDetailEditController end
2022-06-07 10:07:05,918 DEBUG [85752] [] finally
2022-06-07 10:07:08,299 DEBUG [85752] [] Request URI : /eccadmin_dev/StudentCourseDetailEdit/retake
2022-06-07 10:07:08,300 DEBUG [85752] [] StudentCourseDetailEditController start
2022-06-07 10:07:08,300 DEBUG [85752] [] controllers/StudentCourseDetailEditController.php: is exist
2022-06-07 10:07:08,303 DEBUG [85752] [] StudentCourseDetailEditForm: is exist
2022-06-07 10:07:08,304 DEBUG [85752] [] StudentCourseDetailEditForm: form value set 
2022-06-07 10:07:08,304 DEBUG [85752] [] ------------------------------/eccadmin_dev/StudentCourseDetailEdit/retake
2022-06-07 10:07:08,304 DEBUG [85752] [] ------------------------------session_check_true
2022-06-07 10:07:08,305 DEBUG [85752] [] retakeAction start
2022-06-07 10:07:08,305 DEBUG [85752] [] admin_no is 1
2022-06-07 10:07:08,309 DEBUG [85752] [] 再受講設定しました。
2022-06-07 10:07:08,310 DEBUG [85752] [] ユーザーの組織 :1
2022-06-07 10:07:08,310 DEBUG [85752] [] 受講者No :1
2022-06-07 10:07:08,310 DEBUG [85752] [] Offer No :260
2022-06-07 10:07:08,310 DEBUG [85752] [] コース名 :28
2022-06-07 10:07:08,310 DEBUG [85752] [] コース詳細名 :28
2022-06-07 10:07:08,311 DEBUG [85752] []  SELECT DISTINCT m_org.org_no  ,m_org.org_id  ,m_org.org_name  ,m_org.org_name_official  ,course.course_id  ,course.course_name  ,course.remarks  ,detail.course_detail_name  ,detail.course_detail_romaji  ,detail.course_detail_no  ,course_detail.disp_no  ,detail.status  ,(SELECT name FROM M_TYPE a WHERE category=:course_level AND a.type=detail.course_level) AS course_level  ,(SELECT name FROM M_TYPE a WHERE category=:test_kbn AND a.type=detail.test_kbn) AS test_kbn  ,date_format(course_org.start_period,'%Y/%m/%d') AS start_period  ,date_format(course_org.end_period,'%Y/%m/%d') AS end_period  ,student.student_no  ,student.student_name  ,student.student_name_romaji  ,student.login_id  ,date_format(detail_student.start_period,'%Y/%m/%d') AS stu_course_start_period ,date_format(detail_student.end_period,'%Y/%m/%d') AS stu_course_end_period ,date_format(skill_answer.answer_dt,'%Y/%m/%d') AS answer_dt  ,date_format(skill_result.update_dt,'%Y/%m/%d') AS update_dt FROM T_COURSE course  LEFT JOIN T_COURSE_ORG as course_org  ON course_org.course_id = course.course_id  LEFT JOIN M_ORGANIZATION as m_org  ON course_org.org_no = m_org.org_no  LEFT JOIN T_COURSE_DETAIL as course_detail   ON course.course_id = course_detail.course_id   LEFT JOIN T_DETAIL as detail  ON course_detail.course_detail_no = detail.course_detail_no  LEFT JOIN T_COURSE_DETAIL_STUDENT as detail_student  ON detail_student.offer_no = course_org.offer_no  AND detail_student.org_no = m_org.org_no  AND detail_student.course_id = course.course_id  AND detail_student.course_detail_no = course_detail.course_detail_no  LEFT JOIN T_STUDENT as student ON detail_student.student_no = student.student_no  AND m_org.org_no = student.org_no LEFT JOIN (  SELECT answer.offer_no offer_no  ,answer.course_id course_id  ,answer.course_detail_no course_detail_no  ,answer.student_no student_no  ,MIN(answer.answer_dt) answer_dt  FROM T_COURSE_DETAIL_QUESTION cdques   LEFT JOIN T_4SKILL_ANSWER as answer ON answer.course_detail_no = cdques.course_detail_no  AND answer.question_no = cdques.question_no  AND answer.del_flg = 0  AND cdques.del_flg = 0  GROUP BY offer_no ,course_id ,course_detail_no, student_no ) skill_answer  ON skill_answer.offer_no = course_org.offer_no  AND skill_answer.student_no = student.student_no  AND skill_answer.course_id = course.course_id  AND skill_answer.course_detail_no = course_detail.course_detail_no  LEFT JOIN T_4SKILL_RESULT as skill_result ON skill_result.offer_no = course_org.offer_no  AND skill_result.student_no = student.student_no  AND skill_result.course_id = course.course_id  AND skill_result.course_detail_no = course_detail.course_detail_no  AND skill_result.del_flg = 0  WHERE course.course_id = :course_id  AND course_detail.course_detail_no = :course_detail_no  AND student.student_no = :student_no  AND m_org.org_no = :org_no  AND course_org.offer_no = :offer_no  AND course.del_flg = '0'  AND course_detail.del_flg = '0'  AND detail.del_flg = '0'  AND detail_student.del_flg = '0'  AND m_org.del_flg = '0'  GROUP BY  org_no,org_id, org_name,org_name_official,course_id,course_name,remarks,course_detail_name,course_detail_romaji,course_detail_no,disp_no,status,course_level,test_kbn,start_period,end_period,student_no,student_name,login_id,stu_course_end_period,stu_course_start_period,answer_dt,update_dt ORDER BY  course_detail.disp_no ASC 
2022-06-07 10:07:08,587 DEBUG [85752] []  SELECT DISTINCT m_org.org_no  ,m_org.org_id  ,m_org.org_name  ,m_org.org_name_official  ,course.course_id  ,course.course_name  ,course.remarks  ,detail.course_detail_name  ,detail.course_detail_romaji  ,detail.course_detail_no  ,course_detail.disp_no  ,detail.status  ,(SELECT name FROM M_TYPE a WHERE category=:course_level AND a.type=detail.course_level) AS course_level  ,(SELECT name FROM M_TYPE a WHERE category=:test_kbn AND a.type=detail.test_kbn) AS test_kbn  ,date_format(course_org.start_period,'%Y/%m/%d') AS start_period  ,date_format(course_org.end_period,'%Y/%m/%d') AS end_period  ,student.student_no  ,student.student_name  ,student.student_name_romaji  ,student.login_id  ,date_format(detail_student.start_period,'%Y/%m/%d') AS stu_course_start_period ,date_format(detail_student.end_period,'%Y/%m/%d') AS stu_course_end_period ,date_format(skill_answer.answer_dt,'%Y/%m/%d') AS answer_dt  ,date_format(skill_result.update_dt,'%Y/%m/%d') AS update_dt FROM T_COURSE course  LEFT JOIN T_COURSE_ORG as course_org  ON course_org.course_id = course.course_id  LEFT JOIN M_ORGANIZATION as m_org  ON course_org.org_no = m_org.org_no  LEFT JOIN T_COURSE_DETAIL as course_detail   ON course.course_id = course_detail.course_id   LEFT JOIN T_DETAIL as detail  ON course_detail.course_detail_no = detail.course_detail_no  LEFT JOIN T_COURSE_DETAIL_STUDENT as detail_student  ON detail_student.offer_no = course_org.offer_no  AND detail_student.org_no = m_org.org_no  AND detail_student.course_id = course.course_id  AND detail_student.course_detail_no = course_detail.course_detail_no  LEFT JOIN T_STUDENT as student ON detail_student.student_no = student.student_no  AND m_org.org_no = student.org_no LEFT JOIN (  SELECT answer.offer_no offer_no  ,answer.course_id course_id  ,answer.course_detail_no course_detail_no  ,answer.student_no student_no  ,MIN(answer.answer_dt) answer_dt  FROM T_COURSE_DETAIL_QUESTION cdques   LEFT JOIN T_4SKILL_ANSWER as answer ON answer.course_detail_no = cdques.course_detail_no  AND answer.question_no = cdques.question_no  AND answer.del_flg = 0  AND cdques.del_flg = 0  GROUP BY offer_no ,course_id ,course_detail_no, student_no ) skill_answer  ON skill_answer.offer_no = course_org.offer_no  AND skill_answer.student_no = student.student_no  AND skill_answer.course_id = course.course_id  AND skill_answer.course_detail_no = course_detail.course_detail_no  LEFT JOIN T_4SKILL_RESULT as skill_result ON skill_result.offer_no = course_org.offer_no  AND skill_result.student_no = student.student_no  AND skill_result.course_id = course.course_id  AND skill_result.course_detail_no = course_detail.course_detail_no  AND skill_result.del_flg = 0  WHERE course.course_id = :course_id  AND student.student_no = :student_no  AND m_org.org_no = :org_no  AND course_org.offer_no = :offer_no  AND course.del_flg = '0'  AND course_detail.del_flg = '0'  AND detail.del_flg = '0'  AND detail_student.del_flg = '0'  AND m_org.del_flg = '0'  GROUP BY  org_no,org_id, org_name,org_name_official,course_id,course_name,remarks,course_detail_name,course_detail_romaji,course_detail_no,disp_no,status,course_level,test_kbn,start_period,end_period,student_no,student_name,login_id,stu_course_end_period,stu_course_start_period,answer_dt,update_dt ORDER BY  course_detail.disp_no ASC 
2022-06-07 10:07:08,878 DEBUG [85752] []  SELECT DISTINCT m_org.org_no  ,m_org.org_id  ,m_org.org_name  ,m_org.org_name_official  ,course.course_id  ,course.course_name  ,course.remarks  ,detail.course_detail_name  ,detail.course_detail_romaji  ,detail.course_detail_no  ,course_detail.disp_no  ,detail.status  ,(SELECT name FROM M_TYPE a WHERE category=:course_level AND a.type=detail.course_level) AS course_level  ,(SELECT name FROM M_TYPE a WHERE category=:test_kbn AND a.type=detail.test_kbn) AS test_kbn  ,date_format(course_org.start_period,'%Y/%m/%d') AS start_period  ,date_format(course_org.end_period,'%Y/%m/%d') AS end_period  ,student.student_no  ,student.student_name  ,student.student_name_romaji  ,student.login_id  ,date_format(detail_student.start_period,'%Y/%m/%d') AS stu_course_start_period ,date_format(detail_student.end_period,'%Y/%m/%d') AS stu_course_end_period ,date_format(skill_answer.answer_dt,'%Y/%m/%d') AS answer_dt  ,date_format(skill_result.update_dt,'%Y/%m/%d') AS update_dt FROM T_COURSE course  LEFT JOIN T_COURSE_ORG as course_org  ON course_org.course_id = course.course_id  LEFT JOIN M_ORGANIZATION as m_org  ON course_org.org_no = m_org.org_no  LEFT JOIN T_COURSE_DETAIL as course_detail   ON course.course_id = course_detail.course_id   LEFT JOIN T_DETAIL as detail  ON course_detail.course_detail_no = detail.course_detail_no  LEFT JOIN T_COURSE_DETAIL_STUDENT as detail_student  ON detail_student.offer_no = course_org.offer_no  AND detail_student.org_no = m_org.org_no  AND detail_student.course_id = course.course_id  AND detail_student.course_detail_no = course_detail.course_detail_no  LEFT JOIN T_STUDENT as student ON detail_student.student_no = student.student_no  AND m_org.org_no = student.org_no LEFT JOIN (  SELECT answer.offer_no offer_no  ,answer.course_id course_id  ,answer.course_detail_no course_detail_no  ,answer.student_no student_no  ,MIN(answer.answer_dt) answer_dt  FROM T_COURSE_DETAIL_QUESTION cdques   LEFT JOIN T_4SKILL_ANSWER as answer ON answer.course_detail_no = cdques.course_detail_no  AND answer.question_no = cdques.question_no  AND answer.del_flg = 0  AND cdques.del_flg = 0  GROUP BY offer_no ,course_id ,course_detail_no, student_no ) skill_answer  ON skill_answer.offer_no = course_org.offer_no  AND skill_answer.student_no = student.student_no  AND skill_answer.course_id = course.course_id  AND skill_answer.course_detail_no = course_detail.course_detail_no  LEFT JOIN T_4SKILL_RESULT as skill_result ON skill_result.offer_no = course_org.offer_no  AND skill_result.student_no = student.student_no  AND skill_result.course_id = course.course_id  AND skill_result.course_detail_no = course_detail.course_detail_no  AND skill_result.del_flg = 0  WHERE course.course_id = :course_id  AND course_detail.course_detail_no = :course_detail_no  AND student.student_no = :student_no  AND m_org.org_no = :org_no  AND course_org.offer_no = :offer_no  AND course.del_flg = '0'  AND course_detail.del_flg = '0'  AND detail.del_flg = '0'  AND detail_student.del_flg = '0'  AND m_org.del_flg = '0'  GROUP BY  org_no,org_id, org_name,org_name_official,course_id,course_name,remarks,course_detail_name,course_detail_romaji,course_detail_no,disp_no,status,course_level,test_kbn,start_period,end_period,student_no,student_name,login_id,stu_course_end_period,stu_course_start_period,answer_dt,update_dt ORDER BY  course_detail.disp_no ASC 
2022-06-07 10:07:09,210 DEBUG [85752] [] retakeAction end
2022-06-07 10:07:09,210 DEBUG [85752] [] StudentCourseDetailEditController end
2022-06-07 10:07:09,210 DEBUG [85752] [] finally
2022-06-07 10:07:30,648 DEBUG [85752] [] Request URI : /eccadmin_dev/CourseContractConfirmList/search
2022-06-07 10:07:30,648 DEBUG [85752] [] CourseContractConfirmListController start
2022-06-07 10:07:30,649 DEBUG [85752] [] controllers/CourseContractConfirmListController.php: is exist
2022-06-07 10:07:30,650 DEBUG [85752] [] CourseContractConfirmListForm: is exist
2022-06-07 10:07:30,650 DEBUG [85752] [] CourseContractConfirmListForm: form value set 
2022-06-07 10:07:30,650 DEBUG [85752] [] ------------------------------/eccadmin_dev/CourseContractConfirmList/search
2022-06-07 10:07:30,651 DEBUG [85752] [] searchAction start
2022-06-07 10:07:30,651 DEBUG [85752] [] admin_no is 1
2022-06-07 10:07:30,653 DEBUG [85752] [] CourseContractConfirmList　Query
2022-06-07 10:07:30,653 DEBUG [85752] []  SELECT   o.org_no    ,o.org_id  ,o.org_name  ,o.org_name_official  ,c.course_id  ,c.course_name  ,date_format(co.start_period,'%Y/%m/%d') AS  co_start_period ,date_format(co.end_period,'%Y/%m/%d') AS  co_end_period ,co.remarks  ,co.offer_no  ,d.course_detail_no  ,d.course_detail_name  ,s.student_no  ,s.student_name  ,s.login_id  ,date_format(cds.start_period,'%Y/%m/%d') AS cds_start_period  ,date_format(cds.end_period,'%Y/%m/%d') AS cds_end_period  ,date_format(answer.answer_dt,'%Y/%m/%d') AS a_answer_dt  ,date_format(r.update_dt,'%Y/%m/%d') AS u_update_dt  ,teacher.display_name AS display_name  ,teacher.login_id AS teacher_code ,teacher.name AS teacher_name ,teacher.school_kbn AS teacher_school   ,CONCAT(if (student_mark.result_marks IS NULL,'-', student_mark.result_marks ),'/',total_mark.marks) AS result  FROM M_ORGANIZATION o  INNER JOIN T_COURSE_ORG as co  ON co.org_no = o.org_no  AND co.del_flg = '0'  AND o.del_flg = '0'  INNER JOIN T_COURSE as c  ON c.course_id = co.course_id  AND c.del_flg = '0'  INNER JOIN T_COURSE_DETAIL as cd  ON cd.course_id = c.course_id  AND cd.del_flg = '0'  INNER JOIN T_DETAIL as d  ON d.course_detail_no = cd.course_detail_no  AND c.course_level = d.course_level  AND c.test_kbn = d.test_kbn  AND d.del_flg = '0'  LEFT JOIN T_COURSE_DETAIL_STUDENT as cds  ON cds.offer_no = co.offer_no  AND cds.course_id = c.course_id  AND cds.course_detail_no = cd.course_detail_no  AND cds.del_flg = '0'  LEFT JOIN T_STUDENT as s  ON s.org_no = co.org_no  AND s.student_no = cds.student_no  AND s.del_flg = '0'  LEFT JOIN T_4SKILL_RESULT as r  ON r.offer_no = co.offer_no  AND r.course_id = c.course_id  AND r.course_detail_no = cd.course_detail_no  AND r.student_no = cds.student_no  AND r.del_flg = '0'  LEFT JOIN ( SELECT teacher_no,  del_flg, display_name, login_id, name, CASE WHEN school_kbn = '001' THEN 'Philippines'  WHEN school_kbn = '002' THEN 'Japan' ELSE NULL END AS school_kbn  FROM T_TEACHER) teacher  ON r.updater_id = teacher.teacher_no  AND teacher.del_flg = '0'  LEFT JOIN (  SELECT offer_no  	,course_id course_id  	,course_detail_no course_detail_no  	,student_no  	,MIN(answer_dt) answer_dt  	FROM T_4SKILL_ANSWER  	WHERE del_flg = '0'   	GROUP BY offer_no,course_id,course_detail_no,student_no ) answer  ON c.course_id = answer.course_id  AND cd.course_detail_no = answer.course_detail_no  AND co.offer_no = answer.offer_no  AND s.student_no = answer.student_no  LEFT JOIN (  	SELECT a.offer_no ,a.student_no,a.course_id,a.course_detail_no,SUM(a.marks) as result_marks  	FROM (  		SELECT skill_answer.offer_no  		,skill_answer.student_no  		,skill_answer.course_id  		,skill_answer.course_detail_no  		,skill_result_detail.rule_no  		,skill_result_detail.sub_rule_no  		,skill_result_detail.rule_detail_no  		,mark_detail.marks  		FROM T_4SKILL_ANSWER skill_answer  		LEFT JOIN T_4SKILL_RESULT skill_result  		ON skill_answer.offer_no = skill_result.offer_no  		AND skill_answer.student_no = skill_result.student_no  		AND skill_answer.course_id = skill_result.course_id  		AND skill_answer.course_detail_no = skill_result.course_detail_no  		INNER JOIN T_4SKILL_RESULT_DETAIL skill_result_detail  		ON skill_result.result_no = skill_result_detail.result_no  		INNER JOIN M_MARK_DETAIL mark_detail  		ON skill_result_detail.rule_no = mark_detail.rule_no  		AND skill_result_detail.sub_rule_no = mark_detail.sub_rule_no  		AND skill_result_detail.rule_detail_no = mark_detail.rule_detail_no  		AND skill_answer.del_flg = '0'  		AND skill_result.del_flg = '0'  		GROUP BY skill_answer.offer_no ,skill_answer.student_no ,skill_answer.course_id,mark_detail.marks  		,skill_answer.course_detail_no ,skill_result_detail.rule_no  		,skill_result_detail.sub_rule_no ,skill_result_detail.rule_detail_no  	) as a  	GROUP BY a.offer_no  ,a.student_no  ,a.course_id  ,a.course_detail_no  ) as student_mark  ON s.student_no = student_mark.student_no  AND co.offer_no = student_mark.offer_no  AND co.course_id = student_mark.course_id  AND cd.course_detail_no = student_mark.course_detail_no  LEFT JOIN  (  	SELECT mark_rule.course_level  	, mark_rule.test_kbn  	, course.course_id  	, course_detail.course_detail_no  	, SUM(mark_detail.max_marks) marks  	FROM T_COURSE course  	INNER JOIN T_COURSE_DETAIL course_detail  	ON course.course_id = course_detail.course_id  	AND course.del_flg = '0'  	AND course_detail.del_flg = '0'  	INNER JOIN T_COURSE_DETAIL_QUESTION course_detail_qa  	ON course_detail.course_detail_no = course_detail_qa.course_detail_no  	AND course_detail_qa.del_flg = '0'  	INNER JOIN T_QUESTION ques  	ON course_detail_qa.question_no = ques.question_no  	AND ques.del_flg = '0'  	INNER JOIN  M_MARK_RULE mark_rule  	ON ques.score_pattern = mark_rule.score_pattern  	AND course.course_level = mark_rule.course_level  	AND course.test_kbn = mark_rule.test_kbn  	INNER JOIN  (  		SELECT  rule_no  			,SUM(max_marks) AS max_marks  			FROM (  				SELECT rule_no  				,sub_rule_no  				,MAX(marks) AS max_marks  				FROM M_MARK_DETAIL  				WHERE del_flg = '0'  				GROUP BY rule_no,sub_rule_no) AS max  			GROUP BY rule_no  		) mark_detail  	ON mark_rule.rule_no = mark_detail.rule_no  	GROUP BY mark_rule.course_level      ,mark_rule.test_kbn, course.course_id, course_detail.course_detail_no  ) as total_mark  ON c.course_id = total_mark.course_id  AND cd.course_detail_no = total_mark.course_detail_no  AND c.course_level =  total_mark.course_level  AND c.test_kbn =  total_mark.test_kbn  WHERE  '1' = '1'  AND c.course_id = :course_id_from  AND co.end_period >= :start_period  AND co.start_period <= :end_period  GROUP BY o.org_no,o.org_id,o.org_name,o.org_name_official,c.course_id,c.course_name,co_start_period,co_end_period,co.remarks,co.offer_no, d.course_detail_no, d.course_detail_name,s.student_no,s.student_name,s.login_id,cds_start_period,cds_end_period,a_answer_dt,u_update_dt,display_name,teacher.login_id,teacher_name,teacher.school_kbn ORDER BY o.org_no,co.offer_no, c.course_id, cd.disp_no, cds.course_detail_no,s.login_id
2022-06-07 10:07:30,864 DEBUG [85752] [] searchAction end
2022-06-07 10:07:30,864 DEBUG [85752] [] CourseContractConfirmListController end
2022-06-07 10:07:30,864 DEBUG [85752] [] finally
2022-06-07 10:33:17,042 DEBUG [86062] [] Request URI : /eccadmin_dev/Menu
2022-06-07 10:33:17,042 DEBUG [86062] [] MenuController start
2022-06-07 10:33:17,043 DEBUG [86062] [] controllers/MenuController.php: is exist
2022-06-07 10:33:17,043 DEBUG [86062] [] MenuForm: is exist
2022-06-07 10:33:17,043 DEBUG [86062] [] MenuForm: form value set 
2022-06-07 10:33:17,044 DEBUG [86062] [] ------------------------------/eccadmin_dev/Menu
2022-06-07 10:33:17,044 DEBUG [86062] [] ------------------------------login_start_check
2022-06-07 10:33:17,044 DEBUG [86062] [] indexAction start
2022-06-07 10:33:17,044 DEBUG [86062] [] admin_no is 1
2022-06-07 10:33:17,095 DEBUG [86062] [] indexAction end
2022-06-07 10:33:17,095 DEBUG [86062] [] MenuController end
2022-06-07 10:33:17,095 DEBUG [86062] [] finally
2022-06-07 10:42:45,959 DEBUG [86150] [] Request URI : /eccadmin_dev/CourseList
2022-06-07 10:42:45,959 DEBUG [86150] [] CourseListController start
2022-06-07 10:42:45,960 DEBUG [86150] [] controllers/CourseListController.php: is exist
2022-06-07 10:42:45,960 DEBUG [86150] [] CourseListForm: is exist
2022-06-07 10:42:45,960 DEBUG [86150] [] CourseListForm: form value set 
2022-06-07 10:42:45,961 DEBUG [86150] [] ------------------------------/eccadmin_dev/CourseList
2022-06-07 10:42:45,961 DEBUG [86150] [] indexAction start
2022-06-07 10:42:45,961 DEBUG [86150] [] admin_no is 1
2022-06-07 10:42:46,068 DEBUG [86150] [] indexAction end
2022-06-07 10:42:46,068 DEBUG [86150] [] CourseListController end
2022-06-07 10:42:46,068 DEBUG [86150] [] finally
2022-06-07 10:42:51,227 DEBUG [86217] [] Request URI : /eccadmin_dev/CourseList/Search
2022-06-07 10:42:51,228 DEBUG [86217] [] CourseListController start
2022-06-07 10:42:51,228 DEBUG [86217] [] controllers/CourseListController.php: is exist
2022-06-07 10:42:51,229 DEBUG [86217] [] CourseListForm: is exist
2022-06-07 10:42:51,229 DEBUG [86217] [] CourseListForm: form value set 
2022-06-07 10:42:51,229 DEBUG [86217] [] ------------------------------/eccadmin_dev/CourseList/Search
2022-06-07 10:42:51,229 DEBUG [86217] [] SearchAction start
2022-06-07 10:42:51,230 DEBUG [86217] [] admin_no is 1
2022-06-07 10:42:51,330 DEBUG [86217] [] SearchAction end
2022-06-07 10:42:51,330 DEBUG [86217] [] CourseListController end
2022-06-07 10:42:51,330 DEBUG [86217] [] finally
2022-06-07 10:42:52,857 DEBUG [86217] [] Request URI : /eccadmin_dev/CourseRegist/index
2022-06-07 10:42:52,858 DEBUG [86217] [] CourseRegistController start
2022-06-07 10:42:52,858 DEBUG [86217] [] controllers/CourseRegistController.php: is exist
2022-06-07 10:42:52,859 DEBUG [86217] [] CourseRegistForm: is exist
2022-06-07 10:42:52,859 DEBUG [86217] [] CourseRegistForm: form value set 
2022-06-07 10:42:52,860 DEBUG [86217] [] ------------------------------/eccadmin_dev/CourseRegist/index
2022-06-07 10:42:52,860 DEBUG [86217] [] ------------------------------session_check_true
2022-06-07 10:42:52,860 DEBUG [86217] [] indexAction start
2022-06-07 10:42:52,860 DEBUG [86217] [] admin_no is 1
2022-06-07 10:42:52,929 DEBUG [86217] [] indexAction end
2022-06-07 10:42:52,929 DEBUG [86217] [] CourseRegistController end
2022-06-07 10:42:52,929 DEBUG [86217] [] finally
2022-06-07 10:43:04,314 DEBUG [86155] [] Request URI : /eccadmin_dev/CourseRegist/save
2022-06-07 10:43:04,315 DEBUG [86155] [] CourseRegistController start
2022-06-07 10:43:04,315 DEBUG [86155] [] controllers/CourseRegistController.php: is exist
2022-06-07 10:43:04,316 DEBUG [86155] [] CourseRegistForm: is exist
2022-06-07 10:43:04,316 DEBUG [86155] [] CourseRegistForm: form value set 
2022-06-07 10:43:04,317 DEBUG [86155] [] ------------------------------/eccadmin_dev/CourseRegist/save
2022-06-07 10:43:04,317 DEBUG [86155] [] ------------------------------session_check_true
2022-06-07 10:43:04,317 DEBUG [86155] [] saveAction start
2022-06-07 10:43:04,318 DEBUG [86155] [] admin_no is 1
2022-06-07 10:43:04,394 DEBUG [86155] [] saveAction end
2022-06-07 10:43:04,394 DEBUG [86155] [] CourseRegistController end
2022-06-07 10:43:04,394 DEBUG [86155] [] finally
