2022-05-18 12:58:16,068 DEBUG [190379] [] Request URI : /eccadmin_dev/Login
2022-05-18 12:58:16,091 DEBUG [190379] [] LoginController start
2022-05-18 12:58:16,092 DEBUG [190379] [] controllers/LoginController.php: is exist
2022-05-18 12:58:16,092 DEBUG [190379] [] LoginForm: is exist
2022-05-18 12:58:16,092 DEBUG [190379] [] LoginForm: form value set 
2022-05-18 12:58:16,092 DEBUG [190379] [] ------------------------------/eccadmin_dev/Login
2022-05-18 12:58:16,093 DEBUG [190379] [] ------------------------------login_start_check
2022-05-18 12:58:16,093 DEBUG [190379] [] indexAction start
2022-05-18 12:58:16,132 DEBUG [190379] [] indexAction end
2022-05-18 12:58:16,132 DEBUG [190379] [] LoginController end
2022-05-18 12:58:16,132 DEBUG [190379] [] finally
2022-05-18 12:58:19,194 DEBUG [189783] [] Request URI : /eccadmin_dev/Login/login
2022-05-18 12:58:19,195 DEBUG [189783] [] LoginController start
2022-05-18 12:58:19,195 DEBUG [189783] [] controllers/LoginController.php: is exist
2022-05-18 12:58:19,195 DEBUG [189783] [] LoginForm: is exist
2022-05-18 12:58:19,195 DEBUG [189783] [] LoginForm: form value set 
2022-05-18 12:58:19,196 DEBUG [189783] [] ------------------------------/eccadmin_dev/Login/login
2022-05-18 12:58:19,196 DEBUG [189783] [] ------------------------------login_start_check
2022-05-18 12:58:19,196 DEBUG [189783] [] loginAction start
2022-05-18 12:58:19,503 DEBUG [189783] [] loginAction end
2022-05-18 12:58:19,503 DEBUG [189783] [] LoginController end
2022-05-18 12:58:19,503 DEBUG [189783] [] finally
2022-05-18 12:58:19,523 DEBUG [189783] [] Request URI : /eccadmin_dev/Menu
2022-05-18 12:58:19,524 DEBUG [189783] [] MenuController start
2022-05-18 12:58:19,524 DEBUG [189783] [] controllers/MenuController.php: is exist
2022-05-18 12:58:19,525 DEBUG [189783] [] MenuForm: is exist
2022-05-18 12:58:19,526 DEBUG [189783] [] MenuForm: form value set 
2022-05-18 12:58:19,526 DEBUG [189783] [] ------------------------------/eccadmin_dev/Menu
2022-05-18 12:58:19,526 DEBUG [189783] [] ------------------------------login_start_check
2022-05-18 12:58:19,526 DEBUG [189783] [] indexAction start
2022-05-18 12:58:19,527 DEBUG [189783] [] admin_no is 1
2022-05-18 12:58:19,574 DEBUG [189783] [] indexAction end
2022-05-18 12:58:19,574 DEBUG [189783] [] MenuController end
2022-05-18 12:58:19,575 DEBUG [189783] [] finally
2022-05-18 12:58:23,914 DEBUG [188874] [] Request URI : /eccadmin_dev/ReportList
2022-05-18 12:58:23,915 DEBUG [188874] [] ReportListController start
2022-05-18 12:58:23,915 DEBUG [188874] [] controllers/ReportListController.php: is exist
2022-05-18 12:58:23,919 DEBUG [188874] [] ReportListForm: is exist
2022-05-18 12:58:23,920 DEBUG [188874] [] ReportListForm: form value set 
2022-05-18 12:58:23,920 DEBUG [188874] [] ------------------------------/eccadmin_dev/ReportList
2022-05-18 12:58:23,920 DEBUG [188874] [] indexAction start
2022-05-18 12:58:23,920 DEBUG [188874] [] admin_no is 1
2022-05-18 12:58:24,035 DEBUG [188874] [] indexAction end
2022-05-18 12:58:24,035 DEBUG [188874] [] ReportListController end
2022-05-18 12:58:24,035 DEBUG [188874] [] finally
2022-05-18 12:58:26,814 DEBUG [188874] [] Request URI : /eccadmin_dev/ReportRegist/index
2022-05-18 12:58:26,815 DEBUG [188874] [] ReportRegistController start
2022-05-18 12:58:26,815 DEBUG [188874] [] controllers/ReportRegistController.php: is exist
2022-05-18 12:58:26,821 DEBUG [188874] [] ReportRegistForm: is exist
2022-05-18 12:58:26,821 DEBUG [188874] [] ReportRegistForm: form value set 
2022-05-18 12:58:26,821 DEBUG [188874] [] ------------------------------/eccadmin_dev/ReportRegist/index
2022-05-18 12:58:26,822 DEBUG [188874] [] ------------------------------session_check_true
2022-05-18 12:58:26,822 DEBUG [188874] [] indexAction start
2022-05-18 12:58:26,822 DEBUG [188874] [] admin_no is 1
2022-05-18 12:58:26,891 DEBUG [188874] [] indexAction end
2022-05-18 12:58:26,891 DEBUG [188874] [] ReportRegistController end
2022-05-18 12:58:26,891 DEBUG [188874] [] finally
2022-05-18 12:58:32,977 DEBUG [189895] [] Request URI : /eccadmin_dev/ReportRegist/save
2022-05-18 12:58:32,978 DEBUG [189895] [] ReportRegistController start
2022-05-18 12:58:32,978 DEBUG [189895] [] controllers/ReportRegistController.php: is exist
2022-05-18 12:58:32,983 DEBUG [189895] [] ReportRegistForm: is exist
2022-05-18 12:58:32,984 DEBUG [189895] [] ReportRegistForm: form value set 
2022-05-18 12:58:32,984 DEBUG [189895] [] ------------------------------/eccadmin_dev/ReportRegist/save
2022-05-18 12:58:32,984 DEBUG [189895] [] ------------------------------session_check_true
2022-05-18 12:58:32,984 DEBUG [189895] [] saveAction start
2022-05-18 12:58:33,075 DEBUG [189895] [] saveAction end
2022-05-18 12:58:33,075 DEBUG [189895] [] ReportRegistController end
2022-05-18 12:58:33,075 DEBUG [189895] [] finally
2022-05-18 13:02:16,654 DEBUG [188874] [] Request URI : /eccadmin_dev/ReportRegist/save
2022-05-18 13:02:16,655 DEBUG [188874] [] ReportRegistController start
2022-05-18 13:02:16,655 DEBUG [188874] [] controllers/ReportRegistController.php: is exist
2022-05-18 13:02:16,661 DEBUG [188874] [] ReportRegistForm: is exist
2022-05-18 13:02:16,661 DEBUG [188874] [] ReportRegistForm: form value set 
2022-05-18 13:02:16,662 DEBUG [188874] [] ------------------------------/eccadmin_dev/ReportRegist/save
2022-05-18 13:02:16,662 DEBUG [188874] [] ------------------------------session_check_true
2022-05-18 13:02:16,662 DEBUG [188874] [] saveAction start
2022-05-18 13:02:16,722 DEBUG [188874] [] saveAction end
2022-05-18 13:02:16,722 DEBUG [188874] [] ReportRegistController end
2022-05-18 13:02:16,722 DEBUG [188874] [] finally
2022-05-18 14:59:16,199 DEBUG [192602] [] Request URI : /eccadmin_dev/ReportRegist/save
2022-05-18 14:59:16,200 DEBUG [192602] [] ReportRegistController start
2022-05-18 14:59:16,200 DEBUG [192602] [] controllers/ReportRegistController.php: is exist
2022-05-18 14:59:16,206 DEBUG [192602] [] ReportRegistForm: is exist
2022-05-18 14:59:16,206 DEBUG [192602] [] ReportRegistForm: form value set 
2022-05-18 14:59:16,207 DEBUG [192602] [] ------------------------------/eccadmin_dev/ReportRegist/save
2022-05-18 14:59:16,207 DEBUG [192602] [] ------------------------------session_check_false:uid=0c73e108601512344c6a759acdb44840-----&-----c6ad6ffde37ea103277043362a633d4b
2022-05-18 14:59:16,207 DEBUG [192602] [] saveAction start
2022-05-18 14:59:16,282 DEBUG [192602] [] saveAction end
2022-05-18 14:59:16,282 DEBUG [192602] [] ReportRegistController end
2022-05-18 14:59:16,282 DEBUG [192602] [] finally
2022-05-18 14:59:16,303 DEBUG [192169] [] Request URI : /eccadmin_dev/Error/disp
2022-05-18 14:59:16,304 DEBUG [192169] [] ErrorController start
2022-05-18 14:59:16,304 DEBUG [192169] [] controllers/ErrorController.php: is exist
2022-05-18 14:59:16,304 DEBUG [192169] [] ErrorForm: is exist
2022-05-18 14:59:16,305 DEBUG [192169] [] ErrorForm: form value set 
2022-05-18 14:59:16,305 DEBUG [192169] [] ------------------------------/eccadmin_dev/Error/disp
2022-05-18 14:59:16,305 DEBUG [192169] [] ------------------------------login_start_check
2022-05-18 14:59:16,305 DEBUG [192169] [] dispAction start
2022-05-18 14:59:16,317 DEBUG [192169] [] dispAction end
2022-05-18 14:59:16,317 DEBUG [192169] [] ErrorController end
2022-05-18 14:59:16,317 DEBUG [192169] [] finally
2022-05-18 14:59:17,603 DEBUG [192169] [] Request URI : /eccadmin_dev/Login
2022-05-18 14:59:17,604 DEBUG [192169] [] LoginController start
2022-05-18 14:59:17,604 DEBUG [192169] [] controllers/LoginController.php: is exist
2022-05-18 14:59:17,604 DEBUG [192169] [] LoginForm: is exist
2022-05-18 14:59:17,604 DEBUG [192169] [] LoginForm: form value set 
2022-05-18 14:59:17,605 DEBUG [192169] [] ------------------------------/eccadmin_dev/Login
2022-05-18 14:59:17,605 DEBUG [192169] [] ------------------------------login_start_check
2022-05-18 14:59:17,605 DEBUG [192169] [] indexAction start
2022-05-18 14:59:17,619 DEBUG [192169] [] indexAction end
2022-05-18 14:59:17,619 DEBUG [192169] [] LoginController end
2022-05-18 14:59:17,619 DEBUG [192169] [] finally
2022-05-18 16:16:13,318 DEBUG [2534] [] Request URI : /eccadmin_dev/Login/login
2022-05-18 16:16:13,322 DEBUG [2534] [] LoginController start
2022-05-18 16:16:13,322 DEBUG [2534] [] controllers/LoginController.php: is exist
2022-05-18 16:16:13,323 DEBUG [2534] [] LoginForm: is exist
2022-05-18 16:16:13,323 DEBUG [2534] [] LoginForm: form value set 
2022-05-18 16:16:13,324 DEBUG [2534] [] ------------------------------/eccadmin_dev/Login/login
2022-05-18 16:16:13,324 DEBUG [2534] [] ------------------------------login_start_check
2022-05-18 16:16:13,324 DEBUG [2534] [] loginAction start
2022-05-18 16:16:13,656 DEBUG [2534] [] loginAction end
2022-05-18 16:16:13,656 DEBUG [2534] [] LoginController end
2022-05-18 16:16:13,656 DEBUG [2534] [] finally
2022-05-18 16:16:16,573 DEBUG [2534] [] Request URI : /eccadmin_dev/Login/login
2022-05-18 16:16:16,574 DEBUG [2534] [] LoginController start
2022-05-18 16:16:16,574 DEBUG [2534] [] controllers/LoginController.php: is exist
2022-05-18 16:16:16,574 DEBUG [2534] [] LoginForm: is exist
2022-05-18 16:16:16,575 DEBUG [2534] [] LoginForm: form value set 
2022-05-18 16:16:16,575 DEBUG [2534] [] ------------------------------/eccadmin_dev/Login/login
2022-05-18 16:16:16,575 DEBUG [2534] [] ------------------------------login_start_check
2022-05-18 16:16:16,575 DEBUG [2534] [] loginAction start
2022-05-18 16:16:16,887 DEBUG [2534] [] loginAction end
2022-05-18 16:16:16,887 DEBUG [2534] [] LoginController end
2022-05-18 16:16:16,887 DEBUG [2534] [] finally
2022-05-18 16:16:16,905 DEBUG [2534] [] Request URI : /eccadmin_dev/Menu
2022-05-18 16:16:16,905 DEBUG [2534] [] MenuController start
2022-05-18 16:16:16,905 DEBUG [2534] [] controllers/MenuController.php: is exist
2022-05-18 16:16:16,906 DEBUG [2534] [] MenuForm: is exist
2022-05-18 16:16:16,906 DEBUG [2534] [] MenuForm: form value set 
2022-05-18 16:16:16,906 DEBUG [2534] [] ------------------------------/eccadmin_dev/Menu
2022-05-18 16:16:16,906 DEBUG [2534] [] ------------------------------login_start_check
2022-05-18 16:16:16,907 DEBUG [2534] [] indexAction start
2022-05-18 16:16:16,907 DEBUG [2534] [] admin_no is 1
2022-05-18 16:16:16,952 DEBUG [2534] [] indexAction end
2022-05-18 16:16:16,952 DEBUG [2534] [] MenuController end
2022-05-18 16:16:16,952 DEBUG [2534] [] finally
2022-05-18 16:19:57,269 DEBUG [2875] [] Request URI : /eccadmin_dev/ReportList
2022-05-18 16:19:57,269 DEBUG [2875] [] ReportListController start
2022-05-18 16:19:57,269 DEBUG [2875] [] controllers/ReportListController.php: is exist
2022-05-18 16:19:57,272 DEBUG [2875] [] ReportListForm: is exist
2022-05-18 16:19:57,273 DEBUG [2875] [] ReportListForm: form value set 
2022-05-18 16:19:57,273 DEBUG [2875] [] ------------------------------/eccadmin_dev/ReportList
2022-05-18 16:19:57,273 DEBUG [2875] [] indexAction start
2022-05-18 16:19:57,273 DEBUG [2875] [] admin_no is 1
2022-05-18 16:19:57,353 DEBUG [2875] [] indexAction end
2022-05-18 16:19:57,353 DEBUG [2875] [] ReportListController end
2022-05-18 16:19:57,353 DEBUG [2875] [] finally
2022-05-18 16:20:04,089 DEBUG [2271] [] Request URI : /eccadmin_dev/ReportRegist/index
2022-05-18 16:20:04,090 DEBUG [2271] [] ReportRegistController start
2022-05-18 16:20:04,090 DEBUG [2271] [] controllers/ReportRegistController.php: is exist
2022-05-18 16:20:04,095 DEBUG [2271] [] ReportRegistForm: is exist
2022-05-18 16:20:04,096 DEBUG [2271] [] ReportRegistForm: form value set 
2022-05-18 16:20:04,096 DEBUG [2271] [] ------------------------------/eccadmin_dev/ReportRegist/index
2022-05-18 16:20:04,096 DEBUG [2271] [] ------------------------------session_check_true
2022-05-18 16:20:04,096 DEBUG [2271] [] indexAction start
2022-05-18 16:20:04,097 DEBUG [2271] [] admin_no is 1
2022-05-18 16:20:04,166 DEBUG [2271] [] indexAction end
2022-05-18 16:20:04,166 DEBUG [2271] [] ReportRegistController end
2022-05-18 16:20:04,166 DEBUG [2271] [] finally
2022-05-18 16:20:09,422 DEBUG [2878] [] Request URI : /eccadmin_dev/ReportRegist/save
2022-05-18 16:20:09,426 DEBUG [2878] [] ReportRegistController start
2022-05-18 16:20:09,426 DEBUG [2878] [] controllers/ReportRegistController.php: is exist
2022-05-18 16:20:09,432 DEBUG [2878] [] ReportRegistForm: is exist
2022-05-18 16:20:09,433 DEBUG [2878] [] ReportRegistForm: form value set 
2022-05-18 16:20:09,433 DEBUG [2878] [] ------------------------------/eccadmin_dev/ReportRegist/save
2022-05-18 16:20:09,433 DEBUG [2878] [] ------------------------------session_check_true
2022-05-18 16:20:09,433 DEBUG [2878] [] saveAction start
2022-05-18 16:20:09,518 DEBUG [2878] [] saveAction end
2022-05-18 16:20:09,518 DEBUG [2878] [] ReportRegistController end
2022-05-18 16:20:09,518 DEBUG [2878] [] finally
2022-05-18 16:20:11,083 DEBUG [2270] [] Request URI : /eccadmin_dev/ReportRegist/back
2022-05-18 16:20:11,084 DEBUG [2270] [] ReportRegistController start
2022-05-18 16:20:11,084 DEBUG [2270] [] controllers/ReportRegistController.php: is exist
2022-05-18 16:20:11,090 DEBUG [2270] [] ReportRegistForm: is exist
2022-05-18 16:20:11,090 DEBUG [2270] [] ReportRegistForm: form value set 
2022-05-18 16:20:11,090 DEBUG [2270] [] ------------------------------/eccadmin_dev/ReportRegist/back
2022-05-18 16:20:11,091 DEBUG [2270] [] ------------------------------session_check_true
2022-05-18 16:20:11,091 DEBUG [2270] [] backAction start
2022-05-18 16:20:11,091 DEBUG [2270] [] admin_no is 1
2022-05-18 16:20:11,091 DEBUG [2270] [] backAction end
2022-05-18 16:20:11,091 DEBUG [2270] [] ReportRegistController end
2022-05-18 16:20:11,091 DEBUG [2270] [] finally
2022-05-18 16:20:11,114 DEBUG [2270] [] Request URI : /eccadmin_dev/ReportList/Search
2022-05-18 16:20:11,114 DEBUG [2270] [] ReportListController start
2022-05-18 16:20:11,114 DEBUG [2270] [] controllers/ReportListController.php: is exist
2022-05-18 16:20:11,118 DEBUG [2270] [] ReportListForm: is exist
2022-05-18 16:20:11,118 DEBUG [2270] [] ReportListForm: form value set 
2022-05-18 16:20:11,119 DEBUG [2270] [] ------------------------------/eccadmin_dev/ReportList/Search
2022-05-18 16:20:11,119 DEBUG [2270] [] SearchAction start
2022-05-18 16:20:11,119 DEBUG [2270] [] --------back--------
2022-05-18 16:20:11,119 DEBUG [2270] [] admin_no is 1
2022-05-18 16:20:11,183 DEBUG [2270] [] SearchAction end
2022-05-18 16:20:11,184 DEBUG [2270] [] ReportListController end
2022-05-18 16:20:11,184 DEBUG [2270] [] finally
2022-05-18 16:20:17,741 DEBUG [2879] [] Request URI : /eccadmin_dev/ReportRegist/index
2022-05-18 16:20:17,742 DEBUG [2879] [] ReportRegistController start
2022-05-18 16:20:17,742 DEBUG [2879] [] controllers/ReportRegistController.php: is exist
2022-05-18 16:20:17,748 DEBUG [2879] [] ReportRegistForm: is exist
2022-05-18 16:20:17,749 DEBUG [2879] [] ReportRegistForm: form value set 
2022-05-18 16:20:17,749 DEBUG [2879] [] ------------------------------/eccadmin_dev/ReportRegist/index
2022-05-18 16:20:17,749 DEBUG [2879] [] ------------------------------session_check_true
2022-05-18 16:20:17,749 DEBUG [2879] [] indexAction start
2022-05-18 16:20:17,750 DEBUG [2879] [] admin_no is 1
2022-05-18 16:20:17,822 DEBUG [2879] [] indexAction end
2022-05-18 16:20:17,822 DEBUG [2879] [] ReportRegistController end
2022-05-18 16:20:17,822 DEBUG [2879] [] finally
2022-05-18 16:20:27,210 DEBUG [2875] [] Request URI : /eccadmin_dev/ReportRegist/save
2022-05-18 16:20:27,211 DEBUG [2875] [] ReportRegistController start
2022-05-18 16:20:27,211 DEBUG [2875] [] controllers/ReportRegistController.php: is exist
2022-05-18 16:20:27,216 DEBUG [2875] [] ReportRegistForm: is exist
2022-05-18 16:20:27,217 DEBUG [2875] [] ReportRegistForm: form value set 
2022-05-18 16:20:27,217 DEBUG [2875] [] ------------------------------/eccadmin_dev/ReportRegist/save
2022-05-18 16:20:27,217 DEBUG [2875] [] ------------------------------session_check_true
2022-05-18 16:20:27,218 DEBUG [2875] [] saveAction start
2022-05-18 16:20:27,304 DEBUG [2875] [] saveAction end
2022-05-18 16:20:27,304 DEBUG [2875] [] ReportRegistController end
2022-05-18 16:20:27,304 DEBUG [2875] [] finally
2022-05-18 16:20:29,269 DEBUG [2875] [] Request URI : /eccadmin_dev/ReportRegist/back
2022-05-18 16:20:29,270 DEBUG [2875] [] ReportRegistController start
2022-05-18 16:20:29,270 DEBUG [2875] [] controllers/ReportRegistController.php: is exist
2022-05-18 16:20:29,276 DEBUG [2875] [] ReportRegistForm: is exist
2022-05-18 16:20:29,276 DEBUG [2875] [] ReportRegistForm: form value set 
2022-05-18 16:20:29,277 DEBUG [2875] [] ------------------------------/eccadmin_dev/ReportRegist/back
2022-05-18 16:20:29,277 DEBUG [2875] [] ------------------------------session_check_true
2022-05-18 16:20:29,277 DEBUG [2875] [] backAction start
2022-05-18 16:20:29,277 DEBUG [2875] [] admin_no is 1
2022-05-18 16:20:29,277 DEBUG [2875] [] backAction end
2022-05-18 16:20:29,277 DEBUG [2875] [] ReportRegistController end
2022-05-18 16:20:29,277 DEBUG [2875] [] finally
2022-05-18 16:20:29,294 DEBUG [2875] [] Request URI : /eccadmin_dev/ReportList/Search
2022-05-18 16:20:29,295 DEBUG [2875] [] ReportListController start
2022-05-18 16:20:29,295 DEBUG [2875] [] controllers/ReportListController.php: is exist
2022-05-18 16:20:29,299 DEBUG [2875] [] ReportListForm: is exist
2022-05-18 16:20:29,299 DEBUG [2875] [] ReportListForm: form value set 
2022-05-18 16:20:29,299 DEBUG [2875] [] ------------------------------/eccadmin_dev/ReportList/Search
2022-05-18 16:20:29,300 DEBUG [2875] [] SearchAction start
2022-05-18 16:20:29,300 DEBUG [2875] [] --------back--------
2022-05-18 16:20:29,300 DEBUG [2875] [] admin_no is 1
2022-05-18 16:20:29,364 DEBUG [2875] [] SearchAction end
2022-05-18 16:20:29,364 DEBUG [2875] [] ReportListController end
2022-05-18 16:20:29,364 DEBUG [2875] [] finally
2022-05-18 16:20:34,578 DEBUG [2271] [] Request URI : /eccadmin_dev/ReportRegist/index
2022-05-18 16:20:34,578 DEBUG [2271] [] ReportRegistController start
2022-05-18 16:20:34,578 DEBUG [2271] [] controllers/ReportRegistController.php: is exist
2022-05-18 16:20:34,584 DEBUG [2271] [] ReportRegistForm: is exist
2022-05-18 16:20:34,584 DEBUG [2271] [] ReportRegistForm: form value set 
2022-05-18 16:20:34,585 DEBUG [2271] [] ------------------------------/eccadmin_dev/ReportRegist/index
2022-05-18 16:20:34,585 DEBUG [2271] [] ------------------------------session_check_true
2022-05-18 16:20:34,585 DEBUG [2271] [] indexAction start
2022-05-18 16:20:34,585 DEBUG [2271] [] admin_no is 1
2022-05-18 16:20:34,659 DEBUG [2271] [] indexAction end
2022-05-18 16:20:34,659 DEBUG [2271] [] ReportRegistController end
2022-05-18 16:20:34,659 DEBUG [2271] [] finally
2022-05-18 16:20:41,273 DEBUG [2878] [] Request URI : /eccadmin_dev/ReportRegist/save
2022-05-18 16:20:41,274 DEBUG [2878] [] ReportRegistController start
2022-05-18 16:20:41,274 DEBUG [2878] [] controllers/ReportRegistController.php: is exist
2022-05-18 16:20:41,279 DEBUG [2878] [] ReportRegistForm: is exist
2022-05-18 16:20:41,280 DEBUG [2878] [] ReportRegistForm: form value set 
2022-05-18 16:20:41,280 DEBUG [2878] [] ------------------------------/eccadmin_dev/ReportRegist/save
2022-05-18 16:20:41,280 DEBUG [2878] [] ------------------------------session_check_true
2022-05-18 16:20:41,280 DEBUG [2878] [] saveAction start
2022-05-18 16:20:41,371 DEBUG [2878] [] saveAction end
2022-05-18 16:20:41,371 DEBUG [2878] [] ReportRegistController end
2022-05-18 16:20:41,371 DEBUG [2878] [] finally
2022-05-18 16:20:42,645 DEBUG [2878] [] Request URI : /eccadmin_dev/ReportRegist/back
2022-05-18 16:20:42,645 DEBUG [2878] [] ReportRegistController start
2022-05-18 16:20:42,645 DEBUG [2878] [] controllers/ReportRegistController.php: is exist
2022-05-18 16:20:42,651 DEBUG [2878] [] ReportRegistForm: is exist
2022-05-18 16:20:42,652 DEBUG [2878] [] ReportRegistForm: form value set 
2022-05-18 16:20:42,652 DEBUG [2878] [] ------------------------------/eccadmin_dev/ReportRegist/back
2022-05-18 16:20:42,652 DEBUG [2878] [] ------------------------------session_check_true
2022-05-18 16:20:42,652 DEBUG [2878] [] backAction start
2022-05-18 16:20:42,653 DEBUG [2878] [] admin_no is 1
2022-05-18 16:20:42,653 DEBUG [2878] [] backAction end
2022-05-18 16:20:42,653 DEBUG [2878] [] ReportRegistController end
2022-05-18 16:20:42,653 DEBUG [2878] [] finally
2022-05-18 16:20:42,669 DEBUG [2878] [] Request URI : /eccadmin_dev/ReportList/Search
2022-05-18 16:20:42,670 DEBUG [2878] [] ReportListController start
2022-05-18 16:20:42,670 DEBUG [2878] [] controllers/ReportListController.php: is exist
2022-05-18 16:20:42,673 DEBUG [2878] [] ReportListForm: is exist
2022-05-18 16:20:42,674 DEBUG [2878] [] ReportListForm: form value set 
2022-05-18 16:20:42,674 DEBUG [2878] [] ------------------------------/eccadmin_dev/ReportList/Search
2022-05-18 16:20:42,674 DEBUG [2878] [] SearchAction start
2022-05-18 16:20:42,674 DEBUG [2878] [] --------back--------
2022-05-18 16:20:42,674 DEBUG [2878] [] admin_no is 1
2022-05-18 16:20:42,737 DEBUG [2878] [] SearchAction end
2022-05-18 16:20:42,737 DEBUG [2878] [] ReportListController end
2022-05-18 16:20:42,737 DEBUG [2878] [] finally
2022-05-18 19:39:10,861 DEBUG [8688] [] Request URI : /eccadmin_dev/Login
2022-05-18 19:39:10,861 DEBUG [8688] [] LoginController start
2022-05-18 19:39:10,862 DEBUG [8688] [] controllers/LoginController.php: is exist
2022-05-18 19:39:10,862 DEBUG [8688] [] LoginForm: is exist
2022-05-18 19:39:10,862 DEBUG [8688] [] LoginForm: form value set 
2022-05-18 19:39:10,863 DEBUG [8688] [] ------------------------------/eccadmin_dev/Login
2022-05-18 19:39:10,863 DEBUG [8688] [] ------------------------------login_start_check
2022-05-18 19:39:10,863 DEBUG [8688] [] indexAction start
2022-05-18 19:39:10,879 DEBUG [8688] [] indexAction end
2022-05-18 19:39:10,879 DEBUG [8688] [] LoginController end
2022-05-18 19:39:10,879 DEBUG [8688] [] finally
