2022-03-21 19:50:08,345 DEBUG [153393] [] Request URI : /eccadmin_dev/Login
2022-03-21 19:50:08,370 DEBUG [153393] [] LoginController start
2022-03-21 19:50:08,370 DEBUG [153393] [] controllers/LoginController.php: is exist
2022-03-21 19:50:08,371 DEBUG [153393] [] LoginForm: is exist
2022-03-21 19:50:08,371 DEBUG [153393] [] LoginForm: form value set 
2022-03-21 19:50:08,371 DEBUG [153393] [] ------------------------------/eccadmin_dev/Login
2022-03-21 19:50:08,371 DEBUG [153393] [] ------------------------------login_start_check
2022-03-21 19:50:08,372 DEBUG [153393] [] indexAction start
2022-03-21 19:50:08,424 DEBUG [153393] [] indexAction end
2022-03-21 19:50:08,424 DEBUG [153393] [] LoginController end
2022-03-21 19:50:08,425 DEBUG [153393] [] finally
2022-03-21 19:50:10,982 DEBUG [153316] [] Request URI : /eccadmin_dev/Login/login
2022-03-21 19:50:10,983 DEBUG [153316] [] LoginController start
2022-03-21 19:50:10,983 DEBUG [153316] [] controllers/LoginController.php: is exist
2022-03-21 19:50:10,983 DEBUG [153316] [] LoginForm: is exist
2022-03-21 19:50:10,983 DEBUG [153316] [] LoginForm: form value set 
2022-03-21 19:50:10,984 DEBUG [153316] [] ------------------------------/eccadmin_dev/Login/login
2022-03-21 19:50:10,984 DEBUG [153316] [] ------------------------------login_start_check
2022-03-21 19:50:10,984 DEBUG [153316] [] loginAction start
2022-03-21 19:50:11,294 DEBUG [153316] [] loginAction end
2022-03-21 19:50:11,294 DEBUG [153316] [] LoginController end
2022-03-21 19:50:11,294 DEBUG [153316] [] finally
2022-03-21 19:50:35,130 DEBUG [153503] [] Request URI : /eccadmin_dev/Login/login
2022-03-21 19:50:35,131 DEBUG [153503] [] LoginController start
2022-03-21 19:50:35,131 DEBUG [153503] [] controllers/LoginController.php: is exist
2022-03-21 19:50:35,132 DEBUG [153503] [] LoginForm: is exist
2022-03-21 19:50:35,132 DEBUG [153503] [] LoginForm: form value set 
2022-03-21 19:50:35,132 DEBUG [153503] [] ------------------------------/eccadmin_dev/Login/login
2022-03-21 19:50:35,132 DEBUG [153503] [] ------------------------------login_start_check
2022-03-21 19:50:35,132 DEBUG [153503] [] loginAction start
2022-03-21 19:50:35,439 DEBUG [153503] [] loginAction end
2022-03-21 19:50:35,439 DEBUG [153503] [] LoginController end
2022-03-21 19:50:35,440 DEBUG [153503] [] finally
2022-03-21 19:50:35,602 DEBUG [153503] [] Request URI : /eccadmin_dev/Menu
2022-03-21 19:50:35,602 DEBUG [153503] [] MenuController start
2022-03-21 19:50:35,602 DEBUG [153503] [] controllers/MenuController.php: is exist
2022-03-21 19:50:35,606 DEBUG [153503] [] MenuForm: is exist
2022-03-21 19:50:35,606 DEBUG [153503] [] MenuForm: form value set 
2022-03-21 19:50:35,607 DEBUG [153503] [] ------------------------------/eccadmin_dev/Menu
2022-03-21 19:50:35,607 DEBUG [153503] [] ------------------------------login_start_check
2022-03-21 19:50:35,607 DEBUG [153503] [] indexAction start
2022-03-21 19:50:35,607 DEBUG [153503] [] admin_no is 1
2022-03-21 19:50:35,665 DEBUG [153503] [] indexAction end
2022-03-21 19:50:35,665 DEBUG [153503] [] MenuController end
2022-03-21 19:50:35,665 DEBUG [153503] [] finally
