2022-09-26 13:09:22,335 DEBUG [193089] [] Request URI : /eccadmin_dev/Login
2022-09-26 13:09:22,363 DEBUG [193089] [] LoginController start
2022-09-26 13:09:22,363 DEBUG [193089] [] controllers/LoginController.php: is exist
2022-09-26 13:09:22,366 DEBUG [193089] [] LoginForm: is exist
2022-09-26 13:09:22,366 DEBUG [193089] [] LoginForm: form value set 
2022-09-26 13:09:22,367 DEBUG [193089] [] ------------------------------/eccadmin_dev/Login
2022-09-26 13:09:22,367 DEBUG [193089] [] ------------------------------login_start_check
2022-09-26 13:09:22,367 DEBUG [193089] [] indexAction start
2022-09-26 13:09:22,417 DEBUG [193089] [] indexAction end
2022-09-26 13:09:22,417 DEBUG [193089] [] LoginController end
2022-09-26 13:09:22,417 DEBUG [193089] [] finally
2022-09-26 13:09:26,138 DEBUG [193089] [] Request URI : /eccadmin_dev/Login/login
2022-09-26 13:09:26,144 DEBUG [193089] [] LoginController start
2022-09-26 13:09:26,144 DEBUG [193089] [] controllers/LoginController.php: is exist
2022-09-26 13:09:26,147 DEBUG [193089] [] LoginForm: is exist
2022-09-26 13:09:26,147 DEBUG [193089] [] LoginForm: form value set 
2022-09-26 13:09:26,148 DEBUG [193089] [] ------------------------------/eccadmin_dev/Login/login
2022-09-26 13:09:26,148 DEBUG [193089] [] ------------------------------login_start_check
2022-09-26 13:09:26,148 DEBUG [193089] [] loginAction start
2022-09-26 13:09:26,484 DEBUG [193089] [] loginAction end
2022-09-26 13:09:26,484 DEBUG [193089] [] LoginController end
2022-09-26 13:09:26,484 DEBUG [193089] [] finally
2022-09-26 13:09:26,508 DEBUG [193089] [] Request URI : /eccadmin_dev/Menu
2022-09-26 13:09:26,510 DEBUG [193089] [] MenuController start
2022-09-26 13:09:26,534 DEBUG [193089] [] controllers/MenuController.php: is exist
2022-09-26 13:09:26,569 DEBUG [193089] [] MenuForm: is exist
2022-09-26 13:09:26,577 DEBUG [193089] [] MenuForm: form value set 
2022-09-26 13:09:26,578 DEBUG [193089] [] ------------------------------/eccadmin_dev/Menu
2022-09-26 13:09:26,578 DEBUG [193089] [] ------------------------------login_start_check
2022-09-26 13:09:26,578 DEBUG [193089] [] indexAction start
2022-09-26 13:09:26,578 DEBUG [193089] [] admin_no is 1
2022-09-26 13:09:26,627 DEBUG [193089] [] indexAction end
2022-09-26 13:09:26,628 DEBUG [193089] [] MenuController end
2022-09-26 13:09:26,628 DEBUG [193089] [] finally
2022-09-26 13:09:29,732 DEBUG [193130] [] Request URI : /eccadmin_dev/AtReportList
2022-09-26 13:09:29,737 DEBUG [193130] [] AtReportListController start
2022-09-26 13:09:29,738 DEBUG [193130] [] controllers/AtReportListController.php: is exist
2022-09-26 13:09:29,846 DEBUG [193130] [] AtReportListForm: is exist
2022-09-26 13:09:29,851 DEBUG [193130] [] AtReportListForm: form value set 
2022-09-26 13:09:29,852 DEBUG [193130] [] ------------------------------/eccadmin_dev/AtReportList
2022-09-26 13:09:29,852 DEBUG [193130] [] indexAction start
2022-09-26 13:09:29,852 DEBUG [193130] [] admin_no is 1
2022-09-26 13:09:29,972 DEBUG [193130] [] indexAction end
2022-09-26 13:09:29,972 DEBUG [193130] [] AtReportListController end
2022-09-26 13:09:29,972 DEBUG [193130] [] finally
2022-09-26 13:09:46,094 DEBUG [193190] [] Request URI : /eccadmin_dev/Login/logout
2022-09-26 13:09:46,100 DEBUG [193190] [] LoginController start
2022-09-26 13:09:46,100 DEBUG [193190] [] controllers/LoginController.php: is exist
2022-09-26 13:09:46,103 DEBUG [193190] [] LoginForm: is exist
2022-09-26 13:09:46,103 DEBUG [193190] [] LoginForm: form value set 
2022-09-26 13:09:46,104 DEBUG [193190] [] ------------------------------/eccadmin_dev/Login/logout
2022-09-26 13:09:46,104 DEBUG [193190] [] ------------------------------login_start_check
2022-09-26 13:09:46,104 DEBUG [193190] [] logoutAction start
2022-09-26 13:09:46,104 DEBUG [193190] [] logoutAction end
2022-09-26 13:09:46,104 DEBUG [193190] [] LoginController end
2022-09-26 13:09:46,104 DEBUG [193190] [] finally
2022-09-26 13:09:46,137 DEBUG [193190] [] Request URI : /eccadmin_dev/Login
2022-09-26 13:09:46,142 DEBUG [193190] [] LoginController start
2022-09-26 13:09:46,142 DEBUG [193190] [] controllers/LoginController.php: is exist
2022-09-26 13:09:46,145 DEBUG [193190] [] LoginForm: is exist
2022-09-26 13:09:46,145 DEBUG [193190] [] LoginForm: form value set 
2022-09-26 13:09:46,146 DEBUG [193190] [] ------------------------------/eccadmin_dev/Login
2022-09-26 13:09:46,146 DEBUG [193190] [] ------------------------------login_start_check
2022-09-26 13:09:46,146 DEBUG [193190] [] indexAction start
2022-09-26 13:09:46,176 DEBUG [193190] [] indexAction end
2022-09-26 13:09:46,176 DEBUG [193190] [] LoginController end
2022-09-26 13:09:46,176 DEBUG [193190] [] finally
