2022-09-29 10:12:46,751 DEBUG [59724] [] Request URI : /eccadmin_dev/Login
2022-09-29 10:12:46,777 DEBUG [59724] [] LoginController start
2022-09-29 10:12:46,777 DEBUG [59724] [] controllers/LoginController.php: is exist
2022-09-29 10:12:46,780 DEBUG [59724] [] LoginForm: is exist
2022-09-29 10:12:46,780 DEBUG [59724] [] LoginForm: form value set 
2022-09-29 10:12:46,781 DEBUG [59724] [] ------------------------------/eccadmin_dev/Login
2022-09-29 10:12:46,781 DEBUG [59724] [] ------------------------------login_start_check
2022-09-29 10:12:46,781 DEBUG [59724] [] indexAction start
2022-09-29 10:12:46,850 DEBUG [59724] [] indexAction end
2022-09-29 10:12:46,851 DEBUG [59724] [] LoginController end
2022-09-29 10:12:46,851 DEBUG [59724] [] finally
2022-09-29 10:12:54,853 DEBUG [59731] [] Request URI : /eccadmin_dev/Login/login
2022-09-29 10:12:54,859 DEBUG [59731] [] LoginController start
2022-09-29 10:12:54,859 DEBUG [59731] [] controllers/LoginController.php: is exist
2022-09-29 10:12:54,862 DEBUG [59731] [] LoginForm: is exist
2022-09-29 10:12:54,863 DEBUG [59731] [] LoginForm: form value set 
2022-09-29 10:12:54,863 DEBUG [59731] [] ------------------------------/eccadmin_dev/Login/login
2022-09-29 10:12:54,863 DEBUG [59731] [] ------------------------------login_start_check
2022-09-29 10:12:54,864 DEBUG [59731] [] loginAction start
2022-09-29 10:12:55,163 DEBUG [59731] [] loginAction end
2022-09-29 10:12:55,163 DEBUG [59731] [] LoginController end
2022-09-29 10:12:55,163 DEBUG [59731] [] finally
2022-09-29 10:12:55,187 DEBUG [59731] [] Request URI : /eccadmin_dev/Menu
2022-09-29 10:12:55,190 DEBUG [59731] [] MenuController start
2022-09-29 10:12:55,190 DEBUG [59731] [] controllers/MenuController.php: is exist
2022-09-29 10:12:55,191 DEBUG [59731] [] MenuForm: is exist
2022-09-29 10:12:55,192 DEBUG [59731] [] MenuForm: form value set 
2022-09-29 10:12:55,192 DEBUG [59731] [] ------------------------------/eccadmin_dev/Menu
2022-09-29 10:12:55,192 DEBUG [59731] [] ------------------------------login_start_check
2022-09-29 10:12:55,192 DEBUG [59731] [] indexAction start
2022-09-29 10:12:55,192 DEBUG [59731] [] admin_no is 1
2022-09-29 10:12:55,241 DEBUG [59731] [] indexAction end
2022-09-29 10:12:55,241 DEBUG [59731] [] MenuController end
2022-09-29 10:12:55,242 DEBUG [59731] [] finally
2022-09-29 10:12:58,044 DEBUG [59731] [] Request URI : /eccadmin_dev/OrganizationList
2022-09-29 10:12:58,049 DEBUG [59731] [] OrganizationListController start
2022-09-29 10:12:58,050 DEBUG [59731] [] controllers/OrganizationListController.php: is exist
2022-09-29 10:12:58,053 DEBUG [59731] [] OrganizationListForm: is exist
2022-09-29 10:12:58,053 DEBUG [59731] [] OrganizationListForm: form value set 
2022-09-29 10:12:58,054 DEBUG [59731] [] ------------------------------/eccadmin_dev/OrganizationList
2022-09-29 10:12:58,054 DEBUG [59731] [] indexAction start
2022-09-29 10:12:58,054 DEBUG [59731] [] admin_no is 1
2022-09-29 10:12:58,173 DEBUG [59731] [] indexAction end
2022-09-29 10:12:58,173 DEBUG [59731] [] OrganizationListController end
2022-09-29 10:12:58,173 DEBUG [59731] [] finally
2022-09-29 10:12:59,798 DEBUG [59734] [] Request URI : /eccadmin_dev/MenuSettingRegist/index
2022-09-29 10:12:59,804 DEBUG [59734] [] MenuSettingRegistController start
2022-09-29 10:12:59,831 DEBUG [59734] [] controllers/MenuSettingRegistController.php: is exist
2022-09-29 10:12:59,958 DEBUG [59734] [] MenuSettingRegistForm: is exist
2022-09-29 10:12:59,982 DEBUG [59734] [] MenuSettingRegistForm: form value set 
2022-09-29 10:12:59,982 DEBUG [59734] [] ------------------------------/eccadmin_dev/MenuSettingRegist/index
2022-09-29 10:12:59,982 DEBUG [59734] [] ------------------------------session_check_true
2022-09-29 10:12:59,983 DEBUG [59734] [] indexAction start
2022-09-29 10:12:59,983 DEBUG [59734] [] admin_no is 1
2022-09-29 10:12:59,983 DEBUG [59734] [] here
2022-09-29 10:12:59,984 DEBUG [59734] [] Array
(
    [0] => T_Menu_SettingDto Object
        (
            [org_no] => 
            [menu_id] => 
            [show_flg] => 
            [del_flg] => 
            [create_dt] => 
            [creater_id] => 
            [update_dt] => 
            [updater_id] => 
            [type] => 002
            [name] => menu_li_taskInfoMenu
            [name_kana] => 課題情報
        )

    [1] => T_Menu_SettingDto Object
        (
            [org_no] => 
            [menu_id] => 
            [show_flg] => 
            [del_flg] => 
            [create_dt] => 
            [creater_id] => 
            [update_dt] => 
            [updater_id] => 
            [type] => 003
            [name] => menu_li_testMenu
            [name_kana] => テスト
        )

    [2] => T_Menu_SettingDto Object
        (
            [org_no] => 
            [menu_id] => 
            [show_flg] => 
            [del_flg] => 
            [create_dt] => 
            [creater_id] => 
            [update_dt] => 
            [updater_id] => 
            [type] => 004
            [name] => menu_li_messageMenu
            [name_kana] => 通知
        )

    [3] => T_Menu_SettingDto Object
        (
            [org_no] => 
            [menu_id] => 
            [show_flg] => 
            [del_flg] => 
            [create_dt] => 
            [creater_id] => 
            [update_dt] => 
            [updater_id] => 
            [type] => 005
            [name] => menu_li_noticeMenu
            [name_kana] => お知らせ
        )

    [4] => T_Menu_SettingDto Object
        (
            [org_no] => 
            [menu_id] => 
            [show_flg] => 
            [del_flg] => 
            [create_dt] => 
            [creater_id] => 
            [update_dt] => 
            [updater_id] => 
            [type] => 006
            [name] => menu_li_questionnaireMenu
            [name_kana] => アンケート
        )

    [5] => T_Menu_SettingDto Object
        (
            [org_no] => 
            [menu_id] => 
            [show_flg] => 
            [del_flg] => 
            [create_dt] => 
            [creater_id] => 
            [update_dt] => 
            [updater_id] => 
            [type] => 007
            [name] => menu_li_lessonMenu
            [name_kana] => レッスン
        )

    [6] => T_Menu_SettingDto Object
        (
            [org_no] => 
            [menu_id] => 
            [show_flg] => 
            [del_flg] => 
            [create_dt] => 
            [creater_id] => 
            [update_dt] => 
            [updater_id] => 
            [type] => 008
            [name] => menu_li_courseMenu
            [name_kana] => コース
        )

    [7] => T_Menu_SettingDto Object
        (
            [org_no] => 
            [menu_id] => 
            [show_flg] => 
            [del_flg] => 
            [create_dt] => 
            [creater_id] => 
            [update_dt] => 
            [updater_id] => 
            [type] => 009
            [name] => menu_li_pswChange
            [name_kana] => パスワード変更
        )

    [8] => T_Menu_SettingDto Object
        (
            [org_no] => 
            [menu_id] => 
            [show_flg] => 
            [del_flg] => 
            [create_dt] => 
            [creater_id] => 
            [update_dt] => 
            [updater_id] => 
            [type] => 010
            [name] => menu_li_settingMenu
            [name_kana] => 設定
        )

    [9] => T_Menu_SettingDto Object
        (
            [org_no] => 
            [menu_id] => 
            [show_flg] => 
            [del_flg] => 
            [create_dt] => 
            [creater_id] => 
            [update_dt] => 
            [updater_id] => 
            [type] => 011
            [name] => menu_li_testInfoMenu
            [name_kana] => 試験
        )

    [10] => T_Menu_SettingDto Object
        (
            [org_no] => 
            [menu_id] => 
            [show_flg] => 
            [del_flg] => 
            [create_dt] => 
            [creater_id] => 
            [update_dt] => 
            [updater_id] => 
            [type] => 012
            [name] => menu_li_reportMenu
            [name_kana] => レポート
        )

    [11] => T_Menu_SettingDto Object
        (
            [org_no] => 
            [menu_id] => 
            [show_flg] => 
            [del_flg] => 
            [create_dt] => 
            [creater_id] => 
            [update_dt] => 
            [updater_id] => 
            [type] => 013
            [name] => menu_li_atReportMenu
            [name_kana] => Online Practice
        )

)

2022-09-29 10:13:00,147 DEBUG [59734] [] indexAction end
2022-09-29 10:13:00,147 DEBUG [59734] [] MenuSettingRegistController end
2022-09-29 10:13:00,147 DEBUG [59734] [] finally
2022-09-29 10:13:33,189 DEBUG [59748] [] Request URI : /eccadmin_dev/Login
2022-09-29 10:13:33,195 DEBUG [59748] [] LoginController start
2022-09-29 10:13:33,195 DEBUG [59748] [] controllers/LoginController.php: is exist
2022-09-29 10:13:33,198 DEBUG [59748] [] LoginForm: is exist
2022-09-29 10:13:33,198 DEBUG [59748] [] LoginForm: form value set 
2022-09-29 10:13:33,199 DEBUG [59748] [] ------------------------------/eccadmin_dev/Login
2022-09-29 10:13:33,199 DEBUG [59748] [] ------------------------------login_start_check
2022-09-29 10:13:33,199 DEBUG [59748] [] indexAction start
2022-09-29 10:13:33,230 DEBUG [59748] [] indexAction end
2022-09-29 10:13:33,230 DEBUG [59748] [] LoginController end
2022-09-29 10:13:33,230 DEBUG [59748] [] finally
2022-09-29 10:13:42,863 DEBUG [59749] [] Request URI : /eccadmin_dev/Login/login
2022-09-29 10:13:42,868 DEBUG [59749] [] LoginController start
2022-09-29 10:13:42,868 DEBUG [59749] [] controllers/LoginController.php: is exist
2022-09-29 10:13:42,871 DEBUG [59749] [] LoginForm: is exist
2022-09-29 10:13:42,872 DEBUG [59749] [] LoginForm: form value set 
2022-09-29 10:13:42,872 DEBUG [59749] [] ------------------------------/eccadmin_dev/Login/login
2022-09-29 10:13:42,872 DEBUG [59749] [] ------------------------------login_start_check
2022-09-29 10:13:42,872 DEBUG [59749] [] loginAction start
2022-09-29 10:13:43,167 DEBUG [59749] [] loginAction end
2022-09-29 10:13:43,167 DEBUG [59749] [] LoginController end
2022-09-29 10:13:43,167 DEBUG [59749] [] finally
2022-09-29 10:13:43,187 DEBUG [59749] [] Request URI : /eccadmin_dev/Menu
2022-09-29 10:13:43,189 DEBUG [59749] [] MenuController start
2022-09-29 10:13:43,190 DEBUG [59749] [] controllers/MenuController.php: is exist
2022-09-29 10:13:43,191 DEBUG [59749] [] MenuForm: is exist
2022-09-29 10:13:43,191 DEBUG [59749] [] MenuForm: form value set 
2022-09-29 10:13:43,192 DEBUG [59749] [] ------------------------------/eccadmin_dev/Menu
2022-09-29 10:13:43,192 DEBUG [59749] [] ------------------------------login_start_check
2022-09-29 10:13:43,192 DEBUG [59749] [] indexAction start
2022-09-29 10:13:43,192 DEBUG [59749] [] admin_no is 1
2022-09-29 10:13:43,231 DEBUG [59749] [] indexAction end
2022-09-29 10:13:43,231 DEBUG [59749] [] MenuController end
2022-09-29 10:13:43,231 DEBUG [59749] [] finally
2022-09-29 10:13:49,241 DEBUG [59756] [] Request URI : /eccadmin_dev/OrganizationList
2022-09-29 10:13:49,247 DEBUG [59756] [] OrganizationListController start
2022-09-29 10:13:49,247 DEBUG [59756] [] controllers/OrganizationListController.php: is exist
2022-09-29 10:13:49,250 DEBUG [59756] [] OrganizationListForm: is exist
2022-09-29 10:13:49,250 DEBUG [59756] [] OrganizationListForm: form value set 
2022-09-29 10:13:49,251 DEBUG [59756] [] ------------------------------/eccadmin_dev/OrganizationList
2022-09-29 10:13:49,251 DEBUG [59756] [] indexAction start
2022-09-29 10:13:49,251 DEBUG [59756] [] admin_no is 1
2022-09-29 10:13:49,367 DEBUG [59756] [] indexAction end
2022-09-29 10:13:49,367 DEBUG [59756] [] OrganizationListController end
2022-09-29 10:13:49,368 DEBUG [59756] [] finally
2022-09-29 10:13:53,384 DEBUG [59665] [] Request URI : /eccadmin_dev/MenuSettingRegist/index
2022-09-29 10:13:53,389 DEBUG [59665] [] MenuSettingRegistController start
2022-09-29 10:13:53,389 DEBUG [59665] [] controllers/MenuSettingRegistController.php: is exist
2022-09-29 10:13:53,394 DEBUG [59665] [] MenuSettingRegistForm: is exist
2022-09-29 10:13:53,394 DEBUG [59665] [] MenuSettingRegistForm: form value set 
2022-09-29 10:13:53,395 DEBUG [59665] [] ------------------------------/eccadmin_dev/MenuSettingRegist/index
2022-09-29 10:13:53,395 DEBUG [59665] [] ------------------------------session_check_true
2022-09-29 10:13:53,395 DEBUG [59665] [] indexAction start
2022-09-29 10:13:53,395 DEBUG [59665] [] admin_no is 1
2022-09-29 10:13:53,395 DEBUG [59665] [] here
2022-09-29 10:13:53,397 DEBUG [59665] [] Array
(
    [0] => T_Menu_SettingDto Object
        (
            [org_no] => 
            [menu_id] => 
            [show_flg] => 
            [del_flg] => 
            [create_dt] => 
            [creater_id] => 
            [update_dt] => 
            [updater_id] => 
            [type] => 002
            [name] => menu_li_taskInfoMenu
            [name_kana] => 課題情報
        )

    [1] => T_Menu_SettingDto Object
        (
            [org_no] => 
            [menu_id] => 
            [show_flg] => 
            [del_flg] => 
            [create_dt] => 
            [creater_id] => 
            [update_dt] => 
            [updater_id] => 
            [type] => 003
            [name] => menu_li_testMenu
            [name_kana] => テスト
        )

    [2] => T_Menu_SettingDto Object
        (
            [org_no] => 
            [menu_id] => 
            [show_flg] => 
            [del_flg] => 
            [create_dt] => 
            [creater_id] => 
            [update_dt] => 
            [updater_id] => 
            [type] => 004
            [name] => menu_li_messageMenu
            [name_kana] => 通知
        )

    [3] => T_Menu_SettingDto Object
        (
            [org_no] => 
            [menu_id] => 
            [show_flg] => 
            [del_flg] => 
            [create_dt] => 
            [creater_id] => 
            [update_dt] => 
            [updater_id] => 
            [type] => 005
            [name] => menu_li_noticeMenu
            [name_kana] => お知らせ
        )

    [4] => T_Menu_SettingDto Object
        (
            [org_no] => 
            [menu_id] => 
            [show_flg] => 
            [del_flg] => 
            [create_dt] => 
            [creater_id] => 
            [update_dt] => 
            [updater_id] => 
            [type] => 006
            [name] => menu_li_questionnaireMenu
            [name_kana] => アンケート
        )

    [5] => T_Menu_SettingDto Object
        (
            [org_no] => 
            [menu_id] => 
            [show_flg] => 
            [del_flg] => 
            [create_dt] => 
            [creater_id] => 
            [update_dt] => 
            [updater_id] => 
            [type] => 007
            [name] => menu_li_lessonMenu
            [name_kana] => レッスン
        )

    [6] => T_Menu_SettingDto Object
        (
            [org_no] => 
            [menu_id] => 
            [show_flg] => 
            [del_flg] => 
            [create_dt] => 
            [creater_id] => 
            [update_dt] => 
            [updater_id] => 
            [type] => 008
            [name] => menu_li_courseMenu
            [name_kana] => コース
        )

    [7] => T_Menu_SettingDto Object
        (
            [org_no] => 
            [menu_id] => 
            [show_flg] => 
            [del_flg] => 
            [create_dt] => 
            [creater_id] => 
            [update_dt] => 
            [updater_id] => 
            [type] => 009
            [name] => menu_li_pswChange
            [name_kana] => パスワード変更
        )

    [8] => T_Menu_SettingDto Object
        (
            [org_no] => 
            [menu_id] => 
            [show_flg] => 
            [del_flg] => 
            [create_dt] => 
            [creater_id] => 
            [update_dt] => 
            [updater_id] => 
            [type] => 010
            [name] => menu_li_settingMenu
            [name_kana] => 設定
        )

    [9] => T_Menu_SettingDto Object
        (
            [org_no] => 
            [menu_id] => 
            [show_flg] => 
            [del_flg] => 
            [create_dt] => 
            [creater_id] => 
            [update_dt] => 
            [updater_id] => 
            [type] => 011
            [name] => menu_li_testInfoMenu
            [name_kana] => 試験
        )

    [10] => T_Menu_SettingDto Object
        (
            [org_no] => 
            [menu_id] => 
            [show_flg] => 
            [del_flg] => 
            [create_dt] => 
            [creater_id] => 
            [update_dt] => 
            [updater_id] => 
            [type] => 012
            [name] => menu_li_reportMenu
            [name_kana] => レポート
        )

    [11] => T_Menu_SettingDto Object
        (
            [org_no] => 
            [menu_id] => 
            [show_flg] => 
            [del_flg] => 
            [create_dt] => 
            [creater_id] => 
            [update_dt] => 
            [updater_id] => 
            [type] => 013
            [name] => menu_li_atReportMenu
            [name_kana] => Online Practice
        )

)

2022-09-29 10:13:53,473 DEBUG [59665] [] indexAction end
2022-09-29 10:13:53,473 DEBUG [59665] [] MenuSettingRegistController end
2022-09-29 10:13:53,473 DEBUG [59665] [] finally
2022-09-29 10:20:32,430 DEBUG [59933] [] Request URI : /eccadmin_dev/MenuSettingRegist/back
2022-09-29 10:20:32,435 DEBUG [59933] [] MenuSettingRegistController start
2022-09-29 10:20:32,435 DEBUG [59933] [] controllers/MenuSettingRegistController.php: is exist
2022-09-29 10:20:32,440 DEBUG [59933] [] MenuSettingRegistForm: is exist
2022-09-29 10:20:32,440 DEBUG [59933] [] MenuSettingRegistForm: form value set 
2022-09-29 10:20:32,441 DEBUG [59933] [] ------------------------------/eccadmin_dev/MenuSettingRegist/back
2022-09-29 10:20:32,441 DEBUG [59933] [] ------------------------------session_check_true
2022-09-29 10:20:32,441 DEBUG [59933] [] backAction start
2022-09-29 10:20:32,441 DEBUG [59933] [] admin_no is 1
2022-09-29 10:20:32,441 DEBUG [59933] [] backAction end
2022-09-29 10:20:32,441 DEBUG [59933] [] MenuSettingRegistController end
2022-09-29 10:20:32,441 DEBUG [59933] [] finally
2022-09-29 10:20:32,464 DEBUG [59933] [] Request URI : /eccadmin_dev/OrganizationList/Search
2022-09-29 10:20:32,469 DEBUG [59933] [] OrganizationListController start
2022-09-29 10:20:32,469 DEBUG [59933] [] controllers/OrganizationListController.php: is exist
2022-09-29 10:20:32,471 DEBUG [59933] [] OrganizationListForm: is exist
2022-09-29 10:20:32,472 DEBUG [59933] [] OrganizationListForm: form value set 
2022-09-29 10:20:32,472 DEBUG [59933] [] ------------------------------/eccadmin_dev/OrganizationList/Search
2022-09-29 10:20:32,472 DEBUG [59933] [] SearchAction start
2022-09-29 10:20:32,472 DEBUG [59933] [] admin_no is 1
2022-09-29 10:20:32,554 DEBUG [59933] [] SearchAction end
2022-09-29 10:20:32,554 DEBUG [59933] [] OrganizationListController end
2022-09-29 10:20:32,554 DEBUG [59933] [] finally
2022-09-29 10:26:13,692 DEBUG [59975] [] Request URI : /eccadmin_dev/Login/logout
2022-09-29 10:26:13,697 DEBUG [59975] [] LoginController start
2022-09-29 10:26:13,698 DEBUG [59975] [] controllers/LoginController.php: is exist
2022-09-29 10:26:13,700 DEBUG [59975] [] LoginForm: is exist
2022-09-29 10:26:13,701 DEBUG [59975] [] LoginForm: form value set 
2022-09-29 10:26:13,701 DEBUG [59975] [] ------------------------------/eccadmin_dev/Login/logout
2022-09-29 10:26:13,701 DEBUG [59975] [] ------------------------------login_start_check
2022-09-29 10:26:13,701 DEBUG [59975] [] logoutAction start
2022-09-29 10:26:13,701 DEBUG [59975] [] logoutAction end
2022-09-29 10:26:13,701 DEBUG [59975] [] LoginController end
2022-09-29 10:26:13,702 DEBUG [59975] [] finally
2022-09-29 10:26:13,733 DEBUG [59975] [] Request URI : /eccadmin_dev/Login
2022-09-29 10:26:13,737 DEBUG [59975] [] LoginController start
2022-09-29 10:26:13,738 DEBUG [59975] [] controllers/LoginController.php: is exist
2022-09-29 10:26:13,740 DEBUG [59975] [] LoginForm: is exist
2022-09-29 10:26:13,740 DEBUG [59975] [] LoginForm: form value set 
2022-09-29 10:26:13,741 DEBUG [59975] [] ------------------------------/eccadmin_dev/Login
2022-09-29 10:26:13,741 DEBUG [59975] [] ------------------------------login_start_check
2022-09-29 10:26:13,741 DEBUG [59975] [] indexAction start
2022-09-29 10:26:13,767 DEBUG [59975] [] indexAction end
2022-09-29 10:26:13,767 DEBUG [59975] [] LoginController end
2022-09-29 10:26:13,767 DEBUG [59975] [] finally
2022-09-29 17:21:34,787 DEBUG [67385] [] Request URI : /eccadmin_dev/Login
2022-09-29 17:21:34,792 DEBUG [67385] [] LoginController start
2022-09-29 17:21:34,792 DEBUG [67385] [] controllers/LoginController.php: is exist
2022-09-29 17:21:34,795 DEBUG [67385] [] LoginForm: is exist
2022-09-29 17:21:34,795 DEBUG [67385] [] LoginForm: form value set 
2022-09-29 17:21:34,796 DEBUG [67385] [] ------------------------------/eccadmin_dev/Login
2022-09-29 17:21:34,796 DEBUG [67385] [] ------------------------------login_start_check
2022-09-29 17:21:34,796 DEBUG [67385] [] indexAction start
2022-09-29 17:21:34,877 DEBUG [67385] [] indexAction end
2022-09-29 17:21:34,878 DEBUG [67385] [] LoginController end
2022-09-29 17:21:34,878 DEBUG [67385] [] finally
