2022-03-22 10:24:07,963 DEBUG [167194] [] Request URI : /eccadmin_dev/Login
2022-03-22 10:24:07,981 DEBUG [167194] [] LoginController start
2022-03-22 10:24:08,001 DEBUG [167194] [] controllers/LoginController.php: is exist
2022-03-22 10:24:08,040 DEBUG [167194] [] LoginForm: is exist
2022-03-22 10:24:08,046 DEBUG [167194] [] LoginForm: form value set 
2022-03-22 10:24:08,047 DEBUG [167194] [] ------------------------------/eccadmin_dev/Login
2022-03-22 10:24:08,047 DEBUG [167194] [] ------------------------------login_start_check
2022-03-22 10:24:08,047 DEBUG [167194] [] indexAction start
2022-03-22 10:24:08,086 DEBUG [167194] [] indexAction end
2022-03-22 10:24:08,086 DEBUG [167194] [] LoginController end
2022-03-22 10:24:08,086 DEBUG [167194] [] finally
2022-03-22 12:59:20,313 DEBUG [170001] [] Request URI : /eccadmin_dev/Login
2022-03-22 12:59:20,314 DEBUG [170001] [] LoginController start
2022-03-22 12:59:20,314 DEBUG [170001] [] controllers/LoginController.php: is exist
2022-03-22 12:59:20,314 DEBUG [170001] [] LoginForm: is exist
2022-03-22 12:59:20,315 DEBUG [170001] [] LoginForm: form value set 
2022-03-22 12:59:20,315 DEBUG [170001] [] ------------------------------/eccadmin_dev/Login
2022-03-22 12:59:20,315 DEBUG [170001] [] ------------------------------login_start_check
2022-03-22 12:59:20,315 DEBUG [170001] [] indexAction start
2022-03-22 12:59:20,359 DEBUG [170001] [] indexAction end
2022-03-22 12:59:20,359 DEBUG [170001] [] LoginController end
2022-03-22 12:59:20,359 DEBUG [170001] [] finally
2022-03-22 12:59:22,977 DEBUG [169726] [] Request URI : /eccadmin_dev/Login/login
2022-03-22 12:59:22,978 DEBUG [169726] [] LoginController start
2022-03-22 12:59:22,978 DEBUG [169726] [] controllers/LoginController.php: is exist
2022-03-22 12:59:22,978 DEBUG [169726] [] LoginForm: is exist
2022-03-22 12:59:22,978 DEBUG [169726] [] LoginForm: form value set 
2022-03-22 12:59:22,979 DEBUG [169726] [] ------------------------------/eccadmin_dev/Login/login
2022-03-22 12:59:22,979 DEBUG [169726] [] ------------------------------login_start_check
2022-03-22 12:59:22,979 DEBUG [169726] [] loginAction start
2022-03-22 12:59:23,318 DEBUG [169726] [] loginAction end
2022-03-22 12:59:23,319 DEBUG [169726] [] LoginController end
2022-03-22 12:59:23,319 DEBUG [169726] [] finally
2022-03-22 12:59:23,356 DEBUG [169726] [] Request URI : /eccadmin_dev/Menu
2022-03-22 12:59:23,357 DEBUG [169726] [] MenuController start
2022-03-22 12:59:23,357 DEBUG [169726] [] controllers/MenuController.php: is exist
2022-03-22 12:59:23,369 DEBUG [169726] [] MenuForm: is exist
2022-03-22 12:59:23,369 DEBUG [169726] [] MenuForm: form value set 
2022-03-22 12:59:23,370 DEBUG [169726] [] ------------------------------/eccadmin_dev/Menu
2022-03-22 12:59:23,370 DEBUG [169726] [] ------------------------------login_start_check
2022-03-22 12:59:23,370 DEBUG [169726] [] indexAction start
2022-03-22 12:59:23,370 DEBUG [169726] [] admin_no is 1
2022-03-22 12:59:23,467 DEBUG [169726] [] indexAction end
2022-03-22 12:59:23,467 DEBUG [169726] [] MenuController end
2022-03-22 12:59:23,467 DEBUG [169726] [] finally
2022-03-22 12:59:26,808 DEBUG [170001] [] Request URI : /eccadmin_dev/CourseContractList
2022-03-22 12:59:26,809 DEBUG [170001] [] CourseContractListController start
2022-03-22 12:59:26,809 DEBUG [170001] [] controllers/CourseContractListController.php: is exist
2022-03-22 12:59:26,835 DEBUG [170001] [] CourseContractListForm: is exist
2022-03-22 12:59:26,835 DEBUG [170001] [] CourseContractListForm: form value set 
2022-03-22 12:59:26,836 DEBUG [170001] [] ------------------------------/eccadmin_dev/CourseContractList
2022-03-22 12:59:26,836 DEBUG [170001] [] indexAction start
2022-03-22 12:59:26,836 DEBUG [170001] [] admin_no is 1
2022-03-22 12:59:26,961 DEBUG [170001] [] indexAction end
2022-03-22 12:59:26,961 DEBUG [170001] [] CourseContractListController end
2022-03-22 12:59:26,961 DEBUG [170001] [] finally
2022-03-22 12:59:33,606 DEBUG [169993] [] Request URI : /eccadmin_dev/CourseContractRegist/index
2022-03-22 12:59:33,606 DEBUG [169993] [] CourseContractRegistController start
2022-03-22 12:59:33,607 DEBUG [169993] [] controllers/CourseContractRegistController.php: is exist
2022-03-22 12:59:33,609 DEBUG [169993] [] CourseContractRegistForm: is exist
2022-03-22 12:59:33,610 DEBUG [169993] [] CourseContractRegistForm: form value set 
2022-03-22 12:59:33,610 DEBUG [169993] [] ------------------------------/eccadmin_dev/CourseContractRegist/index
2022-03-22 12:59:33,610 DEBUG [169993] [] ------------------------------session_check_true
2022-03-22 12:59:33,611 DEBUG [169993] [] indexAction start
2022-03-22 12:59:33,611 DEBUG [169993] [] admin_no is 1
2022-03-22 12:59:33,710 DEBUG [169993] [] indexAction end
2022-03-22 12:59:33,710 DEBUG [169993] [] CourseContractRegistController end
2022-03-22 12:59:33,710 DEBUG [169993] [] finally
2022-03-22 12:59:35,398 DEBUG [169993] [] Request URI : /eccadmin_dev/CourseContractList/search
2022-03-22 12:59:35,398 DEBUG [169993] [] CourseContractListController start
2022-03-22 12:59:35,398 DEBUG [169993] [] controllers/CourseContractListController.php: is exist
2022-03-22 12:59:35,403 DEBUG [169993] [] CourseContractListForm: is exist
2022-03-22 12:59:35,404 DEBUG [169993] [] CourseContractListForm: form value set 
2022-03-22 12:59:35,404 DEBUG [169993] [] ------------------------------/eccadmin_dev/CourseContractList/search
2022-03-22 12:59:35,404 DEBUG [169993] [] searchAction start
2022-03-22 12:59:35,404 DEBUG [169993] [] admin_no is 1
2022-03-22 12:59:35,516 DEBUG [169993] [] searchAction end
2022-03-22 12:59:35,516 DEBUG [169993] [] CourseContractListController end
2022-03-22 12:59:35,516 DEBUG [169993] [] finally
2022-03-22 12:59:38,721 DEBUG [169993] [] Request URI : /eccadmin_dev/CourseList
2022-03-22 12:59:38,722 DEBUG [169993] [] CourseListController start
2022-03-22 12:59:38,722 DEBUG [169993] [] controllers/CourseListController.php: is exist
2022-03-22 12:59:38,726 DEBUG [169993] [] CourseListForm: is exist
2022-03-22 12:59:38,726 DEBUG [169993] [] CourseListForm: form value set 
2022-03-22 12:59:38,726 DEBUG [169993] [] ------------------------------/eccadmin_dev/CourseList
2022-03-22 12:59:38,727 DEBUG [169993] [] indexAction start
2022-03-22 12:59:38,727 DEBUG [169993] [] admin_no is 1
2022-03-22 12:59:38,857 DEBUG [169993] [] indexAction end
2022-03-22 12:59:38,857 DEBUG [169993] [] CourseListController end
2022-03-22 12:59:38,857 DEBUG [169993] [] finally
2022-03-22 12:59:50,968 DEBUG [169981] [] Request URI : /eccadmin_dev/CourseContractList
2022-03-22 12:59:50,969 DEBUG [169981] [] CourseContractListController start
2022-03-22 12:59:50,969 DEBUG [169981] [] controllers/CourseContractListController.php: is exist
2022-03-22 12:59:50,974 DEBUG [169981] [] CourseContractListForm: is exist
2022-03-22 12:59:50,974 DEBUG [169981] [] CourseContractListForm: form value set 
2022-03-22 12:59:50,975 DEBUG [169981] [] ------------------------------/eccadmin_dev/CourseContractList
2022-03-22 12:59:50,975 DEBUG [169981] [] indexAction start
2022-03-22 12:59:50,975 DEBUG [169981] [] admin_no is 1
2022-03-22 12:59:51,086 DEBUG [169981] [] indexAction end
2022-03-22 12:59:51,086 DEBUG [169981] [] CourseContractListController end
2022-03-22 12:59:51,087 DEBUG [169981] [] finally
2022-03-22 12:59:52,150 DEBUG [169981] [] Request URI : /eccadmin_dev/CourseContractRegist/index
2022-03-22 12:59:52,150 DEBUG [169981] [] CourseContractRegistController start
2022-03-22 12:59:52,150 DEBUG [169981] [] controllers/CourseContractRegistController.php: is exist
2022-03-22 12:59:52,153 DEBUG [169981] [] CourseContractRegistForm: is exist
2022-03-22 12:59:52,153 DEBUG [169981] [] CourseContractRegistForm: form value set 
2022-03-22 12:59:52,154 DEBUG [169981] [] ------------------------------/eccadmin_dev/CourseContractRegist/index
2022-03-22 12:59:52,154 DEBUG [169981] [] ------------------------------session_check_true
2022-03-22 12:59:52,154 DEBUG [169981] [] indexAction start
2022-03-22 12:59:52,154 DEBUG [169981] [] admin_no is 1
2022-03-22 12:59:52,229 DEBUG [169981] [] indexAction end
2022-03-22 12:59:52,229 DEBUG [169981] [] CourseContractRegistController end
2022-03-22 12:59:52,229 DEBUG [169981] [] finally
2022-03-22 13:01:00,126 DEBUG [169981] [] Request URI : /eccadmin_dev/CourseContractRegist/save
2022-03-22 13:01:00,127 DEBUG [169981] [] CourseContractRegistController start
2022-03-22 13:01:00,127 DEBUG [169981] [] controllers/CourseContractRegistController.php: is exist
2022-03-22 13:01:00,129 DEBUG [169981] [] CourseContractRegistForm: is exist
2022-03-22 13:01:00,130 DEBUG [169981] [] CourseContractRegistForm: form value set 
2022-03-22 13:01:00,130 DEBUG [169981] [] ------------------------------/eccadmin_dev/CourseContractRegist/save
2022-03-22 13:01:00,130 DEBUG [169981] [] ------------------------------session_check_true
2022-03-22 13:01:00,130 DEBUG [169981] [] saveAction start
2022-03-22 13:01:00,131 DEBUG [169981] [] admin_no is 1
2022-03-22 13:01:00,208 DEBUG [169981] [] saveAction end
2022-03-22 13:01:00,208 DEBUG [169981] [] CourseContractRegistController end
2022-03-22 13:01:00,208 DEBUG [169981] [] finally
2022-03-22 13:01:14,283 DEBUG [169970] [] Request URI : /eccadmin_dev/CourseList
2022-03-22 13:01:14,284 DEBUG [169970] [] CourseListController start
2022-03-22 13:01:14,284 DEBUG [169970] [] controllers/CourseListController.php: is exist
2022-03-22 13:01:14,287 DEBUG [169970] [] CourseListForm: is exist
2022-03-22 13:01:14,287 DEBUG [169970] [] CourseListForm: form value set 
2022-03-22 13:01:14,288 DEBUG [169970] [] ------------------------------/eccadmin_dev/CourseList
2022-03-22 13:01:14,288 DEBUG [169970] [] indexAction start
2022-03-22 13:01:14,288 DEBUG [169970] [] admin_no is 1
2022-03-22 13:01:14,389 DEBUG [169970] [] indexAction end
2022-03-22 13:01:14,389 DEBUG [169970] [] CourseListController end
2022-03-22 13:01:14,389 DEBUG [169970] [] finally
2022-03-22 13:01:29,823 DEBUG [169980] [] Request URI : /eccadmin_dev/CourseContractList
2022-03-22 13:01:29,824 DEBUG [169980] [] CourseContractListController start
2022-03-22 13:01:29,824 DEBUG [169980] [] controllers/CourseContractListController.php: is exist
2022-03-22 13:01:29,829 DEBUG [169980] [] CourseContractListForm: is exist
2022-03-22 13:01:29,829 DEBUG [169980] [] CourseContractListForm: form value set 
2022-03-22 13:01:29,830 DEBUG [169980] [] ------------------------------/eccadmin_dev/CourseContractList
2022-03-22 13:01:29,830 DEBUG [169980] [] indexAction start
2022-03-22 13:01:29,830 DEBUG [169980] [] admin_no is 1
2022-03-22 13:01:29,945 DEBUG [169980] [] indexAction end
2022-03-22 13:01:29,945 DEBUG [169980] [] CourseContractListController end
2022-03-22 13:01:29,945 DEBUG [169980] [] finally
2022-03-22 13:01:32,004 DEBUG [169980] [] Request URI : /eccadmin_dev/CourseContractRegist/index
2022-03-22 13:01:32,005 DEBUG [169980] [] CourseContractRegistController start
2022-03-22 13:01:32,005 DEBUG [169980] [] controllers/CourseContractRegistController.php: is exist
2022-03-22 13:01:32,008 DEBUG [169980] [] CourseContractRegistForm: is exist
2022-03-22 13:01:32,008 DEBUG [169980] [] CourseContractRegistForm: form value set 
2022-03-22 13:01:32,008 DEBUG [169980] [] ------------------------------/eccadmin_dev/CourseContractRegist/index
2022-03-22 13:01:32,009 DEBUG [169980] [] ------------------------------session_check_true
2022-03-22 13:01:32,009 DEBUG [169980] [] indexAction start
2022-03-22 13:01:32,009 DEBUG [169980] [] admin_no is 1
2022-03-22 13:01:32,079 DEBUG [169980] [] indexAction end
2022-03-22 13:01:32,079 DEBUG [169980] [] CourseContractRegistController end
2022-03-22 13:01:32,079 DEBUG [169980] [] finally
2022-03-22 13:01:41,285 DEBUG [169993] [] Request URI : /eccadmin_dev/CourseContractRegist/orgShow
2022-03-22 13:01:41,285 DEBUG [169993] [] CourseContractRegistController start
2022-03-22 13:01:41,286 DEBUG [169993] [] controllers/CourseContractRegistController.php: is exist
2022-03-22 13:01:41,288 DEBUG [169993] [] CourseContractRegistForm: is exist
2022-03-22 13:01:41,288 DEBUG [169993] [] CourseContractRegistForm: form value set 
2022-03-22 13:01:41,289 DEBUG [169993] [] ------------------------------/eccadmin_dev/CourseContractRegist/orgShow
2022-03-22 13:01:41,289 DEBUG [169993] [] ------------------------------session_check_true
2022-03-22 13:01:41,289 DEBUG [169993] [] orgShowAction start
2022-03-22 13:01:41,289 DEBUG [169993] [] admin_no is 1
2022-03-22 13:01:41,359 DEBUG [169993] [] orgShowAction end
2022-03-22 13:01:41,360 DEBUG [169993] [] CourseContractRegistController end
2022-03-22 13:01:41,360 DEBUG [169993] [] finally
2022-03-22 13:01:44,199 DEBUG [169993] [] Request URI : /eccadmin_dev/CourseContractRegist/courseShow
2022-03-22 13:01:44,199 DEBUG [169993] [] CourseContractRegistController start
2022-03-22 13:01:44,199 DEBUG [169993] [] controllers/CourseContractRegistController.php: is exist
2022-03-22 13:01:44,202 DEBUG [169993] [] CourseContractRegistForm: is exist
2022-03-22 13:01:44,202 DEBUG [169993] [] CourseContractRegistForm: form value set 
2022-03-22 13:01:44,203 DEBUG [169993] [] ------------------------------/eccadmin_dev/CourseContractRegist/courseShow
2022-03-22 13:01:44,203 DEBUG [169993] [] ------------------------------session_check_true
2022-03-22 13:01:44,203 DEBUG [169993] [] courseShowAction start
2022-03-22 13:01:44,203 DEBUG [169993] [] admin_no is 1
2022-03-22 13:01:44,276 DEBUG [169993] [] courseShowAction end
2022-03-22 13:01:44,276 DEBUG [169993] [] CourseContractRegistController end
2022-03-22 13:01:44,277 DEBUG [169993] [] finally
2022-03-22 13:01:52,412 DEBUG [170047] [] Request URI : /eccadmin_dev/CourseContractRegist/courseShow
2022-03-22 13:01:52,412 DEBUG [170047] [] CourseContractRegistController start
2022-03-22 13:01:52,412 DEBUG [170047] [] controllers/CourseContractRegistController.php: is exist
2022-03-22 13:01:52,415 DEBUG [170047] [] CourseContractRegistForm: is exist
2022-03-22 13:01:52,415 DEBUG [170047] [] CourseContractRegistForm: form value set 
2022-03-22 13:01:52,416 DEBUG [170047] [] ------------------------------/eccadmin_dev/CourseContractRegist/courseShow
2022-03-22 13:01:52,416 DEBUG [170047] [] ------------------------------session_check_true
2022-03-22 13:01:52,416 DEBUG [170047] [] courseShowAction start
2022-03-22 13:01:52,416 DEBUG [170047] [] admin_no is 1
2022-03-22 13:01:52,492 DEBUG [170047] [] courseShowAction end
2022-03-22 13:01:52,492 DEBUG [170047] [] CourseContractRegistController end
2022-03-22 13:01:52,493 DEBUG [170047] [] finally
2022-03-22 13:02:03,720 DEBUG [170036] [] Request URI : /eccadmin_dev/CourseContractRegist/save
2022-03-22 13:02:03,721 DEBUG [170036] [] CourseContractRegistController start
2022-03-22 13:02:03,721 DEBUG [170036] [] controllers/CourseContractRegistController.php: is exist
2022-03-22 13:02:03,723 DEBUG [170036] [] CourseContractRegistForm: is exist
2022-03-22 13:02:03,724 DEBUG [170036] [] CourseContractRegistForm: form value set 
2022-03-22 13:02:03,724 DEBUG [170036] [] ------------------------------/eccadmin_dev/CourseContractRegist/save
2022-03-22 13:02:03,724 DEBUG [170036] [] ------------------------------session_check_true
2022-03-22 13:02:03,724 DEBUG [170036] [] saveAction start
2022-03-22 13:02:03,724 DEBUG [170036] [] admin_no is 1
2022-03-22 13:02:03,728 DEBUG [170036] [] offer_no
2022-03-22 13:02:03,730 DEBUG [170036] [] INSERT INTO  T_COURSE_ORG (offer_no,org_no,course_id,start_period,end_period,remarks,create_dt,creater_id,update_dt,updater_id ) VALUES ( :offer_no,:org_no,:course_id,:start_period,:end_period,:remarks,:create_dt,:creater_id,:update_dt,:updater_id );
2022-03-22 13:02:03,801 DEBUG [170036] [] saveAction end
2022-03-22 13:02:03,802 DEBUG [170036] [] CourseContractRegistController end
2022-03-22 13:02:03,802 DEBUG [170036] [] finally
2022-03-22 13:02:05,688 DEBUG [170036] [] Request URI : /eccadmin_dev/CourseStudentRegist/index
2022-03-22 13:02:05,689 DEBUG [170036] [] CourseStudentRegistController start
2022-03-22 13:02:05,689 DEBUG [170036] [] controllers/CourseStudentRegistController.php: is exist
2022-03-22 13:02:05,692 DEBUG [170036] [] CourseStudentRegistForm: is exist
2022-03-22 13:02:05,692 DEBUG [170036] [] CourseStudentRegistForm: form value set 
2022-03-22 13:02:05,692 DEBUG [170036] [] ------------------------------/eccadmin_dev/CourseStudentRegist/index
2022-03-22 13:02:05,693 DEBUG [170036] [] ------------------------------session_check_true
2022-03-22 13:02:05,693 DEBUG [170036] [] indexAction start
2022-03-22 13:02:05,693 DEBUG [170036] [] admin_no is 1
2022-03-22 13:02:05,769 DEBUG [170036] [] indexAction end
2022-03-22 13:02:05,769 DEBUG [170036] [] CourseStudentRegistController end
2022-03-22 13:02:05,769 DEBUG [170036] [] finally
2022-03-22 13:02:19,477 DEBUG [170047] [] Request URI : /eccadmin_dev/CourseStudentRegist/search
2022-03-22 13:02:19,477 DEBUG [170047] [] CourseStudentRegistController start
2022-03-22 13:02:19,477 DEBUG [170047] [] controllers/CourseStudentRegistController.php: is exist
2022-03-22 13:02:19,480 DEBUG [170047] [] CourseStudentRegistForm: is exist
2022-03-22 13:02:19,480 DEBUG [170047] [] CourseStudentRegistForm: form value set 
2022-03-22 13:02:19,481 DEBUG [170047] [] ------------------------------/eccadmin_dev/CourseStudentRegist/search
2022-03-22 13:02:19,481 DEBUG [170047] [] ------------------------------session_check_true
2022-03-22 13:02:19,481 DEBUG [170047] [] searchAction start
2022-03-22 13:02:19,481 DEBUG [170047] [] admin_no is 1
2022-03-22 13:02:19,564 DEBUG [170047] [] searchAction end
2022-03-22 13:02:19,564 DEBUG [170047] [] CourseStudentRegistController end
2022-03-22 13:02:19,564 DEBUG [170047] [] finally
2022-03-22 13:02:24,441 DEBUG [170047] [] Request URI : /eccadmin_dev/CourseStudentRegist/Save
2022-03-22 13:02:24,442 DEBUG [170047] [] CourseStudentRegistController start
2022-03-22 13:02:24,442 DEBUG [170047] [] controllers/CourseStudentRegistController.php: is exist
2022-03-22 13:02:24,445 DEBUG [170047] [] CourseStudentRegistForm: is exist
2022-03-22 13:02:24,445 DEBUG [170047] [] CourseStudentRegistForm: form value set 
2022-03-22 13:02:24,446 DEBUG [170047] [] ------------------------------/eccadmin_dev/CourseStudentRegist/Save
2022-03-22 13:02:24,446 DEBUG [170047] [] ------------------------------session_check_true
2022-03-22 13:02:24,446 DEBUG [170047] [] SaveAction start
2022-03-22 13:02:24,446 DEBUG [170047] [] admin_no is 1
2022-03-22 13:02:24,447 DEBUG [170047] [] INSERT INTO  T_COURSE_STUDENT (org_no,offer_no,course_id,student_no,start_period,end_period,del_flg,creater_id,create_dt,updater_id,update_dt ) VALUES ( :org_no,:offer_no,:course_id,:student_no,:start_period,:end_period,:del_flg,:creater_id,:create_dt,:updater_id,:update_dt );
2022-03-22 13:02:24,448 DEBUG [170047] [] INSERT INTO  T_COURSE_DETAIL_STUDENT (org_no,offer_no,student_no,course_id,course_detail_no,start_period,end_period,del_flg,creater_id,create_dt,updater_id,update_dt ) VALUES ( :org_no,:offer_no,:student_no,:course_id,:course_detail_no,:start_period,:end_period,:del_flg,:creater_id,:create_dt,:updater_id,:update_dt );
2022-03-22 13:02:24,449 DEBUG [170047] [] INSERT INTO  T_COURSE_DETAIL_STUDENT (org_no,offer_no,student_no,course_id,course_detail_no,start_period,end_period,del_flg,creater_id,create_dt,updater_id,update_dt ) VALUES ( :org_no,:offer_no,:student_no,:course_id,:course_detail_no,:start_period,:end_period,:del_flg,:creater_id,:create_dt,:updater_id,:update_dt );
2022-03-22 13:02:24,450 DEBUG [170047] [] INSERT INTO  T_COURSE_STUDENT (org_no,offer_no,course_id,student_no,start_period,end_period,del_flg,creater_id,create_dt,updater_id,update_dt ) VALUES ( :org_no,:offer_no,:course_id,:student_no,:start_period,:end_period,:del_flg,:creater_id,:create_dt,:updater_id,:update_dt );
2022-03-22 13:02:24,450 DEBUG [170047] [] INSERT INTO  T_COURSE_DETAIL_STUDENT (org_no,offer_no,student_no,course_id,course_detail_no,start_period,end_period,del_flg,creater_id,create_dt,updater_id,update_dt ) VALUES ( :org_no,:offer_no,:student_no,:course_id,:course_detail_no,:start_period,:end_period,:del_flg,:creater_id,:create_dt,:updater_id,:update_dt );
2022-03-22 13:02:24,451 DEBUG [170047] [] INSERT INTO  T_COURSE_DETAIL_STUDENT (org_no,offer_no,student_no,course_id,course_detail_no,start_period,end_period,del_flg,creater_id,create_dt,updater_id,update_dt ) VALUES ( :org_no,:offer_no,:student_no,:course_id,:course_detail_no,:start_period,:end_period,:del_flg,:creater_id,:create_dt,:updater_id,:update_dt );
2022-03-22 13:02:24,526 DEBUG [170047] [] SaveAction end
2022-03-22 13:02:24,526 DEBUG [170047] [] CourseStudentRegistController end
2022-03-22 13:02:24,528 DEBUG [170047] [] finally
2022-03-22 13:09:35,179 DEBUG [169993] [] Request URI : /eccadmin_dev/Login/logout
2022-03-22 13:09:35,180 DEBUG [169993] [] LoginController start
2022-03-22 13:09:35,180 DEBUG [169993] [] controllers/LoginController.php: is exist
2022-03-22 13:09:35,180 DEBUG [169993] [] LoginForm: is exist
2022-03-22 13:09:35,180 DEBUG [169993] [] LoginForm: form value set 
2022-03-22 13:09:35,181 DEBUG [169993] [] ------------------------------/eccadmin_dev/Login/logout
2022-03-22 13:09:35,181 DEBUG [169993] [] ------------------------------login_start_check
2022-03-22 13:09:35,181 DEBUG [169993] [] logoutAction start
2022-03-22 13:09:35,181 DEBUG [169993] [] logoutAction end
2022-03-22 13:09:35,181 DEBUG [169993] [] LoginController end
2022-03-22 13:09:35,181 DEBUG [169993] [] finally
2022-03-22 13:09:35,207 DEBUG [169993] [] Request URI : /eccadmin_dev/Login
2022-03-22 13:09:35,207 DEBUG [169993] [] LoginController start
2022-03-22 13:09:35,208 DEBUG [169993] [] controllers/LoginController.php: is exist
2022-03-22 13:09:35,208 DEBUG [169993] [] LoginForm: is exist
2022-03-22 13:09:35,208 DEBUG [169993] [] LoginForm: form value set 
2022-03-22 13:09:35,208 DEBUG [169993] [] ------------------------------/eccadmin_dev/Login
2022-03-22 13:09:35,208 DEBUG [169993] [] ------------------------------login_start_check
2022-03-22 13:09:35,208 DEBUG [169993] [] indexAction start
2022-03-22 13:09:35,223 DEBUG [169993] [] indexAction end
2022-03-22 13:09:35,223 DEBUG [169993] [] LoginController end
2022-03-22 13:09:35,223 DEBUG [169993] [] finally
2022-03-22 13:10:17,109 DEBUG [169993] [] Request URI : /eccadmin_dev/Login
2022-03-22 13:10:17,109 DEBUG [169993] [] LoginController start
2022-03-22 13:10:17,109 DEBUG [169993] [] controllers/LoginController.php: is exist
2022-03-22 13:10:17,109 DEBUG [169993] [] LoginForm: is exist
2022-03-22 13:10:17,110 DEBUG [169993] [] LoginForm: form value set 
2022-03-22 13:10:17,110 DEBUG [169993] [] ------------------------------/eccadmin_dev/Login
2022-03-22 13:10:17,110 DEBUG [169993] [] ------------------------------login_start_check
2022-03-22 13:10:17,110 DEBUG [169993] [] indexAction start
2022-03-22 13:10:17,125 DEBUG [169993] [] indexAction end
2022-03-22 13:10:17,125 DEBUG [169993] [] LoginController end
2022-03-22 13:10:17,125 DEBUG [169993] [] finally
2022-03-22 13:10:20,670 DEBUG [170087] [] Request URI : /eccadmin_dev/Login/login
2022-03-22 13:10:20,671 DEBUG [170087] [] LoginController start
2022-03-22 13:10:20,671 DEBUG [170087] [] controllers/LoginController.php: is exist
2022-03-22 13:10:20,672 DEBUG [170087] [] LoginForm: is exist
2022-03-22 13:10:20,672 DEBUG [170087] [] LoginForm: form value set 
2022-03-22 13:10:20,672 DEBUG [170087] [] ------------------------------/eccadmin_dev/Login/login
2022-03-22 13:10:20,672 DEBUG [170087] [] ------------------------------login_start_check
2022-03-22 13:10:20,672 DEBUG [170087] [] loginAction start
2022-03-22 13:10:20,971 DEBUG [170087] [] loginAction end
2022-03-22 13:10:20,971 DEBUG [170087] [] LoginController end
2022-03-22 13:10:20,971 DEBUG [170087] [] finally
2022-03-22 13:10:21,021 DEBUG [170087] [] Request URI : /eccadmin_dev/Menu
2022-03-22 13:10:21,021 DEBUG [170087] [] MenuController start
2022-03-22 13:10:21,021 DEBUG [170087] [] controllers/MenuController.php: is exist
2022-03-22 13:10:21,022 DEBUG [170087] [] MenuForm: is exist
2022-03-22 13:10:21,022 DEBUG [170087] [] MenuForm: form value set 
2022-03-22 13:10:21,022 DEBUG [170087] [] ------------------------------/eccadmin_dev/Menu
2022-03-22 13:10:21,023 DEBUG [170087] [] ------------------------------login_start_check
2022-03-22 13:10:21,023 DEBUG [170087] [] indexAction start
2022-03-22 13:10:21,023 DEBUG [170087] [] admin_no is 1
2022-03-22 13:10:21,075 DEBUG [170087] [] indexAction end
2022-03-22 13:10:21,075 DEBUG [170087] [] MenuController end
2022-03-22 13:10:21,075 DEBUG [170087] [] finally
2022-03-22 13:10:27,650 DEBUG [170249] [] Request URI : /eccadmin_dev/CourseList
2022-03-22 13:10:27,653 DEBUG [170249] [] CourseListController start
2022-03-22 13:10:27,653 DEBUG [170249] [] controllers/CourseListController.php: is exist
2022-03-22 13:10:27,657 DEBUG [170249] [] CourseListForm: is exist
2022-03-22 13:10:27,658 DEBUG [170249] [] CourseListForm: form value set 
2022-03-22 13:10:27,658 DEBUG [170249] [] ------------------------------/eccadmin_dev/CourseList
2022-03-22 13:10:27,658 DEBUG [170249] [] indexAction start
2022-03-22 13:10:27,659 DEBUG [170249] [] admin_no is 1
2022-03-22 13:10:27,769 DEBUG [170249] [] indexAction end
2022-03-22 13:10:27,769 DEBUG [170249] [] CourseListController end
2022-03-22 13:10:27,769 DEBUG [170249] [] finally
2022-03-22 13:10:39,618 DEBUG [170250] [] Request URI : /eccadmin_dev/CourseDetailAssignment/index
2022-03-22 13:10:39,621 DEBUG [170250] [] CourseDetailAssignmentController start
2022-03-22 13:10:39,621 DEBUG [170250] [] controllers/CourseDetailAssignmentController.php: is exist
2022-03-22 13:10:39,627 DEBUG [170250] [] CourseDetailAssignmentForm: is exist
2022-03-22 13:10:39,627 DEBUG [170250] [] CourseDetailAssignmentForm: form value set 
2022-03-22 13:10:39,628 DEBUG [170250] [] ------------------------------/eccadmin_dev/CourseDetailAssignment/index
2022-03-22 13:10:39,628 DEBUG [170250] [] ------------------------------session_check_true
2022-03-22 13:10:39,628 DEBUG [170250] [] indexAction start
2022-03-22 13:10:39,628 DEBUG [170250] [] admin_no is 1
2022-03-22 13:10:39,732 DEBUG [170250] [] indexAction end
2022-03-22 13:10:39,732 DEBUG [170250] [] CourseDetailAssignmentController end
2022-03-22 13:10:39,733 DEBUG [170250] [] finally
2022-03-22 13:12:14,813 DEBUG [170250] [] Request URI : /eccadmin_dev/CourseList/search
2022-03-22 13:12:14,814 DEBUG [170250] [] CourseListController start
2022-03-22 13:12:14,814 DEBUG [170250] [] controllers/CourseListController.php: is exist
2022-03-22 13:12:14,817 DEBUG [170250] [] CourseListForm: is exist
2022-03-22 13:12:14,817 DEBUG [170250] [] CourseListForm: form value set 
2022-03-22 13:12:14,818 DEBUG [170250] [] ------------------------------/eccadmin_dev/CourseList/search
2022-03-22 13:12:14,818 DEBUG [170250] [] searchAction start
2022-03-22 13:12:14,818 DEBUG [170250] [] admin_no is 1
2022-03-22 13:12:14,924 DEBUG [170250] [] searchAction end
2022-03-22 13:12:14,924 DEBUG [170250] [] CourseListController end
2022-03-22 13:12:14,924 DEBUG [170250] [] finally
2022-03-22 13:14:20,513 DEBUG [170247] [] Request URI : /eccadmin_dev/CourseList/Search
2022-03-22 13:14:20,513 DEBUG [170247] [] CourseListController start
2022-03-22 13:14:20,514 DEBUG [170247] [] controllers/CourseListController.php: is exist
2022-03-22 13:14:20,517 DEBUG [170247] [] CourseListForm: is exist
2022-03-22 13:14:20,517 DEBUG [170247] [] CourseListForm: form value set 
2022-03-22 13:14:20,518 DEBUG [170247] [] ------------------------------/eccadmin_dev/CourseList/Search
2022-03-22 13:14:20,518 DEBUG [170247] [] SearchAction start
2022-03-22 13:14:20,518 DEBUG [170247] [] admin_no is 1
2022-03-22 13:14:20,625 DEBUG [170247] [] SearchAction end
2022-03-22 13:14:20,625 DEBUG [170247] [] CourseListController end
2022-03-22 13:14:20,625 DEBUG [170247] [] finally
2022-03-22 13:14:34,244 DEBUG [170256] [] Request URI : /eccadmin_dev/CourseList/Search
2022-03-22 13:14:34,245 DEBUG [170256] [] CourseListController start
2022-03-22 13:14:34,245 DEBUG [170256] [] controllers/CourseListController.php: is exist
2022-03-22 13:14:34,248 DEBUG [170256] [] CourseListForm: is exist
2022-03-22 13:14:34,249 DEBUG [170256] [] CourseListForm: form value set 
2022-03-22 13:14:34,249 DEBUG [170256] [] ------------------------------/eccadmin_dev/CourseList/Search
2022-03-22 13:14:34,249 DEBUG [170256] [] SearchAction start
2022-03-22 13:14:34,250 DEBUG [170256] [] admin_no is 1
2022-03-22 13:14:34,356 DEBUG [170256] [] SearchAction end
2022-03-22 13:14:34,356 DEBUG [170256] [] CourseListController end
2022-03-22 13:14:34,356 DEBUG [170256] [] finally
2022-03-22 13:18:00,082 DEBUG [170250] [] Request URI : /eccadmin_dev/CourseList/Search
2022-03-22 13:18:00,083 DEBUG [170250] [] CourseListController start
2022-03-22 13:18:00,083 DEBUG [170250] [] controllers/CourseListController.php: is exist
2022-03-22 13:18:00,086 DEBUG [170250] [] CourseListForm: is exist
2022-03-22 13:18:00,086 DEBUG [170250] [] CourseListForm: form value set 
2022-03-22 13:18:00,087 DEBUG [170250] [] ------------------------------/eccadmin_dev/CourseList/Search
2022-03-22 13:18:00,087 DEBUG [170250] [] SearchAction start
2022-03-22 13:18:00,087 DEBUG [170250] [] admin_no is 1
2022-03-22 13:18:00,192 DEBUG [170250] [] SearchAction end
2022-03-22 13:18:00,192 DEBUG [170250] [] CourseListController end
2022-03-22 13:18:00,192 DEBUG [170250] [] finally
2022-03-22 13:18:08,812 DEBUG [170344] [] Request URI : /eccadmin_dev/CourseRegist/index
2022-03-22 13:18:08,816 DEBUG [170344] [] CourseRegistController start
2022-03-22 13:18:08,816 DEBUG [170344] [] controllers/CourseRegistController.php: is exist
2022-03-22 13:18:08,820 DEBUG [170344] [] CourseRegistForm: is exist
2022-03-22 13:18:08,820 DEBUG [170344] [] CourseRegistForm: form value set 
2022-03-22 13:18:08,821 DEBUG [170344] [] ------------------------------/eccadmin_dev/CourseRegist/index
2022-03-22 13:18:08,821 DEBUG [170344] [] ------------------------------session_check_true
2022-03-22 13:18:08,821 DEBUG [170344] [] indexAction start
2022-03-22 13:18:08,821 DEBUG [170344] [] admin_no is 1
2022-03-22 13:18:08,916 DEBUG [170344] [] indexAction end
2022-03-22 13:18:08,916 DEBUG [170344] [] CourseRegistController end
2022-03-22 13:18:08,916 DEBUG [170344] [] finally
2022-03-22 13:18:15,366 DEBUG [170324] [] Request URI : /eccadmin_dev/CourseRegist/save
2022-03-22 13:18:15,367 DEBUG [170324] [] CourseRegistController start
2022-03-22 13:18:15,367 DEBUG [170324] [] controllers/CourseRegistController.php: is exist
2022-03-22 13:18:15,370 DEBUG [170324] [] CourseRegistForm: is exist
2022-03-22 13:18:15,370 DEBUG [170324] [] CourseRegistForm: form value set 
2022-03-22 13:18:15,371 DEBUG [170324] [] ------------------------------/eccadmin_dev/CourseRegist/save
2022-03-22 13:18:15,371 DEBUG [170324] [] ------------------------------session_check_true
2022-03-22 13:18:15,371 DEBUG [170324] [] saveAction start
2022-03-22 13:18:15,371 DEBUG [170324] [] admin_no is 1
2022-03-22 13:18:15,437 DEBUG [170324] [] saveAction end
2022-03-22 13:18:15,437 DEBUG [170324] [] CourseRegistController end
2022-03-22 13:18:15,437 DEBUG [170324] [] finally
2022-03-22 13:18:17,256 DEBUG [170324] [] Request URI : /eccadmin_dev/CourseList/search
2022-03-22 13:18:17,257 DEBUG [170324] [] CourseListController start
2022-03-22 13:18:17,257 DEBUG [170324] [] controllers/CourseListController.php: is exist
2022-03-22 13:18:17,260 DEBUG [170324] [] CourseListForm: is exist
2022-03-22 13:18:17,261 DEBUG [170324] [] CourseListForm: form value set 
2022-03-22 13:18:17,261 DEBUG [170324] [] ------------------------------/eccadmin_dev/CourseList/search
2022-03-22 13:18:17,262 DEBUG [170324] [] searchAction start
2022-03-22 13:18:17,262 DEBUG [170324] [] admin_no is 1
2022-03-22 13:18:17,366 DEBUG [170324] [] searchAction end
2022-03-22 13:18:17,366 DEBUG [170324] [] CourseListController end
2022-03-22 13:18:17,367 DEBUG [170324] [] finally
2022-03-22 13:18:20,181 DEBUG [170324] [] Request URI : /eccadmin_dev/CourseDetailAssignment/index
2022-03-22 13:18:20,182 DEBUG [170324] [] CourseDetailAssignmentController start
2022-03-22 13:18:20,182 DEBUG [170324] [] controllers/CourseDetailAssignmentController.php: is exist
2022-03-22 13:18:20,187 DEBUG [170324] [] CourseDetailAssignmentForm: is exist
2022-03-22 13:18:20,187 DEBUG [170324] [] CourseDetailAssignmentForm: form value set 
2022-03-22 13:18:20,188 DEBUG [170324] [] ------------------------------/eccadmin_dev/CourseDetailAssignment/index
2022-03-22 13:18:20,188 DEBUG [170324] [] ------------------------------session_check_true
2022-03-22 13:18:20,188 DEBUG [170324] [] indexAction start
2022-03-22 13:18:20,188 DEBUG [170324] [] admin_no is 1
2022-03-22 13:18:20,277 DEBUG [170324] [] indexAction end
2022-03-22 13:18:20,277 DEBUG [170324] [] CourseDetailAssignmentController end
2022-03-22 13:18:20,277 DEBUG [170324] [] finally
2022-03-22 13:18:22,514 DEBUG [170303] [] Request URI : /eccadmin_dev/CourseList/search
2022-03-22 13:18:22,514 DEBUG [170303] [] CourseListController start
2022-03-22 13:18:22,514 DEBUG [170303] [] controllers/CourseListController.php: is exist
2022-03-22 13:18:22,518 DEBUG [170303] [] CourseListForm: is exist
2022-03-22 13:18:22,518 DEBUG [170303] [] CourseListForm: form value set 
2022-03-22 13:18:22,519 DEBUG [170303] [] ------------------------------/eccadmin_dev/CourseList/search
2022-03-22 13:18:22,519 DEBUG [170303] [] searchAction start
2022-03-22 13:18:22,519 DEBUG [170303] [] admin_no is 1
2022-03-22 13:18:22,627 DEBUG [170303] [] searchAction end
2022-03-22 13:18:22,627 DEBUG [170303] [] CourseListController end
2022-03-22 13:18:22,627 DEBUG [170303] [] finally
2022-03-22 13:18:24,555 DEBUG [170303] [] Request URI : /eccadmin_dev/CourseDetailAssignment/index
2022-03-22 13:18:24,555 DEBUG [170303] [] CourseDetailAssignmentController start
2022-03-22 13:18:24,555 DEBUG [170303] [] controllers/CourseDetailAssignmentController.php: is exist
2022-03-22 13:18:24,558 DEBUG [170303] [] CourseDetailAssignmentForm: is exist
2022-03-22 13:18:24,558 DEBUG [170303] [] CourseDetailAssignmentForm: form value set 
2022-03-22 13:18:24,559 DEBUG [170303] [] ------------------------------/eccadmin_dev/CourseDetailAssignment/index
2022-03-22 13:18:24,559 DEBUG [170303] [] ------------------------------session_check_true
2022-03-22 13:18:24,559 DEBUG [170303] [] indexAction start
2022-03-22 13:18:24,559 DEBUG [170303] [] admin_no is 1
2022-03-22 13:18:24,610 DEBUG [170303] [] indexAction end
2022-03-22 13:18:24,611 DEBUG [170303] [] CourseDetailAssignmentController end
2022-03-22 13:18:24,611 DEBUG [170303] [] finally
2022-03-22 13:18:30,930 DEBUG [170210] [] Request URI : /eccadmin_dev/CourseContractList
2022-03-22 13:18:30,931 DEBUG [170210] [] CourseContractListController start
2022-03-22 13:18:30,931 DEBUG [170210] [] controllers/CourseContractListController.php: is exist
2022-03-22 13:18:30,936 DEBUG [170210] [] CourseContractListForm: is exist
2022-03-22 13:18:30,936 DEBUG [170210] [] CourseContractListForm: form value set 
2022-03-22 13:18:30,937 DEBUG [170210] [] ------------------------------/eccadmin_dev/CourseContractList
2022-03-22 13:18:30,937 DEBUG [170210] [] indexAction start
2022-03-22 13:18:30,937 DEBUG [170210] [] admin_no is 1
2022-03-22 13:18:31,048 DEBUG [170210] [] indexAction end
2022-03-22 13:18:31,049 DEBUG [170210] [] CourseContractListController end
2022-03-22 13:18:31,049 DEBUG [170210] [] finally
2022-03-22 13:18:34,832 DEBUG [170210] [] Request URI : /eccadmin_dev/CourseContractRegist/index
2022-03-22 13:18:34,833 DEBUG [170210] [] CourseContractRegistController start
2022-03-22 13:18:34,833 DEBUG [170210] [] controllers/CourseContractRegistController.php: is exist
2022-03-22 13:18:34,836 DEBUG [170210] [] CourseContractRegistForm: is exist
2022-03-22 13:18:34,836 DEBUG [170210] [] CourseContractRegistForm: form value set 
2022-03-22 13:18:34,837 DEBUG [170210] [] ------------------------------/eccadmin_dev/CourseContractRegist/index
2022-03-22 13:18:34,837 DEBUG [170210] [] ------------------------------session_check_true
2022-03-22 13:18:34,837 DEBUG [170210] [] indexAction start
2022-03-22 13:18:34,837 DEBUG [170210] [] admin_no is 1
2022-03-22 13:18:34,910 DEBUG [170210] [] indexAction end
2022-03-22 13:18:34,910 DEBUG [170210] [] CourseContractRegistController end
2022-03-22 13:18:34,910 DEBUG [170210] [] finally
2022-03-22 13:18:40,613 DEBUG [170305] [] Request URI : /eccadmin_dev/CourseContractRegist/courseShow
2022-03-22 13:18:40,614 DEBUG [170305] [] CourseContractRegistController start
2022-03-22 13:18:40,614 DEBUG [170305] [] controllers/CourseContractRegistController.php: is exist
2022-03-22 13:18:40,617 DEBUG [170305] [] CourseContractRegistForm: is exist
2022-03-22 13:18:40,617 DEBUG [170305] [] CourseContractRegistForm: form value set 
2022-03-22 13:18:40,618 DEBUG [170305] [] ------------------------------/eccadmin_dev/CourseContractRegist/courseShow
2022-03-22 13:18:40,618 DEBUG [170305] [] ------------------------------session_check_true
2022-03-22 13:18:40,618 DEBUG [170305] [] courseShowAction start
2022-03-22 13:18:40,618 DEBUG [170305] [] admin_no is 1
2022-03-22 13:18:40,687 DEBUG [170305] [] courseShowAction end
2022-03-22 13:18:40,687 DEBUG [170305] [] CourseContractRegistController end
2022-03-22 13:18:40,687 DEBUG [170305] [] finally
2022-03-22 13:19:16,735 DEBUG [170324] [] Request URI : /eccadmin_dev/CourseContractRegist/save
2022-03-22 13:19:16,736 DEBUG [170324] [] CourseContractRegistController start
2022-03-22 13:19:16,736 DEBUG [170324] [] controllers/CourseContractRegistController.php: is exist
2022-03-22 13:19:16,738 DEBUG [170324] [] CourseContractRegistForm: is exist
2022-03-22 13:19:16,739 DEBUG [170324] [] CourseContractRegistForm: form value set 
2022-03-22 13:19:16,739 DEBUG [170324] [] ------------------------------/eccadmin_dev/CourseContractRegist/save
2022-03-22 13:19:16,739 DEBUG [170324] [] ------------------------------session_check_true
2022-03-22 13:19:16,739 DEBUG [170324] [] saveAction start
2022-03-22 13:19:16,739 DEBUG [170324] [] admin_no is 1
2022-03-22 13:19:16,743 DEBUG [170324] [] offer_no
2022-03-22 13:19:16,747 DEBUG [170324] [] INSERT INTO  T_COURSE_ORG (offer_no,org_no,course_id,start_period,end_period,remarks,create_dt,creater_id,update_dt,updater_id ) VALUES ( :offer_no,:org_no,:course_id,:start_period,:end_period,:remarks,:create_dt,:creater_id,:update_dt,:updater_id );
2022-03-22 13:19:16,818 DEBUG [170324] [] saveAction end
2022-03-22 13:19:16,818 DEBUG [170324] [] CourseContractRegistController end
2022-03-22 13:19:16,819 DEBUG [170324] [] finally
2022-03-22 13:19:24,032 DEBUG [170379] [] Request URI : /eccadmin_dev/CourseStudentRegist/index
2022-03-22 13:19:24,033 DEBUG [170379] [] CourseStudentRegistController start
2022-03-22 13:19:24,033 DEBUG [170379] [] controllers/CourseStudentRegistController.php: is exist
2022-03-22 13:19:24,036 DEBUG [170379] [] CourseStudentRegistForm: is exist
2022-03-22 13:19:24,036 DEBUG [170379] [] CourseStudentRegistForm: form value set 
2022-03-22 13:19:24,036 DEBUG [170379] [] ------------------------------/eccadmin_dev/CourseStudentRegist/index
2022-03-22 13:19:24,037 DEBUG [170379] [] ------------------------------session_check_true
2022-03-22 13:19:24,037 DEBUG [170379] [] indexAction start
2022-03-22 13:19:24,037 DEBUG [170379] [] admin_no is 1
2022-03-22 13:19:24,114 DEBUG [170379] [] indexAction end
2022-03-22 13:19:24,114 DEBUG [170379] [] CourseStudentRegistController end
2022-03-22 13:19:24,115 DEBUG [170379] [] finally
2022-03-22 13:19:33,857 DEBUG [170378] [] Request URI : /eccadmin_dev/CourseStudentRegist/search
2022-03-22 13:19:33,858 DEBUG [170378] [] CourseStudentRegistController start
2022-03-22 13:19:33,858 DEBUG [170378] [] controllers/CourseStudentRegistController.php: is exist
2022-03-22 13:19:33,861 DEBUG [170378] [] CourseStudentRegistForm: is exist
2022-03-22 13:19:33,861 DEBUG [170378] [] CourseStudentRegistForm: form value set 
2022-03-22 13:19:33,862 DEBUG [170378] [] ------------------------------/eccadmin_dev/CourseStudentRegist/search
2022-03-22 13:19:33,862 DEBUG [170378] [] ------------------------------session_check_true
2022-03-22 13:19:33,862 DEBUG [170378] [] searchAction start
2022-03-22 13:19:33,862 DEBUG [170378] [] admin_no is 1
2022-03-22 13:19:33,942 DEBUG [170378] [] searchAction end
2022-03-22 13:19:33,942 DEBUG [170378] [] CourseStudentRegistController end
2022-03-22 13:19:33,942 DEBUG [170378] [] finally
2022-03-22 13:19:38,060 DEBUG [170378] [] Request URI : /eccadmin_dev/CourseStudentRegist/Save
2022-03-22 13:19:38,061 DEBUG [170378] [] CourseStudentRegistController start
2022-03-22 13:19:38,061 DEBUG [170378] [] controllers/CourseStudentRegistController.php: is exist
2022-03-22 13:19:38,064 DEBUG [170378] [] CourseStudentRegistForm: is exist
2022-03-22 13:19:38,064 DEBUG [170378] [] CourseStudentRegistForm: form value set 
2022-03-22 13:19:38,065 DEBUG [170378] [] ------------------------------/eccadmin_dev/CourseStudentRegist/Save
2022-03-22 13:19:38,065 DEBUG [170378] [] ------------------------------session_check_true
2022-03-22 13:19:38,065 DEBUG [170378] [] SaveAction start
2022-03-22 13:19:38,065 DEBUG [170378] [] admin_no is 1
2022-03-22 13:19:38,066 DEBUG [170378] [] INSERT INTO  T_COURSE_STUDENT (org_no,offer_no,course_id,student_no,start_period,end_period,del_flg,creater_id,create_dt,updater_id,update_dt ) VALUES ( :org_no,:offer_no,:course_id,:student_no,:start_period,:end_period,:del_flg,:creater_id,:create_dt,:updater_id,:update_dt );
2022-03-22 13:19:38,067 DEBUG [170378] [] INSERT INTO  T_COURSE_DETAIL_STUDENT (org_no,offer_no,student_no,course_id,course_detail_no,start_period,end_period,del_flg,creater_id,create_dt,updater_id,update_dt ) VALUES ( :org_no,:offer_no,:student_no,:course_id,:course_detail_no,:start_period,:end_period,:del_flg,:creater_id,:create_dt,:updater_id,:update_dt );
2022-03-22 13:19:38,067 DEBUG [170378] [] INSERT INTO  T_COURSE_STUDENT (org_no,offer_no,course_id,student_no,start_period,end_period,del_flg,creater_id,create_dt,updater_id,update_dt ) VALUES ( :org_no,:offer_no,:course_id,:student_no,:start_period,:end_period,:del_flg,:creater_id,:create_dt,:updater_id,:update_dt );
2022-03-22 13:19:38,068 DEBUG [170378] [] INSERT INTO  T_COURSE_DETAIL_STUDENT (org_no,offer_no,student_no,course_id,course_detail_no,start_period,end_period,del_flg,creater_id,create_dt,updater_id,update_dt ) VALUES ( :org_no,:offer_no,:student_no,:course_id,:course_detail_no,:start_period,:end_period,:del_flg,:creater_id,:create_dt,:updater_id,:update_dt );
2022-03-22 13:19:38,145 DEBUG [170378] [] SaveAction end
2022-03-22 13:19:38,145 DEBUG [170378] [] CourseStudentRegistController end
2022-03-22 13:19:38,147 DEBUG [170378] [] finally
2022-03-22 13:21:16,490 DEBUG [170428] [] Request URI : /eccadmin_dev/CourseContractRegist/index
2022-03-22 13:21:16,494 DEBUG [170428] [] CourseContractRegistController start
2022-03-22 13:21:16,494 DEBUG [170428] [] controllers/CourseContractRegistController.php: is exist
2022-03-22 13:21:16,497 DEBUG [170428] [] CourseContractRegistForm: is exist
2022-03-22 13:21:16,497 DEBUG [170428] [] CourseContractRegistForm: form value set 
2022-03-22 13:21:16,498 DEBUG [170428] [] ------------------------------/eccadmin_dev/CourseContractRegist/index
2022-03-22 13:21:16,498 DEBUG [170428] [] ------------------------------session_check_true
2022-03-22 13:21:16,498 DEBUG [170428] [] indexAction start
2022-03-22 13:21:16,498 DEBUG [170428] [] admin_no is 1
2022-03-22 13:21:16,571 DEBUG [170428] [] indexAction end
2022-03-22 13:21:16,571 DEBUG [170428] [] CourseContractRegistController end
2022-03-22 13:21:16,571 DEBUG [170428] [] finally
2022-03-22 13:21:21,756 DEBUG [170344] [] Request URI : /eccadmin_dev/CourseList
2022-03-22 13:21:21,756 DEBUG [170344] [] CourseListController start
2022-03-22 13:21:21,756 DEBUG [170344] [] controllers/CourseListController.php: is exist
2022-03-22 13:21:21,760 DEBUG [170344] [] CourseListForm: is exist
2022-03-22 13:21:21,760 DEBUG [170344] [] CourseListForm: form value set 
2022-03-22 13:21:21,761 DEBUG [170344] [] ------------------------------/eccadmin_dev/CourseList
2022-03-22 13:21:21,761 DEBUG [170344] [] indexAction start
2022-03-22 13:21:21,761 DEBUG [170344] [] admin_no is 1
2022-03-22 13:21:21,865 DEBUG [170344] [] indexAction end
2022-03-22 13:21:21,865 DEBUG [170344] [] CourseListController end
2022-03-22 13:21:21,865 DEBUG [170344] [] finally
2022-03-22 13:21:25,477 DEBUG [170344] [] Request URI : /eccadmin_dev/CourseDetailAssignment/index
2022-03-22 13:21:25,478 DEBUG [170344] [] CourseDetailAssignmentController start
2022-03-22 13:21:25,478 DEBUG [170344] [] controllers/CourseDetailAssignmentController.php: is exist
2022-03-22 13:21:25,482 DEBUG [170344] [] CourseDetailAssignmentForm: is exist
2022-03-22 13:21:25,483 DEBUG [170344] [] CourseDetailAssignmentForm: form value set 
2022-03-22 13:21:25,483 DEBUG [170344] [] ------------------------------/eccadmin_dev/CourseDetailAssignment/index
2022-03-22 13:21:25,483 DEBUG [170344] [] ------------------------------session_check_true
2022-03-22 13:21:25,483 DEBUG [170344] [] indexAction start
2022-03-22 13:21:25,484 DEBUG [170344] [] admin_no is 1
2022-03-22 13:21:25,569 DEBUG [170344] [] indexAction end
2022-03-22 13:21:25,569 DEBUG [170344] [] CourseDetailAssignmentController end
2022-03-22 13:21:25,569 DEBUG [170344] [] finally
2022-03-22 13:21:33,696 DEBUG [170428] [] Request URI : /eccadmin_dev/QuestionList
2022-03-22 13:21:33,697 DEBUG [170428] [] QuestionListController start
2022-03-22 13:21:33,697 DEBUG [170428] [] controllers/QuestionListController.php: is exist
2022-03-22 13:21:33,700 DEBUG [170428] [] QuestionListForm: is exist
2022-03-22 13:21:33,700 DEBUG [170428] [] QuestionListForm: form value set 
2022-03-22 13:21:33,701 DEBUG [170428] [] ------------------------------/eccadmin_dev/QuestionList
2022-03-22 13:21:33,701 DEBUG [170428] [] indexAction start
2022-03-22 13:21:33,701 DEBUG [170428] [] admin_no is 1
2022-03-22 13:21:33,703 DEBUG [170428] [] QuestionListForm Object
(
    [question_no] => 
    [question_name] => 
    [qa_description] => 
    [description] => 
    [test_kbn] => 
    [course_level] => 
    [qa_pattern] => 
    [score_pattern] => 
    [audio_name] => 
    [audio_description] => 
    [prepare_time] => 
    [answer_time] => 
    [audio_yes] => 
    [yes_description] => 
    [audio_no] => 
    [no_description] => 
    [status] => 
    [sample_answer] => 
    [byosha_point] => 
    [remarks] => 
    [chk_status1] => 
    [chk_status2] => 
    [page] => 1
    [max_page] => 
    [test_kbn_list] => Array
        (
            [0] => M_typeDto Object
                (
                    [category] => 016
                    [type] => 001
                    [name] => Speaking
                    [name_kana] => 
                    [disp_no] => 1
                    [del_flg] => 0
                    [create_dt] => 
                    [creater_id] => 
                    [update_dt] => 
                    [updater_id] => 
                )

            [1] => M_typeDto Object
                (
                    [category] => 016
                    [type] => 002
                    [name] => Writing
                    [name_kana] => 
                    [disp_no] => 3
                    [del_flg] => 0
                    [create_dt] => 
                    [creater_id] => 
                    [update_dt] => 
                    [updater_id] => 
                )

        )

    [course_level_list] => Array
        (
            [0] => M_typeDto Object
                (
                    [category] => 021
                    [type] => 001
                    [name] => Level 5
                    [name_kana] => 
                    [disp_no] => 1
                    [del_flg] => 0
                    [create_dt] => 
                    [creater_id] => 
                    [update_dt] => 
                    [updater_id] => 
                )

            [1] => M_typeDto Object
                (
                    [category] => 021
                    [type] => 002
                    [name] => Level 4
                    [name_kana] => 
                    [disp_no] => 2
                    [del_flg] => 0
                    [create_dt] => 
                    [creater_id] => 
                    [update_dt] => 
                    [updater_id] => 
                )

            [2] => M_typeDto Object
                (
                    [category] => 021
                    [type] => 003
                    [name] => Level 3
                    [name_kana] => 
                    [disp_no] => 3
                    [del_flg] => 0
                    [create_dt] => 
                    [creater_id] => 
                    [update_dt] => 
                    [updater_id] => 
                )

            [3] => M_typeDto Object
                (
                    [category] => 021
                    [type] => 004
                    [name] => Level 6
                    [name_kana] => 
                    [disp_no] => 4
                    [del_flg] => 0
                    [create_dt] => 
                    [creater_id] => 
                    [update_dt] => 
                    [updater_id] => 
                )

        )

    [search_page] => 
    [search_question_name] => 
    [search_test_kbn] => 
    [search_course_level] => 
    [search_chk_status1] => 
    [search_chk_status2] => 
    [search_status] => 
    [menuOpen] => open
    [menuStatus] => settingMenu
    [uid] => 89520ece9e75f7df9c64535c67fb84ca
    [admin_kbn] => 001
)

2022-03-22 13:21:33,745 DEBUG [170428] [] QuestionListForm Object
(
    [question_no] => 
    [question_name] => 
    [qa_description] => 
    [description] => 
    [test_kbn] => 
    [course_level] => 
    [qa_pattern] => 
    [score_pattern] => 
    [audio_name] => 
    [audio_description] => 
    [prepare_time] => 
    [answer_time] => 
    [audio_yes] => 
    [yes_description] => 
    [audio_no] => 
    [no_description] => 
    [status] => 
    [sample_answer] => 
    [byosha_point] => 
    [remarks] => 
    [chk_status1] => 
    [chk_status2] => 
    [page] => 1
    [max_page] => 27
    [test_kbn_list] => Array
        (
            [0] => M_typeDto Object
                (
                    [category] => 016
                    [type] => 001
                    [name] => Speaking
                    [name_kana] => 
                    [disp_no] => 1
                    [del_flg] => 0
                    [create_dt] => 
                    [creater_id] => 
                    [update_dt] => 
                    [updater_id] => 
                )

            [1] => M_typeDto Object
                (
                    [category] => 016
                    [type] => 002
                    [name] => Writing
                    [name_kana] => 
                    [disp_no] => 3
                    [del_flg] => 0
                    [create_dt] => 
                    [creater_id] => 
                    [update_dt] => 
                    [updater_id] => 
                )

        )

    [course_level_list] => Array
        (
            [0] => M_typeDto Object
                (
                    [category] => 021
                    [type] => 001
                    [name] => Level 5
                    [name_kana] => 
                    [disp_no] => 1
                    [del_flg] => 0
                    [create_dt] => 
                    [creater_id] => 
                    [update_dt] => 
                    [updater_id] => 
                )

            [1] => M_typeDto Object
                (
                    [category] => 021
                    [type] => 002
                    [name] => Level 4
                    [name_kana] => 
                    [disp_no] => 2
                    [del_flg] => 0
                    [create_dt] => 
                    [creater_id] => 
                    [update_dt] => 
                    [updater_id] => 
                )

            [2] => M_typeDto Object
                (
                    [category] => 021
                    [type] => 003
                    [name] => Level 3
                    [name_kana] => 
                    [disp_no] => 3
                    [del_flg] => 0
                    [create_dt] => 
                    [creater_id] => 
                    [update_dt] => 
                    [updater_id] => 
                )

            [3] => M_typeDto Object
                (
                    [category] => 021
                    [type] => 004
                    [name] => Level 6
                    [name_kana] => 
                    [disp_no] => 4
                    [del_flg] => 0
                    [create_dt] => 
                    [creater_id] => 
                    [update_dt] => 
                    [updater_id] => 
                )

        )

    [search_page] => 
    [search_question_name] => 
    [search_test_kbn] => 
    [search_course_level] => 
    [search_chk_status1] => 
    [search_chk_status2] => 
    [search_status] => 
    [menuOpen] => open
    [menuStatus] => settingMenu
    [uid] => 89520ece9e75f7df9c64535c67fb84ca
    [admin_kbn] => 001
)

2022-03-22 13:21:33,828 DEBUG [170428] [] indexAction end
2022-03-22 13:21:33,828 DEBUG [170428] [] QuestionListController end
2022-03-22 13:21:33,828 DEBUG [170428] [] finally
2022-03-22 13:21:36,519 DEBUG [170428] [] Request URI : /eccadmin_dev/CourseDetailList
2022-03-22 13:21:36,519 DEBUG [170428] [] CourseDetailListController start
2022-03-22 13:21:36,520 DEBUG [170428] [] controllers/CourseDetailListController.php: is exist
2022-03-22 13:21:36,522 DEBUG [170428] [] CourseDetailListForm: is exist
2022-03-22 13:21:36,523 DEBUG [170428] [] CourseDetailListForm: form value set 
2022-03-22 13:21:36,523 DEBUG [170428] [] ------------------------------/eccadmin_dev/CourseDetailList
2022-03-22 13:21:36,523 DEBUG [170428] [] indexAction start
2022-03-22 13:21:36,524 DEBUG [170428] [] admin_no is 1
2022-03-22 13:21:36,647 DEBUG [170428] [] indexAction end
2022-03-22 13:21:36,647 DEBUG [170428] [] CourseDetailListController end
2022-03-22 13:21:36,647 DEBUG [170428] [] finally
2022-03-22 13:21:43,839 DEBUG [170384] [] Request URI : /eccadmin_dev/CourseDetailList/Search
2022-03-22 13:21:43,840 DEBUG [170384] [] CourseDetailListController start
2022-03-22 13:21:43,840 DEBUG [170384] [] controllers/CourseDetailListController.php: is exist
2022-03-22 13:21:43,843 DEBUG [170384] [] CourseDetailListForm: is exist
2022-03-22 13:21:43,844 DEBUG [170384] [] CourseDetailListForm: form value set 
2022-03-22 13:21:43,844 DEBUG [170384] [] ------------------------------/eccadmin_dev/CourseDetailList/Search
2022-03-22 13:21:43,844 DEBUG [170384] [] SearchAction start
2022-03-22 13:21:43,844 DEBUG [170384] [] admin_no is 1
2022-03-22 13:21:43,934 DEBUG [170384] [] SearchAction end
2022-03-22 13:21:43,934 DEBUG [170384] [] CourseDetailListController end
2022-03-22 13:21:43,934 DEBUG [170384] [] finally
2022-03-22 13:21:47,240 DEBUG [170384] [] Request URI : /eccadmin_dev/QuestionAssignmentList/index
2022-03-22 13:21:47,241 DEBUG [170384] [] QuestionAssignmentListController start
2022-03-22 13:21:47,241 DEBUG [170384] [] controllers/QuestionAssignmentListController.php: is exist
2022-03-22 13:21:47,244 DEBUG [170384] [] QuestionAssignmentListForm: is exist
2022-03-22 13:21:47,244 DEBUG [170384] [] QuestionAssignmentListForm: form value set 
2022-03-22 13:21:47,245 DEBUG [170384] [] ------------------------------/eccadmin_dev/QuestionAssignmentList/index
2022-03-22 13:21:47,245 DEBUG [170384] [] indexAction start
2022-03-22 13:21:47,245 DEBUG [170384] [] admin_no is 1
2022-03-22 13:21:47,247 DEBUG [170384] []  SELECT @rownum:=@rownum+1 as rowno  ,question.question_no question_no  ,question.question_name question_name  ,question.qa_description qa_description  ,question.description description  ,(SELECT name FROM M_TYPE a WHERE category=:test_kbn AND a.type=question.test_kbn) AS test_kbn  ,(SELECT name FROM M_TYPE a WHERE category=:course_level AND a.type=question.course_level) AS course_level  ,(SELECT name FROM M_TYPE a WHERE a.type=question.qa_pattern AND CASE WHEN question.test_kbn = :stest_kbn THEN a.category=:sqa_pattern ELSE a.category=:wqa_pattern END) AS qa_pattern  ,(SELECT name FROM M_TYPE a WHERE category=:score_pattern AND a.type=question.score_pattern) AS score_pattern  ,question.audio_name audio_name  ,question.audio_description audio_description  ,question.prepare_time prepare_time  ,question.answer_time answer_time  ,question.audio_yes audio_yes ,question.yes_description yes_description ,question.audio_no audio_no ,question.no_description no_description ,CASE WHEN question.status = 0 THEN ''  ELSE '' END AS status  ,question.sample_answer sample_answer ,question.remarks remarks ,question.byosha_point byosha_point ,question.updater_id updater_id FROM  (SELECT @rownum:=0) as dummy  ,T_DETAIL detail  INNER JOIN T_COURSE_DETAIL_QUESTION as detail_question  ON detail.course_detail_no = detail_question.course_detail_no  INNER JOIN T_QUESTION as question  ON detail_question.question_no = question.question_no  WHERE  detail.course_detail_no = :course_detail_no  AND detail.del_flg = '0'  AND question.del_flg = '0'  ORDER BY  detail_question.disp_no ASC
2022-03-22 13:21:47,249 DEBUG [170384] []  SELECT @rownum:=@rownum+1 as rowno  ,question.question_no question_no  ,question.question_name question_name  ,question.qa_description qa_description  ,question.description description  ,(SELECT name FROM M_TYPE a WHERE category=:test_kbn AND a.type=question.test_kbn) AS test_kbn  ,(SELECT name FROM M_TYPE a WHERE category=:course_level AND a.type=question.course_level) AS course_level  ,(SELECT name FROM M_TYPE a WHERE a.type=question.qa_pattern AND CASE WHEN question.test_kbn = :stest_kbn THEN a.category=:sqa_pattern ELSE a.category=:wqa_pattern END) AS qa_pattern  ,(SELECT name FROM M_TYPE a WHERE category=:score_pattern AND a.type=question.score_pattern) AS score_pattern  ,question.audio_name audio_name  ,question.audio_description audio_description  ,question.prepare_time prepare_time  ,question.answer_time answer_time  ,question.audio_yes audio_yes ,question.yes_description yes_description ,question.audio_no audio_no ,question.no_description no_description ,CASE WHEN question.status = 0 THEN ''  ELSE '' END AS status  ,question.sample_answer sample_answer ,question.remarks remarks ,question.byosha_point byosha_point ,question.updater_id updater_id FROM  (SELECT @rownum:=0) as dummy  ,T_DETAIL detail  INNER JOIN T_COURSE_DETAIL_QUESTION as detail_question  ON detail.course_detail_no = detail_question.course_detail_no  INNER JOIN T_QUESTION as question  ON detail_question.question_no = question.question_no  WHERE  detail.course_detail_no = :course_detail_no  AND detail.del_flg = '0'  AND question.del_flg = '0'  ORDER BY  detail_question.disp_no ASC
2022-03-22 13:21:47,338 DEBUG [170384] [] indexAction end
2022-03-22 13:21:47,338 DEBUG [170384] [] QuestionAssignmentListController end
2022-03-22 13:21:47,338 DEBUG [170384] [] finally
2022-03-22 13:24:36,423 DEBUG [170468] [] Request URI : /eccadmin_dev/Login/logout
2022-03-22 13:24:36,424 DEBUG [170468] [] LoginController start
2022-03-22 13:24:36,424 DEBUG [170468] [] controllers/LoginController.php: is exist
2022-03-22 13:24:36,424 DEBUG [170468] [] LoginForm: is exist
2022-03-22 13:24:36,424 DEBUG [170468] [] LoginForm: form value set 
2022-03-22 13:24:36,425 DEBUG [170468] [] ------------------------------/eccadmin_dev/Login/logout
2022-03-22 13:24:36,425 DEBUG [170468] [] ------------------------------login_start_check
2022-03-22 13:24:36,425 DEBUG [170468] [] logoutAction start
2022-03-22 13:24:36,425 DEBUG [170468] [] logoutAction end
2022-03-22 13:24:36,425 DEBUG [170468] [] LoginController end
2022-03-22 13:24:36,425 DEBUG [170468] [] finally
2022-03-22 13:24:36,474 DEBUG [170468] [] Request URI : /eccadmin_dev/Login
2022-03-22 13:24:36,475 DEBUG [170468] [] LoginController start
2022-03-22 13:24:36,475 DEBUG [170468] [] controllers/LoginController.php: is exist
2022-03-22 13:24:36,475 DEBUG [170468] [] LoginForm: is exist
2022-03-22 13:24:36,475 DEBUG [170468] [] LoginForm: form value set 
2022-03-22 13:24:36,475 DEBUG [170468] [] ------------------------------/eccadmin_dev/Login
2022-03-22 13:24:36,476 DEBUG [170468] [] ------------------------------login_start_check
2022-03-22 13:24:36,476 DEBUG [170468] [] indexAction start
2022-03-22 13:24:36,492 DEBUG [170468] [] indexAction end
2022-03-22 13:24:36,492 DEBUG [170468] [] LoginController end
2022-03-22 13:24:36,492 DEBUG [170468] [] finally
2022-03-22 13:27:55,153 DEBUG [170486] [] Request URI : /eccadmin_dev/Login
2022-03-22 13:27:55,154 DEBUG [170486] [] LoginController start
2022-03-22 13:27:55,154 DEBUG [170486] [] controllers/LoginController.php: is exist
2022-03-22 13:27:55,154 DEBUG [170486] [] LoginForm: is exist
2022-03-22 13:27:55,154 DEBUG [170486] [] LoginForm: form value set 
2022-03-22 13:27:55,155 DEBUG [170486] [] ------------------------------/eccadmin_dev/Login
2022-03-22 13:27:55,155 DEBUG [170486] [] ------------------------------login_start_check
2022-03-22 13:27:55,155 DEBUG [170486] [] indexAction start
2022-03-22 13:27:55,170 DEBUG [170486] [] indexAction end
2022-03-22 13:27:55,170 DEBUG [170486] [] LoginController end
2022-03-22 13:27:55,170 DEBUG [170486] [] finally
2022-03-22 13:28:00,592 DEBUG [170486] [] Request URI : /eccadmin_dev/Login/login
2022-03-22 13:28:00,593 DEBUG [170486] [] LoginController start
2022-03-22 13:28:00,593 DEBUG [170486] [] controllers/LoginController.php: is exist
2022-03-22 13:28:00,593 DEBUG [170486] [] LoginForm: is exist
2022-03-22 13:28:00,593 DEBUG [170486] [] LoginForm: form value set 
2022-03-22 13:28:00,594 DEBUG [170486] [] ------------------------------/eccadmin_dev/Login/login
2022-03-22 13:28:00,594 DEBUG [170486] [] ------------------------------login_start_check
2022-03-22 13:28:00,594 DEBUG [170486] [] loginAction start
2022-03-22 13:28:00,899 DEBUG [170486] [] loginAction end
2022-03-22 13:28:00,899 DEBUG [170486] [] LoginController end
2022-03-22 13:28:00,899 DEBUG [170486] [] finally
2022-03-22 13:28:00,949 DEBUG [170486] [] Request URI : /eccadmin_dev/Menu
2022-03-22 13:28:00,949 DEBUG [170486] [] MenuController start
2022-03-22 13:28:00,949 DEBUG [170486] [] controllers/MenuController.php: is exist
2022-03-22 13:28:00,950 DEBUG [170486] [] MenuForm: is exist
2022-03-22 13:28:00,950 DEBUG [170486] [] MenuForm: form value set 
2022-03-22 13:28:00,950 DEBUG [170486] [] ------------------------------/eccadmin_dev/Menu
2022-03-22 13:28:00,950 DEBUG [170486] [] ------------------------------login_start_check
2022-03-22 13:28:00,950 DEBUG [170486] [] indexAction start
2022-03-22 13:28:00,951 DEBUG [170486] [] admin_no is 1
2022-03-22 13:28:00,998 DEBUG [170486] [] indexAction end
2022-03-22 13:28:00,998 DEBUG [170486] [] MenuController end
2022-03-22 13:28:00,998 DEBUG [170486] [] finally
2022-03-22 13:28:04,974 DEBUG [170486] [] Request URI : /eccadmin_dev/CourseList
2022-03-22 13:28:04,974 DEBUG [170486] [] CourseListController start
2022-03-22 13:28:04,974 DEBUG [170486] [] controllers/CourseListController.php: is exist
2022-03-22 13:28:04,978 DEBUG [170486] [] CourseListForm: is exist
2022-03-22 13:28:04,978 DEBUG [170486] [] CourseListForm: form value set 
2022-03-22 13:28:04,979 DEBUG [170486] [] ------------------------------/eccadmin_dev/CourseList
2022-03-22 13:28:04,979 DEBUG [170486] [] indexAction start
2022-03-22 13:28:04,979 DEBUG [170486] [] admin_no is 1
2022-03-22 13:28:05,083 DEBUG [170486] [] indexAction end
2022-03-22 13:28:05,083 DEBUG [170486] [] CourseListController end
2022-03-22 13:28:05,083 DEBUG [170486] [] finally
2022-03-22 13:28:11,894 DEBUG [170502] [] Request URI : /eccadmin_dev/CourseDetailAssignment/index
2022-03-22 13:28:11,895 DEBUG [170502] [] CourseDetailAssignmentController start
2022-03-22 13:28:11,895 DEBUG [170502] [] controllers/CourseDetailAssignmentController.php: is exist
2022-03-22 13:28:11,900 DEBUG [170502] [] CourseDetailAssignmentForm: is exist
2022-03-22 13:28:11,900 DEBUG [170502] [] CourseDetailAssignmentForm: form value set 
2022-03-22 13:28:11,901 DEBUG [170502] [] ------------------------------/eccadmin_dev/CourseDetailAssignment/index
2022-03-22 13:28:11,901 DEBUG [170502] [] ------------------------------session_check_true
2022-03-22 13:28:11,901 DEBUG [170502] [] indexAction start
2022-03-22 13:28:11,901 DEBUG [170502] [] admin_no is 1
2022-03-22 13:28:11,991 DEBUG [170502] [] indexAction end
2022-03-22 13:28:11,991 DEBUG [170502] [] CourseDetailAssignmentController end
2022-03-22 13:28:11,991 DEBUG [170502] [] finally
2022-03-22 13:28:14,876 DEBUG [170502] [] Request URI : /eccadmin_dev/CourseDetailList
2022-03-22 13:28:14,876 DEBUG [170502] [] CourseDetailListController start
2022-03-22 13:28:14,876 DEBUG [170502] [] controllers/CourseDetailListController.php: is exist
2022-03-22 13:28:14,879 DEBUG [170502] [] CourseDetailListForm: is exist
2022-03-22 13:28:14,879 DEBUG [170502] [] CourseDetailListForm: form value set 
2022-03-22 13:28:14,880 DEBUG [170502] [] ------------------------------/eccadmin_dev/CourseDetailList
2022-03-22 13:28:14,880 DEBUG [170502] [] indexAction start
2022-03-22 13:28:14,880 DEBUG [170502] [] admin_no is 1
2022-03-22 13:28:14,977 DEBUG [170502] [] indexAction end
2022-03-22 13:28:14,977 DEBUG [170502] [] CourseDetailListController end
2022-03-22 13:28:14,977 DEBUG [170502] [] finally
2022-03-22 13:28:21,623 DEBUG [170547] [] Request URI : /eccadmin_dev/QuestionAssignmentList/index
2022-03-22 13:28:21,627 DEBUG [170547] [] QuestionAssignmentListController start
2022-03-22 13:28:21,627 DEBUG [170547] [] controllers/QuestionAssignmentListController.php: is exist
2022-03-22 13:28:21,630 DEBUG [170547] [] QuestionAssignmentListForm: is exist
2022-03-22 13:28:21,631 DEBUG [170547] [] QuestionAssignmentListForm: form value set 
2022-03-22 13:28:21,631 DEBUG [170547] [] ------------------------------/eccadmin_dev/QuestionAssignmentList/index
2022-03-22 13:28:21,632 DEBUG [170547] [] indexAction start
2022-03-22 13:28:21,632 DEBUG [170547] [] admin_no is 1
2022-03-22 13:28:21,634 DEBUG [170547] []  SELECT @rownum:=@rownum+1 as rowno  ,question.question_no question_no  ,question.question_name question_name  ,question.qa_description qa_description  ,question.description description  ,(SELECT name FROM M_TYPE a WHERE category=:test_kbn AND a.type=question.test_kbn) AS test_kbn  ,(SELECT name FROM M_TYPE a WHERE category=:course_level AND a.type=question.course_level) AS course_level  ,(SELECT name FROM M_TYPE a WHERE a.type=question.qa_pattern AND CASE WHEN question.test_kbn = :stest_kbn THEN a.category=:sqa_pattern ELSE a.category=:wqa_pattern END) AS qa_pattern  ,(SELECT name FROM M_TYPE a WHERE category=:score_pattern AND a.type=question.score_pattern) AS score_pattern  ,question.audio_name audio_name  ,question.audio_description audio_description  ,question.prepare_time prepare_time  ,question.answer_time answer_time  ,question.audio_yes audio_yes ,question.yes_description yes_description ,question.audio_no audio_no ,question.no_description no_description ,CASE WHEN question.status = 0 THEN ''  ELSE '' END AS status  ,question.sample_answer sample_answer ,question.remarks remarks ,question.byosha_point byosha_point ,question.updater_id updater_id FROM  (SELECT @rownum:=0) as dummy  ,T_DETAIL detail  INNER JOIN T_COURSE_DETAIL_QUESTION as detail_question  ON detail.course_detail_no = detail_question.course_detail_no  INNER JOIN T_QUESTION as question  ON detail_question.question_no = question.question_no  WHERE  detail.course_detail_no = :course_detail_no  AND detail.del_flg = '0'  AND question.del_flg = '0'  ORDER BY  detail_question.disp_no ASC
2022-03-22 13:28:21,637 DEBUG [170547] []  SELECT @rownum:=@rownum+1 as rowno  ,question.question_no question_no  ,question.question_name question_name  ,question.qa_description qa_description  ,question.description description  ,(SELECT name FROM M_TYPE a WHERE category=:test_kbn AND a.type=question.test_kbn) AS test_kbn  ,(SELECT name FROM M_TYPE a WHERE category=:course_level AND a.type=question.course_level) AS course_level  ,(SELECT name FROM M_TYPE a WHERE a.type=question.qa_pattern AND CASE WHEN question.test_kbn = :stest_kbn THEN a.category=:sqa_pattern ELSE a.category=:wqa_pattern END) AS qa_pattern  ,(SELECT name FROM M_TYPE a WHERE category=:score_pattern AND a.type=question.score_pattern) AS score_pattern  ,question.audio_name audio_name  ,question.audio_description audio_description  ,question.prepare_time prepare_time  ,question.answer_time answer_time  ,question.audio_yes audio_yes ,question.yes_description yes_description ,question.audio_no audio_no ,question.no_description no_description ,CASE WHEN question.status = 0 THEN ''  ELSE '' END AS status  ,question.sample_answer sample_answer ,question.remarks remarks ,question.byosha_point byosha_point ,question.updater_id updater_id FROM  (SELECT @rownum:=0) as dummy  ,T_DETAIL detail  INNER JOIN T_COURSE_DETAIL_QUESTION as detail_question  ON detail.course_detail_no = detail_question.course_detail_no  INNER JOIN T_QUESTION as question  ON detail_question.question_no = question.question_no  WHERE  detail.course_detail_no = :course_detail_no  AND detail.del_flg = '0'  AND question.del_flg = '0'  ORDER BY  detail_question.disp_no ASC
2022-03-22 13:28:21,725 DEBUG [170547] [] indexAction end
2022-03-22 13:28:21,726 DEBUG [170547] [] QuestionAssignmentListController end
2022-03-22 13:28:21,726 DEBUG [170547] [] finally
2022-03-22 13:28:28,262 DEBUG [170487] [] Request URI : /eccadmin_dev/QuestionAssignmentList/save
2022-03-22 13:28:28,263 DEBUG [170487] [] QuestionAssignmentListController start
2022-03-22 13:28:28,263 DEBUG [170487] [] controllers/QuestionAssignmentListController.php: is exist
2022-03-22 13:28:28,266 DEBUG [170487] [] QuestionAssignmentListForm: is exist
2022-03-22 13:28:28,266 DEBUG [170487] [] QuestionAssignmentListForm: form value set 
2022-03-22 13:28:28,267 DEBUG [170487] [] ------------------------------/eccadmin_dev/QuestionAssignmentList/save
2022-03-22 13:28:28,267 DEBUG [170487] [] saveAction start
2022-03-22 13:28:28,267 DEBUG [170487] [] admin_no is 1
2022-03-22 13:28:28,268 DEBUG [170487] []  SELECT @rownum:=@rownum+1 as rowno  ,question.question_no question_no  ,question.question_name question_name  ,question.qa_description qa_description  ,question.description description  ,(SELECT name FROM M_TYPE a WHERE category=:test_kbn AND a.type=question.test_kbn) AS test_kbn  ,(SELECT name FROM M_TYPE a WHERE category=:course_level AND a.type=question.course_level) AS course_level  ,(SELECT name FROM M_TYPE a WHERE a.type=question.qa_pattern AND CASE WHEN question.test_kbn = :stest_kbn THEN a.category=:sqa_pattern ELSE a.category=:wqa_pattern END) AS qa_pattern  ,(SELECT name FROM M_TYPE a WHERE category=:score_pattern AND a.type=question.score_pattern) AS score_pattern  ,question.audio_name audio_name  ,question.audio_description audio_description  ,question.prepare_time prepare_time  ,question.answer_time answer_time  ,question.audio_yes audio_yes ,question.yes_description yes_description ,question.audio_no audio_no ,question.no_description no_description ,CASE WHEN question.status = 0 THEN ''  ELSE '' END AS status  ,question.sample_answer sample_answer ,question.remarks remarks ,question.byosha_point byosha_point ,question.updater_id updater_id FROM  (SELECT @rownum:=0) as dummy  ,T_DETAIL detail  INNER JOIN T_COURSE_DETAIL_QUESTION as detail_question  ON detail.course_detail_no = detail_question.course_detail_no  INNER JOIN T_QUESTION as question  ON detail_question.question_no = question.question_no  WHERE  detail.course_detail_no = :course_detail_no  AND detail.del_flg = '0'  AND question.del_flg = '0'  ORDER BY  detail_question.disp_no ASC
2022-03-22 13:28:28,270 DEBUG [170487] [] PDOStatement Object
(
    [queryString] => DELETE FROM T_COURSE_DETAIL_QUESTION WHERE course_detail_no = :course_detail_no
)

2022-03-22 13:28:28,271 DEBUG [170487] [] INSERT INTO  T_COURSE_DETAIL_QUESTION (course_detail_no,question_no,disp_no,del_flg,create_dt,creater_id,update_dt,updater_id ) VALUES ( :course_detail_no,:question_no,:disp_no,:del_flg,:create_dt,:creater_id,:update_dt,:updater_id );
2022-03-22 13:28:28,273 DEBUG [170487] []  SELECT @rownum:=@rownum+1 as rowno  ,question.question_no question_no  ,question.question_name question_name  ,question.qa_description qa_description  ,question.description description  ,(SELECT name FROM M_TYPE a WHERE category=:test_kbn AND a.type=question.test_kbn) AS test_kbn  ,(SELECT name FROM M_TYPE a WHERE category=:course_level AND a.type=question.course_level) AS course_level  ,(SELECT name FROM M_TYPE a WHERE a.type=question.qa_pattern AND CASE WHEN question.test_kbn = :stest_kbn THEN a.category=:sqa_pattern ELSE a.category=:wqa_pattern END) AS qa_pattern  ,(SELECT name FROM M_TYPE a WHERE category=:score_pattern AND a.type=question.score_pattern) AS score_pattern  ,question.audio_name audio_name  ,question.audio_description audio_description  ,question.prepare_time prepare_time  ,question.answer_time answer_time  ,question.audio_yes audio_yes ,question.yes_description yes_description ,question.audio_no audio_no ,question.no_description no_description ,CASE WHEN question.status = 0 THEN ''  ELSE '' END AS status  ,question.sample_answer sample_answer ,question.remarks remarks ,question.byosha_point byosha_point ,question.updater_id updater_id FROM  (SELECT @rownum:=0) as dummy  ,T_DETAIL detail  INNER JOIN T_COURSE_DETAIL_QUESTION as detail_question  ON detail.course_detail_no = detail_question.course_detail_no  INNER JOIN T_QUESTION as question  ON detail_question.question_no = question.question_no  WHERE  detail.course_detail_no = :course_detail_no  AND detail.del_flg = '0'  AND question.del_flg = '0'  ORDER BY  detail_question.disp_no ASC
2022-03-22 13:28:28,276 DEBUG [170487] []  SELECT @rownum:=@rownum+1 as rowno  ,question.question_no question_no  ,question.question_name question_name  ,question.qa_description qa_description  ,question.description description  ,(SELECT name FROM M_TYPE a WHERE category=:test_kbn AND a.type=question.test_kbn) AS test_kbn  ,(SELECT name FROM M_TYPE a WHERE category=:course_level AND a.type=question.course_level) AS course_level  ,(SELECT name FROM M_TYPE a WHERE a.type=question.qa_pattern AND CASE WHEN question.test_kbn = :stest_kbn THEN a.category=:sqa_pattern ELSE a.category=:wqa_pattern END) AS qa_pattern  ,(SELECT name FROM M_TYPE a WHERE category=:score_pattern AND a.type=question.score_pattern) AS score_pattern  ,question.audio_name audio_name  ,question.audio_description audio_description  ,question.prepare_time prepare_time  ,question.answer_time answer_time  ,question.audio_yes audio_yes ,question.yes_description yes_description ,question.audio_no audio_no ,question.no_description no_description ,CASE WHEN question.status = 0 THEN ''  ELSE '' END AS status  ,question.sample_answer sample_answer ,question.remarks remarks ,question.byosha_point byosha_point ,question.updater_id updater_id FROM  (SELECT @rownum:=0) as dummy  ,T_DETAIL detail  INNER JOIN T_COURSE_DETAIL_QUESTION as detail_question  ON detail.course_detail_no = detail_question.course_detail_no  INNER JOIN T_QUESTION as question  ON detail_question.question_no = question.question_no  WHERE  detail.course_detail_no = :course_detail_no  AND detail.del_flg = '0'  AND question.del_flg = '0'  ORDER BY  detail_question.disp_no ASC
2022-03-22 13:28:28,362 DEBUG [170487] [] saveAction end
2022-03-22 13:28:28,362 DEBUG [170487] [] QuestionAssignmentListController end
2022-03-22 13:28:28,367 DEBUG [170487] [] finally
2022-03-22 13:28:36,610 DEBUG [170519] [] Request URI : /eccadmin_dev/QuestionAssignmentList/save
2022-03-22 13:28:36,611 DEBUG [170519] [] QuestionAssignmentListController start
2022-03-22 13:28:36,611 DEBUG [170519] [] controllers/QuestionAssignmentListController.php: is exist
2022-03-22 13:28:36,614 DEBUG [170519] [] QuestionAssignmentListForm: is exist
2022-03-22 13:28:36,614 DEBUG [170519] [] QuestionAssignmentListForm: form value set 
2022-03-22 13:28:36,615 DEBUG [170519] [] ------------------------------/eccadmin_dev/QuestionAssignmentList/save
2022-03-22 13:28:36,615 DEBUG [170519] [] saveAction start
2022-03-22 13:28:36,615 DEBUG [170519] [] admin_no is 1
2022-03-22 13:28:36,616 DEBUG [170519] []  SELECT @rownum:=@rownum+1 as rowno  ,question.question_no question_no  ,question.question_name question_name  ,question.qa_description qa_description  ,question.description description  ,(SELECT name FROM M_TYPE a WHERE category=:test_kbn AND a.type=question.test_kbn) AS test_kbn  ,(SELECT name FROM M_TYPE a WHERE category=:course_level AND a.type=question.course_level) AS course_level  ,(SELECT name FROM M_TYPE a WHERE a.type=question.qa_pattern AND CASE WHEN question.test_kbn = :stest_kbn THEN a.category=:sqa_pattern ELSE a.category=:wqa_pattern END) AS qa_pattern  ,(SELECT name FROM M_TYPE a WHERE category=:score_pattern AND a.type=question.score_pattern) AS score_pattern  ,question.audio_name audio_name  ,question.audio_description audio_description  ,question.prepare_time prepare_time  ,question.answer_time answer_time  ,question.audio_yes audio_yes ,question.yes_description yes_description ,question.audio_no audio_no ,question.no_description no_description ,CASE WHEN question.status = 0 THEN ''  ELSE '' END AS status  ,question.sample_answer sample_answer ,question.remarks remarks ,question.byosha_point byosha_point ,question.updater_id updater_id FROM  (SELECT @rownum:=0) as dummy  ,T_DETAIL detail  INNER JOIN T_COURSE_DETAIL_QUESTION as detail_question  ON detail.course_detail_no = detail_question.course_detail_no  INNER JOIN T_QUESTION as question  ON detail_question.question_no = question.question_no  WHERE  detail.course_detail_no = :course_detail_no  AND detail.del_flg = '0'  AND question.del_flg = '0'  ORDER BY  detail_question.disp_no ASC
2022-03-22 13:28:36,618 DEBUG [170519] [] PDOStatement Object
(
    [queryString] => DELETE FROM T_COURSE_DETAIL_QUESTION WHERE course_detail_no = :course_detail_no
)

2022-03-22 13:28:36,618 DEBUG [170519] [] INSERT INTO  T_COURSE_DETAIL_QUESTION (course_detail_no,question_no,disp_no,del_flg,create_dt,creater_id,update_dt,updater_id ) VALUES ( :course_detail_no,:question_no,:disp_no,:del_flg,:create_dt,:creater_id,:update_dt,:updater_id );
2022-03-22 13:28:36,621 DEBUG [170519] []  SELECT @rownum:=@rownum+1 as rowno  ,question.question_no question_no  ,question.question_name question_name  ,question.qa_description qa_description  ,question.description description  ,(SELECT name FROM M_TYPE a WHERE category=:test_kbn AND a.type=question.test_kbn) AS test_kbn  ,(SELECT name FROM M_TYPE a WHERE category=:course_level AND a.type=question.course_level) AS course_level  ,(SELECT name FROM M_TYPE a WHERE a.type=question.qa_pattern AND CASE WHEN question.test_kbn = :stest_kbn THEN a.category=:sqa_pattern ELSE a.category=:wqa_pattern END) AS qa_pattern  ,(SELECT name FROM M_TYPE a WHERE category=:score_pattern AND a.type=question.score_pattern) AS score_pattern  ,question.audio_name audio_name  ,question.audio_description audio_description  ,question.prepare_time prepare_time  ,question.answer_time answer_time  ,question.audio_yes audio_yes ,question.yes_description yes_description ,question.audio_no audio_no ,question.no_description no_description ,CASE WHEN question.status = 0 THEN ''  ELSE '' END AS status  ,question.sample_answer sample_answer ,question.remarks remarks ,question.byosha_point byosha_point ,question.updater_id updater_id FROM  (SELECT @rownum:=0) as dummy  ,T_DETAIL detail  INNER JOIN T_COURSE_DETAIL_QUESTION as detail_question  ON detail.course_detail_no = detail_question.course_detail_no  INNER JOIN T_QUESTION as question  ON detail_question.question_no = question.question_no  WHERE  detail.course_detail_no = :course_detail_no  AND detail.del_flg = '0'  AND question.del_flg = '0'  ORDER BY  detail_question.disp_no ASC
2022-03-22 13:28:36,622 DEBUG [170519] []  SELECT @rownum:=@rownum+1 as rowno  ,question.question_no question_no  ,question.question_name question_name  ,question.qa_description qa_description  ,question.description description  ,(SELECT name FROM M_TYPE a WHERE category=:test_kbn AND a.type=question.test_kbn) AS test_kbn  ,(SELECT name FROM M_TYPE a WHERE category=:course_level AND a.type=question.course_level) AS course_level  ,(SELECT name FROM M_TYPE a WHERE a.type=question.qa_pattern AND CASE WHEN question.test_kbn = :stest_kbn THEN a.category=:sqa_pattern ELSE a.category=:wqa_pattern END) AS qa_pattern  ,(SELECT name FROM M_TYPE a WHERE category=:score_pattern AND a.type=question.score_pattern) AS score_pattern  ,question.audio_name audio_name  ,question.audio_description audio_description  ,question.prepare_time prepare_time  ,question.answer_time answer_time  ,question.audio_yes audio_yes ,question.yes_description yes_description ,question.audio_no audio_no ,question.no_description no_description ,CASE WHEN question.status = 0 THEN ''  ELSE '' END AS status  ,question.sample_answer sample_answer ,question.remarks remarks ,question.byosha_point byosha_point ,question.updater_id updater_id FROM  (SELECT @rownum:=0) as dummy  ,T_DETAIL detail  INNER JOIN T_COURSE_DETAIL_QUESTION as detail_question  ON detail.course_detail_no = detail_question.course_detail_no  INNER JOIN T_QUESTION as question  ON detail_question.question_no = question.question_no  WHERE  detail.course_detail_no = :course_detail_no  AND detail.del_flg = '0'  AND question.del_flg = '0'  ORDER BY  detail_question.disp_no ASC
2022-03-22 13:28:36,705 DEBUG [170519] [] saveAction end
2022-03-22 13:28:36,705 DEBUG [170519] [] QuestionAssignmentListController end
2022-03-22 13:28:36,707 DEBUG [170519] [] finally
2022-03-22 15:07:13,581 DEBUG [171981] [] Request URI : /eccadmin_dev/Login/logout
2022-03-22 15:07:13,582 DEBUG [171981] [] LoginController start
2022-03-22 15:07:13,582 DEBUG [171981] [] controllers/LoginController.php: is exist
2022-03-22 15:07:13,582 DEBUG [171981] [] LoginForm: is exist
2022-03-22 15:07:13,582 DEBUG [171981] [] LoginForm: form value set 
2022-03-22 15:07:13,583 DEBUG [171981] [] ------------------------------/eccadmin_dev/Login/logout
2022-03-22 15:07:13,583 DEBUG [171981] [] ------------------------------login_start_check
2022-03-22 15:07:13,583 DEBUG [171981] [] logoutAction start
2022-03-22 15:07:13,583 DEBUG [171981] [] logoutAction end
2022-03-22 15:07:13,583 DEBUG [171981] [] LoginController end
2022-03-22 15:07:13,584 DEBUG [171981] [] finally
2022-03-22 15:07:13,607 DEBUG [171981] [] Request URI : /eccadmin_dev/Login
2022-03-22 15:07:13,607 DEBUG [171981] [] LoginController start
2022-03-22 15:07:13,607 DEBUG [171981] [] controllers/LoginController.php: is exist
2022-03-22 15:07:13,608 DEBUG [171981] [] LoginForm: is exist
2022-03-22 15:07:13,608 DEBUG [171981] [] LoginForm: form value set 
2022-03-22 15:07:13,608 DEBUG [171981] [] ------------------------------/eccadmin_dev/Login
2022-03-22 15:07:13,608 DEBUG [171981] [] ------------------------------login_start_check
2022-03-22 15:07:13,608 DEBUG [171981] [] indexAction start
2022-03-22 15:07:13,646 DEBUG [171981] [] indexAction end
2022-03-22 15:07:13,646 DEBUG [171981] [] LoginController end
2022-03-22 15:07:13,647 DEBUG [171981] [] finally
