2022-06-01 10:47:22,132 DEBUG [113450] [] Request URI : /eccadmin_dev/Login
2022-06-01 10:47:22,155 DEBUG [113450] [] LoginController start
2022-06-01 10:47:22,155 DEBUG [113450] [] controllers/LoginController.php: is exist
2022-06-01 10:47:22,155 DEBUG [113450] [] LoginForm: is exist
2022-06-01 10:47:22,155 DEBUG [113450] [] LoginForm: form value set 
2022-06-01 10:47:22,156 DEBUG [113450] [] ------------------------------/eccadmin_dev/Login
2022-06-01 10:47:22,156 DEBUG [113450] [] ------------------------------login_start_check
2022-06-01 10:47:22,156 DEBUG [113450] [] indexAction start
2022-06-01 10:47:22,210 DEBUG [113450] [] indexAction end
2022-06-01 10:47:22,210 DEBUG [113450] [] LoginController end
2022-06-01 10:47:22,210 DEBUG [113450] [] finally
2022-06-01 10:47:26,671 DEBUG [113450] [] Request URI : /eccadmin_dev/Login/login
2022-06-01 10:47:26,672 DEBUG [113450] [] LoginController start
2022-06-01 10:47:26,672 DEBUG [113450] [] controllers/LoginController.php: is exist
2022-06-01 10:47:26,672 DEBUG [113450] [] LoginForm: is exist
2022-06-01 10:47:26,672 DEBUG [113450] [] LoginForm: form value set 
2022-06-01 10:47:26,673 DEBUG [113450] [] ------------------------------/eccadmin_dev/Login/login
2022-06-01 10:47:26,673 DEBUG [113450] [] ------------------------------login_start_check
2022-06-01 10:47:26,673 DEBUG [113450] [] loginAction start
2022-06-01 10:47:27,005 DEBUG [113450] [] loginAction end
2022-06-01 10:47:27,005 DEBUG [113450] [] LoginController end
2022-06-01 10:47:27,005 DEBUG [113450] [] finally
2022-06-01 10:47:27,028 DEBUG [113450] [] Request URI : /eccadmin_dev/Menu
2022-06-01 10:47:27,028 DEBUG [113450] [] MenuController start
2022-06-01 10:47:27,028 DEBUG [113450] [] controllers/MenuController.php: is exist
2022-06-01 10:47:27,029 DEBUG [113450] [] MenuForm: is exist
2022-06-01 10:47:27,029 DEBUG [113450] [] MenuForm: form value set 
2022-06-01 10:47:27,030 DEBUG [113450] [] ------------------------------/eccadmin_dev/Menu
2022-06-01 10:47:27,030 DEBUG [113450] [] ------------------------------login_start_check
2022-06-01 10:47:27,030 DEBUG [113450] [] indexAction start
2022-06-01 10:47:27,030 DEBUG [113450] [] admin_no is 1
2022-06-01 10:47:27,090 DEBUG [113450] [] indexAction end
2022-06-01 10:47:27,090 DEBUG [113450] [] MenuController end
2022-06-01 10:47:27,090 DEBUG [113450] [] finally
2022-06-01 10:47:31,835 DEBUG [113446] [] Request URI : /eccadmin_dev/AtReportList
2022-06-01 10:47:31,836 DEBUG [113446] [] AtReportListController start
2022-06-01 10:47:31,836 DEBUG [113446] [] controllers/AtReportListController.php: is exist
2022-06-01 10:47:31,839 DEBUG [113446] [] AtReportListForm: is exist
2022-06-01 10:47:31,839 DEBUG [113446] [] AtReportListForm: form value set 
2022-06-01 10:47:31,840 DEBUG [113446] [] ------------------------------/eccadmin_dev/AtReportList
2022-06-01 10:47:31,840 DEBUG [113446] [] indexAction start
2022-06-01 10:47:31,840 DEBUG [113446] [] admin_no is 1
2022-06-01 10:47:31,936 DEBUG [113446] [] indexAction end
2022-06-01 10:47:31,937 DEBUG [113446] [] AtReportListController end
2022-06-01 10:47:31,937 DEBUG [113446] [] finally
2022-06-01 10:47:33,890 DEBUG [113446] [] Request URI : /eccadmin_dev/AtReportRegist/index
2022-06-01 10:47:33,891 DEBUG [113446] [] AtReportRegistController start
2022-06-01 10:47:33,891 DEBUG [113446] [] controllers/AtReportRegistController.php: is exist
2022-06-01 10:47:33,895 DEBUG [113446] [] AtReportRegistForm: is exist
2022-06-01 10:47:33,895 DEBUG [113446] [] AtReportRegistForm: form value set 
2022-06-01 10:47:33,895 DEBUG [113446] [] ------------------------------/eccadmin_dev/AtReportRegist/index
2022-06-01 10:47:33,896 DEBUG [113446] [] ------------------------------session_check_true
2022-06-01 10:47:33,896 DEBUG [113446] [] indexAction start
2022-06-01 10:47:33,896 DEBUG [113446] [] admin_no is 1
2022-06-01 10:47:33,995 DEBUG [113446] [] indexAction end
2022-06-01 10:47:33,995 DEBUG [113446] [] AtReportRegistController end
2022-06-01 10:47:33,995 DEBUG [113446] [] finally
2022-06-01 10:47:39,935 DEBUG [113356] [] Request URI : /eccadmin_dev/AtReportRegist/save
2022-06-01 10:47:39,935 DEBUG [113356] [] AtReportRegistController start
2022-06-01 10:47:39,935 DEBUG [113356] [] controllers/AtReportRegistController.php: is exist
2022-06-01 10:47:39,940 DEBUG [113356] [] AtReportRegistForm: is exist
2022-06-01 10:47:39,940 DEBUG [113356] [] AtReportRegistForm: form value set 
2022-06-01 10:47:39,940 DEBUG [113356] [] ------------------------------/eccadmin_dev/AtReportRegist/save
2022-06-01 10:47:39,940 DEBUG [113356] [] ------------------------------session_check_true
2022-06-01 10:47:39,941 DEBUG [113356] [] saveAction start
2022-06-01 10:47:39,943 DEBUG [113356] [] admin_no is 1
2022-06-01 10:47:39,943 DEBUG [113356] [] saveAction end
2022-06-01 10:47:39,943 DEBUG [113356] [] AtReportRegistController end
2022-06-01 10:47:39,944 DEBUG [113356] [] finally
2022-06-01 10:47:39,961 DEBUG [113356] [] Request URI : /eccadmin_dev/AtReportList/Search
2022-06-01 10:47:39,962 DEBUG [113356] [] AtReportListController start
2022-06-01 10:47:39,962 DEBUG [113356] [] controllers/AtReportListController.php: is exist
2022-06-01 10:47:39,964 DEBUG [113356] [] AtReportListForm: is exist
2022-06-01 10:47:39,965 DEBUG [113356] [] AtReportListForm: form value set 
2022-06-01 10:47:39,965 DEBUG [113356] [] ------------------------------/eccadmin_dev/AtReportList/Search
2022-06-01 10:47:39,965 DEBUG [113356] [] SearchAction start
2022-06-01 10:47:39,965 DEBUG [113356] [] --------back--------
2022-06-01 10:47:39,965 DEBUG [113356] [] admin_no is 1
2022-06-01 10:47:40,045 DEBUG [113356] [] SearchAction end
2022-06-01 10:47:40,045 DEBUG [113356] [] AtReportListController end
2022-06-01 10:47:40,045 DEBUG [113356] [] finally
2022-06-01 11:56:31,205 DEBUG [115231] [] Request URI : /eccadmin_dev/CourseContractConfirmList
2022-06-01 11:56:31,206 DEBUG [115231] [] CourseContractConfirmListController start
2022-06-01 11:56:31,206 DEBUG [115231] [] controllers/CourseContractConfirmListController.php: is exist
2022-06-01 11:56:31,210 DEBUG [115231] [] CourseContractConfirmListForm: is exist
2022-06-01 11:56:31,210 DEBUG [115231] [] CourseContractConfirmListForm: form value set 
2022-06-01 11:56:31,211 DEBUG [115231] [] ------------------------------/eccadmin_dev/CourseContractConfirmList
2022-06-01 11:56:31,212 DEBUG [115231] [] indexAction start
2022-06-01 11:56:31,212 DEBUG [115231] [] admin_no is 
2022-06-01 11:56:31,212 DEBUG [115231] [] indexAction end
2022-06-01 11:56:31,212 DEBUG [115231] [] CourseContractConfirmListController end
2022-06-01 11:56:31,212 DEBUG [115231] [] finally
2022-06-01 11:56:31,229 DEBUG [115231] [] Request URI : /eccadmin_dev/Error/disp
2022-06-01 11:56:31,230 DEBUG [115231] [] ErrorController start
2022-06-01 11:56:31,230 DEBUG [115231] [] controllers/ErrorController.php: is exist
2022-06-01 11:56:31,230 DEBUG [115231] [] ErrorForm: is exist
2022-06-01 11:56:31,230 DEBUG [115231] [] ErrorForm: form value set 
2022-06-01 11:56:31,231 DEBUG [115231] [] ------------------------------/eccadmin_dev/Error/disp
2022-06-01 11:56:31,231 DEBUG [115231] [] ------------------------------login_start_check
2022-06-01 11:56:31,231 DEBUG [115231] [] dispAction start
2022-06-01 11:56:31,312 DEBUG [115231] [] dispAction end
2022-06-01 11:56:31,313 DEBUG [115231] [] ErrorController end
2022-06-01 11:56:31,313 DEBUG [115231] [] finally
2022-06-01 11:56:32,572 DEBUG [115231] [] Request URI : /eccadmin_dev/Login
2022-06-01 11:56:32,572 DEBUG [115231] [] LoginController start
2022-06-01 11:56:32,572 DEBUG [115231] [] controllers/LoginController.php: is exist
2022-06-01 11:56:32,572 DEBUG [115231] [] LoginForm: is exist
2022-06-01 11:56:32,572 DEBUG [115231] [] LoginForm: form value set 
2022-06-01 11:56:32,573 DEBUG [115231] [] ------------------------------/eccadmin_dev/Login
2022-06-01 11:56:32,573 DEBUG [115231] [] ------------------------------login_start_check
2022-06-01 11:56:32,573 DEBUG [115231] [] indexAction start
2022-06-01 11:56:32,637 DEBUG [115231] [] indexAction end
2022-06-01 11:56:32,637 DEBUG [115231] [] LoginController end
2022-06-01 11:56:32,637 DEBUG [115231] [] finally
2022-06-01 11:56:34,941 DEBUG [115184] [] Request URI : /eccadmin_dev/Login/login
2022-06-01 11:56:34,941 DEBUG [115184] [] LoginController start
2022-06-01 11:56:34,941 DEBUG [115184] [] controllers/LoginController.php: is exist
2022-06-01 11:56:34,942 DEBUG [115184] [] LoginForm: is exist
2022-06-01 11:56:34,942 DEBUG [115184] [] LoginForm: form value set 
2022-06-01 11:56:34,942 DEBUG [115184] [] ------------------------------/eccadmin_dev/Login/login
2022-06-01 11:56:34,942 DEBUG [115184] [] ------------------------------login_start_check
2022-06-01 11:56:34,942 DEBUG [115184] [] loginAction start
2022-06-01 11:56:35,261 DEBUG [115184] [] loginAction end
2022-06-01 11:56:35,261 DEBUG [115184] [] LoginController end
2022-06-01 11:56:35,261 DEBUG [115184] [] finally
2022-06-01 11:56:35,278 DEBUG [115184] [] Request URI : /eccadmin_dev/Menu
2022-06-01 11:56:35,279 DEBUG [115184] [] MenuController start
2022-06-01 11:56:35,279 DEBUG [115184] [] controllers/MenuController.php: is exist
2022-06-01 11:56:35,280 DEBUG [115184] [] MenuForm: is exist
2022-06-01 11:56:35,280 DEBUG [115184] [] MenuForm: form value set 
2022-06-01 11:56:35,280 DEBUG [115184] [] ------------------------------/eccadmin_dev/Menu
2022-06-01 11:56:35,280 DEBUG [115184] [] ------------------------------login_start_check
2022-06-01 11:56:35,280 DEBUG [115184] [] indexAction start
2022-06-01 11:56:35,280 DEBUG [115184] [] admin_no is 1
2022-06-01 11:56:35,363 DEBUG [115184] [] indexAction end
2022-06-01 11:56:35,363 DEBUG [115184] [] MenuController end
2022-06-01 11:56:35,363 DEBUG [115184] [] finally
2022-06-01 11:59:37,454 DEBUG [115169] [] Request URI : /eccadmin_dev/CourseContractConfirmList
2022-06-01 11:59:37,455 DEBUG [115169] [] CourseContractConfirmListController start
2022-06-01 11:59:37,455 DEBUG [115169] [] controllers/CourseContractConfirmListController.php: is exist
2022-06-01 11:59:37,457 DEBUG [115169] [] CourseContractConfirmListForm: is exist
2022-06-01 11:59:37,458 DEBUG [115169] [] CourseContractConfirmListForm: form value set 
2022-06-01 11:59:37,458 DEBUG [115169] [] ------------------------------/eccadmin_dev/CourseContractConfirmList
2022-06-01 11:59:37,458 DEBUG [115169] [] indexAction start
2022-06-01 11:59:37,459 DEBUG [115169] [] admin_no is 1
2022-06-01 11:59:37,576 DEBUG [115169] [] indexAction end
2022-06-01 11:59:37,576 DEBUG [115169] [] CourseContractConfirmListController end
2022-06-01 11:59:37,576 DEBUG [115169] [] finally
2022-06-01 11:59:49,954 DEBUG [115113] [] Request URI : /eccadmin_dev/CourseContractConfirmList/Search
2022-06-01 11:59:49,955 DEBUG [115113] [] CourseContractConfirmListController start
2022-06-01 11:59:49,955 DEBUG [115113] [] controllers/CourseContractConfirmListController.php: is exist
2022-06-01 11:59:49,958 DEBUG [115113] [] CourseContractConfirmListForm: is exist
2022-06-01 11:59:49,958 DEBUG [115113] [] CourseContractConfirmListForm: form value set 
2022-06-01 11:59:49,959 DEBUG [115113] [] ------------------------------/eccadmin_dev/CourseContractConfirmList/Search
2022-06-01 11:59:49,959 DEBUG [115113] [] SearchAction start
2022-06-01 11:59:49,959 DEBUG [115113] [] admin_no is 1
2022-06-01 11:59:49,984 DEBUG [115113] [] CourseContractConfirmList　Query
2022-06-01 11:59:49,984 DEBUG [115113] []  SELECT   o.org_no    ,o.org_id  ,o.org_name  ,o.org_name_official  ,c.course_id  ,c.course_name  ,date_format(co.start_period,'%Y/%m/%d') AS  co_start_period ,date_format(co.end_period,'%Y/%m/%d') AS  co_end_period ,co.remarks  ,co.offer_no  ,d.course_detail_no  ,d.course_detail_name  ,s.student_no  ,s.student_name  ,s.login_id  ,date_format(cds.start_period,'%Y/%m/%d') AS cds_start_period  ,date_format(cds.end_period,'%Y/%m/%d') AS cds_end_period  ,date_format(answer.answer_dt,'%Y/%m/%d') AS a_answer_dt  ,date_format(r.update_dt,'%Y/%m/%d') AS u_update_dt  ,teacher.display_name AS display_name  ,teacher.login_id AS teacher_code ,teacher.name AS teacher_name ,teacher.school_kbn AS teacher_school   ,CONCAT(if (student_mark.result_marks IS NULL,'-', student_mark.result_marks ),'/',total_mark.marks) AS result  FROM M_ORGANIZATION o  INNER JOIN T_COURSE_ORG as co  ON co.org_no = o.org_no  AND co.del_flg = '0'  AND o.del_flg = '0'  INNER JOIN T_COURSE as c  ON c.course_id = co.course_id  AND c.del_flg = '0'  INNER JOIN T_COURSE_DETAIL as cd  ON cd.course_id = c.course_id  AND cd.del_flg = '0'  INNER JOIN T_DETAIL as d  ON d.course_detail_no = cd.course_detail_no  AND c.course_level = d.course_level  AND c.test_kbn = d.test_kbn  AND d.del_flg = '0'  LEFT JOIN T_COURSE_DETAIL_STUDENT as cds  ON cds.offer_no = co.offer_no  AND cds.course_id = c.course_id  AND cds.course_detail_no = cd.course_detail_no  AND cds.del_flg = '0'  LEFT JOIN T_STUDENT as s  ON s.org_no = co.org_no  AND s.student_no = cds.student_no  AND s.del_flg = '0'  LEFT JOIN T_4SKILL_RESULT as r  ON r.offer_no = co.offer_no  AND r.course_id = c.course_id  AND r.course_detail_no = cd.course_detail_no  AND r.student_no = cds.student_no  AND r.del_flg = '0'  LEFT JOIN ( SELECT teacher_no,  del_flg, display_name, login_id, name, CASE WHEN school_kbn = '001' THEN 'Philippines'  WHEN school_kbn = '002' THEN 'Japan' ELSE NULL END AS school_kbn  FROM T_TEACHER) teacher  ON r.updater_id = teacher.teacher_no  AND teacher.del_flg = '0'  LEFT JOIN (  SELECT offer_no  	,course_id course_id  	,course_detail_no course_detail_no  	,student_no  	,MIN(answer_dt) answer_dt  	FROM T_4SKILL_ANSWER  	WHERE del_flg = '0'   	GROUP BY offer_no,course_id,course_detail_no,student_no ) answer  ON c.course_id = answer.course_id  AND cd.course_detail_no = answer.course_detail_no  AND co.offer_no = answer.offer_no  AND s.student_no = answer.student_no  LEFT JOIN (  	SELECT a.offer_no ,a.student_no,a.course_id,a.course_detail_no,SUM(a.marks) as result_marks  	FROM (  		SELECT skill_answer.offer_no  		,skill_answer.student_no  		,skill_answer.course_id  		,skill_answer.course_detail_no  		,skill_result_detail.rule_no  		,skill_result_detail.sub_rule_no  		,skill_result_detail.rule_detail_no  		,mark_detail.marks  		FROM T_4SKILL_ANSWER skill_answer  		LEFT JOIN T_4SKILL_RESULT skill_result  		ON skill_answer.offer_no = skill_result.offer_no  		AND skill_answer.student_no = skill_result.student_no  		AND skill_answer.course_id = skill_result.course_id  		AND skill_answer.course_detail_no = skill_result.course_detail_no  		INNER JOIN T_4SKILL_RESULT_DETAIL skill_result_detail  		ON skill_result.result_no = skill_result_detail.result_no  		INNER JOIN M_MARK_DETAIL mark_detail  		ON skill_result_detail.rule_no = mark_detail.rule_no  		AND skill_result_detail.sub_rule_no = mark_detail.sub_rule_no  		AND skill_result_detail.rule_detail_no = mark_detail.rule_detail_no  		AND skill_answer.del_flg = '0'  		AND skill_result.del_flg = '0'  		GROUP BY skill_answer.offer_no ,skill_answer.student_no ,skill_answer.course_id,mark_detail.marks  		,skill_answer.course_detail_no ,skill_result_detail.rule_no  		,skill_result_detail.sub_rule_no ,skill_result_detail.rule_detail_no  	) as a  	GROUP BY a.offer_no  ,a.student_no  ,a.course_id  ,a.course_detail_no  ) as student_mark  ON s.student_no = student_mark.student_no  AND co.offer_no = student_mark.offer_no  AND co.course_id = student_mark.course_id  AND cd.course_detail_no = student_mark.course_detail_no  LEFT JOIN  (  	SELECT mark_rule.course_level  	, mark_rule.test_kbn  	, course.course_id  	, course_detail.course_detail_no  	, SUM(mark_detail.max_marks) marks  	FROM T_COURSE course  	INNER JOIN T_COURSE_DETAIL course_detail  	ON course.course_id = course_detail.course_id  	AND course.del_flg = '0'  	AND course_detail.del_flg = '0'  	INNER JOIN T_COURSE_DETAIL_QUESTION course_detail_qa  	ON course_detail.course_detail_no = course_detail_qa.course_detail_no  	AND course_detail_qa.del_flg = '0'  	INNER JOIN T_QUESTION ques  	ON course_detail_qa.question_no = ques.question_no  	AND ques.del_flg = '0'  	INNER JOIN  M_MARK_RULE mark_rule  	ON ques.score_pattern = mark_rule.score_pattern  	AND course.course_level = mark_rule.course_level  	AND course.test_kbn = mark_rule.test_kbn  	INNER JOIN  (  		SELECT  rule_no  			,SUM(max_marks) AS max_marks  			FROM (  				SELECT rule_no  				,sub_rule_no  				,MAX(marks) AS max_marks  				FROM M_MARK_DETAIL  				WHERE del_flg = '0'  				GROUP BY rule_no,sub_rule_no) AS max  			GROUP BY rule_no  		) mark_detail  	ON mark_rule.rule_no = mark_detail.rule_no  	GROUP BY mark_rule.course_level      ,mark_rule.test_kbn, course.course_id, course_detail.course_detail_no  ) as total_mark  ON c.course_id = total_mark.course_id  AND cd.course_detail_no = total_mark.course_detail_no  AND c.course_level =  total_mark.course_level  AND c.test_kbn =  total_mark.test_kbn  WHERE  '1' = '1'  AND c.course_id = :course_id_from  AND co.end_period >= :start_period  AND co.start_period <= :end_period  AND s.login_id = :login_id_from  GROUP BY o.org_no,o.org_id,o.org_name,o.org_name_official,c.course_id,c.course_name,co_start_period,co_end_period,co.remarks,co.offer_no, d.course_detail_no, d.course_detail_name,s.student_no,s.student_name,s.login_id,cds_start_period,cds_end_period,a_answer_dt,u_update_dt,display_name,teacher.login_id,teacher_name,teacher.school_kbn ORDER BY o.org_no,co.offer_no, c.course_id, cd.disp_no, cds.course_detail_no,s.login_id
2022-06-01 11:59:50,147 DEBUG [115113] [] SearchAction end
2022-06-01 11:59:50,147 DEBUG [115113] [] CourseContractConfirmListController end
2022-06-01 11:59:50,147 DEBUG [115113] [] finally
2022-06-01 11:59:58,403 DEBUG [115159] [] Request URI : /eccadmin_dev/CourseContractConfirmList/Search
2022-06-01 11:59:58,404 DEBUG [115159] [] CourseContractConfirmListController start
2022-06-01 11:59:58,404 DEBUG [115159] [] controllers/CourseContractConfirmListController.php: is exist
2022-06-01 11:59:58,407 DEBUG [115159] [] CourseContractConfirmListForm: is exist
2022-06-01 11:59:58,407 DEBUG [115159] [] CourseContractConfirmListForm: form value set 
2022-06-01 11:59:58,408 DEBUG [115159] [] ------------------------------/eccadmin_dev/CourseContractConfirmList/Search
2022-06-01 11:59:58,408 DEBUG [115159] [] SearchAction start
2022-06-01 11:59:58,408 DEBUG [115159] [] admin_no is 1
2022-06-01 11:59:58,411 DEBUG [115159] [] CourseContractConfirmList　Query
2022-06-01 11:59:58,411 DEBUG [115159] []  SELECT   o.org_no    ,o.org_id  ,o.org_name  ,o.org_name_official  ,c.course_id  ,c.course_name  ,date_format(co.start_period,'%Y/%m/%d') AS  co_start_period ,date_format(co.end_period,'%Y/%m/%d') AS  co_end_period ,co.remarks  ,co.offer_no  ,d.course_detail_no  ,d.course_detail_name  ,s.student_no  ,s.student_name  ,s.login_id  ,date_format(cds.start_period,'%Y/%m/%d') AS cds_start_period  ,date_format(cds.end_period,'%Y/%m/%d') AS cds_end_period  ,date_format(answer.answer_dt,'%Y/%m/%d') AS a_answer_dt  ,date_format(r.update_dt,'%Y/%m/%d') AS u_update_dt  ,teacher.display_name AS display_name  ,teacher.login_id AS teacher_code ,teacher.name AS teacher_name ,teacher.school_kbn AS teacher_school   ,CONCAT(if (student_mark.result_marks IS NULL,'-', student_mark.result_marks ),'/',total_mark.marks) AS result  FROM M_ORGANIZATION o  INNER JOIN T_COURSE_ORG as co  ON co.org_no = o.org_no  AND co.del_flg = '0'  AND o.del_flg = '0'  INNER JOIN T_COURSE as c  ON c.course_id = co.course_id  AND c.del_flg = '0'  INNER JOIN T_COURSE_DETAIL as cd  ON cd.course_id = c.course_id  AND cd.del_flg = '0'  INNER JOIN T_DETAIL as d  ON d.course_detail_no = cd.course_detail_no  AND c.course_level = d.course_level  AND c.test_kbn = d.test_kbn  AND d.del_flg = '0'  LEFT JOIN T_COURSE_DETAIL_STUDENT as cds  ON cds.offer_no = co.offer_no  AND cds.course_id = c.course_id  AND cds.course_detail_no = cd.course_detail_no  AND cds.del_flg = '0'  LEFT JOIN T_STUDENT as s  ON s.org_no = co.org_no  AND s.student_no = cds.student_no  AND s.del_flg = '0'  LEFT JOIN T_4SKILL_RESULT as r  ON r.offer_no = co.offer_no  AND r.course_id = c.course_id  AND r.course_detail_no = cd.course_detail_no  AND r.student_no = cds.student_no  AND r.del_flg = '0'  LEFT JOIN ( SELECT teacher_no,  del_flg, display_name, login_id, name, CASE WHEN school_kbn = '001' THEN 'Philippines'  WHEN school_kbn = '002' THEN 'Japan' ELSE NULL END AS school_kbn  FROM T_TEACHER) teacher  ON r.updater_id = teacher.teacher_no  AND teacher.del_flg = '0'  LEFT JOIN (  SELECT offer_no  	,course_id course_id  	,course_detail_no course_detail_no  	,student_no  	,MIN(answer_dt) answer_dt  	FROM T_4SKILL_ANSWER  	WHERE del_flg = '0'   	GROUP BY offer_no,course_id,course_detail_no,student_no ) answer  ON c.course_id = answer.course_id  AND cd.course_detail_no = answer.course_detail_no  AND co.offer_no = answer.offer_no  AND s.student_no = answer.student_no  LEFT JOIN (  	SELECT a.offer_no ,a.student_no,a.course_id,a.course_detail_no,SUM(a.marks) as result_marks  	FROM (  		SELECT skill_answer.offer_no  		,skill_answer.student_no  		,skill_answer.course_id  		,skill_answer.course_detail_no  		,skill_result_detail.rule_no  		,skill_result_detail.sub_rule_no  		,skill_result_detail.rule_detail_no  		,mark_detail.marks  		FROM T_4SKILL_ANSWER skill_answer  		LEFT JOIN T_4SKILL_RESULT skill_result  		ON skill_answer.offer_no = skill_result.offer_no  		AND skill_answer.student_no = skill_result.student_no  		AND skill_answer.course_id = skill_result.course_id  		AND skill_answer.course_detail_no = skill_result.course_detail_no  		INNER JOIN T_4SKILL_RESULT_DETAIL skill_result_detail  		ON skill_result.result_no = skill_result_detail.result_no  		INNER JOIN M_MARK_DETAIL mark_detail  		ON skill_result_detail.rule_no = mark_detail.rule_no  		AND skill_result_detail.sub_rule_no = mark_detail.sub_rule_no  		AND skill_result_detail.rule_detail_no = mark_detail.rule_detail_no  		AND skill_answer.del_flg = '0'  		AND skill_result.del_flg = '0'  		GROUP BY skill_answer.offer_no ,skill_answer.student_no ,skill_answer.course_id,mark_detail.marks  		,skill_answer.course_detail_no ,skill_result_detail.rule_no  		,skill_result_detail.sub_rule_no ,skill_result_detail.rule_detail_no  	) as a  	GROUP BY a.offer_no  ,a.student_no  ,a.course_id  ,a.course_detail_no  ) as student_mark  ON s.student_no = student_mark.student_no  AND co.offer_no = student_mark.offer_no  AND co.course_id = student_mark.course_id  AND cd.course_detail_no = student_mark.course_detail_no  LEFT JOIN  (  	SELECT mark_rule.course_level  	, mark_rule.test_kbn  	, course.course_id  	, course_detail.course_detail_no  	, SUM(mark_detail.max_marks) marks  	FROM T_COURSE course  	INNER JOIN T_COURSE_DETAIL course_detail  	ON course.course_id = course_detail.course_id  	AND course.del_flg = '0'  	AND course_detail.del_flg = '0'  	INNER JOIN T_COURSE_DETAIL_QUESTION course_detail_qa  	ON course_detail.course_detail_no = course_detail_qa.course_detail_no  	AND course_detail_qa.del_flg = '0'  	INNER JOIN T_QUESTION ques  	ON course_detail_qa.question_no = ques.question_no  	AND ques.del_flg = '0'  	INNER JOIN  M_MARK_RULE mark_rule  	ON ques.score_pattern = mark_rule.score_pattern  	AND course.course_level = mark_rule.course_level  	AND course.test_kbn = mark_rule.test_kbn  	INNER JOIN  (  		SELECT  rule_no  			,SUM(max_marks) AS max_marks  			FROM (  				SELECT rule_no  				,sub_rule_no  				,MAX(marks) AS max_marks  				FROM M_MARK_DETAIL  				WHERE del_flg = '0'  				GROUP BY rule_no,sub_rule_no) AS max  			GROUP BY rule_no  		) mark_detail  	ON mark_rule.rule_no = mark_detail.rule_no  	GROUP BY mark_rule.course_level      ,mark_rule.test_kbn, course.course_id, course_detail.course_detail_no  ) as total_mark  ON c.course_id = total_mark.course_id  AND cd.course_detail_no = total_mark.course_detail_no  AND c.course_level =  total_mark.course_level  AND c.test_kbn =  total_mark.test_kbn  WHERE  '1' = '1'  AND c.course_id = :course_id_from  AND co.end_period >= :start_period  AND co.start_period <= :end_period  AND s.login_id = :login_id_from  GROUP BY o.org_no,o.org_id,o.org_name,o.org_name_official,c.course_id,c.course_name,co_start_period,co_end_period,co.remarks,co.offer_no, d.course_detail_no, d.course_detail_name,s.student_no,s.student_name,s.login_id,cds_start_period,cds_end_period,a_answer_dt,u_update_dt,display_name,teacher.login_id,teacher_name,teacher.school_kbn ORDER BY o.org_no,co.offer_no, c.course_id, cd.disp_no, cds.course_detail_no,s.login_id
2022-06-01 11:59:58,637 DEBUG [115159] [] SearchAction end
2022-06-01 11:59:58,637 DEBUG [115159] [] CourseContractConfirmListController end
2022-06-01 11:59:58,637 DEBUG [115159] [] finally
2022-06-01 12:00:04,221 DEBUG [115109] [] Request URI : /eccadmin_dev/StudentCourseDetailEdit/index
2022-06-01 12:00:04,222 DEBUG [115109] [] StudentCourseDetailEditController start
2022-06-01 12:00:04,222 DEBUG [115109] [] controllers/StudentCourseDetailEditController.php: is exist
2022-06-01 12:00:04,226 DEBUG [115109] [] StudentCourseDetailEditForm: is exist
2022-06-01 12:00:04,226 DEBUG [115109] [] StudentCourseDetailEditForm: form value set 
2022-06-01 12:00:04,227 DEBUG [115109] [] ------------------------------/eccadmin_dev/StudentCourseDetailEdit/index
2022-06-01 12:00:04,227 DEBUG [115109] [] ------------------------------session_check_true
2022-06-01 12:00:04,227 DEBUG [115109] [] indexAction start
2022-06-01 12:00:04,227 DEBUG [115109] [] admin_no is 1
2022-06-01 12:00:04,229 DEBUG [115109] []  SELECT DISTINCT m_org.org_no  ,m_org.org_id  ,m_org.org_name  ,m_org.org_name_official  ,course.course_id  ,course.course_name  ,course.remarks  ,detail.course_detail_name  ,detail.course_detail_romaji  ,detail.course_detail_no  ,course_detail.disp_no  ,detail.status  ,(SELECT name FROM M_TYPE a WHERE category=:course_level AND a.type=detail.course_level) AS course_level  ,(SELECT name FROM M_TYPE a WHERE category=:test_kbn AND a.type=detail.test_kbn) AS test_kbn  ,date_format(course_org.start_period,'%Y/%m/%d') AS start_period  ,date_format(course_org.end_period,'%Y/%m/%d') AS end_period  ,student.student_no  ,student.student_name  ,student.student_name_romaji  ,student.login_id  ,date_format(detail_student.start_period,'%Y/%m/%d') AS stu_course_start_period ,date_format(detail_student.end_period,'%Y/%m/%d') AS stu_course_end_period ,date_format(skill_answer.answer_dt,'%Y/%m/%d') AS answer_dt  ,date_format(skill_result.update_dt,'%Y/%m/%d') AS update_dt FROM T_COURSE course  LEFT JOIN T_COURSE_ORG as course_org  ON course_org.course_id = course.course_id  LEFT JOIN M_ORGANIZATION as m_org  ON course_org.org_no = m_org.org_no  LEFT JOIN T_COURSE_DETAIL as course_detail   ON course.course_id = course_detail.course_id   LEFT JOIN T_DETAIL as detail  ON course_detail.course_detail_no = detail.course_detail_no  LEFT JOIN T_COURSE_DETAIL_STUDENT as detail_student  ON detail_student.offer_no = course_org.offer_no  AND detail_student.org_no = m_org.org_no  AND detail_student.course_id = course.course_id  AND detail_student.course_detail_no = course_detail.course_detail_no  LEFT JOIN T_STUDENT as student ON detail_student.student_no = student.student_no  AND m_org.org_no = student.org_no LEFT JOIN (  SELECT answer.offer_no offer_no  ,answer.course_id course_id  ,answer.course_detail_no course_detail_no  ,answer.student_no student_no  ,MIN(answer.answer_dt) answer_dt  FROM T_COURSE_DETAIL_QUESTION cdques   LEFT JOIN T_4SKILL_ANSWER as answer ON answer.course_detail_no = cdques.course_detail_no  AND answer.question_no = cdques.question_no  AND answer.del_flg = 0  AND cdques.del_flg = 0  GROUP BY offer_no ,course_id ,course_detail_no, student_no ) skill_answer  ON skill_answer.offer_no = course_org.offer_no  AND skill_answer.student_no = student.student_no  AND skill_answer.course_id = course.course_id  AND skill_answer.course_detail_no = course_detail.course_detail_no  LEFT JOIN T_4SKILL_RESULT as skill_result ON skill_result.offer_no = course_org.offer_no  AND skill_result.student_no = student.student_no  AND skill_result.course_id = course.course_id  AND skill_result.course_detail_no = course_detail.course_detail_no  AND skill_result.del_flg = 0  WHERE course.course_id = :course_id  AND course_detail.course_detail_no = :course_detail_no  AND student.student_no = :student_no  AND m_org.org_no = :org_no  AND course_org.offer_no = :offer_no  AND course.del_flg = '0'  AND course_detail.del_flg = '0'  AND detail.del_flg = '0'  AND detail_student.del_flg = '0'  AND m_org.del_flg = '0'  GROUP BY  org_no,org_id, org_name,org_name_official,course_id,course_name,remarks,course_detail_name,course_detail_romaji,course_detail_no,disp_no,status,course_level,test_kbn,start_period,end_period,student_no,student_name,login_id,stu_course_end_period,stu_course_start_period,answer_dt,update_dt ORDER BY  course_detail.disp_no ASC 
2022-06-01 12:00:04,528 DEBUG [115109] []  SELECT DISTINCT m_org.org_no  ,m_org.org_id  ,m_org.org_name  ,m_org.org_name_official  ,course.course_id  ,course.course_name  ,course.remarks  ,detail.course_detail_name  ,detail.course_detail_romaji  ,detail.course_detail_no  ,course_detail.disp_no  ,detail.status  ,(SELECT name FROM M_TYPE a WHERE category=:course_level AND a.type=detail.course_level) AS course_level  ,(SELECT name FROM M_TYPE a WHERE category=:test_kbn AND a.type=detail.test_kbn) AS test_kbn  ,date_format(course_org.start_period,'%Y/%m/%d') AS start_period  ,date_format(course_org.end_period,'%Y/%m/%d') AS end_period  ,student.student_no  ,student.student_name  ,student.student_name_romaji  ,student.login_id  ,date_format(detail_student.start_period,'%Y/%m/%d') AS stu_course_start_period ,date_format(detail_student.end_period,'%Y/%m/%d') AS stu_course_end_period ,date_format(skill_answer.answer_dt,'%Y/%m/%d') AS answer_dt  ,date_format(skill_result.update_dt,'%Y/%m/%d') AS update_dt FROM T_COURSE course  LEFT JOIN T_COURSE_ORG as course_org  ON course_org.course_id = course.course_id  LEFT JOIN M_ORGANIZATION as m_org  ON course_org.org_no = m_org.org_no  LEFT JOIN T_COURSE_DETAIL as course_detail   ON course.course_id = course_detail.course_id   LEFT JOIN T_DETAIL as detail  ON course_detail.course_detail_no = detail.course_detail_no  LEFT JOIN T_COURSE_DETAIL_STUDENT as detail_student  ON detail_student.offer_no = course_org.offer_no  AND detail_student.org_no = m_org.org_no  AND detail_student.course_id = course.course_id  AND detail_student.course_detail_no = course_detail.course_detail_no  LEFT JOIN T_STUDENT as student ON detail_student.student_no = student.student_no  AND m_org.org_no = student.org_no LEFT JOIN (  SELECT answer.offer_no offer_no  ,answer.course_id course_id  ,answer.course_detail_no course_detail_no  ,answer.student_no student_no  ,MIN(answer.answer_dt) answer_dt  FROM T_COURSE_DETAIL_QUESTION cdques   LEFT JOIN T_4SKILL_ANSWER as answer ON answer.course_detail_no = cdques.course_detail_no  AND answer.question_no = cdques.question_no  AND answer.del_flg = 0  AND cdques.del_flg = 0  GROUP BY offer_no ,course_id ,course_detail_no, student_no ) skill_answer  ON skill_answer.offer_no = course_org.offer_no  AND skill_answer.student_no = student.student_no  AND skill_answer.course_id = course.course_id  AND skill_answer.course_detail_no = course_detail.course_detail_no  LEFT JOIN T_4SKILL_RESULT as skill_result ON skill_result.offer_no = course_org.offer_no  AND skill_result.student_no = student.student_no  AND skill_result.course_id = course.course_id  AND skill_result.course_detail_no = course_detail.course_detail_no  AND skill_result.del_flg = 0  WHERE course.course_id = :course_id  AND student.student_no = :student_no  AND m_org.org_no = :org_no  AND course_org.offer_no = :offer_no  AND course.del_flg = '0'  AND course_detail.del_flg = '0'  AND detail.del_flg = '0'  AND detail_student.del_flg = '0'  AND m_org.del_flg = '0'  GROUP BY  org_no,org_id, org_name,org_name_official,course_id,course_name,remarks,course_detail_name,course_detail_romaji,course_detail_no,disp_no,status,course_level,test_kbn,start_period,end_period,student_no,student_name,login_id,stu_course_end_period,stu_course_start_period,answer_dt,update_dt ORDER BY  course_detail.disp_no ASC 
2022-06-01 12:00:04,819 DEBUG [115109] []  SELECT DISTINCT m_org.org_no  ,m_org.org_id  ,m_org.org_name  ,m_org.org_name_official  ,course.course_id  ,course.course_name  ,course.remarks  ,detail.course_detail_name  ,detail.course_detail_romaji  ,detail.course_detail_no  ,course_detail.disp_no  ,detail.status  ,(SELECT name FROM M_TYPE a WHERE category=:course_level AND a.type=detail.course_level) AS course_level  ,(SELECT name FROM M_TYPE a WHERE category=:test_kbn AND a.type=detail.test_kbn) AS test_kbn  ,date_format(course_org.start_period,'%Y/%m/%d') AS start_period  ,date_format(course_org.end_period,'%Y/%m/%d') AS end_period  ,student.student_no  ,student.student_name  ,student.student_name_romaji  ,student.login_id  ,date_format(detail_student.start_period,'%Y/%m/%d') AS stu_course_start_period ,date_format(detail_student.end_period,'%Y/%m/%d') AS stu_course_end_period ,date_format(skill_answer.answer_dt,'%Y/%m/%d') AS answer_dt  ,date_format(skill_result.update_dt,'%Y/%m/%d') AS update_dt FROM T_COURSE course  LEFT JOIN T_COURSE_ORG as course_org  ON course_org.course_id = course.course_id  LEFT JOIN M_ORGANIZATION as m_org  ON course_org.org_no = m_org.org_no  LEFT JOIN T_COURSE_DETAIL as course_detail   ON course.course_id = course_detail.course_id   LEFT JOIN T_DETAIL as detail  ON course_detail.course_detail_no = detail.course_detail_no  LEFT JOIN T_COURSE_DETAIL_STUDENT as detail_student  ON detail_student.offer_no = course_org.offer_no  AND detail_student.org_no = m_org.org_no  AND detail_student.course_id = course.course_id  AND detail_student.course_detail_no = course_detail.course_detail_no  LEFT JOIN T_STUDENT as student ON detail_student.student_no = student.student_no  AND m_org.org_no = student.org_no LEFT JOIN (  SELECT answer.offer_no offer_no  ,answer.course_id course_id  ,answer.course_detail_no course_detail_no  ,answer.student_no student_no  ,MIN(answer.answer_dt) answer_dt  FROM T_COURSE_DETAIL_QUESTION cdques   LEFT JOIN T_4SKILL_ANSWER as answer ON answer.course_detail_no = cdques.course_detail_no  AND answer.question_no = cdques.question_no  AND answer.del_flg = 0  AND cdques.del_flg = 0  GROUP BY offer_no ,course_id ,course_detail_no, student_no ) skill_answer  ON skill_answer.offer_no = course_org.offer_no  AND skill_answer.student_no = student.student_no  AND skill_answer.course_id = course.course_id  AND skill_answer.course_detail_no = course_detail.course_detail_no  LEFT JOIN T_4SKILL_RESULT as skill_result ON skill_result.offer_no = course_org.offer_no  AND skill_result.student_no = student.student_no  AND skill_result.course_id = course.course_id  AND skill_result.course_detail_no = course_detail.course_detail_no  AND skill_result.del_flg = 0  WHERE course.course_id = :course_id  AND course_detail.course_detail_no = :course_detail_no  AND student.student_no = :student_no  AND m_org.org_no = :org_no  AND course_org.offer_no = :offer_no  AND course.del_flg = '0'  AND course_detail.del_flg = '0'  AND detail.del_flg = '0'  AND detail_student.del_flg = '0'  AND m_org.del_flg = '0'  GROUP BY  org_no,org_id, org_name,org_name_official,course_id,course_name,remarks,course_detail_name,course_detail_romaji,course_detail_no,disp_no,status,course_level,test_kbn,start_period,end_period,student_no,student_name,login_id,stu_course_end_period,stu_course_start_period,answer_dt,update_dt ORDER BY  course_detail.disp_no ASC 
2022-06-01 12:00:05,254 DEBUG [115109] [] indexAction end
2022-06-01 12:00:05,254 DEBUG [115109] [] StudentCourseDetailEditController end
2022-06-01 12:00:05,254 DEBUG [115109] [] finally
2022-06-01 12:17:16,118 DEBUG [115152] [] Request URI : /eccadmin_dev/StudentCourseDetailEdit/retake
2022-06-01 12:17:16,119 DEBUG [115152] [] StudentCourseDetailEditController start
2022-06-01 12:17:16,119 DEBUG [115152] [] controllers/StudentCourseDetailEditController.php: is exist
2022-06-01 12:17:16,123 DEBUG [115152] [] StudentCourseDetailEditForm: is exist
2022-06-01 12:17:16,123 DEBUG [115152] [] StudentCourseDetailEditForm: form value set 
2022-06-01 12:17:16,124 DEBUG [115152] [] ------------------------------/eccadmin_dev/StudentCourseDetailEdit/retake
2022-06-01 12:17:16,124 DEBUG [115152] [] ------------------------------session_check_true
2022-06-01 12:17:16,124 DEBUG [115152] [] retakeAction start
2022-06-01 12:17:16,124 DEBUG [115152] [] admin_no is 1
2022-06-01 12:17:16,133 DEBUG [115152] [] 再受講設定しました。
2022-06-01 12:17:16,133 DEBUG [115152] [] ユーザーの組織 :1
2022-06-01 12:17:16,133 DEBUG [115152] [] 受講者No :1
2022-06-01 12:17:16,133 DEBUG [115152] [] Offer No :260
2022-06-01 12:17:16,133 DEBUG [115152] [] コース名 :28
2022-06-01 12:17:16,133 DEBUG [115152] [] コース詳細名 :28
2022-06-01 12:17:16,134 DEBUG [115152] []  SELECT DISTINCT m_org.org_no  ,m_org.org_id  ,m_org.org_name  ,m_org.org_name_official  ,course.course_id  ,course.course_name  ,course.remarks  ,detail.course_detail_name  ,detail.course_detail_romaji  ,detail.course_detail_no  ,course_detail.disp_no  ,detail.status  ,(SELECT name FROM M_TYPE a WHERE category=:course_level AND a.type=detail.course_level) AS course_level  ,(SELECT name FROM M_TYPE a WHERE category=:test_kbn AND a.type=detail.test_kbn) AS test_kbn  ,date_format(course_org.start_period,'%Y/%m/%d') AS start_period  ,date_format(course_org.end_period,'%Y/%m/%d') AS end_period  ,student.student_no  ,student.student_name  ,student.student_name_romaji  ,student.login_id  ,date_format(detail_student.start_period,'%Y/%m/%d') AS stu_course_start_period ,date_format(detail_student.end_period,'%Y/%m/%d') AS stu_course_end_period ,date_format(skill_answer.answer_dt,'%Y/%m/%d') AS answer_dt  ,date_format(skill_result.update_dt,'%Y/%m/%d') AS update_dt FROM T_COURSE course  LEFT JOIN T_COURSE_ORG as course_org  ON course_org.course_id = course.course_id  LEFT JOIN M_ORGANIZATION as m_org  ON course_org.org_no = m_org.org_no  LEFT JOIN T_COURSE_DETAIL as course_detail   ON course.course_id = course_detail.course_id   LEFT JOIN T_DETAIL as detail  ON course_detail.course_detail_no = detail.course_detail_no  LEFT JOIN T_COURSE_DETAIL_STUDENT as detail_student  ON detail_student.offer_no = course_org.offer_no  AND detail_student.org_no = m_org.org_no  AND detail_student.course_id = course.course_id  AND detail_student.course_detail_no = course_detail.course_detail_no  LEFT JOIN T_STUDENT as student ON detail_student.student_no = student.student_no  AND m_org.org_no = student.org_no LEFT JOIN (  SELECT answer.offer_no offer_no  ,answer.course_id course_id  ,answer.course_detail_no course_detail_no  ,answer.student_no student_no  ,MIN(answer.answer_dt) answer_dt  FROM T_COURSE_DETAIL_QUESTION cdques   LEFT JOIN T_4SKILL_ANSWER as answer ON answer.course_detail_no = cdques.course_detail_no  AND answer.question_no = cdques.question_no  AND answer.del_flg = 0  AND cdques.del_flg = 0  GROUP BY offer_no ,course_id ,course_detail_no, student_no ) skill_answer  ON skill_answer.offer_no = course_org.offer_no  AND skill_answer.student_no = student.student_no  AND skill_answer.course_id = course.course_id  AND skill_answer.course_detail_no = course_detail.course_detail_no  LEFT JOIN T_4SKILL_RESULT as skill_result ON skill_result.offer_no = course_org.offer_no  AND skill_result.student_no = student.student_no  AND skill_result.course_id = course.course_id  AND skill_result.course_detail_no = course_detail.course_detail_no  AND skill_result.del_flg = 0  WHERE course.course_id = :course_id  AND course_detail.course_detail_no = :course_detail_no  AND student.student_no = :student_no  AND m_org.org_no = :org_no  AND course_org.offer_no = :offer_no  AND course.del_flg = '0'  AND course_detail.del_flg = '0'  AND detail.del_flg = '0'  AND detail_student.del_flg = '0'  AND m_org.del_flg = '0'  GROUP BY  org_no,org_id, org_name,org_name_official,course_id,course_name,remarks,course_detail_name,course_detail_romaji,course_detail_no,disp_no,status,course_level,test_kbn,start_period,end_period,student_no,student_name,login_id,stu_course_end_period,stu_course_start_period,answer_dt,update_dt ORDER BY  course_detail.disp_no ASC 
2022-06-01 12:17:16,425 DEBUG [115152] []  SELECT DISTINCT m_org.org_no  ,m_org.org_id  ,m_org.org_name  ,m_org.org_name_official  ,course.course_id  ,course.course_name  ,course.remarks  ,detail.course_detail_name  ,detail.course_detail_romaji  ,detail.course_detail_no  ,course_detail.disp_no  ,detail.status  ,(SELECT name FROM M_TYPE a WHERE category=:course_level AND a.type=detail.course_level) AS course_level  ,(SELECT name FROM M_TYPE a WHERE category=:test_kbn AND a.type=detail.test_kbn) AS test_kbn  ,date_format(course_org.start_period,'%Y/%m/%d') AS start_period  ,date_format(course_org.end_period,'%Y/%m/%d') AS end_period  ,student.student_no  ,student.student_name  ,student.student_name_romaji  ,student.login_id  ,date_format(detail_student.start_period,'%Y/%m/%d') AS stu_course_start_period ,date_format(detail_student.end_period,'%Y/%m/%d') AS stu_course_end_period ,date_format(skill_answer.answer_dt,'%Y/%m/%d') AS answer_dt  ,date_format(skill_result.update_dt,'%Y/%m/%d') AS update_dt FROM T_COURSE course  LEFT JOIN T_COURSE_ORG as course_org  ON course_org.course_id = course.course_id  LEFT JOIN M_ORGANIZATION as m_org  ON course_org.org_no = m_org.org_no  LEFT JOIN T_COURSE_DETAIL as course_detail   ON course.course_id = course_detail.course_id   LEFT JOIN T_DETAIL as detail  ON course_detail.course_detail_no = detail.course_detail_no  LEFT JOIN T_COURSE_DETAIL_STUDENT as detail_student  ON detail_student.offer_no = course_org.offer_no  AND detail_student.org_no = m_org.org_no  AND detail_student.course_id = course.course_id  AND detail_student.course_detail_no = course_detail.course_detail_no  LEFT JOIN T_STUDENT as student ON detail_student.student_no = student.student_no  AND m_org.org_no = student.org_no LEFT JOIN (  SELECT answer.offer_no offer_no  ,answer.course_id course_id  ,answer.course_detail_no course_detail_no  ,answer.student_no student_no  ,MIN(answer.answer_dt) answer_dt  FROM T_COURSE_DETAIL_QUESTION cdques   LEFT JOIN T_4SKILL_ANSWER as answer ON answer.course_detail_no = cdques.course_detail_no  AND answer.question_no = cdques.question_no  AND answer.del_flg = 0  AND cdques.del_flg = 0  GROUP BY offer_no ,course_id ,course_detail_no, student_no ) skill_answer  ON skill_answer.offer_no = course_org.offer_no  AND skill_answer.student_no = student.student_no  AND skill_answer.course_id = course.course_id  AND skill_answer.course_detail_no = course_detail.course_detail_no  LEFT JOIN T_4SKILL_RESULT as skill_result ON skill_result.offer_no = course_org.offer_no  AND skill_result.student_no = student.student_no  AND skill_result.course_id = course.course_id  AND skill_result.course_detail_no = course_detail.course_detail_no  AND skill_result.del_flg = 0  WHERE course.course_id = :course_id  AND student.student_no = :student_no  AND m_org.org_no = :org_no  AND course_org.offer_no = :offer_no  AND course.del_flg = '0'  AND course_detail.del_flg = '0'  AND detail.del_flg = '0'  AND detail_student.del_flg = '0'  AND m_org.del_flg = '0'  GROUP BY  org_no,org_id, org_name,org_name_official,course_id,course_name,remarks,course_detail_name,course_detail_romaji,course_detail_no,disp_no,status,course_level,test_kbn,start_period,end_period,student_no,student_name,login_id,stu_course_end_period,stu_course_start_period,answer_dt,update_dt ORDER BY  course_detail.disp_no ASC 
2022-06-01 12:17:16,715 DEBUG [115152] []  SELECT DISTINCT m_org.org_no  ,m_org.org_id  ,m_org.org_name  ,m_org.org_name_official  ,course.course_id  ,course.course_name  ,course.remarks  ,detail.course_detail_name  ,detail.course_detail_romaji  ,detail.course_detail_no  ,course_detail.disp_no  ,detail.status  ,(SELECT name FROM M_TYPE a WHERE category=:course_level AND a.type=detail.course_level) AS course_level  ,(SELECT name FROM M_TYPE a WHERE category=:test_kbn AND a.type=detail.test_kbn) AS test_kbn  ,date_format(course_org.start_period,'%Y/%m/%d') AS start_period  ,date_format(course_org.end_period,'%Y/%m/%d') AS end_period  ,student.student_no  ,student.student_name  ,student.student_name_romaji  ,student.login_id  ,date_format(detail_student.start_period,'%Y/%m/%d') AS stu_course_start_period ,date_format(detail_student.end_period,'%Y/%m/%d') AS stu_course_end_period ,date_format(skill_answer.answer_dt,'%Y/%m/%d') AS answer_dt  ,date_format(skill_result.update_dt,'%Y/%m/%d') AS update_dt FROM T_COURSE course  LEFT JOIN T_COURSE_ORG as course_org  ON course_org.course_id = course.course_id  LEFT JOIN M_ORGANIZATION as m_org  ON course_org.org_no = m_org.org_no  LEFT JOIN T_COURSE_DETAIL as course_detail   ON course.course_id = course_detail.course_id   LEFT JOIN T_DETAIL as detail  ON course_detail.course_detail_no = detail.course_detail_no  LEFT JOIN T_COURSE_DETAIL_STUDENT as detail_student  ON detail_student.offer_no = course_org.offer_no  AND detail_student.org_no = m_org.org_no  AND detail_student.course_id = course.course_id  AND detail_student.course_detail_no = course_detail.course_detail_no  LEFT JOIN T_STUDENT as student ON detail_student.student_no = student.student_no  AND m_org.org_no = student.org_no LEFT JOIN (  SELECT answer.offer_no offer_no  ,answer.course_id course_id  ,answer.course_detail_no course_detail_no  ,answer.student_no student_no  ,MIN(answer.answer_dt) answer_dt  FROM T_COURSE_DETAIL_QUESTION cdques   LEFT JOIN T_4SKILL_ANSWER as answer ON answer.course_detail_no = cdques.course_detail_no  AND answer.question_no = cdques.question_no  AND answer.del_flg = 0  AND cdques.del_flg = 0  GROUP BY offer_no ,course_id ,course_detail_no, student_no ) skill_answer  ON skill_answer.offer_no = course_org.offer_no  AND skill_answer.student_no = student.student_no  AND skill_answer.course_id = course.course_id  AND skill_answer.course_detail_no = course_detail.course_detail_no  LEFT JOIN T_4SKILL_RESULT as skill_result ON skill_result.offer_no = course_org.offer_no  AND skill_result.student_no = student.student_no  AND skill_result.course_id = course.course_id  AND skill_result.course_detail_no = course_detail.course_detail_no  AND skill_result.del_flg = 0  WHERE course.course_id = :course_id  AND course_detail.course_detail_no = :course_detail_no  AND student.student_no = :student_no  AND m_org.org_no = :org_no  AND course_org.offer_no = :offer_no  AND course.del_flg = '0'  AND course_detail.del_flg = '0'  AND detail.del_flg = '0'  AND detail_student.del_flg = '0'  AND m_org.del_flg = '0'  GROUP BY  org_no,org_id, org_name,org_name_official,course_id,course_name,remarks,course_detail_name,course_detail_romaji,course_detail_no,disp_no,status,course_level,test_kbn,start_period,end_period,student_no,student_name,login_id,stu_course_end_period,stu_course_start_period,answer_dt,update_dt ORDER BY  course_detail.disp_no ASC 
2022-06-01 12:17:17,090 DEBUG [115152] [] retakeAction end
2022-06-01 12:17:17,090 DEBUG [115152] [] StudentCourseDetailEditController end
2022-06-01 12:17:17,091 DEBUG [115152] [] finally
2022-06-01 12:20:38,597 DEBUG [115599] [] Request URI : /eccadmin_dev/CourseContractConfirmList/search
2022-06-01 12:20:38,600 DEBUG [115599] [] CourseContractConfirmListController start
2022-06-01 12:20:38,600 DEBUG [115599] [] controllers/CourseContractConfirmListController.php: is exist
2022-06-01 12:20:38,604 DEBUG [115599] [] CourseContractConfirmListForm: is exist
2022-06-01 12:20:38,604 DEBUG [115599] [] CourseContractConfirmListForm: form value set 
2022-06-01 12:20:38,604 DEBUG [115599] [] ------------------------------/eccadmin_dev/CourseContractConfirmList/search
2022-06-01 12:20:38,605 DEBUG [115599] [] searchAction start
2022-06-01 12:20:38,605 DEBUG [115599] [] admin_no is 1
2022-06-01 12:20:38,607 DEBUG [115599] [] CourseContractConfirmList　Query
2022-06-01 12:20:38,607 DEBUG [115599] []  SELECT   o.org_no    ,o.org_id  ,o.org_name  ,o.org_name_official  ,c.course_id  ,c.course_name  ,date_format(co.start_period,'%Y/%m/%d') AS  co_start_period ,date_format(co.end_period,'%Y/%m/%d') AS  co_end_period ,co.remarks  ,co.offer_no  ,d.course_detail_no  ,d.course_detail_name  ,s.student_no  ,s.student_name  ,s.login_id  ,date_format(cds.start_period,'%Y/%m/%d') AS cds_start_period  ,date_format(cds.end_period,'%Y/%m/%d') AS cds_end_period  ,date_format(answer.answer_dt,'%Y/%m/%d') AS a_answer_dt  ,date_format(r.update_dt,'%Y/%m/%d') AS u_update_dt  ,teacher.display_name AS display_name  ,teacher.login_id AS teacher_code ,teacher.name AS teacher_name ,teacher.school_kbn AS teacher_school   ,CONCAT(if (student_mark.result_marks IS NULL,'-', student_mark.result_marks ),'/',total_mark.marks) AS result  FROM M_ORGANIZATION o  INNER JOIN T_COURSE_ORG as co  ON co.org_no = o.org_no  AND co.del_flg = '0'  AND o.del_flg = '0'  INNER JOIN T_COURSE as c  ON c.course_id = co.course_id  AND c.del_flg = '0'  INNER JOIN T_COURSE_DETAIL as cd  ON cd.course_id = c.course_id  AND cd.del_flg = '0'  INNER JOIN T_DETAIL as d  ON d.course_detail_no = cd.course_detail_no  AND c.course_level = d.course_level  AND c.test_kbn = d.test_kbn  AND d.del_flg = '0'  LEFT JOIN T_COURSE_DETAIL_STUDENT as cds  ON cds.offer_no = co.offer_no  AND cds.course_id = c.course_id  AND cds.course_detail_no = cd.course_detail_no  AND cds.del_flg = '0'  LEFT JOIN T_STUDENT as s  ON s.org_no = co.org_no  AND s.student_no = cds.student_no  AND s.del_flg = '0'  LEFT JOIN T_4SKILL_RESULT as r  ON r.offer_no = co.offer_no  AND r.course_id = c.course_id  AND r.course_detail_no = cd.course_detail_no  AND r.student_no = cds.student_no  AND r.del_flg = '0'  LEFT JOIN ( SELECT teacher_no,  del_flg, display_name, login_id, name, CASE WHEN school_kbn = '001' THEN 'Philippines'  WHEN school_kbn = '002' THEN 'Japan' ELSE NULL END AS school_kbn  FROM T_TEACHER) teacher  ON r.updater_id = teacher.teacher_no  AND teacher.del_flg = '0'  LEFT JOIN (  SELECT offer_no  	,course_id course_id  	,course_detail_no course_detail_no  	,student_no  	,MIN(answer_dt) answer_dt  	FROM T_4SKILL_ANSWER  	WHERE del_flg = '0'   	GROUP BY offer_no,course_id,course_detail_no,student_no ) answer  ON c.course_id = answer.course_id  AND cd.course_detail_no = answer.course_detail_no  AND co.offer_no = answer.offer_no  AND s.student_no = answer.student_no  LEFT JOIN (  	SELECT a.offer_no ,a.student_no,a.course_id,a.course_detail_no,SUM(a.marks) as result_marks  	FROM (  		SELECT skill_answer.offer_no  		,skill_answer.student_no  		,skill_answer.course_id  		,skill_answer.course_detail_no  		,skill_result_detail.rule_no  		,skill_result_detail.sub_rule_no  		,skill_result_detail.rule_detail_no  		,mark_detail.marks  		FROM T_4SKILL_ANSWER skill_answer  		LEFT JOIN T_4SKILL_RESULT skill_result  		ON skill_answer.offer_no = skill_result.offer_no  		AND skill_answer.student_no = skill_result.student_no  		AND skill_answer.course_id = skill_result.course_id  		AND skill_answer.course_detail_no = skill_result.course_detail_no  		INNER JOIN T_4SKILL_RESULT_DETAIL skill_result_detail  		ON skill_result.result_no = skill_result_detail.result_no  		INNER JOIN M_MARK_DETAIL mark_detail  		ON skill_result_detail.rule_no = mark_detail.rule_no  		AND skill_result_detail.sub_rule_no = mark_detail.sub_rule_no  		AND skill_result_detail.rule_detail_no = mark_detail.rule_detail_no  		AND skill_answer.del_flg = '0'  		AND skill_result.del_flg = '0'  		GROUP BY skill_answer.offer_no ,skill_answer.student_no ,skill_answer.course_id,mark_detail.marks  		,skill_answer.course_detail_no ,skill_result_detail.rule_no  		,skill_result_detail.sub_rule_no ,skill_result_detail.rule_detail_no  	) as a  	GROUP BY a.offer_no  ,a.student_no  ,a.course_id  ,a.course_detail_no  ) as student_mark  ON s.student_no = student_mark.student_no  AND co.offer_no = student_mark.offer_no  AND co.course_id = student_mark.course_id  AND cd.course_detail_no = student_mark.course_detail_no  LEFT JOIN  (  	SELECT mark_rule.course_level  	, mark_rule.test_kbn  	, course.course_id  	, course_detail.course_detail_no  	, SUM(mark_detail.max_marks) marks  	FROM T_COURSE course  	INNER JOIN T_COURSE_DETAIL course_detail  	ON course.course_id = course_detail.course_id  	AND course.del_flg = '0'  	AND course_detail.del_flg = '0'  	INNER JOIN T_COURSE_DETAIL_QUESTION course_detail_qa  	ON course_detail.course_detail_no = course_detail_qa.course_detail_no  	AND course_detail_qa.del_flg = '0'  	INNER JOIN T_QUESTION ques  	ON course_detail_qa.question_no = ques.question_no  	AND ques.del_flg = '0'  	INNER JOIN  M_MARK_RULE mark_rule  	ON ques.score_pattern = mark_rule.score_pattern  	AND course.course_level = mark_rule.course_level  	AND course.test_kbn = mark_rule.test_kbn  	INNER JOIN  (  		SELECT  rule_no  			,SUM(max_marks) AS max_marks  			FROM (  				SELECT rule_no  				,sub_rule_no  				,MAX(marks) AS max_marks  				FROM M_MARK_DETAIL  				WHERE del_flg = '0'  				GROUP BY rule_no,sub_rule_no) AS max  			GROUP BY rule_no  		) mark_detail  	ON mark_rule.rule_no = mark_detail.rule_no  	GROUP BY mark_rule.course_level      ,mark_rule.test_kbn, course.course_id, course_detail.course_detail_no  ) as total_mark  ON c.course_id = total_mark.course_id  AND cd.course_detail_no = total_mark.course_detail_no  AND c.course_level =  total_mark.course_level  AND c.test_kbn =  total_mark.test_kbn  WHERE  '1' = '1'  AND c.course_id = :course_id_from  AND co.end_period >= :start_period  AND co.start_period <= :end_period  AND s.login_id = :login_id_from  GROUP BY o.org_no,o.org_id,o.org_name,o.org_name_official,c.course_id,c.course_name,co_start_period,co_end_period,co.remarks,co.offer_no, d.course_detail_no, d.course_detail_name,s.student_no,s.student_name,s.login_id,cds_start_period,cds_end_period,a_answer_dt,u_update_dt,display_name,teacher.login_id,teacher_name,teacher.school_kbn ORDER BY o.org_no,co.offer_no, c.course_id, cd.disp_no, cds.course_detail_no,s.login_id
2022-06-01 12:20:38,812 DEBUG [115599] [] searchAction end
2022-06-01 12:20:38,812 DEBUG [115599] [] CourseContractConfirmListController end
2022-06-01 12:20:38,813 DEBUG [115599] [] finally
2022-06-01 12:20:41,386 DEBUG [115390] [] Request URI : /eccadmin_dev/StudentCourseDetailEdit/index
2022-06-01 12:20:41,387 DEBUG [115390] [] StudentCourseDetailEditController start
2022-06-01 12:20:41,387 DEBUG [115390] [] controllers/StudentCourseDetailEditController.php: is exist
2022-06-01 12:20:41,391 DEBUG [115390] [] StudentCourseDetailEditForm: is exist
2022-06-01 12:20:41,391 DEBUG [115390] [] StudentCourseDetailEditForm: form value set 
2022-06-01 12:20:41,392 DEBUG [115390] [] ------------------------------/eccadmin_dev/StudentCourseDetailEdit/index
2022-06-01 12:20:41,392 DEBUG [115390] [] ------------------------------session_check_true
2022-06-01 12:20:41,392 DEBUG [115390] [] indexAction start
2022-06-01 12:20:41,392 DEBUG [115390] [] admin_no is 1
2022-06-01 12:20:41,394 DEBUG [115390] []  SELECT DISTINCT m_org.org_no  ,m_org.org_id  ,m_org.org_name  ,m_org.org_name_official  ,course.course_id  ,course.course_name  ,course.remarks  ,detail.course_detail_name  ,detail.course_detail_romaji  ,detail.course_detail_no  ,course_detail.disp_no  ,detail.status  ,(SELECT name FROM M_TYPE a WHERE category=:course_level AND a.type=detail.course_level) AS course_level  ,(SELECT name FROM M_TYPE a WHERE category=:test_kbn AND a.type=detail.test_kbn) AS test_kbn  ,date_format(course_org.start_period,'%Y/%m/%d') AS start_period  ,date_format(course_org.end_period,'%Y/%m/%d') AS end_period  ,student.student_no  ,student.student_name  ,student.student_name_romaji  ,student.login_id  ,date_format(detail_student.start_period,'%Y/%m/%d') AS stu_course_start_period ,date_format(detail_student.end_period,'%Y/%m/%d') AS stu_course_end_period ,date_format(skill_answer.answer_dt,'%Y/%m/%d') AS answer_dt  ,date_format(skill_result.update_dt,'%Y/%m/%d') AS update_dt FROM T_COURSE course  LEFT JOIN T_COURSE_ORG as course_org  ON course_org.course_id = course.course_id  LEFT JOIN M_ORGANIZATION as m_org  ON course_org.org_no = m_org.org_no  LEFT JOIN T_COURSE_DETAIL as course_detail   ON course.course_id = course_detail.course_id   LEFT JOIN T_DETAIL as detail  ON course_detail.course_detail_no = detail.course_detail_no  LEFT JOIN T_COURSE_DETAIL_STUDENT as detail_student  ON detail_student.offer_no = course_org.offer_no  AND detail_student.org_no = m_org.org_no  AND detail_student.course_id = course.course_id  AND detail_student.course_detail_no = course_detail.course_detail_no  LEFT JOIN T_STUDENT as student ON detail_student.student_no = student.student_no  AND m_org.org_no = student.org_no LEFT JOIN (  SELECT answer.offer_no offer_no  ,answer.course_id course_id  ,answer.course_detail_no course_detail_no  ,answer.student_no student_no  ,MIN(answer.answer_dt) answer_dt  FROM T_COURSE_DETAIL_QUESTION cdques   LEFT JOIN T_4SKILL_ANSWER as answer ON answer.course_detail_no = cdques.course_detail_no  AND answer.question_no = cdques.question_no  AND answer.del_flg = 0  AND cdques.del_flg = 0  GROUP BY offer_no ,course_id ,course_detail_no, student_no ) skill_answer  ON skill_answer.offer_no = course_org.offer_no  AND skill_answer.student_no = student.student_no  AND skill_answer.course_id = course.course_id  AND skill_answer.course_detail_no = course_detail.course_detail_no  LEFT JOIN T_4SKILL_RESULT as skill_result ON skill_result.offer_no = course_org.offer_no  AND skill_result.student_no = student.student_no  AND skill_result.course_id = course.course_id  AND skill_result.course_detail_no = course_detail.course_detail_no  AND skill_result.del_flg = 0  WHERE course.course_id = :course_id  AND course_detail.course_detail_no = :course_detail_no  AND student.student_no = :student_no  AND m_org.org_no = :org_no  AND course_org.offer_no = :offer_no  AND course.del_flg = '0'  AND course_detail.del_flg = '0'  AND detail.del_flg = '0'  AND detail_student.del_flg = '0'  AND m_org.del_flg = '0'  GROUP BY  org_no,org_id, org_name,org_name_official,course_id,course_name,remarks,course_detail_name,course_detail_romaji,course_detail_no,disp_no,status,course_level,test_kbn,start_period,end_period,student_no,student_name,login_id,stu_course_end_period,stu_course_start_period,answer_dt,update_dt ORDER BY  course_detail.disp_no ASC 
2022-06-01 12:20:41,679 DEBUG [115390] []  SELECT DISTINCT m_org.org_no  ,m_org.org_id  ,m_org.org_name  ,m_org.org_name_official  ,course.course_id  ,course.course_name  ,course.remarks  ,detail.course_detail_name  ,detail.course_detail_romaji  ,detail.course_detail_no  ,course_detail.disp_no  ,detail.status  ,(SELECT name FROM M_TYPE a WHERE category=:course_level AND a.type=detail.course_level) AS course_level  ,(SELECT name FROM M_TYPE a WHERE category=:test_kbn AND a.type=detail.test_kbn) AS test_kbn  ,date_format(course_org.start_period,'%Y/%m/%d') AS start_period  ,date_format(course_org.end_period,'%Y/%m/%d') AS end_period  ,student.student_no  ,student.student_name  ,student.student_name_romaji  ,student.login_id  ,date_format(detail_student.start_period,'%Y/%m/%d') AS stu_course_start_period ,date_format(detail_student.end_period,'%Y/%m/%d') AS stu_course_end_period ,date_format(skill_answer.answer_dt,'%Y/%m/%d') AS answer_dt  ,date_format(skill_result.update_dt,'%Y/%m/%d') AS update_dt FROM T_COURSE course  LEFT JOIN T_COURSE_ORG as course_org  ON course_org.course_id = course.course_id  LEFT JOIN M_ORGANIZATION as m_org  ON course_org.org_no = m_org.org_no  LEFT JOIN T_COURSE_DETAIL as course_detail   ON course.course_id = course_detail.course_id   LEFT JOIN T_DETAIL as detail  ON course_detail.course_detail_no = detail.course_detail_no  LEFT JOIN T_COURSE_DETAIL_STUDENT as detail_student  ON detail_student.offer_no = course_org.offer_no  AND detail_student.org_no = m_org.org_no  AND detail_student.course_id = course.course_id  AND detail_student.course_detail_no = course_detail.course_detail_no  LEFT JOIN T_STUDENT as student ON detail_student.student_no = student.student_no  AND m_org.org_no = student.org_no LEFT JOIN (  SELECT answer.offer_no offer_no  ,answer.course_id course_id  ,answer.course_detail_no course_detail_no  ,answer.student_no student_no  ,MIN(answer.answer_dt) answer_dt  FROM T_COURSE_DETAIL_QUESTION cdques   LEFT JOIN T_4SKILL_ANSWER as answer ON answer.course_detail_no = cdques.course_detail_no  AND answer.question_no = cdques.question_no  AND answer.del_flg = 0  AND cdques.del_flg = 0  GROUP BY offer_no ,course_id ,course_detail_no, student_no ) skill_answer  ON skill_answer.offer_no = course_org.offer_no  AND skill_answer.student_no = student.student_no  AND skill_answer.course_id = course.course_id  AND skill_answer.course_detail_no = course_detail.course_detail_no  LEFT JOIN T_4SKILL_RESULT as skill_result ON skill_result.offer_no = course_org.offer_no  AND skill_result.student_no = student.student_no  AND skill_result.course_id = course.course_id  AND skill_result.course_detail_no = course_detail.course_detail_no  AND skill_result.del_flg = 0  WHERE course.course_id = :course_id  AND student.student_no = :student_no  AND m_org.org_no = :org_no  AND course_org.offer_no = :offer_no  AND course.del_flg = '0'  AND course_detail.del_flg = '0'  AND detail.del_flg = '0'  AND detail_student.del_flg = '0'  AND m_org.del_flg = '0'  GROUP BY  org_no,org_id, org_name,org_name_official,course_id,course_name,remarks,course_detail_name,course_detail_romaji,course_detail_no,disp_no,status,course_level,test_kbn,start_period,end_period,student_no,student_name,login_id,stu_course_end_period,stu_course_start_period,answer_dt,update_dt ORDER BY  course_detail.disp_no ASC 
2022-06-01 12:20:41,979 DEBUG [115390] []  SELECT DISTINCT m_org.org_no  ,m_org.org_id  ,m_org.org_name  ,m_org.org_name_official  ,course.course_id  ,course.course_name  ,course.remarks  ,detail.course_detail_name  ,detail.course_detail_romaji  ,detail.course_detail_no  ,course_detail.disp_no  ,detail.status  ,(SELECT name FROM M_TYPE a WHERE category=:course_level AND a.type=detail.course_level) AS course_level  ,(SELECT name FROM M_TYPE a WHERE category=:test_kbn AND a.type=detail.test_kbn) AS test_kbn  ,date_format(course_org.start_period,'%Y/%m/%d') AS start_period  ,date_format(course_org.end_period,'%Y/%m/%d') AS end_period  ,student.student_no  ,student.student_name  ,student.student_name_romaji  ,student.login_id  ,date_format(detail_student.start_period,'%Y/%m/%d') AS stu_course_start_period ,date_format(detail_student.end_period,'%Y/%m/%d') AS stu_course_end_period ,date_format(skill_answer.answer_dt,'%Y/%m/%d') AS answer_dt  ,date_format(skill_result.update_dt,'%Y/%m/%d') AS update_dt FROM T_COURSE course  LEFT JOIN T_COURSE_ORG as course_org  ON course_org.course_id = course.course_id  LEFT JOIN M_ORGANIZATION as m_org  ON course_org.org_no = m_org.org_no  LEFT JOIN T_COURSE_DETAIL as course_detail   ON course.course_id = course_detail.course_id   LEFT JOIN T_DETAIL as detail  ON course_detail.course_detail_no = detail.course_detail_no  LEFT JOIN T_COURSE_DETAIL_STUDENT as detail_student  ON detail_student.offer_no = course_org.offer_no  AND detail_student.org_no = m_org.org_no  AND detail_student.course_id = course.course_id  AND detail_student.course_detail_no = course_detail.course_detail_no  LEFT JOIN T_STUDENT as student ON detail_student.student_no = student.student_no  AND m_org.org_no = student.org_no LEFT JOIN (  SELECT answer.offer_no offer_no  ,answer.course_id course_id  ,answer.course_detail_no course_detail_no  ,answer.student_no student_no  ,MIN(answer.answer_dt) answer_dt  FROM T_COURSE_DETAIL_QUESTION cdques   LEFT JOIN T_4SKILL_ANSWER as answer ON answer.course_detail_no = cdques.course_detail_no  AND answer.question_no = cdques.question_no  AND answer.del_flg = 0  AND cdques.del_flg = 0  GROUP BY offer_no ,course_id ,course_detail_no, student_no ) skill_answer  ON skill_answer.offer_no = course_org.offer_no  AND skill_answer.student_no = student.student_no  AND skill_answer.course_id = course.course_id  AND skill_answer.course_detail_no = course_detail.course_detail_no  LEFT JOIN T_4SKILL_RESULT as skill_result ON skill_result.offer_no = course_org.offer_no  AND skill_result.student_no = student.student_no  AND skill_result.course_id = course.course_id  AND skill_result.course_detail_no = course_detail.course_detail_no  AND skill_result.del_flg = 0  WHERE course.course_id = :course_id  AND course_detail.course_detail_no = :course_detail_no  AND student.student_no = :student_no  AND m_org.org_no = :org_no  AND course_org.offer_no = :offer_no  AND course.del_flg = '0'  AND course_detail.del_flg = '0'  AND detail.del_flg = '0'  AND detail_student.del_flg = '0'  AND m_org.del_flg = '0'  GROUP BY  org_no,org_id, org_name,org_name_official,course_id,course_name,remarks,course_detail_name,course_detail_romaji,course_detail_no,disp_no,status,course_level,test_kbn,start_period,end_period,student_no,student_name,login_id,stu_course_end_period,stu_course_start_period,answer_dt,update_dt ORDER BY  course_detail.disp_no ASC 
2022-06-01 12:20:42,360 DEBUG [115390] [] indexAction end
2022-06-01 12:20:42,360 DEBUG [115390] [] StudentCourseDetailEditController end
2022-06-01 12:20:42,361 DEBUG [115390] [] finally
2022-06-01 13:38:43,354 DEBUG [117121] [] Request URI : /eccadmin_dev/Login
2022-06-01 13:38:43,355 DEBUG [117121] [] LoginController start
2022-06-01 13:38:43,355 DEBUG [117121] [] controllers/LoginController.php: is exist
2022-06-01 13:38:43,355 DEBUG [117121] [] LoginForm: is exist
2022-06-01 13:38:43,355 DEBUG [117121] [] LoginForm: form value set 
2022-06-01 13:38:43,356 DEBUG [117121] [] ------------------------------/eccadmin_dev/Login
2022-06-01 13:38:43,356 DEBUG [117121] [] ------------------------------login_start_check
2022-06-01 13:38:43,356 DEBUG [117121] [] indexAction start
2022-06-01 13:38:43,372 DEBUG [117121] [] indexAction end
2022-06-01 13:38:43,372 DEBUG [117121] [] LoginController end
2022-06-01 13:38:43,372 DEBUG [117121] [] finally
2022-06-01 13:38:47,150 DEBUG [117120] [] Request URI : /eccadmin_dev/Login/login
2022-06-01 13:38:47,151 DEBUG [117120] [] LoginController start
2022-06-01 13:38:47,151 DEBUG [117120] [] controllers/LoginController.php: is exist
2022-06-01 13:38:47,151 DEBUG [117120] [] LoginForm: is exist
2022-06-01 13:38:47,151 DEBUG [117120] [] LoginForm: form value set 
2022-06-01 13:38:47,152 DEBUG [117120] [] ------------------------------/eccadmin_dev/Login/login
2022-06-01 13:38:47,152 DEBUG [117120] [] ------------------------------login_start_check
2022-06-01 13:38:47,152 DEBUG [117120] [] loginAction start
2022-06-01 13:38:47,460 DEBUG [117120] [] loginAction end
2022-06-01 13:38:47,460 DEBUG [117120] [] LoginController end
2022-06-01 13:38:47,460 DEBUG [117120] [] finally
2022-06-01 13:38:47,478 DEBUG [117120] [] Request URI : /eccadmin_dev/Menu
2022-06-01 13:38:47,478 DEBUG [117120] [] MenuController start
2022-06-01 13:38:47,478 DEBUG [117120] [] controllers/MenuController.php: is exist
2022-06-01 13:38:47,479 DEBUG [117120] [] MenuForm: is exist
2022-06-01 13:38:47,479 DEBUG [117120] [] MenuForm: form value set 
2022-06-01 13:38:47,480 DEBUG [117120] [] ------------------------------/eccadmin_dev/Menu
2022-06-01 13:38:47,480 DEBUG [117120] [] ------------------------------login_start_check
2022-06-01 13:38:47,480 DEBUG [117120] [] indexAction start
2022-06-01 13:38:47,480 DEBUG [117120] [] admin_no is 1
2022-06-01 13:38:47,508 DEBUG [117120] [] indexAction end
2022-06-01 13:38:47,508 DEBUG [117120] [] MenuController end
2022-06-01 13:38:47,508 DEBUG [117120] [] finally
2022-06-01 13:38:49,671 DEBUG [117120] [] Request URI : /eccadmin_dev/CourseContractConfirmList
2022-06-01 13:38:49,671 DEBUG [117120] [] CourseContractConfirmListController start
2022-06-01 13:38:49,671 DEBUG [117120] [] controllers/CourseContractConfirmListController.php: is exist
2022-06-01 13:38:49,675 DEBUG [117120] [] CourseContractConfirmListForm: is exist
2022-06-01 13:38:49,675 DEBUG [117120] [] CourseContractConfirmListForm: form value set 
2022-06-01 13:38:49,675 DEBUG [117120] [] ------------------------------/eccadmin_dev/CourseContractConfirmList
2022-06-01 13:38:49,676 DEBUG [117120] [] indexAction start
2022-06-01 13:38:49,676 DEBUG [117120] [] admin_no is 1
2022-06-01 13:38:49,777 DEBUG [117120] [] indexAction end
2022-06-01 13:38:49,777 DEBUG [117120] [] CourseContractConfirmListController end
2022-06-01 13:38:49,778 DEBUG [117120] [] finally
2022-06-01 13:39:02,198 DEBUG [116629] [] Request URI : /eccadmin_dev/CourseContractConfirmList
2022-06-01 13:39:02,199 DEBUG [116629] [] CourseContractConfirmListController start
2022-06-01 13:39:02,199 DEBUG [116629] [] controllers/CourseContractConfirmListController.php: is exist
2022-06-01 13:39:02,202 DEBUG [116629] [] CourseContractConfirmListForm: is exist
2022-06-01 13:39:02,202 DEBUG [116629] [] CourseContractConfirmListForm: form value set 
2022-06-01 13:39:02,203 DEBUG [116629] [] ------------------------------/eccadmin_dev/CourseContractConfirmList
2022-06-01 13:39:02,203 DEBUG [116629] [] indexAction start
2022-06-01 13:39:02,203 DEBUG [116629] [] admin_no is 1
2022-06-01 13:39:02,300 DEBUG [116629] [] indexAction end
2022-06-01 13:39:02,300 DEBUG [116629] [] CourseContractConfirmListController end
2022-06-01 13:39:02,300 DEBUG [116629] [] finally
2022-06-01 13:39:09,385 DEBUG [117181] [] Request URI : /eccadmin_dev/CourseContractConfirmList/Search
2022-06-01 13:39:09,385 DEBUG [117181] [] CourseContractConfirmListController start
2022-06-01 13:39:09,385 DEBUG [117181] [] controllers/CourseContractConfirmListController.php: is exist
2022-06-01 13:39:09,388 DEBUG [117181] [] CourseContractConfirmListForm: is exist
2022-06-01 13:39:09,389 DEBUG [117181] [] CourseContractConfirmListForm: form value set 
2022-06-01 13:39:09,389 DEBUG [117181] [] ------------------------------/eccadmin_dev/CourseContractConfirmList/Search
2022-06-01 13:39:09,389 DEBUG [117181] [] SearchAction start
2022-06-01 13:39:09,389 DEBUG [117181] [] admin_no is 1
2022-06-01 13:39:09,391 DEBUG [117181] [] CourseContractConfirmList　Query
2022-06-01 13:39:09,392 DEBUG [117181] []  SELECT   o.org_no    ,o.org_id  ,o.org_name  ,o.org_name_official  ,c.course_id  ,c.course_name  ,date_format(co.start_period,'%Y/%m/%d') AS  co_start_period ,date_format(co.end_period,'%Y/%m/%d') AS  co_end_period ,co.remarks  ,co.offer_no  ,d.course_detail_no  ,d.course_detail_name  ,s.student_no  ,s.student_name  ,s.login_id  ,date_format(cds.start_period,'%Y/%m/%d') AS cds_start_period  ,date_format(cds.end_period,'%Y/%m/%d') AS cds_end_period  ,date_format(answer.answer_dt,'%Y/%m/%d') AS a_answer_dt  ,date_format(r.update_dt,'%Y/%m/%d') AS u_update_dt  ,teacher.display_name AS display_name  ,teacher.login_id AS teacher_code ,teacher.name AS teacher_name ,teacher.school_kbn AS teacher_school   ,CONCAT(if (student_mark.result_marks IS NULL,'-', student_mark.result_marks ),'/',total_mark.marks) AS result  FROM M_ORGANIZATION o  INNER JOIN T_COURSE_ORG as co  ON co.org_no = o.org_no  AND co.del_flg = '0'  AND o.del_flg = '0'  INNER JOIN T_COURSE as c  ON c.course_id = co.course_id  AND c.del_flg = '0'  INNER JOIN T_COURSE_DETAIL as cd  ON cd.course_id = c.course_id  AND cd.del_flg = '0'  INNER JOIN T_DETAIL as d  ON d.course_detail_no = cd.course_detail_no  AND c.course_level = d.course_level  AND c.test_kbn = d.test_kbn  AND d.del_flg = '0'  LEFT JOIN T_COURSE_DETAIL_STUDENT as cds  ON cds.offer_no = co.offer_no  AND cds.course_id = c.course_id  AND cds.course_detail_no = cd.course_detail_no  AND cds.del_flg = '0'  LEFT JOIN T_STUDENT as s  ON s.org_no = co.org_no  AND s.student_no = cds.student_no  AND s.del_flg = '0'  LEFT JOIN T_4SKILL_RESULT as r  ON r.offer_no = co.offer_no  AND r.course_id = c.course_id  AND r.course_detail_no = cd.course_detail_no  AND r.student_no = cds.student_no  AND r.del_flg = '0'  LEFT JOIN ( SELECT teacher_no,  del_flg, display_name, login_id, name, CASE WHEN school_kbn = '001' THEN 'Philippines'  WHEN school_kbn = '002' THEN 'Japan' ELSE NULL END AS school_kbn  FROM T_TEACHER) teacher  ON r.updater_id = teacher.teacher_no  AND teacher.del_flg = '0'  LEFT JOIN (  SELECT offer_no  	,course_id course_id  	,course_detail_no course_detail_no  	,student_no  	,MIN(answer_dt) answer_dt  	FROM T_4SKILL_ANSWER  	WHERE del_flg = '0'   	GROUP BY offer_no,course_id,course_detail_no,student_no ) answer  ON c.course_id = answer.course_id  AND cd.course_detail_no = answer.course_detail_no  AND co.offer_no = answer.offer_no  AND s.student_no = answer.student_no  LEFT JOIN (  	SELECT a.offer_no ,a.student_no,a.course_id,a.course_detail_no,SUM(a.marks) as result_marks  	FROM (  		SELECT skill_answer.offer_no  		,skill_answer.student_no  		,skill_answer.course_id  		,skill_answer.course_detail_no  		,skill_result_detail.rule_no  		,skill_result_detail.sub_rule_no  		,skill_result_detail.rule_detail_no  		,mark_detail.marks  		FROM T_4SKILL_ANSWER skill_answer  		LEFT JOIN T_4SKILL_RESULT skill_result  		ON skill_answer.offer_no = skill_result.offer_no  		AND skill_answer.student_no = skill_result.student_no  		AND skill_answer.course_id = skill_result.course_id  		AND skill_answer.course_detail_no = skill_result.course_detail_no  		INNER JOIN T_4SKILL_RESULT_DETAIL skill_result_detail  		ON skill_result.result_no = skill_result_detail.result_no  		INNER JOIN M_MARK_DETAIL mark_detail  		ON skill_result_detail.rule_no = mark_detail.rule_no  		AND skill_result_detail.sub_rule_no = mark_detail.sub_rule_no  		AND skill_result_detail.rule_detail_no = mark_detail.rule_detail_no  		AND skill_answer.del_flg = '0'  		AND skill_result.del_flg = '0'  		GROUP BY skill_answer.offer_no ,skill_answer.student_no ,skill_answer.course_id,mark_detail.marks  		,skill_answer.course_detail_no ,skill_result_detail.rule_no  		,skill_result_detail.sub_rule_no ,skill_result_detail.rule_detail_no  	) as a  	GROUP BY a.offer_no  ,a.student_no  ,a.course_id  ,a.course_detail_no  ) as student_mark  ON s.student_no = student_mark.student_no  AND co.offer_no = student_mark.offer_no  AND co.course_id = student_mark.course_id  AND cd.course_detail_no = student_mark.course_detail_no  LEFT JOIN  (  	SELECT mark_rule.course_level  	, mark_rule.test_kbn  	, course.course_id  	, course_detail.course_detail_no  	, SUM(mark_detail.max_marks) marks  	FROM T_COURSE course  	INNER JOIN T_COURSE_DETAIL course_detail  	ON course.course_id = course_detail.course_id  	AND course.del_flg = '0'  	AND course_detail.del_flg = '0'  	INNER JOIN T_COURSE_DETAIL_QUESTION course_detail_qa  	ON course_detail.course_detail_no = course_detail_qa.course_detail_no  	AND course_detail_qa.del_flg = '0'  	INNER JOIN T_QUESTION ques  	ON course_detail_qa.question_no = ques.question_no  	AND ques.del_flg = '0'  	INNER JOIN  M_MARK_RULE mark_rule  	ON ques.score_pattern = mark_rule.score_pattern  	AND course.course_level = mark_rule.course_level  	AND course.test_kbn = mark_rule.test_kbn  	INNER JOIN  (  		SELECT  rule_no  			,SUM(max_marks) AS max_marks  			FROM (  				SELECT rule_no  				,sub_rule_no  				,MAX(marks) AS max_marks  				FROM M_MARK_DETAIL  				WHERE del_flg = '0'  				GROUP BY rule_no,sub_rule_no) AS max  			GROUP BY rule_no  		) mark_detail  	ON mark_rule.rule_no = mark_detail.rule_no  	GROUP BY mark_rule.course_level      ,mark_rule.test_kbn, course.course_id, course_detail.course_detail_no  ) as total_mark  ON c.course_id = total_mark.course_id  AND cd.course_detail_no = total_mark.course_detail_no  AND c.course_level =  total_mark.course_level  AND c.test_kbn =  total_mark.test_kbn  WHERE  '1' = '1'  AND c.course_id = :course_id_from  AND co.end_period >= :start_period  AND co.start_period <= :end_period  AND s.login_id = :login_id_from  GROUP BY o.org_no,o.org_id,o.org_name,o.org_name_official,c.course_id,c.course_name,co_start_period,co_end_period,co.remarks,co.offer_no, d.course_detail_no, d.course_detail_name,s.student_no,s.student_name,s.login_id,cds_start_period,cds_end_period,a_answer_dt,u_update_dt,display_name,teacher.login_id,teacher_name,teacher.school_kbn ORDER BY o.org_no,co.offer_no, c.course_id, cd.disp_no, cds.course_detail_no,s.login_id
2022-06-01 13:39:09,610 DEBUG [117181] [] SearchAction end
2022-06-01 13:39:09,610 DEBUG [117181] [] CourseContractConfirmListController end
2022-06-01 13:39:09,610 DEBUG [117181] [] finally
2022-06-01 13:39:16,839 DEBUG [116942] [] Request URI : /eccadmin_dev/CourseContractConfirmList/Search
2022-06-01 13:39:16,840 DEBUG [116942] [] CourseContractConfirmListController start
2022-06-01 13:39:16,840 DEBUG [116942] [] controllers/CourseContractConfirmListController.php: is exist
2022-06-01 13:39:16,843 DEBUG [116942] [] CourseContractConfirmListForm: is exist
2022-06-01 13:39:16,843 DEBUG [116942] [] CourseContractConfirmListForm: form value set 
2022-06-01 13:39:16,844 DEBUG [116942] [] ------------------------------/eccadmin_dev/CourseContractConfirmList/Search
2022-06-01 13:39:16,844 DEBUG [116942] [] SearchAction start
2022-06-01 13:39:16,844 DEBUG [116942] [] admin_no is 1
2022-06-01 13:39:16,846 DEBUG [116942] [] CourseContractConfirmList　Query
2022-06-01 13:39:16,847 DEBUG [116942] []  SELECT   o.org_no    ,o.org_id  ,o.org_name  ,o.org_name_official  ,c.course_id  ,c.course_name  ,date_format(co.start_period,'%Y/%m/%d') AS  co_start_period ,date_format(co.end_period,'%Y/%m/%d') AS  co_end_period ,co.remarks  ,co.offer_no  ,d.course_detail_no  ,d.course_detail_name  ,s.student_no  ,s.student_name  ,s.login_id  ,date_format(cds.start_period,'%Y/%m/%d') AS cds_start_period  ,date_format(cds.end_period,'%Y/%m/%d') AS cds_end_period  ,date_format(answer.answer_dt,'%Y/%m/%d') AS a_answer_dt  ,date_format(r.update_dt,'%Y/%m/%d') AS u_update_dt  ,teacher.display_name AS display_name  ,teacher.login_id AS teacher_code ,teacher.name AS teacher_name ,teacher.school_kbn AS teacher_school   ,CONCAT(if (student_mark.result_marks IS NULL,'-', student_mark.result_marks ),'/',total_mark.marks) AS result  FROM M_ORGANIZATION o  INNER JOIN T_COURSE_ORG as co  ON co.org_no = o.org_no  AND co.del_flg = '0'  AND o.del_flg = '0'  INNER JOIN T_COURSE as c  ON c.course_id = co.course_id  AND c.del_flg = '0'  INNER JOIN T_COURSE_DETAIL as cd  ON cd.course_id = c.course_id  AND cd.del_flg = '0'  INNER JOIN T_DETAIL as d  ON d.course_detail_no = cd.course_detail_no  AND c.course_level = d.course_level  AND c.test_kbn = d.test_kbn  AND d.del_flg = '0'  LEFT JOIN T_COURSE_DETAIL_STUDENT as cds  ON cds.offer_no = co.offer_no  AND cds.course_id = c.course_id  AND cds.course_detail_no = cd.course_detail_no  AND cds.del_flg = '0'  LEFT JOIN T_STUDENT as s  ON s.org_no = co.org_no  AND s.student_no = cds.student_no  AND s.del_flg = '0'  LEFT JOIN T_4SKILL_RESULT as r  ON r.offer_no = co.offer_no  AND r.course_id = c.course_id  AND r.course_detail_no = cd.course_detail_no  AND r.student_no = cds.student_no  AND r.del_flg = '0'  LEFT JOIN ( SELECT teacher_no,  del_flg, display_name, login_id, name, CASE WHEN school_kbn = '001' THEN 'Philippines'  WHEN school_kbn = '002' THEN 'Japan' ELSE NULL END AS school_kbn  FROM T_TEACHER) teacher  ON r.updater_id = teacher.teacher_no  AND teacher.del_flg = '0'  LEFT JOIN (  SELECT offer_no  	,course_id course_id  	,course_detail_no course_detail_no  	,student_no  	,MIN(answer_dt) answer_dt  	FROM T_4SKILL_ANSWER  	WHERE del_flg = '0'   	GROUP BY offer_no,course_id,course_detail_no,student_no ) answer  ON c.course_id = answer.course_id  AND cd.course_detail_no = answer.course_detail_no  AND co.offer_no = answer.offer_no  AND s.student_no = answer.student_no  LEFT JOIN (  	SELECT a.offer_no ,a.student_no,a.course_id,a.course_detail_no,SUM(a.marks) as result_marks  	FROM (  		SELECT skill_answer.offer_no  		,skill_answer.student_no  		,skill_answer.course_id  		,skill_answer.course_detail_no  		,skill_result_detail.rule_no  		,skill_result_detail.sub_rule_no  		,skill_result_detail.rule_detail_no  		,mark_detail.marks  		FROM T_4SKILL_ANSWER skill_answer  		LEFT JOIN T_4SKILL_RESULT skill_result  		ON skill_answer.offer_no = skill_result.offer_no  		AND skill_answer.student_no = skill_result.student_no  		AND skill_answer.course_id = skill_result.course_id  		AND skill_answer.course_detail_no = skill_result.course_detail_no  		INNER JOIN T_4SKILL_RESULT_DETAIL skill_result_detail  		ON skill_result.result_no = skill_result_detail.result_no  		INNER JOIN M_MARK_DETAIL mark_detail  		ON skill_result_detail.rule_no = mark_detail.rule_no  		AND skill_result_detail.sub_rule_no = mark_detail.sub_rule_no  		AND skill_result_detail.rule_detail_no = mark_detail.rule_detail_no  		AND skill_answer.del_flg = '0'  		AND skill_result.del_flg = '0'  		GROUP BY skill_answer.offer_no ,skill_answer.student_no ,skill_answer.course_id,mark_detail.marks  		,skill_answer.course_detail_no ,skill_result_detail.rule_no  		,skill_result_detail.sub_rule_no ,skill_result_detail.rule_detail_no  	) as a  	GROUP BY a.offer_no  ,a.student_no  ,a.course_id  ,a.course_detail_no  ) as student_mark  ON s.student_no = student_mark.student_no  AND co.offer_no = student_mark.offer_no  AND co.course_id = student_mark.course_id  AND cd.course_detail_no = student_mark.course_detail_no  LEFT JOIN  (  	SELECT mark_rule.course_level  	, mark_rule.test_kbn  	, course.course_id  	, course_detail.course_detail_no  	, SUM(mark_detail.max_marks) marks  	FROM T_COURSE course  	INNER JOIN T_COURSE_DETAIL course_detail  	ON course.course_id = course_detail.course_id  	AND course.del_flg = '0'  	AND course_detail.del_flg = '0'  	INNER JOIN T_COURSE_DETAIL_QUESTION course_detail_qa  	ON course_detail.course_detail_no = course_detail_qa.course_detail_no  	AND course_detail_qa.del_flg = '0'  	INNER JOIN T_QUESTION ques  	ON course_detail_qa.question_no = ques.question_no  	AND ques.del_flg = '0'  	INNER JOIN  M_MARK_RULE mark_rule  	ON ques.score_pattern = mark_rule.score_pattern  	AND course.course_level = mark_rule.course_level  	AND course.test_kbn = mark_rule.test_kbn  	INNER JOIN  (  		SELECT  rule_no  			,SUM(max_marks) AS max_marks  			FROM (  				SELECT rule_no  				,sub_rule_no  				,MAX(marks) AS max_marks  				FROM M_MARK_DETAIL  				WHERE del_flg = '0'  				GROUP BY rule_no,sub_rule_no) AS max  			GROUP BY rule_no  		) mark_detail  	ON mark_rule.rule_no = mark_detail.rule_no  	GROUP BY mark_rule.course_level      ,mark_rule.test_kbn, course.course_id, course_detail.course_detail_no  ) as total_mark  ON c.course_id = total_mark.course_id  AND cd.course_detail_no = total_mark.course_detail_no  AND c.course_level =  total_mark.course_level  AND c.test_kbn =  total_mark.test_kbn  WHERE  '1' = '1'  AND c.course_id = :course_id_from  AND co.end_period >= :start_period  AND co.start_period <= :end_period  AND s.login_id = :login_id_from  GROUP BY o.org_no,o.org_id,o.org_name,o.org_name_official,c.course_id,c.course_name,co_start_period,co_end_period,co.remarks,co.offer_no, d.course_detail_no, d.course_detail_name,s.student_no,s.student_name,s.login_id,cds_start_period,cds_end_period,a_answer_dt,u_update_dt,display_name,teacher.login_id,teacher_name,teacher.school_kbn ORDER BY o.org_no,co.offer_no, c.course_id, cd.disp_no, cds.course_detail_no,s.login_id
2022-06-01 13:39:17,061 DEBUG [116942] [] SearchAction end
2022-06-01 13:39:17,061 DEBUG [116942] [] CourseContractConfirmListController end
2022-06-01 13:39:17,061 DEBUG [116942] [] finally
2022-06-01 13:39:19,337 DEBUG [116942] [] Request URI : /eccadmin_dev/StudentCourseDetailEdit/index
2022-06-01 13:39:19,338 DEBUG [116942] [] StudentCourseDetailEditController start
2022-06-01 13:39:19,338 DEBUG [116942] [] controllers/StudentCourseDetailEditController.php: is exist
2022-06-01 13:39:19,342 DEBUG [116942] [] StudentCourseDetailEditForm: is exist
2022-06-01 13:39:19,342 DEBUG [116942] [] StudentCourseDetailEditForm: form value set 
2022-06-01 13:39:19,343 DEBUG [116942] [] ------------------------------/eccadmin_dev/StudentCourseDetailEdit/index
2022-06-01 13:39:19,343 DEBUG [116942] [] ------------------------------session_check_true
2022-06-01 13:39:19,343 DEBUG [116942] [] indexAction start
2022-06-01 13:39:19,343 DEBUG [116942] [] admin_no is 1
2022-06-01 13:39:19,345 DEBUG [116942] []  SELECT DISTINCT m_org.org_no  ,m_org.org_id  ,m_org.org_name  ,m_org.org_name_official  ,course.course_id  ,course.course_name  ,course.remarks  ,detail.course_detail_name  ,detail.course_detail_romaji  ,detail.course_detail_no  ,course_detail.disp_no  ,detail.status  ,(SELECT name FROM M_TYPE a WHERE category=:course_level AND a.type=detail.course_level) AS course_level  ,(SELECT name FROM M_TYPE a WHERE category=:test_kbn AND a.type=detail.test_kbn) AS test_kbn  ,date_format(course_org.start_period,'%Y/%m/%d') AS start_period  ,date_format(course_org.end_period,'%Y/%m/%d') AS end_period  ,student.student_no  ,student.student_name  ,student.student_name_romaji  ,student.login_id  ,date_format(detail_student.start_period,'%Y/%m/%d') AS stu_course_start_period ,date_format(detail_student.end_period,'%Y/%m/%d') AS stu_course_end_period ,date_format(skill_answer.answer_dt,'%Y/%m/%d') AS answer_dt  ,date_format(skill_result.update_dt,'%Y/%m/%d') AS update_dt FROM T_COURSE course  LEFT JOIN T_COURSE_ORG as course_org  ON course_org.course_id = course.course_id  LEFT JOIN M_ORGANIZATION as m_org  ON course_org.org_no = m_org.org_no  LEFT JOIN T_COURSE_DETAIL as course_detail   ON course.course_id = course_detail.course_id   LEFT JOIN T_DETAIL as detail  ON course_detail.course_detail_no = detail.course_detail_no  LEFT JOIN T_COURSE_DETAIL_STUDENT as detail_student  ON detail_student.offer_no = course_org.offer_no  AND detail_student.org_no = m_org.org_no  AND detail_student.course_id = course.course_id  AND detail_student.course_detail_no = course_detail.course_detail_no  LEFT JOIN T_STUDENT as student ON detail_student.student_no = student.student_no  AND m_org.org_no = student.org_no LEFT JOIN (  SELECT answer.offer_no offer_no  ,answer.course_id course_id  ,answer.course_detail_no course_detail_no  ,answer.student_no student_no  ,MIN(answer.answer_dt) answer_dt  FROM T_COURSE_DETAIL_QUESTION cdques   LEFT JOIN T_4SKILL_ANSWER as answer ON answer.course_detail_no = cdques.course_detail_no  AND answer.question_no = cdques.question_no  AND answer.del_flg = 0  AND cdques.del_flg = 0  GROUP BY offer_no ,course_id ,course_detail_no, student_no ) skill_answer  ON skill_answer.offer_no = course_org.offer_no  AND skill_answer.student_no = student.student_no  AND skill_answer.course_id = course.course_id  AND skill_answer.course_detail_no = course_detail.course_detail_no  LEFT JOIN T_4SKILL_RESULT as skill_result ON skill_result.offer_no = course_org.offer_no  AND skill_result.student_no = student.student_no  AND skill_result.course_id = course.course_id  AND skill_result.course_detail_no = course_detail.course_detail_no  AND skill_result.del_flg = 0  WHERE course.course_id = :course_id  AND course_detail.course_detail_no = :course_detail_no  AND student.student_no = :student_no  AND m_org.org_no = :org_no  AND course_org.offer_no = :offer_no  AND course.del_flg = '0'  AND course_detail.del_flg = '0'  AND detail.del_flg = '0'  AND detail_student.del_flg = '0'  AND m_org.del_flg = '0'  GROUP BY  org_no,org_id, org_name,org_name_official,course_id,course_name,remarks,course_detail_name,course_detail_romaji,course_detail_no,disp_no,status,course_level,test_kbn,start_period,end_period,student_no,student_name,login_id,stu_course_end_period,stu_course_start_period,answer_dt,update_dt ORDER BY  course_detail.disp_no ASC 
2022-06-01 13:39:19,636 DEBUG [116942] []  SELECT DISTINCT m_org.org_no  ,m_org.org_id  ,m_org.org_name  ,m_org.org_name_official  ,course.course_id  ,course.course_name  ,course.remarks  ,detail.course_detail_name  ,detail.course_detail_romaji  ,detail.course_detail_no  ,course_detail.disp_no  ,detail.status  ,(SELECT name FROM M_TYPE a WHERE category=:course_level AND a.type=detail.course_level) AS course_level  ,(SELECT name FROM M_TYPE a WHERE category=:test_kbn AND a.type=detail.test_kbn) AS test_kbn  ,date_format(course_org.start_period,'%Y/%m/%d') AS start_period  ,date_format(course_org.end_period,'%Y/%m/%d') AS end_period  ,student.student_no  ,student.student_name  ,student.student_name_romaji  ,student.login_id  ,date_format(detail_student.start_period,'%Y/%m/%d') AS stu_course_start_period ,date_format(detail_student.end_period,'%Y/%m/%d') AS stu_course_end_period ,date_format(skill_answer.answer_dt,'%Y/%m/%d') AS answer_dt  ,date_format(skill_result.update_dt,'%Y/%m/%d') AS update_dt FROM T_COURSE course  LEFT JOIN T_COURSE_ORG as course_org  ON course_org.course_id = course.course_id  LEFT JOIN M_ORGANIZATION as m_org  ON course_org.org_no = m_org.org_no  LEFT JOIN T_COURSE_DETAIL as course_detail   ON course.course_id = course_detail.course_id   LEFT JOIN T_DETAIL as detail  ON course_detail.course_detail_no = detail.course_detail_no  LEFT JOIN T_COURSE_DETAIL_STUDENT as detail_student  ON detail_student.offer_no = course_org.offer_no  AND detail_student.org_no = m_org.org_no  AND detail_student.course_id = course.course_id  AND detail_student.course_detail_no = course_detail.course_detail_no  LEFT JOIN T_STUDENT as student ON detail_student.student_no = student.student_no  AND m_org.org_no = student.org_no LEFT JOIN (  SELECT answer.offer_no offer_no  ,answer.course_id course_id  ,answer.course_detail_no course_detail_no  ,answer.student_no student_no  ,MIN(answer.answer_dt) answer_dt  FROM T_COURSE_DETAIL_QUESTION cdques   LEFT JOIN T_4SKILL_ANSWER as answer ON answer.course_detail_no = cdques.course_detail_no  AND answer.question_no = cdques.question_no  AND answer.del_flg = 0  AND cdques.del_flg = 0  GROUP BY offer_no ,course_id ,course_detail_no, student_no ) skill_answer  ON skill_answer.offer_no = course_org.offer_no  AND skill_answer.student_no = student.student_no  AND skill_answer.course_id = course.course_id  AND skill_answer.course_detail_no = course_detail.course_detail_no  LEFT JOIN T_4SKILL_RESULT as skill_result ON skill_result.offer_no = course_org.offer_no  AND skill_result.student_no = student.student_no  AND skill_result.course_id = course.course_id  AND skill_result.course_detail_no = course_detail.course_detail_no  AND skill_result.del_flg = 0  WHERE course.course_id = :course_id  AND student.student_no = :student_no  AND m_org.org_no = :org_no  AND course_org.offer_no = :offer_no  AND course.del_flg = '0'  AND course_detail.del_flg = '0'  AND detail.del_flg = '0'  AND detail_student.del_flg = '0'  AND m_org.del_flg = '0'  GROUP BY  org_no,org_id, org_name,org_name_official,course_id,course_name,remarks,course_detail_name,course_detail_romaji,course_detail_no,disp_no,status,course_level,test_kbn,start_period,end_period,student_no,student_name,login_id,stu_course_end_period,stu_course_start_period,answer_dt,update_dt ORDER BY  course_detail.disp_no ASC 
2022-06-01 13:39:19,930 DEBUG [116942] []  SELECT DISTINCT m_org.org_no  ,m_org.org_id  ,m_org.org_name  ,m_org.org_name_official  ,course.course_id  ,course.course_name  ,course.remarks  ,detail.course_detail_name  ,detail.course_detail_romaji  ,detail.course_detail_no  ,course_detail.disp_no  ,detail.status  ,(SELECT name FROM M_TYPE a WHERE category=:course_level AND a.type=detail.course_level) AS course_level  ,(SELECT name FROM M_TYPE a WHERE category=:test_kbn AND a.type=detail.test_kbn) AS test_kbn  ,date_format(course_org.start_period,'%Y/%m/%d') AS start_period  ,date_format(course_org.end_period,'%Y/%m/%d') AS end_period  ,student.student_no  ,student.student_name  ,student.student_name_romaji  ,student.login_id  ,date_format(detail_student.start_period,'%Y/%m/%d') AS stu_course_start_period ,date_format(detail_student.end_period,'%Y/%m/%d') AS stu_course_end_period ,date_format(skill_answer.answer_dt,'%Y/%m/%d') AS answer_dt  ,date_format(skill_result.update_dt,'%Y/%m/%d') AS update_dt FROM T_COURSE course  LEFT JOIN T_COURSE_ORG as course_org  ON course_org.course_id = course.course_id  LEFT JOIN M_ORGANIZATION as m_org  ON course_org.org_no = m_org.org_no  LEFT JOIN T_COURSE_DETAIL as course_detail   ON course.course_id = course_detail.course_id   LEFT JOIN T_DETAIL as detail  ON course_detail.course_detail_no = detail.course_detail_no  LEFT JOIN T_COURSE_DETAIL_STUDENT as detail_student  ON detail_student.offer_no = course_org.offer_no  AND detail_student.org_no = m_org.org_no  AND detail_student.course_id = course.course_id  AND detail_student.course_detail_no = course_detail.course_detail_no  LEFT JOIN T_STUDENT as student ON detail_student.student_no = student.student_no  AND m_org.org_no = student.org_no LEFT JOIN (  SELECT answer.offer_no offer_no  ,answer.course_id course_id  ,answer.course_detail_no course_detail_no  ,answer.student_no student_no  ,MIN(answer.answer_dt) answer_dt  FROM T_COURSE_DETAIL_QUESTION cdques   LEFT JOIN T_4SKILL_ANSWER as answer ON answer.course_detail_no = cdques.course_detail_no  AND answer.question_no = cdques.question_no  AND answer.del_flg = 0  AND cdques.del_flg = 0  GROUP BY offer_no ,course_id ,course_detail_no, student_no ) skill_answer  ON skill_answer.offer_no = course_org.offer_no  AND skill_answer.student_no = student.student_no  AND skill_answer.course_id = course.course_id  AND skill_answer.course_detail_no = course_detail.course_detail_no  LEFT JOIN T_4SKILL_RESULT as skill_result ON skill_result.offer_no = course_org.offer_no  AND skill_result.student_no = student.student_no  AND skill_result.course_id = course.course_id  AND skill_result.course_detail_no = course_detail.course_detail_no  AND skill_result.del_flg = 0  WHERE course.course_id = :course_id  AND course_detail.course_detail_no = :course_detail_no  AND student.student_no = :student_no  AND m_org.org_no = :org_no  AND course_org.offer_no = :offer_no  AND course.del_flg = '0'  AND course_detail.del_flg = '0'  AND detail.del_flg = '0'  AND detail_student.del_flg = '0'  AND m_org.del_flg = '0'  GROUP BY  org_no,org_id, org_name,org_name_official,course_id,course_name,remarks,course_detail_name,course_detail_romaji,course_detail_no,disp_no,status,course_level,test_kbn,start_period,end_period,student_no,student_name,login_id,stu_course_end_period,stu_course_start_period,answer_dt,update_dt ORDER BY  course_detail.disp_no ASC 
2022-06-01 13:39:20,258 DEBUG [116942] [] indexAction end
2022-06-01 13:39:20,259 DEBUG [116942] [] StudentCourseDetailEditController end
2022-06-01 13:39:20,259 DEBUG [116942] [] finally
2022-06-01 13:41:09,076 DEBUG [116629] [] Request URI : /eccadmin_dev/CourseList
2022-06-01 13:41:09,077 DEBUG [116629] [] CourseListController start
2022-06-01 13:41:09,077 DEBUG [116629] [] controllers/CourseListController.php: is exist
2022-06-01 13:41:09,080 DEBUG [116629] [] CourseListForm: is exist
2022-06-01 13:41:09,081 DEBUG [116629] [] CourseListForm: form value set 
2022-06-01 13:41:09,081 DEBUG [116629] [] ------------------------------/eccadmin_dev/CourseList
2022-06-01 13:41:09,081 DEBUG [116629] [] indexAction start
2022-06-01 13:41:09,082 DEBUG [116629] [] admin_no is 1
2022-06-01 13:41:09,192 DEBUG [116629] [] indexAction end
2022-06-01 13:41:09,192 DEBUG [116629] [] CourseListController end
2022-06-01 13:41:09,192 DEBUG [116629] [] finally
2022-06-01 13:41:12,232 DEBUG [116629] [] Request URI : /eccadmin_dev/CourseList/Search
2022-06-01 13:41:12,232 DEBUG [116629] [] CourseListController start
2022-06-01 13:41:12,232 DEBUG [116629] [] controllers/CourseListController.php: is exist
2022-06-01 13:41:12,236 DEBUG [116629] [] CourseListForm: is exist
2022-06-01 13:41:12,236 DEBUG [116629] [] CourseListForm: form value set 
2022-06-01 13:41:12,237 DEBUG [116629] [] ------------------------------/eccadmin_dev/CourseList/Search
2022-06-01 13:41:12,237 DEBUG [116629] [] SearchAction start
2022-06-01 13:41:12,237 DEBUG [116629] [] admin_no is 1
2022-06-01 13:41:12,347 DEBUG [116629] [] SearchAction end
2022-06-01 13:41:12,347 DEBUG [116629] [] CourseListController end
2022-06-01 13:41:12,348 DEBUG [116629] [] finally
2022-06-01 13:41:14,285 DEBUG [116629] [] Request URI : /eccadmin_dev/CourseRegist/index
2022-06-01 13:41:14,285 DEBUG [116629] [] CourseRegistController start
2022-06-01 13:41:14,285 DEBUG [116629] [] controllers/CourseRegistController.php: is exist
2022-06-01 13:41:14,289 DEBUG [116629] [] CourseRegistForm: is exist
2022-06-01 13:41:14,289 DEBUG [116629] [] CourseRegistForm: form value set 
2022-06-01 13:41:14,290 DEBUG [116629] [] ------------------------------/eccadmin_dev/CourseRegist/index
2022-06-01 13:41:14,290 DEBUG [116629] [] ------------------------------session_check_true
2022-06-01 13:41:14,290 DEBUG [116629] [] indexAction start
2022-06-01 13:41:14,290 DEBUG [116629] [] admin_no is 1
2022-06-01 13:41:14,364 DEBUG [116629] [] indexAction end
2022-06-01 13:41:14,365 DEBUG [116629] [] CourseRegistController end
2022-06-01 13:41:14,365 DEBUG [116629] [] finally
2022-06-01 13:49:23,402 DEBUG [117250] [] Request URI : /eccadmin_dev/CourseList/search
2022-06-01 13:49:23,403 DEBUG [117250] [] CourseListController start
2022-06-01 13:49:23,403 DEBUG [117250] [] controllers/CourseListController.php: is exist
2022-06-01 13:49:23,407 DEBUG [117250] [] CourseListForm: is exist
2022-06-01 13:49:23,407 DEBUG [117250] [] CourseListForm: form value set 
2022-06-01 13:49:23,407 DEBUG [117250] [] ------------------------------/eccadmin_dev/CourseList/search
2022-06-01 13:49:23,408 DEBUG [117250] [] searchAction start
2022-06-01 13:49:23,408 DEBUG [117250] [] admin_no is 1
2022-06-01 13:49:23,518 DEBUG [117250] [] searchAction end
2022-06-01 13:49:23,518 DEBUG [117250] [] CourseListController end
2022-06-01 13:49:23,518 DEBUG [117250] [] finally
2022-06-01 14:01:26,522 DEBUG [117383] [] Request URI : /eccadmin_dev/Login/logout
2022-06-01 14:01:26,522 DEBUG [117383] [] LoginController start
2022-06-01 14:01:26,522 DEBUG [117383] [] controllers/LoginController.php: is exist
2022-06-01 14:01:26,523 DEBUG [117383] [] LoginForm: is exist
2022-06-01 14:01:26,523 DEBUG [117383] [] LoginForm: form value set 
2022-06-01 14:01:26,523 DEBUG [117383] [] ------------------------------/eccadmin_dev/Login/logout
2022-06-01 14:01:26,524 DEBUG [117383] [] ------------------------------login_start_check
2022-06-01 14:01:26,524 DEBUG [117383] [] logoutAction start
2022-06-01 14:01:26,524 DEBUG [117383] [] logoutAction end
2022-06-01 14:01:26,524 DEBUG [117383] [] LoginController end
2022-06-01 14:01:26,524 DEBUG [117383] [] finally
2022-06-01 14:01:26,545 DEBUG [117383] [] Request URI : /eccadmin_dev/Login
2022-06-01 14:01:26,545 DEBUG [117383] [] LoginController start
2022-06-01 14:01:26,545 DEBUG [117383] [] controllers/LoginController.php: is exist
2022-06-01 14:01:26,545 DEBUG [117383] [] LoginForm: is exist
2022-06-01 14:01:26,545 DEBUG [117383] [] LoginForm: form value set 
2022-06-01 14:01:26,546 DEBUG [117383] [] ------------------------------/eccadmin_dev/Login
2022-06-01 14:01:26,546 DEBUG [117383] [] ------------------------------login_start_check
2022-06-01 14:01:26,546 DEBUG [117383] [] indexAction start
2022-06-01 14:01:26,560 DEBUG [117383] [] indexAction end
2022-06-01 14:01:26,560 DEBUG [117383] [] LoginController end
2022-06-01 14:01:26,560 DEBUG [117383] [] finally
