2022-02-28 10:34:47,530 DEBUG [191767] [] Request URI : /eccadmin_dev/AtReportList
2022-02-28 10:34:47,556 DEBUG [191767] [] AtReportListController start
2022-02-28 10:34:47,556 DEBUG [191767] [] controllers/AtReportListController.php: is exist
2022-02-28 10:34:47,564 DEBUG [191767] [] AtReportListForm: is exist
2022-02-28 10:34:47,565 DEBUG [191767] [] AtReportListForm: form value set 
2022-02-28 10:34:47,565 DEBUG [191767] [] ------------------------------/eccadmin_dev/AtReportList
2022-02-28 10:34:47,565 DEBUG [191767] [] indexAction start
2022-02-28 10:34:47,565 DEBUG [191767] [] admin_no is 
2022-02-28 10:34:47,566 DEBUG [191767] [] indexAction end
2022-02-28 10:34:47,566 DEBUG [191767] [] AtReportListController end
2022-02-28 10:34:47,566 DEBUG [191767] [] finally
2022-02-28 10:34:47,593 DEBUG [191767] [] Request URI : /eccadmin_dev/Error/disp
2022-02-28 10:34:47,593 DEBUG [191767] [] ErrorController start
2022-02-28 10:34:47,593 DEBUG [191767] [] controllers/ErrorController.php: is exist
2022-02-28 10:34:47,593 DEBUG [191767] [] ErrorForm: is exist
2022-02-28 10:34:47,594 DEBUG [191767] [] ErrorForm: form value set 
2022-02-28 10:34:47,594 DEBUG [191767] [] ------------------------------/eccadmin_dev/Error/disp
2022-02-28 10:34:47,594 DEBUG [191767] [] ------------------------------login_start_check
2022-02-28 10:34:47,594 DEBUG [191767] [] dispAction start
2022-02-28 10:34:47,658 DEBUG [191767] [] dispAction end
2022-02-28 10:34:47,658 DEBUG [191767] [] ErrorController end
2022-02-28 10:34:47,658 DEBUG [191767] [] finally
2022-02-28 11:10:08,282 DEBUG [192692] [] Request URI : /eccadmin_dev/Error/disp
2022-02-28 11:10:08,282 DEBUG [192692] [] ErrorController start
2022-02-28 11:10:08,282 DEBUG [192692] [] controllers/ErrorController.php: is exist
2022-02-28 11:10:08,283 DEBUG [192692] [] ErrorForm: is exist
2022-02-28 11:10:08,283 DEBUG [192692] [] ErrorForm: form value set 
2022-02-28 11:10:08,283 DEBUG [192692] [] ------------------------------/eccadmin_dev/Error/disp
2022-02-28 11:10:08,283 DEBUG [192692] [] ------------------------------login_start_check
2022-02-28 11:10:08,283 DEBUG [192692] [] dispAction start
2022-02-28 11:10:08,296 DEBUG [192692] [] dispAction end
2022-02-28 11:10:08,297 DEBUG [192692] [] ErrorController end
2022-02-28 11:10:08,297 DEBUG [192692] [] finally
2022-02-28 11:10:10,301 DEBUG [192696] [] Request URI : /eccadmin_dev/Login
2022-02-28 11:10:10,305 DEBUG [192696] [] LoginController start
2022-02-28 11:10:10,305 DEBUG [192696] [] controllers/LoginController.php: is exist
2022-02-28 11:10:10,310 DEBUG [192696] [] LoginForm: is exist
2022-02-28 11:10:10,310 DEBUG [192696] [] LoginForm: form value set 
2022-02-28 11:10:10,310 DEBUG [192696] [] ------------------------------/eccadmin_dev/Login
2022-02-28 11:10:10,311 DEBUG [192696] [] ------------------------------login_start_check
2022-02-28 11:10:10,311 DEBUG [192696] [] indexAction start
2022-02-28 11:10:10,325 DEBUG [192696] [] indexAction end
2022-02-28 11:10:10,326 DEBUG [192696] [] LoginController end
2022-02-28 11:10:10,326 DEBUG [192696] [] finally
2022-02-28 12:28:40,933 DEBUG [193642] [] Request URI : /eccadmin_dev/Login
2022-02-28 12:28:40,934 DEBUG [193642] [] LoginController start
2022-02-28 12:28:40,934 DEBUG [193642] [] controllers/LoginController.php: is exist
2022-02-28 12:28:40,934 DEBUG [193642] [] LoginForm: is exist
2022-02-28 12:28:40,934 DEBUG [193642] [] LoginForm: form value set 
2022-02-28 12:28:40,935 DEBUG [193642] [] ------------------------------/eccadmin_dev/Login
2022-02-28 12:28:40,935 DEBUG [193642] [] ------------------------------login_start_check
2022-02-28 12:28:40,935 DEBUG [193642] [] indexAction start
2022-02-28 12:28:40,951 DEBUG [193642] [] indexAction end
2022-02-28 12:28:40,951 DEBUG [193642] [] LoginController end
2022-02-28 12:28:40,951 DEBUG [193642] [] finally
